ARM GAS  C:\Users\JEFFSN~1\AppData\Local\Temp\ccReh9sY.s 			page 1


   1              		.syntax unified
   2              		.cpu cortex-m3
   3              		.fpu softvfp
   4              		.eabi_attribute 20, 1
   5              		.eabi_attribute 21, 1
   6              		.eabi_attribute 23, 3
   7              		.eabi_attribute 24, 1
   8              		.eabi_attribute 25, 1
   9              		.eabi_attribute 26, 1
  10              		.eabi_attribute 30, 2
  11              		.eabi_attribute 34, 1
  12              		.eabi_attribute 18, 4
  13              		.thumb
  14              		.syntax unified
  15              		.file	"ADC_SAR_Seq_1_FinalBuf_dma.c"
  16              		.text
  17              	.Ltext0:
  18              		.section	.gnu.lto_.profile.a80cc12f,"",%progbits
  19 0000 789C6361 		.ascii	"x\234ca`d`a`\000\222\266\342\000\000\373\000_"
  19      60646061 
  19      600092B6 
  19      E20000FB 
  19      005F
  20              		.text
  21              		.section	.gnu.lto_.icf.a80cc12f,"",%progbits
  22 0000 789C6361 		.ascii	"x\234ca`d\000\001\021\006\004`fx\367\361\312&n\306\356"
  22      60640001 
  22      11060460 
  22      6678F7F1 
  22      CA266EC6 
  23 0015 396D3758 		.ascii	"9m7X\231n\256\3765\235\223\001\000e*\0118"
  23      996EAEFE 
  23      359D9301 
  23      00652A09 
  23      38
  24              		.text
  25              		.section	.gnu.lto_.jmpfuncs.a80cc12f,"",%progbits
  26 0000 789C6361 		.ascii	"x\234ca`d\000\201V\006\004`b`a\004\002~\020\301\002"
  26      60640081 
  26      56060460 
  26      62606104 
  26      027E10C1 
  27 0015 E433FE65 		.ascii	"\3443\376eb<\372\377\373\001\376/L\255\314\014\214L"
  27      623CFAFF 
  27      FB01FE2F 
  27      4CADCC0C 
  27      8C4C
  28 0027 8CCB1965 		.ascii	"\214\313\031e\030\030\330@*+\231\300$3\220\344\001)"
  28      1818D840 
  28      2A2B99C0 
  28      243390E4 
  28      0129
  29 0039 7BF27BED 		.ascii	"{\362{\355.>\21026\306\025 eL\225`#+A\3260B\204@\012"
  29      2E3E8832 
  29      36C61520 
  29      654C9560 
  29      232B41D6 
ARM GAS  C:\Users\JEFFSN~1\AppData\Local\Temp\ccReh9sY.s 			page 2


  30 0052 D7BFD9F9 		.ascii	"\327\277\331\371\223\027\242\220\201q%X\024B1\201\021"
  30      9317A290 
  30      81712558 
  30      14423181 
  30      11
  31 0063 0303009F 		.ascii	"\003\003\000\237&\030U"
  31      261855
  32              		.text
  33              		.section	.gnu.lto_.inline.a80cc12f,"",%progbits
  34 0000 789C6361 		.ascii	"x\234ca`d\000\001\177\006\004`b`\020\325gd`\3428`\307"
  34      60640001 
  34      7F060460 
  34      626010D5 
  34      676460E2 
  35 0017 C0B6409E 		.ascii	"\300\266@\236\011$\306\314\003\024\237\340\307\300\302"
  35      0924C6CC 
  35      03149FE0 
  35      C7C0C2
  36 0026 0B644FF0 		.ascii	"\013dO\360\003Av\001\006\0066\006\020\013\254\207\215"
  36      03417601 
  36      06063606 
  36      100BAC87 
  36      8D
  37 0037 0FA885E9 		.ascii	"\017\250\205\351\002?\\\013\0237\003\003#P\022\000\264"
  37      023F5C0B 
  37      13370303 
  37      23501200 
  37      B4
  38 0048 960A8E   		.ascii	"\226\012\216"
  39              		.text
  40              		.section	.gnu.lto_.pureconst.a80cc12f,"",%progbits
  41 0000 789C6361 		.ascii	"x\234ca`d`e```b\220`\222\000\000\000\347\000?"
  41      60646065 
  41      60606062 
  41      90609200 
  41      0000E700 
  42              		.text
  43              		.section	.gnu.lto_ADC_SAR_Seq_1_FinalBuf_DmaInitialize.a80cc12f,"",%progbits
  44 0000 789C9592 		.ascii	"x\234\225\222KL\023Q\024\206\357\271\267\355\224i)\354"
  44      4B4C1351 
  44      1486EFB9 
  44      B7ED9469 
  44      29EC
  45 0012 5CC8C21D 		.ascii	"\\\310\302\035\2621\0305\272\345\021\335\"\215;L\323"
  45      B2311835 
  45      BAE511DD 
  45      228D3B4C 
  45      D3
  46 0023 B46362A2 		.ascii	"\264cb\242-L\333u/\324\252$.$\001\224\005\0225\004T"
  46      2D4CDB75 
  46      2FD4AA24 
  46      2E240194 
  46      05123504 
  47 0038 A0E2BB55 		.ascii	"\240\342\273U\261\365\235H$(\304\205.\324\030b\010\011"
  47      B1F59D48 
  47      2428C485 
  47      2ED41862 
ARM GAS  C:\Users\JEFFSN~1\AppData\Local\Temp\ccReh9sY.s 			page 3


  47      0809
  48 004a 8F14881A 		.ascii	"\217\024\210\032\034\317\271\255h\002\033&\231\314\235"
  48      1CCFB9AD 
  48      68021B26 
  48      99CC9D
  49 0059 33E7FFFF 		.ascii	"3\347\377\377\357\334\2716\006\214\256\021\301X\013"
  49      EFDCB936 
  49      068CAE11 
  49      C1580B
  50 0068 3EB7E30D 		.ascii	">\267\343\015\202\001?\377\226\261V'\007\240\205t\002"
  50      82013FFF 
  50      96B15627 
  50      07A08574 
  50      02
  51 0079 8B7388C3 		.ascii	"\213s\210\3032_\343\360f\365\3659\275j@\3126\371\271"
  51      325FE3F0 
  51      66F5F539 
  51      BD6A40CA 
  51      36F9B9
  52 008c 7FE9C085 		.ascii	"\177\351\300\205\301,$Qnq\006{*\240\272\202,\006\240"
  52      C12C2451 
  52      6E71067B 
  52      2AA0BA82 
  52      2C06A0
  53 009f 0A3BA786 		.ascii	"\012;\247\206&\332=b?0\\_\352\034\317\213\312~R\311"
  53      26DA3D62 
  53      3F305C5F 
  53      EA1CCF8B 
  53      CA7E52C9 
  54 00b3 E9A352A0 		.ascii	"\351\243R\240\004\006A\374S\221\007\\\203J\354\235\177"
  54      040641FC 
  54      5391075C 
  54      834AEC9D 
  54      7F
  55 00c4 7F659BA8 		.ascii	"\177e\233\250U\262\216\276W\263\366\242\254\347\245"
  55      55B28EBE 
  55      57B3F6A2 
  55      ACE7A5
  56 00d3 4B5693EE 		.ascii	"KV\223\356\372\006\335\015\245{a\255f\313\362<)\000"
  56      FA06DD0D 
  56      A57B61AD 
  56      66CBF23C 
  56      2900
  57 00e5 08F4DDC2 		.ascii	"\010\364\335\302x\257\213^9\224\343\353\334\325\313"
  57      78AF8B5E 
  57      3994E3EB 
  57      DCD5CB
  58 00f4 536E7158 		.ascii	"SnqX\331\266\255-\215y\212\266\253\247\335\262!)\004"
  58      D9B6AD2D 
  58      8D798AB6 
  58      ABA7DDB2 
  58      212904
  59 0107 8C146C87 		.ascii	"\214\024l\207\241\002\206\200\2141*\245\2143?g\346="
  59      A1028680 
  59      8C312AA5 
  59      8C333F67 
  59      E63D
ARM GAS  C:\Users\JEFFSN~1\AppData\Local\Temp\ccReh9sY.s 			page 4


  60 0119 C2AFA49D 		.ascii	"\302\257\244\235\317\322\326_\242\017g\212\322\233\233"
  60      CFD2D65F 
  60      A20F678A 
  60      D29B9B
  61 0128 4847A192 		.ascii	"HG\241\222\372\277\216\376\356*u\234\222x\355\240MB"
  61      FABF8EFE 
  61      EE2A759C 
  61      9278EDA0 
  61      4D42
  62 013a DA5BE0A0 		.ascii	"\332[\340\240mO5f\245e%d\266K\313}\322J\221\032\307"
  62      6D4F3566 
  62      A5652564 
  62      B64BCB7D 
  62      D24A911A 
  63 014f B7010DE3 		.ascii	"\267\001\015\343@\013\233\006\024\357\004r\322\251\340"
  63      400B9B06 
  63      14EF0472 
  63      D2A9E0
  64 015e 56C3B205 		.ascii	"V\303\262\0054\241\337\262\3109=\305\014\264\345\027"
  64      34A1DFB2 
  64      C8393DC5 
  64      0CB4E517 
  65 016e 66BE9490 		.ascii	"f\276\224\220/\006v'\237Nh4\266]\361\246\323s\037\265"
  65      2F067627 
  65      9F4E6834 
  65      B65DF1A6 
  65      D3731FB5 
  66 0182 F89A3C2B 		.ascii	"\370\232<+e9\326\332\311\001\313\263\343\323\317\365"
  66      6539D6DA 
  66      C901CBB3 
  66      E3D3CFF5 
  67 0192 3EE86D95 		.ascii	">\350m\225\252\316\340\016\376\337\333\310\316\340."
  67      AACEE00E 
  67      FEDFDBC8 
  67      CEE02E
  68 01a1 F401767C 		.ascii	"\364\001v|\3735\234\361\220\217\015q\357\341\227\357"
  68      FB359CF1 
  68      908F0D71 
  68      EFE197EF 
  69 01b1 D0232FAE 		.ascii	"\320#/\256\354\244\230\215\306\016\213\343Lp\037\342"
  69      ECA4988D 
  69      C60E8BE3 
  69      4C701FE2 
  70 01c1 8C9A1342 		.ascii	"\214\232\023B$P\210+\354L\315\245\177\224\026\234\030"
  70      2450882B 
  70      EC4CCDA5 
  70      7F94169C 
  70      18
  71 01d2 3CC03DC2 		.ascii	"<\300=\302;)4\206\340\335\035y \303\204pl\2015\275\316"
  71      3B293486 
  71      E0DD1D79 
  71      20C38470 
  71      6C8135BD 
  72 01e7 9A415604 		.ascii	"\232AV\004sl\016\345\264p\213\030<D(\014H\010-!\234"
  72      736C0EE5 
  72      B4708B18 
  72      3C44280C 
ARM GAS  C:\Users\JEFFSN~1\AppData\Local\Temp\ccReh9sY.s 			page 5


  72      48082D21 
  73 01fc 4951A282 		.ascii	"IQ\242\202'\227\213\301\372\026\202\037\255\007?.\004"
  73      27978BC1 
  73      FA16821F 
  73      AD073F2E 
  73      04
  74 020d DB370FD6 		.ascii	"\3337\017\326-N\307rL\005\353\377\037M\033pxB\343\273"
  74      2D4EC772 
  74      4C05EBFF 
  74      1F4D1B70 
  74      7842E3BB 
  75 0221 14C5E24A 		.ascii	"\024\305\342JN\0240\334[\300\310\256c\344\010c\026="
  75      4E1430DC 
  75      5BC0C8AE 
  75      63E40863 
  75      163D
  76 0233 0B1E4C1D 		.ascii	"\013\036L\035\017\240c\201\203\357=d\204\014\323\037"
  76      0FA06381 
  76      83EF3D64 
  76      840CD31F 
  77 0243 35823E6F 		.ascii	"5\202>o8f\006\214\246\006o\270n_SM}\235\317[\323\350"
  77      3866068C 
  77      A6066FB8 
  77      6E5F534D 
  77      7D9DCF5B 
  78 0259 F31A2DBE 		.ascii	"\363\032-\276\335\276\203\307C\376\023\265\261c\276"
  78      DDBE83C7 
  78      43FE13B5 
  78      B163BE
  79 0268 E049FFAE 		.ascii	"\340I\377\256\000\323kcf$Z\027\216\205\242\236F\243"
  79      00D36B63 
  79      66245A17 
  79      8E85A29E 
  79      46A3
  80 027a C588441B 		.ascii	"\305\210D\033\014S\325\312\21647\033\246\327\014\324"
  80      0C53D5CA 
  80      8E34371B 
  80      A6D70CD4 
  81 028a 0483A611 		.ascii	"\004\203\246\021\211\224\253\367z\354(\026\376\000\203"
  81      8994ABF7 
  81      7AEC2816 
  81      FE0083
  82 0299 F563F5   		.ascii	"\365c\365"
  83              		.text
  84              		.section	.gnu.lto_ADC_SAR_Seq_1_FinalBuf_DmaRelease.a80cc12f,"",%progbits
  85 0000 789C654E 		.ascii	"x\234eN;H\003A\024|\263{&\341@\260\327\3026\215\020"
  85      3B480341 
  85      147CB37B 
  85      26E140B0 
  85      D7C2368D 
  86 0015 50FB1851 		.ascii	"P\373\030Q\260\222\\\0338\216\344\004A\023\014\246\276"
  86      B0925C1B 
  86      388EE404 
  86      41130CA6 
  86      BE
  87 0026 4DE2A176 		.ascii	"M\342\241v6\246\223t&~@\304\306\353\316`\351\247\262"
  87      36A69374 
ARM GAS  C:\Users\JEFFSN~1\AppData\Local\Temp\ccReh9sY.s 			page 6


  87      267E40C4 
  87      C6EBCE60 
  87      E9A7B2
  88 0039 B2118B20 		.ascii	"\262\021\213 \301\"\001-\343\371\366,\035X\3362o\336"
  88      C122012D 
  88      E3F9F62C 
  88      1D58DE32 
  88      6FDE
  89 004b CC1804D2 		.ascii	"\314\030\004\322H\360X\3449\315\017\222 \216\236\210"
  89      48F058E4 
  89      39CD0F92 
  89      208E9E88 
  90 005b EA2901E8 		.ascii	"\352)\001\350\217J\201<\001\017\337b,\320\333\357\007"
  90      8F4A813C 
  90      010FDF62 
  90      2CD0DBEF 
  90      07
  91 006c 22DD518C 		.ascii	"\"\335Q\2147\3774\243\272!|I\024\211\330\211\320A\232"
  91      37FF34A3 
  91      BA217C49 
  91      1489D889 
  91      D0419A
  92 007f 58F67EFD 		.ascii	"X\366~\375s<\231\330\323\262\331\277%\272\3209t\225"
  92      733C99D8 
  92      D3B2D9BF 
  92      25BAD039 
  92      7495
  93 0091 0F551435 		.ascii	"\017U\0245Uxc\336\335\232\206 _2=d\211\016\033\011\241"
  93      557863DE 
  93      DD9A8620 
  93      5F323D64 
  93      890E1B09 
  94 00a6 A7ECA3D1 		.ascii	"\247\354\243\321\032=\346\365QS\352\334\226\337{N~\011"
  94      1A3DE6F5 
  94      5153EADC 
  94      96DF7B4E 
  94      7E09
  95 00b8 5F0A68FF 		.ascii	"_\012h\377 \370|Mzcu\240\324\024s\207\\A\323\203\207"
  95      20F87C4D 
  95      7A6375A0 
  95      D4147387 
  95      5C41D383 
  96 00cd 977BB38D 		.ascii	"\227{\263\215\223\272\212y\211s\356}\206\031\216\277"
  96      93BA8A79 
  96      8973EE7D 
  96      86198EBF 
  97 00dd 401BF401 		.ascii	"@\033\364\001C[\376w0\"\366%\\\302#\316\363\345\004"
  97      435BFE77 
  97      3022F625 
  97      5CC223CE 
  97      F3E504
  98 00f0 0DD00883 		.ascii	"\015\320\010\203\265X\2551\344=\027\343\232\363\253"
  98      B558AD31 
  98      E43D17E3 
  98      9AF3AB
  99 00ff 6ED9AD3A 		.ascii	"n\331\255:\273n\311\266*\265j\321-\254[\225\334B!\273"
  99      BB6EC9B6 
ARM GAS  C:\Users\JEFFSN~1\AppData\Local\Temp\ccReh9sY.s 			page 7


  99      2AB56AD1 
  99      2DAC5B95 
  99      DC4221BB 
 100 0113 9CB3AD6C 		.ascii	"\234\263\255l\336\266\334\035;c\257l\226\235\255\245"
 100      DEB6DC1D 
 100      3B63AF6C 
 100      969DADA5 
 101 0123 DA865DDA 		.ascii	"\332\206]\332v\346\212\364\013\376\361n<"
 101      76E68AF4 
 101      0BFEF16E 
 101      3C
 102              		.text
 103              		.section	.gnu.lto_.symbol_nodes.a80cc12f,"",%progbits
 104 0000 789C558C 		.ascii	"x\234U\214\261\015\2000\014\004\317q\222\001\230\000"
 104      B10D8030 
 104      0C04CF71 
 104      92019800 
 105 0010 26759028 		.ascii	"&u\220()\230\207:53\300\"\010'\025\371\346t\377\322"
 105      2998873A 
 105      3533C022 
 105      082715F9 
 105      E674FFD2 
 106 0024 47841D4F 		.ascii	"G\204\035O\020\203\343\002\307Y\026H\260Nm\010&\303"
 106      1083E302 
 106      C7591648 
 106      B04E6D08 
 106      26C3
 107 0036 20C9422F 		.ascii	" \311B/\240\224\331=\232\016\256\026\007\317\226\376"
 107      A094D93D 
 107      9A0EAE16 
 107      07CF96FE 
 108 0046 AE7E5DEF 		.ascii	"\256~]\357W\224\310\3664*\2651\344\336\363\001\314\364"
 108      5794C8F6 
 108      342AB531 
 108      E4DEF301 
 108      CCF4
 109 0058 1F26     		.ascii	"\037&"
 110              		.text
 111              		.section	.gnu.lto_.refs.a80cc12f,"",%progbits
 112 0000 789C0DC7 		.ascii	"x\234\015\307I\021\000 \000\000!\326c,`\377\254\312"
 112      49110020 
 112      000021D6 
 112      632C60FF 
 112      ACCA
 113 0012 8F25174B 		.ascii	"\217%\027K\245\251\255\323\370\365\000\003\311\0008"
 113      A5A9ADD3 
 113      F8F50003 
 113      C90038
 114              		.text
 115              		.section	.gnu.lto_.decls.a80cc12f,"",%progbits
 116 0000 789C8D54 		.ascii	"x\234\215TkL\024W\024\2363\263.\353\3622\306\2644\331"
 116      6B4C1457 
 116      149E33B3 
 116      2EEBF232 
 116      C6B434D9 
 117 0014 A468AAF0 		.ascii	"\244h\252\360\213J\372H\1775\241K\325\376\260\265\322"
 117      8B4AFA48 
ARM GAS  C:\Users\JEFFSN~1\AppData\Local\Temp\ccReh9sY.s 			page 8


 117      7F35A14B 
 117      D5FEB0B5 
 117      D2
 118 0025 9A989892 		.ascii	"\232\230\230\222\205\035\353&\270\264\354\222\224\376"
 118      851DEB26 
 118      B8B4EC92 
 118      94FE
 119 0033 9A0246C1 		.ascii	"\232\002F\301> !\264P\215\210\026AyC\021|\340\332*\354"
 119      3E2021B4 
 119      508D8816 
 119      41794311 
 119      7CE0DA2A 
 120 0048 8A880A3E 		.ascii	"\212\210\012>x\011\262\240\222B\013\202i\221Rz\356c"
 120      7809B2A0 
 120      92420B82 
 120      6991527A 
 120      EE63
 121 005a 76764DB7 		.ascii	"vvM\267\355\315\236\235{\317\375\316\371\316w\356\235"
 121      EDCD9E9D 
 121      7BCFFDCE 
 121      F9CE77EE 
 121      9D
 122 006b D1092090 		.ascii	"\321\011 \220\361(D\020\336\307\351\024\316\227qH\370"
 122      F1284410 
 122      DEC7E914 
 122      CE977148 
 122      F8
 123 007c DC814676 		.ascii	"\334\201FvM\002\033z\264\363h.\264+h\327\321\372\321"
 123      4D021B7A 
 123      B4F3682E 
 123      B42B68D7 
 123      D1FAD1
 124 008f 86396E54 		.ascii	"\2069nT\010\034\004\033\206v\032m5\332\032\264:\236"
 124      081C041B 
 124      86761A6D 
 124      35DA1AB4 
 124      3A9E
 125 00a1 EF3EDA18 		.ascii	"\357>\332\030\332]4/Z\017\3328\232\207\307\352x|?\347"
 125      DA5D342F 
 125      5A0FDA38 
 125      9A87C7EA 
 125      787C3FE7 
 126 00b5 B91284C3 		.ascii	"\271\022\204\303\305\353\332\341\227\227\360M\240\015"
 126      C5EBDAE1 
 126      9797F04D 
 126      A00D
 127 00c3 718CC871 		.ascii	"q\214\310q\301\352\\\022a\371H\3637\206A\350\007I\340"
 127      C1EA5C12 
 127      61F948F3 
 127      378641E8 
 127      0749E0
 128 00d6 0D1100D8 		.ascii	"\015\021\000\330?P\023\230\321%ND\201MT\227o\010\034"
 128      3F501398 
 128      D1254E44 
 128      814D5497 
 128      6F081C
 129 00e9 22AA532D 		.ascii	"\"\252S-\031\375\361xXV\007M\242e\007\036\304\326<X"
ARM GAS  C:\Users\JEFFSN~1\AppData\Local\Temp\ccReh9sY.s 			page 9


 129      19FDF178 
 129      5856074D 
 129      A265071E 
 129      C4D63C58 
 130 00fd E041206A 		.ascii	"\340A j\004\300\226j\204_\276g*RkVih;\250\350<o\373"
 130      04C0966A 
 130      845FBE67 
 130      2A526B56 
 130      69683BA8 
 131 0115 CC4A4904 		.ascii	"\314JI\0042\037Y\250\334\024W\255\340(P\024\361=\255"
 131      321F59A8 
 131      DC1457AD 
 131      E0285014 
 131      F13DAD
 132 0128 333F3C5D 		.ascii	"3?<]\234\221\346E\330`\304\232%t\324M\265-\2043\007"
 132      9C91E645 
 132      D860C49A 
 132      2574D44D 
 132      B52D8433 
 133 013d D9AF3CDA 		.ascii	"\331\257<\332\321d\2246\322\371\345\345\337]\221\270"
 133      D1649436 
 133      D2F9E5E5 
 133      DF5D91B8 
 134 014d B5DA0822 		.ascii	"\265\332\010\".o\316\\=\034\212\3135FX\265$\212\207"
 134      2E6FCE5C 
 134      3D1C8ACB 
 134      354658B5 
 134      248A87
 135 0160 8A2ED6E8 		.ascii	"\212.\326\350\301\030{@Q\262\025%G1VF\010P\013&\250"
 135      C1187B40 
 135      51B21525 
 135      47315646 
 135      08500B26 
 136 0175 019300F5 		.ascii	"\001\223\000\365\020KRVA\234\000\247\320y\022\235\025"
 136      104B5256 
 136      419C00A7 
 136      D079129D 
 136      15
 137 0186 A49ED191 		.ascii	"\244\236\321\221\3117\333\024e\025\324\201\021\252A"
 137      C937DB14 
 137      6515D481 
 137      11AA41
 138 0195 A21014B3 		.ascii	"\242\020\024\263\301\310\012,\356\235_\000\035\212\242"
 138      C1C80A2C 
 138      EE9D5F00 
 138      1D8AA2
 139 01a4 80141DF1 		.ascii	"\200\024\035\361\225\3776Wh\360\371\032\200:\353\366"
 139      95FF3657 
 139      68F0F91A 
 139      803AEBF6 
 140 01b4 8D5719B0 		.ascii	"\215W\031\260\034\023*\001?!&&\244\244\320\373W\250"
 140      1C132A01 
 140      3F212626 
 140      A4A4D0FB 
 140      57A8
 141 01c6 B493CCC5 		.ascii	"\264\223\314\305^\357\251I\035\304\032i\001\256\306"
 141      5EEFA949 
ARM GAS  C:\Users\JEFFSN~1\AppData\Local\Temp\ccReh9sY.s 			page 10


 141      1DC41A69 
 141      01AEC6
 142 01d5 1715114E 		.ascii	"\027\025\021Nc\242\0375v\023a\247Jf\312\025}\224\000"
 142      63A21F35 
 142      761361A7 
 142      4A66CA15 
 142      7D9400
 143 01e8 AF986023 		.ascii	"\257\230`#\312hA\031&.\243\031e4\241\014L\356\355/\234"
 143      CA684119 
 143      262EA319 
 143      6534A10C 
 143      4CEEED2F 
 144 01fd 0BA50591 		.ascii	"\013\245\005\221<\215\254\240;\263\215\305\221>g+s\336"
 144      3C8DACA0 
 144      3BB38DC5 
 144      913E672B 
 144      73DE
 145 020f C8AD3F24 		.ascii	"\310\255?$\261\036\352p9\333]\352\215`=\214&\302\276"
 145      B11EEA70 
 145      39DB5DEA 
 145      8D603D8C 
 145      26C2BE
 146 0222 7834BD32 		.ascii	"x4\2752\252\230\236S\216\022\255\243\221g\221\347\014"
 146      AA989E53 
 146      8E12ADA3 
 146      916791E7 
 146      0C
 147 0233 F208700E 		.ascii	"\362\010p\016\242\360\277\015t\2545\373\363\372\372"
 147      A2F0BF0D 
 147      74AC35FB 
 147      F3FAFA
 148 0242 42D69529 		.ascii	"B\326\225)e\365\312\350r\207u\266QQ\3620RGpP\251\211"
 148      65F5CAE8 
 148      728775B6 
 148      5151F230 
 148      52477050 
 149 0258 A924D75E 		.ascii	"\251$\327^\200\0230\210W\344<\254\303\320\306\202\343"
 149      80133088 
 149      57E43CAC 
 149      C3D0C682 
 149      E3
 150 0269 4F23A422 		.ascii	"O#\244\"\240\255Y\362|_*\372\263\356x\316\217\364\002"
 150      A0AD59F2 
 150      7C5F2AFA 
 150      B3EE78CE 
 150      8FF402
 151 027c 254DE19C 		.ascii	"%M\341\234E\025\331\007W0NWC\276T\242\270r1L$(h\327"
 151      4515D907 
 151      57304E57 
 151      43BE54A2 
 151      B872314C 
 152 0294 28DBFD29 		.ascii	"(\333\375)]\224\322]r\262I'\2650\312\211o\217\374\242"
 152      5D94D25D 
 152      72B24927 
 152      B530CA89 
 152      6F8FFCA2 
 153 02a8 F7F5869D 		.ascii	"\367\365\206\235\352\037\347\016\017\210>\337O\254_"
ARM GAS  C:\Users\JEFFSN~1\AppData\Local\Temp\ccReh9sY.s 			page 11


 153      EA1FE70E 
 153      0F883EDF 
 153      4FAC5F
 154 02b7 C3EEAA53 		.ascii	"\303\356\252S\244_1F\372NE\372\035l\014;\330[-\373\246"
 154      A45F3146 
 154      FA4E45FA 
 154      1D6C0C3B 
 154      D85B2DFB 
 155 02cc 42A50E9A 		.ascii	"B\245\016\232W\2549\372e\235\357\022\242\230\325n\274"
 155      57AC39FA 
 155      659DEF12 
 155      A298D56E 
 155      BC
 156 02dd 84AA1670 		.ascii	"\204\252\026p\343\351\305\360\323\273\214\316K\332%"
 156      E3E9C5F0 
 156      D3BB8CCE 
 156      4BDA25
 157 02ec 9CFEA061 		.ascii	"\234\376\240a?\321\321\211\324\035\232\216\030~\013"
 157      3FD1D189 
 157      D41D9A8E 
 157      187E0B
 158 02fb A7FAEE29 		.ascii	"\247\372\356)\006\377\026u\006\034\214\207\366\350g"
 158      06FF1675 
 158      061C8C87 
 158      F6E867
 159 030a F5605A07 		.ascii	"\365`Z\007\276*\026\261I\243\230\371\302\327q\245\215"
 159      BE2A16B1 
 159      49A398F9 
 159      C2D771A5 
 159      8D
 160 031b 4AEE4A82 		.ascii	"J\356J\202\201\213Z\346\213\264C8\271B\273\363`\342"
 160      818B5AE6 
 160      8BB44338 
 160      B942BBF3 
 160      60E2
 161 032d 497F8834 		.ascii	"I\177\2104\303\272\363\337w\376*\353N\340\275\353f\316"
 161      C3BAF3DF 
 161      77FE2AEB 
 161      4EE0BDEB 
 161      66CE
 162 033f AECEA11A 		.ascii	"\256\316\241\032)x\255=\264\326kj\255\331wZ\317\350"
 162      2978AD3D 
 162      B4D66B6A 
 162      ADD9775A 
 162      CFE8
 163 0351 58ADAE33 		.ascii	"X\255\25632\326\211\373\320\245\325\331\245\326y\235"
 163      32D689FB 
 163      D0A5D5D9 
 163      A5D6799D 
 164 0361 D659F570 		.ascii	"\326Y\365pr:\\\312\027\377\347)\336d%\345\345\314\225"
 164      723A5CCA 
 164      17FFE729 
 164      DE6425E5 
 164      E5CC95
 165 0374 197DCE5E 		.ascii	"\031}\316^\346t\017T/j\310>\346\354\256)\332\352\363"
 165      E6740F54 
 165      2F6AC83E 
ARM GAS  C:\Users\JEFFSN~1\AppData\Local\Temp\ccReh9sY.s 			page 12


 165      E6ECAE29 
 165      DAEAF3
 166 0387 DD62BE21 		.ascii	"\335b\276!w\336Y-\3726\177\335O\224\266\376\213\312"
 166      77DE592D 
 166      FA367FDD 
 166      4F94B6FE 
 166      8BCA
 167 0399 BB54E51D 		.ascii	"\273T\345\035U\345\261\202\357\012\"\271\312\333D%\356"
 167      55E5B182 
 167      EF0A22B9 
 167      CADB4425 
 167      EE
 168 03aa C30D4DE5 		.ascii	"\303\015M\345\015Ue?U\331\331p}:T*\017\256r\361Z}\255"
 168      0D55653F 
 168      55D9D970 
 168      7D3A542A 
 168      0FAE72F1 
 169 03c1 189C7D88 		.ascii	"\030\234}\210\262\017\252\354\217=s\017C8{3a\307}\030"
 169      B20FAAEC 
 169      8F3D730F 
 169      43387B33 
 169      61C77D18 
 170 03d5 D0D80754 		.ascii	"\320\330\007T\366a\312>rp\254B?\317\276I\364S\326;\363"
 170      F661CA3E 
 170      7270AC42 
 170      3FCFBE49 
 170      F453D63B 
 171 03ea F823A981 		.ascii	"\370#\251\201U\323\366\353\361\201\260\365\307\224\262"
 171      55D3F6EB 
 171      F181B0F5 
 171      C794B2
 172 03f9 72F2D26F 		.ascii	"r\362\322o\232\255U\024\211\"GX>\376\245\022\350\372"
 172      9AAD5514 
 172      89224758 
 172      3EFEA512 
 172      E8FA
 173 040b 1EB9F5A3 		.ascii	"\036\271\365\243\260\036\343\016\366\375\231\020\226"
 173      B01EE30E 
 173      F6FD9910 
 173      96
 174 0418 AFBD16CF 		.ascii	"\257\275\026\317|Z\356C\030\255\000\237\010>P>\330\035"
 174      7C5AEE43 
 174      18AD009F 
 174      083E503E 
 174      D81D
 175 042a 1E8026FD 		.ascii	"\036\200&\375\322\320c\034=F\321\227\236\334m\327\007"
 175      D2D0631C 
 175      3D46D197 
 175      9EDC6DD7 
 175      07
 176 043b A07B02D0 		.ascii	"\240{\002\320^\216\366R\364Bn\376d \332\023\200\036"
 176      5E8EF652 
 176      F4426EFE 
 176      6420DA13 
 176      801E
 177 044d E7E8718A 		.ascii	"\347\350q\212~\340\271\271d\010@\017\005\240'8\232<"
 177      7EE0B9B9 
ARM GAS  C:\Users\JEFFSN~1\AppData\Local\Temp\ccReh9sY.s 			page 13


 177      6408400F 
 177      05A02738 
 177      9A3C
 178 045f 5F4A4834 		.ascii	"_JH4''%lON\222?M\216O\336d\263[\322\336\312\334\235"
 178      2727256C 
 178      4F4E923F 
 178      4D8E4FDE 
 178      64B35BD2 
 179 0477 9CB8D7F2 		.ascii	"\234\270\327\362\216\335\346\264Y\322l\237\313\206\315"
 179      8EDDE6B4 
 179      59D26C9F 
 179      CB86CD
 180 0486 EF7E186D 		.ascii	"\357~\030m\216\217\027\364\2316\2733\376\365\265\233"
 180      8E8F17F4 
 180      9936BB33 
 180      FEF5B59B 
 181 0496 65BB9C61 		.ascii	"e\273\234aq\312\326\344\244\364\314\214Ty\327\266\244"
 181      71CAD6E4 
 181      A4F4CC8C 
 181      5479D7B6 
 181      A4
 182 04a7 74F36B2F 		.ascii	"t\363k/\247f9\263>\221\035q{\204\025\004\370\306\253"
 182      A76639B3 
 182      3E911D71 
 182      7B841504 
 182      F8C6AB
 183 04ba FF8CDB15 		.ascii	"\377\214\333\025\204\323\272\327\022\227*\254\015^\321"
 183      84D3BAD7 
 183      12972AAC 
 183      0D5ED1
 184 04c9 76394DB6 		.ascii	"v9M\2668\344Hs\026.\314{\266e\330\3223l\316,Cj\226\303"
 184      38E44873 
 184      162ECC7B 
 184      B665D8D2 
 184      336CCE2C 
 185 04e1 6971663A 		.ascii	"iqf:\242\203\324e\336\231\2705\301\034\267Ex\201G&\311"
 185      A283D465 
 185      DE99B835 
 185      C11CB745 
 185      78814726 
 186 04f6 CEB73F73 		.ascii	"\316\267?s\312v\253lM\260Z3d\207\343ym\307\234n\337"
 186      CA76AB6C 
 186      4DB05A33 
 186      6487E379 
 186      6DC79C6E 
 187 050b 6DFB3813 		.ascii	"m\3738\023\363\330\322\355\021\334\237hsXR\322\344\350"
 187      F3D8D2ED 
 187      11DC9F68 
 187      735852D2 
 187      E4E8
 188 051d E0C56DB1 		.ascii	"\340\305m\261\330\255i\362\337\232\004\306\236"
 188      D8AD69F2 
 188      DF9A04C6 
 188      9E
 189              		.text
 190              		.section	.gnu.lto_.symtab.a80cc12f,"",%progbits
 191 0000 4144435F 		.ascii	"ADC_SAR_Seq_1_FinalBuf_DmaInitialize\000"
ARM GAS  C:\Users\JEFFSN~1\AppData\Local\Temp\ccReh9sY.s 			page 14


 191      5341525F 
 191      5365715F 
 191      315F4669 
 191      6E616C42 
 192 0025 00       		.ascii	"\000"
 193 0026 00       		.ascii	"\000"
 194 0027 00       		.ascii	"\000"
 195 0028 00000000 		.ascii	"\000\000\000\000\000\000\000\000"
 195      00000000 
 196 0030 BD000000 		.ascii	"\275\000\000\000"
 197 0034 4144435F 		.ascii	"ADC_SAR_Seq_1_FinalBuf_DmaHandle\000"
 197      5341525F 
 197      5365715F 
 197      315F4669 
 197      6E616C42 
 198 0055 00       		.ascii	"\000"
 199 0056 00       		.ascii	"\000"
 200 0057 00       		.ascii	"\000"
 201 0058 00000000 		.ascii	"\000\000\000\000\000\000\000\000"
 201      00000000 
 202 0060 E0000000 		.ascii	"\340\000\000\000"
 203 0064 4144435F 		.ascii	"ADC_SAR_Seq_1_FinalBuf_DmaRelease\000"
 203      5341525F 
 203      5365715F 
 203      315F4669 
 203      6E616C42 
 204 0086 00       		.ascii	"\000"
 205 0087 00       		.ascii	"\000"
 206 0088 00       		.ascii	"\000"
 207 0089 00000000 		.ascii	"\000\000\000\000\000\000\000\000"
 207      00000000 
 208 0091 C0000000 		.ascii	"\300\000\000\000"
 209 0095 4379446D 		.ascii	"CyDmaChPriority\000"
 209      61436850 
 209      72696F72 
 209      69747900 
 210 00a5 00       		.ascii	"\000"
 211 00a6 02       		.ascii	"\002"
 212 00a7 00       		.ascii	"\000"
 213 00a8 00000000 		.ascii	"\000\000\000\000\000\000\000\000"
 213      00000000 
 214 00b0 CA000000 		.ascii	"\312\000\000\000"
 215 00b4 4379446D 		.ascii	"CyDmaChSetExtendedAddress\000"
 215      61436853 
 215      65744578 
 215      74656E64 
 215      65644164 
 216 00ce 00       		.ascii	"\000"
 217 00cf 02       		.ascii	"\002"
 218 00d0 00       		.ascii	"\000"
 219 00d1 00000000 		.ascii	"\000\000\000\000\000\000\000\000"
 219      00000000 
 220 00d9 D0000000 		.ascii	"\320\000\000\000"
 221 00dd 4379446D 		.ascii	"CyDmaChSetConfiguration\000"
 221      61436853 
 221      6574436F 
 221      6E666967 
ARM GAS  C:\Users\JEFFSN~1\AppData\Local\Temp\ccReh9sY.s 			page 15


 221      75726174 
 222 00f5 00       		.ascii	"\000"
 223 00f6 02       		.ascii	"\002"
 224 00f7 00       		.ascii	"\000"
 225 00f8 00000000 		.ascii	"\000\000\000\000\000\000\000\000"
 225      00000000 
 226 0100 D9000000 		.ascii	"\331\000\000\000"
 227 0104 4379446D 		.ascii	"CyDmaChDisable\000"
 227      61436844 
 227      69736162 
 227      6C6500
 228 0113 00       		.ascii	"\000"
 229 0114 02       		.ascii	"\002"
 230 0115 00       		.ascii	"\000"
 231 0116 00000000 		.ascii	"\000\000\000\000\000\000\000\000"
 231      00000000 
 232 011e DD000000 		.ascii	"\335\000\000\000"
 233              		.text
 234              		.section	.gnu.lto_.opts,"",%progbits
 235 0000 272D666D 		.ascii	"'-fmath-errno' '-fsigned-zeros' '-ftrapping-math' '"
 235      6174682D 
 235      6572726E 
 235      6F272027 
 235      2D667369 
 236 0033 2D666E6F 		.ascii	"-fno-trapv' '-fno-openmp' '-fno-openacc' '-mcpu=cor"
 236      2D747261 
 236      70762720 
 236      272D666E 
 236      6F2D6F70 
 237 0066 7465782D 		.ascii	"tex-m3' '-mthumb' '-g' '-O3' '-ffunction-sections' "
 237      6D332720 
 237      272D6D74 
 237      68756D62 
 237      2720272D 
 238 0099 272D6666 		.ascii	"'-ffat-lto-objects' '-finline-functions' '-flto'\000"
 238      61742D6C 
 238      746F2D6F 
 238      626A6563 
 238      74732720 
 239              		.text
 240              		.cfi_sections	.debug_frame
 241              		.section	.text.ADC_SAR_Seq_1_FinalBuf_DmaInitialize,"ax",%progbits
 242              		.align	2
 243              		.global	ADC_SAR_Seq_1_FinalBuf_DmaInitialize
 244              		.thumb
 245              		.thumb_func
 246              		.type	ADC_SAR_Seq_1_FinalBuf_DmaInitialize, %function
 247              	ADC_SAR_Seq_1_FinalBuf_DmaInitialize:
 248              	.LFB0:
 249              		.file 1 "Generated_Source\\PSoC5\\ADC_SAR_Seq_1_FinalBuf_dma.c"
   1:Generated_Source\PSoC5/ADC_SAR_Seq_1_FinalBuf_dma.c **** /***************************************************************************
   2:Generated_Source\PSoC5/ADC_SAR_Seq_1_FinalBuf_dma.c **** * File Name: ADC_SAR_Seq_1_FinalBuf_dma.c  
   3:Generated_Source\PSoC5/ADC_SAR_Seq_1_FinalBuf_dma.c **** * Version 1.70
   4:Generated_Source\PSoC5/ADC_SAR_Seq_1_FinalBuf_dma.c **** *
   5:Generated_Source\PSoC5/ADC_SAR_Seq_1_FinalBuf_dma.c **** *  Description:
   6:Generated_Source\PSoC5/ADC_SAR_Seq_1_FinalBuf_dma.c **** *   Provides an API for the DMAC component. The API includes functions
   7:Generated_Source\PSoC5/ADC_SAR_Seq_1_FinalBuf_dma.c **** *   for the DMA controller, DMA channels and Transfer Descriptors.
ARM GAS  C:\Users\JEFFSN~1\AppData\Local\Temp\ccReh9sY.s 			page 16


   8:Generated_Source\PSoC5/ADC_SAR_Seq_1_FinalBuf_dma.c **** *
   9:Generated_Source\PSoC5/ADC_SAR_Seq_1_FinalBuf_dma.c **** *
  10:Generated_Source\PSoC5/ADC_SAR_Seq_1_FinalBuf_dma.c **** *   Note:
  11:Generated_Source\PSoC5/ADC_SAR_Seq_1_FinalBuf_dma.c **** *     This module requires the developer to finish or fill in the auto
  12:Generated_Source\PSoC5/ADC_SAR_Seq_1_FinalBuf_dma.c **** *     generated funcions and setup the dma channel and TD's.
  13:Generated_Source\PSoC5/ADC_SAR_Seq_1_FinalBuf_dma.c **** *
  14:Generated_Source\PSoC5/ADC_SAR_Seq_1_FinalBuf_dma.c **** ********************************************************************************
  15:Generated_Source\PSoC5/ADC_SAR_Seq_1_FinalBuf_dma.c **** * Copyright 2008-2010, Cypress Semiconductor Corporation.  All rights reserved.
  16:Generated_Source\PSoC5/ADC_SAR_Seq_1_FinalBuf_dma.c **** * You may use this file only in accordance with the license, terms, conditions, 
  17:Generated_Source\PSoC5/ADC_SAR_Seq_1_FinalBuf_dma.c **** * disclaimers, and limitations in the end user license agreement accompanying 
  18:Generated_Source\PSoC5/ADC_SAR_Seq_1_FinalBuf_dma.c **** * the software package with which this file was provided.
  19:Generated_Source\PSoC5/ADC_SAR_Seq_1_FinalBuf_dma.c **** ********************************************************************************/
  20:Generated_Source\PSoC5/ADC_SAR_Seq_1_FinalBuf_dma.c **** #include <CYLIB.H>
  21:Generated_Source\PSoC5/ADC_SAR_Seq_1_FinalBuf_dma.c **** #include <CYDMAC.H>
  22:Generated_Source\PSoC5/ADC_SAR_Seq_1_FinalBuf_dma.c **** #include <ADC_SAR_Seq_1_FinalBuf_dma.H>
  23:Generated_Source\PSoC5/ADC_SAR_Seq_1_FinalBuf_dma.c **** 
  24:Generated_Source\PSoC5/ADC_SAR_Seq_1_FinalBuf_dma.c **** 
  25:Generated_Source\PSoC5/ADC_SAR_Seq_1_FinalBuf_dma.c **** 
  26:Generated_Source\PSoC5/ADC_SAR_Seq_1_FinalBuf_dma.c **** /****************************************************************************
  27:Generated_Source\PSoC5/ADC_SAR_Seq_1_FinalBuf_dma.c **** * 
  28:Generated_Source\PSoC5/ADC_SAR_Seq_1_FinalBuf_dma.c **** * The following defines are available in Cyfitter.h
  29:Generated_Source\PSoC5/ADC_SAR_Seq_1_FinalBuf_dma.c **** * 
  30:Generated_Source\PSoC5/ADC_SAR_Seq_1_FinalBuf_dma.c **** * 
  31:Generated_Source\PSoC5/ADC_SAR_Seq_1_FinalBuf_dma.c **** * 
  32:Generated_Source\PSoC5/ADC_SAR_Seq_1_FinalBuf_dma.c **** * ADC_SAR_Seq_1_FinalBuf__DRQ_CTL_REG
  33:Generated_Source\PSoC5/ADC_SAR_Seq_1_FinalBuf_dma.c **** * 
  34:Generated_Source\PSoC5/ADC_SAR_Seq_1_FinalBuf_dma.c **** * 
  35:Generated_Source\PSoC5/ADC_SAR_Seq_1_FinalBuf_dma.c **** * ADC_SAR_Seq_1_FinalBuf__DRQ_NUMBER
  36:Generated_Source\PSoC5/ADC_SAR_Seq_1_FinalBuf_dma.c **** * 
  37:Generated_Source\PSoC5/ADC_SAR_Seq_1_FinalBuf_dma.c **** * Number of TD's used by this channel.
  38:Generated_Source\PSoC5/ADC_SAR_Seq_1_FinalBuf_dma.c **** * ADC_SAR_Seq_1_FinalBuf__NUMBEROF_TDS
  39:Generated_Source\PSoC5/ADC_SAR_Seq_1_FinalBuf_dma.c **** * 
  40:Generated_Source\PSoC5/ADC_SAR_Seq_1_FinalBuf_dma.c **** * Priority of this channel.
  41:Generated_Source\PSoC5/ADC_SAR_Seq_1_FinalBuf_dma.c **** * ADC_SAR_Seq_1_FinalBuf__PRIORITY
  42:Generated_Source\PSoC5/ADC_SAR_Seq_1_FinalBuf_dma.c **** * 
  43:Generated_Source\PSoC5/ADC_SAR_Seq_1_FinalBuf_dma.c **** * True if ADC_SAR_Seq_1_FinalBuf_TERMIN_SEL is used.
  44:Generated_Source\PSoC5/ADC_SAR_Seq_1_FinalBuf_dma.c **** * ADC_SAR_Seq_1_FinalBuf__TERMIN_EN
  45:Generated_Source\PSoC5/ADC_SAR_Seq_1_FinalBuf_dma.c **** * 
  46:Generated_Source\PSoC5/ADC_SAR_Seq_1_FinalBuf_dma.c **** * TERMIN interrupt line to signal terminate.
  47:Generated_Source\PSoC5/ADC_SAR_Seq_1_FinalBuf_dma.c **** * ADC_SAR_Seq_1_FinalBuf__TERMIN_SEL
  48:Generated_Source\PSoC5/ADC_SAR_Seq_1_FinalBuf_dma.c **** * 
  49:Generated_Source\PSoC5/ADC_SAR_Seq_1_FinalBuf_dma.c **** * 
  50:Generated_Source\PSoC5/ADC_SAR_Seq_1_FinalBuf_dma.c **** * True if ADC_SAR_Seq_1_FinalBuf_TERMOUT0_SEL is used.
  51:Generated_Source\PSoC5/ADC_SAR_Seq_1_FinalBuf_dma.c **** * ADC_SAR_Seq_1_FinalBuf__TERMOUT0_EN
  52:Generated_Source\PSoC5/ADC_SAR_Seq_1_FinalBuf_dma.c **** * 
  53:Generated_Source\PSoC5/ADC_SAR_Seq_1_FinalBuf_dma.c **** * 
  54:Generated_Source\PSoC5/ADC_SAR_Seq_1_FinalBuf_dma.c **** * TERMOUT0 interrupt line to signal completion.
  55:Generated_Source\PSoC5/ADC_SAR_Seq_1_FinalBuf_dma.c **** * ADC_SAR_Seq_1_FinalBuf__TERMOUT0_SEL
  56:Generated_Source\PSoC5/ADC_SAR_Seq_1_FinalBuf_dma.c **** * 
  57:Generated_Source\PSoC5/ADC_SAR_Seq_1_FinalBuf_dma.c **** * 
  58:Generated_Source\PSoC5/ADC_SAR_Seq_1_FinalBuf_dma.c **** * True if ADC_SAR_Seq_1_FinalBuf_TERMOUT1_SEL is used.
  59:Generated_Source\PSoC5/ADC_SAR_Seq_1_FinalBuf_dma.c **** * ADC_SAR_Seq_1_FinalBuf__TERMOUT1_EN
  60:Generated_Source\PSoC5/ADC_SAR_Seq_1_FinalBuf_dma.c **** * 
  61:Generated_Source\PSoC5/ADC_SAR_Seq_1_FinalBuf_dma.c **** * 
  62:Generated_Source\PSoC5/ADC_SAR_Seq_1_FinalBuf_dma.c **** * TERMOUT1 interrupt line to signal completion.
  63:Generated_Source\PSoC5/ADC_SAR_Seq_1_FinalBuf_dma.c **** * ADC_SAR_Seq_1_FinalBuf__TERMOUT1_SEL
  64:Generated_Source\PSoC5/ADC_SAR_Seq_1_FinalBuf_dma.c **** * 
ARM GAS  C:\Users\JEFFSN~1\AppData\Local\Temp\ccReh9sY.s 			page 17


  65:Generated_Source\PSoC5/ADC_SAR_Seq_1_FinalBuf_dma.c **** ****************************************************************************/
  66:Generated_Source\PSoC5/ADC_SAR_Seq_1_FinalBuf_dma.c **** 
  67:Generated_Source\PSoC5/ADC_SAR_Seq_1_FinalBuf_dma.c **** 
  68:Generated_Source\PSoC5/ADC_SAR_Seq_1_FinalBuf_dma.c **** /* Zero based index of ADC_SAR_Seq_1_FinalBuf dma channel */
  69:Generated_Source\PSoC5/ADC_SAR_Seq_1_FinalBuf_dma.c **** uint8 ADC_SAR_Seq_1_FinalBuf_DmaHandle = DMA_INVALID_CHANNEL;
  70:Generated_Source\PSoC5/ADC_SAR_Seq_1_FinalBuf_dma.c **** 
  71:Generated_Source\PSoC5/ADC_SAR_Seq_1_FinalBuf_dma.c **** /*********************************************************************
  72:Generated_Source\PSoC5/ADC_SAR_Seq_1_FinalBuf_dma.c **** * Function Name: uint8 ADC_SAR_Seq_1_FinalBuf_DmaInitalize
  73:Generated_Source\PSoC5/ADC_SAR_Seq_1_FinalBuf_dma.c **** **********************************************************************
  74:Generated_Source\PSoC5/ADC_SAR_Seq_1_FinalBuf_dma.c **** * Summary:
  75:Generated_Source\PSoC5/ADC_SAR_Seq_1_FinalBuf_dma.c **** *   Allocates and initialises a channel of the DMAC to be used by the
  76:Generated_Source\PSoC5/ADC_SAR_Seq_1_FinalBuf_dma.c **** *   caller.
  77:Generated_Source\PSoC5/ADC_SAR_Seq_1_FinalBuf_dma.c **** *
  78:Generated_Source\PSoC5/ADC_SAR_Seq_1_FinalBuf_dma.c **** * Parameters:
  79:Generated_Source\PSoC5/ADC_SAR_Seq_1_FinalBuf_dma.c **** *   BurstCount.
  80:Generated_Source\PSoC5/ADC_SAR_Seq_1_FinalBuf_dma.c **** *       
  81:Generated_Source\PSoC5/ADC_SAR_Seq_1_FinalBuf_dma.c **** *       
  82:Generated_Source\PSoC5/ADC_SAR_Seq_1_FinalBuf_dma.c **** *   ReqestPerBurst.
  83:Generated_Source\PSoC5/ADC_SAR_Seq_1_FinalBuf_dma.c **** *       
  84:Generated_Source\PSoC5/ADC_SAR_Seq_1_FinalBuf_dma.c **** *       
  85:Generated_Source\PSoC5/ADC_SAR_Seq_1_FinalBuf_dma.c **** *   UpperSrcAddress.
  86:Generated_Source\PSoC5/ADC_SAR_Seq_1_FinalBuf_dma.c **** *       
  87:Generated_Source\PSoC5/ADC_SAR_Seq_1_FinalBuf_dma.c **** *       
  88:Generated_Source\PSoC5/ADC_SAR_Seq_1_FinalBuf_dma.c **** *   UpperDestAddress.
  89:Generated_Source\PSoC5/ADC_SAR_Seq_1_FinalBuf_dma.c **** *       
  90:Generated_Source\PSoC5/ADC_SAR_Seq_1_FinalBuf_dma.c **** *
  91:Generated_Source\PSoC5/ADC_SAR_Seq_1_FinalBuf_dma.c **** * Return:
  92:Generated_Source\PSoC5/ADC_SAR_Seq_1_FinalBuf_dma.c **** *   The channel that can be used by the caller for DMA activity.
  93:Generated_Source\PSoC5/ADC_SAR_Seq_1_FinalBuf_dma.c **** *   DMA_INVALID_CHANNEL (0xFF) if there are no channels left. 
  94:Generated_Source\PSoC5/ADC_SAR_Seq_1_FinalBuf_dma.c **** *
  95:Generated_Source\PSoC5/ADC_SAR_Seq_1_FinalBuf_dma.c **** *
  96:Generated_Source\PSoC5/ADC_SAR_Seq_1_FinalBuf_dma.c **** *******************************************************************/
  97:Generated_Source\PSoC5/ADC_SAR_Seq_1_FinalBuf_dma.c **** uint8 ADC_SAR_Seq_1_FinalBuf_DmaInitialize(uint8 BurstCount, uint8 ReqestPerBurst, uint16 UpperSrcA
  98:Generated_Source\PSoC5/ADC_SAR_Seq_1_FinalBuf_dma.c **** {
 250              		.loc 1 98 0
 251              		.cfi_startproc
 252              		@ args = 0, pretend = 0, frame = 0
 253              		@ frame_needed = 0, uses_anonymous_args = 0
 254              	.LVL0:
 255 0000 2DE9F041 		push	{r4, r5, r6, r7, r8, lr}
 256              		.cfi_def_cfa_offset 24
 257              		.cfi_offset 4, -24
 258              		.cfi_offset 5, -20
 259              		.cfi_offset 6, -16
 260              		.cfi_offset 7, -12
 261              		.cfi_offset 8, -8
 262              		.cfi_offset 14, -4
 263 0004 1746     		mov	r7, r2
 264 0006 9846     		mov	r8, r3
 265 0008 82B0     		sub	sp, sp, #8
 266              		.cfi_def_cfa_offset 32
  99:Generated_Source\PSoC5/ADC_SAR_Seq_1_FinalBuf_dma.c **** 
 100:Generated_Source\PSoC5/ADC_SAR_Seq_1_FinalBuf_dma.c ****     /* Allocate a DMA channel. */
 101:Generated_Source\PSoC5/ADC_SAR_Seq_1_FinalBuf_dma.c ****     ADC_SAR_Seq_1_FinalBuf_DmaHandle = (uint8)ADC_SAR_Seq_1_FinalBuf__DRQ_NUMBER;
 267              		.loc 1 101 0
 268 000a 0C4C     		ldr	r4, .L3
 269 000c 0625     		movs	r5, #6
ARM GAS  C:\Users\JEFFSN~1\AppData\Local\Temp\ccReh9sY.s 			page 18


 102:Generated_Source\PSoC5/ADC_SAR_Seq_1_FinalBuf_dma.c **** 
 103:Generated_Source\PSoC5/ADC_SAR_Seq_1_FinalBuf_dma.c ****     /* Configure the channel. */
 104:Generated_Source\PSoC5/ADC_SAR_Seq_1_FinalBuf_dma.c ****     (void)CyDmaChSetConfiguration(ADC_SAR_Seq_1_FinalBuf_DmaHandle,
 270              		.loc 1 104 0
 271 000e 0026     		movs	r6, #0
 272 0010 2B46     		mov	r3, r5
 273              	.LVL1:
 274 0012 0A46     		mov	r2, r1
 275              	.LVL2:
 276 0014 0196     		str	r6, [sp, #4]
 277 0016 0146     		mov	r1, r0
 278              	.LVL3:
 279 0018 0096     		str	r6, [sp]
 280 001a 2846     		mov	r0, r5
 281              	.LVL4:
 101:Generated_Source\PSoC5/ADC_SAR_Seq_1_FinalBuf_dma.c **** 
 282              		.loc 1 101 0
 283 001c 2570     		strb	r5, [r4]
 284              		.loc 1 104 0
 285 001e FFF7FEFF 		bl	CyDmaChSetConfiguration
 286              	.LVL5:
 105:Generated_Source\PSoC5/ADC_SAR_Seq_1_FinalBuf_dma.c ****                                   BurstCount,
 106:Generated_Source\PSoC5/ADC_SAR_Seq_1_FinalBuf_dma.c ****                                   ReqestPerBurst,
 107:Generated_Source\PSoC5/ADC_SAR_Seq_1_FinalBuf_dma.c ****                                   (uint8)ADC_SAR_Seq_1_FinalBuf__TERMOUT0_SEL,
 108:Generated_Source\PSoC5/ADC_SAR_Seq_1_FinalBuf_dma.c ****                                   (uint8)ADC_SAR_Seq_1_FinalBuf__TERMOUT1_SEL,
 109:Generated_Source\PSoC5/ADC_SAR_Seq_1_FinalBuf_dma.c ****                                   (uint8)ADC_SAR_Seq_1_FinalBuf__TERMIN_SEL);
 110:Generated_Source\PSoC5/ADC_SAR_Seq_1_FinalBuf_dma.c **** 
 111:Generated_Source\PSoC5/ADC_SAR_Seq_1_FinalBuf_dma.c ****     /* Set the extended address for the transfers */
 112:Generated_Source\PSoC5/ADC_SAR_Seq_1_FinalBuf_dma.c ****     (void)CyDmaChSetExtendedAddress(ADC_SAR_Seq_1_FinalBuf_DmaHandle, UpperSrcAddress, UpperDestAdd
 287              		.loc 1 112 0
 288 0022 4246     		mov	r2, r8
 289 0024 3946     		mov	r1, r7
 290 0026 2078     		ldrb	r0, [r4]	@ zero_extendqisi2
 291 0028 FFF7FEFF 		bl	CyDmaChSetExtendedAddress
 292              	.LVL6:
 113:Generated_Source\PSoC5/ADC_SAR_Seq_1_FinalBuf_dma.c **** 
 114:Generated_Source\PSoC5/ADC_SAR_Seq_1_FinalBuf_dma.c ****     /* Set the priority for this channel */
 115:Generated_Source\PSoC5/ADC_SAR_Seq_1_FinalBuf_dma.c ****     (void)CyDmaChPriority(ADC_SAR_Seq_1_FinalBuf_DmaHandle, (uint8)ADC_SAR_Seq_1_FinalBuf__PRIORITY
 293              		.loc 1 115 0
 294 002c 2078     		ldrb	r0, [r4]	@ zero_extendqisi2
 295 002e 0221     		movs	r1, #2
 296 0030 FFF7FEFF 		bl	CyDmaChPriority
 297              	.LVL7:
 116:Generated_Source\PSoC5/ADC_SAR_Seq_1_FinalBuf_dma.c ****     
 117:Generated_Source\PSoC5/ADC_SAR_Seq_1_FinalBuf_dma.c ****     return ADC_SAR_Seq_1_FinalBuf_DmaHandle;
 118:Generated_Source\PSoC5/ADC_SAR_Seq_1_FinalBuf_dma.c **** }
 298              		.loc 1 118 0
 299 0034 2078     		ldrb	r0, [r4]	@ zero_extendqisi2
 300 0036 02B0     		add	sp, sp, #8
 301              		.cfi_def_cfa_offset 24
 302              		@ sp needed
 303 0038 BDE8F081 		pop	{r4, r5, r6, r7, r8, pc}
 304              	.L4:
 305              		.align	2
 306              	.L3:
 307 003c 00000000 		.word	.LANCHOR0
 308              		.cfi_endproc
ARM GAS  C:\Users\JEFFSN~1\AppData\Local\Temp\ccReh9sY.s 			page 19


 309              	.LFE0:
 310              		.size	ADC_SAR_Seq_1_FinalBuf_DmaInitialize, .-ADC_SAR_Seq_1_FinalBuf_DmaInitialize
 311              		.section	.text.ADC_SAR_Seq_1_FinalBuf_DmaRelease,"ax",%progbits
 312              		.align	2
 313              		.global	ADC_SAR_Seq_1_FinalBuf_DmaRelease
 314              		.thumb
 315              		.thumb_func
 316              		.type	ADC_SAR_Seq_1_FinalBuf_DmaRelease, %function
 317              	ADC_SAR_Seq_1_FinalBuf_DmaRelease:
 318              	.LFB1:
 119:Generated_Source\PSoC5/ADC_SAR_Seq_1_FinalBuf_dma.c **** 
 120:Generated_Source\PSoC5/ADC_SAR_Seq_1_FinalBuf_dma.c **** /*********************************************************************
 121:Generated_Source\PSoC5/ADC_SAR_Seq_1_FinalBuf_dma.c **** * Function Name: void ADC_SAR_Seq_1_FinalBuf_DmaRelease
 122:Generated_Source\PSoC5/ADC_SAR_Seq_1_FinalBuf_dma.c **** **********************************************************************
 123:Generated_Source\PSoC5/ADC_SAR_Seq_1_FinalBuf_dma.c **** * Summary:
 124:Generated_Source\PSoC5/ADC_SAR_Seq_1_FinalBuf_dma.c **** *   Frees the channel associated with ADC_SAR_Seq_1_FinalBuf.
 125:Generated_Source\PSoC5/ADC_SAR_Seq_1_FinalBuf_dma.c **** *
 126:Generated_Source\PSoC5/ADC_SAR_Seq_1_FinalBuf_dma.c **** *
 127:Generated_Source\PSoC5/ADC_SAR_Seq_1_FinalBuf_dma.c **** * Parameters:
 128:Generated_Source\PSoC5/ADC_SAR_Seq_1_FinalBuf_dma.c **** *   void.
 129:Generated_Source\PSoC5/ADC_SAR_Seq_1_FinalBuf_dma.c **** *
 130:Generated_Source\PSoC5/ADC_SAR_Seq_1_FinalBuf_dma.c **** *
 131:Generated_Source\PSoC5/ADC_SAR_Seq_1_FinalBuf_dma.c **** *
 132:Generated_Source\PSoC5/ADC_SAR_Seq_1_FinalBuf_dma.c **** * Return:
 133:Generated_Source\PSoC5/ADC_SAR_Seq_1_FinalBuf_dma.c **** *   void.
 134:Generated_Source\PSoC5/ADC_SAR_Seq_1_FinalBuf_dma.c **** *
 135:Generated_Source\PSoC5/ADC_SAR_Seq_1_FinalBuf_dma.c **** *******************************************************************/
 136:Generated_Source\PSoC5/ADC_SAR_Seq_1_FinalBuf_dma.c **** void ADC_SAR_Seq_1_FinalBuf_DmaRelease(void) 
 137:Generated_Source\PSoC5/ADC_SAR_Seq_1_FinalBuf_dma.c **** {
 319              		.loc 1 137 0
 320              		.cfi_startproc
 321              		@ args = 0, pretend = 0, frame = 0
 322              		@ frame_needed = 0, uses_anonymous_args = 0
 323              		@ link register save eliminated.
 138:Generated_Source\PSoC5/ADC_SAR_Seq_1_FinalBuf_dma.c ****     /* Disable the channel */
 139:Generated_Source\PSoC5/ADC_SAR_Seq_1_FinalBuf_dma.c ****     (void)CyDmaChDisable(ADC_SAR_Seq_1_FinalBuf_DmaHandle);
 324              		.loc 1 139 0
 325 0000 014B     		ldr	r3, .L6
 326 0002 1878     		ldrb	r0, [r3]	@ zero_extendqisi2
 327 0004 FFF7FEBF 		b	CyDmaChDisable
 328              	.LVL8:
 329              	.L7:
 330              		.align	2
 331              	.L6:
 332 0008 00000000 		.word	.LANCHOR0
 333              		.cfi_endproc
 334              	.LFE1:
 335              		.size	ADC_SAR_Seq_1_FinalBuf_DmaRelease, .-ADC_SAR_Seq_1_FinalBuf_DmaRelease
 336              		.global	ADC_SAR_Seq_1_FinalBuf_DmaHandle
 337              		.data
 338              		.set	.LANCHOR0,. + 0
 339              		.type	ADC_SAR_Seq_1_FinalBuf_DmaHandle, %object
 340              		.size	ADC_SAR_Seq_1_FinalBuf_DmaHandle, 1
 341              	ADC_SAR_Seq_1_FinalBuf_DmaHandle:
 342 0000 FF       		.byte	-1
 343              		.text
 344              	.Letext0:
ARM GAS  C:\Users\JEFFSN~1\AppData\Local\Temp\ccReh9sY.s 			page 20


 345              		.file 2 "Generated_Source\\PSoC5/cytypes.h"
 346              		.file 3 "Generated_Source\\PSoC5/CYDMAC.H"
 347              		.section	.debug_info,"",%progbits
 348              	.Ldebug_info0:
 349 0000 A6010000 		.4byte	0x1a6
 350 0004 0400     		.2byte	0x4
 351 0006 00000000 		.4byte	.Ldebug_abbrev0
 352 000a 04       		.byte	0x4
 353 000b 01       		.uleb128 0x1
 354 000c D8000000 		.4byte	.LASF24
 355 0010 0C       		.byte	0xc
 356 0011 42000000 		.4byte	.LASF25
 357 0015 10020000 		.4byte	.LASF26
 358 0019 00000000 		.4byte	.Ldebug_ranges0+0
 359 001d 00000000 		.4byte	0
 360 0021 00000000 		.4byte	.Ldebug_line0
 361 0025 02       		.uleb128 0x2
 362 0026 04       		.byte	0x4
 363 0027 05       		.byte	0x5
 364 0028 696E7400 		.ascii	"int\000"
 365 002c 03       		.uleb128 0x3
 366 002d 04       		.byte	0x4
 367 002e 07       		.byte	0x7
 368 002f A5010000 		.4byte	.LASF0
 369 0033 03       		.uleb128 0x3
 370 0034 08       		.byte	0x8
 371 0035 05       		.byte	0x5
 372 0036 E3010000 		.4byte	.LASF1
 373 003a 03       		.uleb128 0x3
 374 003b 08       		.byte	0x8
 375 003c 04       		.byte	0x4
 376 003d B7020000 		.4byte	.LASF2
 377 0041 03       		.uleb128 0x3
 378 0042 01       		.byte	0x1
 379 0043 06       		.byte	0x6
 380 0044 C3020000 		.4byte	.LASF3
 381 0048 03       		.uleb128 0x3
 382 0049 01       		.byte	0x1
 383 004a 08       		.byte	0x8
 384 004b BF000000 		.4byte	.LASF4
 385 004f 03       		.uleb128 0x3
 386 0050 02       		.byte	0x2
 387 0051 05       		.byte	0x5
 388 0052 7F020000 		.4byte	.LASF5
 389 0056 03       		.uleb128 0x3
 390 0057 02       		.byte	0x2
 391 0058 07       		.byte	0x7
 392 0059 2F000000 		.4byte	.LASF6
 393 005d 03       		.uleb128 0x3
 394 005e 04       		.byte	0x4
 395 005f 05       		.byte	0x5
 396 0060 AE020000 		.4byte	.LASF7
 397 0064 03       		.uleb128 0x3
 398 0065 04       		.byte	0x4
 399 0066 07       		.byte	0x7
 400 0067 7F010000 		.4byte	.LASF8
 401 006b 03       		.uleb128 0x3
ARM GAS  C:\Users\JEFFSN~1\AppData\Local\Temp\ccReh9sY.s 			page 21


 402 006c 08       		.byte	0x8
 403 006d 07       		.byte	0x7
 404 006e B2010000 		.4byte	.LASF9
 405 0072 03       		.uleb128 0x3
 406 0073 04       		.byte	0x4
 407 0074 07       		.byte	0x7
 408 0075 DA010000 		.4byte	.LASF10
 409 0079 03       		.uleb128 0x3
 410 007a 01       		.byte	0x1
 411 007b 08       		.byte	0x8
 412 007c 0B020000 		.4byte	.LASF11
 413 0080 04       		.uleb128 0x4
 414 0081 91010000 		.4byte	.LASF12
 415 0085 02       		.byte	0x2
 416 0086 E901     		.2byte	0x1e9
 417 0088 48000000 		.4byte	0x48
 418 008c 04       		.uleb128 0x4
 419 008d 9E010000 		.4byte	.LASF13
 420 0091 02       		.byte	0x2
 421 0092 EA01     		.2byte	0x1ea
 422 0094 56000000 		.4byte	0x56
 423 0098 03       		.uleb128 0x3
 424 0099 04       		.byte	0x4
 425 009a 04       		.byte	0x4
 426 009b 76000000 		.4byte	.LASF14
 427 009f 03       		.uleb128 0x3
 428 00a0 08       		.byte	0x8
 429 00a1 04       		.byte	0x4
 430 00a2 97010000 		.4byte	.LASF15
 431 00a6 05       		.uleb128 0x5
 432 00a7 89020000 		.4byte	.LASF27
 433 00ab 01       		.byte	0x1
 434 00ac 61       		.byte	0x61
 435 00ad 80000000 		.4byte	0x80
 436 00b1 00000000 		.4byte	.LFB0
 437 00b5 40000000 		.4byte	.LFE0-.LFB0
 438 00b9 01       		.uleb128 0x1
 439 00ba 9C       		.byte	0x9c
 440 00bb 4D010000 		.4byte	0x14d
 441 00bf 06       		.uleb128 0x6
 442 00c0 CD000000 		.4byte	.LASF16
 443 00c4 01       		.byte	0x1
 444 00c5 61       		.byte	0x61
 445 00c6 80000000 		.4byte	0x80
 446 00ca 00000000 		.4byte	.LLST0
 447 00ce 06       		.uleb128 0x6
 448 00cf 20000000 		.4byte	.LASF17
 449 00d3 01       		.byte	0x1
 450 00d4 61       		.byte	0x61
 451 00d5 80000000 		.4byte	0x80
 452 00d9 21000000 		.4byte	.LLST1
 453 00dd 06       		.uleb128 0x6
 454 00de 00000000 		.4byte	.LASF18
 455 00e2 01       		.byte	0x1
 456 00e3 61       		.byte	0x61
 457 00e4 8C000000 		.4byte	0x8c
 458 00e8 42000000 		.4byte	.LLST2
ARM GAS  C:\Users\JEFFSN~1\AppData\Local\Temp\ccReh9sY.s 			page 22


 459 00ec 06       		.uleb128 0x6
 460 00ed C9010000 		.4byte	.LASF19
 461 00f1 01       		.byte	0x1
 462 00f2 61       		.byte	0x61
 463 00f3 8C000000 		.4byte	0x8c
 464 00f7 63000000 		.4byte	.LLST3
 465 00fb 07       		.uleb128 0x7
 466 00fc 22000000 		.4byte	.LVL5
 467 0100 7D010000 		.4byte	0x17d
 468 0104 23010000 		.4byte	0x123
 469 0108 08       		.uleb128 0x8
 470 0109 01       		.uleb128 0x1
 471 010a 50       		.byte	0x50
 472 010b 02       		.uleb128 0x2
 473 010c 75       		.byte	0x75
 474 010d 00       		.sleb128 0
 475 010e 08       		.uleb128 0x8
 476 010f 01       		.uleb128 0x1
 477 0110 53       		.byte	0x53
 478 0111 02       		.uleb128 0x2
 479 0112 75       		.byte	0x75
 480 0113 00       		.sleb128 0
 481 0114 08       		.uleb128 0x8
 482 0115 02       		.uleb128 0x2
 483 0116 7D       		.byte	0x7d
 484 0117 00       		.sleb128 0
 485 0118 02       		.uleb128 0x2
 486 0119 76       		.byte	0x76
 487 011a 00       		.sleb128 0
 488 011b 08       		.uleb128 0x8
 489 011c 02       		.uleb128 0x2
 490 011d 7D       		.byte	0x7d
 491 011e 04       		.sleb128 4
 492 011f 02       		.uleb128 0x2
 493 0120 76       		.byte	0x76
 494 0121 00       		.sleb128 0
 495 0122 00       		.byte	0
 496 0123 07       		.uleb128 0x7
 497 0124 2C000000 		.4byte	.LVL6
 498 0128 88010000 		.4byte	0x188
 499 012c 3D010000 		.4byte	0x13d
 500 0130 08       		.uleb128 0x8
 501 0131 01       		.uleb128 0x1
 502 0132 51       		.byte	0x51
 503 0133 02       		.uleb128 0x2
 504 0134 77       		.byte	0x77
 505 0135 00       		.sleb128 0
 506 0136 08       		.uleb128 0x8
 507 0137 01       		.uleb128 0x1
 508 0138 52       		.byte	0x52
 509 0139 02       		.uleb128 0x2
 510 013a 78       		.byte	0x78
 511 013b 00       		.sleb128 0
 512 013c 00       		.byte	0
 513 013d 09       		.uleb128 0x9
 514 013e 34000000 		.4byte	.LVL7
 515 0142 93010000 		.4byte	0x193
ARM GAS  C:\Users\JEFFSN~1\AppData\Local\Temp\ccReh9sY.s 			page 23


 516 0146 08       		.uleb128 0x8
 517 0147 01       		.uleb128 0x1
 518 0148 51       		.byte	0x51
 519 0149 01       		.uleb128 0x1
 520 014a 32       		.byte	0x32
 521 014b 00       		.byte	0
 522 014c 00       		.byte	0
 523 014d 0A       		.uleb128 0xa
 524 014e 9D000000 		.4byte	.LASF28
 525 0152 01       		.byte	0x1
 526 0153 88       		.byte	0x88
 527 0154 00000000 		.4byte	.LFB1
 528 0158 0C000000 		.4byte	.LFE1-.LFB1
 529 015c 01       		.uleb128 0x1
 530 015d 9C       		.byte	0x9c
 531 015e 6C010000 		.4byte	0x16c
 532 0162 0B       		.uleb128 0xb
 533 0163 08000000 		.4byte	.LVL8
 534 0167 9E010000 		.4byte	0x19e
 535 016b 00       		.byte	0
 536 016c 0C       		.uleb128 0xc
 537 016d 7C000000 		.4byte	.LASF29
 538 0171 01       		.byte	0x1
 539 0172 45       		.byte	0x45
 540 0173 80000000 		.4byte	0x80
 541 0177 05       		.uleb128 0x5
 542 0178 03       		.byte	0x3
 543 0179 00000000 		.4byte	ADC_SAR_Seq_1_FinalBuf_DmaHandle
 544 017d 0D       		.uleb128 0xd
 545 017e DE020000 		.4byte	.LASF20
 546 0182 DE020000 		.4byte	.LASF20
 547 0186 03       		.byte	0x3
 548 0187 33       		.byte	0x33
 549 0188 0D       		.uleb128 0xd
 550 0189 F1010000 		.4byte	.LASF21
 551 018d F1010000 		.4byte	.LASF21
 552 0191 03       		.byte	0x3
 553 0192 2D       		.byte	0x2d
 554 0193 0D       		.uleb128 0xd
 555 0194 10000000 		.4byte	.LASF22
 556 0198 10000000 		.4byte	.LASF22
 557 019c 03       		.byte	0x3
 558 019d 2C       		.byte	0x2c
 559 019e 0D       		.uleb128 0xd
 560 019f CF020000 		.4byte	.LASF23
 561 01a3 CF020000 		.4byte	.LASF23
 562 01a7 03       		.byte	0x3
 563 01a8 2A       		.byte	0x2a
 564 01a9 00       		.byte	0
 565              		.section	.debug_abbrev,"",%progbits
 566              	.Ldebug_abbrev0:
 567 0000 01       		.uleb128 0x1
 568 0001 11       		.uleb128 0x11
 569 0002 01       		.byte	0x1
 570 0003 25       		.uleb128 0x25
 571 0004 0E       		.uleb128 0xe
 572 0005 13       		.uleb128 0x13
ARM GAS  C:\Users\JEFFSN~1\AppData\Local\Temp\ccReh9sY.s 			page 24


 573 0006 0B       		.uleb128 0xb
 574 0007 03       		.uleb128 0x3
 575 0008 0E       		.uleb128 0xe
 576 0009 1B       		.uleb128 0x1b
 577 000a 0E       		.uleb128 0xe
 578 000b 55       		.uleb128 0x55
 579 000c 17       		.uleb128 0x17
 580 000d 11       		.uleb128 0x11
 581 000e 01       		.uleb128 0x1
 582 000f 10       		.uleb128 0x10
 583 0010 17       		.uleb128 0x17
 584 0011 00       		.byte	0
 585 0012 00       		.byte	0
 586 0013 02       		.uleb128 0x2
 587 0014 24       		.uleb128 0x24
 588 0015 00       		.byte	0
 589 0016 0B       		.uleb128 0xb
 590 0017 0B       		.uleb128 0xb
 591 0018 3E       		.uleb128 0x3e
 592 0019 0B       		.uleb128 0xb
 593 001a 03       		.uleb128 0x3
 594 001b 08       		.uleb128 0x8
 595 001c 00       		.byte	0
 596 001d 00       		.byte	0
 597 001e 03       		.uleb128 0x3
 598 001f 24       		.uleb128 0x24
 599 0020 00       		.byte	0
 600 0021 0B       		.uleb128 0xb
 601 0022 0B       		.uleb128 0xb
 602 0023 3E       		.uleb128 0x3e
 603 0024 0B       		.uleb128 0xb
 604 0025 03       		.uleb128 0x3
 605 0026 0E       		.uleb128 0xe
 606 0027 00       		.byte	0
 607 0028 00       		.byte	0
 608 0029 04       		.uleb128 0x4
 609 002a 16       		.uleb128 0x16
 610 002b 00       		.byte	0
 611 002c 03       		.uleb128 0x3
 612 002d 0E       		.uleb128 0xe
 613 002e 3A       		.uleb128 0x3a
 614 002f 0B       		.uleb128 0xb
 615 0030 3B       		.uleb128 0x3b
 616 0031 05       		.uleb128 0x5
 617 0032 49       		.uleb128 0x49
 618 0033 13       		.uleb128 0x13
 619 0034 00       		.byte	0
 620 0035 00       		.byte	0
 621 0036 05       		.uleb128 0x5
 622 0037 2E       		.uleb128 0x2e
 623 0038 01       		.byte	0x1
 624 0039 3F       		.uleb128 0x3f
 625 003a 19       		.uleb128 0x19
 626 003b 03       		.uleb128 0x3
 627 003c 0E       		.uleb128 0xe
 628 003d 3A       		.uleb128 0x3a
 629 003e 0B       		.uleb128 0xb
ARM GAS  C:\Users\JEFFSN~1\AppData\Local\Temp\ccReh9sY.s 			page 25


 630 003f 3B       		.uleb128 0x3b
 631 0040 0B       		.uleb128 0xb
 632 0041 27       		.uleb128 0x27
 633 0042 19       		.uleb128 0x19
 634 0043 49       		.uleb128 0x49
 635 0044 13       		.uleb128 0x13
 636 0045 11       		.uleb128 0x11
 637 0046 01       		.uleb128 0x1
 638 0047 12       		.uleb128 0x12
 639 0048 06       		.uleb128 0x6
 640 0049 40       		.uleb128 0x40
 641 004a 18       		.uleb128 0x18
 642 004b 9742     		.uleb128 0x2117
 643 004d 19       		.uleb128 0x19
 644 004e 01       		.uleb128 0x1
 645 004f 13       		.uleb128 0x13
 646 0050 00       		.byte	0
 647 0051 00       		.byte	0
 648 0052 06       		.uleb128 0x6
 649 0053 05       		.uleb128 0x5
 650 0054 00       		.byte	0
 651 0055 03       		.uleb128 0x3
 652 0056 0E       		.uleb128 0xe
 653 0057 3A       		.uleb128 0x3a
 654 0058 0B       		.uleb128 0xb
 655 0059 3B       		.uleb128 0x3b
 656 005a 0B       		.uleb128 0xb
 657 005b 49       		.uleb128 0x49
 658 005c 13       		.uleb128 0x13
 659 005d 02       		.uleb128 0x2
 660 005e 17       		.uleb128 0x17
 661 005f 00       		.byte	0
 662 0060 00       		.byte	0
 663 0061 07       		.uleb128 0x7
 664 0062 898201   		.uleb128 0x4109
 665 0065 01       		.byte	0x1
 666 0066 11       		.uleb128 0x11
 667 0067 01       		.uleb128 0x1
 668 0068 31       		.uleb128 0x31
 669 0069 13       		.uleb128 0x13
 670 006a 01       		.uleb128 0x1
 671 006b 13       		.uleb128 0x13
 672 006c 00       		.byte	0
 673 006d 00       		.byte	0
 674 006e 08       		.uleb128 0x8
 675 006f 8A8201   		.uleb128 0x410a
 676 0072 00       		.byte	0
 677 0073 02       		.uleb128 0x2
 678 0074 18       		.uleb128 0x18
 679 0075 9142     		.uleb128 0x2111
 680 0077 18       		.uleb128 0x18
 681 0078 00       		.byte	0
 682 0079 00       		.byte	0
 683 007a 09       		.uleb128 0x9
 684 007b 898201   		.uleb128 0x4109
 685 007e 01       		.byte	0x1
 686 007f 11       		.uleb128 0x11
ARM GAS  C:\Users\JEFFSN~1\AppData\Local\Temp\ccReh9sY.s 			page 26


 687 0080 01       		.uleb128 0x1
 688 0081 31       		.uleb128 0x31
 689 0082 13       		.uleb128 0x13
 690 0083 00       		.byte	0
 691 0084 00       		.byte	0
 692 0085 0A       		.uleb128 0xa
 693 0086 2E       		.uleb128 0x2e
 694 0087 01       		.byte	0x1
 695 0088 3F       		.uleb128 0x3f
 696 0089 19       		.uleb128 0x19
 697 008a 03       		.uleb128 0x3
 698 008b 0E       		.uleb128 0xe
 699 008c 3A       		.uleb128 0x3a
 700 008d 0B       		.uleb128 0xb
 701 008e 3B       		.uleb128 0x3b
 702 008f 0B       		.uleb128 0xb
 703 0090 27       		.uleb128 0x27
 704 0091 19       		.uleb128 0x19
 705 0092 11       		.uleb128 0x11
 706 0093 01       		.uleb128 0x1
 707 0094 12       		.uleb128 0x12
 708 0095 06       		.uleb128 0x6
 709 0096 40       		.uleb128 0x40
 710 0097 18       		.uleb128 0x18
 711 0098 9742     		.uleb128 0x2117
 712 009a 19       		.uleb128 0x19
 713 009b 01       		.uleb128 0x1
 714 009c 13       		.uleb128 0x13
 715 009d 00       		.byte	0
 716 009e 00       		.byte	0
 717 009f 0B       		.uleb128 0xb
 718 00a0 898201   		.uleb128 0x4109
 719 00a3 00       		.byte	0
 720 00a4 11       		.uleb128 0x11
 721 00a5 01       		.uleb128 0x1
 722 00a6 9542     		.uleb128 0x2115
 723 00a8 19       		.uleb128 0x19
 724 00a9 31       		.uleb128 0x31
 725 00aa 13       		.uleb128 0x13
 726 00ab 00       		.byte	0
 727 00ac 00       		.byte	0
 728 00ad 0C       		.uleb128 0xc
 729 00ae 34       		.uleb128 0x34
 730 00af 00       		.byte	0
 731 00b0 03       		.uleb128 0x3
 732 00b1 0E       		.uleb128 0xe
 733 00b2 3A       		.uleb128 0x3a
 734 00b3 0B       		.uleb128 0xb
 735 00b4 3B       		.uleb128 0x3b
 736 00b5 0B       		.uleb128 0xb
 737 00b6 49       		.uleb128 0x49
 738 00b7 13       		.uleb128 0x13
 739 00b8 3F       		.uleb128 0x3f
 740 00b9 19       		.uleb128 0x19
 741 00ba 02       		.uleb128 0x2
 742 00bb 18       		.uleb128 0x18
 743 00bc 00       		.byte	0
ARM GAS  C:\Users\JEFFSN~1\AppData\Local\Temp\ccReh9sY.s 			page 27


 744 00bd 00       		.byte	0
 745 00be 0D       		.uleb128 0xd
 746 00bf 2E       		.uleb128 0x2e
 747 00c0 00       		.byte	0
 748 00c1 3F       		.uleb128 0x3f
 749 00c2 19       		.uleb128 0x19
 750 00c3 3C       		.uleb128 0x3c
 751 00c4 19       		.uleb128 0x19
 752 00c5 6E       		.uleb128 0x6e
 753 00c6 0E       		.uleb128 0xe
 754 00c7 03       		.uleb128 0x3
 755 00c8 0E       		.uleb128 0xe
 756 00c9 3A       		.uleb128 0x3a
 757 00ca 0B       		.uleb128 0xb
 758 00cb 3B       		.uleb128 0x3b
 759 00cc 0B       		.uleb128 0xb
 760 00cd 00       		.byte	0
 761 00ce 00       		.byte	0
 762 00cf 00       		.byte	0
 763              		.section	.debug_loc,"",%progbits
 764              	.Ldebug_loc0:
 765              	.LLST0:
 766 0000 00000000 		.4byte	.LVL0
 767 0004 1C000000 		.4byte	.LVL4
 768 0008 0100     		.2byte	0x1
 769 000a 50       		.byte	0x50
 770 000b 1C000000 		.4byte	.LVL4
 771 000f 40000000 		.4byte	.LFE0
 772 0013 0400     		.2byte	0x4
 773 0015 F3       		.byte	0xf3
 774 0016 01       		.uleb128 0x1
 775 0017 50       		.byte	0x50
 776 0018 9F       		.byte	0x9f
 777 0019 00000000 		.4byte	0
 778 001d 00000000 		.4byte	0
 779              	.LLST1:
 780 0021 00000000 		.4byte	.LVL0
 781 0025 18000000 		.4byte	.LVL3
 782 0029 0100     		.2byte	0x1
 783 002b 51       		.byte	0x51
 784 002c 18000000 		.4byte	.LVL3
 785 0030 40000000 		.4byte	.LFE0
 786 0034 0400     		.2byte	0x4
 787 0036 F3       		.byte	0xf3
 788 0037 01       		.uleb128 0x1
 789 0038 51       		.byte	0x51
 790 0039 9F       		.byte	0x9f
 791 003a 00000000 		.4byte	0
 792 003e 00000000 		.4byte	0
 793              	.LLST2:
 794 0042 00000000 		.4byte	.LVL0
 795 0046 14000000 		.4byte	.LVL2
 796 004a 0100     		.2byte	0x1
 797 004c 52       		.byte	0x52
 798 004d 14000000 		.4byte	.LVL2
 799 0051 40000000 		.4byte	.LFE0
 800 0055 0400     		.2byte	0x4
ARM GAS  C:\Users\JEFFSN~1\AppData\Local\Temp\ccReh9sY.s 			page 28


 801 0057 F3       		.byte	0xf3
 802 0058 01       		.uleb128 0x1
 803 0059 52       		.byte	0x52
 804 005a 9F       		.byte	0x9f
 805 005b 00000000 		.4byte	0
 806 005f 00000000 		.4byte	0
 807              	.LLST3:
 808 0063 00000000 		.4byte	.LVL0
 809 0067 12000000 		.4byte	.LVL1
 810 006b 0100     		.2byte	0x1
 811 006d 53       		.byte	0x53
 812 006e 12000000 		.4byte	.LVL1
 813 0072 40000000 		.4byte	.LFE0
 814 0076 0400     		.2byte	0x4
 815 0078 F3       		.byte	0xf3
 816 0079 01       		.uleb128 0x1
 817 007a 53       		.byte	0x53
 818 007b 9F       		.byte	0x9f
 819 007c 00000000 		.4byte	0
 820 0080 00000000 		.4byte	0
 821              		.section	.debug_aranges,"",%progbits
 822 0000 24000000 		.4byte	0x24
 823 0004 0200     		.2byte	0x2
 824 0006 00000000 		.4byte	.Ldebug_info0
 825 000a 04       		.byte	0x4
 826 000b 00       		.byte	0
 827 000c 0000     		.2byte	0
 828 000e 0000     		.2byte	0
 829 0010 00000000 		.4byte	.LFB0
 830 0014 40000000 		.4byte	.LFE0-.LFB0
 831 0018 00000000 		.4byte	.LFB1
 832 001c 0C000000 		.4byte	.LFE1-.LFB1
 833 0020 00000000 		.4byte	0
 834 0024 00000000 		.4byte	0
 835              		.section	.debug_ranges,"",%progbits
 836              	.Ldebug_ranges0:
 837 0000 00000000 		.4byte	.LFB0
 838 0004 40000000 		.4byte	.LFE0
 839 0008 00000000 		.4byte	.LFB1
 840 000c 0C000000 		.4byte	.LFE1
 841 0010 00000000 		.4byte	0
 842 0014 00000000 		.4byte	0
 843              		.section	.debug_line,"",%progbits
 844              	.Ldebug_line0:
 845 0000 91000000 		.section	.debug_str,"MS",%progbits,1
 845      02006300 
 845      00000201 
 845      FB0E0D00 
 845      01010101 
 846              	.LASF18:
 847 0000 55707065 		.ascii	"UpperSrcAddress\000"
 847      72537263 
 847      41646472 
 847      65737300 
 848              	.LASF22:
 849 0010 4379446D 		.ascii	"CyDmaChPriority\000"
 849      61436850 
ARM GAS  C:\Users\JEFFSN~1\AppData\Local\Temp\ccReh9sY.s 			page 29


 849      72696F72 
 849      69747900 
 850              	.LASF17:
 851 0020 52657165 		.ascii	"ReqestPerBurst\000"
 851      73745065 
 851      72427572 
 851      737400
 852              	.LASF6:
 853 002f 73686F72 		.ascii	"short unsigned int\000"
 853      7420756E 
 853      7369676E 
 853      65642069 
 853      6E7400
 854              	.LASF25:
 855 0042 47656E65 		.ascii	"Generated_Source\\PSoC5\\ADC_SAR_Seq_1_FinalBuf_dma"
 855      72617465 
 855      645F536F 
 855      75726365 
 855      5C50536F 
 856 0073 2E6300   		.ascii	".c\000"
 857              	.LASF14:
 858 0076 666C6F61 		.ascii	"float\000"
 858      7400
 859              	.LASF29:
 860 007c 4144435F 		.ascii	"ADC_SAR_Seq_1_FinalBuf_DmaHandle\000"
 860      5341525F 
 860      5365715F 
 860      315F4669 
 860      6E616C42 
 861              	.LASF28:
 862 009d 4144435F 		.ascii	"ADC_SAR_Seq_1_FinalBuf_DmaRelease\000"
 862      5341525F 
 862      5365715F 
 862      315F4669 
 862      6E616C42 
 863              	.LASF4:
 864 00bf 756E7369 		.ascii	"unsigned char\000"
 864      676E6564 
 864      20636861 
 864      7200
 865              	.LASF16:
 866 00cd 42757273 		.ascii	"BurstCount\000"
 866      74436F75 
 866      6E7400
 867              	.LASF24:
 868 00d8 474E5520 		.ascii	"GNU C11 5.4.1 20160609 (release) [ARM/embedded-5-br"
 868      43313120 
 868      352E342E 
 868      31203230 
 868      31363036 
 869 010b 616E6368 		.ascii	"anch revision 237715] -mcpu=cortex-m3 -mthumb -g -O"
 869      20726576 
 869      6973696F 
 869      6E203233 
 869      37373135 
 870 013e 33202D66 		.ascii	"3 -ffunction-sections -ffat-lto-objects -finline-fu"
 870      66756E63 
ARM GAS  C:\Users\JEFFSN~1\AppData\Local\Temp\ccReh9sY.s 			page 30


 870      74696F6E 
 870      2D736563 
 870      74696F6E 
 871 0171 6E637469 		.ascii	"nctions -flto\000"
 871      6F6E7320 
 871      2D666C74 
 871      6F00
 872              	.LASF8:
 873 017f 6C6F6E67 		.ascii	"long unsigned int\000"
 873      20756E73 
 873      69676E65 
 873      6420696E 
 873      7400
 874              	.LASF12:
 875 0191 75696E74 		.ascii	"uint8\000"
 875      3800
 876              	.LASF15:
 877 0197 646F7562 		.ascii	"double\000"
 877      6C6500
 878              	.LASF13:
 879 019e 75696E74 		.ascii	"uint16\000"
 879      313600
 880              	.LASF0:
 881 01a5 756E7369 		.ascii	"unsigned int\000"
 881      676E6564 
 881      20696E74 
 881      00
 882              	.LASF9:
 883 01b2 6C6F6E67 		.ascii	"long long unsigned int\000"
 883      206C6F6E 
 883      6720756E 
 883      7369676E 
 883      65642069 
 884              	.LASF19:
 885 01c9 55707065 		.ascii	"UpperDestAddress\000"
 885      72446573 
 885      74416464 
 885      72657373 
 885      00
 886              	.LASF10:
 887 01da 73697A65 		.ascii	"sizetype\000"
 887      74797065 
 887      00
 888              	.LASF1:
 889 01e3 6C6F6E67 		.ascii	"long long int\000"
 889      206C6F6E 
 889      6720696E 
 889      7400
 890              	.LASF21:
 891 01f1 4379446D 		.ascii	"CyDmaChSetExtendedAddress\000"
 891      61436853 
 891      65744578 
 891      74656E64 
 891      65644164 
 892              	.LASF11:
 893 020b 63686172 		.ascii	"char\000"
 893      00
ARM GAS  C:\Users\JEFFSN~1\AppData\Local\Temp\ccReh9sY.s 			page 31


 894              	.LASF26:
 895 0210 433A5C55 		.ascii	"C:\\Users\\JeffSnyder\\dev\\Electrobass_embedded\\P"
 895      73657273 
 895      5C4A6566 
 895      66536E79 
 895      6465725C 
 896 023e 534F4335 		.ascii	"SOC5_electrobass_stringsensors\\CE210514_PSOC3_5_Th"
 896      5F656C65 
 896      6374726F 
 896      62617373 
 896      5F737472 
 897 0270 65726D69 		.ascii	"ermistor.cydsn\000"
 897      73746F72 
 897      2E637964 
 897      736E00
 898              	.LASF5:
 899 027f 73686F72 		.ascii	"short int\000"
 899      7420696E 
 899      7400
 900              	.LASF27:
 901 0289 4144435F 		.ascii	"ADC_SAR_Seq_1_FinalBuf_DmaInitialize\000"
 901      5341525F 
 901      5365715F 
 901      315F4669 
 901      6E616C42 
 902              	.LASF7:
 903 02ae 6C6F6E67 		.ascii	"long int\000"
 903      20696E74 
 903      00
 904              	.LASF2:
 905 02b7 6C6F6E67 		.ascii	"long double\000"
 905      20646F75 
 905      626C6500 
 906              	.LASF3:
 907 02c3 7369676E 		.ascii	"signed char\000"
 907      65642063 
 907      68617200 
 908              	.LASF23:
 909 02cf 4379446D 		.ascii	"CyDmaChDisable\000"
 909      61436844 
 909      69736162 
 909      6C6500
 910              	.LASF20:
 911 02de 4379446D 		.ascii	"CyDmaChSetConfiguration\000"
 911      61436853 
 911      6574436F 
 911      6E666967 
 911      75726174 
 912              		.comm	__gnu_lto_v1,1,1
 913              		.ident	"GCC: (GNU Tools for ARM Embedded Processors) 5.4.1 20160609 (release) [ARM/embedded-5-bran
