ARM GAS  C:\Users\JEFFSN~1\AppData\Local\Temp\ccPbbaoM.s 			page 1


   1              		.syntax unified
   2              		.cpu cortex-m3
   3              		.fpu softvfp
   4              		.eabi_attribute 20, 1
   5              		.eabi_attribute 21, 1
   6              		.eabi_attribute 23, 3
   7              		.eabi_attribute 24, 1
   8              		.eabi_attribute 25, 1
   9              		.eabi_attribute 26, 1
  10              		.eabi_attribute 30, 2
  11              		.eabi_attribute 34, 1
  12              		.eabi_attribute 18, 4
  13              		.thumb
  14              		.syntax unified
  15              		.file	"ADC_1_Bypass_P03.c"
  16              		.text
  17              	.Ltext0:
  18              		.section	.gnu.lto_.profile.a80cf02a,"",%progbits
  19 0000 789C6361 		.ascii	"x\234ca`d`a`\000\222\222\242\000\000\261\0009"
  19      60646061 
  19      60009292 
  19      A20000B1 
  19      0039
  20              		.text
  21              		.section	.gnu.lto_.icf.a80cf02a,"",%progbits
  22 0000 789C6361 		.ascii	"x\234ca`d\000\001I\006\004`aX\366d\375\003\026\306)"
  22      60640001 
  22      49060460 
  22      6158F664 
  22      FD0316C6 
  23 0015 57D7B530 		.ascii	"W\327\26503Mx\3225\227\231\371\303\336\025\206\014\000"
  23      334D78D2 
  23      359799F9 
  23      C3DE1586 
  23      0C00
  24 0027 93940B08 		.ascii	"\223\224\013\010"
  25              		.text
  26              		.section	.gnu.lto_.jmpfuncs.a80cf02a,"",%progbits
  27 0000 789C6361 		.ascii	"x\234ca`d\000\001!\006\004`a`dd\254g\004\021L\014\014"
  27      60640001 
  27      21060460 
  27      61606464 
  27      AC670411 
  28 0017 CC401100 		.ascii	"\314@\021\000\016\"\001&"
  28      0E220126 
  29              		.text
  30              		.section	.gnu.lto_.inline.a80cf02a,"",%progbits
  31 0000 789C6361 		.ascii	"x\234ca`d\000\201$\006\004`a`\340\344`dd\340\000J1s"
  31      60640081 
  31      24060460 
  31      6160E0E4 
  31      606464E0 
  32 0018 1CB06360 		.ascii	"\034\260c`[ \317\304\300\262@\236\005$\013\024g\307"
  32      5B20CFC4 
  32      C0B2409E 
  32      05240B14 
  32      67C7
ARM GAS  C:\Users\JEFFSN~1\AppData\Local\Temp\ccPbbaoM.s 			page 2


  33 002a 9064BAC0 		.ascii	"\220d\272\300\017\226db`ced`b\373\240\007\021\007\002"
  33      0F966462 
  33      60636564 
  33      6062FBA0 
  33      07110702 
  34 003e 664C2106 		.ascii	"fL!\006\000\346\332\011\346"
  34      00E6DA09 
  34      E6
  35              		.text
  36              		.section	.gnu.lto_.pureconst.a80cf02a,"",%progbits
  37 0000 789C6361 		.ascii	"x\234ca`d\340d```a\220b\224b\222b\226\002\000\002\261"
  37      6064E064 
  37      60606061 
  37      90629462 
  37      92629602 
  38 0017 0081     		.ascii	"\000\201"
  39              		.text
  40              		.section	.gnu.lto_ADC_1_Bypass_P03_Write.a80cf02a,"",%progbits
  41 0000 789C5551 		.ascii	"x\234UQMKTa\024>\317\373\336{gj\324?\320,\334\210(\030"
  41      4D4B5461 
  41      143ECFFB 
  41      DE7B676A 
  41      D43FD02C 
  42 0018 C6E0B245 		.ascii	"\306\340\262E\032\270\225\334\032\3030\335\205\220\031"
  42      1AB895DC 
  42      1AC330DD 
  42      859019
  43 0027 CE18B4F2 		.ascii	"\316\030\264\362\275\2163\202\213t\223\263\2102\014"
  43      BD8E3382 
  43      8B7493B3 
  43      88320C
  44 0036 194BF3A3 		.ascii	"\031K\363\243V\212\213\313]Gn\204 \242\302\305\015\202"
  44      568A8BCB 
  44      5D476E84 
  44      20A2C2C5 
  44      0D82
  45 0048 608C063F 		.ascii	"`\214\006?\372\030\317\271w\223\007\336\217{\356\363"
  45      FA18CFB9 
  45      779307DE 
  45      8F7BEEF3 
  46 0058 3CE739E7 		.ascii	"<\3479\347\265\010$\321\255\210\256\363y\205\0274A-"
  46      B50824D1 
  46      AD88AEF3 
  46      79851734 
  46      412D
  47 006a BC27F292 		.ascii	"\274'\362\222\012\220\213I\202\246\024\246\320P\177"
  47      0A908B49 
  47      82A614A6 
  47      D0507F
  48 0079 1582D970 		.ascii	"\025\202\331pGu\325\014\307\327\225g\332\254\372(k\242"
  48      4775D50C 
  48      C7D79567 
  48      DAACFA28 
  48      6BA2
  49 008b A68A9408 		.ascii	"\246\212\224\0105t1\352\333\336\354\001t\017\210\357"
  49      357431EA 
  49      DBDEEC01 
ARM GAS  C:\Users\JEFFSN~1\AppData\Local\Temp\ccPbbaoM.s 			page 3


  49      740F88EF 
  50 009b 95A0514F 		.ascii	"\225\240QOu\256\0303mL\365\266\321e\015\254B3\003\231"
  50      75AE1833 
  50      6D4CF5B6 
  50      D1650DAC 
  50      42330399 
  51 00af 347AD3C4 		.ascii	"4z\323\304\011\302Kt\012\370\344\343\301F\233\316D\304"
  51      09C24B74 
  51      0AF8E4E3 
  51      C1469BCE 
  51      44C4
  52 00c1 05132EB7 		.ascii	"\005\023.\267t\274\020\242\177<V5\276\327.\334W\377"
  52      74BC10A2 
  52      7F3C5635 
  52      BED72EDC 
  52      57FF
  53 00d3 7325187A 		.ascii	"s%\030z\270\375\357q\2533#\256\332\261\206\216\330\017"
  53      B8FDEF71 
  53      AB3323AE 
  53      DAB1868E 
  53      D80F
  54 00e5 D6E17087 		.ascii	"\326\341p\207\220\314\346-\3374\233%\3437\354\206\276"
  54      90CCE62D 
  54      DF349B25 
  54      E337EC86 
  54      BE
  55 00f6 A4B8A8E2 		.ascii	"\244\270\250\342N\371\207\005\251mK\302\221-!\033Q\235"
  55      4EF98705 
  55      A96D4BC2 
  55      912D211B 
  55      519D
  56 0108 97747FA4 		.ascii	"\227t\177\244\224\234:Dp6\367\271\232\020\315\222\226"
  56      949C3A44 
  56      7036F7B9 
  56      9A10CD92 
  56      96
  57 0119 492C9683 		.ascii	"I,\226\203\375\304/U\326:rk\236\317\237\332\361\247"
  57      FDC42F55 
  57      D63A726B 
  57      9ECF9FDA 
  57      F1A7
  58 012b 59F68CC5 		.ascii	"Y\366\214\305\251\323\375\335\275\326%<\365fxF\0266"
  58      A9D3FDDD 
  58      BDD6253C 
  58      F5667846 
  58      1636
  59 013d 90C66BB0 		.ascii	"\220\306k\260glb\011\024\242\364\247\362\011\261\240"
  59      676C6209 
  59      14A2F4A7 
  59      F209B1A0 
  60 014d 8E359F7C 		.ascii	"\2165\237|\371\021\266\211\010p\014l1\370\020*j\203"
  60      F911B689 
  60      08700C6C 
  60      31F8102A 
  60      6A83
  61 015f 9D324A48 		.ascii	"\2352JH\365JXM\305,\273\244\245N\360s\253\326\",\033"
  61      F54A584D 
ARM GAS  C:\Users\JEFFSN~1\AppData\Local\Temp\ccPbbaoM.s 			page 4


  61      C52CBBA4 
  61      A54EF073 
  61      ABD6222C 
  62 0174 1ADB4C8A 		.ascii	"\032\333L\212\244\337\351\030$8\006\315\235}x\224\024"
  62      A4DFE918 
  62      243806CD 
  62      9D7D7894 
  62      14
  63 0185 908524DE 		.ascii	"\220\205$\336\304\240\023'\206$\"\003\016\247\202\305"
  63      C4A01327 
  63      86242203 
  63      0EA782C5 
  64 0195 C8D005F3 		.ascii	"\310\320\005\363\2361\251\213\376\337\262\177f\321w"
  64      9E31A98B 
  64      FEDFB27F 
  64      66D177
  65 01a4 4CFBBF6D 		.ascii	"L\373\277m!D\017QW\220Y\361\344\272\007\335{\356D\256"
  65      21440F51 
  65      579059F1 
  65      E4BA07DD 
  65      7BEE44AE 
  66 01b8 E8DEC90E 		.ascii	"\350\336\311\016\217ON\344\335\221\241\341\361\201\276"
  66      8F4F4EE4 
  66      DD91A1E1 
  66      F181BE
  67 01c7 911B3707 		.ascii	"\221\0337\007\262\327\262\375\017\357\347\012\205\354"
  67      B2D7B2FD 
  67      0FEFE70A 
  67      85EC
  68 01d5 506FE66A 		.ascii	"Po\346j\236\354\007\271\273\223\356\345B1W\034\315\367"
  68      9EEC07B9 
  68      BB93EEE5 
  68      4231571C 
  68      CDF7
  69 01e7 8F160BE7 		.ascii	"\217\026\013\347\220\204\305\376"
  69      9084C5FE 
  70              		.text
  71              		.section	.gnu.lto_ADC_1_Bypass_P03_SetDriveMode.a80cf02a,"",%progbits
  72 0000 789C7D51 		.ascii	"x\234}Q;K\034Q\024>\337\275\2633\273\210\372\003\334"
  72      3B4B1C51 
  72      143EDFBD 
  72      B333BB88 
  72      FA03DC
  73 0013 C24E0C28 		.ascii	"\302N\014(+\222\037\340\003m\027m\225EtJ\335\370*Ry"
  73      2B921FE0 
  73      036D176D 
  73      9545744A 
  73      DDF82A52 
  74 0028 77C74150 		.ascii	"w\307AP\004A\264P|4\242\211&F\304\302n]HJ\323YX\210"
  74      0441B450 
  74      7C34A289 
  74      2646C4C2 
  74      6E5D484A 
  75 0040 58AC2024 		.ascii	"X\254 $\254/\024\215Y\317\231\261\330\312\313\334\363"
  75      AC2F148D 
  75      59CF99B1 
  75      D8CACBDC 
ARM GAS  C:\Users\JEFFSN~1\AppData\Local\Temp\ccPbbaoM.s 			page 5


  75      F3
  76 0051 F8F8BE8F 		.ascii	"\370\370\276\217s\356X\004\222s\311\251\211s\015_h\202"
  76      73EE5804 
  76      9273C9A9 
  76      89730D5F 
  76      6882
  77 0063 9A3B26CA 		.ascii	"\232;&\312D\025 \205\211\202&\024&p\257^\024\362S\205"
  77      44152085 
  77      89822614 
  77      2670AF5E 
  77      14F25385 
  78 0077 4355BF69 		.ascii	"CU\277i\370\234\377\374\2330[9\370\232\250\244\002'"
  78      F89CFFFC 
  78      9B305B39 
  78      F89AA8A4 
  78      0227
  79 0089 C226EA99 		.ascii	"\302&\352\231u\273\2771_\241\033@\\_\037\027\317\252"
  79      75BBBF31 
  79      5FA11B40 
  79      5C5F1F17 
  79      CFAA
  80 009b EA368CC9 		.ascii	"\3526\214\311\032s\320k\264\257\201-hV\2409\216D\234"
  80      1A73D06B 
  80      B4AF812D 
  80      6856A039 
  80      8E449C
  81 00ae 18207C41 		.ascii	"\030 |A\235\220/\366\376/T\332\223b_\033\232\342+l\031"
  81      9D902FF6 
  81      FE2F54DA 
  81      93625F1B 
  81      9AE22B6C 
  82 00c3 73B72B67 		.ascii	"s\267+gJ%\317\344\036\354\243'\273B\261Li\016\332\222"
  82      4A25CFE4 
  82      1EECA327 
  82      BB42B14C 
  82      690EDA92 
  83 00d7 108138D8 		.ascii	"\020\2018\330R:\022\242\022b\302!*\362\225E\256\225"
  83      523A12A2 
  83      1262C221 
  83      2AF29545 
  83      AE95
  84 00e9 92AC0BC8 		.ascii	"\222\254\013\310?M\027\226-q\366\264,\265\350\347\177"
  84      3F4D1796 
  84      2D71F6B4 
  84      2CB5E8E7 
  84      7F
  85 00fa 3B77CAD7 		.ascii	";w\312\327V0\261\377|T\035v\336z\306X\214\314\256N-"
  85      5630B1FF 
  85      7C541D76 
  85      DE7AC658 
  85      8CCCAE4E 
  86 010f 55AE6125 		.ascii	"U\256a%3\311\333F\260\2038\266\021\347\341\276a\015"
  86      33C9DB46 
  86      B08338B6 
  86      11E7E1BE 
  86      610D
  87 0121 5440F6C6 		.ascii	"T@\366\306\011\3354\033r\357\375\263\303\336b\210\365"
ARM GAS  C:\Users\JEFFSN~1\AppData\Local\Temp\ccPbbaoM.s 			page 6


  87      09DD341B 
  87      72EFFDB3 
  87      C3DE6288 
  87      F5
  88 0132 A7BF665E 		.ascii	"\247\277f^bb\2511\214\357\254,\223\360\027)\2278\014"
  88      6262A931 
  88      8CEFAC2C 
  88      93F01729 
  88      97380C
  89 0145 B1E4CFC9 		.ascii	"\261\344\317\311\366\216\016%U\330\015$\336\343\033"
  89      F68E0E25 
  89      55D80D24 
  89      DEE31B
  90 0154 251A183B 		.ascii	"%\032\030;\345.1F\271\317/B\372\367F\376\301#3\237\256"
  90      E52E3146 
  90      B9CF2F42 
  90      FAF746FE 
  90      C123339F 
  91 0169 90CD3D77 		.ascii	"\220\315=w\010;\370sE\005y\035~\253\017\235\356\220"
  91      083BF873 
  91      4505791D 
  91      7EAB0F9D 
  91      EE90
  92 017b 3BD237E6 		.ascii	";\3227\346\016\244\272\323\343#\375nO\262;\335\366\261"
  92      0EA4BAD3 
  92      E323FD6E 
  92      4FB23BDD 
  92      F6B1
  93 018d A7A5BD2D 		.ascii	"\247\245\275-\325\224j\375\374\251ot4\225L47\366\223"
  93      D5946AFD 
  93      FCA96F74 
  93      34954C34 
  93      37F693
  94 01a0 35981E70 		.ascii	"5\230\036p_\001\354.\246\334"
  94      5F01EC2E 
  94      A6DC
  95              		.text
  96              		.section	.gnu.lto_ADC_1_Bypass_P03_Read.a80cf02a,"",%progbits
  97 0000 789C354F 		.ascii	"x\2345O1KBQ\024>\337\275O\237D\375\202\034Z\215\010"
  97      314B4251 
  97      143EDFBD 
  97      4F9F44FD 
  97      821C5A8D 
  98 0015 4382682B 		.ascii	"C\202h+\243VIh\022D\354\255\031ZC\223\357\251\257 \032"
  98      A3564968 
  98      1244ECAD 
  98      195A4393 
  98      EFA9AF20 
  99 002a 5A2A082A 		.ascii	"Z*\010*\010B\313\"\233\032\0322i\210\212Z\012\232\""
  99      0842CB22 
  99      9B1A1A32 
  99      69888A5A 
  99      0A9A22
 100 003d 221C9A4A 		.ascii	"\"\034\232J\214B*;\267W\007\3569\367~\367\373\316w\216"
 100      8C422A3B 
 100      B75707EE 
 100      39F77EF7 
ARM GAS  C:\Users\JEFFSN~1\AppData\Local\Temp\ccPbbaoM.s 			page 7


 100      FBCE778E 
 101 0051 46201563 		.ascii	"F \025c\\\272\270\266\363\201$\210\305+\"\313#\000u"
 101      5CBAB8B6 
 101      F3812488 
 101      C52B22CB 
 101      230075
 102 0064 313DA0B4 		.ascii	"1=\240\264@\032o\342K\340\342\375l\241\305\2277\315"
 102      401A6FE2 
 102      4BE0E2FD 
 102      6CA1C597 
 102      37CD
 103 0076 8CF9B0D5 		.ascii	"\214\371\260\325\350[)\224aK\242\246 \004\274\360{U"
 103      E85B2994 
 103      614BA2A6 
 103      2004BCF0 
 103      7B55
 104 0088 8B3C7CC4 		.ascii	"\213<|\304\324\307\203\357\2456w\316\344\350P\004\376"
 104      D4C783EF 
 104      A53677CE 
 104      E4E85004 
 104      FE
 105 0099 29C0AD2C 		.ascii	")\300\255,\367G\313f\263\2315\313\267\372\311\235\256"
 105      F747CB66 
 105      B39935CB 
 105      B7FAC99D 
 105      AE
 106 00aa 836CC9BE 		.ascii	"\203l\311\276\2344N\302\245\222\233T[za\231\032\342"
 106      9C344EC2 
 106      A5929B54 
 106      5B7A6199 
 106      1AE2
 107 00bc 55085565 		.ascii	"U\010Ue\025\225\306\374\375z\277\352\224\225\222]\226"
 107      1595C6FC 
 107      FD7ABFEA 
 107      9495925D 
 107      96
 108 00cd EDCAB55E 		.ascii	"\355\312\265^\027\266\224P\246\305S;\347r\236\326\246"
 108      17B69450 
 108      A6C5533B 
 108      E7729ED6 
 108      A6
 109 00de 656A0C1D 		.ascii	"ej\014\035~\224\216\261\2015+\307\243j\330\201\027\333"
 109      7E948EB1 
 109      81352BC7 
 109      A36AD881 
 109      17DB
 110 00f0 E0415164 		.ascii	"\340AQd\224\252\310~\016SV\302i\267zT?\377\325\003\036"
 110      94AAC87E 
 110      0E5356C2 
 110      69B77A54 
 110      3FFFD503 
 111 0105 EC32AD8A 		.ascii	"\3542\255\212Lm\356Rs\0145\346)Em\366Fw\020\027\203"
 111      4C6DEE52 
 111      730C35E6 
 111      29456DF6 
 111      46771017 
 112 011a 2CABD44A 		.ascii	",\253\324J\371V%\023\220\330\373\227=\301!)\036=C\374"
ARM GAS  C:\Users\JEFFSN~1\AppData\Local\Temp\ccPbbaoM.s 			page 8


 112      F9562513 
 112      90D8FB97 
 112      3DC12129 
 112      1E3D43FC 
 113 012e BDE87731 		.ascii	"\275\350w1\250\205x\275\316\021c\302H\306\246\214\361"
 113      A88578BD 
 113      CE1163C2 
 113      48C6A68C 
 113      F1
 114 013f 6838319D 		.ascii	"h81\235\214\033\221P8\021\354\215\014\014\005\243=\321"
 114      8C1B9150 
 114      3811EC8D 
 114      0C0C05A3 
 114      3DD1
 115 0151 C199C958 		.ascii	"\301\231\311X*\025\015\371\003\335q\372\001\261]}\366"
 115      2A150DF9 
 115      03DD71FA 
 115      01B15D7D 
 115      F6
 116              		.text
 117              		.section	.gnu.lto_ADC_1_Bypass_P03_ReadDataReg.a80cf02a,"",%progbits
 118 0000 789C354F 		.ascii	"x\2345OKK\302A\020\237\337\356\337\007\222\237 \017"
 118      4B4BC241 
 118      109FDFEE 
 118      DF07929F 
 118      200F
 119 0012 5D8D0843 		.ascii	"]\215\010C:\324\255\214\272JB'A\304\274fh\035:\271\276"
 119      3AD4AD8C 
 119      BA4A4227 
 119      41C4BC66 
 119      681D3AB9 
 120 0027 0A22A84B 		.ascii	"\012\"\250K\005A\030A\250=\250\256=\300<EEv\350\003"
 120      05411841 
 120      A83DA8AE 
 120      3DC03C45 
 120      4576E803 
 121 003b 4484874E 		.ascii	"D\204\207N%F\030\245\315\372\257\201\235\331\235\375"
 121      254618A5 
 121      CDFAAF81 
 121      9DD99DFD 
 122 004b 3D660C02 		.ascii	"=f\014\002\351\230\342\322\307\265\233\017$A\254\335"
 122      E998E2D2 
 122      C7B59B0F 
 122      2441ACDD 
 123 005b 13A5EC02 		.ascii	"\023\245\354\002\320\027e\007%\005\222\370\020?\002"
 123      D0176507 
 123      250592F8 
 123      103F02
 124 006a B79FD72B 		.ascii	"\267\237\327+\016wA\251\264z\332+\014m\026\313\310I"
 124      0E7741A9 
 124      B47ADA2B 
 124      0C6D16CB 
 124      C849
 125 007c A2B62078 		.ascii	"\242\266 x]\360\270\264D\001nb\350\363ik\335i\315*\216"
 125      5DF0B8B4 
 125      44016E62 
 125      E8F3696B 
ARM GAS  C:\Users\JEFFSN~1\AppData\Local\Temp\ccPbbaoM.s 			page 9


 125      DD69CD2A 
 126 0091 1E0DE09F 		.ascii	"\036\015\340\237\"\254\332\362x\262\254\332\355\214"
 126      22ACDAF2 
 126      78B2ACDA 
 126      ED8C
 127 009f 2A5F3AAE 		.ascii	"*_:\256\036\0346PN\262/'\203\223\260\350d%-KoL\323C"
 127      1E1C3650 
 127      4EB22F27 
 127      8393B0E8 
 127      64252D4B 
 128 00b7 BC0BA1AB 		.ascii	"\274\013\241\253\254\241\362\265\334*\015k\245\214\224"
 128      ACA1F2B5 
 128      DC2A0D6B 
 128      A58C94
 129 00c6 ECB291AB 		.ascii	"\354\262\221\253Tm\015\221\223\022\332T\355\2546-\346"
 129      546D0D91 
 129      9312DA54 
 129      EDAC362D 
 129      E6
 130 00d7 53EDA694 		.ascii	"S\355\246\224\301\255f\365\354\302\231\307v*\313\243"
 130      C1AD66F5 
 130      ECC299C7 
 130      762ACBA3 
 131 00e7 1AD8870B 		.ascii	"\032\330\207\013%\360\2408@\036TC\346{\2342\022\246"
 131      25F0A038 
 131      401E5443 
 131      E67B9C32 
 131      12A6
 132 00f9 DCD679E3 		.ascii	"\334\326y\343\246\303\007\3548dX\015\351\372\322\235"
 132      A6C307EC 
 132      3864580D 
 132      E9FAD29D 
 133 0109 611A1A8C 		.ascii	"a\032\032\214\323\214\372\342\243\315\354X\270\311\264"
 133      D38CFAE2 
 133      A3CDEC58 
 133      B8C9B4
 134 0118 4AFDA4D0 		.ascii	"J\375\244\320\245i\002\022G\377\264\027\230 \215\243"
 134      A5690212 
 134      47FFB417 
 134      98208DA3 
 135 0128 5788BF17 		.ascii	"W\210\277\027u\026\203^\210\327\353\235\210\316D\343"
 135      7516835E 
 135      88D7EB9D 
 135      88CE44E3 
 136 0138 E1B9E874 		.ascii	"\341\271\350t(\020\233\217G\242A\177 \346\033\014\216"
 136      28109B8F 
 136      47A2417F 
 136      20E61B0C 
 136      8E
 137 0149 8CF94203 		.ascii	"\214\371B\003\241\321\205\331p\"\021\362{\274\375\021"
 137      A1D185D9 
 137      702211F2 
 137      7BBCFD11 
 138 0159 FA05907C 		.ascii	"\372\005\220|~\020"
 138      7E10
 139              		.text
 140              		.section	.gnu.lto_.symbol_nodes.a80cf02a,"",%progbits
ARM GAS  C:\Users\JEFFSN~1\AppData\Local\Temp\ccPbbaoM.s 			page 10


 141 0000 789C6361 		.ascii	"x\234ca`dpc\000\002&\206z\006\206\011\347\030@\324\256"
 141      60647063 
 141      00022686 
 141      7A068609 
 141      E71840D4 
 142 0015 0645A000 		.ascii	"\006E\240\000c=#\252\000S=\023\252\000s=3\212\000\003"
 142      633D23AA 
 142      00533D13 
 142      AA00733D 
 142      338A0003 
 143 0029 0026B60F 		.ascii	"\000&\266\017<"
 143      3C
 144              		.text
 145              		.section	.gnu.lto_.refs.a80cf02a,"",%progbits
 146 0000 789C6361 		.ascii	"x\234ca`\004B \000\000\0009\000\007"
 146      60044220 
 146      00000039 
 146      0007
 147              		.text
 148              		.section	.gnu.lto_.decls.a80cf02a,"",%progbits
 149 0000 789C8D53 		.ascii	"x\234\215S]H\024Q\024\276gfv\225i\323\220\022\0376\330"
 149      5D481451 
 149      14BE6766 
 149      769569D3 
 149      90121F36 
 150 0015 7C921E16 		.ascii	"|\222\036\026E\002\203(K\311\247R\024\355EXV\035\314"
 150      45028328 
 150      4BC9A752 
 150      14ED4558 
 150      561DCC
 151 0028 1795750D 		.ascii	"\027\225u\015|\273\272\006\375\020)\241\251\031ZAj\376"
 151      7CBBBA06 
 151      FD1029A1 
 151      A9195A41 
 151      6AFE
 152 003a B7BBB6AE 		.ascii	"\267\273\266\256\232fh&\010\212 \204A\222\371 \031X"
 152      9A666826 
 152      088A2084 
 152      4192F920 
 152      1958
 153 004c 0AE1836D 		.ascii	"\012\341\203m\347\336\231i\026\335\300\303\234\231s"
 153      E7DE9969 
 153      16DDC0C3 
 153      9C9973
 154 005b EE3DDF77 		.ascii	"\356=\337w\276{fF\"@\230\245K\204\314\343\323\212i\010"
 154      BE7B6646 
 154      224098A5 
 154      4B84CCE3 
 154      D38A6908 
 155 006f CD847101 		.ascii	"\315\204q\0011\014\267\211\027\335\217\036@\017\222"
 155      310CB789 
 155      17DD8F1E 
 155      400F92
 156 007e C3C6F6CD 		.ascii	"\303\306\366\315\032n\200q\241O\242O\240gk5\240\325"
 156      1A6E8071 
 156      A14FA24F 
 156      A0676B35 
ARM GAS  C:\Users\JEFFSN~1\AppData\Local\Temp\ccPbbaoM.s 			page 11


 156      A0D5
 157 0090 1D347F04 		.ascii	"\0354\177\004\354t\030^\307\372#`\231\036S\030.;\002"
 157      EC74185E 
 157      C7FA2360 
 157      991E5318 
 157      2E3B02
 158 00a3 2E100117 		.ascii	".\020\001\027<\002.\3229\367\005\010u\370\036F\257\302"
 158      3C022ED2 
 158      39F70508 
 158      75F81E46 
 158      AFC2
 159 00b5 27108936 		.ascii	"'\020\2116@\002\240\336\201;Q\235\247\030\010D\015\364"
 159      4002A0DE 
 159      813B519D 
 159      A7180844 
 159      0DF4
 160 00c7 A57F46B4 		.ascii	"\245\177F\264\022A\017\0152~ix\010\351\306I\014v\320"
 160      12410F0D 
 160      327E6978 
 160      08E9C649 
 160      0C76D0
 161 00da 406AAEEB 		.ascii	"@j\256\353\326@ \030\015@MuD\030\337\001E\272f\275\015"
 161      D6402018 
 161      0D404D75 
 161      4418DF01 
 161      45BA66BD 
 162 00ef 11F4437F 		.ascii	"\021\364C\177m\230\331\212\026\005`\361\227\275\356"
 162      6D98D98A 
 162      160560F1 
 162      97BDEE
 163 00fe ABF63E8A 		.ascii	"\253\366>\212\326@\251p\336\230\314\340\355o=\321\273"
 163      D640A970 
 163      DE98CCE0 
 163      ED6F3DD1 
 163      BB
 164 010f 02586508 		.ascii	"\002Xe\010\001\313\267F\367\216\2539\333nm\\\377sLL"
 164      01CBB746 
 164      F78EAB39 
 164      DB6E6D5C 
 164      FF734C4C 
 165 0123 64B1B0BC 		.ascii	"d\261\260\274\336\273)A\222\374\222\321\254\015o\\\034"
 165      DEBB2941 
 165      92FC92D1 
 165      AC0D6F5C 
 165      1C
 166 0134 A5F4040C 		.ascii	"\245\364\004\014\200\014} B\017\330\231\006\253\214"
 166      800C7D20 
 166      420FD899 
 166      06AB8C
 167 0143 F73B94D6 		.ascii	"\367;\224\326\321\355\347\324\234@ \325\012\311V\002"
 167      D1EDE7D4 
 167      9C4020D5 
 167      0AC95602 
 168 0153 FD90C438 		.ascii	"\375\220\3048Y\025\364\202\025^\201\225\361o<\356\370"
 168      5915F482 
 168      155E8195 
 168      F16F3CEE 
ARM GAS  C:\Users\JEFFSN~1\AppData\Local\Temp\ccPbbaoM.s 			page 12


 168      F8
 169 0164 6E965032 		.ascii	"n\226P2\347)\222\330\332R\375P\273\210\022\342d\220"
 169      E72992D8 
 169      DA52FD50 
 169      BB8812E2 
 169      6490
 170 0176 30FDB9D0 		.ascii	"0\375\271\320\266\036\203\351I\031l\230\366\005?o\231"
 170      B61E83E9 
 170      49196C98 
 170      F6053F6F 
 170      99
 171 0187 139AF951 		.ascii	"\023\232\371Q<\324&AA<\014#\341\020\022\022x\015\011"
 171      3CD42641 
 171      413C0C23 
 171      E1101212 
 171      780D09
 172 019a 781F0449 		.ascii	"x\037\004I{\3573\3765Kb'\355\034\242k\376\331\013\315"
 172      7BEF33FE 
 172      354B6227 
 172      ED1CA26B 
 172      FED90BCD 
 173 01ae 1E3A8738 		.ascii	"\036:\2078\033+\203nCt7\373.\010t\301*\316\320\013\211"
 173      1B2B836E 
 173      437437FB 
 173      2E0874C1 
 173      2ACED00B 
 174 01c3 88DCFFE8 		.ascii	"\210\334\377\350\375m\021\253\371\020\236N\325\006d"
 174      FD6D11AB 
 174      F9109E4E 
 174      D50664
 175 01d2 95656A77 		.ascii	"\225ejw\326B\033j)M\347\034>\203\303\027\316\341\347"
 175      D6421B6A 
 175      294DE71C 
 175      3E83C317 
 175      CEE1E7
 176 01e5 1C0B2D3B 		.ascii	"\034\013-;\335\261\342#\340$\213\367g<\261\341\272\331"
 176      DDB1E223 
 176      E0248BF7 
 176      673CB1E1 
 176      BAD9
 177 01f7 810DE16F 		.ascii	"\201\015\341o\270\360\"M\367b\355\274_\320:.\177\020"
 177      B8F0224D 
 177      F762EDBC 
 177      5FD03A2E 
 177      7F10
 178 0209 5BE9543D 		.ascii	"[\351T=\342\004V\005#F\317\221\360\236\001\336s\354"
 178      E2045605 
 178      2346CF91 
 178      F09E01DE 
 178      73EC
 179 021b D783F7B2 		.ascii	"\327\203\367\262\330\243\366\234\335\350z!j4\301y]8"
 179      D8A3F69C 
 179      DDE87A21 
 179      6A34C179 
 179      5D38
 180 022d 23193548 		.ascii	"#\0315HF\303I\202\234d\267~g\305,\343[\364\034\355-"
 180      46C34982 
ARM GAS  C:\Users\JEFFSN~1\AppData\Local\Temp\ccPbbaoM.s 			page 13


 180      9C64B77E 
 180      67C52CE3 
 180      5BF41CED 
 181 0242 2E6C3E0B 		.ascii	".l>\013E\211\263\274\251\340mjm\212\0029)\002\374m\004"
 181      4589B3BC 
 181      A9E06D6A 
 181      6D8A0239 
 181      2902FC6D 
 182 0257 B8F635F5 		.ascii	"\270\3665\365\3477\336e'\234\300\251\214\033\342\306"
 182      E737DE65 
 182      279CC0A9 
 182      8C1BE2C6 
 183 0267 405627E2 		.ascii	"@V'\342[\3741h\262\334c\037\026\216/n.\206W\032\363"
 183      5BFC3168 
 183      B2DC631F 
 183      168E2F6E 
 183      2E86571A 
 184 027c 9B040BFF 		.ascii	"\233\004\013\377\007\360\271/\210\343+O\332E\334c\227"
 184      07F0B92F 
 184      88E32B4F 
 184      DA45DC63 
 184      97
 185 028d DC46510A 		.ascii	"\334FQ\012]\002\230F2\236l_\3421[\246\333u\324\334\022"
 185      5D029846 
 185      329E6C5F 
 185      E2315BA6 
 185      DB75D4DC 
 186 02a2 A34B247C 		.ascii	"\243K$|\203\300\024\"\337!1O\343/gf8R\034Wj*\235UU\216"
 186      83C01422 
 186      DF21314F 
 186      E32F6766 
 186      38521C57 
 187 02bc 9CE454C7 		.ascii	"\234\344T\307\015W\231[\211\316\272\236o\313HI!\246"
 187      0D57995B 
 187      89CEBA9E 
 187      6FCB4849 
 187      21A6
 188 02ce EAB27277 		.ascii	"\352\262rw\332\231,\245\\q9\335J\211#\257\242\332U\254"
 188      DA992CA5 
 188      5C7139DD 
 188      4A8923AF 
 188      A2DA55AC 
 189 02e2 14E6E455 		.ascii	"\024\346\344Ud\234+,\256q\327T*U\366\233\344\354\177"
 189      649C2B2C 
 189      AE71D754 
 189      2A55F69B 
 189      E4EC7F
 190 02f5 2A0ED2DB 		.ascii	"*\016\322\333\213\311\351C-\363\024w\246\253\354\226"
 190      8BC9E943 
 190      2DF31477 
 190      A6ABEC96 
 191 0305 72ADA244 		.ascii	"r\255\242D9uh7Wq\226X#\256f:\335\316\\\245Tr)\245i\177"
 191      39756837 
 191      57719658 
 191      23AE663A 
 191      DDCE5CA5 
 192 031f 01814773 		.ascii	"\001\201Gs\333"
ARM GAS  C:\Users\JEFFSN~1\AppData\Local\Temp\ccPbbaoM.s 			page 14


 192      DB
 193              		.text
 194              		.section	.gnu.lto_.symtab.a80cf02a,"",%progbits
 195 0000 4144435F 		.ascii	"ADC_1_Bypass_P03_Write\000"
 195      315F4279 
 195      70617373 
 195      5F503033 
 195      5F577269 
 196 0017 00       		.ascii	"\000"
 197 0018 00       		.ascii	"\000"
 198 0019 00       		.ascii	"\000"
 199 001a 00000000 		.ascii	"\000\000\000\000\000\000\000\000"
 199      00000000 
 200 0022 B3000000 		.ascii	"\263\000\000\000"
 201 0026 4144435F 		.ascii	"ADC_1_Bypass_P03_SetDriveMode\000"
 201      315F4279 
 201      70617373 
 201      5F503033 
 201      5F536574 
 202 0044 00       		.ascii	"\000"
 203 0045 00       		.ascii	"\000"
 204 0046 00       		.ascii	"\000"
 205 0047 00000000 		.ascii	"\000\000\000\000\000\000\000\000"
 205      00000000 
 206 004f B5000000 		.ascii	"\265\000\000\000"
 207 0053 4144435F 		.ascii	"ADC_1_Bypass_P03_Read\000"
 207      315F4279 
 207      70617373 
 207      5F503033 
 207      5F526561 
 208 0069 00       		.ascii	"\000"
 209 006a 00       		.ascii	"\000"
 210 006b 00       		.ascii	"\000"
 211 006c 00000000 		.ascii	"\000\000\000\000\000\000\000\000"
 211      00000000 
 212 0074 B8000000 		.ascii	"\270\000\000\000"
 213 0078 4144435F 		.ascii	"ADC_1_Bypass_P03_ReadDataReg\000"
 213      315F4279 
 213      70617373 
 213      5F503033 
 213      5F526561 
 214 0095 00       		.ascii	"\000"
 215 0096 00       		.ascii	"\000"
 216 0097 00       		.ascii	"\000"
 217 0098 00000000 		.ascii	"\000\000\000\000\000\000\000\000"
 217      00000000 
 218 00a0 BA000000 		.ascii	"\272\000\000\000"
 219              		.text
 220              		.section	.gnu.lto_.opts,"",%progbits
 221 0000 272D666D 		.ascii	"'-fmath-errno' '-fsigned-zeros' '-ftrapping-math' '"
 221      6174682D 
 221      6572726E 
 221      6F272027 
 221      2D667369 
 222 0033 2D666E6F 		.ascii	"-fno-trapv' '-fno-openmp' '-fno-openacc' '-mcpu=cor"
 222      2D747261 
 222      70762720 
ARM GAS  C:\Users\JEFFSN~1\AppData\Local\Temp\ccPbbaoM.s 			page 15


 222      272D666E 
 222      6F2D6F70 
 223 0066 7465782D 		.ascii	"tex-m3' '-mthumb' '-g' '-O3' '-ffunction-sections' "
 223      6D332720 
 223      272D6D74 
 223      68756D62 
 223      2720272D 
 224 0099 272D6666 		.ascii	"'-ffat-lto-objects' '-finline-functions' '-flto'\000"
 224      61742D6C 
 224      746F2D6F 
 224      626A6563 
 224      74732720 
 225              		.text
 226              		.cfi_sections	.debug_frame
 227              		.section	.text.ADC_1_Bypass_P03_Write,"ax",%progbits
 228              		.align	2
 229              		.global	ADC_1_Bypass_P03_Write
 230              		.thumb
 231              		.thumb_func
 232              		.type	ADC_1_Bypass_P03_Write, %function
 233              	ADC_1_Bypass_P03_Write:
 234              	.LFB0:
 235              		.file 1 "Generated_Source\\PSoC5\\ADC_1_Bypass_P03.c"
   1:Generated_Source\PSoC5/ADC_1_Bypass_P03.c **** /*******************************************************************************
   2:Generated_Source\PSoC5/ADC_1_Bypass_P03.c **** * File Name: ADC_1_Bypass_P03.c  
   3:Generated_Source\PSoC5/ADC_1_Bypass_P03.c **** * Version 2.20
   4:Generated_Source\PSoC5/ADC_1_Bypass_P03.c **** *
   5:Generated_Source\PSoC5/ADC_1_Bypass_P03.c **** * Description:
   6:Generated_Source\PSoC5/ADC_1_Bypass_P03.c **** *  This file contains API to enable firmware control of a Pins component.
   7:Generated_Source\PSoC5/ADC_1_Bypass_P03.c **** *
   8:Generated_Source\PSoC5/ADC_1_Bypass_P03.c **** * Note:
   9:Generated_Source\PSoC5/ADC_1_Bypass_P03.c **** *
  10:Generated_Source\PSoC5/ADC_1_Bypass_P03.c **** ********************************************************************************
  11:Generated_Source\PSoC5/ADC_1_Bypass_P03.c **** * Copyright 2008-2015, Cypress Semiconductor Corporation.  All rights reserved.
  12:Generated_Source\PSoC5/ADC_1_Bypass_P03.c **** * You may use this file only in accordance with the license, terms, conditions, 
  13:Generated_Source\PSoC5/ADC_1_Bypass_P03.c **** * disclaimers, and limitations in the end user license agreement accompanying 
  14:Generated_Source\PSoC5/ADC_1_Bypass_P03.c **** * the software package with which this file was provided.
  15:Generated_Source\PSoC5/ADC_1_Bypass_P03.c **** *******************************************************************************/
  16:Generated_Source\PSoC5/ADC_1_Bypass_P03.c **** 
  17:Generated_Source\PSoC5/ADC_1_Bypass_P03.c **** #include "cytypes.h"
  18:Generated_Source\PSoC5/ADC_1_Bypass_P03.c **** #include "ADC_1_Bypass_P03.h"
  19:Generated_Source\PSoC5/ADC_1_Bypass_P03.c **** 
  20:Generated_Source\PSoC5/ADC_1_Bypass_P03.c **** /* APIs are not generated for P15[7:6] on PSoC 5 */
  21:Generated_Source\PSoC5/ADC_1_Bypass_P03.c **** #if !(CY_PSOC5A &&\
  22:Generated_Source\PSoC5/ADC_1_Bypass_P03.c **** 	 ADC_1_Bypass_P03__PORT == 15 && ((ADC_1_Bypass_P03__MASK & 0xC0) != 0))
  23:Generated_Source\PSoC5/ADC_1_Bypass_P03.c **** 
  24:Generated_Source\PSoC5/ADC_1_Bypass_P03.c **** 
  25:Generated_Source\PSoC5/ADC_1_Bypass_P03.c **** /*******************************************************************************
  26:Generated_Source\PSoC5/ADC_1_Bypass_P03.c **** * Function Name: ADC_1_Bypass_P03_Write
  27:Generated_Source\PSoC5/ADC_1_Bypass_P03.c **** ****************************************************************************//**
  28:Generated_Source\PSoC5/ADC_1_Bypass_P03.c **** *
  29:Generated_Source\PSoC5/ADC_1_Bypass_P03.c **** * \brief Writes the value to the physical port (data output register), masking
  30:Generated_Source\PSoC5/ADC_1_Bypass_P03.c **** *  and shifting the bits appropriately. 
  31:Generated_Source\PSoC5/ADC_1_Bypass_P03.c **** *
  32:Generated_Source\PSoC5/ADC_1_Bypass_P03.c **** * The data output register controls the signal applied to the physical pin in 
  33:Generated_Source\PSoC5/ADC_1_Bypass_P03.c **** * conjunction with the drive mode parameter. This function avoids changing 
  34:Generated_Source\PSoC5/ADC_1_Bypass_P03.c **** * other bits in the port by using the appropriate method (read-modify-write or
ARM GAS  C:\Users\JEFFSN~1\AppData\Local\Temp\ccPbbaoM.s 			page 16


  35:Generated_Source\PSoC5/ADC_1_Bypass_P03.c **** * bit banding).
  36:Generated_Source\PSoC5/ADC_1_Bypass_P03.c **** *
  37:Generated_Source\PSoC5/ADC_1_Bypass_P03.c **** * <b>Note</b> This function should not be used on a hardware digital output pin 
  38:Generated_Source\PSoC5/ADC_1_Bypass_P03.c **** * as it is driven by the hardware signal attached to it.
  39:Generated_Source\PSoC5/ADC_1_Bypass_P03.c **** *
  40:Generated_Source\PSoC5/ADC_1_Bypass_P03.c **** * \param value
  41:Generated_Source\PSoC5/ADC_1_Bypass_P03.c **** *  Value to write to the component instance.
  42:Generated_Source\PSoC5/ADC_1_Bypass_P03.c **** *
  43:Generated_Source\PSoC5/ADC_1_Bypass_P03.c **** * \return 
  44:Generated_Source\PSoC5/ADC_1_Bypass_P03.c **** *  None 
  45:Generated_Source\PSoC5/ADC_1_Bypass_P03.c **** *
  46:Generated_Source\PSoC5/ADC_1_Bypass_P03.c **** * \sideeffect
  47:Generated_Source\PSoC5/ADC_1_Bypass_P03.c **** *  If you use read-modify-write operations that are not atomic; the Interrupt 
  48:Generated_Source\PSoC5/ADC_1_Bypass_P03.c **** *  Service Routines (ISR) can cause corruption of this function. An ISR that 
  49:Generated_Source\PSoC5/ADC_1_Bypass_P03.c **** *  interrupts this function and performs writes to the Pins component data 
  50:Generated_Source\PSoC5/ADC_1_Bypass_P03.c **** *  register can cause corrupted port data. To avoid this issue, you should 
  51:Generated_Source\PSoC5/ADC_1_Bypass_P03.c **** *  either use the Per-Pin APIs (primary method) or disable interrupts around 
  52:Generated_Source\PSoC5/ADC_1_Bypass_P03.c **** *  this function.
  53:Generated_Source\PSoC5/ADC_1_Bypass_P03.c **** *
  54:Generated_Source\PSoC5/ADC_1_Bypass_P03.c **** * \funcusage
  55:Generated_Source\PSoC5/ADC_1_Bypass_P03.c **** *  \snippet ADC_1_Bypass_P03_SUT.c usage_ADC_1_Bypass_P03_Write
  56:Generated_Source\PSoC5/ADC_1_Bypass_P03.c **** *******************************************************************************/
  57:Generated_Source\PSoC5/ADC_1_Bypass_P03.c **** void ADC_1_Bypass_P03_Write(uint8 value)
  58:Generated_Source\PSoC5/ADC_1_Bypass_P03.c **** {
 236              		.loc 1 58 0
 237              		.cfi_startproc
 238              		@ args = 0, pretend = 0, frame = 0
 239              		@ frame_needed = 0, uses_anonymous_args = 0
 240              		@ link register save eliminated.
 241              	.LVL0:
  59:Generated_Source\PSoC5/ADC_1_Bypass_P03.c ****     uint8 staticBits = (ADC_1_Bypass_P03_DR & (uint8)(~ADC_1_Bypass_P03_MASK));
 242              		.loc 1 59 0
 243 0000 044A     		ldr	r2, .L2
  60:Generated_Source\PSoC5/ADC_1_Bypass_P03.c ****     ADC_1_Bypass_P03_DR = staticBits | ((uint8)(value << ADC_1_Bypass_P03_SHIFT) & ADC_1_Bypass_P03
 244              		.loc 1 60 0
 245 0002 C000     		lsls	r0, r0, #3
 246              	.LVL1:
  59:Generated_Source\PSoC5/ADC_1_Bypass_P03.c ****     uint8 staticBits = (ADC_1_Bypass_P03_DR & (uint8)(~ADC_1_Bypass_P03_MASK));
 247              		.loc 1 59 0
 248 0004 1378     		ldrb	r3, [r2]	@ zero_extendqisi2
 249              	.LVL2:
 250              		.loc 1 60 0
 251 0006 00F00800 		and	r0, r0, #8
 252 000a 03F0F703 		and	r3, r3, #247
 253              	.LVL3:
 254 000e 1843     		orrs	r0, r0, r3
 255 0010 1070     		strb	r0, [r2]
 256 0012 7047     		bx	lr
 257              	.L3:
 258              		.align	2
 259              	.L2:
 260 0014 00510040 		.word	1073762560
 261              		.cfi_endproc
 262              	.LFE0:
 263              		.size	ADC_1_Bypass_P03_Write, .-ADC_1_Bypass_P03_Write
 264              		.section	.text.ADC_1_Bypass_P03_SetDriveMode,"ax",%progbits
 265              		.align	2
ARM GAS  C:\Users\JEFFSN~1\AppData\Local\Temp\ccPbbaoM.s 			page 17


 266              		.global	ADC_1_Bypass_P03_SetDriveMode
 267              		.thumb
 268              		.thumb_func
 269              		.type	ADC_1_Bypass_P03_SetDriveMode, %function
 270              	ADC_1_Bypass_P03_SetDriveMode:
 271              	.LFB1:
  61:Generated_Source\PSoC5/ADC_1_Bypass_P03.c **** }
  62:Generated_Source\PSoC5/ADC_1_Bypass_P03.c **** 
  63:Generated_Source\PSoC5/ADC_1_Bypass_P03.c **** 
  64:Generated_Source\PSoC5/ADC_1_Bypass_P03.c **** /*******************************************************************************
  65:Generated_Source\PSoC5/ADC_1_Bypass_P03.c **** * Function Name: ADC_1_Bypass_P03_SetDriveMode
  66:Generated_Source\PSoC5/ADC_1_Bypass_P03.c **** ****************************************************************************//**
  67:Generated_Source\PSoC5/ADC_1_Bypass_P03.c **** *
  68:Generated_Source\PSoC5/ADC_1_Bypass_P03.c **** * \brief Sets the drive mode for each of the Pins component's pins.
  69:Generated_Source\PSoC5/ADC_1_Bypass_P03.c **** * 
  70:Generated_Source\PSoC5/ADC_1_Bypass_P03.c **** * <b>Note</b> This affects all pins in the Pins component instance. Use the
  71:Generated_Source\PSoC5/ADC_1_Bypass_P03.c **** * Per-Pin APIs if you wish to control individual pin's drive modes.
  72:Generated_Source\PSoC5/ADC_1_Bypass_P03.c **** *
  73:Generated_Source\PSoC5/ADC_1_Bypass_P03.c **** * \param mode
  74:Generated_Source\PSoC5/ADC_1_Bypass_P03.c **** *  Mode for the selected signals. Valid options are documented in 
  75:Generated_Source\PSoC5/ADC_1_Bypass_P03.c **** *  \ref driveMode.
  76:Generated_Source\PSoC5/ADC_1_Bypass_P03.c **** *
  77:Generated_Source\PSoC5/ADC_1_Bypass_P03.c **** * \return
  78:Generated_Source\PSoC5/ADC_1_Bypass_P03.c **** *  None
  79:Generated_Source\PSoC5/ADC_1_Bypass_P03.c **** *
  80:Generated_Source\PSoC5/ADC_1_Bypass_P03.c **** * \sideeffect
  81:Generated_Source\PSoC5/ADC_1_Bypass_P03.c **** *  If you use read-modify-write operations that are not atomic, the ISR can
  82:Generated_Source\PSoC5/ADC_1_Bypass_P03.c **** *  cause corruption of this function. An ISR that interrupts this function 
  83:Generated_Source\PSoC5/ADC_1_Bypass_P03.c **** *  and performs writes to the Pins component Drive Mode registers can cause 
  84:Generated_Source\PSoC5/ADC_1_Bypass_P03.c **** *  corrupted port data. To avoid this issue, you should either use the Per-Pin
  85:Generated_Source\PSoC5/ADC_1_Bypass_P03.c **** *  APIs (primary method) or disable interrupts around this function.
  86:Generated_Source\PSoC5/ADC_1_Bypass_P03.c **** *
  87:Generated_Source\PSoC5/ADC_1_Bypass_P03.c **** * \funcusage
  88:Generated_Source\PSoC5/ADC_1_Bypass_P03.c **** *  \snippet ADC_1_Bypass_P03_SUT.c usage_ADC_1_Bypass_P03_SetDriveMode
  89:Generated_Source\PSoC5/ADC_1_Bypass_P03.c **** *******************************************************************************/
  90:Generated_Source\PSoC5/ADC_1_Bypass_P03.c **** void ADC_1_Bypass_P03_SetDriveMode(uint8 mode)
  91:Generated_Source\PSoC5/ADC_1_Bypass_P03.c **** {
 272              		.loc 1 91 0
 273              		.cfi_startproc
 274              		@ args = 0, pretend = 0, frame = 0
 275              		@ frame_needed = 0, uses_anonymous_args = 0
 276              		@ link register save eliminated.
 277              	.LVL4:
  92:Generated_Source\PSoC5/ADC_1_Bypass_P03.c **** 	CyPins_SetPinDriveMode(ADC_1_Bypass_P03_0, mode);
 278              		.loc 1 92 0
 279 0000 044A     		ldr	r2, .L5
 280 0002 00F00E00 		and	r0, r0, #14
 281              	.LVL5:
 282 0006 1378     		ldrb	r3, [r2]	@ zero_extendqisi2
 283 0008 03F0F103 		and	r3, r3, #241
 284 000c 1843     		orrs	r0, r0, r3
 285 000e 1070     		strb	r0, [r2]
 286 0010 7047     		bx	lr
 287              	.L6:
 288 0012 00BF     		.align	2
 289              	.L5:
 290 0014 03500040 		.word	1073762307
ARM GAS  C:\Users\JEFFSN~1\AppData\Local\Temp\ccPbbaoM.s 			page 18


 291              		.cfi_endproc
 292              	.LFE1:
 293              		.size	ADC_1_Bypass_P03_SetDriveMode, .-ADC_1_Bypass_P03_SetDriveMode
 294              		.section	.text.ADC_1_Bypass_P03_Read,"ax",%progbits
 295              		.align	2
 296              		.global	ADC_1_Bypass_P03_Read
 297              		.thumb
 298              		.thumb_func
 299              		.type	ADC_1_Bypass_P03_Read, %function
 300              	ADC_1_Bypass_P03_Read:
 301              	.LFB2:
  93:Generated_Source\PSoC5/ADC_1_Bypass_P03.c **** }
  94:Generated_Source\PSoC5/ADC_1_Bypass_P03.c **** 
  95:Generated_Source\PSoC5/ADC_1_Bypass_P03.c **** 
  96:Generated_Source\PSoC5/ADC_1_Bypass_P03.c **** /*******************************************************************************
  97:Generated_Source\PSoC5/ADC_1_Bypass_P03.c **** * Function Name: ADC_1_Bypass_P03_Read
  98:Generated_Source\PSoC5/ADC_1_Bypass_P03.c **** ****************************************************************************//**
  99:Generated_Source\PSoC5/ADC_1_Bypass_P03.c **** *
 100:Generated_Source\PSoC5/ADC_1_Bypass_P03.c **** * \brief Reads the associated physical port (pin status register) and masks 
 101:Generated_Source\PSoC5/ADC_1_Bypass_P03.c **** *  the required bits according to the width and bit position of the component
 102:Generated_Source\PSoC5/ADC_1_Bypass_P03.c **** *  instance. 
 103:Generated_Source\PSoC5/ADC_1_Bypass_P03.c **** *
 104:Generated_Source\PSoC5/ADC_1_Bypass_P03.c **** * The pin's status register returns the current logic level present on the 
 105:Generated_Source\PSoC5/ADC_1_Bypass_P03.c **** * physical pin.
 106:Generated_Source\PSoC5/ADC_1_Bypass_P03.c **** *
 107:Generated_Source\PSoC5/ADC_1_Bypass_P03.c **** * \return 
 108:Generated_Source\PSoC5/ADC_1_Bypass_P03.c **** *  The current value for the pins in the component as a right justified number.
 109:Generated_Source\PSoC5/ADC_1_Bypass_P03.c **** *
 110:Generated_Source\PSoC5/ADC_1_Bypass_P03.c **** * \funcusage
 111:Generated_Source\PSoC5/ADC_1_Bypass_P03.c **** *  \snippet ADC_1_Bypass_P03_SUT.c usage_ADC_1_Bypass_P03_Read  
 112:Generated_Source\PSoC5/ADC_1_Bypass_P03.c **** *******************************************************************************/
 113:Generated_Source\PSoC5/ADC_1_Bypass_P03.c **** uint8 ADC_1_Bypass_P03_Read(void)
 114:Generated_Source\PSoC5/ADC_1_Bypass_P03.c **** {
 302              		.loc 1 114 0
 303              		.cfi_startproc
 304              		@ args = 0, pretend = 0, frame = 0
 305              		@ frame_needed = 0, uses_anonymous_args = 0
 306              		@ link register save eliminated.
 115:Generated_Source\PSoC5/ADC_1_Bypass_P03.c ****     return (ADC_1_Bypass_P03_PS & ADC_1_Bypass_P03_MASK) >> ADC_1_Bypass_P03_SHIFT;
 307              		.loc 1 115 0
 308 0000 024B     		ldr	r3, .L8
 309 0002 1878     		ldrb	r0, [r3]	@ zero_extendqisi2
 116:Generated_Source\PSoC5/ADC_1_Bypass_P03.c **** }
 310              		.loc 1 116 0
 311 0004 C0F3C000 		ubfx	r0, r0, #3, #1
 312 0008 7047     		bx	lr
 313              	.L9:
 314 000a 00BF     		.align	2
 315              	.L8:
 316 000c 01510040 		.word	1073762561
 317              		.cfi_endproc
 318              	.LFE2:
 319              		.size	ADC_1_Bypass_P03_Read, .-ADC_1_Bypass_P03_Read
 320              		.section	.text.ADC_1_Bypass_P03_ReadDataReg,"ax",%progbits
 321              		.align	2
 322              		.global	ADC_1_Bypass_P03_ReadDataReg
 323              		.thumb
ARM GAS  C:\Users\JEFFSN~1\AppData\Local\Temp\ccPbbaoM.s 			page 19


 324              		.thumb_func
 325              		.type	ADC_1_Bypass_P03_ReadDataReg, %function
 326              	ADC_1_Bypass_P03_ReadDataReg:
 327              	.LFB3:
 117:Generated_Source\PSoC5/ADC_1_Bypass_P03.c **** 
 118:Generated_Source\PSoC5/ADC_1_Bypass_P03.c **** 
 119:Generated_Source\PSoC5/ADC_1_Bypass_P03.c **** /*******************************************************************************
 120:Generated_Source\PSoC5/ADC_1_Bypass_P03.c **** * Function Name: ADC_1_Bypass_P03_ReadDataReg
 121:Generated_Source\PSoC5/ADC_1_Bypass_P03.c **** ****************************************************************************//**
 122:Generated_Source\PSoC5/ADC_1_Bypass_P03.c **** *
 123:Generated_Source\PSoC5/ADC_1_Bypass_P03.c **** * \brief Reads the associated physical port's data output register and masks 
 124:Generated_Source\PSoC5/ADC_1_Bypass_P03.c **** *  the correct bits according to the width and bit position of the component 
 125:Generated_Source\PSoC5/ADC_1_Bypass_P03.c **** *  instance. 
 126:Generated_Source\PSoC5/ADC_1_Bypass_P03.c **** *
 127:Generated_Source\PSoC5/ADC_1_Bypass_P03.c **** * The data output register controls the signal applied to the physical pin in 
 128:Generated_Source\PSoC5/ADC_1_Bypass_P03.c **** * conjunction with the drive mode parameter. This is not the same as the 
 129:Generated_Source\PSoC5/ADC_1_Bypass_P03.c **** * preferred ADC_1_Bypass_P03_Read() API because the 
 130:Generated_Source\PSoC5/ADC_1_Bypass_P03.c **** * ADC_1_Bypass_P03_ReadDataReg() reads the data register instead of the status 
 131:Generated_Source\PSoC5/ADC_1_Bypass_P03.c **** * register. For output pins this is a useful function to determine the value 
 132:Generated_Source\PSoC5/ADC_1_Bypass_P03.c **** * just written to the pin.
 133:Generated_Source\PSoC5/ADC_1_Bypass_P03.c **** *
 134:Generated_Source\PSoC5/ADC_1_Bypass_P03.c **** * \return 
 135:Generated_Source\PSoC5/ADC_1_Bypass_P03.c **** *  The current value of the data register masked and shifted into a right 
 136:Generated_Source\PSoC5/ADC_1_Bypass_P03.c **** *  justified number for the component instance.
 137:Generated_Source\PSoC5/ADC_1_Bypass_P03.c **** *
 138:Generated_Source\PSoC5/ADC_1_Bypass_P03.c **** * \funcusage
 139:Generated_Source\PSoC5/ADC_1_Bypass_P03.c **** *  \snippet ADC_1_Bypass_P03_SUT.c usage_ADC_1_Bypass_P03_ReadDataReg 
 140:Generated_Source\PSoC5/ADC_1_Bypass_P03.c **** *******************************************************************************/
 141:Generated_Source\PSoC5/ADC_1_Bypass_P03.c **** uint8 ADC_1_Bypass_P03_ReadDataReg(void)
 142:Generated_Source\PSoC5/ADC_1_Bypass_P03.c **** {
 328              		.loc 1 142 0
 329              		.cfi_startproc
 330              		@ args = 0, pretend = 0, frame = 0
 331              		@ frame_needed = 0, uses_anonymous_args = 0
 332              		@ link register save eliminated.
 143:Generated_Source\PSoC5/ADC_1_Bypass_P03.c ****     return (ADC_1_Bypass_P03_DR & ADC_1_Bypass_P03_MASK) >> ADC_1_Bypass_P03_SHIFT;
 333              		.loc 1 143 0
 334 0000 024B     		ldr	r3, .L11
 335 0002 1878     		ldrb	r0, [r3]	@ zero_extendqisi2
 144:Generated_Source\PSoC5/ADC_1_Bypass_P03.c **** }
 336              		.loc 1 144 0
 337 0004 C0F3C000 		ubfx	r0, r0, #3, #1
 338 0008 7047     		bx	lr
 339              	.L12:
 340 000a 00BF     		.align	2
 341              	.L11:
 342 000c 00510040 		.word	1073762560
 343              		.cfi_endproc
 344              	.LFE3:
 345              		.size	ADC_1_Bypass_P03_ReadDataReg, .-ADC_1_Bypass_P03_ReadDataReg
 346              		.text
 347              	.Letext0:
 348              		.file 2 "Generated_Source\\PSoC5\\cytypes.h"
 349              		.section	.debug_info,"",%progbits
 350              	.Ldebug_info0:
 351 0000 1D010000 		.4byte	0x11d
 352 0004 0400     		.2byte	0x4
ARM GAS  C:\Users\JEFFSN~1\AppData\Local\Temp\ccPbbaoM.s 			page 20


 353 0006 00000000 		.4byte	.Ldebug_abbrev0
 354 000a 04       		.byte	0x4
 355 000b 01       		.uleb128 0x1
 356 000c 6C000000 		.4byte	.LASF20
 357 0010 0C       		.byte	0xc
 358 0011 00000000 		.4byte	.LASF21
 359 0015 AD010000 		.4byte	.LASF22
 360 0019 00000000 		.4byte	.Ldebug_ranges0+0
 361 001d 00000000 		.4byte	0
 362 0021 00000000 		.4byte	.Ldebug_line0
 363 0025 02       		.uleb128 0x2
 364 0026 01       		.byte	0x1
 365 0027 06       		.byte	0x6
 366 0028 35020000 		.4byte	.LASF0
 367 002c 02       		.uleb128 0x2
 368 002d 01       		.byte	0x1
 369 002e 08       		.byte	0x8
 370 002f 5E000000 		.4byte	.LASF1
 371 0033 02       		.uleb128 0x2
 372 0034 02       		.byte	0x2
 373 0035 05       		.byte	0x5
 374 0036 1C020000 		.4byte	.LASF2
 375 003a 02       		.uleb128 0x2
 376 003b 02       		.byte	0x2
 377 003c 07       		.byte	0x7
 378 003d 25010000 		.4byte	.LASF3
 379 0041 02       		.uleb128 0x2
 380 0042 04       		.byte	0x4
 381 0043 05       		.byte	0x5
 382 0044 2C020000 		.4byte	.LASF4
 383 0048 02       		.uleb128 0x2
 384 0049 04       		.byte	0x4
 385 004a 07       		.byte	0x7
 386 004b 13010000 		.4byte	.LASF5
 387 004f 02       		.uleb128 0x2
 388 0050 08       		.byte	0x8
 389 0051 05       		.byte	0x5
 390 0052 9A010000 		.4byte	.LASF6
 391 0056 02       		.uleb128 0x2
 392 0057 08       		.byte	0x8
 393 0058 07       		.byte	0x7
 394 0059 79010000 		.4byte	.LASF7
 395 005d 03       		.uleb128 0x3
 396 005e 04       		.byte	0x4
 397 005f 05       		.byte	0x5
 398 0060 696E7400 		.ascii	"int\000"
 399 0064 02       		.uleb128 0x2
 400 0065 04       		.byte	0x4
 401 0066 07       		.byte	0x7
 402 0067 56010000 		.4byte	.LASF8
 403 006b 04       		.uleb128 0x4
 404 006c 26020000 		.4byte	.LASF12
 405 0070 02       		.byte	0x2
 406 0071 E901     		.2byte	0x1e9
 407 0073 2C000000 		.4byte	0x2c
 408 0077 02       		.uleb128 0x2
 409 0078 04       		.byte	0x4
ARM GAS  C:\Users\JEFFSN~1\AppData\Local\Temp\ccPbbaoM.s 			page 21


 410 0079 04       		.byte	0x4
 411 007a 58000000 		.4byte	.LASF9
 412 007e 02       		.uleb128 0x2
 413 007f 08       		.byte	0x8
 414 0080 04       		.byte	0x4
 415 0081 38010000 		.4byte	.LASF10
 416 0085 02       		.uleb128 0x2
 417 0086 01       		.byte	0x1
 418 0087 08       		.byte	0x8
 419 0088 A8010000 		.4byte	.LASF11
 420 008c 04       		.uleb128 0x4
 421 008d 95010000 		.4byte	.LASF13
 422 0091 02       		.byte	0x2
 423 0092 9302     		.2byte	0x293
 424 0094 98000000 		.4byte	0x98
 425 0098 05       		.uleb128 0x5
 426 0099 6B000000 		.4byte	0x6b
 427 009d 06       		.uleb128 0x6
 428 009e 3F010000 		.4byte	.LASF14
 429 00a2 01       		.byte	0x1
 430 00a3 39       		.byte	0x39
 431 00a4 00000000 		.4byte	.LFB0
 432 00a8 18000000 		.4byte	.LFE0-.LFB0
 433 00ac 01       		.uleb128 0x1
 434 00ad 9C       		.byte	0x9c
 435 00ae D1000000 		.4byte	0xd1
 436 00b2 07       		.uleb128 0x7
 437 00b3 2A000000 		.4byte	.LASF16
 438 00b7 01       		.byte	0x1
 439 00b8 39       		.byte	0x39
 440 00b9 6B000000 		.4byte	0x6b
 441 00bd 00000000 		.4byte	.LLST0
 442 00c1 08       		.uleb128 0x8
 443 00c2 30000000 		.4byte	.LASF23
 444 00c6 01       		.byte	0x1
 445 00c7 3B       		.byte	0x3b
 446 00c8 6B000000 		.4byte	0x6b
 447 00cc 21000000 		.4byte	.LLST1
 448 00d0 00       		.byte	0
 449 00d1 06       		.uleb128 0x6
 450 00d2 41020000 		.4byte	.LASF15
 451 00d6 01       		.byte	0x1
 452 00d7 5A       		.byte	0x5a
 453 00d8 00000000 		.4byte	.LFB1
 454 00dc 18000000 		.4byte	.LFE1-.LFB1
 455 00e0 01       		.uleb128 0x1
 456 00e1 9C       		.byte	0x9c
 457 00e2 F6000000 		.4byte	0xf6
 458 00e6 07       		.uleb128 0x7
 459 00e7 90010000 		.4byte	.LASF17
 460 00eb 01       		.byte	0x1
 461 00ec 5A       		.byte	0x5a
 462 00ed 6B000000 		.4byte	0x6b
 463 00f1 39000000 		.4byte	.LLST2
 464 00f5 00       		.byte	0
 465 00f6 09       		.uleb128 0x9
 466 00f7 63010000 		.4byte	.LASF18
ARM GAS  C:\Users\JEFFSN~1\AppData\Local\Temp\ccPbbaoM.s 			page 22


 467 00fb 01       		.byte	0x1
 468 00fc 71       		.byte	0x71
 469 00fd 6B000000 		.4byte	0x6b
 470 0101 00000000 		.4byte	.LFB2
 471 0105 10000000 		.4byte	.LFE2-.LFB2
 472 0109 01       		.uleb128 0x1
 473 010a 9C       		.byte	0x9c
 474 010b 09       		.uleb128 0x9
 475 010c 3B000000 		.4byte	.LASF19
 476 0110 01       		.byte	0x1
 477 0111 8D       		.byte	0x8d
 478 0112 6B000000 		.4byte	0x6b
 479 0116 00000000 		.4byte	.LFB3
 480 011a 10000000 		.4byte	.LFE3-.LFB3
 481 011e 01       		.uleb128 0x1
 482 011f 9C       		.byte	0x9c
 483 0120 00       		.byte	0
 484              		.section	.debug_abbrev,"",%progbits
 485              	.Ldebug_abbrev0:
 486 0000 01       		.uleb128 0x1
 487 0001 11       		.uleb128 0x11
 488 0002 01       		.byte	0x1
 489 0003 25       		.uleb128 0x25
 490 0004 0E       		.uleb128 0xe
 491 0005 13       		.uleb128 0x13
 492 0006 0B       		.uleb128 0xb
 493 0007 03       		.uleb128 0x3
 494 0008 0E       		.uleb128 0xe
 495 0009 1B       		.uleb128 0x1b
 496 000a 0E       		.uleb128 0xe
 497 000b 55       		.uleb128 0x55
 498 000c 17       		.uleb128 0x17
 499 000d 11       		.uleb128 0x11
 500 000e 01       		.uleb128 0x1
 501 000f 10       		.uleb128 0x10
 502 0010 17       		.uleb128 0x17
 503 0011 00       		.byte	0
 504 0012 00       		.byte	0
 505 0013 02       		.uleb128 0x2
 506 0014 24       		.uleb128 0x24
 507 0015 00       		.byte	0
 508 0016 0B       		.uleb128 0xb
 509 0017 0B       		.uleb128 0xb
 510 0018 3E       		.uleb128 0x3e
 511 0019 0B       		.uleb128 0xb
 512 001a 03       		.uleb128 0x3
 513 001b 0E       		.uleb128 0xe
 514 001c 00       		.byte	0
 515 001d 00       		.byte	0
 516 001e 03       		.uleb128 0x3
 517 001f 24       		.uleb128 0x24
 518 0020 00       		.byte	0
 519 0021 0B       		.uleb128 0xb
 520 0022 0B       		.uleb128 0xb
 521 0023 3E       		.uleb128 0x3e
 522 0024 0B       		.uleb128 0xb
 523 0025 03       		.uleb128 0x3
ARM GAS  C:\Users\JEFFSN~1\AppData\Local\Temp\ccPbbaoM.s 			page 23


 524 0026 08       		.uleb128 0x8
 525 0027 00       		.byte	0
 526 0028 00       		.byte	0
 527 0029 04       		.uleb128 0x4
 528 002a 16       		.uleb128 0x16
 529 002b 00       		.byte	0
 530 002c 03       		.uleb128 0x3
 531 002d 0E       		.uleb128 0xe
 532 002e 3A       		.uleb128 0x3a
 533 002f 0B       		.uleb128 0xb
 534 0030 3B       		.uleb128 0x3b
 535 0031 05       		.uleb128 0x5
 536 0032 49       		.uleb128 0x49
 537 0033 13       		.uleb128 0x13
 538 0034 00       		.byte	0
 539 0035 00       		.byte	0
 540 0036 05       		.uleb128 0x5
 541 0037 35       		.uleb128 0x35
 542 0038 00       		.byte	0
 543 0039 49       		.uleb128 0x49
 544 003a 13       		.uleb128 0x13
 545 003b 00       		.byte	0
 546 003c 00       		.byte	0
 547 003d 06       		.uleb128 0x6
 548 003e 2E       		.uleb128 0x2e
 549 003f 01       		.byte	0x1
 550 0040 3F       		.uleb128 0x3f
 551 0041 19       		.uleb128 0x19
 552 0042 03       		.uleb128 0x3
 553 0043 0E       		.uleb128 0xe
 554 0044 3A       		.uleb128 0x3a
 555 0045 0B       		.uleb128 0xb
 556 0046 3B       		.uleb128 0x3b
 557 0047 0B       		.uleb128 0xb
 558 0048 27       		.uleb128 0x27
 559 0049 19       		.uleb128 0x19
 560 004a 11       		.uleb128 0x11
 561 004b 01       		.uleb128 0x1
 562 004c 12       		.uleb128 0x12
 563 004d 06       		.uleb128 0x6
 564 004e 40       		.uleb128 0x40
 565 004f 18       		.uleb128 0x18
 566 0050 9742     		.uleb128 0x2117
 567 0052 19       		.uleb128 0x19
 568 0053 01       		.uleb128 0x1
 569 0054 13       		.uleb128 0x13
 570 0055 00       		.byte	0
 571 0056 00       		.byte	0
 572 0057 07       		.uleb128 0x7
 573 0058 05       		.uleb128 0x5
 574 0059 00       		.byte	0
 575 005a 03       		.uleb128 0x3
 576 005b 0E       		.uleb128 0xe
 577 005c 3A       		.uleb128 0x3a
 578 005d 0B       		.uleb128 0xb
 579 005e 3B       		.uleb128 0x3b
 580 005f 0B       		.uleb128 0xb
ARM GAS  C:\Users\JEFFSN~1\AppData\Local\Temp\ccPbbaoM.s 			page 24


 581 0060 49       		.uleb128 0x49
 582 0061 13       		.uleb128 0x13
 583 0062 02       		.uleb128 0x2
 584 0063 17       		.uleb128 0x17
 585 0064 00       		.byte	0
 586 0065 00       		.byte	0
 587 0066 08       		.uleb128 0x8
 588 0067 34       		.uleb128 0x34
 589 0068 00       		.byte	0
 590 0069 03       		.uleb128 0x3
 591 006a 0E       		.uleb128 0xe
 592 006b 3A       		.uleb128 0x3a
 593 006c 0B       		.uleb128 0xb
 594 006d 3B       		.uleb128 0x3b
 595 006e 0B       		.uleb128 0xb
 596 006f 49       		.uleb128 0x49
 597 0070 13       		.uleb128 0x13
 598 0071 02       		.uleb128 0x2
 599 0072 17       		.uleb128 0x17
 600 0073 00       		.byte	0
 601 0074 00       		.byte	0
 602 0075 09       		.uleb128 0x9
 603 0076 2E       		.uleb128 0x2e
 604 0077 00       		.byte	0
 605 0078 3F       		.uleb128 0x3f
 606 0079 19       		.uleb128 0x19
 607 007a 03       		.uleb128 0x3
 608 007b 0E       		.uleb128 0xe
 609 007c 3A       		.uleb128 0x3a
 610 007d 0B       		.uleb128 0xb
 611 007e 3B       		.uleb128 0x3b
 612 007f 0B       		.uleb128 0xb
 613 0080 27       		.uleb128 0x27
 614 0081 19       		.uleb128 0x19
 615 0082 49       		.uleb128 0x49
 616 0083 13       		.uleb128 0x13
 617 0084 11       		.uleb128 0x11
 618 0085 01       		.uleb128 0x1
 619 0086 12       		.uleb128 0x12
 620 0087 06       		.uleb128 0x6
 621 0088 40       		.uleb128 0x40
 622 0089 18       		.uleb128 0x18
 623 008a 9742     		.uleb128 0x2117
 624 008c 19       		.uleb128 0x19
 625 008d 00       		.byte	0
 626 008e 00       		.byte	0
 627 008f 00       		.byte	0
 628              		.section	.debug_loc,"",%progbits
 629              	.Ldebug_loc0:
 630              	.LLST0:
 631 0000 00000000 		.4byte	.LVL0
 632 0004 04000000 		.4byte	.LVL1
 633 0008 0100     		.2byte	0x1
 634 000a 50       		.byte	0x50
 635 000b 04000000 		.4byte	.LVL1
 636 000f 18000000 		.4byte	.LFE0
 637 0013 0400     		.2byte	0x4
ARM GAS  C:\Users\JEFFSN~1\AppData\Local\Temp\ccPbbaoM.s 			page 25


 638 0015 F3       		.byte	0xf3
 639 0016 01       		.uleb128 0x1
 640 0017 50       		.byte	0x50
 641 0018 9F       		.byte	0x9f
 642 0019 00000000 		.4byte	0
 643 001d 00000000 		.4byte	0
 644              	.LLST1:
 645 0021 06000000 		.4byte	.LVL2
 646 0025 0E000000 		.4byte	.LVL3
 647 0029 0600     		.2byte	0x6
 648 002b 73       		.byte	0x73
 649 002c 00       		.sleb128 0
 650 002d 09       		.byte	0x9
 651 002e F7       		.byte	0xf7
 652 002f 1A       		.byte	0x1a
 653 0030 9F       		.byte	0x9f
 654 0031 00000000 		.4byte	0
 655 0035 00000000 		.4byte	0
 656              	.LLST2:
 657 0039 00000000 		.4byte	.LVL4
 658 003d 06000000 		.4byte	.LVL5
 659 0041 0100     		.2byte	0x1
 660 0043 50       		.byte	0x50
 661 0044 06000000 		.4byte	.LVL5
 662 0048 18000000 		.4byte	.LFE1
 663 004c 0400     		.2byte	0x4
 664 004e F3       		.byte	0xf3
 665 004f 01       		.uleb128 0x1
 666 0050 50       		.byte	0x50
 667 0051 9F       		.byte	0x9f
 668 0052 00000000 		.4byte	0
 669 0056 00000000 		.4byte	0
 670              		.section	.debug_aranges,"",%progbits
 671 0000 34000000 		.4byte	0x34
 672 0004 0200     		.2byte	0x2
 673 0006 00000000 		.4byte	.Ldebug_info0
 674 000a 04       		.byte	0x4
 675 000b 00       		.byte	0
 676 000c 0000     		.2byte	0
 677 000e 0000     		.2byte	0
 678 0010 00000000 		.4byte	.LFB0
 679 0014 18000000 		.4byte	.LFE0-.LFB0
 680 0018 00000000 		.4byte	.LFB1
 681 001c 18000000 		.4byte	.LFE1-.LFB1
 682 0020 00000000 		.4byte	.LFB2
 683 0024 10000000 		.4byte	.LFE2-.LFB2
 684 0028 00000000 		.4byte	.LFB3
 685 002c 10000000 		.4byte	.LFE3-.LFB3
 686 0030 00000000 		.4byte	0
 687 0034 00000000 		.4byte	0
 688              		.section	.debug_ranges,"",%progbits
 689              	.Ldebug_ranges0:
 690 0000 00000000 		.4byte	.LFB0
 691 0004 18000000 		.4byte	.LFE0
 692 0008 00000000 		.4byte	.LFB1
 693 000c 18000000 		.4byte	.LFE1
 694 0010 00000000 		.4byte	.LFB2
ARM GAS  C:\Users\JEFFSN~1\AppData\Local\Temp\ccPbbaoM.s 			page 26


 695 0014 10000000 		.4byte	.LFE2
 696 0018 00000000 		.4byte	.LFB3
 697 001c 10000000 		.4byte	.LFE3
 698 0020 00000000 		.4byte	0
 699 0024 00000000 		.4byte	0
 700              		.section	.debug_line,"",%progbits
 701              	.Ldebug_line0:
 702 0000 9B000000 		.section	.debug_str,"MS",%progbits,1
 702      02004D00 
 702      00000201 
 702      FB0E0D00 
 702      01010101 
 703              	.LASF21:
 704 0000 47656E65 		.ascii	"Generated_Source\\PSoC5\\ADC_1_Bypass_P03.c\000"
 704      72617465 
 704      645F536F 
 704      75726365 
 704      5C50536F 
 705              	.LASF16:
 706 002a 76616C75 		.ascii	"value\000"
 706      6500
 707              	.LASF23:
 708 0030 73746174 		.ascii	"staticBits\000"
 708      69634269 
 708      747300
 709              	.LASF19:
 710 003b 4144435F 		.ascii	"ADC_1_Bypass_P03_ReadDataReg\000"
 710      315F4279 
 710      70617373 
 710      5F503033 
 710      5F526561 
 711              	.LASF9:
 712 0058 666C6F61 		.ascii	"float\000"
 712      7400
 713              	.LASF1:
 714 005e 756E7369 		.ascii	"unsigned char\000"
 714      676E6564 
 714      20636861 
 714      7200
 715              	.LASF20:
 716 006c 474E5520 		.ascii	"GNU C11 5.4.1 20160609 (release) [ARM/embedded-5-br"
 716      43313120 
 716      352E342E 
 716      31203230 
 716      31363036 
 717 009f 616E6368 		.ascii	"anch revision 237715] -mcpu=cortex-m3 -mthumb -g -O"
 717      20726576 
 717      6973696F 
 717      6E203233 
 717      37373135 
 718 00d2 33202D66 		.ascii	"3 -ffunction-sections -ffat-lto-objects -finline-fu"
 718      66756E63 
 718      74696F6E 
 718      2D736563 
 718      74696F6E 
 719 0105 6E637469 		.ascii	"nctions -flto\000"
 719      6F6E7320 
ARM GAS  C:\Users\JEFFSN~1\AppData\Local\Temp\ccPbbaoM.s 			page 27


 719      2D666C74 
 719      6F00
 720              	.LASF5:
 721 0113 6C6F6E67 		.ascii	"long unsigned int\000"
 721      20756E73 
 721      69676E65 
 721      6420696E 
 721      7400
 722              	.LASF3:
 723 0125 73686F72 		.ascii	"short unsigned int\000"
 723      7420756E 
 723      7369676E 
 723      65642069 
 723      6E7400
 724              	.LASF10:
 725 0138 646F7562 		.ascii	"double\000"
 725      6C6500
 726              	.LASF14:
 727 013f 4144435F 		.ascii	"ADC_1_Bypass_P03_Write\000"
 727      315F4279 
 727      70617373 
 727      5F503033 
 727      5F577269 
 728              	.LASF8:
 729 0156 756E7369 		.ascii	"unsigned int\000"
 729      676E6564 
 729      20696E74 
 729      00
 730              	.LASF18:
 731 0163 4144435F 		.ascii	"ADC_1_Bypass_P03_Read\000"
 731      315F4279 
 731      70617373 
 731      5F503033 
 731      5F526561 
 732              	.LASF7:
 733 0179 6C6F6E67 		.ascii	"long long unsigned int\000"
 733      206C6F6E 
 733      6720756E 
 733      7369676E 
 733      65642069 
 734              	.LASF17:
 735 0190 6D6F6465 		.ascii	"mode\000"
 735      00
 736              	.LASF13:
 737 0195 72656738 		.ascii	"reg8\000"
 737      00
 738              	.LASF6:
 739 019a 6C6F6E67 		.ascii	"long long int\000"
 739      206C6F6E 
 739      6720696E 
 739      7400
 740              	.LASF11:
 741 01a8 63686172 		.ascii	"char\000"
 741      00
 742              	.LASF22:
 743 01ad 433A5C55 		.ascii	"C:\\Users\\JeffSnyder\\dev\\Electrobass_embedded\\P"
 743      73657273 
ARM GAS  C:\Users\JEFFSN~1\AppData\Local\Temp\ccPbbaoM.s 			page 28


 743      5C4A6566 
 743      66536E79 
 743      6465725C 
 744 01db 534F4335 		.ascii	"SOC5_electrobass_stringsensors\\CE210514_PSOC3_5_Th"
 744      5F656C65 
 744      6374726F 
 744      62617373 
 744      5F737472 
 745 020d 65726D69 		.ascii	"ermistor.cydsn\000"
 745      73746F72 
 745      2E637964 
 745      736E00
 746              	.LASF2:
 747 021c 73686F72 		.ascii	"short int\000"
 747      7420696E 
 747      7400
 748              	.LASF12:
 749 0226 75696E74 		.ascii	"uint8\000"
 749      3800
 750              	.LASF4:
 751 022c 6C6F6E67 		.ascii	"long int\000"
 751      20696E74 
 751      00
 752              	.LASF0:
 753 0235 7369676E 		.ascii	"signed char\000"
 753      65642063 
 753      68617200 
 754              	.LASF15:
 755 0241 4144435F 		.ascii	"ADC_1_Bypass_P03_SetDriveMode\000"
 755      315F4279 
 755      70617373 
 755      5F503033 
 755      5F536574 
 756              		.comm	__gnu_lto_v1,1,1
 757              		.ident	"GCC: (GNU Tools for ARM Embedded Processors) 5.4.1 20160609 (release) [ARM/embedded-5-bran
