ARM GAS  C:\Users\JEFFSN~1\AppData\Local\Temp\cc5rqmIN.s 			page 1


   1              		.syntax unified
   2              		.cpu cortex-m3
   3              		.fpu softvfp
   4              		.eabi_attribute 20, 1
   5              		.eabi_attribute 21, 1
   6              		.eabi_attribute 23, 3
   7              		.eabi_attribute 24, 1
   8              		.eabi_attribute 25, 1
   9              		.eabi_attribute 26, 1
  10              		.eabi_attribute 30, 2
  11              		.eabi_attribute 34, 1
  12              		.eabi_attribute 18, 4
  13              		.thumb
  14              		.syntax unified
  15              		.file	"ADC_SAR_Seq_1_TempBuf_dma.c"
  16              		.text
  17              	.Ltext0:
  18              		.section	.gnu.lto_.profile.a80cd26b,"",%progbits
  19 0000 789C6361 		.ascii	"x\234ca`d`a`\000\222\266\342\000\000\373\000_"
  19      60646061 
  19      600092B6 
  19      E20000FB 
  19      005F
  20              		.text
  21              		.section	.gnu.lto_.icf.a80cd26b,"",%progbits
  22 0000 789C6361 		.ascii	"x\234ca`d\000\001a\006\004`fh\273\365\267\206\261{N"
  22      60640001 
  22      61060460 
  22      6668BBF5 
  22      B786B17B 
  23 0015 DB0D56A6 		.ascii	"\333\015V\246\233\253\177M\347d\000\000X\012\010\240"
  23      9BAB7F4D 
  23      E7640000 
  23      580A08A0 
  24              		.text
  25              		.section	.gnu.lto_.jmpfuncs.a80cd26b,"",%progbits
  26 0000 789C458D 		.ascii	"x\234E\2151\016\2000\014\003\355\264\202\005\324\017"
  26      310E8030 
  26      0C03EDB4 
  26      8205D40F 
  27 0010 F0D13EA0 		.ascii	"\360\321>\240\013\037\001&f6\026~\303X\0111 h\232\001"
  27      0B1F0126 
  27      6636167E 
  27      C3580931 
  27      20689A01 
  28 0024 2B7214EB 		.ascii	"+r\024\353\344x\020\252\204_\002\317\242\240\346\313"
  28      E47810AA 
  28      845F02CF 
  28      A2A0E6CB 
  29 0034 CD4778BC 		.ascii	"\315Gx\274\327\036\262$\007\012'\016@\243d\224\352\256"
  29      D71EB224 
  29      070A270E 
  29      40A36494 
  29      EAAE
  30 0046 78A7581E 		.ascii	"x\247X\036\323\345\014k9+&\261VF}C\213\024\\\317\355"
  30      D3E50C6B 
  30      392B26B1 
ARM GAS  C:\Users\JEFFSN~1\AppData\Local\Temp\cc5rqmIN.s 			page 2


  30      56467D43 
  30      8B145CCF 
  31 005b EE0D0497 		.ascii	"\356\015\004\227\232\332\222:\300\007\206u\027\377"
  31      9ADA923A 
  31      C0078675 
  31      17FF
  32              		.text
  33              		.section	.gnu.lto_.inline.a80cd26b,"",%progbits
  34 0000 789C6361 		.ascii	"x\234ca`d\000\001\177\006\004`b`\020\325gd`\3428`\307"
  34      60640001 
  34      7F060460 
  34      626010D5 
  34      676460E2 
  35 0017 C0B6409E 		.ascii	"\300\266@\236\011$\306\314\003\024\237\340\307\300\302"
  35      0924C6CC 
  35      03149FE0 
  35      C7C0C2
  36 0026 0B644FF0 		.ascii	"\013dO\360\003Av\001\006\0066\006\020\013\254\207\215"
  36      03417601 
  36      06063606 
  36      100BAC87 
  36      8D
  37 0037 0FA885E9 		.ascii	"\017\250\205\351\002?\\\013\0237\003\003#P\022\000\264"
  37      023F5C0B 
  37      13370303 
  37      23501200 
  37      B4
  38 0048 960A8E   		.ascii	"\226\012\216"
  39              		.text
  40              		.section	.gnu.lto_.pureconst.a80cd26b,"",%progbits
  41 0000 789C6361 		.ascii	"x\234ca`d`e```b\220`\222\000\000\000\347\000?"
  41      60646065 
  41      60606062 
  41      90609200 
  41      0000E700 
  42              		.text
  43              		.section	.gnu.lto_ADC_SAR_Seq_1_TempBuf_DmaInitialize.a80cd26b,"",%progbits
  44 0000 789C9592 		.ascii	"x\234\225\222ML\023A\024\307\347\315\224nYJ\341\346"
  44      4D4C1341 
  44      14C7E7CD 
  44      946E594A 
  44      E1E6
  45 0012 410EDE90 		.ascii	"A\016\336\220\213\301\020\215\327\002\211\327\246\325"
  45      8BC1108D 
  45      D70289D7 
  45      A6D5
  46 0020 1BA612BA 		.ascii	"\033\246\022\272\336\200\262m\317\035\250\253b<H\302"
  46      DE80B26D 
  46      CF1DA8AB 
  46      623C48C2 
  47 0030 871E90A8 		.ascii	"\207\036\220\250!\240\"\025\277\213\212\305\357D\"A"
  47      21A02215 
  47      BF8B8AC5 
  47      EF442241 
  48 0040 E0A407E3 		.ascii	"\340\244\007\343\201\030\322\204B\012D\223\272\2767"
  48      8118D284 
  48      420A4493 
ARM GAS  C:\Users\JEFFSN~1\AppData\Local\Temp\cc5rqmIN.s 			page 3


  48      BABE37
  49 004f AD680297 		.ascii	"\255h\002\227n\262\331\331\267\357\377\377\377\336\354"
  49      6EB2D9D9 
  49      B7EFFFFF 
  49      FFDEEC
  50 005e 381830BA 		.ascii	"8\0300\272&\005ca|\356\307\033\004\003~\371\023c\335"
  50      26056361 
  50      7CEEC71B 
  50      04037EF9 
  50      1363DD
  51 0071 2E0E400B 		.ascii	".\016@\013\351\002\026\347\020\207M\236\347\360q\373"
  51      E90216E7 
  51      10874D9E 
  51      E7F071FB 
  52 0081 C325BD6E 		.ascii	"\303%\275nL\312\036\371mt\343\330\320x\032,\224\333"
  52      4CCA1EF9 
  52      6D74E3D8 
  52      D0781A2C 
  52      94DB
  53 0093 9C41430D 		.ascii	"\234AC\015\324\327\220\305\030\324a\347\322\304|\257"
  53      D4D790C5 
  53      18D461E7 
  53      D2C47CAF 
  54 00a3 471C0586 		.ascii	"G\034\005\206\353k\375s9Q;J*\271xJ\012\224\3008\210"
  54      EB6BFD73 
  54      39513B4A 
  54      2AB9784A 
  54      0A94C038 
  55 00b8 7F2AF280 		.ascii	"\177*\362\200[P\213\275k\2137\366\011\257\222\365\215"
  55      5B508BBD 
  55      6B8B37F6 
  55      09AF92F5 
  55      8D
  56 00c9 BC5F2D2B 		.ascii	"\274_-+\312\206\336U\310z\322\335\336\245\273\243to"
  56      CA86DE55 
  56      C87AD2DD 
  56      DEA5BBA3 
  56      746F
  57 00db EDED7455 		.ascii	"\355\355tU\216[\002\200@?g\347\206+\350\225C5\276fn"
  57      8E5B0280 
  57      403F67E7 
  57      862BE895 
  57      4335BE66 
  58 00f0 5E5F720B 		.ascii	"^_r\013\237\262\355\311o\314x\212\266\233\347\334\322"
  58      9FB2EDC9 
  58      6FCC788A 
  58      B69BE7DC 
  58      D2
  59 0101 67090193 		.ascii	"g\011\001\223\005\333\273P\003\023@\306\030\225T\306"
  59      05DBBB50 
  59      031340C6 
  59      189554C6 
  60 0111 D3BF56D6 		.ascii	"\323\277V\326<\342\264\222\366\277N\331\177\211\226"
  60      3CE2B492 
  60      F6BF4ED9 
  60      7F8996
  61 0120 CF17A5F7 		.ascii	"\317\027\245\367\366\220NA-\365\177\237\372=P\351<+"
ARM GAS  C:\Users\JEFFSN~1\AppData\Local\Temp\cc5rqmIN.s 			page 4


  61      F6904E41 
  61      2DF57F9F 
  61      FA3D50E9 
  61      3C2B
  62 0132 F13A409B 		.ascii	"\361:@\233\204\264\367\301I\333\236\364\247\245m'dz"
  62      84B4F7C1 
  62      49DB9EF4 
  62      A7A56D27 
  62      647A
  63 0144 409BFDAA 		.ascii	"@\233\375\252U\"5\216\357\000\032\306\211\026\016\015"
  63      5522358E 
  63      EF001AC6 
  63      89160E0D 
  64 0154 28DE05E4 		.ascii	"(\336\005\344\244S\301\255\206eY4\241\337\262\3169="
  64      A453C1AD 
  64      86655934 
  64      A1DFB2CE 
  64      393D
  65 0166 C50AF4E4 		.ascii	"\305\012\364\344\262+\013\345\344\213\201\203\326\253"
  65      B22B0BE5 
  65      E48B8183 
  65      D6AB
  66 0174 798DC62E 		.ascii	"y\215\306.S\274\251T\346\213\026\317\313\013RVc\255"
  66      53BCA954 
  66      E68B16CF 
  66      CB0B5256 
  66      63AD
  67 0186 971CB0BC 		.ascii	"\227\034\260\274:\267\374F\037\201\341n\251\352\014"
  67      3AB7FC46 
  67      1F81E16E 
  67      A9EA0C
  68 0195 1EE2FF7D 		.ascii	"\036\342\377}\200\354\014\036\301\010`G\356\242\265"
  68      80EC0C1E 
  68      C1086047 
  68      EEA2B5
  69 01a4 2DC8C701 		.ascii	"-\310\307\001\032<\306/?\340\252\274\262u\220bv\033"
  69      1A3CC62F 
  69      3FE0AABC 
  69      B2759062 
  69      761B
  70 01b6 3B6D8E33 		.ascii	";m\2163\301\023\2103jN\010\221@!\256\2603\231I\375\254"
  70      C1138833 
  70      6A4E0891 
  70      4021AEB0 
  70      339949FD 
  71 01cb 2C383178 		.ascii	",81x\212{\204\267%4\206\340\203}9 \303\204p\226\300"
  71      8A7B84B7 
  71      253486E0 
  71      837D3920 
  71      C3847096 
  72 01e0 9ADA619D 		.ascii	"\232\332a\235FV\004s\356\015\345\262q\213\030<C(\014"
  72      46560473 
  72      EE0DE5B2 
  72      718B183C 
  72      43280C
  73 01f3 48082D21 		.ascii	"H\010-!\\\226(W\301\013\233\305`\275\204\340\347;\301"
  73      5C962857 
ARM GAS  C:\Users\JEFFSN~1\AppData\Local\Temp\cc5rqmIN.s 			page 5


  73      C10B9BC5 
  73      60BD84E0 
  73      E73BC1
  74 0206 2F0AC165 		.ascii	"/\012\301e{\007\3536\247c9\243\202\365\377\217\246\003"
  74      7B07EB36 
  74      A76339A3 
  74      82F5FF8F 
  74      A603
  75 0218 38BCA4F1 		.ascii	"8\274\244\361+\024\305\372\326\254(`\270K\300H\357`"
  75      2B14C5FA 
  75      D6AC2860 
  75      B84BC048 
  75      EF60
  76 022a CC12C62A 		.ascii	"\314\022\306*z\026<\230:\036@\307\002\007o8nt\030fk"
  76      7A163C98 
  76      3A1E40C7 
  76      02076F38 
  76      6E741866 
  77 023f D4080503 		.ascii	"\324\010\005\003\2351\263\315h\361\005:\233\216\264"
  77      9D31B3CD 
  77      68F1053A 
  77      9B8EB4
  78 024e 789B9B82 		.ascii	"x\233\233\202\001\257?\0300\272\202\207\203'\214\366"
  78      01AF3F18 
  78      30BA8287 
  78      83278CF6 
  79 025e 7063EC4C 		.ascii	"pc\354L0\324\336z\250\215\351\21513\022m\352\214uD="
  79      30D4DE7A 
  79      A88DE98D 
  79      3133126D 
  79      EA8C7544 
  80 0273 7EA3CB88 		.ascii	"~\243\313\210D}\206\251jU'\303a\303\014\230m\336P\310"
  80      447D86A9 
  80      6A5527C3 
  80      61C30C98 
  80      6DDE50C8 
  81 0287 3422916A 		.ascii	"4\"\221j\365\336\214\035\305\302\037\020Oc-"
  81      F5DE8C1D 
  81      C5C21F10 
  81      4F632D
  82              		.text
  83              		.section	.gnu.lto_ADC_SAR_Seq_1_TempBuf_DmaRelease.a80cd26b,"",%progbits
  84 0000 789C654E 		.ascii	"x\234eN=K\003A\024|\263{&\341@\260\327\3026\215\020"
  84      3D4B0341 
  84      147CB37B 
  84      26E140B0 
  84      D7C2368D 
  85 0015 243F2046 		.ascii	"$? F\020\254\344\3162p\204\344\354b4\230\3726\211\207"
  85      10ACE4CE 
  85      327084E4 
  85      EC623498 
  85      FA368987 
  86 0029 DAD9984E 		.ascii	"\332\331\230N\322\231D\005\021\033\257;\203\245\037"
  86      D2994405 
  86      111BAF3B 
  86      83A51F
  87 0038 95958D58 		.ascii	"\225\225\215X\004\011\026\011h\031\317\267g\351\300"
ARM GAS  C:\Users\JEFFSN~1\AppData\Local\Temp\cc5rqmIN.s 			page 6


  87      04091609 
  87      6819CFB7 
  87      67E9C0
  88 0047 F29679F3 		.ascii	"\362\226y\363f\306 \220F\202G\226\347<?H\2028~\"j\244"
  88      66C62090 
  88      46824796 
  88      E73C3F48 
  88      82387E22 
  89 005d 04A03F2A 		.ascii	"\004\240?*\005\362\004<|\213\251\300\340`\030\210tW"
  89      05F2043C 
  89      7C8BA9C0 
  89      E0601888 
  89      7457
  90 006f 31DEFCB3 		.ascii	"1\336\374\263\214\352\205\360%Q$b'B\027ib\331\373\365"
  90      8CEA85F0 
  90      25512462 
  90      27421769 
  90      62D9FBF5 
  91 0083 CFC96C62 		.ascii	"\317\311lb_\313\026\377\226\350A\347\320\225\025\252"
  91      5FCB16FF 
  91      96E841E7 
  91      D09515AA 
  92 0093 286AA9F0 		.ascii	"(j\251\360\306\274\2735\015A\276dz\314\022\0356\021"
  92      C6BCBB35 
  92      0D41BE64 
  92      7ACC121D 
  92      3611
  93 00a5 424F3944 		.ascii	"BO9D\263=y\264\364QK\352\334\266?xN~\011_\012h\377 "
  93      B33D79B4 
  93      F4514BEA 
  93      DCB63F78 
  93      4E7E095F 
  94 00bd F87C4D7A 		.ascii	"\370|MzSu\250\324\034sG\\A\323\243\207\227{\263\203"
  94      5375A8D4 
  94      1C73475C 
  94      41D3A387 
  94      977BB383 
  95 00d1 D3868A79 		.ascii	"\323\206\212y\211s\356\335\307\002\307_\240\003\372"
  95      8973EEDD 
  95      C702C75F 
  95      A003FA
  96 00e0 80A12DFF 		.ascii	"\200\241-\377;\030\021\373\022.\341\021\347\371r\206"
  96      3B1811FB 
  96      122EE111 
  96      E7F97286 
  97 00f0 466886C1 		.ascii	"Fh\206\301z\254\326\030\363\236\213q\315\3455w\333\255"
  97      7AACD618 
  97      F39E8B71 
  97      CDE53577 
  97      DBAD
  98 0102 15F7DCB2 		.ascii	"\025\367\334\262cW\353\265\222[\330\260\253\371l!\267"
  98      6357EBB5 
  98      925BD8B0 
  98      ABF96C21 
  98      B7
  99 0113 9A77EC9C 		.ascii	"\232w\354\234\345\330\356\256\223q6\335\312\316J}\313"
  99      E5D8EEAE 
ARM GAS  C:\Users\JEFFSN~1\AppData\Local\Temp\cc5rqmIN.s 			page 7


  99      937136DD 
  99      CACE4A7D 
  99      CB
 100 0124 29578A4B 		.ascii	")W\212K%\372\005\217Sm\346"
 100      25FA058F 
 100      536DE6
 101              		.text
 102              		.section	.gnu.lto_.symbol_nodes.a80cd26b,"",%progbits
 103 0000 789C558C 		.ascii	"x\234U\214\261\015\2000\014\004\317q\222\001\230\000"
 103      B10D8030 
 103      0C04CF71 
 103      92019800 
 104 0010 26759028 		.ascii	"&u\220()\230\207:53\300\"\010'\025\371\346t\377\322"
 104      2998873A 
 104      3533C022 
 104      082715F9 
 104      E674FFD2 
 105 0024 47841D4F 		.ascii	"G\204\035O\020\203\343\002\307Y\026H\260Nm\010&\303"
 105      1083E302 
 105      C7591648 
 105      B04E6D08 
 105      26C3
 106 0036 20C9422F 		.ascii	" \311B/\240\224\331=\232\016\256\026\007\317\226\376"
 106      A094D93D 
 106      9A0EAE16 
 106      07CF96FE 
 107 0046 AE7E5DEF 		.ascii	"\256~]\357W\224\310\3664*\2651\344\336\363\001\314\364"
 107      5794C8F6 
 107      342AB531 
 107      E4DEF301 
 107      CCF4
 108 0058 1F26     		.ascii	"\037&"
 109              		.text
 110              		.section	.gnu.lto_.refs.a80cd26b,"",%progbits
 111 0000 789C0DC7 		.ascii	"x\234\015\307I\021\000 \000\000!\326c,`\377\254\312"
 111      49110020 
 111      000021D6 
 111      632C60FF 
 111      ACCA
 112 0012 8F25174B 		.ascii	"\217%\027K\245\251\255\323\370\365\000\003\311\0008"
 112      A5A9ADD3 
 112      F8F50003 
 112      C90038
 113              		.text
 114              		.section	.gnu.lto_.decls.a80cd26b,"",%progbits
 115 0000 789C8D54 		.ascii	"x\234\215TkL\024W\024\2363\263]\226\345e\214ii\262\211"
 115      6B4C1457 
 115      149E33B3 
 115      5D96E565 
 115      8C6969B2 
 116 0015 D446E117 		.ascii	"\324F\341\027\226\2306\375\325\204.U\373\003c\304\222"
 116      969836FD 
 116      D5842E55 
 116      FB0363C4 
 116      92
 117 0026 3631210B 		.ascii	"61!\013;\326Mp\261\354\222\224\376\232\012T\321\332"
 117      3BD64D70 
ARM GAS  C:\Users\JEFFSN~1\AppData\Local\Temp\cc5rqmIN.s 			page 8


 117      B1EC9294 
 117      FE9A0A54 
 117      D1DA
 118 0038 6A63B050 		.ascii	"jc\260P-\210\255\202\362\206*(\330\245*/EPD\336\202"
 118      2D88AD82 
 118      F2862A28 
 118      D8A52A2F 
 118      455044DE 
 119 004d 2C28A490 		.ascii	",(\244\220B\301Xj)=\3671;\273\306m{\263g\347\336s\277"
 119      42C1586A 
 119      293DF731 
 119      3BBBC66D 
 119      7BB367E7 
 120 0064 73BEF39D 		.ascii	"s\276\363\235{gt\002\010dL\005\010B<Ngp\276\202C\302"
 120      7B677402 
 120      08644C05 
 120      08423C4E 
 120      6770BE82 
 121 007a 67221AD9 		.ascii	"g\"\032\3315\011l\350\321\232\320\\h\035h\335h\003h"
 121      35096CE8 
 121      D19AD05C 
 121      681D68DD 
 121      680368
 122 008d 231C3726 		.ascii	"#\0347&\370\016\202\015F\273\204\266\032m\015Z%\317"
 122      F80E820D 
 122      46BB84B6 
 122      1A6D0D5A 
 122      25CF
 123 009f F7106D1C 		.ascii	"\367\020m\034\255\037\315\215\326\2056\201\326\316c"
 123      AD1FCD8D 
 123      D6853681 
 123      D6CE63
 124 00ae 753C7E80 		.ascii	"u<~\200\363t\370\341p\361\272\022\275\362\022\276I\264"
 124      F374F8E1 
 124      70F1BA12 
 124      BDF212BE 
 124      49B4
 125 00c0 618E1139 		.ascii	"a\216\0219\316_\235\313\"\254\024\326}m\030\202\001"
 125      CE5F9DCB 
 125      22AC14D6 
 125      7D6D1882 
 125      01
 126 00d1 9004DE10 		.ascii	"\220\004\336\020\001\200\375\0035\201\031]\342D\024"
 126      0180FD03 
 126      3581195D 
 126      E24414
 127 00e0 D8447579 		.ascii	"\330Duy\206\300!\242:\325\222\321\037\217\207\025u\320"
 127      86C021A2 
 127      3AD592D1 
 127      1F8F8715 
 127      75D0
 128 00f2 245A76E0 		.ascii	"$Zv\340Al\315\203\005\036\004\242F\000l\251Fx\345{\256"
 128      416CCD83 
 128      051E04A2 
 128      46006CA9 
 128      4678E57B 
 129 0107 22B56695 		.ascii	"\"\265f\225\206\266\203\212\376\376\213\234\033 \211"
ARM GAS  C:\Users\JEFFSN~1\AppData\Local\Temp\cc5rqmIN.s 			page 9


 129      86B6838A 
 129      FEFE8B9C 
 129      1B2089
 130 0116 40E6A34B 		.ascii	"@\346\243K%\233\243\313\024\034G\025E\334\246u\346\307"
 130      259BA3CB 
 130      141C4715 
 130      45DCA675 
 130      E6C7
 131 0128 3F9FCD49 		.ascii	"?\237\315I\213\"l0b\315\022:*g\032\226B\230\203\354"
 131      8B226C30 
 131      62CD123A 
 131      2A671A96 
 131      429883EC 
 132 013c 979C6EA9 		.ascii	"\227\234n\2515J\033\351\374\306\312SW\030n\2556\202"
 132      354A1BE9 
 132      FCC6CA53 
 132      57186EAD 
 132      3682
 133 014e 88CBBB73 		.ascii	"\210\313\273s\267N\005\341r\215\021V-\213\342\311\343"
 133      B74E05E1 
 133      728D1156 
 133      2D8BE2C9 
 133      E3
 134 015f CDE57A30 		.ascii	"\315\345z0F\035T\224\375\212\222\245\030KB\005\250\000"
 134      461D5494 
 134      FD8A92A5 
 134      184B4205 
 134      A800
 135 0171 13948349 		.ascii	"\023\224\203I\200*\210\")K!Z\200\013\350<\217\316\263"
 135      802A8822 
 135      294B215A 
 135      800BE83C 
 135      8FCEB3
 136 0184 A49EB191 		.ascii	"\244\236\261\221\351w\032\024e\025T\202\021\312@\242"
 136      E9771A14 
 136      65155482 
 136      11CA40A2 
 137 0194 1014B3C1 		.ascii	"\020\024\263\301\310\012\314\353Y\\\002\035\212\242"
 137      C80ACCEB 
 137      595C021D 
 137      8AA2
 138 01a2 80641DF1 		.ascii	"\200d\035\361\025\377\266p\314\340\361U\003uV\346L\224"
 138      15FFB670 
 138      CCE0F155 
 138      037556E6 
 138      4C94
 139 01b4 1AB01C13 		.ascii	"\032\260\034\023*\001/!&&$\377\230\373\357 \351C2\027"
 139      2A012F21 
 139      262624FF 
 139      98FBEF20 
 139      E9433217 
 140 01c8 7BDC17A6 		.ascii	"{\334\027\246u\020e\244\005\270j\326*\"\\\302D?i\354"
 140      751065A4 
 140      05B86AD6 
 140      2A225CC2 
 140      443F69EC 
 141 01dc 26C24E95 		.ascii	"&\302N\225\314\025+\372p\0016\231\340\015\224q\021e"
ARM GAS  C:\Users\JEFFSN~1\AppData\Local\Temp\cc5rqmIN.s 			page 10


 141      CC152BFA 
 141      70013699 
 141      E00D9471 
 141      1165
 142 01ee 98B88C3A 		.ascii	"\230\270\214:\224Q\21320\271{\340\330B\020-\210\344"
 142      94518B32 
 142      30B97BE0 
 142      D842102D 
 142      88E4
 143 0200 A96105F5 		.ascii	"\251a\005\365\315\327\344\205y\234\365\314y'\273\352"
 143      CDD7E485 
 143      799CF5CC 
 143      7927BBEA 
 144 0210 A4C47AA8 		.ascii	"\244\304z\250\303\345|g\201;\224\3650\202\010\373|j"
 144      C3E57C67 
 144      813B94F5 
 144      308208FB 
 144      7C6A
 145 0222 36303C8F 		.ascii	"60<\217\236S\226\022\241\243\221W\220\3472\362\010\320"
 145      9E539612 
 145      A1A39157 
 145      90E732F2 
 145      08D0
 146 0234 08E1F8DF 		.ascii	"\010\341\370\337\000:\326\232\221\305)q]\221RT\245\214"
 146      003AD69A 
 146      91C52971 
 146      5D915254 
 146      A58C
 147 0246 2DB758E7 		.ascii	"-\267X\347k\024%\027\003u\004\006%\232\226\022r\353"
 147      6B142517 
 147      03750406 
 147      259A9612 
 147      72EB
 148 0258 05380743 		.ascii	"\0058\007CxC\232`\035F\026\034\231<\030*}\003\2643\313"
 148      78439A60 
 148      1D46161C 
 148      993C182A 
 148      7D03B433 
 149 026d EDDF1588 		.ascii	"\355\337\025\210\336\244\211/{q\376L9\2239eUO\356\\"
 149      DEA4892F 
 149      7B71FE4C 
 149      39933965 
 149      554FEE5C 
 150 0281 08E37455 		.ascii	"\010\343tU\037\222\362\025W6\206\211\004\005W5\312\253"
 150      1F92F215 
 150      57368689 
 150      04055735 
 150      CAAB
 151 0293 DE942E4A 		.ascii	"\336\224.J\331\226\177\276V'\3252\312\311\023\205\277"
 151      D9967FBE 
 151      5627D532 
 151      CAC91385 
 151      BF
 152 02a4 EA3DAD61 		.ascii	"\352=\255a\207\372G\343\251A\321\343\373\205\265k\244"
 152      87FA47E3 
 152      A941D1E3 
 152      FB85B56B 
ARM GAS  C:\Users\JEFFSN~1\AppData\Local\Temp\cc5rqmIN.s 			page 11


 152      A4
 153 02b5 ADF40269 		.ascii	"\255\364\002iW\244\221\276Ra^\347\032\311\316\265\367"
 153      57A491BE 
 153      52615EE7 
 153      1AC9CEB5 
 153      F7
 154 02c6 62CE4C90 		.ascii	"b\316L\220t\215\346\025\313O\177Y\351\271\203(fu\033"
 154      748DE615 
 154      CB4F7F59 
 154      E9B98328 
 154      66751B
 155 02d9 DE41550B 		.ascii	"\336AU\013\264\341\341E\362\303\273\201\316\353\332"
 155      B4E1E145 
 155      F2C3BB81 
 155      CEEBDA
 156 02e8 1D9CDD59 		.ascii	"\035\234\335Y}\200\350hE\352\026MG$\277\2043\367\036"
 156      7D80E868 
 156      45EA164D 
 156      4724BF84 
 156      33F71E
 157 02fb 2806EF16 		.ascii	"(\006\357\026\265\372\234K;\355\3215\365\\\352\007\217"
 157      B5FA9C4B 
 157      3BEDD135 
 157      F55CEA07 
 157      8F
 158 030c E4918319 		.ascii	"\344\221\203\031\303\314\015_E\027\324(\331\201\004"
 158      C3CC0D5F 
 158      4517D428 
 158      D98104
 159 031b 03CD5AE6 		.ascii	"\003\315Z\346f\332!\234t\320\356<\232|2\020 \315\262"
 159      66DA219C 
 159      74D0EE3C 
 159      9A7C3210 
 159      20CDB2
 160 032e EEFCF795 		.ascii	"\356\374\367\225\277\305\272\343{\355:\231\363f\353"
 160      BFC5BAE3 
 160      7BED3A99 
 160      F366EB
 161 033d 70B9E4BF 		.ascii	"p\271\344\277\326.Z\353m\265\326\375}\365\227u\254V"
 161      D62E5AEB 
 161      6DB5D6FD 
 161      7DF59775 
 161      AC56
 162 034f D76519EB 		.ascii	"\327e\031\353\304}\270\251\325yS\255\263\233\326Y\372"
 162      C47DB8A9 
 162      D57953AD 
 162      B39BD659 
 162      FA
 163 0360 787A3644 		.ascii	"xz6D: \376\317S\274\313J\312\315Z(2z\234=\314\3316X"
 163      3A20FECF 
 163      53BCCB4A 
 163      CACD5A28 
 163      327A9C3D 
 164 0378 F64C43DE 		.ascii	"\366LC\336c\316\316\362\343\361\036_/\363\015\267\345"
 164      63CECEF2 
 164      E3F11E5F 
 164      2FF30DB7 
ARM GAS  C:\Users\JEFFSN~1\AppData\Local\Temp\cc5rqmIN.s 			page 12


 164      E5
 165 0389 5ED1A2EF 		.ascii	"^\321\242\357\363\267\375\\A\375\277\250\354\247*\373"
 165      F3B7FD5C 
 165      41FDBFA8 
 165      ECA72AFB 
 166 0399 5495678E 		.ascii	"T\225g\216~{4\214\253\274OT\342>\334\321T\336QU\016"
 166      7E7B348C 
 166      ABBC4F54 
 166      E23EDCD1 
 166      54DE5155 
 167 03ae 5095ADD5 		.ascii	"P\225\255\325\335\263AR\241\177\225\317nWU\210\376\331"
 167      DDB34152 
 167      A17F95CF 
 167      6E575588 
 167      FED9
 168 03c0 8729FB90 		.ascii	"\207)\373\220\312\376{\373\302\343\000\316^G\330q\037"
 168      CAFE7BFB 
 168      C2E300CE 
 168      5E47D871 
 168      1F
 169 03d1 0635F641 		.ascii	"\0065\366A\225}\204\262\217\036\036?\253_d\237$\372"
 169      957D84B2 
 169      8F1E1E3F 
 169      AB5F649F 
 169      24FA
 170 03e3 256B7CFA 		.ascii	"%k|\372Co\240T\301\312i\3529\321\034\272\376\214RTL"
 170      436FA054 
 170      C1CA69EA 
 170      39D11CBA 
 170      FE8C5254 
 171 03f8 DEFACDF3 		.ascii	"\336\372\315\363\025\212\"Q\350(K\310\277T\002]? \327"
 171      158A2251 
 171      E8284BC8 
 171      BF54025D 
 171      3F20D7
 172 040b 7E0CD663 		.ascii	"~\014\326c\334\341{\177\305\006\037\322\336\213\347"
 172      DCE17B7F 
 172      C5061FD2 
 172      DE8BE7
 173 041a 3E2D0F21 		.ascii	">-\017!\230\226\200O\004\037,\036\352\014\361A\223\206"
 173      9896804F 
 173      041F2C1E 
 173      EA0CF141 
 173      9386
 174 042c 69E8718E 		.ascii	"i\350q\216\036\247\350\353O\372\257\352}\320]>h7G\273"
 174      1EA7E8EB 
 174      4FFAAFEA 
 174      7DD05D3E 
 174      683747BB 
 175 0440 297A29FB 		.ascii	")z)\373\320\264/\272\335\007=\301\321\023\024\375\250"
 175      D0B42FBA 
 175      DD073DC1 
 175      D11314FD 
 175      A8
 176 0451 FDEEB2C1 		.ascii	"\375\356\262\301\007=\354\203\236\344h\362|=6\316\234"
 176      073DEC83 
 176      9EE468F2 
ARM GAS  C:\Users\JEFFSN~1\AppData\Local\Temp\cc5rqmIN.s 			page 13


 176      7C3D36CE 
 176      9C
 177 0462 9410BB23 		.ascii	"\224\020\273#)A\376$)&i\247\274w\337\273\031\273\223"
 177      2941FE24 
 177      292669A7 
 177      BC77DFBB 
 177      19BB93
 178 0475 E2F65ADE 		.ascii	"\342\366Z\336\267\333\2346K\252\3553\331\260e\333\007"
 178      B7DB9C36 
 178      4BAAED33 
 178      D9B065DB 
 178      07
 179 0486 11E69818 		.ascii	"\021\346\230\030A\237a\263;c\336zm\213l\227\323-N\331"
 179      419F61B3 
 179      3B63DE7A 
 179      6D8B6C97 
 179      D32D4ED9 
 180 049a 9A949096 		.ascii	"\232\224\220\226\221\236\"\357\332\236\220f~scJ\246"
 180      919E22EF 
 180      DA9E9066 
 180      7E73634A 
 180      A6
 181 04ab 33739FEC 		.ascii	"3s\237\354\210\336#\274D\200ooz1n\327\213)\255{-\321"
 181      88DE23BC 
 181      44806F6F 
 181      7A316ED7 
 181      8B29AD7B 
 182 04c1 294284DF 		.ascii	")B\204\337zv\310\251\262\305!\207\2313qa\336\263=\335"
 182      7A76C8A9 
 182      B2C52187 
 182      99337161 
 182      DEB33DDD 
 183 04d5 96966E73 		.ascii	"\226\226nsf\032R2\035N\2133\303\021\341\247*\363Gq\361"
 183      661A5232 
 183      1D4E8B33 
 183      C311E1A7 
 183      2AF34771 
 184 04ea B1E6E8AD 		.ascii	"\261\346\350\255\302\253<2Av\276\367\251S\266[ek\254"
 184      C2AB3C32 
 184      4176BEF7 
 184      A953B65B 
 184      656BAC
 185 04fd D59A2E3B 		.ascii	"\325\232.;\034\257h;\3464\373n\333\307\031\230\307\226"
 185      1CAF683B 
 185      E634FB6E 
 185      DBC71998 
 185      C796
 186 050f 660FE5FE 		.ascii	"f\017\345\3768\233\303\222\234*\257\365[\333V\213\335"
 186      389BC392 
 186      9C2AAFF5 
 186      5BDB568B 
 186      DD
 187 0520 9A2AFF03 		.ascii	"\232*\377\003M\271\304\301"
 187      4DB9C4C1 
 188              		.text
 189              		.section	.gnu.lto_.symtab.a80cd26b,"",%progbits
 190 0000 4144435F 		.ascii	"ADC_SAR_Seq_1_TempBuf_DmaInitialize\000"
ARM GAS  C:\Users\JEFFSN~1\AppData\Local\Temp\cc5rqmIN.s 			page 14


 190      5341525F 
 190      5365715F 
 190      315F5465 
 190      6D704275 
 191 0024 00       		.ascii	"\000"
 192 0025 00       		.ascii	"\000"
 193 0026 00       		.ascii	"\000"
 194 0027 00000000 		.ascii	"\000\000\000\000\000\000\000\000"
 194      00000000 
 195 002f BD000000 		.ascii	"\275\000\000\000"
 196 0033 4144435F 		.ascii	"ADC_SAR_Seq_1_TempBuf_DmaHandle\000"
 196      5341525F 
 196      5365715F 
 196      315F5465 
 196      6D704275 
 197 0053 00       		.ascii	"\000"
 198 0054 00       		.ascii	"\000"
 199 0055 00       		.ascii	"\000"
 200 0056 00000000 		.ascii	"\000\000\000\000\000\000\000\000"
 200      00000000 
 201 005e E0000000 		.ascii	"\340\000\000\000"
 202 0062 4144435F 		.ascii	"ADC_SAR_Seq_1_TempBuf_DmaRelease\000"
 202      5341525F 
 202      5365715F 
 202      315F5465 
 202      6D704275 
 203 0083 00       		.ascii	"\000"
 204 0084 00       		.ascii	"\000"
 205 0085 00       		.ascii	"\000"
 206 0086 00000000 		.ascii	"\000\000\000\000\000\000\000\000"
 206      00000000 
 207 008e C0000000 		.ascii	"\300\000\000\000"
 208 0092 4379446D 		.ascii	"CyDmaChPriority\000"
 208      61436850 
 208      72696F72 
 208      69747900 
 209 00a2 00       		.ascii	"\000"
 210 00a3 02       		.ascii	"\002"
 211 00a4 00       		.ascii	"\000"
 212 00a5 00000000 		.ascii	"\000\000\000\000\000\000\000\000"
 212      00000000 
 213 00ad CA000000 		.ascii	"\312\000\000\000"
 214 00b1 4379446D 		.ascii	"CyDmaChSetExtendedAddress\000"
 214      61436853 
 214      65744578 
 214      74656E64 
 214      65644164 
 215 00cb 00       		.ascii	"\000"
 216 00cc 02       		.ascii	"\002"
 217 00cd 00       		.ascii	"\000"
 218 00ce 00000000 		.ascii	"\000\000\000\000\000\000\000\000"
 218      00000000 
 219 00d6 D0000000 		.ascii	"\320\000\000\000"
 220 00da 4379446D 		.ascii	"CyDmaChSetConfiguration\000"
 220      61436853 
 220      6574436F 
 220      6E666967 
ARM GAS  C:\Users\JEFFSN~1\AppData\Local\Temp\cc5rqmIN.s 			page 15


 220      75726174 
 221 00f2 00       		.ascii	"\000"
 222 00f3 02       		.ascii	"\002"
 223 00f4 00       		.ascii	"\000"
 224 00f5 00000000 		.ascii	"\000\000\000\000\000\000\000\000"
 224      00000000 
 225 00fd D9000000 		.ascii	"\331\000\000\000"
 226 0101 4379446D 		.ascii	"CyDmaChDisable\000"
 226      61436844 
 226      69736162 
 226      6C6500
 227 0110 00       		.ascii	"\000"
 228 0111 02       		.ascii	"\002"
 229 0112 00       		.ascii	"\000"
 230 0113 00000000 		.ascii	"\000\000\000\000\000\000\000\000"
 230      00000000 
 231 011b DD000000 		.ascii	"\335\000\000\000"
 232              		.text
 233              		.section	.gnu.lto_.opts,"",%progbits
 234 0000 272D666D 		.ascii	"'-fmath-errno' '-fsigned-zeros' '-ftrapping-math' '"
 234      6174682D 
 234      6572726E 
 234      6F272027 
 234      2D667369 
 235 0033 2D666E6F 		.ascii	"-fno-trapv' '-fno-openmp' '-fno-openacc' '-mcpu=cor"
 235      2D747261 
 235      70762720 
 235      272D666E 
 235      6F2D6F70 
 236 0066 7465782D 		.ascii	"tex-m3' '-mthumb' '-g' '-O3' '-ffunction-sections' "
 236      6D332720 
 236      272D6D74 
 236      68756D62 
 236      2720272D 
 237 0099 272D6666 		.ascii	"'-ffat-lto-objects' '-finline-functions' '-flto'\000"
 237      61742D6C 
 237      746F2D6F 
 237      626A6563 
 237      74732720 
 238              		.text
 239              		.cfi_sections	.debug_frame
 240              		.section	.text.ADC_SAR_Seq_1_TempBuf_DmaInitialize,"ax",%progbits
 241              		.align	2
 242              		.global	ADC_SAR_Seq_1_TempBuf_DmaInitialize
 243              		.thumb
 244              		.thumb_func
 245              		.type	ADC_SAR_Seq_1_TempBuf_DmaInitialize, %function
 246              	ADC_SAR_Seq_1_TempBuf_DmaInitialize:
 247              	.LFB0:
 248              		.file 1 "Generated_Source\\PSoC5\\ADC_SAR_Seq_1_TempBuf_dma.c"
   1:Generated_Source\PSoC5/ADC_SAR_Seq_1_TempBuf_dma.c **** /***************************************************************************
   2:Generated_Source\PSoC5/ADC_SAR_Seq_1_TempBuf_dma.c **** * File Name: ADC_SAR_Seq_1_TempBuf_dma.c  
   3:Generated_Source\PSoC5/ADC_SAR_Seq_1_TempBuf_dma.c **** * Version 1.70
   4:Generated_Source\PSoC5/ADC_SAR_Seq_1_TempBuf_dma.c **** *
   5:Generated_Source\PSoC5/ADC_SAR_Seq_1_TempBuf_dma.c **** *  Description:
   6:Generated_Source\PSoC5/ADC_SAR_Seq_1_TempBuf_dma.c **** *   Provides an API for the DMAC component. The API includes functions
   7:Generated_Source\PSoC5/ADC_SAR_Seq_1_TempBuf_dma.c **** *   for the DMA controller, DMA channels and Transfer Descriptors.
ARM GAS  C:\Users\JEFFSN~1\AppData\Local\Temp\cc5rqmIN.s 			page 16


   8:Generated_Source\PSoC5/ADC_SAR_Seq_1_TempBuf_dma.c **** *
   9:Generated_Source\PSoC5/ADC_SAR_Seq_1_TempBuf_dma.c **** *
  10:Generated_Source\PSoC5/ADC_SAR_Seq_1_TempBuf_dma.c **** *   Note:
  11:Generated_Source\PSoC5/ADC_SAR_Seq_1_TempBuf_dma.c **** *     This module requires the developer to finish or fill in the auto
  12:Generated_Source\PSoC5/ADC_SAR_Seq_1_TempBuf_dma.c **** *     generated funcions and setup the dma channel and TD's.
  13:Generated_Source\PSoC5/ADC_SAR_Seq_1_TempBuf_dma.c **** *
  14:Generated_Source\PSoC5/ADC_SAR_Seq_1_TempBuf_dma.c **** ********************************************************************************
  15:Generated_Source\PSoC5/ADC_SAR_Seq_1_TempBuf_dma.c **** * Copyright 2008-2010, Cypress Semiconductor Corporation.  All rights reserved.
  16:Generated_Source\PSoC5/ADC_SAR_Seq_1_TempBuf_dma.c **** * You may use this file only in accordance with the license, terms, conditions, 
  17:Generated_Source\PSoC5/ADC_SAR_Seq_1_TempBuf_dma.c **** * disclaimers, and limitations in the end user license agreement accompanying 
  18:Generated_Source\PSoC5/ADC_SAR_Seq_1_TempBuf_dma.c **** * the software package with which this file was provided.
  19:Generated_Source\PSoC5/ADC_SAR_Seq_1_TempBuf_dma.c **** ********************************************************************************/
  20:Generated_Source\PSoC5/ADC_SAR_Seq_1_TempBuf_dma.c **** #include <CYLIB.H>
  21:Generated_Source\PSoC5/ADC_SAR_Seq_1_TempBuf_dma.c **** #include <CYDMAC.H>
  22:Generated_Source\PSoC5/ADC_SAR_Seq_1_TempBuf_dma.c **** #include <ADC_SAR_Seq_1_TempBuf_dma.H>
  23:Generated_Source\PSoC5/ADC_SAR_Seq_1_TempBuf_dma.c **** 
  24:Generated_Source\PSoC5/ADC_SAR_Seq_1_TempBuf_dma.c **** 
  25:Generated_Source\PSoC5/ADC_SAR_Seq_1_TempBuf_dma.c **** 
  26:Generated_Source\PSoC5/ADC_SAR_Seq_1_TempBuf_dma.c **** /****************************************************************************
  27:Generated_Source\PSoC5/ADC_SAR_Seq_1_TempBuf_dma.c **** * 
  28:Generated_Source\PSoC5/ADC_SAR_Seq_1_TempBuf_dma.c **** * The following defines are available in Cyfitter.h
  29:Generated_Source\PSoC5/ADC_SAR_Seq_1_TempBuf_dma.c **** * 
  30:Generated_Source\PSoC5/ADC_SAR_Seq_1_TempBuf_dma.c **** * 
  31:Generated_Source\PSoC5/ADC_SAR_Seq_1_TempBuf_dma.c **** * 
  32:Generated_Source\PSoC5/ADC_SAR_Seq_1_TempBuf_dma.c **** * ADC_SAR_Seq_1_TempBuf__DRQ_CTL_REG
  33:Generated_Source\PSoC5/ADC_SAR_Seq_1_TempBuf_dma.c **** * 
  34:Generated_Source\PSoC5/ADC_SAR_Seq_1_TempBuf_dma.c **** * 
  35:Generated_Source\PSoC5/ADC_SAR_Seq_1_TempBuf_dma.c **** * ADC_SAR_Seq_1_TempBuf__DRQ_NUMBER
  36:Generated_Source\PSoC5/ADC_SAR_Seq_1_TempBuf_dma.c **** * 
  37:Generated_Source\PSoC5/ADC_SAR_Seq_1_TempBuf_dma.c **** * Number of TD's used by this channel.
  38:Generated_Source\PSoC5/ADC_SAR_Seq_1_TempBuf_dma.c **** * ADC_SAR_Seq_1_TempBuf__NUMBEROF_TDS
  39:Generated_Source\PSoC5/ADC_SAR_Seq_1_TempBuf_dma.c **** * 
  40:Generated_Source\PSoC5/ADC_SAR_Seq_1_TempBuf_dma.c **** * Priority of this channel.
  41:Generated_Source\PSoC5/ADC_SAR_Seq_1_TempBuf_dma.c **** * ADC_SAR_Seq_1_TempBuf__PRIORITY
  42:Generated_Source\PSoC5/ADC_SAR_Seq_1_TempBuf_dma.c **** * 
  43:Generated_Source\PSoC5/ADC_SAR_Seq_1_TempBuf_dma.c **** * True if ADC_SAR_Seq_1_TempBuf_TERMIN_SEL is used.
  44:Generated_Source\PSoC5/ADC_SAR_Seq_1_TempBuf_dma.c **** * ADC_SAR_Seq_1_TempBuf__TERMIN_EN
  45:Generated_Source\PSoC5/ADC_SAR_Seq_1_TempBuf_dma.c **** * 
  46:Generated_Source\PSoC5/ADC_SAR_Seq_1_TempBuf_dma.c **** * TERMIN interrupt line to signal terminate.
  47:Generated_Source\PSoC5/ADC_SAR_Seq_1_TempBuf_dma.c **** * ADC_SAR_Seq_1_TempBuf__TERMIN_SEL
  48:Generated_Source\PSoC5/ADC_SAR_Seq_1_TempBuf_dma.c **** * 
  49:Generated_Source\PSoC5/ADC_SAR_Seq_1_TempBuf_dma.c **** * 
  50:Generated_Source\PSoC5/ADC_SAR_Seq_1_TempBuf_dma.c **** * True if ADC_SAR_Seq_1_TempBuf_TERMOUT0_SEL is used.
  51:Generated_Source\PSoC5/ADC_SAR_Seq_1_TempBuf_dma.c **** * ADC_SAR_Seq_1_TempBuf__TERMOUT0_EN
  52:Generated_Source\PSoC5/ADC_SAR_Seq_1_TempBuf_dma.c **** * 
  53:Generated_Source\PSoC5/ADC_SAR_Seq_1_TempBuf_dma.c **** * 
  54:Generated_Source\PSoC5/ADC_SAR_Seq_1_TempBuf_dma.c **** * TERMOUT0 interrupt line to signal completion.
  55:Generated_Source\PSoC5/ADC_SAR_Seq_1_TempBuf_dma.c **** * ADC_SAR_Seq_1_TempBuf__TERMOUT0_SEL
  56:Generated_Source\PSoC5/ADC_SAR_Seq_1_TempBuf_dma.c **** * 
  57:Generated_Source\PSoC5/ADC_SAR_Seq_1_TempBuf_dma.c **** * 
  58:Generated_Source\PSoC5/ADC_SAR_Seq_1_TempBuf_dma.c **** * True if ADC_SAR_Seq_1_TempBuf_TERMOUT1_SEL is used.
  59:Generated_Source\PSoC5/ADC_SAR_Seq_1_TempBuf_dma.c **** * ADC_SAR_Seq_1_TempBuf__TERMOUT1_EN
  60:Generated_Source\PSoC5/ADC_SAR_Seq_1_TempBuf_dma.c **** * 
  61:Generated_Source\PSoC5/ADC_SAR_Seq_1_TempBuf_dma.c **** * 
  62:Generated_Source\PSoC5/ADC_SAR_Seq_1_TempBuf_dma.c **** * TERMOUT1 interrupt line to signal completion.
  63:Generated_Source\PSoC5/ADC_SAR_Seq_1_TempBuf_dma.c **** * ADC_SAR_Seq_1_TempBuf__TERMOUT1_SEL
  64:Generated_Source\PSoC5/ADC_SAR_Seq_1_TempBuf_dma.c **** * 
ARM GAS  C:\Users\JEFFSN~1\AppData\Local\Temp\cc5rqmIN.s 			page 17


  65:Generated_Source\PSoC5/ADC_SAR_Seq_1_TempBuf_dma.c **** ****************************************************************************/
  66:Generated_Source\PSoC5/ADC_SAR_Seq_1_TempBuf_dma.c **** 
  67:Generated_Source\PSoC5/ADC_SAR_Seq_1_TempBuf_dma.c **** 
  68:Generated_Source\PSoC5/ADC_SAR_Seq_1_TempBuf_dma.c **** /* Zero based index of ADC_SAR_Seq_1_TempBuf dma channel */
  69:Generated_Source\PSoC5/ADC_SAR_Seq_1_TempBuf_dma.c **** uint8 ADC_SAR_Seq_1_TempBuf_DmaHandle = DMA_INVALID_CHANNEL;
  70:Generated_Source\PSoC5/ADC_SAR_Seq_1_TempBuf_dma.c **** 
  71:Generated_Source\PSoC5/ADC_SAR_Seq_1_TempBuf_dma.c **** /*********************************************************************
  72:Generated_Source\PSoC5/ADC_SAR_Seq_1_TempBuf_dma.c **** * Function Name: uint8 ADC_SAR_Seq_1_TempBuf_DmaInitalize
  73:Generated_Source\PSoC5/ADC_SAR_Seq_1_TempBuf_dma.c **** **********************************************************************
  74:Generated_Source\PSoC5/ADC_SAR_Seq_1_TempBuf_dma.c **** * Summary:
  75:Generated_Source\PSoC5/ADC_SAR_Seq_1_TempBuf_dma.c **** *   Allocates and initialises a channel of the DMAC to be used by the
  76:Generated_Source\PSoC5/ADC_SAR_Seq_1_TempBuf_dma.c **** *   caller.
  77:Generated_Source\PSoC5/ADC_SAR_Seq_1_TempBuf_dma.c **** *
  78:Generated_Source\PSoC5/ADC_SAR_Seq_1_TempBuf_dma.c **** * Parameters:
  79:Generated_Source\PSoC5/ADC_SAR_Seq_1_TempBuf_dma.c **** *   BurstCount.
  80:Generated_Source\PSoC5/ADC_SAR_Seq_1_TempBuf_dma.c **** *       
  81:Generated_Source\PSoC5/ADC_SAR_Seq_1_TempBuf_dma.c **** *       
  82:Generated_Source\PSoC5/ADC_SAR_Seq_1_TempBuf_dma.c **** *   ReqestPerBurst.
  83:Generated_Source\PSoC5/ADC_SAR_Seq_1_TempBuf_dma.c **** *       
  84:Generated_Source\PSoC5/ADC_SAR_Seq_1_TempBuf_dma.c **** *       
  85:Generated_Source\PSoC5/ADC_SAR_Seq_1_TempBuf_dma.c **** *   UpperSrcAddress.
  86:Generated_Source\PSoC5/ADC_SAR_Seq_1_TempBuf_dma.c **** *       
  87:Generated_Source\PSoC5/ADC_SAR_Seq_1_TempBuf_dma.c **** *       
  88:Generated_Source\PSoC5/ADC_SAR_Seq_1_TempBuf_dma.c **** *   UpperDestAddress.
  89:Generated_Source\PSoC5/ADC_SAR_Seq_1_TempBuf_dma.c **** *       
  90:Generated_Source\PSoC5/ADC_SAR_Seq_1_TempBuf_dma.c **** *
  91:Generated_Source\PSoC5/ADC_SAR_Seq_1_TempBuf_dma.c **** * Return:
  92:Generated_Source\PSoC5/ADC_SAR_Seq_1_TempBuf_dma.c **** *   The channel that can be used by the caller for DMA activity.
  93:Generated_Source\PSoC5/ADC_SAR_Seq_1_TempBuf_dma.c **** *   DMA_INVALID_CHANNEL (0xFF) if there are no channels left. 
  94:Generated_Source\PSoC5/ADC_SAR_Seq_1_TempBuf_dma.c **** *
  95:Generated_Source\PSoC5/ADC_SAR_Seq_1_TempBuf_dma.c **** *
  96:Generated_Source\PSoC5/ADC_SAR_Seq_1_TempBuf_dma.c **** *******************************************************************/
  97:Generated_Source\PSoC5/ADC_SAR_Seq_1_TempBuf_dma.c **** uint8 ADC_SAR_Seq_1_TempBuf_DmaInitialize(uint8 BurstCount, uint8 ReqestPerBurst, uint16 UpperSrcAd
  98:Generated_Source\PSoC5/ADC_SAR_Seq_1_TempBuf_dma.c **** {
 249              		.loc 1 98 0
 250              		.cfi_startproc
 251              		@ args = 0, pretend = 0, frame = 0
 252              		@ frame_needed = 0, uses_anonymous_args = 0
 253              	.LVL0:
 254 0000 2DE9F041 		push	{r4, r5, r6, r7, r8, lr}
 255              		.cfi_def_cfa_offset 24
 256              		.cfi_offset 4, -24
 257              		.cfi_offset 5, -20
 258              		.cfi_offset 6, -16
 259              		.cfi_offset 7, -12
 260              		.cfi_offset 8, -8
 261              		.cfi_offset 14, -4
 262 0004 1746     		mov	r7, r2
 263 0006 9846     		mov	r8, r3
 264 0008 82B0     		sub	sp, sp, #8
 265              		.cfi_def_cfa_offset 32
  99:Generated_Source\PSoC5/ADC_SAR_Seq_1_TempBuf_dma.c **** 
 100:Generated_Source\PSoC5/ADC_SAR_Seq_1_TempBuf_dma.c ****     /* Allocate a DMA channel. */
 101:Generated_Source\PSoC5/ADC_SAR_Seq_1_TempBuf_dma.c ****     ADC_SAR_Seq_1_TempBuf_DmaHandle = (uint8)ADC_SAR_Seq_1_TempBuf__DRQ_NUMBER;
 266              		.loc 1 101 0
 267 000a 0C4C     		ldr	r4, .L3
 268 000c 0725     		movs	r5, #7
ARM GAS  C:\Users\JEFFSN~1\AppData\Local\Temp\cc5rqmIN.s 			page 18


 102:Generated_Source\PSoC5/ADC_SAR_Seq_1_TempBuf_dma.c **** 
 103:Generated_Source\PSoC5/ADC_SAR_Seq_1_TempBuf_dma.c ****     /* Configure the channel. */
 104:Generated_Source\PSoC5/ADC_SAR_Seq_1_TempBuf_dma.c ****     (void)CyDmaChSetConfiguration(ADC_SAR_Seq_1_TempBuf_DmaHandle,
 269              		.loc 1 104 0
 270 000e 0026     		movs	r6, #0
 271 0010 2B46     		mov	r3, r5
 272              	.LVL1:
 273 0012 0A46     		mov	r2, r1
 274              	.LVL2:
 275 0014 0196     		str	r6, [sp, #4]
 276 0016 0146     		mov	r1, r0
 277              	.LVL3:
 278 0018 0096     		str	r6, [sp]
 279 001a 2846     		mov	r0, r5
 280              	.LVL4:
 101:Generated_Source\PSoC5/ADC_SAR_Seq_1_TempBuf_dma.c **** 
 281              		.loc 1 101 0
 282 001c 2570     		strb	r5, [r4]
 283              		.loc 1 104 0
 284 001e FFF7FEFF 		bl	CyDmaChSetConfiguration
 285              	.LVL5:
 105:Generated_Source\PSoC5/ADC_SAR_Seq_1_TempBuf_dma.c ****                                   BurstCount,
 106:Generated_Source\PSoC5/ADC_SAR_Seq_1_TempBuf_dma.c ****                                   ReqestPerBurst,
 107:Generated_Source\PSoC5/ADC_SAR_Seq_1_TempBuf_dma.c ****                                   (uint8)ADC_SAR_Seq_1_TempBuf__TERMOUT0_SEL,
 108:Generated_Source\PSoC5/ADC_SAR_Seq_1_TempBuf_dma.c ****                                   (uint8)ADC_SAR_Seq_1_TempBuf__TERMOUT1_SEL,
 109:Generated_Source\PSoC5/ADC_SAR_Seq_1_TempBuf_dma.c ****                                   (uint8)ADC_SAR_Seq_1_TempBuf__TERMIN_SEL);
 110:Generated_Source\PSoC5/ADC_SAR_Seq_1_TempBuf_dma.c **** 
 111:Generated_Source\PSoC5/ADC_SAR_Seq_1_TempBuf_dma.c ****     /* Set the extended address for the transfers */
 112:Generated_Source\PSoC5/ADC_SAR_Seq_1_TempBuf_dma.c ****     (void)CyDmaChSetExtendedAddress(ADC_SAR_Seq_1_TempBuf_DmaHandle, UpperSrcAddress, UpperDestAddr
 286              		.loc 1 112 0
 287 0022 4246     		mov	r2, r8
 288 0024 3946     		mov	r1, r7
 289 0026 2078     		ldrb	r0, [r4]	@ zero_extendqisi2
 290 0028 FFF7FEFF 		bl	CyDmaChSetExtendedAddress
 291              	.LVL6:
 113:Generated_Source\PSoC5/ADC_SAR_Seq_1_TempBuf_dma.c **** 
 114:Generated_Source\PSoC5/ADC_SAR_Seq_1_TempBuf_dma.c ****     /* Set the priority for this channel */
 115:Generated_Source\PSoC5/ADC_SAR_Seq_1_TempBuf_dma.c ****     (void)CyDmaChPriority(ADC_SAR_Seq_1_TempBuf_DmaHandle, (uint8)ADC_SAR_Seq_1_TempBuf__PRIORITY);
 292              		.loc 1 115 0
 293 002c 2078     		ldrb	r0, [r4]	@ zero_extendqisi2
 294 002e 0221     		movs	r1, #2
 295 0030 FFF7FEFF 		bl	CyDmaChPriority
 296              	.LVL7:
 116:Generated_Source\PSoC5/ADC_SAR_Seq_1_TempBuf_dma.c ****     
 117:Generated_Source\PSoC5/ADC_SAR_Seq_1_TempBuf_dma.c ****     return ADC_SAR_Seq_1_TempBuf_DmaHandle;
 118:Generated_Source\PSoC5/ADC_SAR_Seq_1_TempBuf_dma.c **** }
 297              		.loc 1 118 0
 298 0034 2078     		ldrb	r0, [r4]	@ zero_extendqisi2
 299 0036 02B0     		add	sp, sp, #8
 300              		.cfi_def_cfa_offset 24
 301              		@ sp needed
 302 0038 BDE8F081 		pop	{r4, r5, r6, r7, r8, pc}
 303              	.L4:
 304              		.align	2
 305              	.L3:
 306 003c 00000000 		.word	.LANCHOR0
 307              		.cfi_endproc
ARM GAS  C:\Users\JEFFSN~1\AppData\Local\Temp\cc5rqmIN.s 			page 19


 308              	.LFE0:
 309              		.size	ADC_SAR_Seq_1_TempBuf_DmaInitialize, .-ADC_SAR_Seq_1_TempBuf_DmaInitialize
 310              		.section	.text.ADC_SAR_Seq_1_TempBuf_DmaRelease,"ax",%progbits
 311              		.align	2
 312              		.global	ADC_SAR_Seq_1_TempBuf_DmaRelease
 313              		.thumb
 314              		.thumb_func
 315              		.type	ADC_SAR_Seq_1_TempBuf_DmaRelease, %function
 316              	ADC_SAR_Seq_1_TempBuf_DmaRelease:
 317              	.LFB1:
 119:Generated_Source\PSoC5/ADC_SAR_Seq_1_TempBuf_dma.c **** 
 120:Generated_Source\PSoC5/ADC_SAR_Seq_1_TempBuf_dma.c **** /*********************************************************************
 121:Generated_Source\PSoC5/ADC_SAR_Seq_1_TempBuf_dma.c **** * Function Name: void ADC_SAR_Seq_1_TempBuf_DmaRelease
 122:Generated_Source\PSoC5/ADC_SAR_Seq_1_TempBuf_dma.c **** **********************************************************************
 123:Generated_Source\PSoC5/ADC_SAR_Seq_1_TempBuf_dma.c **** * Summary:
 124:Generated_Source\PSoC5/ADC_SAR_Seq_1_TempBuf_dma.c **** *   Frees the channel associated with ADC_SAR_Seq_1_TempBuf.
 125:Generated_Source\PSoC5/ADC_SAR_Seq_1_TempBuf_dma.c **** *
 126:Generated_Source\PSoC5/ADC_SAR_Seq_1_TempBuf_dma.c **** *
 127:Generated_Source\PSoC5/ADC_SAR_Seq_1_TempBuf_dma.c **** * Parameters:
 128:Generated_Source\PSoC5/ADC_SAR_Seq_1_TempBuf_dma.c **** *   void.
 129:Generated_Source\PSoC5/ADC_SAR_Seq_1_TempBuf_dma.c **** *
 130:Generated_Source\PSoC5/ADC_SAR_Seq_1_TempBuf_dma.c **** *
 131:Generated_Source\PSoC5/ADC_SAR_Seq_1_TempBuf_dma.c **** *
 132:Generated_Source\PSoC5/ADC_SAR_Seq_1_TempBuf_dma.c **** * Return:
 133:Generated_Source\PSoC5/ADC_SAR_Seq_1_TempBuf_dma.c **** *   void.
 134:Generated_Source\PSoC5/ADC_SAR_Seq_1_TempBuf_dma.c **** *
 135:Generated_Source\PSoC5/ADC_SAR_Seq_1_TempBuf_dma.c **** *******************************************************************/
 136:Generated_Source\PSoC5/ADC_SAR_Seq_1_TempBuf_dma.c **** void ADC_SAR_Seq_1_TempBuf_DmaRelease(void) 
 137:Generated_Source\PSoC5/ADC_SAR_Seq_1_TempBuf_dma.c **** {
 318              		.loc 1 137 0
 319              		.cfi_startproc
 320              		@ args = 0, pretend = 0, frame = 0
 321              		@ frame_needed = 0, uses_anonymous_args = 0
 322              		@ link register save eliminated.
 138:Generated_Source\PSoC5/ADC_SAR_Seq_1_TempBuf_dma.c ****     /* Disable the channel */
 139:Generated_Source\PSoC5/ADC_SAR_Seq_1_TempBuf_dma.c ****     (void)CyDmaChDisable(ADC_SAR_Seq_1_TempBuf_DmaHandle);
 323              		.loc 1 139 0
 324 0000 014B     		ldr	r3, .L6
 325 0002 1878     		ldrb	r0, [r3]	@ zero_extendqisi2
 326 0004 FFF7FEBF 		b	CyDmaChDisable
 327              	.LVL8:
 328              	.L7:
 329              		.align	2
 330              	.L6:
 331 0008 00000000 		.word	.LANCHOR0
 332              		.cfi_endproc
 333              	.LFE1:
 334              		.size	ADC_SAR_Seq_1_TempBuf_DmaRelease, .-ADC_SAR_Seq_1_TempBuf_DmaRelease
 335              		.global	ADC_SAR_Seq_1_TempBuf_DmaHandle
 336              		.data
 337              		.set	.LANCHOR0,. + 0
 338              		.type	ADC_SAR_Seq_1_TempBuf_DmaHandle, %object
 339              		.size	ADC_SAR_Seq_1_TempBuf_DmaHandle, 1
 340              	ADC_SAR_Seq_1_TempBuf_DmaHandle:
 341 0000 FF       		.byte	-1
 342              		.text
 343              	.Letext0:
ARM GAS  C:\Users\JEFFSN~1\AppData\Local\Temp\cc5rqmIN.s 			page 20


 344              		.file 2 "Generated_Source\\PSoC5/cytypes.h"
 345              		.file 3 "Generated_Source\\PSoC5/CYDMAC.H"
 346              		.section	.debug_info,"",%progbits
 347              	.Ldebug_info0:
 348 0000 A6010000 		.4byte	0x1a6
 349 0004 0400     		.2byte	0x4
 350 0006 00000000 		.4byte	.Ldebug_abbrev0
 351 000a 04       		.byte	0x4
 352 000b 01       		.uleb128 0x1
 353 000c 94000000 		.4byte	.LASF24
 354 0010 0C       		.byte	0xc
 355 0011 42000000 		.4byte	.LASF25
 356 0015 F0010000 		.4byte	.LASF26
 357 0019 00000000 		.4byte	.Ldebug_ranges0+0
 358 001d 00000000 		.4byte	0
 359 0021 00000000 		.4byte	.Ldebug_line0
 360 0025 02       		.uleb128 0x2
 361 0026 04       		.byte	0x4
 362 0027 05       		.byte	0x5
 363 0028 696E7400 		.ascii	"int\000"
 364 002c 03       		.uleb128 0x3
 365 002d 04       		.byte	0x4
 366 002e 07       		.byte	0x7
 367 002f 61010000 		.4byte	.LASF0
 368 0033 03       		.uleb128 0x3
 369 0034 08       		.byte	0x8
 370 0035 05       		.byte	0x5
 371 0036 C3010000 		.4byte	.LASF1
 372 003a 03       		.uleb128 0x3
 373 003b 08       		.byte	0x8
 374 003c 04       		.byte	0x4
 375 003d B3020000 		.4byte	.LASF2
 376 0041 03       		.uleb128 0x3
 377 0042 01       		.byte	0x1
 378 0043 06       		.byte	0x6
 379 0044 BF020000 		.4byte	.LASF3
 380 0048 03       		.uleb128 0x3
 381 0049 01       		.byte	0x1
 382 004a 08       		.byte	0x8
 383 004b 7B000000 		.4byte	.LASF4
 384 004f 03       		.uleb128 0x3
 385 0050 02       		.byte	0x2
 386 0051 05       		.byte	0x5
 387 0052 A0020000 		.4byte	.LASF5
 388 0056 03       		.uleb128 0x3
 389 0057 02       		.byte	0x2
 390 0058 07       		.byte	0x7
 391 0059 2F000000 		.4byte	.LASF6
 392 005d 03       		.uleb128 0x3
 393 005e 04       		.byte	0x4
 394 005f 05       		.byte	0x5
 395 0060 AA020000 		.4byte	.LASF7
 396 0064 03       		.uleb128 0x3
 397 0065 04       		.byte	0x4
 398 0066 07       		.byte	0x7
 399 0067 3B010000 		.4byte	.LASF8
 400 006b 03       		.uleb128 0x3
ARM GAS  C:\Users\JEFFSN~1\AppData\Local\Temp\cc5rqmIN.s 			page 21


 401 006c 08       		.byte	0x8
 402 006d 07       		.byte	0x7
 403 006e 92010000 		.4byte	.LASF9
 404 0072 03       		.uleb128 0x3
 405 0073 04       		.byte	0x4
 406 0074 07       		.byte	0x7
 407 0075 BA010000 		.4byte	.LASF10
 408 0079 03       		.uleb128 0x3
 409 007a 01       		.byte	0x1
 410 007b 08       		.byte	0x8
 411 007c EB010000 		.4byte	.LASF11
 412 0080 04       		.uleb128 0x4
 413 0081 4D010000 		.4byte	.LASF12
 414 0085 02       		.byte	0x2
 415 0086 E901     		.2byte	0x1e9
 416 0088 48000000 		.4byte	0x48
 417 008c 04       		.uleb128 0x4
 418 008d 5A010000 		.4byte	.LASF13
 419 0091 02       		.byte	0x2
 420 0092 EA01     		.2byte	0x1ea
 421 0094 56000000 		.4byte	0x56
 422 0098 03       		.uleb128 0x3
 423 0099 04       		.byte	0x4
 424 009a 04       		.byte	0x4
 425 009b 75000000 		.4byte	.LASF14
 426 009f 03       		.uleb128 0x3
 427 00a0 08       		.byte	0x8
 428 00a1 04       		.byte	0x4
 429 00a2 53010000 		.4byte	.LASF15
 430 00a6 05       		.uleb128 0x5
 431 00a7 6E010000 		.4byte	.LASF27
 432 00ab 01       		.byte	0x1
 433 00ac 61       		.byte	0x61
 434 00ad 80000000 		.4byte	0x80
 435 00b1 00000000 		.4byte	.LFB0
 436 00b5 40000000 		.4byte	.LFE0-.LFB0
 437 00b9 01       		.uleb128 0x1
 438 00ba 9C       		.byte	0x9c
 439 00bb 4D010000 		.4byte	0x14d
 440 00bf 06       		.uleb128 0x6
 441 00c0 89000000 		.4byte	.LASF16
 442 00c4 01       		.byte	0x1
 443 00c5 61       		.byte	0x61
 444 00c6 80000000 		.4byte	0x80
 445 00ca 00000000 		.4byte	.LLST0
 446 00ce 06       		.uleb128 0x6
 447 00cf 20000000 		.4byte	.LASF17
 448 00d3 01       		.byte	0x1
 449 00d4 61       		.byte	0x61
 450 00d5 80000000 		.4byte	0x80
 451 00d9 21000000 		.4byte	.LLST1
 452 00dd 06       		.uleb128 0x6
 453 00de 00000000 		.4byte	.LASF18
 454 00e2 01       		.byte	0x1
 455 00e3 61       		.byte	0x61
 456 00e4 8C000000 		.4byte	0x8c
 457 00e8 42000000 		.4byte	.LLST2
ARM GAS  C:\Users\JEFFSN~1\AppData\Local\Temp\cc5rqmIN.s 			page 22


 458 00ec 06       		.uleb128 0x6
 459 00ed A9010000 		.4byte	.LASF19
 460 00f1 01       		.byte	0x1
 461 00f2 61       		.byte	0x61
 462 00f3 8C000000 		.4byte	0x8c
 463 00f7 63000000 		.4byte	.LLST3
 464 00fb 07       		.uleb128 0x7
 465 00fc 22000000 		.4byte	.LVL5
 466 0100 7D010000 		.4byte	0x17d
 467 0104 23010000 		.4byte	0x123
 468 0108 08       		.uleb128 0x8
 469 0109 01       		.uleb128 0x1
 470 010a 50       		.byte	0x50
 471 010b 02       		.uleb128 0x2
 472 010c 75       		.byte	0x75
 473 010d 00       		.sleb128 0
 474 010e 08       		.uleb128 0x8
 475 010f 01       		.uleb128 0x1
 476 0110 53       		.byte	0x53
 477 0111 02       		.uleb128 0x2
 478 0112 75       		.byte	0x75
 479 0113 00       		.sleb128 0
 480 0114 08       		.uleb128 0x8
 481 0115 02       		.uleb128 0x2
 482 0116 7D       		.byte	0x7d
 483 0117 00       		.sleb128 0
 484 0118 02       		.uleb128 0x2
 485 0119 76       		.byte	0x76
 486 011a 00       		.sleb128 0
 487 011b 08       		.uleb128 0x8
 488 011c 02       		.uleb128 0x2
 489 011d 7D       		.byte	0x7d
 490 011e 04       		.sleb128 4
 491 011f 02       		.uleb128 0x2
 492 0120 76       		.byte	0x76
 493 0121 00       		.sleb128 0
 494 0122 00       		.byte	0
 495 0123 07       		.uleb128 0x7
 496 0124 2C000000 		.4byte	.LVL6
 497 0128 88010000 		.4byte	0x188
 498 012c 3D010000 		.4byte	0x13d
 499 0130 08       		.uleb128 0x8
 500 0131 01       		.uleb128 0x1
 501 0132 51       		.byte	0x51
 502 0133 02       		.uleb128 0x2
 503 0134 77       		.byte	0x77
 504 0135 00       		.sleb128 0
 505 0136 08       		.uleb128 0x8
 506 0137 01       		.uleb128 0x1
 507 0138 52       		.byte	0x52
 508 0139 02       		.uleb128 0x2
 509 013a 78       		.byte	0x78
 510 013b 00       		.sleb128 0
 511 013c 00       		.byte	0
 512 013d 09       		.uleb128 0x9
 513 013e 34000000 		.4byte	.LVL7
 514 0142 93010000 		.4byte	0x193
ARM GAS  C:\Users\JEFFSN~1\AppData\Local\Temp\cc5rqmIN.s 			page 23


 515 0146 08       		.uleb128 0x8
 516 0147 01       		.uleb128 0x1
 517 0148 51       		.byte	0x51
 518 0149 01       		.uleb128 0x1
 519 014a 32       		.byte	0x32
 520 014b 00       		.byte	0
 521 014c 00       		.byte	0
 522 014d 0A       		.uleb128 0xa
 523 014e 5F020000 		.4byte	.LASF28
 524 0152 01       		.byte	0x1
 525 0153 88       		.byte	0x88
 526 0154 00000000 		.4byte	.LFB1
 527 0158 0C000000 		.4byte	.LFE1-.LFB1
 528 015c 01       		.uleb128 0x1
 529 015d 9C       		.byte	0x9c
 530 015e 6C010000 		.4byte	0x16c
 531 0162 0B       		.uleb128 0xb
 532 0163 08000000 		.4byte	.LVL8
 533 0167 9E010000 		.4byte	0x19e
 534 016b 00       		.byte	0
 535 016c 0C       		.uleb128 0xc
 536 016d 80020000 		.4byte	.LASF29
 537 0171 01       		.byte	0x1
 538 0172 45       		.byte	0x45
 539 0173 80000000 		.4byte	0x80
 540 0177 05       		.uleb128 0x5
 541 0178 03       		.byte	0x3
 542 0179 00000000 		.4byte	ADC_SAR_Seq_1_TempBuf_DmaHandle
 543 017d 0D       		.uleb128 0xd
 544 017e DA020000 		.4byte	.LASF20
 545 0182 DA020000 		.4byte	.LASF20
 546 0186 03       		.byte	0x3
 547 0187 33       		.byte	0x33
 548 0188 0D       		.uleb128 0xd
 549 0189 D1010000 		.4byte	.LASF21
 550 018d D1010000 		.4byte	.LASF21
 551 0191 03       		.byte	0x3
 552 0192 2D       		.byte	0x2d
 553 0193 0D       		.uleb128 0xd
 554 0194 10000000 		.4byte	.LASF22
 555 0198 10000000 		.4byte	.LASF22
 556 019c 03       		.byte	0x3
 557 019d 2C       		.byte	0x2c
 558 019e 0D       		.uleb128 0xd
 559 019f CB020000 		.4byte	.LASF23
 560 01a3 CB020000 		.4byte	.LASF23
 561 01a7 03       		.byte	0x3
 562 01a8 2A       		.byte	0x2a
 563 01a9 00       		.byte	0
 564              		.section	.debug_abbrev,"",%progbits
 565              	.Ldebug_abbrev0:
 566 0000 01       		.uleb128 0x1
 567 0001 11       		.uleb128 0x11
 568 0002 01       		.byte	0x1
 569 0003 25       		.uleb128 0x25
 570 0004 0E       		.uleb128 0xe
 571 0005 13       		.uleb128 0x13
ARM GAS  C:\Users\JEFFSN~1\AppData\Local\Temp\cc5rqmIN.s 			page 24


 572 0006 0B       		.uleb128 0xb
 573 0007 03       		.uleb128 0x3
 574 0008 0E       		.uleb128 0xe
 575 0009 1B       		.uleb128 0x1b
 576 000a 0E       		.uleb128 0xe
 577 000b 55       		.uleb128 0x55
 578 000c 17       		.uleb128 0x17
 579 000d 11       		.uleb128 0x11
 580 000e 01       		.uleb128 0x1
 581 000f 10       		.uleb128 0x10
 582 0010 17       		.uleb128 0x17
 583 0011 00       		.byte	0
 584 0012 00       		.byte	0
 585 0013 02       		.uleb128 0x2
 586 0014 24       		.uleb128 0x24
 587 0015 00       		.byte	0
 588 0016 0B       		.uleb128 0xb
 589 0017 0B       		.uleb128 0xb
 590 0018 3E       		.uleb128 0x3e
 591 0019 0B       		.uleb128 0xb
 592 001a 03       		.uleb128 0x3
 593 001b 08       		.uleb128 0x8
 594 001c 00       		.byte	0
 595 001d 00       		.byte	0
 596 001e 03       		.uleb128 0x3
 597 001f 24       		.uleb128 0x24
 598 0020 00       		.byte	0
 599 0021 0B       		.uleb128 0xb
 600 0022 0B       		.uleb128 0xb
 601 0023 3E       		.uleb128 0x3e
 602 0024 0B       		.uleb128 0xb
 603 0025 03       		.uleb128 0x3
 604 0026 0E       		.uleb128 0xe
 605 0027 00       		.byte	0
 606 0028 00       		.byte	0
 607 0029 04       		.uleb128 0x4
 608 002a 16       		.uleb128 0x16
 609 002b 00       		.byte	0
 610 002c 03       		.uleb128 0x3
 611 002d 0E       		.uleb128 0xe
 612 002e 3A       		.uleb128 0x3a
 613 002f 0B       		.uleb128 0xb
 614 0030 3B       		.uleb128 0x3b
 615 0031 05       		.uleb128 0x5
 616 0032 49       		.uleb128 0x49
 617 0033 13       		.uleb128 0x13
 618 0034 00       		.byte	0
 619 0035 00       		.byte	0
 620 0036 05       		.uleb128 0x5
 621 0037 2E       		.uleb128 0x2e
 622 0038 01       		.byte	0x1
 623 0039 3F       		.uleb128 0x3f
 624 003a 19       		.uleb128 0x19
 625 003b 03       		.uleb128 0x3
 626 003c 0E       		.uleb128 0xe
 627 003d 3A       		.uleb128 0x3a
 628 003e 0B       		.uleb128 0xb
ARM GAS  C:\Users\JEFFSN~1\AppData\Local\Temp\cc5rqmIN.s 			page 25


 629 003f 3B       		.uleb128 0x3b
 630 0040 0B       		.uleb128 0xb
 631 0041 27       		.uleb128 0x27
 632 0042 19       		.uleb128 0x19
 633 0043 49       		.uleb128 0x49
 634 0044 13       		.uleb128 0x13
 635 0045 11       		.uleb128 0x11
 636 0046 01       		.uleb128 0x1
 637 0047 12       		.uleb128 0x12
 638 0048 06       		.uleb128 0x6
 639 0049 40       		.uleb128 0x40
 640 004a 18       		.uleb128 0x18
 641 004b 9742     		.uleb128 0x2117
 642 004d 19       		.uleb128 0x19
 643 004e 01       		.uleb128 0x1
 644 004f 13       		.uleb128 0x13
 645 0050 00       		.byte	0
 646 0051 00       		.byte	0
 647 0052 06       		.uleb128 0x6
 648 0053 05       		.uleb128 0x5
 649 0054 00       		.byte	0
 650 0055 03       		.uleb128 0x3
 651 0056 0E       		.uleb128 0xe
 652 0057 3A       		.uleb128 0x3a
 653 0058 0B       		.uleb128 0xb
 654 0059 3B       		.uleb128 0x3b
 655 005a 0B       		.uleb128 0xb
 656 005b 49       		.uleb128 0x49
 657 005c 13       		.uleb128 0x13
 658 005d 02       		.uleb128 0x2
 659 005e 17       		.uleb128 0x17
 660 005f 00       		.byte	0
 661 0060 00       		.byte	0
 662 0061 07       		.uleb128 0x7
 663 0062 898201   		.uleb128 0x4109
 664 0065 01       		.byte	0x1
 665 0066 11       		.uleb128 0x11
 666 0067 01       		.uleb128 0x1
 667 0068 31       		.uleb128 0x31
 668 0069 13       		.uleb128 0x13
 669 006a 01       		.uleb128 0x1
 670 006b 13       		.uleb128 0x13
 671 006c 00       		.byte	0
 672 006d 00       		.byte	0
 673 006e 08       		.uleb128 0x8
 674 006f 8A8201   		.uleb128 0x410a
 675 0072 00       		.byte	0
 676 0073 02       		.uleb128 0x2
 677 0074 18       		.uleb128 0x18
 678 0075 9142     		.uleb128 0x2111
 679 0077 18       		.uleb128 0x18
 680 0078 00       		.byte	0
 681 0079 00       		.byte	0
 682 007a 09       		.uleb128 0x9
 683 007b 898201   		.uleb128 0x4109
 684 007e 01       		.byte	0x1
 685 007f 11       		.uleb128 0x11
ARM GAS  C:\Users\JEFFSN~1\AppData\Local\Temp\cc5rqmIN.s 			page 26


 686 0080 01       		.uleb128 0x1
 687 0081 31       		.uleb128 0x31
 688 0082 13       		.uleb128 0x13
 689 0083 00       		.byte	0
 690 0084 00       		.byte	0
 691 0085 0A       		.uleb128 0xa
 692 0086 2E       		.uleb128 0x2e
 693 0087 01       		.byte	0x1
 694 0088 3F       		.uleb128 0x3f
 695 0089 19       		.uleb128 0x19
 696 008a 03       		.uleb128 0x3
 697 008b 0E       		.uleb128 0xe
 698 008c 3A       		.uleb128 0x3a
 699 008d 0B       		.uleb128 0xb
 700 008e 3B       		.uleb128 0x3b
 701 008f 0B       		.uleb128 0xb
 702 0090 27       		.uleb128 0x27
 703 0091 19       		.uleb128 0x19
 704 0092 11       		.uleb128 0x11
 705 0093 01       		.uleb128 0x1
 706 0094 12       		.uleb128 0x12
 707 0095 06       		.uleb128 0x6
 708 0096 40       		.uleb128 0x40
 709 0097 18       		.uleb128 0x18
 710 0098 9742     		.uleb128 0x2117
 711 009a 19       		.uleb128 0x19
 712 009b 01       		.uleb128 0x1
 713 009c 13       		.uleb128 0x13
 714 009d 00       		.byte	0
 715 009e 00       		.byte	0
 716 009f 0B       		.uleb128 0xb
 717 00a0 898201   		.uleb128 0x4109
 718 00a3 00       		.byte	0
 719 00a4 11       		.uleb128 0x11
 720 00a5 01       		.uleb128 0x1
 721 00a6 9542     		.uleb128 0x2115
 722 00a8 19       		.uleb128 0x19
 723 00a9 31       		.uleb128 0x31
 724 00aa 13       		.uleb128 0x13
 725 00ab 00       		.byte	0
 726 00ac 00       		.byte	0
 727 00ad 0C       		.uleb128 0xc
 728 00ae 34       		.uleb128 0x34
 729 00af 00       		.byte	0
 730 00b0 03       		.uleb128 0x3
 731 00b1 0E       		.uleb128 0xe
 732 00b2 3A       		.uleb128 0x3a
 733 00b3 0B       		.uleb128 0xb
 734 00b4 3B       		.uleb128 0x3b
 735 00b5 0B       		.uleb128 0xb
 736 00b6 49       		.uleb128 0x49
 737 00b7 13       		.uleb128 0x13
 738 00b8 3F       		.uleb128 0x3f
 739 00b9 19       		.uleb128 0x19
 740 00ba 02       		.uleb128 0x2
 741 00bb 18       		.uleb128 0x18
 742 00bc 00       		.byte	0
ARM GAS  C:\Users\JEFFSN~1\AppData\Local\Temp\cc5rqmIN.s 			page 27


 743 00bd 00       		.byte	0
 744 00be 0D       		.uleb128 0xd
 745 00bf 2E       		.uleb128 0x2e
 746 00c0 00       		.byte	0
 747 00c1 3F       		.uleb128 0x3f
 748 00c2 19       		.uleb128 0x19
 749 00c3 3C       		.uleb128 0x3c
 750 00c4 19       		.uleb128 0x19
 751 00c5 6E       		.uleb128 0x6e
 752 00c6 0E       		.uleb128 0xe
 753 00c7 03       		.uleb128 0x3
 754 00c8 0E       		.uleb128 0xe
 755 00c9 3A       		.uleb128 0x3a
 756 00ca 0B       		.uleb128 0xb
 757 00cb 3B       		.uleb128 0x3b
 758 00cc 0B       		.uleb128 0xb
 759 00cd 00       		.byte	0
 760 00ce 00       		.byte	0
 761 00cf 00       		.byte	0
 762              		.section	.debug_loc,"",%progbits
 763              	.Ldebug_loc0:
 764              	.LLST0:
 765 0000 00000000 		.4byte	.LVL0
 766 0004 1C000000 		.4byte	.LVL4
 767 0008 0100     		.2byte	0x1
 768 000a 50       		.byte	0x50
 769 000b 1C000000 		.4byte	.LVL4
 770 000f 40000000 		.4byte	.LFE0
 771 0013 0400     		.2byte	0x4
 772 0015 F3       		.byte	0xf3
 773 0016 01       		.uleb128 0x1
 774 0017 50       		.byte	0x50
 775 0018 9F       		.byte	0x9f
 776 0019 00000000 		.4byte	0
 777 001d 00000000 		.4byte	0
 778              	.LLST1:
 779 0021 00000000 		.4byte	.LVL0
 780 0025 18000000 		.4byte	.LVL3
 781 0029 0100     		.2byte	0x1
 782 002b 51       		.byte	0x51
 783 002c 18000000 		.4byte	.LVL3
 784 0030 40000000 		.4byte	.LFE0
 785 0034 0400     		.2byte	0x4
 786 0036 F3       		.byte	0xf3
 787 0037 01       		.uleb128 0x1
 788 0038 51       		.byte	0x51
 789 0039 9F       		.byte	0x9f
 790 003a 00000000 		.4byte	0
 791 003e 00000000 		.4byte	0
 792              	.LLST2:
 793 0042 00000000 		.4byte	.LVL0
 794 0046 14000000 		.4byte	.LVL2
 795 004a 0100     		.2byte	0x1
 796 004c 52       		.byte	0x52
 797 004d 14000000 		.4byte	.LVL2
 798 0051 40000000 		.4byte	.LFE0
 799 0055 0400     		.2byte	0x4
ARM GAS  C:\Users\JEFFSN~1\AppData\Local\Temp\cc5rqmIN.s 			page 28


 800 0057 F3       		.byte	0xf3
 801 0058 01       		.uleb128 0x1
 802 0059 52       		.byte	0x52
 803 005a 9F       		.byte	0x9f
 804 005b 00000000 		.4byte	0
 805 005f 00000000 		.4byte	0
 806              	.LLST3:
 807 0063 00000000 		.4byte	.LVL0
 808 0067 12000000 		.4byte	.LVL1
 809 006b 0100     		.2byte	0x1
 810 006d 53       		.byte	0x53
 811 006e 12000000 		.4byte	.LVL1
 812 0072 40000000 		.4byte	.LFE0
 813 0076 0400     		.2byte	0x4
 814 0078 F3       		.byte	0xf3
 815 0079 01       		.uleb128 0x1
 816 007a 53       		.byte	0x53
 817 007b 9F       		.byte	0x9f
 818 007c 00000000 		.4byte	0
 819 0080 00000000 		.4byte	0
 820              		.section	.debug_aranges,"",%progbits
 821 0000 24000000 		.4byte	0x24
 822 0004 0200     		.2byte	0x2
 823 0006 00000000 		.4byte	.Ldebug_info0
 824 000a 04       		.byte	0x4
 825 000b 00       		.byte	0
 826 000c 0000     		.2byte	0
 827 000e 0000     		.2byte	0
 828 0010 00000000 		.4byte	.LFB0
 829 0014 40000000 		.4byte	.LFE0-.LFB0
 830 0018 00000000 		.4byte	.LFB1
 831 001c 0C000000 		.4byte	.LFE1-.LFB1
 832 0020 00000000 		.4byte	0
 833 0024 00000000 		.4byte	0
 834              		.section	.debug_ranges,"",%progbits
 835              	.Ldebug_ranges0:
 836 0000 00000000 		.4byte	.LFB0
 837 0004 40000000 		.4byte	.LFE0
 838 0008 00000000 		.4byte	.LFB1
 839 000c 0C000000 		.4byte	.LFE1
 840 0010 00000000 		.4byte	0
 841 0014 00000000 		.4byte	0
 842              		.section	.debug_line,"",%progbits
 843              	.Ldebug_line0:
 844 0000 90000000 		.section	.debug_str,"MS",%progbits,1
 844      02006200 
 844      00000201 
 844      FB0E0D00 
 844      01010101 
 845              	.LASF18:
 846 0000 55707065 		.ascii	"UpperSrcAddress\000"
 846      72537263 
 846      41646472 
 846      65737300 
 847              	.LASF22:
 848 0010 4379446D 		.ascii	"CyDmaChPriority\000"
 848      61436850 
ARM GAS  C:\Users\JEFFSN~1\AppData\Local\Temp\cc5rqmIN.s 			page 29


 848      72696F72 
 848      69747900 
 849              	.LASF17:
 850 0020 52657165 		.ascii	"ReqestPerBurst\000"
 850      73745065 
 850      72427572 
 850      737400
 851              	.LASF6:
 852 002f 73686F72 		.ascii	"short unsigned int\000"
 852      7420756E 
 852      7369676E 
 852      65642069 
 852      6E7400
 853              	.LASF25:
 854 0042 47656E65 		.ascii	"Generated_Source\\PSoC5\\ADC_SAR_Seq_1_TempBuf_dma."
 854      72617465 
 854      645F536F 
 854      75726365 
 854      5C50536F 
 855 0073 6300     		.ascii	"c\000"
 856              	.LASF14:
 857 0075 666C6F61 		.ascii	"float\000"
 857      7400
 858              	.LASF4:
 859 007b 756E7369 		.ascii	"unsigned char\000"
 859      676E6564 
 859      20636861 
 859      7200
 860              	.LASF16:
 861 0089 42757273 		.ascii	"BurstCount\000"
 861      74436F75 
 861      6E7400
 862              	.LASF24:
 863 0094 474E5520 		.ascii	"GNU C11 5.4.1 20160609 (release) [ARM/embedded-5-br"
 863      43313120 
 863      352E342E 
 863      31203230 
 863      31363036 
 864 00c7 616E6368 		.ascii	"anch revision 237715] -mcpu=cortex-m3 -mthumb -g -O"
 864      20726576 
 864      6973696F 
 864      6E203233 
 864      37373135 
 865 00fa 33202D66 		.ascii	"3 -ffunction-sections -ffat-lto-objects -finline-fu"
 865      66756E63 
 865      74696F6E 
 865      2D736563 
 865      74696F6E 
 866 012d 6E637469 		.ascii	"nctions -flto\000"
 866      6F6E7320 
 866      2D666C74 
 866      6F00
 867              	.LASF8:
 868 013b 6C6F6E67 		.ascii	"long unsigned int\000"
 868      20756E73 
 868      69676E65 
 868      6420696E 
ARM GAS  C:\Users\JEFFSN~1\AppData\Local\Temp\cc5rqmIN.s 			page 30


 868      7400
 869              	.LASF12:
 870 014d 75696E74 		.ascii	"uint8\000"
 870      3800
 871              	.LASF15:
 872 0153 646F7562 		.ascii	"double\000"
 872      6C6500
 873              	.LASF13:
 874 015a 75696E74 		.ascii	"uint16\000"
 874      313600
 875              	.LASF0:
 876 0161 756E7369 		.ascii	"unsigned int\000"
 876      676E6564 
 876      20696E74 
 876      00
 877              	.LASF27:
 878 016e 4144435F 		.ascii	"ADC_SAR_Seq_1_TempBuf_DmaInitialize\000"
 878      5341525F 
 878      5365715F 
 878      315F5465 
 878      6D704275 
 879              	.LASF9:
 880 0192 6C6F6E67 		.ascii	"long long unsigned int\000"
 880      206C6F6E 
 880      6720756E 
 880      7369676E 
 880      65642069 
 881              	.LASF19:
 882 01a9 55707065 		.ascii	"UpperDestAddress\000"
 882      72446573 
 882      74416464 
 882      72657373 
 882      00
 883              	.LASF10:
 884 01ba 73697A65 		.ascii	"sizetype\000"
 884      74797065 
 884      00
 885              	.LASF1:
 886 01c3 6C6F6E67 		.ascii	"long long int\000"
 886      206C6F6E 
 886      6720696E 
 886      7400
 887              	.LASF21:
 888 01d1 4379446D 		.ascii	"CyDmaChSetExtendedAddress\000"
 888      61436853 
 888      65744578 
 888      74656E64 
 888      65644164 
 889              	.LASF11:
 890 01eb 63686172 		.ascii	"char\000"
 890      00
 891              	.LASF26:
 892 01f0 433A5C55 		.ascii	"C:\\Users\\JeffSnyder\\dev\\Electrobass_embedded\\P"
 892      73657273 
 892      5C4A6566 
 892      66536E79 
 892      6465725C 
ARM GAS  C:\Users\JEFFSN~1\AppData\Local\Temp\cc5rqmIN.s 			page 31


 893 021e 534F4335 		.ascii	"SOC5_electrobass_stringsensors\\CE210514_PSOC3_5_Th"
 893      5F656C65 
 893      6374726F 
 893      62617373 
 893      5F737472 
 894 0250 65726D69 		.ascii	"ermistor.cydsn\000"
 894      73746F72 
 894      2E637964 
 894      736E00
 895              	.LASF28:
 896 025f 4144435F 		.ascii	"ADC_SAR_Seq_1_TempBuf_DmaRelease\000"
 896      5341525F 
 896      5365715F 
 896      315F5465 
 896      6D704275 
 897              	.LASF29:
 898 0280 4144435F 		.ascii	"ADC_SAR_Seq_1_TempBuf_DmaHandle\000"
 898      5341525F 
 898      5365715F 
 898      315F5465 
 898      6D704275 
 899              	.LASF5:
 900 02a0 73686F72 		.ascii	"short int\000"
 900      7420696E 
 900      7400
 901              	.LASF7:
 902 02aa 6C6F6E67 		.ascii	"long int\000"
 902      20696E74 
 902      00
 903              	.LASF2:
 904 02b3 6C6F6E67 		.ascii	"long double\000"
 904      20646F75 
 904      626C6500 
 905              	.LASF3:
 906 02bf 7369676E 		.ascii	"signed char\000"
 906      65642063 
 906      68617200 
 907              	.LASF23:
 908 02cb 4379446D 		.ascii	"CyDmaChDisable\000"
 908      61436844 
 908      69736162 
 908      6C6500
 909              	.LASF20:
 910 02da 4379446D 		.ascii	"CyDmaChSetConfiguration\000"
 910      61436853 
 910      6574436F 
 910      6E666967 
 910      75726174 
 911              		.comm	__gnu_lto_v1,1,1
 912              		.ident	"GCC: (GNU Tools for ARM Embedded Processors) 5.4.1 20160609 (release) [ARM/embedded-5-bran
