ARM GAS  C:\Users\JEFFSN~1\AppData\Local\Temp\ccq9DQTc.s 			page 1


   1              		.syntax unified
   2              		.cpu cortex-m3
   3              		.fpu softvfp
   4              		.eabi_attribute 20, 1
   5              		.eabi_attribute 21, 1
   6              		.eabi_attribute 23, 3
   7              		.eabi_attribute 24, 1
   8              		.eabi_attribute 25, 1
   9              		.eabi_attribute 26, 1
  10              		.eabi_attribute 30, 2
  11              		.eabi_attribute 34, 1
  12              		.eabi_attribute 18, 4
  13              		.thumb
  14              		.syntax unified
  15              		.file	"ADC_1_PM.c"
  16              		.text
  17              	.Ltext0:
  18              		.section	.gnu.lto_.profile.a80cfc87,"",%progbits
  19 0000 789C6361 		.ascii	"x\234ca`d`a`\000\222\001\352\000\0011\000\202"
  19      60646061 
  19      60009201 
  19      EA000131 
  19      0082
  20              		.text
  21              		.section	.gnu.lto_.icf.a80cfc87,"",%progbits
  22 0000 789C6361 		.ascii	"x\234ca`d\000\0015\006\004`cxs\376\347W.\306\235+_l"
  22      60640001 
  22      35060460 
  22      637873FE 
  22      E7572EC6 
  23 0018 E062DAB2 		.ascii	"\340b\332\262\367\371i>\346\331}\347\216\261\260|\371"
  23      F7F9693E 
  23      E6D97DE7 
  23      8EB1B07C 
  23      F9
  24 0029 B072070B 		.ascii	"\260r\007\013k\357\344\217\363\230\030\000\203\000\022"
  24      6BEFE48F 
  24      F3981800 
  24      830012
  25 0038 E4       		.ascii	"\344"
  26              		.text
  27              		.section	.gnu.lto_.jmpfuncs.a80cfc87,"",%progbits
  28 0000 789C6361 		.ascii	"x\234ca`d\000\001Q\006\004`\005\223L\014\014\314\014"
  28      60640001 
  28      51060460 
  28      05934C0C 
  28      0CCC0C
  29 0013 0C2C303E 		.ascii	"\014,0>\000\004\221\000."
  29      00049100 
  29      2E
  30              		.text
  31              		.section	.gnu.lto_.inline.a80cfc87,"",%progbits
  32 0000 789C6361 		.ascii	"x\234ca`d\000\2012\006\004`e`\340\024ad`\3428`\307\300"
  32      60640081 
  32      32060460 
  32      6560E014 
  32      616460E2 
ARM GAS  C:\Users\JEFFSN~1\AppData\Local\Temp\ccq9DQTc.s 			page 2


  33 0018 B6409E09 		.ascii	"\266@\236\011$\306\310\005#\230\030XY\200\222,\013\344"
  33      24C6C805 
  33      23981858 
  33      5980922C 
  33      0BE4
  34 002a E192CC98 		.ascii	"\341\222\314\230B,\014\242\374@!\245\013\363\030Q\315"
  34      422C0CA2 
  34      FC4021A5 
  34      0BF31851 
  34      CD
  35 003b 6065E0E4 		.ascii	"`e\340\344\006JpM\360C\025g\000\000v\274\012\031"
  35      064A704D 
  35      F0431567 
  35      000076BC 
  35      0A19
  36              		.text
  37              		.section	.gnu.lto_.pureconst.a80cfc87,"",%progbits
  38 0000 789C6361 		.ascii	"x\234ca`d\340f```e\220`\222b\226b\221b\225\002\000\004"
  38      6064E066 
  38      60606065 
  38      90609262 
  38      96629162 
  39 0018 0000A4   		.ascii	"\000\000\244"
  40              		.text
  41              		.section	.gnu.lto_ADC_1_Wakeup.part.0.a80cfc87,"",%progbits
  42 0000 789C7550 		.ascii	"x\234uP;HcQ\020\2353\367\275$\210\277\306ND\026\033"
  42      3B486351 
  42      109D33F7 
  42      BD2488BF 
  42      C64E4416 
  43 0015 0B0D1676 		.ascii	"\013\015\026v6\242\254\260 \210\266B\020M\253 Z\347"
  43      36A2ACB0 
  43      2088B642 
  43      104DAB20 
  43      5AE7
  44 0027 EAF3A136 		.ascii	"\352\363\2416\"\013k'VK\\\177\321\316\244\012\2626\""
  44      220B6B27 
  44      564B5C7F 
  44      D1CEA40A 
  44      B23622
  45 003a 5AA9451A 		.ascii	"Z\251E\032\265\020\021\301\004\024YX}\316\334l\2678"
  45      B51011C1 
  45      04145958 
  45      7DCEDC6C 
  45      B738
  46 004c 70EF5CE6 		.ascii	"p\357\\\346\2363g\316x\004\322\330\221\324&\271G\016"
  46      9E3367CE 
  46      7804D2D8 
  46      91D426B9 
  46      470E
  47 005e 62047FF5 		.ascii	"b\004\177\365L\036>\330efSh![\343]&\311\326\032xZ\235"
  47      4C1E3ED8 
  47      65665368 
  47      215BE35D 
  47      26C9D61A 
  48 0075 4B78803E 		.ascii	"Kx\200>l\002\224\361\331x\310\340\205\337\030G\213w"
  48      6C0294F1 
ARM GAS  C:\Users\JEFFSN~1\AppData\Local\Temp\ccq9DQTc.s 			page 3


  48      D978C8E0 
  48      85DF1847 
  48      8B77
  49 0087 796ECF5A 		.ascii	"yn\317Z\211\353\237\331.\273YDh\210\"vR\204,\332I`\267"
  49      89EB9FD9 
  49      2EBB5944 
  49      68882276 
  49      52842CDA 
  50 009e 07EF3FEA 		.ascii	"\007\357?\352b\013\012k\255~b\0231\235'7lm\024\005v"
  50      620B0A6B 
  50      AD7E6213 
  50      319D2737 
  50      6C6D1405 
  51 00b3 F5A90971 		.ascii	"\365\251\011qPh\300z\021\225\005\245\222e\3665\233\012"
  51      5068C07A 
  51      119505A5 
  51      9265F635 
  51      9B0A
  52 00c5 B3CBF708 		.ascii	"\263\313\367\010\212\245\223Z\345k\347|\376\261\024"
  52      8AA5935A 
  52      E56BE77C 
  52      FEB114
  53 00d4 CFBCD925 		.ascii	"\317\274\331%k\033C\303\021\013\025\277\220\221&\206"
  53      6B1B43C3 
  53      110B15BF 
  53      90912686 
  54 00e4 EE305F38 		.ascii	"\3560_8\270\372\036Wp` \360\265\360\350<\376\314\241"
  54      B8FA1E57 
  54      706020F0 
  54      B5F0E83C 
  54      FECCA1
  55 00f7 38F89FED 		.ascii	"8\370\237\355-\313\350Z~8\275\370]\263\201\3659\353"
  55      2DCBE85A 
  55      7E38BDF8 
  55      5DB381F5 
  55      39EB
  56 0109 EA3EB6C5 		.ascii	"\352>\266\305\357\026\232\335\347\312\341\376r\"\331"
  56      EF169ADD 
  56      E7CAE1FE 
  56      7222D9
  57 0118 119A1876 		.ascii	"\021\232\030v\260\201wg\025\273H\212\\\360\367+\005"
  57      B0817767 
  57      15BB488A 
  57      5CF0F72B 
  57      05
  58 0129 86AB5AC7 		.ascii	"\206\253Z\307\321k\261A\265\000\306\236\260o\260P\012"
  58      D16BB141 
  58      B500C69E 
  58      B06FB050 
  58      0A
  59 013a 26ABC3E8 		.ascii	"&\253\303\350\362r\217\371?uU\000!\247\355%*l\250\320"
  59      F2728FF9 
  59      3F755500 
  59      21A7ED25 
  59      2A6CA8D0 
  60 014e E26C564E 		.ascii	"\342lVN\352?\265)\252\330\377gSI\236[\316\003\346\213"
  60      EA3FB529 
ARM GAS  C:\Users\JEFFSN~1\AppData\Local\Temp\ccq9DQTc.s 			page 4


  60      AAD8FF67 
  60      53499E5B 
  60      CE03E68B 
  61 0162 AFDF1C49 		.ascii	"\257\337\034I\243,\333\220\262`\277\014\244'\323\323"
  61      A32CDB90 
  61      B260BF0C 
  61      A427D3D3 
  62 0172 6333E989 		.ascii	"c3\351\211\324\310\324\354\364xzthd\252\257{\264\267"
  62      D4C8D4EC 
  62      F4787A74 
  62      6864AAAF 
  62      7BB4B7
  63 0185 BF2FD595 		.ascii	"\277/\325\225\032\032\354\034\247\017lC\242\014"
  63      1A1AEC1C 
  63      A70F6C43 
  63      A20C
  64              		.text
  65              		.section	.gnu.lto_ADC_1_backup.a80cfc87,"",%progbits
  66 0000 789C6361 		.ascii	"x\234ca`d\000\001g \206\260\030\030\37621\356\336\276"
  66      60640001 
  66      672086B0 
  66      1818FE32 
  66      31EEDEBE 
  67 0014 E718EB17 		.ascii	"\347\030\353\027\246Vf\006F\003 w\375\233\235?y!\\\220"
  67      A6566606 
  67      46032077 
  67      FD9B9D3F 
  67      79215C90 
  68 0028 EC84F6B5 		.ascii	"\354\204\366\265s\230-\2665t,hPhef\374\307\304\300\270"
  68      73982DB6 
  68      35742C68 
  68      50686566 
  68      FCC7C4C0 
  69 003d 8251E61F 		.ascii	"\202Q\346\037\023#\343rF\031\006\306\225\214\026\014"
  69      1323E372 
  69      461906C6 
  69      958C160C 
  70 004d 00A48117 		.ascii	"\000\244\201\027\\"
  70      5C
  71              		.text
  72              		.section	.gnu.lto_ADC_1_SaveConfig.a80cfc87,"",%progbits
  73 0000 789C4D50 		.ascii	"x\234MP=K\003A\020\335\267{\371@\360\2437\205\210M\032"
  73      3D4B0341 
  73      10DDB77B 
  73      F940F0A3 
  73      3785884D 
  74 0015 83853F40 		.ascii	"\203\205?@\"h#\004\323\006\202\304k\015\004\255\263"
  74      22682304 
  74      D30682C4 
  74      6B0D04AD 
  74      B3
  75 0026 F9383416 		.ascii	"\37184\026bcl\224\304B\023?b\264\363\260\360\010j%Z"
  75      62636C94 
  75      C442133F 
  75      62B4F3B0 
  75      F0086A25 
  76 003b 482A1BB1 		.ascii	"H*\033\261H\021,\"h#$q\346\3228\260\314\356\233\267"
ARM GAS  C:\Users\JEFFSN~1\AppData\Local\Temp\ccq9DQTc.s 			page 5


  76      48112C22 
  76      68232471 
  76      E6D238B0 
  76      CCEE9BB7 
  77 004f EFCD8C21 		.ascii	"\357\315\214! 8\026)MQ\036\247\003% w\237\205\310\370"
  77      20381629 
  77      4D511EA7 
  77      03252077 
  77      9F85C8F8 
  78 0063 25C017ED 		.ascii	"%\300\027\355\207HK\244\361#\273\022\215\315\226-\203"
  78      87484BA4 
  78      F123BB12 
  78      8DCD962D 
  78      83
  79 0074 154DF1FE 		.ascii	"\025M\361\376\260\257t\325\201\245\204\350KWI\240\202"
  79      B0AF74D5 
  79      81A584E8 
  79      4B5749A0 
  79      82
  80 0085 A020DAC7 		.ascii	"\240 \332\307uoo\330\233g\332\304\240\210*\274lW_vt"
  80      756F6FD8 
  80      9B67DAC4 
  80      A0882ABC 
  80      6C575F76 
  81 009a BF9FD3CE 		.ascii	"\277\237\323\316\235\347X\031RX\212\320\0161\330\353"
  81      9DE75819 
  81      52588AD0 
  81      0E31D8EB 
  82 00aa 4B4ACEAA 		.ascii	"KJ\316\252\205\306\357\366\343\211\217?\345\024\373"
  82      85C6EFF6 
  82      E3898F3F 
  82      E514FB
  83 00b9 16ADC68B 		.ascii	"\026\255\306\213\357[ZJ\202\365\273\345f}t\360\324\007"
  83      EF5B5A4A 
  83      82F5BBE5 
  83      667D74F0 
  83      D407
  84 00cb 196D10D4 		.ascii	"\031m\020\324\274\265\213#%\034f\362\324\221\302\031"
  84      BCB58B23 
  84      251C66F2 
  84      D491C219 
  85 00db 02384580 		.ascii	"\0028E\200\214\317Q\202h![<\012\260\336\1771\303\025"
  85      8CCF5182 
  85      68215B3C 
  85      0AB0DE7F 
  85      31C315
  86 00ee B3EDCF37 		.ascii	"\263\355\3177_\272\253\267\264\036#\254@\3630\334~j"
  86      5FBAABB7 
  86      B41E23AC 
  86      40F330DC 
  86      7E6A
  87 0100 DE0FB1A0 		.ascii	"\336\017\261\240vq\017j\264\204\013\226\244\342\316"
  87      76710F6A 
  87      B4840B96 
  87      A4E2CE
  88 010f CD55C11F 		.ascii	"\315U\301\037\252\361\200:j)/.\311\245\347n\001u\204"
  88      AAF1803A 
ARM GAS  C:\Users\JEFFSN~1\AppData\Local\Temp\ccq9DQTc.s 			page 6


  88      6A292F2E 
  88      C9A5E76E 
  88      017584
  89 0122 A869D146 		.ascii	"\250i\321F\326y\365\260\245\273\232\016uN\263\021er"
  89      D679F5B0 
  89      A5BB9A0E 
  89      754EB311 
  89      6572
  90 0134 C15C3353 		.ascii	"\301\\3S+\353\346j<\232\334H%\314X$\232\014\317\306"
  90      2BEBE66A 
  90      3C9ADC48 
  90      25CC5824 
  90      9A0CCFC6 
  91 0148 E6E6C3F1 		.ascii	"\346\346\303\361\231xdi:!\376\000e&~*"
  91      99786469 
  91      3A21FE00 
  91      65267E2A 
  92              		.text
  93              		.section	.gnu.lto_ADC_1_RestoreConfig.a80cfc87,"",%progbits
  94 0000 789C4D90 		.ascii	"x\234M\220\273O\002A\020\306\367\333=\017\324\370\350"
  94      BB4F0241 
  94      10C6F7DB 
  94      3D0FD4F8 
  94      E8
  95 0011 2CA430C6 		.ascii	",\2440\306\206B\321\302?\300`\2602!\322\222\020\203"
  95      8642D1C2 
  95      3FC060B0 
  95      3221D292 
  95      1083
  96 0023 D74A42B4 		.ascii	"\327JB\264\276\345qQ\032c#\225\006\255\300'\222h\342"
  96      BEE57151 
  96      1A632395 
  96      06ADC027 
  96      9268E2
  97 0036 6973104B 		.ascii	"is\020K\242\025\225\215\321HA, \321\022p\366h\234d3"
  97      A215958D 
  97      D148412C 
  97      20D11270 
  97      F6689C64 
  98 004b BBDFCCCE 		.ascii	"\273\337\314\316\357\333\325\030\230\212\020\2459\312"
  98      EFDBD518 
  98      988A10A5 
  98      39CA
  99 0059 D3B42018 		.ascii	"\323\264 \030\370\341\013c)/\007\324Fz\301L\016\023"
  99      F8E10B63 
  99      292F07D4 
  99      467AC14C 
  99      0E13
 100 006b BFBCCB51 		.ascii	"\277\274\313Q\333k\332\334_\224\024\357_\237\213\262"
 100      DB6BDADC 
 100      5F9414EF 
 100      5F9F8BB2 
 101 007b E4C0128C 		.ascii	"\344\300\022\214\365\271;\211\241\010?\243\266\217J"
 101      F5B93B89 
 101      A1083FA3 
 101      B68F4A
 102 008a EF684CCF 		.ascii	"\357hL\317\252\266\231A\021%\350\012W\336pd\277\237"
ARM GAS  C:\Users\JEFFSN~1\AppData\Local\Temp\ccq9DQTc.s 			page 7


 102      AAB69941 
 102      1125E80A 
 102      57DE7064 
 102      BF9F
 103 009c 914E45AF 		.ascii	"\221NE\257\336\351\032g\226 \271M-\012\326\341\\e\321"
 103      DEE91A67 
 103      9620B94D 
 103      2D0AD6E1 
 103      5C65D1
 104 00af 44FAB153 		.ascii	"D\372\261S\257\016\253[\031\241\300y\253\366\352\371"
 104      AF0EAB5B 
 104      19A1C079 
 104      ABF6EAF9 
 105 00bf E196E050 		.ascii	"\341\226\340P\000\333\376~\363\230]\271/\345$i9\362"
 105      00DBFE7E 
 105      F3985DB9 
 105      2FE52469 
 105      39F2
 106 00d1 A0E456BD 		.ascii	"\240\344V\275\361<R\300IJ\272\272\300\005\031?\207\317"
 106      F13C52C0 
 106      494ABABA 
 106      C005193F 
 106      87CF
 107 00e3 2D1E3CDC 		.ascii	"-\036<\334\346\274\201yKh\270D\001=\3273\256\020`M\324"
 107      E6BC8179 
 107      4B68B844 
 107      013DD733 
 107      AE10604D 
 108 00f8 F267530A 		.ascii	"\362gS\012\366\2374\344\222\272\247\215\362\304\340"
 108      F69F34E4 
 108      92BAA78D 
 108      F2C4E0
 109 0107 288F5352 		.ascii	"(\217SR#\251\361d\347\307\025%K\234QK\350\270\201\017"
 109      23A9F164 
 109      E7C71525 
 109      4B9C514B 
 109      E8B8810F 
 110 011b D70A8332 		.ascii	"\327\012\2032M&\307\254\205\264s\037R#\335\217i\223"
 110      4D26C7AC 
 110      85B4731F 
 110      5223DD8F 
 110      6993
 111 012d 6D7A1821 		.ascii	"mz\030!g\327\214m#\271\271cl\305\"\211\335d\334\210"
 111      67D78C6D 
 111      23B9B963 
 111      6CC52289 
 111      DD64DC88 
 112 0141 862389E0 		.ascii	"\206#\211\340rte5\030[\212\205\327\027\342\354\017g"
 112      72746535 
 112      185B8A85 
 112      D717E2EC 
 112      0F67
 113 0153 3F7E28   		.ascii	"?~("
 114              		.text
 115              		.section	.gnu.lto_ADC_1_Sleep.a80cfc87,"",%progbits
 116 0000 789C9553 		.ascii	"x\234\225SMHTQ\024\276\347\336\367\336}\216\232\003"
 116      4D485451 
ARM GAS  C:\Users\JEFFSN~1\AppData\Local\Temp\ccq9DQTc.s 			page 8


 116      14BEE7DE 
 116      F7DE7D8E 
 116      9A03
 117 0012 6D452202 		.ascii	"mE\"\002q\323\324\"\010wa\344*\220\\&H\330\264T\220"
 117      71D3D422 
 117      087761E4 
 117      2A905C26 
 117      48D8B454 
 118 0027 5ACF1DC7 		.ascii	"Z\317\035\307\361\247\205\025\224\020\214\230\0335\315"
 118      F1A78515 
 118      94108C98 
 118      1B35CD
 119 0036 C6292D27 		.ascii	"\306)-'5\307i\312\315P\020\331F\210\014\322\020\243"
 119      35C769CA 
 119      CD5010D9 
 119      46880CD2 
 119      10A3
 120 0048 19D045D1 		.ascii	"\031\320E\3218\235\363\256:\317~$/\274\363\336\275\367"
 120      389DF3AE 
 120      3ACF7E24 
 120      2FBCF3DE 
 120      BDF7
 121 005a FC7CDFF9 		.ascii	"\374|\337\371\3361\0300Z\203\006c\307\360}\005\037("
 121      DE311830 
 121      5A830663 
 121      C7F07D05 
 121      1F28
 122 006c 62C06FBE 		.ascii	"b\300o\276f,hs.\272*\231\362H\262%\202\033\256\235\301"
 122      662C6873 
 122      2EBA2A99 
 122      F248B225 
 122      821BAE9D 
 123 0081 CD773EDC 		.ascii	"\315w>\334Y3\025\2703\301\322!\026\330\372C\356|\330"
 123      593315B8 
 123      33C1D221 
 123      16D8FA43 
 123      EE7CD8
 124 0094 00F4A16C 		.ascii	"\000\364\241l`\001.\014\323\2226\004`\223\3478$;W\342"
 124      60012E0C 
 124      D3923604 
 124      6093E738 
 124      243B57E2 
 125 00a8 BC6A48E1 		.ascii	"\274jH\341\372\370\371\333\0115\234\200\260`,\317\035"
 125      FAF8F9DB 
 125      09359C80 
 125      B0602CCF 
 125      1D
 126 00b9 500C86A0 		.ascii	"P\014\206\240\212\241\333\247\330\326\235R\253\235\334"
 126      8AA1DBA7 
 126      D8D69D52 
 126      AB9DDC
 127 00c8 8EE84B18 		.ascii	"\216\350K\030\006\213\220G/$T>\037R\211[r>#\275\202"
 127      068B9047 
 127      2F24543E 
 127      1F52895B 
 127      723E23BD 
 128 00dd 85059864 		.ascii	"\205\005\230d,2\222\214M\306C\246\214\014c\031L@\200"
ARM GAS  C:\Users\JEFFSN~1\AppData\Local\Temp\ccq9DQTc.s 			page 9


 128      2C32928C 
 128      4DC643A6 
 128      8C0C6319 
 128      4C4080
 129 00f0 B29CD35B 		.ascii	"\262\234\323[\254@\362\307\365\367\221\333@IC\302\304"
 129      AC40F2C7 
 129      F5F791DB 
 129      404943C2 
 129      C4
 130 0101 82BDE1E4 		.ascii	"\202\275\341\344\033\271\301\303\202\003\325\357\313"
 130      1BB9C1C3 
 130      8203D5EF 
 130      CB
 131 010e 8DAC16E9 		.ascii	"\215\254\026\351\355HgP\031x\264\024\034\354\220\375"
 131      ED486750 
 131      1978B414 
 131      1CEC90FD 
 132 011e D0176C47 		.ascii	"\320\027lG\304\002F\240\034\356C9\002\033\205~`+\020"
 132      C40246A0 
 132      1CEE4339 
 132      021B857E 
 132      602B10
 133 0131 FA798E85 		.ascii	"\372y\216\205\204\320\351&R\013\0356\305\003\256\007"
 133      84D0E926 
 133      520B1D36 
 133      C503AE07 
 134 0141 E8B60CED 		.ascii	"\350\266\014\355K\241\012]O\240Ct=\376\275T;0\030\243"
 134      4BA10A5D 
 134      4FA04374 
 134      3DFEBD54 
 134      3B3018A3 
 135 0155 3C8CF009 		.ascii	"<\214\360\011\326U\251\341}\330\205'\367+\376\320]|"
 135      D655A9E1 
 135      7DD88527 
 135      F72BFED0 
 135      5D7C
 136 0167 DBF96D26 		.ascii	"\333\371m&\335W\254s{!\272S|\264gX\350\204\226\253\240"
 136      DD57AC73 
 136      7B21BA53 
 136      7CB46758 
 136      E88496AB 
 137 017c C15287B1 		.ascii	"\301R\207\261`\333\306\370\352@\021]\273{a8\275\210"
 137      60DBC6F8 
 137      EA40115D 
 137      BB7B6138 
 137      BD88
 138 018e C7D79764 		.ascii	"\307\327\227d \247\272\224\362\342Y7\312E\307k\351\305"
 138      20A7BA94 
 138      F2E25937 
 138      CA45C76B 
 138      E9C5
 139 01a0 94872029 		.ascii	"\224\207 )\347\334\204\030j<N\211\361\262gj\274\333"
 139      E7DC8418 
 139      6A3C4E89 
 139      F1B2676A 
 139      BCDB
 140 01b2 F68D917E 		.ascii	"\366\215\221~\352b\030+>B\234[\216\310\360\030|\350"
ARM GAS  C:\Users\JEFFSN~1\AppData\Local\Temp\ccq9DQTc.s 			page 10


 140      EA62182B 
 140      3E429C5B 
 140      8EC8F018 
 140      7CE8
 141 01c4 31D9998E 		.ascii	"1\331\231\216y\250\210\205\035\232\3000\207\365V\244"
 141      79A88885 
 141      1D9AC030 
 141      87F556A4 
 142 01d4 5A63F4A0 		.ascii	"Zc\364\240K\356\336b\264L\213\240\"Z\204\305\351x\357"
 142      4BEEDE62 
 142      B44C8BA0 
 142      225A84C5 
 142      E978EF
 143 01e7 A1421F26 		.ascii	"\241B\037&w\373\360\304\335\007\033\343\013]o\326\031"
 143      77FBF0C4 
 143      DD071BE3 
 143      0B5D6FD6 
 143      19
 144 01f8 6D176B93 		.ascii	"m\027k\223m\026\023\353\336\330\327\345\035\326\377"
 144      6D1613EB 
 144      DED8D7E5 
 144      1DD6FF
 145 0207 4BF3E9DF 		.ascii	"K\363\351\337iz\211\311T\201e\334a\331\035\271;*5K\001"
 145      697A89C9 
 145      548165DC 
 145      61D91DB9 
 145      3B2A354B 
 146 021c CF9CFA59 		.ascii	"\317\234\372YnQ\317\277@(1\273PB\305\377l\262\314\343"
 146      6E51CFBF 
 146      402831BB 
 146      5042C5FF 
 146      6CB2CCE3 
 147 0230 6FC8601A 		.ascii	"o\310`\032\002\370\003\333N\220d\351jG\250\314\346\300"
 147      02F803DB 
 147      4E9064E9 
 147      6A47A8CC 
 147      E6C0
 148 0242 4121CFEC 		.ascii	"A!\317\354\247\314l\001\363s\007\363\256\3748o0\267"
 148      A7CC6C01 
 148      F37307F3 
 148      AEFC386F 
 148      30B7
 149 0254 8DD92E0C 		.ascii	"\215\331.\014\316\253A\271wB\325\334\015\323\231\317"
 149      CEAB41B9 
 149      7742D5DC 
 149      0DD399CF 
 150 0264 3CCED7EF 		.ascii	"<\316\327\357\303\013\011$\310`\236$(\333\243`\220\300"
 150      C30B0924 
 150      C8609E24 
 150      28DBA360 
 150      90C0
 151 0276 B9354C6A 		.ascii	"\2715Lj\015Q\225\211\323\024p\000\206/\376\301\260\236"
 151      0D519589 
 151      D3147000 
 151      862FFEC1 
 151      B09E
 152 0288 58A41C86 		.ascii	"X\244\034\206\240\241\300K\360!\022\266\006m\211l\255"
ARM GAS  C:\Users\JEFFSN~1\AppData\Local\Temp\ccq9DQTc.s 			page 11


 152      A0A1C04B 
 152      F02112B6 
 152      066D896C 
 152      AD
 153 0299 D37E5A19 		.ascii	"\323~Z\031\274G\206\330\207\243\265\376f\177\353\245"
 153      BC4786D8 
 153      87A3B5FE 
 153      667FEBA5 
 154 02a9 ABFECB8D 		.ascii	"\253\376\313\215\365-\327Z\233\374\015u\365-5\247\032"
 154      F52DD75A 
 154      9BFC0D75 
 154      F52D35A7 
 154      1A
 155 02ba CE9CAD69 		.ascii	"\316\234\255i<\331Xw\376x\023\373\005;\335\245\214"
 155      3CD95877 
 155      FE7813FB 
 155      053BDDA5 
 155      8C
 156              		.text
 157              		.section	.gnu.lto_ADC_1_Wakeup.a80cfc87,"",%progbits
 158 0000 789C9551 		.ascii	"x\234\225Q\317KTq\020\237\317\367\373\366\355\266\250"
 158      CF4B5471 
 158      109FCFF7 
 158      FBF6EDB6 
 158      A8
 159 0011 79F3224B 		.ascii	"y\363\"KD\004\036j\021\351\017\010\013!\010$\257\302"
 159      44041E6A 
 159      11E90F08 
 159      0B210824 
 159      AFC2
 160 0023 12B6D704 		.ascii	"\022\266\327\004\261\363~\327\267\317\362\"]\334Sa!"
 160      B1F37ED7 
 160      B7CFF222 
 160      5DDC5361 
 160      21
 161 0034 B2FE6C35 		.ascii	"\262\376l5+z\033\301s\351(zZ/^\324\303\022\342A\241"
 161      2B7A1BC1 
 161      73E9287A 
 161      5A2F5ED4 
 161      C312E241 
 162 0049 140FEB6B 		.ascii	"\024\017\353k\346\273\007\213=5\360\336\360\235\371"
 162      E6BB078B 
 162      3D35F0DE 
 162      F09DF9
 163 0058 CC7C3E33 		.ascii	"\314|>3\343\020H\354\241\"\272\305\276\217?\304\010"
 163      E31048EC 
 163      A122BAC5 
 163      BE8F3FC4 
 163      08
 164 0069 EAF53651 		.ascii	"\352\3656Q>\241\224\256\244\310$\235\3354\2316\015G"
 164      3EA194AE 
 164      A4C8249D 
 164      DD349936 
 164      0D47
 165 007b C27000F1 		.ascii	"\302p\000\361&\001\312)\355 \207\337\252\241P}Y\017"
 165      2601CA29 
 165      ED2087DF 
ARM GAS  C:\Users\JEFFSN~1\AppData\Local\Temp\ccq9DQTc.s 			page 12


 165      AAA1507D 
 165      590F
 166 008d 544FC9B0 		.ascii	"TO\311\260\355\317\227z\315B\010_\023E\3122\020J\350"
 166      EDCF977A 
 166      CD42085F 
 166      1345CA32 
 166      104AE8
 167 00a0 21861DAE 		.ascii	"!\206\035\256_\316\264\273\005\201\335h&\261\000Wd\224"
 167      5FCEB4BB 
 167      0581DD68 
 167      26B10057 
 167      6494
 168 00b2 9F84268A 		.ascii	"\237\204&\212<\023~On\236%\343\232|\015W~D'\214\023"
 168      3C137E4F 
 168      6E9E25E3 
 168      9A7C0D57 
 168      7E44278C 
 169 00c7 CE53A5C4 		.ascii	"\316S\245\304\353:&*\247[\233\327\376\355g\346fb\266"
 169      EB3A262A 
 169      A75B9BD7 
 169      FEED67E6 
 169      6662B6
 170 00da 5BA4D042 		.ascii	"[\244\320B\205EnFX\202\353i\227\223E\277\272\023\377"
 170      85456E46 
 170      5882EB69 
 170      979345BF 
 170      BA13FF
 171 00ed A57CDDC4 		.ascii	"\245|\335\304\006\301\361^<\3270\257\214\351\344\330"
 171      06C1F15E 
 171      3CD730AF 
 171      8CE9E4D8 
 172 00fd 142B97F0 		.ascii	"\024+\227\360\321V\355Gr\026o\363\306\3065Vx\334et\333"
 172      D156ED47 
 172      72166FF3 
 172      C6C63556 
 172      78DC6574 
 173 0112 E4F4D7B5 		.ascii	"\344\364\327\265\251DzU\372\207\033\223\267}\336\305"
 173      A9447A55 
 173      FA871B93 
 173      B77DDEC5 
 174 0122 2A6671C9 		.ascii	"*fq\311b-\033> MuT\213\357\273\204\367o\322\230%m\274"
 174      622D1B3E 
 174      204D7554 
 174      8BEFBB84 
 174      F76FD298 
 175 0139 AB95AF37 		.ascii	"\253\225\2577\237\346M\3368\034\252}\013\212\035BX\310"
 175      9FE64DDE 
 175      381CAA7D 
 175      0B8A1D42 
 175      58C8
 176 014b 0BA18B35 		.ascii	"\013\241\2135t\243,\204X\347\336\254\235\354\360\265"
 176      74A32C84 
 176      58E7DEAC 
 176      9DECF0B5 
 177 015b 6A4C26F5 		.ascii	"jL&\365\264\376\017\361\037[\304\337\021\321\033V\264"
 177      B4FE0FF1 
 177      1F5BC4DF 
ARM GAS  C:\Users\JEFFSN~1\AppData\Local\Temp\ccq9DQTc.s 			page 13


 177      11D11B56 
 177      B4
 178 016c 9C009F58 		.ascii	"\234\000\237X\361\001\012{^\352\252{\3718\270h\027\225"
 178      F1010A7B 
 178      5EEAAA7B 
 178      F938B868 
 178      1795
 179 017e 00E1B394 		.ascii	"\000\341\263\224\223\\BS%\245\177\302\353\024d\353\012"
 179      935C4253 
 179      25A57FC2 
 179      EB1464EB 
 179      0A
 180 018f E391923D 		.ascii	"\343\221\222=|A\216O\230\260\025\216\275\335\021&\302"
 180      7C418E4F 
 180      98B0158E 
 180      BDDD1126 
 180      C2
 181 01a0 F347B648 		.ascii	"\363G\266H\354\204\2119\314\330\233\003\331\347\331"
 181      EC848939 
 181      CCD89B03 
 181      D9E7D9
 182 01af B1A7E3D9 		.ascii	"\261\247\343\331g\231\241\321\027c#\331\341\301\241"
 182      6799A1D1 
 182      176323D9 
 182      E1C1A1
 183 01be D1FE7BC3 		.ascii	"\321\376{\303\367\037\364gz3\203\217\357\216\320\037"
 183      F71FF467 
 183      7A33838F 
 183      EF8ED01F 
 184 01ce 7FC4D702 		.ascii	"\177\304\327\002"
 185              		.text
 186              		.section	.gnu.lto_.symbol_nodes.a80cfc87,"",%progbits
 187 0000 789C558E 		.ascii	"x\234U\216\275\015\302@\024\203\277w\357~\"J&\200\035"
 187      BD0DC240 
 187      1483BF77 
 187      EF7E224A 
 187      26801D
 188 0013 B29FAF88 		.ascii	"\262\237\257\210D\313\012A\351\251R\300\020\314\300"
 188      44CB0A41 
 188      E9A952C0 
 188      10CCC0
 189 0022 22202E88 		.ascii	"\" .\210\202s\347\317\226\345\210q\245)\354\004\347"
 189      8273E7CF 
 189      96E58871 
 189      A529EC04 
 189      E7
 190 0033 0708BB4D 		.ascii	"\007\010\273Ms=@\202\272\007\017&\373E\334\353\261u"
 190      733D4082 
 190      BA070F26 
 190      FB45DCEB 
 190      B175
 191 0045 83420F5C 		.ascii	"\203B\017\\\336\203\250\330\001\313J_\3206\267m+\312"
 191      DE83A8D8 
 191      01CB4A5F 
 191      D036B76D 
 191      2BCA
 192 0057 9D4F2AFF 		.ascii	"\235O*\377\336),\353\350d\226\347\333<\016L\247\227"
ARM GAS  C:\Users\JEFFSN~1\AppData\Local\Temp\ccq9DQTc.s 			page 14


 192      DE292CEB 
 192      E86496E7 
 192      DB3C0E4C 
 192      A797
 193 0069 7BFB7459 		.ascii	"{\373tYG>\025L&\034"
 193      473E154C 
 193      261C
 194              		.text
 195              		.section	.gnu.lto_.refs.a80cfc87,"",%progbits
 196 0000 789C0D89 		.ascii	"x\234\015\211\301\015\000 \020\203\340<\343\303\030"
 196      C10D0020 
 196      1083E03C 
 196      E3C318
 197 000f B770FF11 		.ascii	"\267p\377\021mJx\320F\036\304XY\030h\267.\335z\364\326"
 197      6D4A78D0 
 197      461EC458 
 197      591868B7 
 197      2EDD7AF4 
 198 0024 4C22C707 		.ascii	"L\"\307\007\015G\000\210"
 198      0D470088 
 199              		.text
 200              		.section	.gnu.lto_.decls.a80cfc87,"",%progbits
 201 0000 789C8D94 		.ascii	"x\234\215\224kL\024W\024\307\347\314,\257ay\004L\303"
 201      6B4C1457 
 201      14C7E7CC 
 201      2CAF6179 
 201      044CC3
 202 0013 874D4A09 		.ascii	"\207MJ\011&\244\211[\210i\342\307\352\266\325\244\251"
 202      26A4895B 
 202      8869E2C7 
 202      EAB6D5A4 
 202      A9
 203 0024 2102F68B 		.ascii	"!\002\366\213\015Y\327)5\022\240\313b\342\267kw)J\232"
 203      0D59D729 
 203      3512A0CB 
 203      62E2B76B 
 203      77294A9A 
 204 0038 1430D288 		.ascii	"\0240\322\210mA\210\310\362\\^\253<\304\255\025\\\021"
 204      6D4188C8 
 204      F25C5EAB 
 204      3CC4AD15 
 204      5C11
 205 004a 04E5D107 		.ascii	"\004\345\321\007\266\322@k6iSjI\251\255\272=\367\316"
 205      B6D2406B 
 205      3669536A 
 205      49A9ADBA 
 205      3DF7CE
 206 005d 9DCE4217 		.ascii	"\235\316B\027\332\233=\263\367\314\236\377\357\234{"
 206      DA9B3DB3 
 206      F7CC9EFF 
 206      EF9C7B
 207 006c E6CC1A04 		.ascii	"\346\314\032\004\020\350z\024)\010/\3426Q\024\204 \256"
 207      10E87A14 
 207      29082FE2 
 207      36511484 
 207      20AE
 208 007e 28BC7750 		.ascii	"(\274wP\320W4Z\007\232\007\255\007\255\017\315\213v"
ARM GAS  C:\Users\JEFFSN~1\AppData\Local\Temp\ccq9DQTc.s 			page 15


 208      D057345A 
 208      079A07AD 
 208      07AD0FCD 
 208      8B76
 209 0090 056D106D 		.ascii	"\005m\020m\030\215\222\356\010\353\027\325h,\023\332"
 209      188D92EE 
 209      08EB17D5 
 209      682C13DA 
 210 00a0 145A17DA 		.ascii	"\024Z\027\3324\332\004\332(\327\335D\223x\274\306\014"
 210      34DA04DA 
 210      28D7DD44 
 210      9378BCC6 
 210      0C
 211 00b1 C7A3BEC8 		.ascii	"\307\243\276\310Y\023|O\265~!\374\362l\310?\2076\023"
 211      59137C4F 
 211      B57E21FC 
 211      F26CC83F 
 211      873613
 212 00c4 26BF9F7F 		.ascii	"&\277\237\177{6\311\333\263\201\023\252\327\230\241"
 212      7B36C9DB 
 212      B38113AA 
 212      D798A1
 213 00d3 9C9E4D38 		.ascii	"\234\236M8\264o1\377Q\217\326\243\320\263I\\;\274E\215"
 213      B46F31FF 
 213      518FD6A3 
 213      D0B3495C 
 213      3BBC458D 
 214 00e7 DE0DEC70 		.ascii	"\336\015\354p5\316\243\265s\266_\320\373\356\3455wl"
 214      35CEA3B5 
 214      73B65FD0 
 214      FBEEE535 
 214      776C
 215 00f9 C27E2A42 		.ascii	"\302~*B\260\276\357\243\350\005\370\032$\201\017\215"
 215      B0BEEFA3 
 215      E805F81A 
 215      24810F8D 
 216 0109 00A05E81 		.ascii	"\000\240^\201\231\240\032sq#\012\352F\273\365\317\022"
 216      99A01A73 
 216      71230AEA 
 216      46BBF5CF 
 216      12
 217 011a 7888A86D 		.ascii	"x\210\250mu\030\373p=\004\265\305 :\035\270H\365\271"
 217      7518FB70 
 217      3D04B5C5 
 217      203A1DB8 
 217      48F5B9
 218 012d 58E02210 		.ascii	"X\340\"\020\365\004\240\272\232\"\204\267\241\"\255"
 218      F504A0BA 
 218      9A2284B7 
 218      A122AD
 219 013c 662D0D6B 		.ascii	"f-\015k\017;\364\267s\027\003 \211@\367\017\036\267"
 219      0F3BF4B7 
 219      73170320 
 219      8940F70F 
 219      1EB7
 220 014e BC6E6E27 		.ascii	"\274nn'\270\252\010\021\315zg\356\272<\237H\253\"$\311"
 220      B8AA0811 
ARM GAS  C:\Users\JEFFSN~1\AppData\Local\Temp\ccq9DQTc.s 			page 16


 220      CD7A67EE 
 220      BA3C9F48 
 220      AB2224C9 
 221 0162 6040F7D7 		.ascii	"`@\367\327\311\272\245xt\267\311\220\212\356\323[\347"
 221      C9BAA578 
 221      74B7C990 
 221      8AEED35B 
 221      E7
 222 0173 EBC4945A 		.ascii	"\353\304\224Z\246s\222T\003\034|\016\332\300\004\255"
 222      A6739254 
 222      031C7C0E 
 222      DAC004AD 
 223 0183 800F09DA 		.ascii	"\200\017\011\332!\005\257\207\015*i\341\314\350\005"
 223      2105AF87 
 223      0D2A69E1 
 223      CCE805
 224 0192 486B203E 		.ascii	"Hk >\017Y\014\256n\253u\272\374(\313\244Q\320\002\022"
 224      0F590CAE 
 224      6EAB75BA 
 224      FC28CBA4 
 224      51D00212 
 225 01a6 B881A6A5 		.ascii	"\270\201\246\245[\372u\011\026\260\336\016HC\345\362"
 225      5BFA7509 
 225      16B0DE0E 
 225      4843E5F2 
 226 01b6 1FFE53F1 		.ascii	"\037\376S\361\322\036V\350\326\031\273\326e\374\262"
 226      D21E56E8 
 226      D619BBD6 
 226      65FCB2
 227 01c5 FDC1F712 		.ascii	"\375\301\367\022f\\\364\020\337\260BN\023\362\276\201"
 227      665CF410 
 227      DFB0424E 
 227      13F2BE81 
 228 01d5 8640A79E 		.ascii	"\206@\247\236\25634\235\207\245\253\350m\256\214\222"
 228      AE33349D 
 228      87A5ABE8 
 228      6DAE8C92 
 229 01e5 72583A77 		.ascii	"rX:w}\353l\034G|6f$U'I\303+\214\321\2553\272C\031=\214"
 229      7DEB6C1C 
 229      477C3666 
 229      24552749 
 229      C32B8CD1 
 230 0200 51533E8C 		.ascii	"QS>\214\214\002\306p^\273\361A\0142\032\220\361Le\020"
 230      8C02C670 
 230      5EBBF141 
 230      0C321A90 
 230      F14C6510 
 231 0214 95D1AB33 		.ascii	"\225\321\2533zC\031}\214q)\330\344\226\245R\306\350"
 231      7A43197D 
 231      8C7129D8 
 231      E496A552 
 231      C6E8
 232 0226 FBEE4979 		.ascii	"\373\356Iy\002g\014\216\207\326\321\2573\372C\031^\306"
 232      02670C8E 
 232      87D6D1AF 
 232      33FA4319 
 232      5EC6
ARM GAS  C:\Users\JEFFSN~1\AppData\Local\Temp\ccq9DQTc.s 			page 17


 233 0238 A81C1AA9 		.ascii	"\250\034\032\251\222%\002j\357Z\033\327\330a\010Y\034"
 233      9225026A 
 233      EF5A1BD7 
 233      D8610859 
 233      1C
 234 0249 1CDF5FED 		.ascii	"\034\337_\355l\330\307\020\227u\304e\206\300\315\025"
 234      6CD8C710 
 234      9775C465 
 234      86C0CD15 
 235 0259 266FE919 		.ascii	"&o\351\031\231\211\221:T\371L\375\312#\203*\367\375"
 235      9989913A 
 235      54F94CFD 
 235      CA23832A 
 235      F7FD
 236 026b A9B86298 		.ascii	"\251\270b\230v@\327\016h\332A\246\365\272\003c\361\222"
 236      7640D70E 
 236      68DA41A6 
 236      F5BA0363 
 236      F192
 237 027d 4FD59E5E 		.ascii	"O\325\236^\013\334\217\345\332\3375\355\220\256\035"
 237      0BDC8FE5 
 237      DADF35ED 
 237      90AE1D
 238 028c D2B4C34C 		.ascii	"\322\264\303L\373\260\355\233\2268\351\266\252\035\015"
 238      FBB0ED9B 
 238      9638E9B6 
 238      AA1D0D
 239 029b AEF912D4 		.ascii	"\256\371\022\324\021\024\321\275\2672\361i\254:\202"
 239      1114D1BD 
 239      B732F169 
 239      AC3A82
 240 02aa 89E85EAF 		.ascii	"\211\350^\257\275?k\224\276RC\273\312\227\335\321\370"
 240      BD3F6B94 
 240      BE5243BB 
 240      CA97DDD1 
 240      F8
 241 02bb 9B498620 		.ascii	"\233I\206 P\377\247\201\307q\252O\177>W\275\364,VZf"
 241      50FFA781 
 241      C771AA4F 
 241      7F3E57BD 
 241      F42C565A 
 242 02d0 B1E2CC52 		.ascii	"\261\342\314R[\300\000\031r3\235\245\305\376\251\302"
 242      5BC00019 
 242      72339DA5 
 242      C5FEA9C2 
 243 02e0 8F2B70F4 		.ascii	"\217+p\364a\024d\370B/\314$\343\365\024N\016Yi$\221"
 243      611464F8 
 243      422FCC24 
 243      E3F5144E 
 243      0E596924 
 244 02f5 2902EC34 		.ascii	")\002\3544A\246I\200\033\220A\2514\012\256\343\374}"
 244      41A64980 
 244      1B9041A9 
 244      340AAEE3 
 244      FC7D
 245 0307 8EF38719 		.ascii	"\216\363\207\031F\232*\236\310\322\207\354\24524\272"
 245      469A2A9E 
ARM GAS  C:\Users\JEFFSN~1\AppData\Local\Temp\ccq9DQTc.s 			page 18


 245      C8D287EC 
 245      A53234BA 
 246 0317 BAAE1A21 		.ascii	"\272\256\032!==#\271\221\002\026\207*w\234\357$\304"
 246      3D3D23B9 
 246      91021687 
 246      2A779CEF 
 246      24C4
 247 0329 19C992F8 		.ascii	"\031\311\222\3700\3118$k\300\227\350\374f\321\3776\026"
 247      30C93824 
 247      6BC097E8 
 247      FC66D1FF 
 247      3616
 248 033b ECF3BEAD 		.ascii	"\354\363\276\255\005\216\205\011\334I\003Y\345\276n"
 248      058E8509 
 248      DC490359 
 248      E5BE6E
 249 034a 8590681A 		.ascii	"\205\220h\032 \360\232\351\252f/\210\217\020xO\200k"
 249      20F09AE9 
 249      AA662F88 
 249      8F10784F 
 249      806B
 250 035c 58DF087B 		.ascii	"X\337\010{?(\006\203\340\026V\177\023\322\301\017\351"
 250      3F280683 
 250      E016567F 
 250      13D2C10F 
 250      E9
 251 036d DA8B3EE9 		.ascii	"\332\213>\351\352p\312R\015\253\\\234\015\364\267$@"
 251      EA70CA52 
 251      0DAB5C9C 
 251      0DF4B724 
 251      40
 252 037e 7246580C 		.ascii	"rFX\014L\242z3\222Z\323@\034vr\002Cn\353\235\244\025"
 252      4CA27A33 
 252      925AD340 
 252      1C767202 
 252      436EEB9D 
 253 0394 B24CD33F 		.ascii	"\262L\323?^L\337\336D\010NC\320c=C\310>\026zU\015\015"
 253      5E4CDFDE 
 253      44084E43 
 253      D0633D43 
 253      C83E167A 
 254 03ab A996DEC9 		.ascii	"\251\226\336\311\305\277\332;\260\035e\177\375\320\365"
 254      C5BFDA3B 
 254      B01D657F 
 254      FDD0F5
 255 03ba D068ACA4 		.ascii	"\320h\254\244\315\3017?\311\037\317fH\177\367\247\300"
 255      CDC1373F 
 255      C91FCF66 
 255      487FF7A7 
 255      C0
 256 03cb A8A5C22D 		.ascii	"\250\245\302-}\332\277\270}\221\353\0044\215.\230\006"
 256      7DDABFB8 
 256      7D91EB04 
 256      348D2E98 
 256      06
 257 03dc 231BB969 		.ascii	"#\033\271i\026\275\352\372m>R\306'\355\374\177Oz2p!"
 257      16BDEAFA 
ARM GAS  C:\Users\JEFFSN~1\AppData\Local\Temp\ccq9DQTc.s 			page 19


 257      6D3E52C6 
 257      27EDFC7F 
 257      4F7A3270 
 258 03f1 182535AB 		.ascii	"\030%5\253\375\352={\356l\024\310\031a\344\263a\344"
 258      FDEA3D7B 
 258      EE6C14C8 
 258      1961E4B3 
 258      61E4
 259 0403 DAC8E5D5 		.ascii	"\332\310\345\325\325\234$\2510\203\017\371\236\336\250"
 259      D59C24A9 
 259      30830FF9 
 259      9EDEA8
 260 0412 BB20AB8D 		.ascii	"\273 \253\215\352\233\376\271+b\335\001h\244~\2009~"
 260      EA9BFEB9 
 260      2B62DD01 
 260      68A47E80 
 260      397E
 261 0424 80397680 		.ascii	"\2009v\200\177\367\247}]\177\346y4\375N\336\375\252"
 261      7FF7A77D 
 261      5D7FE679 
 261      34FD4EDE 
 261      FDAA
 262 0436 253F2BFF 		.ascii	"%?+\377-\3531\245\254\304\\b\265;\314\231\321{\367\347"
 262      2DEB31A5 
 262      ACC45C62 
 262      B53BCC99 
 262      D17BF7E7 
 263 044a A55AB2B2 		.ascii	"\245Z\262\262\204\264\275J\221b\267:\224#\3719\305e"
 263      84B4BD4A 
 263      9162B73A 
 263      9423F939 
 263      C565
 264 045c 769B7228 		.ascii	"v\233r(;\247\330\362\362!U\223\375\246\331&$\252\373"
 264      3BA7D8F2 
 264      F2215593 
 264      FDA6D926 
 264      24AAFB
 265 046f 1CEB71C5 		.ascii	"\034\353q\305R\\\364\316\321\002\016<\240\224:\212\355"
 265      525CF4CE 
 265      D1020E3C 
 265      A0943A8A 
 265      ED
 266 0480 FC5E2C0F 		.ascii	"\374^,\017*T\224\022chB\356\274Vd=\\\250<\277U6\363"
 266      2A549412 
 266      636842EE 
 266      BC56643D 
 266      5CA83CBF 
 267 0497 BB4212A7 		.ascii	"\273B\022\2478\260H\344\036W\354\016Y\273U\254\241\016"
 267      38B048E4 
 267      1E57EC0E 
 267      59BB55AC 
 267      A10E
 268 04a9 5B6DC7CA 		.ascii	"[m\307\312Jb\025F\304P\207\022Qv\264\310\261\353\205"
 268      4A621546 
 268      C4508712 
 268      5176B4C8 
 268      B1EB85
ARM GAS  C:\Users\JEFFSN~1\AppData\Local\Temp\ccq9DQTc.s 			page 20


 269 04bc 4DE0B613 		.ascii	"M\340\266\023\216\023%J)\342#\216(6\233\235\227\277"
 269      8E13254A 
 269      29E2238E 
 269      28369B9D 
 269      97BF
 270 04ce 67B7E58D 		.ascii	"g\267\345\215\274\354\374\234\334\003y\226\\\203])\330"
 270      BCECFC9C 
 270      DC037996 
 270      5C835D29 
 270      D8
 271 04df F537CF0D 		.ascii	"\3657\317\015\206e"
 271      8665
 272              		.text
 273              		.section	.gnu.lto_.symtab.a80cfc87,"",%progbits
 274 0000 4144435F 		.ascii	"ADC_1_SaveConfig\000"
 274      315F5361 
 274      7665436F 
 274      6E666967 
 274      00
 275 0011 00       		.ascii	"\000"
 276 0012 00       		.ascii	"\000"
 277 0013 00       		.ascii	"\000"
 278 0014 00000000 		.ascii	"\000\000\000\000\000\000\000\000"
 278      00000000 
 279 001c B0000000 		.ascii	"\260\000\000\000"
 280 0020 4144435F 		.ascii	"ADC_1_RestoreConfig\000"
 280      315F5265 
 280      73746F72 
 280      65436F6E 
 280      66696700 
 281 0034 00       		.ascii	"\000"
 282 0035 00       		.ascii	"\000"
 283 0036 00       		.ascii	"\000"
 284 0037 00000000 		.ascii	"\000\000\000\000\000\000\000\000"
 284      00000000 
 285 003f B2000000 		.ascii	"\262\000\000\000"
 286 0043 4144435F 		.ascii	"ADC_1_Sleep\000"
 286      315F536C 
 286      65657000 
 287 004f 00       		.ascii	"\000"
 288 0050 00       		.ascii	"\000"
 289 0051 00       		.ascii	"\000"
 290 0052 00000000 		.ascii	"\000\000\000\000\000\000\000\000"
 290      00000000 
 291 005a B4000000 		.ascii	"\264\000\000\000"
 292 005e 4144435F 		.ascii	"ADC_1_Wakeup\000"
 292      315F5761 
 292      6B657570 
 292      00
 293 006b 00       		.ascii	"\000"
 294 006c 00       		.ascii	"\000"
 295 006d 00       		.ascii	"\000"
 296 006e 00000000 		.ascii	"\000\000\000\000\000\000\000\000"
 296      00000000 
 297 0076 B6000000 		.ascii	"\266\000\000\000"
 298 007a 4144435F 		.ascii	"ADC_1_Enable\000"
 298      315F456E 
ARM GAS  C:\Users\JEFFSN~1\AppData\Local\Temp\ccq9DQTc.s 			page 21


 298      61626C65 
 298      00
 299 0087 00       		.ascii	"\000"
 300 0088 02       		.ascii	"\002"
 301 0089 00       		.ascii	"\000"
 302 008a 00000000 		.ascii	"\000\000\000\000\000\000\000\000"
 302      00000000 
 303 0092 B8000000 		.ascii	"\270\000\000\000"
 304 0096 4144435F 		.ascii	"ADC_1_StartConvert\000"
 304      315F5374 
 304      61727443 
 304      6F6E7665 
 304      727400
 305 00a9 00       		.ascii	"\000"
 306 00aa 02       		.ascii	"\002"
 307 00ab 00       		.ascii	"\000"
 308 00ac 00000000 		.ascii	"\000\000\000\000\000\000\000\000"
 308      00000000 
 309 00b4 BA000000 		.ascii	"\272\000\000\000"
 310 00b8 4144435F 		.ascii	"ADC_1_Stop\000"
 310      315F5374 
 310      6F7000
 311 00c3 00       		.ascii	"\000"
 312 00c4 02       		.ascii	"\002"
 313 00c5 00       		.ascii	"\000"
 314 00c6 00000000 		.ascii	"\000\000\000\000\000\000\000\000"
 314      00000000 
 315 00ce BC000000 		.ascii	"\274\000\000\000"
 316              		.text
 317              		.section	.gnu.lto_.opts,"",%progbits
 318 0000 272D666D 		.ascii	"'-fmath-errno' '-fsigned-zeros' '-ftrapping-math' '"
 318      6174682D 
 318      6572726E 
 318      6F272027 
 318      2D667369 
 319 0033 2D666E6F 		.ascii	"-fno-trapv' '-fno-openmp' '-fno-openacc' '-mcpu=cor"
 319      2D747261 
 319      70762720 
 319      272D666E 
 319      6F2D6F70 
 320 0066 7465782D 		.ascii	"tex-m3' '-mthumb' '-g' '-O3' '-ffunction-sections' "
 320      6D332720 
 320      272D6D74 
 320      68756D62 
 320      2720272D 
 321 0099 272D6666 		.ascii	"'-ffat-lto-objects' '-finline-functions' '-flto'\000"
 321      61742D6C 
 321      746F2D6F 
 321      626A6563 
 321      74732720 
 322              		.text
 323              		.cfi_sections	.debug_frame
 324              		.section	.text.ADC_1_SaveConfig,"ax",%progbits
 325              		.align	2
 326              		.global	ADC_1_SaveConfig
 327              		.thumb
 328              		.thumb_func
ARM GAS  C:\Users\JEFFSN~1\AppData\Local\Temp\ccq9DQTc.s 			page 22


 329              		.type	ADC_1_SaveConfig, %function
 330              	ADC_1_SaveConfig:
 331              	.LFB0:
 332              		.file 1 "Generated_Source\\PSoC5\\ADC_1_PM.c"
   1:Generated_Source\PSoC5/ADC_1_PM.c **** /*******************************************************************************
   2:Generated_Source\PSoC5/ADC_1_PM.c **** * File Name: ADC_1_PM.c
   3:Generated_Source\PSoC5/ADC_1_PM.c **** * Version 3.30
   4:Generated_Source\PSoC5/ADC_1_PM.c **** *
   5:Generated_Source\PSoC5/ADC_1_PM.c **** * Description:
   6:Generated_Source\PSoC5/ADC_1_PM.c **** *  This file provides the power manager source code to the API for the
   7:Generated_Source\PSoC5/ADC_1_PM.c **** *  Delta-Sigma ADC Component.
   8:Generated_Source\PSoC5/ADC_1_PM.c **** *
   9:Generated_Source\PSoC5/ADC_1_PM.c **** * Note:
  10:Generated_Source\PSoC5/ADC_1_PM.c **** *
  11:Generated_Source\PSoC5/ADC_1_PM.c **** ********************************************************************************
  12:Generated_Source\PSoC5/ADC_1_PM.c **** * Copyright 2008-2017, Cypress Semiconductor Corporation.  All rights reserved.
  13:Generated_Source\PSoC5/ADC_1_PM.c **** * You may use this file only in accordance with the license, terms, conditions,
  14:Generated_Source\PSoC5/ADC_1_PM.c **** * disclaimers, and limitations in the end user license agreement accompanying
  15:Generated_Source\PSoC5/ADC_1_PM.c **** * the software package with which this file was provided.
  16:Generated_Source\PSoC5/ADC_1_PM.c **** *******************************************************************************/
  17:Generated_Source\PSoC5/ADC_1_PM.c **** 
  18:Generated_Source\PSoC5/ADC_1_PM.c **** #include "ADC_1.h"
  19:Generated_Source\PSoC5/ADC_1_PM.c **** 
  20:Generated_Source\PSoC5/ADC_1_PM.c **** static ADC_1_BACKUP_STRUCT ADC_1_backup =
  21:Generated_Source\PSoC5/ADC_1_PM.c **** {
  22:Generated_Source\PSoC5/ADC_1_PM.c ****     ADC_1_DISABLED,
  23:Generated_Source\PSoC5/ADC_1_PM.c ****     ADC_1_CFG1_DEC_CR
  24:Generated_Source\PSoC5/ADC_1_PM.c **** };
  25:Generated_Source\PSoC5/ADC_1_PM.c **** 
  26:Generated_Source\PSoC5/ADC_1_PM.c **** 
  27:Generated_Source\PSoC5/ADC_1_PM.c **** /*******************************************************************************
  28:Generated_Source\PSoC5/ADC_1_PM.c **** * Function Name: ADC_1_SaveConfig
  29:Generated_Source\PSoC5/ADC_1_PM.c **** ********************************************************************************
  30:Generated_Source\PSoC5/ADC_1_PM.c **** *
  31:Generated_Source\PSoC5/ADC_1_PM.c **** * Summary:
  32:Generated_Source\PSoC5/ADC_1_PM.c **** *  Save the register configuration which are not retention.
  33:Generated_Source\PSoC5/ADC_1_PM.c **** *
  34:Generated_Source\PSoC5/ADC_1_PM.c **** * Parameters:
  35:Generated_Source\PSoC5/ADC_1_PM.c **** *  None
  36:Generated_Source\PSoC5/ADC_1_PM.c **** *
  37:Generated_Source\PSoC5/ADC_1_PM.c **** * Return:
  38:Generated_Source\PSoC5/ADC_1_PM.c **** *  None
  39:Generated_Source\PSoC5/ADC_1_PM.c **** *
  40:Generated_Source\PSoC5/ADC_1_PM.c **** * Global variables:
  41:Generated_Source\PSoC5/ADC_1_PM.c **** *  ADC_1_backup:  This global structure variable is used to store
  42:Generated_Source\PSoC5/ADC_1_PM.c **** *  configuration registers which are non retention whenever user wants to go
  43:Generated_Source\PSoC5/ADC_1_PM.c **** *  sleep mode by calling Sleep() API.
  44:Generated_Source\PSoC5/ADC_1_PM.c **** *
  45:Generated_Source\PSoC5/ADC_1_PM.c **** *******************************************************************************/
  46:Generated_Source\PSoC5/ADC_1_PM.c **** void ADC_1_SaveConfig(void) 
  47:Generated_Source\PSoC5/ADC_1_PM.c **** {
 333              		.loc 1 47 0
 334              		.cfi_startproc
 335              		@ args = 0, pretend = 0, frame = 0
 336              		@ frame_needed = 0, uses_anonymous_args = 0
 337              		@ link register save eliminated.
  48:Generated_Source\PSoC5/ADC_1_PM.c ****     ADC_1_backup.deccr = ADC_1_DEC_CR_REG;
ARM GAS  C:\Users\JEFFSN~1\AppData\Local\Temp\ccq9DQTc.s 			page 23


 338              		.loc 1 48 0
 339 0000 024A     		ldr	r2, .L2
 340 0002 034B     		ldr	r3, .L2+4
 341 0004 1278     		ldrb	r2, [r2]	@ zero_extendqisi2
 342 0006 5A70     		strb	r2, [r3, #1]
 343 0008 7047     		bx	lr
 344              	.L3:
 345 000a 00BF     		.align	2
 346              	.L2:
 347 000c 004E0040 		.word	1073761792
 348 0010 00000000 		.word	.LANCHOR0
 349              		.cfi_endproc
 350              	.LFE0:
 351              		.size	ADC_1_SaveConfig, .-ADC_1_SaveConfig
 352              		.section	.text.ADC_1_RestoreConfig,"ax",%progbits
 353              		.align	2
 354              		.global	ADC_1_RestoreConfig
 355              		.thumb
 356              		.thumb_func
 357              		.type	ADC_1_RestoreConfig, %function
 358              	ADC_1_RestoreConfig:
 359              	.LFB1:
  49:Generated_Source\PSoC5/ADC_1_PM.c **** }
  50:Generated_Source\PSoC5/ADC_1_PM.c **** 
  51:Generated_Source\PSoC5/ADC_1_PM.c **** 
  52:Generated_Source\PSoC5/ADC_1_PM.c **** /*******************************************************************************
  53:Generated_Source\PSoC5/ADC_1_PM.c **** * Function Name: ADC_1_RestoreConfig
  54:Generated_Source\PSoC5/ADC_1_PM.c **** ********************************************************************************
  55:Generated_Source\PSoC5/ADC_1_PM.c **** *
  56:Generated_Source\PSoC5/ADC_1_PM.c **** * Summary:
  57:Generated_Source\PSoC5/ADC_1_PM.c **** *  Restore the register configurations which are not retention.
  58:Generated_Source\PSoC5/ADC_1_PM.c **** *
  59:Generated_Source\PSoC5/ADC_1_PM.c **** * Parameters:
  60:Generated_Source\PSoC5/ADC_1_PM.c **** *  None
  61:Generated_Source\PSoC5/ADC_1_PM.c **** *
  62:Generated_Source\PSoC5/ADC_1_PM.c **** * Return:
  63:Generated_Source\PSoC5/ADC_1_PM.c **** *  None
  64:Generated_Source\PSoC5/ADC_1_PM.c **** *
  65:Generated_Source\PSoC5/ADC_1_PM.c **** * Global variables:
  66:Generated_Source\PSoC5/ADC_1_PM.c **** *  ADC_1_backup:  This global structure variable is used to restore
  67:Generated_Source\PSoC5/ADC_1_PM.c **** *  configuration registers which are non retention whenever user wants to switch
  68:Generated_Source\PSoC5/ADC_1_PM.c **** *  to active power mode by calling Wakeup() API.
  69:Generated_Source\PSoC5/ADC_1_PM.c **** *
  70:Generated_Source\PSoC5/ADC_1_PM.c **** *******************************************************************************/
  71:Generated_Source\PSoC5/ADC_1_PM.c **** void ADC_1_RestoreConfig(void) 
  72:Generated_Source\PSoC5/ADC_1_PM.c **** {
 360              		.loc 1 72 0
 361              		.cfi_startproc
 362              		@ args = 0, pretend = 0, frame = 0
 363              		@ frame_needed = 0, uses_anonymous_args = 0
 364              		@ link register save eliminated.
  73:Generated_Source\PSoC5/ADC_1_PM.c ****     ADC_1_DEC_CR_REG = ADC_1_backup.deccr;
 365              		.loc 1 73 0
 366 0000 024A     		ldr	r2, .L5
 367 0002 034B     		ldr	r3, .L5+4
 368 0004 5278     		ldrb	r2, [r2, #1]	@ zero_extendqisi2
 369 0006 1A70     		strb	r2, [r3]
ARM GAS  C:\Users\JEFFSN~1\AppData\Local\Temp\ccq9DQTc.s 			page 24


 370 0008 7047     		bx	lr
 371              	.L6:
 372 000a 00BF     		.align	2
 373              	.L5:
 374 000c 00000000 		.word	.LANCHOR0
 375 0010 004E0040 		.word	1073761792
 376              		.cfi_endproc
 377              	.LFE1:
 378              		.size	ADC_1_RestoreConfig, .-ADC_1_RestoreConfig
 379              		.section	.text.ADC_1_Sleep,"ax",%progbits
 380              		.align	2
 381              		.global	ADC_1_Sleep
 382              		.thumb
 383              		.thumb_func
 384              		.type	ADC_1_Sleep, %function
 385              	ADC_1_Sleep:
 386              	.LFB2:
  74:Generated_Source\PSoC5/ADC_1_PM.c **** }
  75:Generated_Source\PSoC5/ADC_1_PM.c **** 
  76:Generated_Source\PSoC5/ADC_1_PM.c **** 
  77:Generated_Source\PSoC5/ADC_1_PM.c **** /*******************************************************************************
  78:Generated_Source\PSoC5/ADC_1_PM.c **** * Function Name: ADC_1_Sleep
  79:Generated_Source\PSoC5/ADC_1_PM.c **** ********************************************************************************
  80:Generated_Source\PSoC5/ADC_1_PM.c **** *
  81:Generated_Source\PSoC5/ADC_1_PM.c **** * Summary:
  82:Generated_Source\PSoC5/ADC_1_PM.c **** *  Stops the operation of the block and saves the user configuration.
  83:Generated_Source\PSoC5/ADC_1_PM.c **** *
  84:Generated_Source\PSoC5/ADC_1_PM.c **** * Parameters:
  85:Generated_Source\PSoC5/ADC_1_PM.c **** *  None
  86:Generated_Source\PSoC5/ADC_1_PM.c **** *
  87:Generated_Source\PSoC5/ADC_1_PM.c **** * Return:
  88:Generated_Source\PSoC5/ADC_1_PM.c **** *  None
  89:Generated_Source\PSoC5/ADC_1_PM.c **** *
  90:Generated_Source\PSoC5/ADC_1_PM.c **** * Global variables:
  91:Generated_Source\PSoC5/ADC_1_PM.c **** *  ADC_1_backup:  The structure field 'enableState' is modified
  92:Generated_Source\PSoC5/ADC_1_PM.c **** *  depending on the enable state of the block before entering to sleep mode.
  93:Generated_Source\PSoC5/ADC_1_PM.c **** *
  94:Generated_Source\PSoC5/ADC_1_PM.c **** *******************************************************************************/
  95:Generated_Source\PSoC5/ADC_1_PM.c **** void ADC_1_Sleep(void) 
  96:Generated_Source\PSoC5/ADC_1_PM.c **** {
 387              		.loc 1 96 0
 388              		.cfi_startproc
 389              		@ args = 0, pretend = 0, frame = 0
 390              		@ frame_needed = 0, uses_anonymous_args = 0
 391 0000 10B5     		push	{r4, lr}
 392              		.cfi_def_cfa_offset 8
 393              		.cfi_offset 4, -8
 394              		.cfi_offset 14, -4
  97:Generated_Source\PSoC5/ADC_1_PM.c ****     /* Save ADC enable state */
  98:Generated_Source\PSoC5/ADC_1_PM.c ****     if((ADC_1_ACT_PWR_DEC_EN == (ADC_1_PWRMGR_DEC_REG & ADC_1_ACT_PWR_DEC_EN)) &&
 395              		.loc 1 98 0
 396 0002 0E4B     		ldr	r3, .L23
  99:Generated_Source\PSoC5/ADC_1_PM.c ****        (ADC_1_ACT_PWR_DSM_EN == (ADC_1_PWRMGR_DSM_REG & ADC_1_ACT_PWR_DSM_EN)))
 100:Generated_Source\PSoC5/ADC_1_PM.c ****     {
 101:Generated_Source\PSoC5/ADC_1_PM.c ****         /* Component is enabled */
 102:Generated_Source\PSoC5/ADC_1_PM.c ****         ADC_1_backup.enableState = ADC_1_ENABLED;
 397              		.loc 1 102 0
ARM GAS  C:\Users\JEFFSN~1\AppData\Local\Temp\ccq9DQTc.s 			page 25


 398 0004 0E4C     		ldr	r4, .L23+4
  98:Generated_Source\PSoC5/ADC_1_PM.c ****        (ADC_1_ACT_PWR_DSM_EN == (ADC_1_PWRMGR_DSM_REG & ADC_1_ACT_PWR_DSM_EN)))
 399              		.loc 1 98 0
 400 0006 1A78     		ldrb	r2, [r3]	@ zero_extendqisi2
 401 0008 D107     		lsls	r1, r2, #31
 402 000a 02D5     		bpl	.L8
  99:Generated_Source\PSoC5/ADC_1_PM.c ****        (ADC_1_ACT_PWR_DSM_EN == (ADC_1_PWRMGR_DSM_REG & ADC_1_ACT_PWR_DSM_EN)))
 403              		.loc 1 99 0 discriminator 1
 404 000c 1B78     		ldrb	r3, [r3]	@ zero_extendqisi2
  98:Generated_Source\PSoC5/ADC_1_PM.c ****        (ADC_1_ACT_PWR_DSM_EN == (ADC_1_PWRMGR_DSM_REG & ADC_1_ACT_PWR_DSM_EN)))
 405              		.loc 1 98 0 discriminator 1
 406 000e DA06     		lsls	r2, r3, #27
 407 0010 05D4     		bmi	.L22
 408              	.L8:
 103:Generated_Source\PSoC5/ADC_1_PM.c ****         if((ADC_1_DEC_CR_REG & ADC_1_DEC_START_CONV) != 0u)
 104:Generated_Source\PSoC5/ADC_1_PM.c ****         {   
 105:Generated_Source\PSoC5/ADC_1_PM.c ****             /* Conversion is started */
 106:Generated_Source\PSoC5/ADC_1_PM.c ****             ADC_1_backup.enableState |= ADC_1_STARTED;
 107:Generated_Source\PSoC5/ADC_1_PM.c ****         }
 108:Generated_Source\PSoC5/ADC_1_PM.c **** 		
 109:Generated_Source\PSoC5/ADC_1_PM.c ****         /* Stop the configuration */
 110:Generated_Source\PSoC5/ADC_1_PM.c ****         ADC_1_Stop();
 111:Generated_Source\PSoC5/ADC_1_PM.c ****     }
 112:Generated_Source\PSoC5/ADC_1_PM.c ****     else
 113:Generated_Source\PSoC5/ADC_1_PM.c ****     {
 114:Generated_Source\PSoC5/ADC_1_PM.c ****         /* Component is disabled */
 115:Generated_Source\PSoC5/ADC_1_PM.c ****         ADC_1_backup.enableState = ADC_1_DISABLED;
 409              		.loc 1 115 0
 410 0012 0023     		movs	r3, #0
 411 0014 2370     		strb	r3, [r4]
 412              	.LBB8:
 413              	.LBB9:
  48:Generated_Source\PSoC5/ADC_1_PM.c **** }
 414              		.loc 1 48 0
 415 0016 0B4B     		ldr	r3, .L23+8
 416 0018 1B78     		ldrb	r3, [r3]	@ zero_extendqisi2
 417 001a 6370     		strb	r3, [r4, #1]
 418 001c 10BD     		pop	{r4, pc}
 419              	.L22:
 420              	.LBE9:
 421              	.LBE8:
 102:Generated_Source\PSoC5/ADC_1_PM.c ****         if((ADC_1_DEC_CR_REG & ADC_1_DEC_START_CONV) != 0u)
 422              		.loc 1 102 0
 423 001e 0122     		movs	r2, #1
 103:Generated_Source\PSoC5/ADC_1_PM.c ****         if((ADC_1_DEC_CR_REG & ADC_1_DEC_START_CONV) != 0u)
 424              		.loc 1 103 0
 425 0020 084B     		ldr	r3, .L23+8
 102:Generated_Source\PSoC5/ADC_1_PM.c ****         if((ADC_1_DEC_CR_REG & ADC_1_DEC_START_CONV) != 0u)
 426              		.loc 1 102 0
 427 0022 2270     		strb	r2, [r4]
 103:Generated_Source\PSoC5/ADC_1_PM.c ****         if((ADC_1_DEC_CR_REG & ADC_1_DEC_START_CONV) != 0u)
 428              		.loc 1 103 0
 429 0024 1B78     		ldrb	r3, [r3]	@ zero_extendqisi2
 430 0026 DB07     		lsls	r3, r3, #31
 106:Generated_Source\PSoC5/ADC_1_PM.c ****         }
 431              		.loc 1 106 0
 432 0028 44BF     		itt	mi
ARM GAS  C:\Users\JEFFSN~1\AppData\Local\Temp\ccq9DQTc.s 			page 26


 433 002a 0323     		movmi	r3, #3
 434 002c 2370     		strbmi	r3, [r4]
 110:Generated_Source\PSoC5/ADC_1_PM.c ****     }
 435              		.loc 1 110 0
 436 002e FFF7FEFF 		bl	ADC_1_Stop
 437              	.LVL0:
 438              	.LBB11:
 439              	.LBB10:
  48:Generated_Source\PSoC5/ADC_1_PM.c **** }
 440              		.loc 1 48 0
 441 0032 044B     		ldr	r3, .L23+8
 442 0034 1B78     		ldrb	r3, [r3]	@ zero_extendqisi2
 443 0036 6370     		strb	r3, [r4, #1]
 444 0038 10BD     		pop	{r4, pc}
 445              	.L24:
 446 003a 00BF     		.align	2
 447              	.L23:
 448 003c AA430040 		.word	1073759146
 449 0040 00000000 		.word	.LANCHOR0
 450 0044 004E0040 		.word	1073761792
 451              	.LBE10:
 452              	.LBE11:
 453              		.cfi_endproc
 454              	.LFE2:
 455              		.size	ADC_1_Sleep, .-ADC_1_Sleep
 456              		.section	.text.ADC_1_Wakeup,"ax",%progbits
 457              		.align	2
 458              		.global	ADC_1_Wakeup
 459              		.thumb
 460              		.thumb_func
 461              		.type	ADC_1_Wakeup, %function
 462              	ADC_1_Wakeup:
 463              	.LFB3:
 116:Generated_Source\PSoC5/ADC_1_PM.c ****     }
 117:Generated_Source\PSoC5/ADC_1_PM.c **** 
 118:Generated_Source\PSoC5/ADC_1_PM.c ****     /* Save the user configuration */
 119:Generated_Source\PSoC5/ADC_1_PM.c ****     ADC_1_SaveConfig();
 120:Generated_Source\PSoC5/ADC_1_PM.c **** }
 121:Generated_Source\PSoC5/ADC_1_PM.c **** 
 122:Generated_Source\PSoC5/ADC_1_PM.c **** 
 123:Generated_Source\PSoC5/ADC_1_PM.c **** /*******************************************************************************
 124:Generated_Source\PSoC5/ADC_1_PM.c **** * Function Name: ADC_1_Wakeup
 125:Generated_Source\PSoC5/ADC_1_PM.c **** ********************************************************************************
 126:Generated_Source\PSoC5/ADC_1_PM.c **** *
 127:Generated_Source\PSoC5/ADC_1_PM.c **** * Summary:
 128:Generated_Source\PSoC5/ADC_1_PM.c **** *  Restores the user configuration and enables the power to the block.
 129:Generated_Source\PSoC5/ADC_1_PM.c **** *
 130:Generated_Source\PSoC5/ADC_1_PM.c **** * Parameters:
 131:Generated_Source\PSoC5/ADC_1_PM.c **** *  None
 132:Generated_Source\PSoC5/ADC_1_PM.c **** *
 133:Generated_Source\PSoC5/ADC_1_PM.c **** * Return:
 134:Generated_Source\PSoC5/ADC_1_PM.c **** *  None
 135:Generated_Source\PSoC5/ADC_1_PM.c **** *
 136:Generated_Source\PSoC5/ADC_1_PM.c **** * Global variables:
 137:Generated_Source\PSoC5/ADC_1_PM.c **** *  ADC_1_backup:  The structure field 'enableState' is used to
 138:Generated_Source\PSoC5/ADC_1_PM.c **** *  restore the enable state of block after wakeup from sleep mode.
 139:Generated_Source\PSoC5/ADC_1_PM.c **** *
ARM GAS  C:\Users\JEFFSN~1\AppData\Local\Temp\ccq9DQTc.s 			page 27


 140:Generated_Source\PSoC5/ADC_1_PM.c **** *******************************************************************************/
 141:Generated_Source\PSoC5/ADC_1_PM.c **** void ADC_1_Wakeup(void) 
 142:Generated_Source\PSoC5/ADC_1_PM.c **** {
 464              		.loc 1 142 0
 465              		.cfi_startproc
 466              		@ args = 0, pretend = 0, frame = 0
 467              		@ frame_needed = 0, uses_anonymous_args = 0
 468 0000 10B5     		push	{r4, lr}
 469              		.cfi_def_cfa_offset 8
 470              		.cfi_offset 4, -8
 471              		.cfi_offset 14, -4
 472              	.LBB18:
 473              	.LBB19:
  73:Generated_Source\PSoC5/ADC_1_PM.c **** }
 474              		.loc 1 73 0
 475 0002 084C     		ldr	r4, .L34
 476 0004 084B     		ldr	r3, .L34+4
 477 0006 6278     		ldrb	r2, [r4, #1]	@ zero_extendqisi2
 478 0008 1A70     		strb	r2, [r3]
 479              	.LBE19:
 480              	.LBE18:
 143:Generated_Source\PSoC5/ADC_1_PM.c ****     /* Restore the configuration */
 144:Generated_Source\PSoC5/ADC_1_PM.c ****     ADC_1_RestoreConfig();
 145:Generated_Source\PSoC5/ADC_1_PM.c **** 
 146:Generated_Source\PSoC5/ADC_1_PM.c ****     /* Enables the component operation */
 147:Generated_Source\PSoC5/ADC_1_PM.c ****     if(ADC_1_backup.enableState != ADC_1_DISABLED)
 481              		.loc 1 147 0
 482 000a 2378     		ldrb	r3, [r4]	@ zero_extendqisi2
 483 000c 03B9     		cbnz	r3, .L33
 484              	.L25:
 485 000e 10BD     		pop	{r4, pc}
 486              	.L33:
 487              	.LBB20:
 488              	.LBB21:
 148:Generated_Source\PSoC5/ADC_1_PM.c ****     {
 149:Generated_Source\PSoC5/ADC_1_PM.c ****         ADC_1_Enable();
 489              		.loc 1 149 0
 490 0010 FFF7FEFF 		bl	ADC_1_Enable
 491              	.LVL1:
 150:Generated_Source\PSoC5/ADC_1_PM.c ****         if((ADC_1_backup.enableState & ADC_1_STARTED) != 0u)
 492              		.loc 1 150 0
 493 0014 2378     		ldrb	r3, [r4]	@ zero_extendqisi2
 494 0016 9B07     		lsls	r3, r3, #30
 495 0018 F9D5     		bpl	.L25
 496              	.LBE21:
 497              	.LBE20:
 151:Generated_Source\PSoC5/ADC_1_PM.c ****         {
 152:Generated_Source\PSoC5/ADC_1_PM.c ****             ADC_1_StartConvert();
 153:Generated_Source\PSoC5/ADC_1_PM.c ****         }
 154:Generated_Source\PSoC5/ADC_1_PM.c ****     } /* Do nothing if component was disable before */
 155:Generated_Source\PSoC5/ADC_1_PM.c **** }
 498              		.loc 1 155 0
 499 001a BDE81040 		pop	{r4, lr}
 500              		.cfi_restore 14
 501              		.cfi_restore 4
 502              		.cfi_def_cfa_offset 0
 503              	.LBB23:
ARM GAS  C:\Users\JEFFSN~1\AppData\Local\Temp\ccq9DQTc.s 			page 28


 504              	.LBB22:
 152:Generated_Source\PSoC5/ADC_1_PM.c ****         }
 505              		.loc 1 152 0
 506 001e FFF7FEBF 		b	ADC_1_StartConvert
 507              	.LVL2:
 508              	.L35:
 509 0022 00BF     		.align	2
 510              	.L34:
 511 0024 00000000 		.word	.LANCHOR0
 512 0028 004E0040 		.word	1073761792
 513              	.LBE22:
 514              	.LBE23:
 515              		.cfi_endproc
 516              	.LFE3:
 517              		.size	ADC_1_Wakeup, .-ADC_1_Wakeup
 518              		.data
 519              		.align	2
 520              		.set	.LANCHOR0,. + 0
 521              		.type	ADC_1_backup, %object
 522              		.size	ADC_1_backup, 2
 523              	ADC_1_backup:
 524 0000 00       		.byte	0
 525 0001 30       		.byte	48
 526              		.text
 527              	.Letext0:
 528              		.file 2 "Generated_Source\\PSoC5\\cytypes.h"
 529              		.file 3 "Generated_Source\\PSoC5\\ADC_1.h"
 530              		.section	.debug_info,"",%progbits
 531              	.Ldebug_info0:
 532 0000 9F010000 		.4byte	0x19f
 533 0004 0400     		.2byte	0x4
 534 0006 00000000 		.4byte	.Ldebug_abbrev0
 535 000a 04       		.byte	0x4
 536 000b 01       		.uleb128 0x1
 537 000c 4B000000 		.4byte	.LASF25
 538 0010 0C       		.byte	0xc
 539 0011 3B010000 		.4byte	.LASF26
 540 0015 C3010000 		.4byte	.LASF27
 541 0019 18000000 		.4byte	.Ldebug_ranges0+0x18
 542 001d 00000000 		.4byte	0
 543 0021 00000000 		.4byte	.Ldebug_line0
 544 0025 02       		.uleb128 0x2
 545 0026 01       		.byte	0x1
 546 0027 06       		.byte	0x6
 547 0028 5D020000 		.4byte	.LASF0
 548 002c 02       		.uleb128 0x2
 549 002d 01       		.byte	0x1
 550 002e 08       		.byte	0x8
 551 002f 3D000000 		.4byte	.LASF1
 552 0033 02       		.uleb128 0x2
 553 0034 02       		.byte	0x2
 554 0035 05       		.byte	0x5
 555 0036 32020000 		.4byte	.LASF2
 556 003a 02       		.uleb128 0x2
 557 003b 02       		.byte	0x2
 558 003c 07       		.byte	0x7
 559 003d 00000000 		.4byte	.LASF3
ARM GAS  C:\Users\JEFFSN~1\AppData\Local\Temp\ccq9DQTc.s 			page 29


 560 0041 02       		.uleb128 0x2
 561 0042 04       		.byte	0x4
 562 0043 05       		.byte	0x5
 563 0044 3C020000 		.4byte	.LASF4
 564 0048 02       		.uleb128 0x2
 565 0049 04       		.byte	0x4
 566 004a 07       		.byte	0x7
 567 004b F2000000 		.4byte	.LASF5
 568 004f 02       		.uleb128 0x2
 569 0050 08       		.byte	0x8
 570 0051 05       		.byte	0x5
 571 0052 9C010000 		.4byte	.LASF6
 572 0056 02       		.uleb128 0x2
 573 0057 08       		.byte	0x8
 574 0058 07       		.byte	0x7
 575 0059 77010000 		.4byte	.LASF7
 576 005d 03       		.uleb128 0x3
 577 005e 04       		.byte	0x4
 578 005f 05       		.byte	0x5
 579 0060 696E7400 		.ascii	"int\000"
 580 0064 02       		.uleb128 0x2
 581 0065 04       		.byte	0x4
 582 0066 07       		.byte	0x7
 583 0067 5D010000 		.4byte	.LASF8
 584 006b 04       		.uleb128 0x4
 585 006c 04010000 		.4byte	.LASF12
 586 0070 02       		.byte	0x2
 587 0071 E901     		.2byte	0x1e9
 588 0073 2C000000 		.4byte	0x2c
 589 0077 02       		.uleb128 0x2
 590 0078 04       		.byte	0x4
 591 0079 04       		.byte	0x4
 592 007a 37000000 		.4byte	.LASF9
 593 007e 02       		.uleb128 0x2
 594 007f 08       		.byte	0x8
 595 0080 04       		.byte	0x4
 596 0081 0A010000 		.4byte	.LASF10
 597 0085 02       		.uleb128 0x2
 598 0086 01       		.byte	0x1
 599 0087 08       		.byte	0x8
 600 0088 BE010000 		.4byte	.LASF11
 601 008c 04       		.uleb128 0x4
 602 008d 8E010000 		.4byte	.LASF13
 603 0091 02       		.byte	0x2
 604 0092 9302     		.2byte	0x293
 605 0094 98000000 		.4byte	0x98
 606 0098 05       		.uleb128 0x5
 607 0099 6B000000 		.4byte	0x6b
 608 009d 02       		.uleb128 0x2
 609 009e 08       		.byte	0x8
 610 009f 04       		.byte	0x4
 611 00a0 51020000 		.4byte	.LASF14
 612 00a4 02       		.uleb128 0x2
 613 00a5 04       		.byte	0x4
 614 00a6 07       		.byte	0x7
 615 00a7 93010000 		.4byte	.LASF15
 616 00ab 06       		.uleb128 0x6
ARM GAS  C:\Users\JEFFSN~1\AppData\Local\Temp\ccq9DQTc.s 			page 30


 617 00ac 02       		.byte	0x2
 618 00ad 03       		.byte	0x3
 619 00ae 28       		.byte	0x28
 620 00af CC000000 		.4byte	0xcc
 621 00b3 07       		.uleb128 0x7
 622 00b4 45020000 		.4byte	.LASF16
 623 00b8 03       		.byte	0x3
 624 00b9 2A       		.byte	0x2a
 625 00ba 6B000000 		.4byte	0x6b
 626 00be 00       		.byte	0
 627 00bf 07       		.uleb128 0x7
 628 00c0 20000000 		.4byte	.LASF17
 629 00c4 03       		.byte	0x3
 630 00c5 2B       		.byte	0x2b
 631 00c6 6B000000 		.4byte	0x6b
 632 00ca 01       		.byte	0x1
 633 00cb 00       		.byte	0
 634 00cc 08       		.uleb128 0x8
 635 00cd AA010000 		.4byte	.LASF18
 636 00d1 03       		.byte	0x3
 637 00d2 2C       		.byte	0x2c
 638 00d3 AB000000 		.4byte	0xab
 639 00d7 09       		.uleb128 0x9
 640 00d8 26000000 		.4byte	.LASF19
 641 00dc 01       		.byte	0x1
 642 00dd 2E       		.byte	0x2e
 643 00de 01       		.byte	0x1
 644 00df 09       		.uleb128 0x9
 645 00e0 76020000 		.4byte	.LASF20
 646 00e4 01       		.byte	0x1
 647 00e5 47       		.byte	0x47
 648 00e6 01       		.byte	0x1
 649 00e7 09       		.uleb128 0x9
 650 00e8 13000000 		.4byte	.LASF21
 651 00ec 01       		.byte	0x1
 652 00ed 8D       		.byte	0x8d
 653 00ee 01       		.byte	0x1
 654 00ef 0A       		.uleb128 0xa
 655 00f0 D7000000 		.4byte	0xd7
 656 00f4 00000000 		.4byte	.LFB0
 657 00f8 14000000 		.4byte	.LFE0-.LFB0
 658 00fc 01       		.uleb128 0x1
 659 00fd 9C       		.byte	0x9c
 660 00fe 0A       		.uleb128 0xa
 661 00ff DF000000 		.4byte	0xdf
 662 0103 00000000 		.4byte	.LFB1
 663 0107 14000000 		.4byte	.LFE1-.LFB1
 664 010b 01       		.uleb128 0x1
 665 010c 9C       		.byte	0x9c
 666 010d 0B       		.uleb128 0xb
 667 010e 2F010000 		.4byte	.LASF28
 668 0112 01       		.byte	0x1
 669 0113 5F       		.byte	0x5f
 670 0114 00000000 		.4byte	.LFB2
 671 0118 48000000 		.4byte	.LFE2-.LFB2
 672 011c 01       		.uleb128 0x1
 673 011d 9C       		.byte	0x9c
ARM GAS  C:\Users\JEFFSN~1\AppData\Local\Temp\ccq9DQTc.s 			page 31


 674 011e 3B010000 		.4byte	0x13b
 675 0122 0C       		.uleb128 0xc
 676 0123 D7000000 		.4byte	0xd7
 677 0127 16000000 		.4byte	.LBB8
 678 012b 00000000 		.4byte	.Ldebug_ranges0+0
 679 012f 01       		.byte	0x1
 680 0130 77       		.byte	0x77
 681 0131 0D       		.uleb128 0xd
 682 0132 32000000 		.4byte	.LVL0
 683 0136 81010000 		.4byte	0x181
 684 013a 00       		.byte	0
 685 013b 0E       		.uleb128 0xe
 686 013c E7000000 		.4byte	0xe7
 687 0140 00000000 		.4byte	.LFB3
 688 0144 2C000000 		.4byte	.LFE3-.LFB3
 689 0148 01       		.uleb128 0x1
 690 0149 9C       		.byte	0x9c
 691 014a 70010000 		.4byte	0x170
 692 014e 0F       		.uleb128 0xf
 693 014f DF000000 		.4byte	0xdf
 694 0153 02000000 		.4byte	.LBB18
 695 0157 08000000 		.4byte	.LBE18-.LBB18
 696 015b 01       		.byte	0x1
 697 015c 90       		.byte	0x90
 698 015d 0D       		.uleb128 0xd
 699 015e 14000000 		.4byte	.LVL1
 700 0162 8C010000 		.4byte	0x18c
 701 0166 10       		.uleb128 0x10
 702 0167 22000000 		.4byte	.LVL2
 703 016b 97010000 		.4byte	0x197
 704 016f 00       		.byte	0
 705 0170 11       		.uleb128 0x11
 706 0171 69020000 		.4byte	.LASF29
 707 0175 01       		.byte	0x1
 708 0176 14       		.byte	0x14
 709 0177 CC000000 		.4byte	0xcc
 710 017b 05       		.uleb128 0x5
 711 017c 03       		.byte	0x3
 712 017d 00000000 		.4byte	ADC_1_backup
 713 0181 12       		.uleb128 0x12
 714 0182 11010000 		.4byte	.LASF22
 715 0186 11010000 		.4byte	.LASF22
 716 018a 03       		.byte	0x3
 717 018b 3B       		.byte	0x3b
 718 018c 12       		.uleb128 0x12
 719 018d 6A010000 		.4byte	.LASF23
 720 0191 6A010000 		.4byte	.LASF23
 721 0195 03       		.byte	0x3
 722 0196 4D       		.byte	0x4d
 723 0197 12       		.uleb128 0x12
 724 0198 1C010000 		.4byte	.LASF24
 725 019c 1C010000 		.4byte	.LASF24
 726 01a0 03       		.byte	0x3
 727 01a1 3D       		.byte	0x3d
 728 01a2 00       		.byte	0
 729              		.section	.debug_abbrev,"",%progbits
 730              	.Ldebug_abbrev0:
ARM GAS  C:\Users\JEFFSN~1\AppData\Local\Temp\ccq9DQTc.s 			page 32


 731 0000 01       		.uleb128 0x1
 732 0001 11       		.uleb128 0x11
 733 0002 01       		.byte	0x1
 734 0003 25       		.uleb128 0x25
 735 0004 0E       		.uleb128 0xe
 736 0005 13       		.uleb128 0x13
 737 0006 0B       		.uleb128 0xb
 738 0007 03       		.uleb128 0x3
 739 0008 0E       		.uleb128 0xe
 740 0009 1B       		.uleb128 0x1b
 741 000a 0E       		.uleb128 0xe
 742 000b 55       		.uleb128 0x55
 743 000c 17       		.uleb128 0x17
 744 000d 11       		.uleb128 0x11
 745 000e 01       		.uleb128 0x1
 746 000f 10       		.uleb128 0x10
 747 0010 17       		.uleb128 0x17
 748 0011 00       		.byte	0
 749 0012 00       		.byte	0
 750 0013 02       		.uleb128 0x2
 751 0014 24       		.uleb128 0x24
 752 0015 00       		.byte	0
 753 0016 0B       		.uleb128 0xb
 754 0017 0B       		.uleb128 0xb
 755 0018 3E       		.uleb128 0x3e
 756 0019 0B       		.uleb128 0xb
 757 001a 03       		.uleb128 0x3
 758 001b 0E       		.uleb128 0xe
 759 001c 00       		.byte	0
 760 001d 00       		.byte	0
 761 001e 03       		.uleb128 0x3
 762 001f 24       		.uleb128 0x24
 763 0020 00       		.byte	0
 764 0021 0B       		.uleb128 0xb
 765 0022 0B       		.uleb128 0xb
 766 0023 3E       		.uleb128 0x3e
 767 0024 0B       		.uleb128 0xb
 768 0025 03       		.uleb128 0x3
 769 0026 08       		.uleb128 0x8
 770 0027 00       		.byte	0
 771 0028 00       		.byte	0
 772 0029 04       		.uleb128 0x4
 773 002a 16       		.uleb128 0x16
 774 002b 00       		.byte	0
 775 002c 03       		.uleb128 0x3
 776 002d 0E       		.uleb128 0xe
 777 002e 3A       		.uleb128 0x3a
 778 002f 0B       		.uleb128 0xb
 779 0030 3B       		.uleb128 0x3b
 780 0031 05       		.uleb128 0x5
 781 0032 49       		.uleb128 0x49
 782 0033 13       		.uleb128 0x13
 783 0034 00       		.byte	0
 784 0035 00       		.byte	0
 785 0036 05       		.uleb128 0x5
 786 0037 35       		.uleb128 0x35
 787 0038 00       		.byte	0
ARM GAS  C:\Users\JEFFSN~1\AppData\Local\Temp\ccq9DQTc.s 			page 33


 788 0039 49       		.uleb128 0x49
 789 003a 13       		.uleb128 0x13
 790 003b 00       		.byte	0
 791 003c 00       		.byte	0
 792 003d 06       		.uleb128 0x6
 793 003e 13       		.uleb128 0x13
 794 003f 01       		.byte	0x1
 795 0040 0B       		.uleb128 0xb
 796 0041 0B       		.uleb128 0xb
 797 0042 3A       		.uleb128 0x3a
 798 0043 0B       		.uleb128 0xb
 799 0044 3B       		.uleb128 0x3b
 800 0045 0B       		.uleb128 0xb
 801 0046 01       		.uleb128 0x1
 802 0047 13       		.uleb128 0x13
 803 0048 00       		.byte	0
 804 0049 00       		.byte	0
 805 004a 07       		.uleb128 0x7
 806 004b 0D       		.uleb128 0xd
 807 004c 00       		.byte	0
 808 004d 03       		.uleb128 0x3
 809 004e 0E       		.uleb128 0xe
 810 004f 3A       		.uleb128 0x3a
 811 0050 0B       		.uleb128 0xb
 812 0051 3B       		.uleb128 0x3b
 813 0052 0B       		.uleb128 0xb
 814 0053 49       		.uleb128 0x49
 815 0054 13       		.uleb128 0x13
 816 0055 38       		.uleb128 0x38
 817 0056 0B       		.uleb128 0xb
 818 0057 00       		.byte	0
 819 0058 00       		.byte	0
 820 0059 08       		.uleb128 0x8
 821 005a 16       		.uleb128 0x16
 822 005b 00       		.byte	0
 823 005c 03       		.uleb128 0x3
 824 005d 0E       		.uleb128 0xe
 825 005e 3A       		.uleb128 0x3a
 826 005f 0B       		.uleb128 0xb
 827 0060 3B       		.uleb128 0x3b
 828 0061 0B       		.uleb128 0xb
 829 0062 49       		.uleb128 0x49
 830 0063 13       		.uleb128 0x13
 831 0064 00       		.byte	0
 832 0065 00       		.byte	0
 833 0066 09       		.uleb128 0x9
 834 0067 2E       		.uleb128 0x2e
 835 0068 00       		.byte	0
 836 0069 3F       		.uleb128 0x3f
 837 006a 19       		.uleb128 0x19
 838 006b 03       		.uleb128 0x3
 839 006c 0E       		.uleb128 0xe
 840 006d 3A       		.uleb128 0x3a
 841 006e 0B       		.uleb128 0xb
 842 006f 3B       		.uleb128 0x3b
 843 0070 0B       		.uleb128 0xb
 844 0071 27       		.uleb128 0x27
ARM GAS  C:\Users\JEFFSN~1\AppData\Local\Temp\ccq9DQTc.s 			page 34


 845 0072 19       		.uleb128 0x19
 846 0073 20       		.uleb128 0x20
 847 0074 0B       		.uleb128 0xb
 848 0075 00       		.byte	0
 849 0076 00       		.byte	0
 850 0077 0A       		.uleb128 0xa
 851 0078 2E       		.uleb128 0x2e
 852 0079 00       		.byte	0
 853 007a 31       		.uleb128 0x31
 854 007b 13       		.uleb128 0x13
 855 007c 11       		.uleb128 0x11
 856 007d 01       		.uleb128 0x1
 857 007e 12       		.uleb128 0x12
 858 007f 06       		.uleb128 0x6
 859 0080 40       		.uleb128 0x40
 860 0081 18       		.uleb128 0x18
 861 0082 9742     		.uleb128 0x2117
 862 0084 19       		.uleb128 0x19
 863 0085 00       		.byte	0
 864 0086 00       		.byte	0
 865 0087 0B       		.uleb128 0xb
 866 0088 2E       		.uleb128 0x2e
 867 0089 01       		.byte	0x1
 868 008a 3F       		.uleb128 0x3f
 869 008b 19       		.uleb128 0x19
 870 008c 03       		.uleb128 0x3
 871 008d 0E       		.uleb128 0xe
 872 008e 3A       		.uleb128 0x3a
 873 008f 0B       		.uleb128 0xb
 874 0090 3B       		.uleb128 0x3b
 875 0091 0B       		.uleb128 0xb
 876 0092 27       		.uleb128 0x27
 877 0093 19       		.uleb128 0x19
 878 0094 11       		.uleb128 0x11
 879 0095 01       		.uleb128 0x1
 880 0096 12       		.uleb128 0x12
 881 0097 06       		.uleb128 0x6
 882 0098 40       		.uleb128 0x40
 883 0099 18       		.uleb128 0x18
 884 009a 9742     		.uleb128 0x2117
 885 009c 19       		.uleb128 0x19
 886 009d 01       		.uleb128 0x1
 887 009e 13       		.uleb128 0x13
 888 009f 00       		.byte	0
 889 00a0 00       		.byte	0
 890 00a1 0C       		.uleb128 0xc
 891 00a2 1D       		.uleb128 0x1d
 892 00a3 00       		.byte	0
 893 00a4 31       		.uleb128 0x31
 894 00a5 13       		.uleb128 0x13
 895 00a6 52       		.uleb128 0x52
 896 00a7 01       		.uleb128 0x1
 897 00a8 55       		.uleb128 0x55
 898 00a9 17       		.uleb128 0x17
 899 00aa 58       		.uleb128 0x58
 900 00ab 0B       		.uleb128 0xb
 901 00ac 59       		.uleb128 0x59
ARM GAS  C:\Users\JEFFSN~1\AppData\Local\Temp\ccq9DQTc.s 			page 35


 902 00ad 0B       		.uleb128 0xb
 903 00ae 00       		.byte	0
 904 00af 00       		.byte	0
 905 00b0 0D       		.uleb128 0xd
 906 00b1 898201   		.uleb128 0x4109
 907 00b4 00       		.byte	0
 908 00b5 11       		.uleb128 0x11
 909 00b6 01       		.uleb128 0x1
 910 00b7 31       		.uleb128 0x31
 911 00b8 13       		.uleb128 0x13
 912 00b9 00       		.byte	0
 913 00ba 00       		.byte	0
 914 00bb 0E       		.uleb128 0xe
 915 00bc 2E       		.uleb128 0x2e
 916 00bd 01       		.byte	0x1
 917 00be 31       		.uleb128 0x31
 918 00bf 13       		.uleb128 0x13
 919 00c0 11       		.uleb128 0x11
 920 00c1 01       		.uleb128 0x1
 921 00c2 12       		.uleb128 0x12
 922 00c3 06       		.uleb128 0x6
 923 00c4 40       		.uleb128 0x40
 924 00c5 18       		.uleb128 0x18
 925 00c6 9742     		.uleb128 0x2117
 926 00c8 19       		.uleb128 0x19
 927 00c9 01       		.uleb128 0x1
 928 00ca 13       		.uleb128 0x13
 929 00cb 00       		.byte	0
 930 00cc 00       		.byte	0
 931 00cd 0F       		.uleb128 0xf
 932 00ce 1D       		.uleb128 0x1d
 933 00cf 00       		.byte	0
 934 00d0 31       		.uleb128 0x31
 935 00d1 13       		.uleb128 0x13
 936 00d2 11       		.uleb128 0x11
 937 00d3 01       		.uleb128 0x1
 938 00d4 12       		.uleb128 0x12
 939 00d5 06       		.uleb128 0x6
 940 00d6 58       		.uleb128 0x58
 941 00d7 0B       		.uleb128 0xb
 942 00d8 59       		.uleb128 0x59
 943 00d9 0B       		.uleb128 0xb
 944 00da 00       		.byte	0
 945 00db 00       		.byte	0
 946 00dc 10       		.uleb128 0x10
 947 00dd 898201   		.uleb128 0x4109
 948 00e0 00       		.byte	0
 949 00e1 11       		.uleb128 0x11
 950 00e2 01       		.uleb128 0x1
 951 00e3 9542     		.uleb128 0x2115
 952 00e5 19       		.uleb128 0x19
 953 00e6 31       		.uleb128 0x31
 954 00e7 13       		.uleb128 0x13
 955 00e8 00       		.byte	0
 956 00e9 00       		.byte	0
 957 00ea 11       		.uleb128 0x11
 958 00eb 34       		.uleb128 0x34
ARM GAS  C:\Users\JEFFSN~1\AppData\Local\Temp\ccq9DQTc.s 			page 36


 959 00ec 00       		.byte	0
 960 00ed 03       		.uleb128 0x3
 961 00ee 0E       		.uleb128 0xe
 962 00ef 3A       		.uleb128 0x3a
 963 00f0 0B       		.uleb128 0xb
 964 00f1 3B       		.uleb128 0x3b
 965 00f2 0B       		.uleb128 0xb
 966 00f3 49       		.uleb128 0x49
 967 00f4 13       		.uleb128 0x13
 968 00f5 02       		.uleb128 0x2
 969 00f6 18       		.uleb128 0x18
 970 00f7 00       		.byte	0
 971 00f8 00       		.byte	0
 972 00f9 12       		.uleb128 0x12
 973 00fa 2E       		.uleb128 0x2e
 974 00fb 00       		.byte	0
 975 00fc 3F       		.uleb128 0x3f
 976 00fd 19       		.uleb128 0x19
 977 00fe 3C       		.uleb128 0x3c
 978 00ff 19       		.uleb128 0x19
 979 0100 6E       		.uleb128 0x6e
 980 0101 0E       		.uleb128 0xe
 981 0102 03       		.uleb128 0x3
 982 0103 0E       		.uleb128 0xe
 983 0104 3A       		.uleb128 0x3a
 984 0105 0B       		.uleb128 0xb
 985 0106 3B       		.uleb128 0x3b
 986 0107 0B       		.uleb128 0xb
 987 0108 00       		.byte	0
 988 0109 00       		.byte	0
 989 010a 00       		.byte	0
 990              		.section	.debug_aranges,"",%progbits
 991 0000 34000000 		.4byte	0x34
 992 0004 0200     		.2byte	0x2
 993 0006 00000000 		.4byte	.Ldebug_info0
 994 000a 04       		.byte	0x4
 995 000b 00       		.byte	0
 996 000c 0000     		.2byte	0
 997 000e 0000     		.2byte	0
 998 0010 00000000 		.4byte	.LFB0
 999 0014 14000000 		.4byte	.LFE0-.LFB0
 1000 0018 00000000 		.4byte	.LFB1
 1001 001c 14000000 		.4byte	.LFE1-.LFB1
 1002 0020 00000000 		.4byte	.LFB2
 1003 0024 48000000 		.4byte	.LFE2-.LFB2
 1004 0028 00000000 		.4byte	.LFB3
 1005 002c 2C000000 		.4byte	.LFE3-.LFB3
 1006 0030 00000000 		.4byte	0
 1007 0034 00000000 		.4byte	0
 1008              		.section	.debug_ranges,"",%progbits
 1009              	.Ldebug_ranges0:
 1010 0000 16000000 		.4byte	.LBB8
 1011 0004 1E000000 		.4byte	.LBE8
 1012 0008 32000000 		.4byte	.LBB11
 1013 000c 48000000 		.4byte	.LBE11
 1014 0010 00000000 		.4byte	0
 1015 0014 00000000 		.4byte	0
ARM GAS  C:\Users\JEFFSN~1\AppData\Local\Temp\ccq9DQTc.s 			page 37


 1016 0018 00000000 		.4byte	.LFB0
 1017 001c 14000000 		.4byte	.LFE0
 1018 0020 00000000 		.4byte	.LFB1
 1019 0024 14000000 		.4byte	.LFE1
 1020 0028 00000000 		.4byte	.LFB2
 1021 002c 48000000 		.4byte	.LFE2
 1022 0030 00000000 		.4byte	.LFB3
 1023 0034 2C000000 		.4byte	.LFE3
 1024 0038 00000000 		.4byte	0
 1025 003c 00000000 		.4byte	0
 1026              		.section	.debug_line,"",%progbits
 1027              	.Ldebug_line0:
 1028 0000 C2000000 		.section	.debug_str,"MS",%progbits,1
 1028      02005000 
 1028      00000201 
 1028      FB0E0D00 
 1028      01010101 
 1029              	.LASF3:
 1030 0000 73686F72 		.ascii	"short unsigned int\000"
 1030      7420756E 
 1030      7369676E 
 1030      65642069 
 1030      6E7400
 1031              	.LASF21:
 1032 0013 4144435F 		.ascii	"ADC_1_Wakeup\000"
 1032      315F5761 
 1032      6B657570 
 1032      00
 1033              	.LASF17:
 1034 0020 64656363 		.ascii	"deccr\000"
 1034      7200
 1035              	.LASF19:
 1036 0026 4144435F 		.ascii	"ADC_1_SaveConfig\000"
 1036      315F5361 
 1036      7665436F 
 1036      6E666967 
 1036      00
 1037              	.LASF9:
 1038 0037 666C6F61 		.ascii	"float\000"
 1038      7400
 1039              	.LASF1:
 1040 003d 756E7369 		.ascii	"unsigned char\000"
 1040      676E6564 
 1040      20636861 
 1040      7200
 1041              	.LASF25:
 1042 004b 474E5520 		.ascii	"GNU C11 5.4.1 20160609 (release) [ARM/embedded-5-br"
 1042      43313120 
 1042      352E342E 
 1042      31203230 
 1042      31363036 
 1043 007e 616E6368 		.ascii	"anch revision 237715] -mcpu=cortex-m3 -mthumb -g -O"
 1043      20726576 
 1043      6973696F 
 1043      6E203233 
 1043      37373135 
 1044 00b1 33202D66 		.ascii	"3 -ffunction-sections -ffat-lto-objects -finline-fu"
ARM GAS  C:\Users\JEFFSN~1\AppData\Local\Temp\ccq9DQTc.s 			page 38


 1044      66756E63 
 1044      74696F6E 
 1044      2D736563 
 1044      74696F6E 
 1045 00e4 6E637469 		.ascii	"nctions -flto\000"
 1045      6F6E7320 
 1045      2D666C74 
 1045      6F00
 1046              	.LASF5:
 1047 00f2 6C6F6E67 		.ascii	"long unsigned int\000"
 1047      20756E73 
 1047      69676E65 
 1047      6420696E 
 1047      7400
 1048              	.LASF12:
 1049 0104 75696E74 		.ascii	"uint8\000"
 1049      3800
 1050              	.LASF10:
 1051 010a 646F7562 		.ascii	"double\000"
 1051      6C6500
 1052              	.LASF22:
 1053 0111 4144435F 		.ascii	"ADC_1_Stop\000"
 1053      315F5374 
 1053      6F7000
 1054              	.LASF24:
 1055 011c 4144435F 		.ascii	"ADC_1_StartConvert\000"
 1055      315F5374 
 1055      61727443 
 1055      6F6E7665 
 1055      727400
 1056              	.LASF28:
 1057 012f 4144435F 		.ascii	"ADC_1_Sleep\000"
 1057      315F536C 
 1057      65657000 
 1058              	.LASF26:
 1059 013b 47656E65 		.ascii	"Generated_Source\\PSoC5\\ADC_1_PM.c\000"
 1059      72617465 
 1059      645F536F 
 1059      75726365 
 1059      5C50536F 
 1060              	.LASF8:
 1061 015d 756E7369 		.ascii	"unsigned int\000"
 1061      676E6564 
 1061      20696E74 
 1061      00
 1062              	.LASF23:
 1063 016a 4144435F 		.ascii	"ADC_1_Enable\000"
 1063      315F456E 
 1063      61626C65 
 1063      00
 1064              	.LASF7:
 1065 0177 6C6F6E67 		.ascii	"long long unsigned int\000"
 1065      206C6F6E 
 1065      6720756E 
 1065      7369676E 
 1065      65642069 
 1066              	.LASF13:
ARM GAS  C:\Users\JEFFSN~1\AppData\Local\Temp\ccq9DQTc.s 			page 39


 1067 018e 72656738 		.ascii	"reg8\000"
 1067      00
 1068              	.LASF15:
 1069 0193 73697A65 		.ascii	"sizetype\000"
 1069      74797065 
 1069      00
 1070              	.LASF6:
 1071 019c 6C6F6E67 		.ascii	"long long int\000"
 1071      206C6F6E 
 1071      6720696E 
 1071      7400
 1072              	.LASF18:
 1073 01aa 4144435F 		.ascii	"ADC_1_BACKUP_STRUCT\000"
 1073      315F4241 
 1073      434B5550 
 1073      5F535452 
 1073      55435400 
 1074              	.LASF11:
 1075 01be 63686172 		.ascii	"char\000"
 1075      00
 1076              	.LASF27:
 1077 01c3 433A5C55 		.ascii	"C:\\Users\\JeffSnyder\\dev\\Electrobass_embedded\\P"
 1077      73657273 
 1077      5C4A6566 
 1077      66536E79 
 1077      6465725C 
 1078 01f1 534F4335 		.ascii	"SOC5_electrobass_stringsensors\\CE210514_PSOC3_5_Th"
 1078      5F656C65 
 1078      6374726F 
 1078      62617373 
 1078      5F737472 
 1079 0223 65726D69 		.ascii	"ermistor.cydsn\000"
 1079      73746F72 
 1079      2E637964 
 1079      736E00
 1080              	.LASF2:
 1081 0232 73686F72 		.ascii	"short int\000"
 1081      7420696E 
 1081      7400
 1082              	.LASF4:
 1083 023c 6C6F6E67 		.ascii	"long int\000"
 1083      20696E74 
 1083      00
 1084              	.LASF16:
 1085 0245 656E6162 		.ascii	"enableState\000"
 1085      6C655374 
 1085      61746500 
 1086              	.LASF14:
 1087 0251 6C6F6E67 		.ascii	"long double\000"
 1087      20646F75 
 1087      626C6500 
 1088              	.LASF0:
 1089 025d 7369676E 		.ascii	"signed char\000"
 1089      65642063 
 1089      68617200 
 1090              	.LASF29:
 1091 0269 4144435F 		.ascii	"ADC_1_backup\000"
ARM GAS  C:\Users\JEFFSN~1\AppData\Local\Temp\ccq9DQTc.s 			page 40


 1091      315F6261 
 1091      636B7570 
 1091      00
 1092              	.LASF20:
 1093 0276 4144435F 		.ascii	"ADC_1_RestoreConfig\000"
 1093      315F5265 
 1093      73746F72 
 1093      65436F6E 
 1093      66696700 
 1094              		.comm	__gnu_lto_v1,1,1
 1095              		.ident	"GCC: (GNU Tools for ARM Embedded Processors) 5.4.1 20160609 (release) [ARM/embedded-5-bran
