ARM GAS  C:\Users\JEFFSN~1\AppData\Local\Temp\ccEkB5KW.s 			page 1


   1              		.syntax unified
   2              		.cpu cortex-m3
   3              		.fpu softvfp
   4              		.eabi_attribute 20, 1
   5              		.eabi_attribute 21, 1
   6              		.eabi_attribute 23, 3
   7              		.eabi_attribute 24, 1
   8              		.eabi_attribute 25, 1
   9              		.eabi_attribute 26, 1
  10              		.eabi_attribute 30, 1
  11              		.eabi_attribute 34, 1
  12              		.eabi_attribute 18, 4
  13              		.thumb
  14              		.syntax unified
  15              		.file	"ADC_SAR_Seq_1_PM.c"
  16              		.text
  17              	.Ltext0:
  18              		.section	.gnu.lto_.profile.c7d754ab,"",%progbits
  19 0000 789C6361 		.ascii	"x\234ca`d`a`\000\222y\002\000\001V\000\211"
  19      60646061 
  19      60009279 
  19      02000156 
  19      0089
  20              		.text
  21              		.section	.gnu.lto_.inline.c7d754ab,"",%progbits
  22 0000 789C6361 		.ascii	"x\234ca`d\000\201z\006\004`a``\327bd`\0022\331\026\310"
  22      60640081 
  22      7A060460 
  22      616060D7 
  22      62646002 
  23 0018 83280646 		.ascii	"\203(\006F.,\004\003\367\001 \301\304t\201\037\213:"
  23      2E2C0403 
  23      F70120C1 
  23      C474811F 
  23      8B3A
  24 002a 266E900A 		.ascii	"&n\220\0124-L\014\314L\250\0063c\2100\000\000\274\375"
  24      342D4C0C 
  24      CC4CA806 
  24      33638830 
  24      0000BCFD 
  25 003e 060F     		.ascii	"\006\017"
  26              		.text
  27              		.section	.gnu.lto_.jmpfuncs.c7d754ab,"",%progbits
  28 0000 789C6361 		.ascii	"x\234ca`d\000\001\011\006\004`\201\322\2140\001&\006"
  28      60640001 
  28      09060460 
  28      81D28C30 
  28      012606
  29 0013 06662005 		.ascii	"\006f \005\000\004\360\000("
  29      0004F000 
  29      28
  30              		.text
  31              		.section	.gnu.lto_.pureconst.c7d754ab,"",%progbits
  32 0000 789C6361 		.ascii	"x\234ca`d\340d```a\220`\224bb`f\000\000\002;\000K"
  32      6064E064 
  32      60606061 
  32      90609462 
ARM GAS  C:\Users\JEFFSN~1\AppData\Local\Temp\ccEkB5KW.s 			page 2


  32      62606600 
  33              		.text
  34              		.section	.gnu.lto_ADC_SAR_Seq_1_Sleep.c7d754ab,"",%progbits
  35 0000 789C6361 		.ascii	"x\234ca`d\000\001- \245\003\244\245\201\230\221\231"
  35      60640001 
  35      2D20A503 
  35      A4A58198 
  35      9199
  36 0012 819169C2 		.ascii	"\201\221i\3029\006\206F\016&FF\020\243\201\203\221\241"
  36      39068646 
  36      0E264646 
  36      10A38183 
  36      91A1
  37 0024 9E89B19E 		.ascii	"\236\211\261\236\361+\323_&\306C\355\317v2i.o\000\202"
  37      F12BD35F 
  37      26C643ED 
  37      CF763269 
  37      2E6F0082 
  38 0038 0747A733 		.ascii	"\007G\24737\2548\300\330\312\314\300\360\237\011l\022"
  38      37AC38C0 
  38      D8CACCC0 
  38      F09F096C 
  38      12
  39 0049 03E37246 		.ascii	"\003\343rFM\006\240\262G\033\377M\345ek\001)S\200H2"
  39      4D06A0B2 
  39      471BFF4D 
  39      E5656B01 
  39      29538048 
  40 005e AE606403 		.ascii	"\256`d\003Y\267>\350@\303\377\377\315\015\007\366\263"
  40      59B73EE8 
  40      40C3FFFF 
  40      CD0D07F6 
  40      B3
  41 006f EE656663 		.ascii	"\356efc`\370\000\224\004Y\363\221\211\011D3\277`l>p"
  41      60F80094 
  41      0459F391 
  41      89094433 
  41      BF606C3E 
  42 0084 5114A41A 		.ascii	"Q\024\244\032d\316\316\235on\263\327\377m\350hh\020"
  42      64CECE9D 
  42      6F6EB3D7 
  42      FF6DE868 
  42      6810
  43 0096 686566FC 		.ascii	"hef\374\317\0044\202q%c=C+3\023\003H\351%F\234J\201"
  43      CF043482 
  43      7125633D 
  43      432B3313 
  43      0348E925 
  44 00ae 0633AE42 		.ascii	"\0063\256BRz\005\267R\240\017\030W#)\275\235\212S)\013"
  44      527A05B7 
  44      52A00F18 
  44      572329BD 
  44      9D8A5329 
  45 00c3 50E91AA8 		.ascii	"P\351\032\250\322W\214M\007\356\263\202\225\202\300"
  45      D2578C4D 
  45      07EEB382 
  45      9582C0
ARM GAS  C:\Users\JEFFSN~1\AppData\Local\Temp\ccEkB5KW.s 			page 3


  46 00d2 07A0EB80 		.ascii	"\007\240\353\200^\000\332\253\345\236\232\227Z\224X"
  46      5E00DAAB 
  46      E59E9A97 
  46      5A9458
  47 00e1 929A121F 		.ascii	"\222\232\022\037\234_Z\224\234\032\023\020\234\357l"
  47      9C5F5A94 
  47      9C1A1310 
  47      9CEF6C
  48 00f0 1AE3E8E2 		.ascii	"\032\343\350\342\034\037\354\030\024\037\234Z\030o\030"
  48      1C1FEC18 
  48      141F9C5A 
  48      186F18
  49 00ff 1FE0AB97 		.ascii	"\037\340\253\227\314\000\000>\317xo"
  49      CC00003E 
  49      CF786F
  50              		.text
  51              		.section	.gnu.lto_ADC_SAR_Seq_1_Wakeup.c7d754ab,"",%progbits
  52 0000 789C7D91 		.ascii	"x\234}\221\317K\002A\024\307\347\315\254\353*\005\335"
  52      CF4B0241 
  52      14C7E7CD 
  52      ACEB2A05 
  52      DD
  53 0011 F3D0D588 		.ascii	"\363\320\325\210\250C\177\200\030x\012\304\275\012K"
  53      A8437F80 
  53      18780AC4 
  53      BD0A4B
  54 0020 D85E93A4 		.ascii	"\330^\223\244\316;\246K\342\251C\006A\"\235\264\262"
  54      CE3BA64B 
  54      E2A94306 
  54      41229DB4 
  54      B2
  55 0031 CC6EDE36 		.ascii	"\314n\3366\013\351\222\021u\363\022B&\021d\364\343\020"
  55      0BE99211 
  55      75F31242 
  55      261164F4 
  55      E310
  56 0043 D8F64623 		.ascii	"\330\366F#\274\330\203\341\315\217\317\367}\337\314"
  56      BCD883E1 
  56      CD8FCFF7 
  56      7DDFCC
  57 0052 48048888 		.ascii	"H\004\210\210\027LS\230\307q\000#@7\353\204\304\025"
  57      174C5398 
  57      C7710023 
  57      4037EB84 
  57      C415
  58 0064 0A20265C 		.ascii	"\012 &\\\001bP0\340\203v)T7Z\025\352\315s\214\373\207"
  58      01625030 
  58      E0837629 
  58      54375A15 
  58      EACD738C 
  59 007a C7195EB0 		.ascii	"\307\031^\260\300d\204\330\264W\211@\036\274\004\261"
  59      C06484D8 
  59      B4578940 
  59      1EBC04B1 
  60 008a 66F93B33 		.ascii	"f\371;3*'\0056\321?\204\002\310\302\256\024\262\270"
  60      2A270536 
  60      D13F8402 
ARM GAS  C:\Users\JEFFSN~1\AppData\Local\Temp\ccEkB5KW.s 			page 4


  60      C8C2AE14 
  60      B2B8
  61 009c 6D27B875 		.ascii	"m'\270u#\237m9]\0121\031nw\020\021f\257\224\212\314"
  61      239F6D39 
  61      5D0A3119 
  61      6E771011 
  61      66AF948A 
  62 00b1 DA90B06E 		.ascii	"\332\220\260nkT\210D\271J\345\271\3414\272<\305\371"
  62      6B548844 
  62      B94AE5B9 
  62      E134BA3C 
  62      C5F9
  63 00c3 98C9A84D 		.ascii	"\230\311\250MQ\002\373`\240\230\021\301\336\311CQ\254"
  63      5102FB60 
  63      A09811C1 
  63      DEC94351 
  63      AC
  64 00d4 0C070368 		.ascii	"\014\007\003h\24362\224\305\233\300\341\037\233\264"
  64      A3363294 
  64      C59BC0E1 
  64      1F9BB4
  65 00e3 DE86B520 		.ascii	"\336\206\265 \331TB\266\210,\236]\355\025\353\362;5"
  65      D95442B6 
  65      882C9E5D 
  65      ED15EBF2 
  65      3B35
  66 00f5 9903DC70 		.ascii	"\231\003\334p\004\036\223\311=\253\317\341]9P}<\320"
  66      041E93C9 
  66      3DABCFE1 
  66      5D39507D 
  66      3CD0
  67 0107 55F79FAE 		.ascii	"U\367\237\256ddK\277l\013\252_\351\372\256[\300\011"
  67      64644BBF 
  67      6C0BAA5F 
  67      E9FAAE5B 
  67      C009
  68 0119 A620BE6D 		.ascii	"\246 \276mV\257\235\302\334\011B}\336\276H\273\373\313"
  68      56AF9DC2 
  68      DC09427D 
  68      DEBE48BB 
  68      FBCB
  69 012b E6659C4B 		.ascii	"\346e\234K\270\225\335\261R\256\034d\343I\374+\005\312"
  69      B895DDB1 
  69      52AE1C64 
  69      E349FC2B 
  69      05CA
  70 013d E08113F0 		.ascii	"\340\201\023\360`\321S\310\001y\202u+\023\350\231\213"
  70      60D153C8 
  70      01798275 
  70      2B13E899 
  70      8B
  71 014e E8E0DBE2 		.ascii	"\350\340\333\342\017\340\253M\006\364e=\266\270\252"
  71      0FE0AB4D 
  71      06F4653D 
  71      B6B8AA
  72 015d 2F696A74 		.ascii	"/ijt-\026\321\303A5\352\237\013\373\346\375\232\352"
  72      2D16D1C3 
ARM GAS  C:\Users\JEFFSN~1\AppData\Local\Temp\ccEkB5KW.s 			page 5


  72      4135EA9F 
  72      0BFBE6FD 
  72      9AEA
  73 016f 0B69AABE 		.ascii	"\013i\252\276\242\315j\301\205\351\010\371\001\"\336"
  73      A2CD6AC1 
  73      85E908F9 
  73      0122DE
  74 017e BECC     		.ascii	"\276\314"
  75              		.text
  76              		.section	.gnu.lto_ADC_SAR_Seq_1_SaveConfig.c7d754ab,"",%progbits
  77 0000 789C6361 		.ascii	"x\234ca`d\000\201\032 \326\001bi fdf`d\232p\216\201"
  77      60640081 
  77      1A20D601 
  77      62692066 
  77      64666064 
  78 0018 A1918389 		.ascii	"\241\221\203\211\221\021\304h\340`d\250gb\254g\374\312"
  78      9111C468 
  78      E06064A8 
  78      6762AC67 
  78      FCCA
  79 002a F49789F1 		.ascii	"\364\227\211\361P\373\263\235L\232\313\033\200\340\301"
  79      50FBB39D 
  79      4C9ACB1B 
  79      80E0C1
  80 0039 D27F060D 		.ascii	"\322\177\006\015+\0160\266230\374g\002\233\304\300\270"
  80      2B0E30B6 
  80      323330FC 
  80      67029BC4 
  80      C0B8
  81 004b 9C519301 		.ascii	"\234Q\223\001\250\354\321\306\177Sy\331Z@\312\024 \222"
  81      A8ECD1C6 
  81      7F5379D9 
  81      5A40CA14 
  81      2092
  82 005d 8C2B18D9 		.ascii	"\214+\030\331@\326\255\017:\320\360\377\177s\303\201"
  82      40D6AD0F 
  82      3AD0F0FF 
  82      7F73C381 
  83 006d AFEC077F 		.ascii	"\257\354\007\177\260\003e>\0001\310\236\217LL \232\371"
  83      B003653E 
  83      0031C89E 
  83      8F4C4C20 
  83      9AF9
  84 007f 15231348 		.ascii	"\025#\023H-\330\270\017L\214 1\240\012-\367\324\274"
  84      2DD8B80F 
  84      4C8C2031 
  84      A00A2DF7 
  84      D4BC
  85 0091 D4A2C492 		.ascii	"\324\242\304\222\324\224\370\340\374\322\242\344\324"
  85      D494F8E0 
  85      FCD2A2E4 
  85      D4
  86 009e 9880E07C 		.ascii	"\230\200\340|g\323\030G\027\347\370`\307\240\370\340"
  86      67D31847 
  86      17E7F860 
  86      C7A0F8E0 
  87 00ae D4C278C3 		.ascii	"\324\302x\303\370\000_\275d\006\000v\340<\256"
ARM GAS  C:\Users\JEFFSN~1\AppData\Local\Temp\ccEkB5KW.s 			page 6


  87      F8005FBD 
  87      64060076 
  87      E03CAE
  88              		.text
  89              		.section	.gnu.lto_ADC_SAR_Seq_1_RestoreConfig.c7d754ab,"",%progbits
  90 0000 789C6361 		.ascii	"x\234ca`d\000\201\032 \326\001bi fdf`d\232p\216\201"
  90      60640081 
  90      1A20D601 
  90      62692066 
  90      64666064 
  91 0018 A1918389 		.ascii	"\241\221\203\211\221\021\304h\340`d\250gb\254g\374\312"
  91      9111C468 
  91      E06064A8 
  91      6762AC67 
  91      FCCA
  92 002a F49789F1 		.ascii	"\364\227\211\361P\373\263\235L\232\313\033\200\340\301"
  92      50FBB39D 
  92      4C9ACB1B 
  92      80E0C1
  93 0039 D355860D 		.ascii	"\323U\206\015+\0160\266230\374g\002\233\304\300\270"
  93      2B0E30B6 
  93      323330FC 
  93      67029BC4 
  93      C0B8
  94 004b 9C519301 		.ascii	"\234Q\223\001\250\354\321\306\177Sy\331Z@\312\024 \222"
  94      A8ECD1C6 
  94      7F5379D9 
  94      5A40CA14 
  94      2092
  95 005d 8C2B18D9 		.ascii	"\214+\030\331@\326\255\017:\320\360\377\177s\303\201"
  95      40D6AD0F 
  95      3AD0F0FF 
  95      7F73C381 
  96 006d 9B5C07EF 		.ascii	"\233\\\007\357p\001e>\0001\310\236\217LL \232\371\025"
  96      7001653E 
  96      0031C89E 
  96      8F4C4C20 
  96      9AF915
  97 0080 2313482D 		.ascii	"#\023H-\330\270\017L\214 1\240\012-\367\324\274\324"
  97      D8B80F4C 
  97      8C2031A0 
  97      0A2DF7D4 
  97      BCD4
  98 0092 A2C492D4 		.ascii	"\242\304\222\324\224\370\340\374\322\242\344\324\230"
  98      94F8E0FC 
  98      D2A2E4D4 
  98      98
  99 009f 80E07C67 		.ascii	"\200\340|g\323\030G\027\347\370`\307\240\370\340\324"
  99      D3184717 
  99      E7F860C7 
  99      A0F8E0D4 
 100 00af C278C3F8 		.ascii	"\302x\303\370\000_\275d\006\000Z\340<i"
 100      005FBD64 
 100      06005AE0 
 100      3C69
 101              		.text
 102              		.section	.gnu.lto_.symbol_nodes.c7d754ab,"",%progbits
ARM GAS  C:\Users\JEFFSN~1\AppData\Local\Temp\ccEkB5KW.s 			page 7


 103 0000 789C55C9 		.ascii	"x\234U\311\273\021\3020\024D\321}\222\254\257\325\003"
 103      BB11C230 
 103      1444D17D 
 103      92ACAFD5 
 103      03
 104 0011 34417BAB 		.ascii	"4A{\253\200\002(\302\021u8\246\006\230\241\016\006Y"
 104      800228C2 
 104      117538A6 
 104      0698A10E 
 104      0659
 105 0023 22E04577 		.ascii	"\"\340Ew\316\256\203\340\"\000\014\010\334\0368ro\347"
 105      CEAE83E0 
 105      22000C08 
 105      DC1E3872 
 105      6FE7
 106 0035 3E08450F 		.ascii	">\010E\017\206F\017\226V\015\022\350\306\000\264v\352"
 106      86460F96 
 106      560D12E8 
 106      C600B476 
 106      EA
 107 0046 F65C9417 		.ascii	"\366\\\224\027ze\307\240\\\031\225W&\345\302\254\234"
 107      7A65C7A0 
 107      5C199557 
 107      26E5C2AC 
 107      9C
 108 0057 59941357 		.ascii	"Y\224\023W\345\310\372o\213\200\355\371\021\013\217"
 108      E5C8FA6F 
 108      8B80EDF9 
 108      110B8F
 109 0066 7D74C17B 		.ascii	"}t\301{\324\341\372\352\225:\177Y\347/e\376\222\177"
 109      D4E1FAEA 
 109      953A7F59 
 109      E72F65FE 
 109      927F
 110 0078 7FC2361A 		.ascii	"\177\3026\032\261\367\342\013\201\021G\276"
 110      B1F7E20B 
 110      811147BE 
 111              		.text
 112              		.section	.gnu.lto_.refs.c7d754ab,"",%progbits
 113 0000 789C6361 		.ascii	"x\234ca`\004B \000\000\0009\000\007"
 113      60044220 
 113      00000039 
 113      0007
 114              		.text
 115              		.section	.gnu.lto_.decls.c7d754ab,"",%progbits
 116 0000 789C8D94 		.ascii	"x\234\215\224{PTU\034\307\357\357\336\205\205e\301\306"
 116      7B505455 
 116      1CC7EFEF 
 116      DE858565 
 116      C1C6
 117 0012 CC9869A7 		.ascii	"\314\230i\247\310?\224\251\206\244\327\370g\316\232"
 117      C83F94A9 
 117      86A4D7F8 
 117      67CE9A
 118 0021 5A438D23 		.ascii	"ZC\215#\2435\2153;H7c$ X,\376\273\012\006C3\011\241"
 118      A3358D33 
 118      3B483763 
ARM GAS  C:\Users\JEFFSN~1\AppData\Local\Temp\ccEkB5KW.s 			page 8


 118      2420582C 
 118      FEBB0A06 
 119 0039 120F0DCA 		.ascii	"\022\017\015\312\022\025a\205UVEY\025A\336,$\362\006"
 119      12156185 
 119      55564559 
 119      1541DE2C 
 119      24F206
 120 004c A3A6E131 		.ascii	"\243\246\3411\016\222\346+\335~\347q\367.\3332qf~\354"
 120      0E92E62B 
 120      DD7EE771 
 120      F72EDB32 
 120      71667EEC 
 121 0060 79FC3EDF 		.ascii	"y\374>\337\363\275\347\374\016:\001\004\322r\365\202"
 121      F3BDE7FC 
 121      0E3A0104 
 121      D272F582 
 122 0070 F0B12808 		.ascii	"\360\261(\01018tc\013\300\271\255\202\326\3020NbTc\234"
 122      31387463 
 122      0BC0B9AD 
 122      82D6C230 
 122      4E625463 
 123 0085 C2A8C538 		.ascii	"\302\250\3058\215Q\207q\026\343<\306\005\214\006\214"
 123      8D518771 
 123      16E33CC6 
 123      058C068C 
 124 0095 568C768C 		.ascii	"V\214v\214N\214n\341\277\215\350H\\\337\205Q\311\347"
 124      4E8C6EE1 
 124      BF8DE848 
 124      5CDF8551 
 124      C9E7
 125 00a7 03F8DA79 		.ascii	"\003\370\332y\256Y\307\367\360m\304C0\347M^\032=\030"
 125      AE59C7F7 
 125      F06DC443 
 125      30E74D5E 
 125      1A3D18
 126 00ba 4D182D18 		.ascii	"M\030-\030#\030\303<_\317\231n\356\251\235{l\340\236"
 126      2318C33C 
 126      5FCF996E 
 126      EEA99D7B 
 126      6CE09E
 127 00cd 7D1BF93E 		.ascii	"}\033\371>\360\372~\340s\276\255\326O^\255\237\274\307"
 127      F0FA7EE0 
 127      73BEADD6 
 127      4F5EAD9F 
 127      BCC7
 128 00df 22945E3A 		.ascii	"\"\224^:|%`\010\006\000\004\240M\340\347.\220\031\376"
 128      7C256008 
 128      060004A0 
 128      4DE0E72E 
 128      9019FE
 129 00f2 4B3AC006 		.ascii	"K:\300\006\242\252\007j\222\272\005M\007A\244\371\236"
 129      A2AA076A 
 129      92BA054D 
 129      0741A4F9 
 129      9E
 130 0103 7935CFB3 		.ascii	"y5\317\263\247[m\332\024x\232\232\011\363E\211\2526"
 130      A75B6DDA 
ARM GAS  C:\Users\JEFFSN~1\AppData\Local\Temp\ccEkB5KW.s 			page 9


 130      14789A9A 
 130      09F34589 
 130      AA36
 131 0115 C4B1A801 		.ascii	"\304\261\250\001^z\334=\337\037\274\267\245\322\222"
 131      5E7ADC3D 
 131      DF1FBCB7 
 131      A5D292
 132 0124 FAD18333 		.ascii	"\372\321\2033\366\217$\224\304\356\330\203\212\365Q"
 132      F68F2494 
 132      C4EED883 
 132      8AF551
 133 0133 950AB63C 		.ascii	"\225\012\266<E\021\243\264\203qe\331J\245;\",5\200\016"
 133      4511A3B4 
 133      837165D9 
 133      4AA53B22 
 133      2C35800E 
 134 0147 87B73B8A 		.ascii	"\207\267;\212'\302p\270\314\000\0218|\334RR,\206\037"
 134      27C270B8 
 134      CC001138 
 134      7CDC5252 
 134      2C861F
 135 015a A45CA612 		.ascii	"\244\\\246\022\241\203\255\313\341\004\230\3408\340"
 135      A183ADCB 
 135      E10498E0 
 135      38E0
 136 0168 BD432584 		.ascii	"\275C%\204\343\337\355:\246\244T?8\012+\312\2242\233"
 136      E3DFED3A 
 136      A6A4543F 
 136      380A2BCA 
 136      94329B
 137 017b 32EEBEFF 		.ascii	"2\356\276\377Z\221\342\314BL$YP\001\022\034\003\262"
 137      5A91E2CC 
 137      424C2459 
 137      5001121C 
 137      03B2
 138 018d 2DE9929F 		.ascii	"-\351\222\237\2430\204\336O\302\012$'\367\177\367g\260"
 138      A33084DE 
 138      4FC20A24 
 138      27F77FF7 
 138      67B0
 139 019f F41E357A 		.ascii	"\364\0365z\267\260\261,\214\2518/6\031\225\274\335\212"
 139      B7B0B12C 
 139      8CA9382F 
 139      361995BC 
 139      DD8A
 140 01b1 F236D5A8 		.ascii	"\3626\325\250\3224\252\2745\252\251\306\255\251\277"
 140      D234AABC 
 140      35AAA9C6 
 140      ADA9BF
 141 01c0 C7F49285 		.ascii	"\307\364\222\205j<\264?\372\303\210\0326\324\230k\366"
 141      6A3CB43F 
 141      FAC3881A 
 141      36D4986B 
 141      F6
 142 01d1 D6B0691A 		.ascii	"\326\260i\0326o\215ST\3039x\374\016H_Q\215\321\374\234"
 142      366F8D53 
 142      54C33978 
ARM GAS  C:\Users\JEFFSN~1\AppData\Local\Temp\ccEkB5KW.s 			page 10


 142      FC0E485F 
 142      518DD1FC 
 143 01e6 C650AED1 		.ascii	"\306P\256\321\327\352\255Q\243i\324xk\324R\215k\256"
 143      D7EAAD51 
 143      A369D478 
 143      6BD4528D 
 143      6BAE
 144 01f8 966C9DB4 		.ascii	"\226l\235\264\037\250H\307\223\177r\202Pd\\Q\306\273"
 144      1FA848C7 
 144      937F7282 
 144      50645C51 
 144      C6BB
 145 020a BF79A548 		.ascii	"\277y\245H\271\254\243\022vM\302\016\354\272\3404\305"
 145      B9ACA312 
 145      764DC20E 
 145      ECBAE034 
 145      C5
 146 021b FBF7CCF5 		.ascii	"\373\367\314\365\204I7\031\356(\273~J\317\361\321}o"
 146      84493719 
 146      EE28BB7E 
 146      4ACFF1D1 
 146      7D6F
 147 022d 78F0331A 		.ascii	"x\3603\032~F\305\353(^T7Y!J?\260;\357j((\017T\361\202"
 147      7E46C5EB 
 147      285E5437 
 147      59214A3F 
 147      B03BEF6A 
 148 0247 98FCCCB2 		.ascii	"\230\374\314\262\215\024wh\270C\305\317R||\3165\034"
 148      8D147768 
 148      B843C5CF 
 148      527C7CCE 
 148      351C
 149 0259 244D307C 		.ascii	"$M0|\304\341r\032\031\356\034\224\263\202){Nc\317\251"
 149      C4E1721A 
 149      19EE1C94 
 149      B382297B 
 149      4E63CFA9 
 150 026d EC79CA5E 		.ascii	"\354y\312^\276\3229\253\227\0362\326\326y\333\005\234"
 150      BED239AB 
 150      971E32D6 
 150      D679DB05 
 150      9C
 151 027e EDFD36D4 		.ascii	"\355\3756\324\343\274^\303\353U\374\002\305\247\316"
 151      E3BC5EC3 
 151      EB55FC02 
 151      C5A7CE
 152 028d B99C0152 		.ascii	"\271\234\001R\221D\361\311\302\351\336P\356|\254\353"
 152      9144F1C9 
 152      C2E9DE50 
 152      EE7CACEB 
 153 029d D583AAF3 		.ascii	"\325\203\252\363\213\032~Q\305\033(^5Xg\017\221\252"
 153      8B1A7E51 
 153      C51B285E 
 153      3558670F 
 153      91AA
 154 02af 18FEF3C3 		.ascii	"\030\376\363\303G\263\244\246W\032\300\355\226p\242"
 154      47B3A4A6 
ARM GAS  C:\Users\JEFFSN~1\AppData\Local\Temp\ccEkB5KW.s 			page 11


 154      571AC0ED 
 154      9670A2
 155 02be 7AE6EC83 		.ascii	"z\346\354\203P6A\326+\312\233j\015\222\203%_u\337s."
 155      503641D6 
 155      2BCA9B6A 
 155      0D928325 
 155      5F75DF73 
 156 02d3 610F40C4 		.ascii	"a\017@\304a\317l\373\241\020\366\000\236z,\212\267\354"
 156      61CF6CFB 
 156      A110F600 
 156      9E7A2C8A 
 156      B7EC
 157 02e5 CDFDA160 		.ascii	"\315\375\241`\210\314Q\224=\212\222\251\030\"\005\270"
 157      88CC5194 
 157      3D8A92A9 
 157      182205B8 
 158 02f5 8A0FA011 		.ascii	"\212\017\240\021\037\0004C$\221$\216\3402N^\302\311"
 158      1F003443 
 158      2491248E 
 158      E0324E5E 
 158      C2C9
 159 0307 5FC85B19 		.ascii	"_\310[\031w\227|^\230M\212\277\011\014pEs\275\322\300"
 159      77977C5E 
 159      984D8ABF 
 159      090C7045 
 159      73BDD2C0 
 160 031b DECAF73F 		.ascii	"\336\312\367?\355\213\324\341\377\030\272\216\017\010"
 160      ED8BD4E1 
 160      FF18BA8E 
 160      0F08
 161 0329 A70E8DDA 		.ascii	"\247\016\215\332\214\013\276\264\026\372\322\256\001"
 161      8C0BBEB4 
 161      16FAD2AE 
 161      01
 162 0336 7F6AF6E6 		.ascii	"\177j\366\346\312>\2650\012\306\276\274Y\243\340\365"
 162      CA3EB530 
 162      0AC6BEBC 
 162      59A3E0F5 
 163 0346 600E38B5 		.ascii	"`\0168\265\255\234\352\001\265\262\312h\373zf\211\264"
 163      AD9CEA01 
 163      B5B2CA68 
 163      FB7A6689 
 163      B4
 164 0357 5BC70EE8 		.ascii	"[\307\016\350\336]\207\247.\333Vy\256\247M\303\333T"
 164      DE5D87A7 
 164      2EDB5679 
 164      AEA74DC3 
 164      DB54
 165 0369 BC9DE2CA 		.ascii	"\274\235\342\312\276#\365\006\3510\303/\0257\344\212"
 165      BE23F506 
 165      E930C32F 
 165      1537E48A 
 166 0379 9EC25AEF 		.ascii	"\236\302Z\357)\254\016\015\357P\361N\212\327;\032\367"
 166      29AC0E0D 
 166      EF50F14E 
 166      8AD73B1A 
 166      F7
ARM GAS  C:\Users\JEFFSN~1\AppData\Local\Temp\ccEkB5KW.s 			page 12


 167 038a 4A521DC3 		.ascii	"JR\035\303\263s\313K\325\342\250i2:\363\200\322]\032"
 167      B373CB4B 
 167      D5E2A869 
 167      323AF380 
 167      D25D1A
 168 039d DDA5D2DD 		.ascii	"\335\245\322\335\224.\036(m\0132\346\222+\300\263Y\312"
 168      942E1E28 
 168      6D0B32E6 
 168      922BC0B3 
 168      59CA
 169 03af 36D30EC7 		.ascii	"6\323\016\307\005F\025\304.\346\237\310,\273\026\352"
 169      054615C4 
 169      2EE69FC8 
 169      2CBB16EA 
 170 03bf 9DDF322F 		.ascii	"\235\3372/\277\007\214T\274\207&W\357\375\375X\020^"
 170      BF078C54 
 170      BC872657 
 170      EFFDFD58 
 170      105E
 171 03d1 B8098B05 		.ascii	"\270\011\213\005\274j\305\304j\245(\177\342I\210\324"
 171      BC6AC5C4 
 171      6AA5287F 
 171      E24988D4 
 172 03e1 4D9D8BBD 		.ascii	"M\235\213\275\023'&u\020i\340\227<\224\310.\371\006"
 172      13272675 
 172      1069E097 
 172      3C94C82E 
 172      F906
 173 03f3 5EE275CD 		.ascii	"^\342u\315\275\211\\2-\230\331\037\225\300p\001^7\301"
 173      BD895C32 
 173      2D98D91F 
 173      95C07001 
 173      5E37C1
 174 0406 6A2C973E 		.ascii	"j,\227>,\027\023/\227_\321M/\272\301\035\356d\375\325"
 174      2C17132F 
 174      975FD14D 
 174      2FBAC11D 
 174      EE64FDD5 
 175 041a 1768C821 		.ascii	"\027h\310!\325\265\250\374\216\311r\267^\352c\216j\017"
 175      D5B5A8FC 
 175      8EC972B7 
 175      5EEA638E 
 175      6A0F
 176 042c 141DD0B3 		.ascii	"\024\035\320\263\372\364\305\207\374\340\324\270\363"
 176      FAF4C587 
 176      FCE0D4B8 
 176      F3
 177 0439 C6D446FC 		.ascii	"\306\324F\374\327\0140\210\276\0074\337\375\300\253"
 177      D70C3088 
 177      BE0734DF 
 177      FDC0AB
 178 0448 B3BC64FA 		.ascii	"\263\274d\372\267\020\325Q\336\377H\222\013\275?=\000"
 178      B710D551 
 178      DEFF4892 
 178      0BBD3F3D 
 178      00
 179 0459 DEE73D8C 		.ascii	"\336\347=\214\302\332y\217\360\363&\277O\257]g\266\304"
ARM GAS  C:\Users\JEFFSN~1\AppData\Local\Temp\ccEkB5KW.s 			page 13


 179      C2DA798F 
 179      F0F326BF 
 179      4FAF5D67 
 179      B6C4
 180 046b AEDD6C89 		.ascii	"\256\335l\211\225\277\260D[b\023e9%h\303\007[\"\314"
 180      95BFB044 
 180      5B621365 
 180      392568C3 
 180      075B22CC 
 181 047f D1D1C24B 		.ascii	"\321\321\302K\033\344$95\316*\177b\211MNO\215\227\267"
 181      1BE42439 
 181      35CE2A7F 
 181      62894D4E 
 181      4F8D97B7 
 182 0493 6D8A4D36 		.ascii	"m\212M6\277\271m>\263\351\375\250xa\331\374\271\017"
 182      BFB96D3E 
 182      B3E9FDA8 
 182      7861D9FC 
 182      B90F
 183 04a5 E376CAE9 		.ascii	"\343v\312\351)\341>\342q\273dsr\322\247\011;\236\233"
 183      29E13EE2 
 183      71BB6473 
 183      72D2A709 
 183      3B9E9B
 184 04b8 BFB0594E 		.ascii	"\277\260YN\263&\247\372_{7\311jNL\216\337i\211\265&"
 184      B326A7FA 
 184      5F7B37C9 
 184      6A4E4C8E 
 184      DF6989B5 
 185 04cd A7AC5E94 		.ascii	"\247\254^\224!\025\211\372Lxf\376\312\272\204\264\270"
 185      211589FA 
 185      4C7866FE 
 185      CABA84B4 
 185      B8
 186 04de ED89F2AA 		.ascii	"\355\211\362\252\305\310 \375\254\217\177\322#\007\364"
 186      C5C820FD 
 186      AC8F7FD2 
 186      2307F4
 187 04ed F2A26C60 		.ascii	"\362\242l`\0175\226\373\321\300/y\336\337t\\\252\025"
 187      0F3596FB 
 187      D1C02F79 
 187      DEDF745C 
 187      AA15
 188 04ff CF60979C 		.ascii	"\317`\227\234j\3659\316w\222\210\355`s\306:91.cKZ`z"
 188      6AF539CE 
 188      779288ED 
 188      6073C63A 
 188      39312E63 
 189 0517 429235FA 		.ascii	"B\2225\372\255\027\027\360\021\237a\315H\221\323p\367"
 189      AD1717F0 
 189      119F61CD 
 189      4891D370 
 189      F7
 190 0528 1716C830 		.ascii	"\027\026\3100g\304$l\307u\323\202\207\215^|\257\017"
 190      67C4246C 
 190      C775D382 
 190      878D5E7C 
ARM GAS  C:\Users\JEFFSN~1\AppData\Local\Temp\ccEkB5KW.s 			page 14


 190      AF0F
 191 053a 7BCC889F 		.ascii	"{\314\210\237\005v\341\001\304\327\032]\252\274c\315"
 191      0576E101 
 191      C4D71A5D 
 191      AABC63CD 
 192 054a BFB68A17 		.ascii	"\277\266\212\027;"
 192      3B
 193              		.text
 194              		.section	.gnu.lto_.symtab.c7d754ab,"",%progbits
 195 0000 4144435F 		.ascii	"ADC_SAR_Seq_1_Sleep\000"
 195      5341525F 
 195      5365715F 
 195      315F536C 
 195      65657000 
 196 0014 00       		.ascii	"\000"
 197 0015 00       		.ascii	"\000"
 198 0016 00       		.ascii	"\000"
 199 0017 00000000 		.ascii	"\000\000\000\000\000\000\000\000"
 199      00000000 
 200 001f AD000000 		.ascii	"\255\000\000\000"
 201 0023 4144435F 		.ascii	"ADC_SAR_Seq_1_Wakeup\000"
 201      5341525F 
 201      5365715F 
 201      315F5761 
 201      6B657570 
 202 0038 00       		.ascii	"\000"
 203 0039 00       		.ascii	"\000"
 204 003a 00       		.ascii	"\000"
 205 003b 00000000 		.ascii	"\000\000\000\000\000\000\000\000"
 205      00000000 
 206 0043 AF000000 		.ascii	"\257\000\000\000"
 207 0047 4144435F 		.ascii	"ADC_SAR_Seq_1_SaveConfig\000"
 207      5341525F 
 207      5365715F 
 207      315F5361 
 207      7665436F 
 208 0060 00       		.ascii	"\000"
 209 0061 00       		.ascii	"\000"
 210 0062 00       		.ascii	"\000"
 211 0063 00000000 		.ascii	"\000\000\000\000\000\000\000\000"
 211      00000000 
 212 006b B1000000 		.ascii	"\261\000\000\000"
 213 006f 4144435F 		.ascii	"ADC_SAR_Seq_1_RestoreConfig\000"
 213      5341525F 
 213      5365715F 
 213      315F5265 
 213      73746F72 
 214 008b 00       		.ascii	"\000"
 215 008c 00       		.ascii	"\000"
 216 008d 00       		.ascii	"\000"
 217 008e 00000000 		.ascii	"\000\000\000\000\000\000\000\000"
 217      00000000 
 218 0096 B3000000 		.ascii	"\263\000\000\000"
 219 009a 4144435F 		.ascii	"ADC_SAR_Seq_1_IntClock_Stop\000"
 219      5341525F 
 219      5365715F 
 219      315F496E 
ARM GAS  C:\Users\JEFFSN~1\AppData\Local\Temp\ccEkB5KW.s 			page 15


 219      74436C6F 
 220 00b6 00       		.ascii	"\000"
 221 00b7 02       		.ascii	"\002"
 222 00b8 00       		.ascii	"\000"
 223 00b9 00000000 		.ascii	"\000\000\000\000\000\000\000\000"
 223      00000000 
 224 00c1 B5000000 		.ascii	"\265\000\000\000"
 225 00c5 4144435F 		.ascii	"ADC_SAR_Seq_1_Disable\000"
 225      5341525F 
 225      5365715F 
 225      315F4469 
 225      7361626C 
 226 00db 00       		.ascii	"\000"
 227 00dc 02       		.ascii	"\002"
 228 00dd 00       		.ascii	"\000"
 229 00de 00000000 		.ascii	"\000\000\000\000\000\000\000\000"
 229      00000000 
 230 00e6 B7000000 		.ascii	"\267\000\000\000"
 231 00ea 4144435F 		.ascii	"ADC_SAR_Seq_1_SAR_Sleep\000"
 231      5341525F 
 231      5365715F 
 231      315F5341 
 231      525F536C 
 232 0102 00       		.ascii	"\000"
 233 0103 02       		.ascii	"\002"
 234 0104 00       		.ascii	"\000"
 235 0105 00000000 		.ascii	"\000\000\000\000\000\000\000\000"
 235      00000000 
 236 010d B9000000 		.ascii	"\271\000\000\000"
 237 0111 4144435F 		.ascii	"ADC_SAR_Seq_1_SAR_Stop\000"
 237      5341525F 
 237      5365715F 
 237      315F5341 
 237      525F5374 
 238 0128 00       		.ascii	"\000"
 239 0129 02       		.ascii	"\002"
 240 012a 00       		.ascii	"\000"
 241 012b 00000000 		.ascii	"\000\000\000\000\000\000\000\000"
 241      00000000 
 242 0133 BB000000 		.ascii	"\273\000\000\000"
 243 0137 4144435F 		.ascii	"ADC_SAR_Seq_1_SAR_StartConvert\000"
 243      5341525F 
 243      5365715F 
 243      315F5341 
 243      525F5374 
 244 0156 00       		.ascii	"\000"
 245 0157 02       		.ascii	"\002"
 246 0158 00       		.ascii	"\000"
 247 0159 00000000 		.ascii	"\000\000\000\000\000\000\000\000"
 247      00000000 
 248 0161 BD000000 		.ascii	"\275\000\000\000"
 249 0165 4144435F 		.ascii	"ADC_SAR_Seq_1_Enable\000"
 249      5341525F 
 249      5365715F 
 249      315F456E 
 249      61626C65 
 250 017a 00       		.ascii	"\000"
ARM GAS  C:\Users\JEFFSN~1\AppData\Local\Temp\ccEkB5KW.s 			page 16


 251 017b 02       		.ascii	"\002"
 252 017c 00       		.ascii	"\000"
 253 017d 00000000 		.ascii	"\000\000\000\000\000\000\000\000"
 253      00000000 
 254 0185 BF000000 		.ascii	"\277\000\000\000"
 255 0189 43794465 		.ascii	"CyDelayUs\000"
 255      6C617955 
 255      7300
 256 0193 00       		.ascii	"\000"
 257 0194 02       		.ascii	"\002"
 258 0195 00       		.ascii	"\000"
 259 0196 00000000 		.ascii	"\000\000\000\000\000\000\000\000"
 259      00000000 
 260 019e CA000000 		.ascii	"\312\000\000\000"
 261 01a2 4144435F 		.ascii	"ADC_SAR_Seq_1_IntClock_Start\000"
 261      5341525F 
 261      5365715F 
 261      315F496E 
 261      74436C6F 
 262 01bf 00       		.ascii	"\000"
 263 01c0 02       		.ascii	"\002"
 264 01c1 00       		.ascii	"\000"
 265 01c2 00000000 		.ascii	"\000\000\000\000\000\000\000\000"
 265      00000000 
 266 01ca CC000000 		.ascii	"\314\000\000\000"
 267 01ce 4144435F 		.ascii	"ADC_SAR_Seq_1_SAR_Enable\000"
 267      5341525F 
 267      5365715F 
 267      315F5341 
 267      525F456E 
 268 01e7 00       		.ascii	"\000"
 269 01e8 02       		.ascii	"\002"
 270 01e9 00       		.ascii	"\000"
 271 01ea 00000000 		.ascii	"\000\000\000\000\000\000\000\000"
 271      00000000 
 272 01f2 CE000000 		.ascii	"\316\000\000\000"
 273 01f6 4144435F 		.ascii	"ADC_SAR_Seq_1_SAR_Wakeup\000"
 273      5341525F 
 273      5365715F 
 273      315F5341 
 273      525F5761 
 274 020f 00       		.ascii	"\000"
 275 0210 02       		.ascii	"\002"
 276 0211 00       		.ascii	"\000"
 277 0212 00000000 		.ascii	"\000\000\000\000\000\000\000\000"
 277      00000000 
 278 021a D0000000 		.ascii	"\320\000\000\000"
 279              		.text
 280              		.section	.gnu.lto_.opts,"",%progbits
 281 0000 272D666D 		.ascii	"'-fmath-errno' '-fsigned-zeros' '-ftrapping-math' '"
 281      6174682D 
 281      6572726E 
 281      6F272027 
 281      2D667369 
 282 0033 2D666E6F 		.ascii	"-fno-trapv' '-fno-strict-overflow' '-fno-openmp' '-"
 282      2D747261 
 282      70762720 
ARM GAS  C:\Users\JEFFSN~1\AppData\Local\Temp\ccEkB5KW.s 			page 17


 282      272D666E 
 282      6F2D7374 
 283 0066 666E6F2D 		.ascii	"fno-openacc' '-mcpu=cortex-m3' '-mthumb' '-g' '-Og'"
 283      6F70656E 
 283      61636327 
 283      20272D6D 
 283      6370753D 
 284 0099 20272D66 		.ascii	" '-ffunction-sections' '-ffat-lto-objects' '-finlin"
 284      66756E63 
 284      74696F6E 
 284      2D736563 
 284      74696F6E 
 285 00cc 652D6675 		.ascii	"e-functions' '-flto'\000"
 285      6E637469 
 285      6F6E7327 
 285      20272D66 
 285      6C746F27 
 286              		.text
 287              		.cfi_sections	.debug_frame
 288              		.section	.text.ADC_SAR_Seq_1_Sleep,"ax",%progbits
 289              		.align	2
 290              		.global	ADC_SAR_Seq_1_Sleep
 291              		.thumb
 292              		.thumb_func
 293              		.type	ADC_SAR_Seq_1_Sleep, %function
 294              	ADC_SAR_Seq_1_Sleep:
 295              	.LFB0:
 296              		.file 1 "Generated_Source\\PSoC5\\ADC_SAR_Seq_1_PM.c"
   1:Generated_Source\PSoC5/ADC_SAR_Seq_1_PM.c **** /*******************************************************************************
   2:Generated_Source\PSoC5/ADC_SAR_Seq_1_PM.c **** * File Name: ADC_SAR_Seq_1_PM.c
   3:Generated_Source\PSoC5/ADC_SAR_Seq_1_PM.c **** * Version 2.10
   4:Generated_Source\PSoC5/ADC_SAR_Seq_1_PM.c **** *
   5:Generated_Source\PSoC5/ADC_SAR_Seq_1_PM.c **** * Description:
   6:Generated_Source\PSoC5/ADC_SAR_Seq_1_PM.c **** *  This file contains the setup, control and status commands to support
   7:Generated_Source\PSoC5/ADC_SAR_Seq_1_PM.c **** *  component operations in low power mode.
   8:Generated_Source\PSoC5/ADC_SAR_Seq_1_PM.c **** *
   9:Generated_Source\PSoC5/ADC_SAR_Seq_1_PM.c **** * Note:
  10:Generated_Source\PSoC5/ADC_SAR_Seq_1_PM.c **** *
  11:Generated_Source\PSoC5/ADC_SAR_Seq_1_PM.c **** ********************************************************************************
  12:Generated_Source\PSoC5/ADC_SAR_Seq_1_PM.c **** * Copyright 2012-2015, Cypress Semiconductor Corporation.  All rights reserved.
  13:Generated_Source\PSoC5/ADC_SAR_Seq_1_PM.c **** * You may use this file only in accordance with the license, terms, conditions,
  14:Generated_Source\PSoC5/ADC_SAR_Seq_1_PM.c **** * disclaimers, and limitations in the end user license agreement accompanying
  15:Generated_Source\PSoC5/ADC_SAR_Seq_1_PM.c **** * the software package with which this file was provided.
  16:Generated_Source\PSoC5/ADC_SAR_Seq_1_PM.c **** *******************************************************************************/
  17:Generated_Source\PSoC5/ADC_SAR_Seq_1_PM.c **** 
  18:Generated_Source\PSoC5/ADC_SAR_Seq_1_PM.c **** #include "ADC_SAR_Seq_1.h"
  19:Generated_Source\PSoC5/ADC_SAR_Seq_1_PM.c **** #include "ADC_SAR_Seq_1_SAR.h"
  20:Generated_Source\PSoC5/ADC_SAR_Seq_1_PM.c **** #if(ADC_SAR_Seq_1_CLOCK_SOURCE == ADC_SAR_Seq_1_CLOCK_INTERNAL)
  21:Generated_Source\PSoC5/ADC_SAR_Seq_1_PM.c ****     #include "ADC_SAR_Seq_1_IntClock.h"
  22:Generated_Source\PSoC5/ADC_SAR_Seq_1_PM.c **** #endif   /* ADC_SAR_Seq_1_CLOCK_SOURCE == ADC_SAR_Seq_1_CLOCK_INTERNAL */
  23:Generated_Source\PSoC5/ADC_SAR_Seq_1_PM.c **** 
  24:Generated_Source\PSoC5/ADC_SAR_Seq_1_PM.c **** 
  25:Generated_Source\PSoC5/ADC_SAR_Seq_1_PM.c **** /*******************************************************************************
  26:Generated_Source\PSoC5/ADC_SAR_Seq_1_PM.c **** * Function Name: ADC_SAR_Seq_1_Sleep
  27:Generated_Source\PSoC5/ADC_SAR_Seq_1_PM.c **** ********************************************************************************
  28:Generated_Source\PSoC5/ADC_SAR_Seq_1_PM.c **** *
  29:Generated_Source\PSoC5/ADC_SAR_Seq_1_PM.c **** * Summary:
ARM GAS  C:\Users\JEFFSN~1\AppData\Local\Temp\ccEkB5KW.s 			page 18


  30:Generated_Source\PSoC5/ADC_SAR_Seq_1_PM.c **** *  Stops the ADC operation and saves the configuration registers and component
  31:Generated_Source\PSoC5/ADC_SAR_Seq_1_PM.c **** *  enable state. Should be called just prior to entering sleep
  32:Generated_Source\PSoC5/ADC_SAR_Seq_1_PM.c **** *
  33:Generated_Source\PSoC5/ADC_SAR_Seq_1_PM.c **** * Parameters:
  34:Generated_Source\PSoC5/ADC_SAR_Seq_1_PM.c **** *  None.
  35:Generated_Source\PSoC5/ADC_SAR_Seq_1_PM.c **** *
  36:Generated_Source\PSoC5/ADC_SAR_Seq_1_PM.c **** * Return:
  37:Generated_Source\PSoC5/ADC_SAR_Seq_1_PM.c **** *  None.
  38:Generated_Source\PSoC5/ADC_SAR_Seq_1_PM.c **** *
  39:Generated_Source\PSoC5/ADC_SAR_Seq_1_PM.c **** * Side Effects:
  40:Generated_Source\PSoC5/ADC_SAR_Seq_1_PM.c **** *  None.
  41:Generated_Source\PSoC5/ADC_SAR_Seq_1_PM.c **** *
  42:Generated_Source\PSoC5/ADC_SAR_Seq_1_PM.c **** * Reentrant:
  43:Generated_Source\PSoC5/ADC_SAR_Seq_1_PM.c **** *  No.
  44:Generated_Source\PSoC5/ADC_SAR_Seq_1_PM.c **** *
  45:Generated_Source\PSoC5/ADC_SAR_Seq_1_PM.c **** *******************************************************************************/
  46:Generated_Source\PSoC5/ADC_SAR_Seq_1_PM.c **** void ADC_SAR_Seq_1_Sleep(void)
  47:Generated_Source\PSoC5/ADC_SAR_Seq_1_PM.c **** {
 297              		.loc 1 47 0
 298              		.cfi_startproc
 299              		@ args = 0, pretend = 0, frame = 0
 300              		@ frame_needed = 0, uses_anonymous_args = 0
 301 0000 08B5     		push	{r3, lr}
 302              		.cfi_def_cfa_offset 8
 303              		.cfi_offset 3, -8
 304              		.cfi_offset 14, -4
  48:Generated_Source\PSoC5/ADC_SAR_Seq_1_PM.c ****     ADC_SAR_Seq_1_SAR_Stop();
 305              		.loc 1 48 0
 306 0002 FFF7FEFF 		bl	ADC_SAR_Seq_1_SAR_Stop
 307              	.LVL0:
  49:Generated_Source\PSoC5/ADC_SAR_Seq_1_PM.c ****     ADC_SAR_Seq_1_SAR_Sleep();
 308              		.loc 1 49 0
 309 0006 FFF7FEFF 		bl	ADC_SAR_Seq_1_SAR_Sleep
 310              	.LVL1:
  50:Generated_Source\PSoC5/ADC_SAR_Seq_1_PM.c ****     ADC_SAR_Seq_1_Disable();
 311              		.loc 1 50 0
 312 000a FFF7FEFF 		bl	ADC_SAR_Seq_1_Disable
 313              	.LVL2:
  51:Generated_Source\PSoC5/ADC_SAR_Seq_1_PM.c **** 
  52:Generated_Source\PSoC5/ADC_SAR_Seq_1_PM.c ****     #if(ADC_SAR_Seq_1_CLOCK_SOURCE == ADC_SAR_Seq_1_CLOCK_INTERNAL)
  53:Generated_Source\PSoC5/ADC_SAR_Seq_1_PM.c ****         ADC_SAR_Seq_1_IntClock_Stop();
 314              		.loc 1 53 0
 315 000e FFF7FEFF 		bl	ADC_SAR_Seq_1_IntClock_Stop
 316              	.LVL3:
 317 0012 08BD     		pop	{r3, pc}
 318              		.cfi_endproc
 319              	.LFE0:
 320              		.size	ADC_SAR_Seq_1_Sleep, .-ADC_SAR_Seq_1_Sleep
 321              		.section	.text.ADC_SAR_Seq_1_Wakeup,"ax",%progbits
 322              		.align	2
 323              		.global	ADC_SAR_Seq_1_Wakeup
 324              		.thumb
 325              		.thumb_func
 326              		.type	ADC_SAR_Seq_1_Wakeup, %function
 327              	ADC_SAR_Seq_1_Wakeup:
 328              	.LFB1:
  54:Generated_Source\PSoC5/ADC_SAR_Seq_1_PM.c ****     #endif   /* ADC_SAR_Seq_1_CLOCK_SOURCE == ADC_SAR_Seq_1_CLOCK_INTERNAL */
ARM GAS  C:\Users\JEFFSN~1\AppData\Local\Temp\ccEkB5KW.s 			page 19


  55:Generated_Source\PSoC5/ADC_SAR_Seq_1_PM.c **** }
  56:Generated_Source\PSoC5/ADC_SAR_Seq_1_PM.c **** 
  57:Generated_Source\PSoC5/ADC_SAR_Seq_1_PM.c **** 
  58:Generated_Source\PSoC5/ADC_SAR_Seq_1_PM.c **** /*******************************************************************************
  59:Generated_Source\PSoC5/ADC_SAR_Seq_1_PM.c **** * Function Name: ADC_SAR_Seq_1_Wakeup
  60:Generated_Source\PSoC5/ADC_SAR_Seq_1_PM.c **** ********************************************************************************
  61:Generated_Source\PSoC5/ADC_SAR_Seq_1_PM.c **** *
  62:Generated_Source\PSoC5/ADC_SAR_Seq_1_PM.c **** * Summary:
  63:Generated_Source\PSoC5/ADC_SAR_Seq_1_PM.c **** *  Restores the component enable state and configuration registers. This should
  64:Generated_Source\PSoC5/ADC_SAR_Seq_1_PM.c **** *  be called just after awaking from sleep mode
  65:Generated_Source\PSoC5/ADC_SAR_Seq_1_PM.c **** *
  66:Generated_Source\PSoC5/ADC_SAR_Seq_1_PM.c **** * Parameters:
  67:Generated_Source\PSoC5/ADC_SAR_Seq_1_PM.c **** *  None.
  68:Generated_Source\PSoC5/ADC_SAR_Seq_1_PM.c **** *
  69:Generated_Source\PSoC5/ADC_SAR_Seq_1_PM.c **** * Return:
  70:Generated_Source\PSoC5/ADC_SAR_Seq_1_PM.c **** *  None.
  71:Generated_Source\PSoC5/ADC_SAR_Seq_1_PM.c **** *
  72:Generated_Source\PSoC5/ADC_SAR_Seq_1_PM.c **** * Side Effects:
  73:Generated_Source\PSoC5/ADC_SAR_Seq_1_PM.c **** *  None.
  74:Generated_Source\PSoC5/ADC_SAR_Seq_1_PM.c **** *
  75:Generated_Source\PSoC5/ADC_SAR_Seq_1_PM.c **** * Reentrant:
  76:Generated_Source\PSoC5/ADC_SAR_Seq_1_PM.c **** *  No.
  77:Generated_Source\PSoC5/ADC_SAR_Seq_1_PM.c **** *
  78:Generated_Source\PSoC5/ADC_SAR_Seq_1_PM.c **** *******************************************************************************/
  79:Generated_Source\PSoC5/ADC_SAR_Seq_1_PM.c **** void ADC_SAR_Seq_1_Wakeup(void)
  80:Generated_Source\PSoC5/ADC_SAR_Seq_1_PM.c **** {
 329              		.loc 1 80 0
 330              		.cfi_startproc
 331              		@ args = 0, pretend = 0, frame = 0
 332              		@ frame_needed = 0, uses_anonymous_args = 0
 333 0000 08B5     		push	{r3, lr}
 334              		.cfi_def_cfa_offset 8
 335              		.cfi_offset 3, -8
 336              		.cfi_offset 14, -4
  81:Generated_Source\PSoC5/ADC_SAR_Seq_1_PM.c ****     ADC_SAR_Seq_1_SAR_Wakeup();
 337              		.loc 1 81 0
 338 0002 FFF7FEFF 		bl	ADC_SAR_Seq_1_SAR_Wakeup
 339              	.LVL4:
  82:Generated_Source\PSoC5/ADC_SAR_Seq_1_PM.c ****     ADC_SAR_Seq_1_SAR_Enable();
 340              		.loc 1 82 0
 341 0006 FFF7FEFF 		bl	ADC_SAR_Seq_1_SAR_Enable
 342              	.LVL5:
  83:Generated_Source\PSoC5/ADC_SAR_Seq_1_PM.c **** 
  84:Generated_Source\PSoC5/ADC_SAR_Seq_1_PM.c ****     #if(ADC_SAR_Seq_1_CLOCK_SOURCE == ADC_SAR_Seq_1_CLOCK_INTERNAL)
  85:Generated_Source\PSoC5/ADC_SAR_Seq_1_PM.c ****         ADC_SAR_Seq_1_IntClock_Start();
 343              		.loc 1 85 0
 344 000a FFF7FEFF 		bl	ADC_SAR_Seq_1_IntClock_Start
 345              	.LVL6:
  86:Generated_Source\PSoC5/ADC_SAR_Seq_1_PM.c ****     #endif   /* ADC_SAR_Seq_1_CLOCK_SOURCE == ADC_SAR_Seq_1_CLOCK_INTERNAL */
  87:Generated_Source\PSoC5/ADC_SAR_Seq_1_PM.c **** 
  88:Generated_Source\PSoC5/ADC_SAR_Seq_1_PM.c ****     /* The block is ready to use 10 us after the SAR enable signal is set high. */
  89:Generated_Source\PSoC5/ADC_SAR_Seq_1_PM.c ****     CyDelayUs(10u);
 346              		.loc 1 89 0
 347 000e 0A20     		movs	r0, #10
 348 0010 FFF7FEFF 		bl	CyDelayUs
 349              	.LVL7:
  90:Generated_Source\PSoC5/ADC_SAR_Seq_1_PM.c ****     
ARM GAS  C:\Users\JEFFSN~1\AppData\Local\Temp\ccEkB5KW.s 			page 20


  91:Generated_Source\PSoC5/ADC_SAR_Seq_1_PM.c ****     ADC_SAR_Seq_1_Enable();
 350              		.loc 1 91 0
 351 0014 FFF7FEFF 		bl	ADC_SAR_Seq_1_Enable
 352              	.LVL8:
  92:Generated_Source\PSoC5/ADC_SAR_Seq_1_PM.c **** 
  93:Generated_Source\PSoC5/ADC_SAR_Seq_1_PM.c ****     #if(ADC_SAR_Seq_1_SAMPLE_MODE == ADC_SAR_Seq_1_SAMPLE_MODE_FREE_RUNNING)
  94:Generated_Source\PSoC5/ADC_SAR_Seq_1_PM.c ****         ADC_SAR_Seq_1_SAR_StartConvert();
 353              		.loc 1 94 0
 354 0018 FFF7FEFF 		bl	ADC_SAR_Seq_1_SAR_StartConvert
 355              	.LVL9:
  95:Generated_Source\PSoC5/ADC_SAR_Seq_1_PM.c ****     #endif /* (ADC_SAR_Seq_1_SAMPLE_MODE == ADC_SAR_Seq_1_SAMPLE_MODE_FREE_RUNNING) */
  96:Generated_Source\PSoC5/ADC_SAR_Seq_1_PM.c **** 
  97:Generated_Source\PSoC5/ADC_SAR_Seq_1_PM.c ****     (void) CY_GET_REG8(ADC_SAR_Seq_1_STATUS_PTR);
 356              		.loc 1 97 0
 357 001c 014B     		ldr	r3, .L5
 358 001e 1B78     		ldrb	r3, [r3]	@ zero_extendqisi2
 359 0020 08BD     		pop	{r3, pc}
 360              	.L6:
 361 0022 00BF     		.align	2
 362              	.L5:
 363 0024 62640040 		.word	1073767522
 364              		.cfi_endproc
 365              	.LFE1:
 366              		.size	ADC_SAR_Seq_1_Wakeup, .-ADC_SAR_Seq_1_Wakeup
 367              		.section	.text.ADC_SAR_Seq_1_SaveConfig,"ax",%progbits
 368              		.align	2
 369              		.global	ADC_SAR_Seq_1_SaveConfig
 370              		.thumb
 371              		.thumb_func
 372              		.type	ADC_SAR_Seq_1_SaveConfig, %function
 373              	ADC_SAR_Seq_1_SaveConfig:
 374              	.LFB2:
  98:Generated_Source\PSoC5/ADC_SAR_Seq_1_PM.c **** }
  99:Generated_Source\PSoC5/ADC_SAR_Seq_1_PM.c **** 
 100:Generated_Source\PSoC5/ADC_SAR_Seq_1_PM.c **** 
 101:Generated_Source\PSoC5/ADC_SAR_Seq_1_PM.c **** /*******************************************************************************
 102:Generated_Source\PSoC5/ADC_SAR_Seq_1_PM.c **** * Function Name: ADC_SAR_Seq_1_SaveConfig
 103:Generated_Source\PSoC5/ADC_SAR_Seq_1_PM.c **** ********************************************************************************
 104:Generated_Source\PSoC5/ADC_SAR_Seq_1_PM.c **** *
 105:Generated_Source\PSoC5/ADC_SAR_Seq_1_PM.c **** * Summary:
 106:Generated_Source\PSoC5/ADC_SAR_Seq_1_PM.c **** *  Save the current configuration of ADC non-retention registers
 107:Generated_Source\PSoC5/ADC_SAR_Seq_1_PM.c **** *
 108:Generated_Source\PSoC5/ADC_SAR_Seq_1_PM.c **** * Parameters:
 109:Generated_Source\PSoC5/ADC_SAR_Seq_1_PM.c **** *  None.
 110:Generated_Source\PSoC5/ADC_SAR_Seq_1_PM.c **** *
 111:Generated_Source\PSoC5/ADC_SAR_Seq_1_PM.c **** * Return:
 112:Generated_Source\PSoC5/ADC_SAR_Seq_1_PM.c **** *  None.
 113:Generated_Source\PSoC5/ADC_SAR_Seq_1_PM.c **** *
 114:Generated_Source\PSoC5/ADC_SAR_Seq_1_PM.c **** * Side Effects:
 115:Generated_Source\PSoC5/ADC_SAR_Seq_1_PM.c **** *  None.
 116:Generated_Source\PSoC5/ADC_SAR_Seq_1_PM.c **** *
 117:Generated_Source\PSoC5/ADC_SAR_Seq_1_PM.c **** * Reentrant:
 118:Generated_Source\PSoC5/ADC_SAR_Seq_1_PM.c **** *  No.
 119:Generated_Source\PSoC5/ADC_SAR_Seq_1_PM.c **** *
 120:Generated_Source\PSoC5/ADC_SAR_Seq_1_PM.c **** *******************************************************************************/
 121:Generated_Source\PSoC5/ADC_SAR_Seq_1_PM.c **** void ADC_SAR_Seq_1_SaveConfig(void)
 122:Generated_Source\PSoC5/ADC_SAR_Seq_1_PM.c **** {
ARM GAS  C:\Users\JEFFSN~1\AppData\Local\Temp\ccEkB5KW.s 			page 21


 375              		.loc 1 122 0
 376              		.cfi_startproc
 377              		@ args = 0, pretend = 0, frame = 0
 378              		@ frame_needed = 0, uses_anonymous_args = 0
 379              		@ link register save eliminated.
 380 0000 7047     		bx	lr
 381              		.cfi_endproc
 382              	.LFE2:
 383              		.size	ADC_SAR_Seq_1_SaveConfig, .-ADC_SAR_Seq_1_SaveConfig
 384 0002 00BF     		.section	.text.ADC_SAR_Seq_1_RestoreConfig,"ax",%progbits
 385              		.align	2
 386              		.global	ADC_SAR_Seq_1_RestoreConfig
 387              		.thumb
 388              		.thumb_func
 389              		.type	ADC_SAR_Seq_1_RestoreConfig, %function
 390              	ADC_SAR_Seq_1_RestoreConfig:
 391              	.LFB3:
 123:Generated_Source\PSoC5/ADC_SAR_Seq_1_PM.c **** 
 124:Generated_Source\PSoC5/ADC_SAR_Seq_1_PM.c **** }
 125:Generated_Source\PSoC5/ADC_SAR_Seq_1_PM.c **** 
 126:Generated_Source\PSoC5/ADC_SAR_Seq_1_PM.c **** 
 127:Generated_Source\PSoC5/ADC_SAR_Seq_1_PM.c **** /*******************************************************************************
 128:Generated_Source\PSoC5/ADC_SAR_Seq_1_PM.c **** * Function Name: ADC_SAR_Seq_1_RestoreConfig
 129:Generated_Source\PSoC5/ADC_SAR_Seq_1_PM.c **** ********************************************************************************
 130:Generated_Source\PSoC5/ADC_SAR_Seq_1_PM.c **** *
 131:Generated_Source\PSoC5/ADC_SAR_Seq_1_PM.c **** * Summary:
 132:Generated_Source\PSoC5/ADC_SAR_Seq_1_PM.c **** *  Restores the configuration of ADC non-retention registers
 133:Generated_Source\PSoC5/ADC_SAR_Seq_1_PM.c **** *
 134:Generated_Source\PSoC5/ADC_SAR_Seq_1_PM.c **** * Parameters:
 135:Generated_Source\PSoC5/ADC_SAR_Seq_1_PM.c **** *  None.
 136:Generated_Source\PSoC5/ADC_SAR_Seq_1_PM.c **** *
 137:Generated_Source\PSoC5/ADC_SAR_Seq_1_PM.c **** * Return:
 138:Generated_Source\PSoC5/ADC_SAR_Seq_1_PM.c **** *  None.
 139:Generated_Source\PSoC5/ADC_SAR_Seq_1_PM.c **** *
 140:Generated_Source\PSoC5/ADC_SAR_Seq_1_PM.c **** * Side Effects:
 141:Generated_Source\PSoC5/ADC_SAR_Seq_1_PM.c **** *  None.
 142:Generated_Source\PSoC5/ADC_SAR_Seq_1_PM.c **** *
 143:Generated_Source\PSoC5/ADC_SAR_Seq_1_PM.c **** * Reentrant:
 144:Generated_Source\PSoC5/ADC_SAR_Seq_1_PM.c **** *  No.
 145:Generated_Source\PSoC5/ADC_SAR_Seq_1_PM.c **** *
 146:Generated_Source\PSoC5/ADC_SAR_Seq_1_PM.c **** *******************************************************************************/
 147:Generated_Source\PSoC5/ADC_SAR_Seq_1_PM.c **** void ADC_SAR_Seq_1_RestoreConfig(void)
 148:Generated_Source\PSoC5/ADC_SAR_Seq_1_PM.c **** {
 392              		.loc 1 148 0
 393              		.cfi_startproc
 394              		@ args = 0, pretend = 0, frame = 0
 395              		@ frame_needed = 0, uses_anonymous_args = 0
 396              		@ link register save eliminated.
 397 0000 7047     		bx	lr
 398              		.cfi_endproc
 399              	.LFE3:
 400              		.size	ADC_SAR_Seq_1_RestoreConfig, .-ADC_SAR_Seq_1_RestoreConfig
 401 0002 00BF     		.text
 402              	.Letext0:
 403              		.file 2 "Generated_Source\\PSoC5\\cytypes.h"
 404              		.file 3 "Generated_Source\\PSoC5\\ADC_SAR_Seq_1_SAR.h"
 405              		.file 4 "Generated_Source\\PSoC5\\ADC_SAR_Seq_1.h"
ARM GAS  C:\Users\JEFFSN~1\AppData\Local\Temp\ccEkB5KW.s 			page 22


 406              		.file 5 "Generated_Source\\PSoC5\\ADC_SAR_Seq_1_IntClock.h"
 407              		.file 6 "Generated_Source\\PSoC5\\CyLib.h"
 408              		.section	.debug_info,"",%progbits
 409              	.Ldebug_info0:
 410 0000 C8010000 		.4byte	0x1c8
 411 0004 0400     		.2byte	0x4
 412 0006 00000000 		.4byte	.Ldebug_abbrev0
 413 000a 04       		.byte	0x4
 414 000b 01       		.uleb128 0x1
 415 000c 7A010000 		.4byte	.LASF30
 416 0010 0C       		.byte	0xc
 417 0011 34000000 		.4byte	.LASF31
 418 0015 54020000 		.4byte	.LASF32
 419 0019 00000000 		.4byte	.Ldebug_ranges0+0
 420 001d 00000000 		.4byte	0
 421 0021 00000000 		.4byte	.Ldebug_line0
 422 0025 02       		.uleb128 0x2
 423 0026 01       		.byte	0x1
 424 0027 06       		.byte	0x6
 425 0028 1A030000 		.4byte	.LASF0
 426 002c 02       		.uleb128 0x2
 427 002d 01       		.byte	0x1
 428 002e 08       		.byte	0x8
 429 002f D1000000 		.4byte	.LASF1
 430 0033 02       		.uleb128 0x2
 431 0034 02       		.byte	0x2
 432 0035 05       		.byte	0x5
 433 0036 DC020000 		.4byte	.LASF2
 434 003a 02       		.uleb128 0x2
 435 003b 02       		.byte	0x2
 436 003c 07       		.byte	0x7
 437 003d 5E000000 		.4byte	.LASF3
 438 0041 02       		.uleb128 0x2
 439 0042 04       		.byte	0x4
 440 0043 05       		.byte	0x5
 441 0044 05030000 		.4byte	.LASF4
 442 0048 02       		.uleb128 0x2
 443 0049 04       		.byte	0x4
 444 004a 07       		.byte	0x7
 445 004b E4000000 		.4byte	.LASF5
 446 004f 02       		.uleb128 0x2
 447 0050 08       		.byte	0x8
 448 0051 05       		.byte	0x5
 449 0052 41020000 		.4byte	.LASF6
 450 0056 02       		.uleb128 0x2
 451 0057 08       		.byte	0x8
 452 0058 07       		.byte	0x7
 453 0059 21020000 		.4byte	.LASF7
 454 005d 03       		.uleb128 0x3
 455 005e 04       		.byte	0x4
 456 005f 05       		.byte	0x5
 457 0060 696E7400 		.ascii	"int\000"
 458 0064 02       		.uleb128 0x2
 459 0065 04       		.byte	0x4
 460 0066 07       		.byte	0x7
 461 0067 6D010000 		.4byte	.LASF8
 462 006b 04       		.uleb128 0x4
ARM GAS  C:\Users\JEFFSN~1\AppData\Local\Temp\ccEkB5KW.s 			page 23


 463 006c F6000000 		.4byte	.LASF12
 464 0070 02       		.byte	0x2
 465 0071 E901     		.2byte	0x1e9
 466 0073 2C000000 		.4byte	0x2c
 467 0077 02       		.uleb128 0x2
 468 0078 04       		.byte	0x4
 469 0079 04       		.byte	0x4
 470 007a B6000000 		.4byte	.LASF9
 471 007e 02       		.uleb128 0x2
 472 007f 08       		.byte	0x8
 473 0080 04       		.byte	0x4
 474 0081 2A010000 		.4byte	.LASF10
 475 0085 02       		.uleb128 0x2
 476 0086 01       		.byte	0x1
 477 0087 08       		.byte	0x8
 478 0088 4F020000 		.4byte	.LASF11
 479 008c 04       		.uleb128 0x4
 480 008d DF000000 		.4byte	.LASF13
 481 0091 02       		.byte	0x2
 482 0092 9302     		.2byte	0x293
 483 0094 98000000 		.4byte	0x98
 484 0098 05       		.uleb128 0x5
 485 0099 6B000000 		.4byte	0x6b
 486 009d 02       		.uleb128 0x2
 487 009e 08       		.byte	0x8
 488 009f 04       		.byte	0x4
 489 00a0 0E030000 		.4byte	.LASF14
 490 00a4 02       		.uleb128 0x2
 491 00a5 04       		.byte	0x4
 492 00a6 07       		.byte	0x7
 493 00a7 38020000 		.4byte	.LASF15
 494 00ab 06       		.uleb128 0x6
 495 00ac 89000000 		.4byte	.LASF16
 496 00b0 01       		.byte	0x1
 497 00b1 2E       		.byte	0x2e
 498 00b2 00000000 		.4byte	.LFB0
 499 00b6 14000000 		.4byte	.LFE0-.LFB0
 500 00ba 01       		.uleb128 0x1
 501 00bb 9C       		.byte	0x9c
 502 00bc E5000000 		.4byte	0xe5
 503 00c0 07       		.uleb128 0x7
 504 00c1 06000000 		.4byte	.LVL0
 505 00c5 5D010000 		.4byte	0x15d
 506 00c9 07       		.uleb128 0x7
 507 00ca 0A000000 		.4byte	.LVL1
 508 00ce 68010000 		.4byte	0x168
 509 00d2 07       		.uleb128 0x7
 510 00d3 0E000000 		.4byte	.LVL2
 511 00d7 73010000 		.4byte	0x173
 512 00db 07       		.uleb128 0x7
 513 00dc 12000000 		.4byte	.LVL3
 514 00e0 7E010000 		.4byte	0x17e
 515 00e4 00       		.byte	0
 516 00e5 06       		.uleb128 0x6
 517 00e6 BC000000 		.4byte	.LASF17
 518 00ea 01       		.byte	0x1
 519 00eb 4F       		.byte	0x4f
ARM GAS  C:\Users\JEFFSN~1\AppData\Local\Temp\ccEkB5KW.s 			page 24


 520 00ec 00000000 		.4byte	.LFB1
 521 00f0 28000000 		.4byte	.LFE1-.LFB1
 522 00f4 01       		.uleb128 0x1
 523 00f5 9C       		.byte	0x9c
 524 00f6 3B010000 		.4byte	0x13b
 525 00fa 07       		.uleb128 0x7
 526 00fb 06000000 		.4byte	.LVL4
 527 00ff 89010000 		.4byte	0x189
 528 0103 07       		.uleb128 0x7
 529 0104 0A000000 		.4byte	.LVL5
 530 0108 94010000 		.4byte	0x194
 531 010c 07       		.uleb128 0x7
 532 010d 0E000000 		.4byte	.LVL6
 533 0111 9F010000 		.4byte	0x19f
 534 0115 08       		.uleb128 0x8
 535 0116 14000000 		.4byte	.LVL7
 536 011a AA010000 		.4byte	0x1aa
 537 011e 28010000 		.4byte	0x128
 538 0122 09       		.uleb128 0x9
 539 0123 01       		.uleb128 0x1
 540 0124 50       		.byte	0x50
 541 0125 01       		.uleb128 0x1
 542 0126 3A       		.byte	0x3a
 543 0127 00       		.byte	0
 544 0128 07       		.uleb128 0x7
 545 0129 18000000 		.4byte	.LVL8
 546 012d B5010000 		.4byte	0x1b5
 547 0131 07       		.uleb128 0x7
 548 0132 1C000000 		.4byte	.LVL9
 549 0136 C0010000 		.4byte	0x1c0
 550 013a 00       		.byte	0
 551 013b 0A       		.uleb128 0xa
 552 013c 11010000 		.4byte	.LASF18
 553 0140 01       		.byte	0x1
 554 0141 79       		.byte	0x79
 555 0142 00000000 		.4byte	.LFB2
 556 0146 02000000 		.4byte	.LFE2-.LFB2
 557 014a 01       		.uleb128 0x1
 558 014b 9C       		.byte	0x9c
 559 014c 0A       		.uleb128 0xa
 560 014d 26030000 		.4byte	.LASF19
 561 0151 01       		.byte	0x1
 562 0152 93       		.byte	0x93
 563 0153 00000000 		.4byte	.LFB3
 564 0157 02000000 		.4byte	.LFE3-.LFB3
 565 015b 01       		.uleb128 0x1
 566 015c 9C       		.byte	0x9c
 567 015d 0B       		.uleb128 0xb
 568 015e 1D000000 		.4byte	.LASF20
 569 0162 1D000000 		.4byte	.LASF20
 570 0166 03       		.byte	0x3
 571 0167 35       		.byte	0x35
 572 0168 0B       		.uleb128 0xb
 573 0169 71000000 		.4byte	.LASF21
 574 016d 71000000 		.4byte	.LASF21
 575 0171 03       		.byte	0x3
 576 0172 48       		.byte	0x48
ARM GAS  C:\Users\JEFFSN~1\AppData\Local\Temp\ccEkB5KW.s 			page 25


 577 0173 0B       		.uleb128 0xb
 578 0174 57010000 		.4byte	.LASF22
 579 0178 57010000 		.4byte	.LASF22
 580 017c 04       		.byte	0x4
 581 017d 30       		.byte	0x30
 582 017e 0B       		.uleb128 0xb
 583 017f 31010000 		.4byte	.LASF23
 584 0183 31010000 		.4byte	.LASF23
 585 0187 05       		.byte	0x5
 586 0188 28       		.byte	0x28
 587 0189 0B       		.uleb128 0xb
 588 018a 9D000000 		.4byte	.LASF24
 589 018e 9D000000 		.4byte	.LASF24
 590 0192 03       		.byte	0x3
 591 0193 49       		.byte	0x49
 592 0194 0B       		.uleb128 0xb
 593 0195 C3020000 		.4byte	.LASF25
 594 0199 C3020000 		.4byte	.LASF25
 595 019d 03       		.byte	0x3
 596 019e 44       		.byte	0x44
 597 019f 0B       		.uleb128 0xb
 598 01a0 00000000 		.4byte	.LASF26
 599 01a4 00000000 		.4byte	.LASF26
 600 01a8 05       		.byte	0x5
 601 01a9 27       		.byte	0x27
 602 01aa 0B       		.uleb128 0xb
 603 01ab 4D010000 		.4byte	.LASF27
 604 01af 4D010000 		.4byte	.LASF27
 605 01b3 06       		.byte	0x6
 606 01b4 77       		.byte	0x77
 607 01b5 0B       		.uleb128 0xb
 608 01b6 FC000000 		.4byte	.LASF28
 609 01ba FC000000 		.4byte	.LASF28
 610 01be 04       		.byte	0x4
 611 01bf 2F       		.byte	0x2f
 612 01c0 0B       		.uleb128 0xb
 613 01c1 E6020000 		.4byte	.LASF29
 614 01c5 E6020000 		.4byte	.LASF29
 615 01c9 03       		.byte	0x3
 616 01ca D1       		.byte	0xd1
 617 01cb 00       		.byte	0
 618              		.section	.debug_abbrev,"",%progbits
 619              	.Ldebug_abbrev0:
 620 0000 01       		.uleb128 0x1
 621 0001 11       		.uleb128 0x11
 622 0002 01       		.byte	0x1
 623 0003 25       		.uleb128 0x25
 624 0004 0E       		.uleb128 0xe
 625 0005 13       		.uleb128 0x13
 626 0006 0B       		.uleb128 0xb
 627 0007 03       		.uleb128 0x3
 628 0008 0E       		.uleb128 0xe
 629 0009 1B       		.uleb128 0x1b
 630 000a 0E       		.uleb128 0xe
 631 000b 55       		.uleb128 0x55
 632 000c 17       		.uleb128 0x17
 633 000d 11       		.uleb128 0x11
ARM GAS  C:\Users\JEFFSN~1\AppData\Local\Temp\ccEkB5KW.s 			page 26


 634 000e 01       		.uleb128 0x1
 635 000f 10       		.uleb128 0x10
 636 0010 17       		.uleb128 0x17
 637 0011 00       		.byte	0
 638 0012 00       		.byte	0
 639 0013 02       		.uleb128 0x2
 640 0014 24       		.uleb128 0x24
 641 0015 00       		.byte	0
 642 0016 0B       		.uleb128 0xb
 643 0017 0B       		.uleb128 0xb
 644 0018 3E       		.uleb128 0x3e
 645 0019 0B       		.uleb128 0xb
 646 001a 03       		.uleb128 0x3
 647 001b 0E       		.uleb128 0xe
 648 001c 00       		.byte	0
 649 001d 00       		.byte	0
 650 001e 03       		.uleb128 0x3
 651 001f 24       		.uleb128 0x24
 652 0020 00       		.byte	0
 653 0021 0B       		.uleb128 0xb
 654 0022 0B       		.uleb128 0xb
 655 0023 3E       		.uleb128 0x3e
 656 0024 0B       		.uleb128 0xb
 657 0025 03       		.uleb128 0x3
 658 0026 08       		.uleb128 0x8
 659 0027 00       		.byte	0
 660 0028 00       		.byte	0
 661 0029 04       		.uleb128 0x4
 662 002a 16       		.uleb128 0x16
 663 002b 00       		.byte	0
 664 002c 03       		.uleb128 0x3
 665 002d 0E       		.uleb128 0xe
 666 002e 3A       		.uleb128 0x3a
 667 002f 0B       		.uleb128 0xb
 668 0030 3B       		.uleb128 0x3b
 669 0031 05       		.uleb128 0x5
 670 0032 49       		.uleb128 0x49
 671 0033 13       		.uleb128 0x13
 672 0034 00       		.byte	0
 673 0035 00       		.byte	0
 674 0036 05       		.uleb128 0x5
 675 0037 35       		.uleb128 0x35
 676 0038 00       		.byte	0
 677 0039 49       		.uleb128 0x49
 678 003a 13       		.uleb128 0x13
 679 003b 00       		.byte	0
 680 003c 00       		.byte	0
 681 003d 06       		.uleb128 0x6
 682 003e 2E       		.uleb128 0x2e
 683 003f 01       		.byte	0x1
 684 0040 3F       		.uleb128 0x3f
 685 0041 19       		.uleb128 0x19
 686 0042 03       		.uleb128 0x3
 687 0043 0E       		.uleb128 0xe
 688 0044 3A       		.uleb128 0x3a
 689 0045 0B       		.uleb128 0xb
 690 0046 3B       		.uleb128 0x3b
ARM GAS  C:\Users\JEFFSN~1\AppData\Local\Temp\ccEkB5KW.s 			page 27


 691 0047 0B       		.uleb128 0xb
 692 0048 27       		.uleb128 0x27
 693 0049 19       		.uleb128 0x19
 694 004a 11       		.uleb128 0x11
 695 004b 01       		.uleb128 0x1
 696 004c 12       		.uleb128 0x12
 697 004d 06       		.uleb128 0x6
 698 004e 40       		.uleb128 0x40
 699 004f 18       		.uleb128 0x18
 700 0050 9742     		.uleb128 0x2117
 701 0052 19       		.uleb128 0x19
 702 0053 01       		.uleb128 0x1
 703 0054 13       		.uleb128 0x13
 704 0055 00       		.byte	0
 705 0056 00       		.byte	0
 706 0057 07       		.uleb128 0x7
 707 0058 898201   		.uleb128 0x4109
 708 005b 00       		.byte	0
 709 005c 11       		.uleb128 0x11
 710 005d 01       		.uleb128 0x1
 711 005e 31       		.uleb128 0x31
 712 005f 13       		.uleb128 0x13
 713 0060 00       		.byte	0
 714 0061 00       		.byte	0
 715 0062 08       		.uleb128 0x8
 716 0063 898201   		.uleb128 0x4109
 717 0066 01       		.byte	0x1
 718 0067 11       		.uleb128 0x11
 719 0068 01       		.uleb128 0x1
 720 0069 31       		.uleb128 0x31
 721 006a 13       		.uleb128 0x13
 722 006b 01       		.uleb128 0x1
 723 006c 13       		.uleb128 0x13
 724 006d 00       		.byte	0
 725 006e 00       		.byte	0
 726 006f 09       		.uleb128 0x9
 727 0070 8A8201   		.uleb128 0x410a
 728 0073 00       		.byte	0
 729 0074 02       		.uleb128 0x2
 730 0075 18       		.uleb128 0x18
 731 0076 9142     		.uleb128 0x2111
 732 0078 18       		.uleb128 0x18
 733 0079 00       		.byte	0
 734 007a 00       		.byte	0
 735 007b 0A       		.uleb128 0xa
 736 007c 2E       		.uleb128 0x2e
 737 007d 00       		.byte	0
 738 007e 3F       		.uleb128 0x3f
 739 007f 19       		.uleb128 0x19
 740 0080 03       		.uleb128 0x3
 741 0081 0E       		.uleb128 0xe
 742 0082 3A       		.uleb128 0x3a
 743 0083 0B       		.uleb128 0xb
 744 0084 3B       		.uleb128 0x3b
 745 0085 0B       		.uleb128 0xb
 746 0086 27       		.uleb128 0x27
 747 0087 19       		.uleb128 0x19
ARM GAS  C:\Users\JEFFSN~1\AppData\Local\Temp\ccEkB5KW.s 			page 28


 748 0088 11       		.uleb128 0x11
 749 0089 01       		.uleb128 0x1
 750 008a 12       		.uleb128 0x12
 751 008b 06       		.uleb128 0x6
 752 008c 40       		.uleb128 0x40
 753 008d 18       		.uleb128 0x18
 754 008e 9742     		.uleb128 0x2117
 755 0090 19       		.uleb128 0x19
 756 0091 00       		.byte	0
 757 0092 00       		.byte	0
 758 0093 0B       		.uleb128 0xb
 759 0094 2E       		.uleb128 0x2e
 760 0095 00       		.byte	0
 761 0096 3F       		.uleb128 0x3f
 762 0097 19       		.uleb128 0x19
 763 0098 3C       		.uleb128 0x3c
 764 0099 19       		.uleb128 0x19
 765 009a 6E       		.uleb128 0x6e
 766 009b 0E       		.uleb128 0xe
 767 009c 03       		.uleb128 0x3
 768 009d 0E       		.uleb128 0xe
 769 009e 3A       		.uleb128 0x3a
 770 009f 0B       		.uleb128 0xb
 771 00a0 3B       		.uleb128 0x3b
 772 00a1 0B       		.uleb128 0xb
 773 00a2 00       		.byte	0
 774 00a3 00       		.byte	0
 775 00a4 00       		.byte	0
 776              		.section	.debug_aranges,"",%progbits
 777 0000 34000000 		.4byte	0x34
 778 0004 0200     		.2byte	0x2
 779 0006 00000000 		.4byte	.Ldebug_info0
 780 000a 04       		.byte	0x4
 781 000b 00       		.byte	0
 782 000c 0000     		.2byte	0
 783 000e 0000     		.2byte	0
 784 0010 00000000 		.4byte	.LFB0
 785 0014 14000000 		.4byte	.LFE0-.LFB0
 786 0018 00000000 		.4byte	.LFB1
 787 001c 28000000 		.4byte	.LFE1-.LFB1
 788 0020 00000000 		.4byte	.LFB2
 789 0024 02000000 		.4byte	.LFE2-.LFB2
 790 0028 00000000 		.4byte	.LFB3
 791 002c 02000000 		.4byte	.LFE3-.LFB3
 792 0030 00000000 		.4byte	0
 793 0034 00000000 		.4byte	0
 794              		.section	.debug_ranges,"",%progbits
 795              	.Ldebug_ranges0:
 796 0000 00000000 		.4byte	.LFB0
 797 0004 14000000 		.4byte	.LFE0
 798 0008 00000000 		.4byte	.LFB1
 799 000c 28000000 		.4byte	.LFE1
 800 0010 00000000 		.4byte	.LFB2
 801 0014 02000000 		.4byte	.LFE2
 802 0018 00000000 		.4byte	.LFB3
 803 001c 02000000 		.4byte	.LFE3
 804 0020 00000000 		.4byte	0
ARM GAS  C:\Users\JEFFSN~1\AppData\Local\Temp\ccEkB5KW.s 			page 29


 805 0024 00000000 		.4byte	0
 806              		.section	.debug_line,"",%progbits
 807              	.Ldebug_line0:
 808 0000 EE000000 		.section	.debug_str,"MS",%progbits,1
 808      02009E00 
 808      00000201 
 808      FB0E0D00 
 808      01010101 
 809              	.LASF26:
 810 0000 4144435F 		.ascii	"ADC_SAR_Seq_1_IntClock_Start\000"
 810      5341525F 
 810      5365715F 
 810      315F496E 
 810      74436C6F 
 811              	.LASF20:
 812 001d 4144435F 		.ascii	"ADC_SAR_Seq_1_SAR_Stop\000"
 812      5341525F 
 812      5365715F 
 812      315F5341 
 812      525F5374 
 813              	.LASF31:
 814 0034 47656E65 		.ascii	"Generated_Source\\PSoC5\\ADC_SAR_Seq_1_PM.c\000"
 814      72617465 
 814      645F536F 
 814      75726365 
 814      5C50536F 
 815              	.LASF3:
 816 005e 73686F72 		.ascii	"short unsigned int\000"
 816      7420756E 
 816      7369676E 
 816      65642069 
 816      6E7400
 817              	.LASF21:
 818 0071 4144435F 		.ascii	"ADC_SAR_Seq_1_SAR_Sleep\000"
 818      5341525F 
 818      5365715F 
 818      315F5341 
 818      525F536C 
 819              	.LASF16:
 820 0089 4144435F 		.ascii	"ADC_SAR_Seq_1_Sleep\000"
 820      5341525F 
 820      5365715F 
 820      315F536C 
 820      65657000 
 821              	.LASF24:
 822 009d 4144435F 		.ascii	"ADC_SAR_Seq_1_SAR_Wakeup\000"
 822      5341525F 
 822      5365715F 
 822      315F5341 
 822      525F5761 
 823              	.LASF9:
 824 00b6 666C6F61 		.ascii	"float\000"
 824      7400
 825              	.LASF17:
 826 00bc 4144435F 		.ascii	"ADC_SAR_Seq_1_Wakeup\000"
 826      5341525F 
 826      5365715F 
ARM GAS  C:\Users\JEFFSN~1\AppData\Local\Temp\ccEkB5KW.s 			page 30


 826      315F5761 
 826      6B657570 
 827              	.LASF1:
 828 00d1 756E7369 		.ascii	"unsigned char\000"
 828      676E6564 
 828      20636861 
 828      7200
 829              	.LASF13:
 830 00df 72656738 		.ascii	"reg8\000"
 830      00
 831              	.LASF5:
 832 00e4 6C6F6E67 		.ascii	"long unsigned int\000"
 832      20756E73 
 832      69676E65 
 832      6420696E 
 832      7400
 833              	.LASF12:
 834 00f6 75696E74 		.ascii	"uint8\000"
 834      3800
 835              	.LASF28:
 836 00fc 4144435F 		.ascii	"ADC_SAR_Seq_1_Enable\000"
 836      5341525F 
 836      5365715F 
 836      315F456E 
 836      61626C65 
 837              	.LASF18:
 838 0111 4144435F 		.ascii	"ADC_SAR_Seq_1_SaveConfig\000"
 838      5341525F 
 838      5365715F 
 838      315F5361 
 838      7665436F 
 839              	.LASF10:
 840 012a 646F7562 		.ascii	"double\000"
 840      6C6500
 841              	.LASF23:
 842 0131 4144435F 		.ascii	"ADC_SAR_Seq_1_IntClock_Stop\000"
 842      5341525F 
 842      5365715F 
 842      315F496E 
 842      74436C6F 
 843              	.LASF27:
 844 014d 43794465 		.ascii	"CyDelayUs\000"
 844      6C617955 
 844      7300
 845              	.LASF22:
 846 0157 4144435F 		.ascii	"ADC_SAR_Seq_1_Disable\000"
 846      5341525F 
 846      5365715F 
 846      315F4469 
 846      7361626C 
 847              	.LASF8:
 848 016d 756E7369 		.ascii	"unsigned int\000"
 848      676E6564 
 848      20696E74 
 848      00
 849              	.LASF30:
 850 017a 474E5520 		.ascii	"GNU C11 5.4.1 20160609 (release) [ARM/embedded-5-br"
ARM GAS  C:\Users\JEFFSN~1\AppData\Local\Temp\ccEkB5KW.s 			page 31


 850      43313120 
 850      352E342E 
 850      31203230 
 850      31363036 
 851 01ad 616E6368 		.ascii	"anch revision 237715] -mcpu=cortex-m3 -mthumb -g -O"
 851      20726576 
 851      6973696F 
 851      6E203233 
 851      37373135 
 852 01e0 67202D66 		.ascii	"g -ffunction-sections -ffat-lto-objects -finline-fu"
 852      66756E63 
 852      74696F6E 
 852      2D736563 
 852      74696F6E 
 853 0213 6E637469 		.ascii	"nctions -flto\000"
 853      6F6E7320 
 853      2D666C74 
 853      6F00
 854              	.LASF7:
 855 0221 6C6F6E67 		.ascii	"long long unsigned int\000"
 855      206C6F6E 
 855      6720756E 
 855      7369676E 
 855      65642069 
 856              	.LASF15:
 857 0238 73697A65 		.ascii	"sizetype\000"
 857      74797065 
 857      00
 858              	.LASF6:
 859 0241 6C6F6E67 		.ascii	"long long int\000"
 859      206C6F6E 
 859      6720696E 
 859      7400
 860              	.LASF11:
 861 024f 63686172 		.ascii	"char\000"
 861      00
 862              	.LASF32:
 863 0254 433A5C55 		.ascii	"C:\\Users\\JeffSnyder\\dev\\Electrobass_embedded\\P"
 863      73657273 
 863      5C4A6566 
 863      66536E79 
 863      6465725C 
 864 0282 534F4335 		.ascii	"SOC5_electrobass_stringsensors\\CE210514_PSOC3_5_Th"
 864      5F656C65 
 864      6374726F 
 864      62617373 
 864      5F737472 
 865 02b4 65726D69 		.ascii	"ermistor.cydsn\000"
 865      73746F72 
 865      2E637964 
 865      736E00
 866              	.LASF25:
 867 02c3 4144435F 		.ascii	"ADC_SAR_Seq_1_SAR_Enable\000"
 867      5341525F 
 867      5365715F 
 867      315F5341 
 867      525F456E 
ARM GAS  C:\Users\JEFFSN~1\AppData\Local\Temp\ccEkB5KW.s 			page 32


 868              	.LASF2:
 869 02dc 73686F72 		.ascii	"short int\000"
 869      7420696E 
 869      7400
 870              	.LASF29:
 871 02e6 4144435F 		.ascii	"ADC_SAR_Seq_1_SAR_StartConvert\000"
 871      5341525F 
 871      5365715F 
 871      315F5341 
 871      525F5374 
 872              	.LASF4:
 873 0305 6C6F6E67 		.ascii	"long int\000"
 873      20696E74 
 873      00
 874              	.LASF14:
 875 030e 6C6F6E67 		.ascii	"long double\000"
 875      20646F75 
 875      626C6500 
 876              	.LASF0:
 877 031a 7369676E 		.ascii	"signed char\000"
 877      65642063 
 877      68617200 
 878              	.LASF19:
 879 0326 4144435F 		.ascii	"ADC_SAR_Seq_1_RestoreConfig\000"
 879      5341525F 
 879      5365715F 
 879      315F5265 
 879      73746F72 
 880              		.comm	__gnu_lto_v1,1,1
 881              		.ident	"GCC: (GNU Tools for ARM Embedded Processors) 5.4.1 20160609 (release) [ARM/embedded-5-bran
