ARM GAS  C:\Users\JEFFSN~1\AppData\Local\Temp\ccPtEy6e.s 			page 1


   1              		.syntax unified
   2              		.cpu cortex-m3
   3              		.fpu softvfp
   4              		.eabi_attribute 20, 1
   5              		.eabi_attribute 21, 1
   6              		.eabi_attribute 23, 3
   7              		.eabi_attribute 24, 1
   8              		.eabi_attribute 25, 1
   9              		.eabi_attribute 26, 1
  10              		.eabi_attribute 30, 2
  11              		.eabi_attribute 34, 1
  12              		.eabi_attribute 18, 4
  13              		.thumb
  14              		.syntax unified
  15              		.file	"ADC_1_INT.c"
  16              		.text
  17              	.Ltext0:
  18              		.section	.gnu.lto_.profile.a80cdaf1,"",%progbits
  19 0000 789C6361 		.ascii	"x\234ca`d`a`\000\222\034,\000\000~\000\027"
  19      60646061 
  19      6000921C 
  19      2C00007E 
  19      0017
  20              		.text
  21              		.section	.gnu.lto_.icf.a80cdaf1,"",%progbits
  22 0000 789C6361 		.ascii	"x\234ca`d\000\001)\006\004`aX?\363A\013\023#\230d\002"
  22      60640001 
  22      29060460 
  22      61583FF3 
  22      410B1323 
  23 0017 93CC6092 		.ascii	"\223\314`\222\001\000\226\254\012\342"
  23      010096AC 
  23      0AE2
  24              		.text
  25              		.section	.gnu.lto_.jmpfuncs.a80cdaf1,"",%progbits
  26 0000 789C6361 		.ascii	"x\234ca`d\000\001>\006\004`\001b\240(\023\003\0033\220"
  26      60640001 
  26      3E060460 
  26      0162A028 
  26      13030333 
  27 0015 05000292 		.ascii	"\005\000\002\222\000\036"
  27      001E
  28              		.text
  29              		.section	.gnu.lto_.inline.a80cdaf1,"",%progbits
  30 0000 789C6361 		.ascii	"x\234ca`d\000\001/\006\004`a``fbd`\0022\331\026\310"
  30      60640001 
  30      2F060460 
  30      61606066 
  30      62646002 
  31 0018 8328A022 		.ascii	"\203(\240\"t\021&\014\021f\014\021\006\000\216\240\003"
  31      7411260C 
  31      11660C11 
  31      06008EA0 
  31      03
  32 0029 96       		.ascii	"\226"
  33              		.text
  34              		.section	.gnu.lto_.pureconst.a80cdaf1,"",%progbits
ARM GAS  C:\Users\JEFFSN~1\AppData\Local\Temp\ccPtEy6e.s 			page 2


  35 0000 789C6361 		.ascii	"x\234ca`d\340d```a\0002\230\030\230\031\000\001\021"
  35      6064E064 
  35      60606061 
  35      00329818 
  35      98190001 
  36 0015 0019     		.ascii	"\000\031"
  37              		.text
  38              		.section	.gnu.lto_ADC_1_ISR1.a80cdaf1,"",%progbits
  39 0000 789C6361 		.ascii	"x\234ca`d\000\201j V\005bi fdf`d\232p\216\201\241\221"
  39      60640081 
  39      6A205605 
  39      62692066 
  39      64666064 
  40 001a 83899111 		.ascii	"\203\211\221\021\304h\340`d\250gb\254g\374\312\364\227"
  40      C468E060 
  40      64A86762 
  40      AC67FCCA 
  40      F497
  41 002c 89F150FB 		.ascii	"\211\361P\373\263\235L\232\313\033\200\340\301\323["
  41      B39D4C9A 
  41      CB1B80E0 
  41      C1D35B
  42 003b 4C0D2B0E 		.ascii	"L\015+\0160\266230\374g\002\233\304\300\270\234Q\223"
  42      30B63233 
  42      30FC6702 
  42      9BC4C0B8 
  42      9C5193
  43 004e 01A8ECD1 		.ascii	"\001\250\354\321\306\177Sy\331Z@\312\024 \222\214+\030"
  43      C67F5379 
  43      D95A40CA 
  43      1420928C 
  43      2B18
  44 0060 D940D6AD 		.ascii	"\331@\326\255\017:\320\360\377\177s\303\201\033\202"
  44      0F3AD0F0 
  44      FF7F73C3 
  44      811B82
  45 006f 2B998112 		.ascii	"+\231\201\022\037\200\030d\315G&&\020\315\374\212\221"
  45      1F801864 
  45      CD472626 
  45      10CDFC8A 
  45      91
  46 0080 09A4146C 		.ascii	"\011\244\024l\332\007&F\220\030P\205\262{j^jQbIjJ|p"
  46      DA072646 
  46      90185085 
  46      B27B6A5E 
  46      6A516249 
  47 0098 7E695172 		.ascii	"~iQrjL@p\276\263i\214\243\213s\274a\274\247_\210^2\003"
  47      6A4C4070 
  47      BEB3698C 
  47      A38B73BC 
  47      61BCA75F 
  48 00b0 00403338 		.ascii	"\000@38\347"
  48      E7
  49              		.text
  50              		.section	.gnu.lto_ADC_1_ISR2.a80cdaf1,"",%progbits
  51 0000 789C6361 		.ascii	"x\234ca`d\000\201j V\005bi fdf`d\232p\216\201\241\221"
  51      60640081 
ARM GAS  C:\Users\JEFFSN~1\AppData\Local\Temp\ccPtEy6e.s 			page 3


  51      6A205605 
  51      62692066 
  51      64666064 
  52 001a 83899111 		.ascii	"\203\211\221\021\304h\340`d\250gb\254g\374\312\364\227"
  52      C468E060 
  52      64A86762 
  52      AC67FCCA 
  52      F497
  53 002c 89F150FB 		.ascii	"\211\361P\373\263\235L\232\313\033\200\340\301\322\317"
  53      B39D4C9A 
  53      CB1B80E0 
  53      C1D2CF
  54 003b 1A0D2B0E 		.ascii	"\032\015+\0160\266230\374g\002\233\304\300\270\234Q"
  54      30B63233 
  54      30FC6702 
  54      9BC4C0B8 
  54      9C51
  55 004d 9301A8EC 		.ascii	"\223\001\250\354\321\306\177Sy\331Z@\312\024 \222\214"
  55      D1C67F53 
  55      79D95A40 
  55      CA142092 
  55      8C
  56 005e 2B18D940 		.ascii	"+\030\331@\326\255\017:\320\360\377\177s\303\2019\354"
  56      D6AD0F3A 
  56      D0F0FF7F 
  56      73C38139 
  56      EC
  57 006f 6B458012 		.ascii	"kE\200\022\037\200\030d\315G&&\020\315\374\212\221\011"
  57      1F801864 
  57      CD472626 
  57      10CDFC8A 
  57      9109
  58 0081 A4146CDA 		.ascii	"\244\024l\332\007&F\220\030P\205\262{j^jQbIjJ|p~iQr"
  58      07264690 
  58      185085B2 
  58      7B6A5E6A 
  58      5162496A 
  59 009c 6A4C4070 		.ascii	"jL@p\276\263i\214\243\213s\274a\274\247_\210^2\003\000"
  59      BEB3698C 
  59      A38B73BC 
  59      61BCA75F 
  59      885E3203 
  60 00b1 2F8D38B5 		.ascii	"/\2158\265"
  61              		.text
  62              		.section	.gnu.lto_ADC_1_ISR3.a80cdaf1,"",%progbits
  63 0000 789C6361 		.ascii	"x\234ca`d\000\201j V\005bi fdf`d\232p\216\201\241\221"
  63      60640081 
  63      6A205605 
  63      62692066 
  63      64666064 
  64 001a 83899111 		.ascii	"\203\211\221\021\304h\340`d\250gb\254g\374\312\364\227"
  64      C468E060 
  64      64A86762 
  64      AC67FCCA 
  64      F497
  65 002c 89F150FB 		.ascii	"\211\361P\373\263\235L\232\313\033\200\340\301\323\325"
  65      B39D4C9A 
ARM GAS  C:\Users\JEFFSN~1\AppData\Local\Temp\ccPtEy6e.s 			page 4


  65      CB1B80E0 
  65      C1D3D5
  66 003b 9A0D2B0E 		.ascii	"\232\015+\0160\266230\374g\002\233\304\300\270\234Q"
  66      30B63233 
  66      30FC6702 
  66      9BC4C0B8 
  66      9C51
  67 004d 9301A8EC 		.ascii	"\223\001\250\354\321\306\177Sy\331Z@\312\024 \222\214"
  67      D1C67F53 
  67      79D95A40 
  67      CA142092 
  67      8C
  68 005e 2B18D940 		.ascii	"+\030\331@\326\255\017:\320\360\377\177s\303\201\017"
  68      D6AD0F3A 
  68      D0F0FF7F 
  68      73C3810F 
  69 006e 5C5BC581 		.ascii	"\\[\305\201\022\037\200\030d\315G&&\020\315\374\212"
  69      121F8018 
  69      64CD4726 
  69      2610CDFC 
  69      8A
  70 007f 9109A414 		.ascii	"\221\011\244\024l\332\007&F\220\030P\205\262{j^jQbI"
  70      6CDA0726 
  70      46901850 
  70      85B27B6A 
  70      5E6A5162 
  71 0094 6A4A7C70 		.ascii	"jJ|p~iQrjL@p\276\263i\214\243\213s\274a\274\247_\210"
  71      7E695172 
  71      6A4C4070 
  71      BEB3698C 
  71      A38B73BC 
  72 00ad 5E320300 		.ascii	"^2\003\000J\3209\020"
  72      4AD03910 
  73              		.text
  74              		.section	.gnu.lto_ADC_1_ISR4.a80cdaf1,"",%progbits
  75 0000 789C6361 		.ascii	"x\234ca`d\000\201j V\005bi fdf`d\232p\216\201\241\221"
  75      60640081 
  75      6A205605 
  75      62692066 
  75      64666064 
  76 001a 83899111 		.ascii	"\203\211\221\021\304h\340`d\250gb\254g\374\312\364\227"
  76      C468E060 
  76      64A86762 
  76      AC67FCCA 
  76      F497
  77 002c 89F150FB 		.ascii	"\211\361P\373\263\235L\232\313\033\200\340\301\322g"
  77      B39D4C9A 
  77      CB1B80E0 
  77      C1D267
  78 003b 9A0D2B0E 		.ascii	"\232\015+\0160\266230\374g\002\233\304\300\270\234Q"
  78      30B63233 
  78      30FC6702 
  78      9BC4C0B8 
  78      9C51
  79 004d 9301A8EC 		.ascii	"\223\001\250\354\321\306\177Sy\331Z@\312\024 \222\214"
  79      D1C67F53 
  79      79D95A40 
ARM GAS  C:\Users\JEFFSN~1\AppData\Local\Temp\ccPtEy6e.s 			page 5


  79      CA142092 
  79      8C
  80 005e 2B18D940 		.ascii	"+\030\331@\326\255\017:\320\360\377\177s\303\201-|{"
  80      D6AD0F3A 
  80      D0F0FF7F 
  80      73C3812D 
  80      7C7B
  81 0070 E580121F 		.ascii	"\345\200\022\037\200\030d\315G&&\020\315\374\212\221"
  81      801864CD 
  81      47262610 
  81      CDFC8A91 
  82 0080 09A4146C 		.ascii	"\011\244\024l\332\007&F\220\030P\205\262{j^jQbIjJ|p"
  82      DA072646 
  82      90185085 
  82      B27B6A5E 
  82      6A516249 
  83 0098 7E695172 		.ascii	"~iQrjL@p\276\263i\214\243\213s\274a\274\247_\210^2\003"
  83      6A4C4070 
  83      BEB3698C 
  83      A38B73BC 
  83      61BCA75F 
  84 00b0 003AA838 		.ascii	"\000:\2508\342"
  84      E2
  85              		.text
  86              		.section	.gnu.lto_.symbol_nodes.a80cdaf1,"",%progbits
  87 0000 789C6361 		.ascii	"x\234ca`dpc\000\002&\206z\006\206\011\347\030@\324\256"
  87      60647063 
  87      00022686 
  87      7A068609 
  87      E71840D4 
  88 0015 0645A000 		.ascii	"\006E\240\000c=#\252\000S=\023\252\000s=3\212\000\003"
  88      633D23AA 
  88      00533D13 
  88      AA00733D 
  88      338A0003 
  89 0029 0026B60F 		.ascii	"\000&\266\017<"
  89      3C
  90              		.text
  91              		.section	.gnu.lto_.refs.a80cdaf1,"",%progbits
  92 0000 789C6361 		.ascii	"x\234ca`\004B \000\000\0009\000\007"
  92      60044220 
  92      00000039 
  92      0007
  93              		.text
  94              		.section	.gnu.lto_.decls.a80cdaf1,"",%progbits
  95 0000 789C6D91 		.ascii	"x\234m\221\317+DQ\024\307\357\271\357\021\223,$YP\323"
  95      CF2B4451 
  95      14C7EFB9 
  95      EF11932C 
  95      245950D3 
  96 0014 58AAA9F1 		.ascii	"X\252\251\361ccE\343G6\222\301BS\223\037#+J\354/\306"
  96      636345E3 
  96      473692C1 
  96      4253931F 
  96      232B4AEC 
  97 002a 4EB1A10C 		.ascii	"N\261\241\014\205\"\203\031\363f\306\037@\221\250Q~"
  97      85228319 
ARM GAS  C:\Users\JEFFSN~1\AppData\Local\Temp\ccPtEy6e.s 			page 6


  97      F366C61F 
  97      4091A851 
  97      7E
  98 003b 2C487E25 		.ascii	",H~%\311\302BXXh\234w\337}\356\213wz\347\335s\336\373"
  98      C9C24258 
  98      58689C77 
  98      DF7DEE8B 
  98      777AE7DD 
  99 0052 7E3FF7DC 		.ascii	"~?\367\334\367T\002D\217\001JH\027\256\027\230\031\214"
  99      F7540244 
  99      8F014A48 
  99      17AE1798 
  99      198C
 100 0064 2C5C3B89 		.ascii	",\\;\211\014\0253\206\031\307L`\246\310\377\320\337"
 100      0C153386 
 100      19C74C60 
 100      A6C8FFD0 
 100      DF
 101 0075 83C507E2 		.ascii	"\203\305\007\342\331\337\210\333\350\3426\272\204\215"
 101      D9DF88DB 
 101      E8E236BA 
 101      848D
 102 0083 2E61A34B 		.ascii	".a\243K\331\350\354\346\373\246\220Y\332\231\316\271"
 102      D9E8ECE6 
 102      FBA69059 
 102      DA99CEB9 
 103 0093 862B5088 		.ascii	"\206+P\21088\0010\356\300\223\030\311[,(1\012\363\321"
 103      38380130 
 103      EEC09318 
 103      C95B2C28 
 103      310AF3D1 
 104 00a7 6F1021A1 		.ascii	"o\020!\241f)a\374\022~\310\230\301!\222\016\302d\364"
 104      662961FC 
 104      127EC898 
 104      C121920E 
 104      C264F4
 105 00ba E6DCC204 		.ascii	"\346\334\302\004Tn\000Fk:,\274?\023\2313\233\333\020"
 105      546E0046 
 105      6B3A2CBC 
 105      3F139933 
 105      9BDB10
 106 00cd 6A1EFAF0 		.ascii	"j\036\372\360\205\255\200BA\257\357\276\"\215\356(\303"
 106      85AD8042 
 106      41AFEFBE 
 106      228DEE28 
 106      C3
 107 00de 98618C96 		.ascii	"\230a\214\226\312/s\032\322\026\225\017\012\005\016"
 107      CA2F731A 
 107      D216950F 
 107      0A050E
 108 00ed 50B17D4B 		.ascii	"P\261}K\207\037\363\261-t\200\023\333\357\243\2050-"
 108      871FF3B1 
 108      2D748013 
 108      DBEFA385 
 108      302D
 109 00ff 9EE3BE09 		.ascii	"\236\343\276\011\346T\241\263\010\266\240\0046\241\004"
 109      E654A1B3 
ARM GAS  C:\Users\JEFFSN~1\AppData\Local\Temp\ccPtEy6e.s 			page 7


 109      08B6A004 
 109      36A104
 110 010e F78B4231 		.ascii	"\367\213B1\336{T\203t\366\372>\236\353Zf\232\306\356"
 110      DE7B5483 
 110      74F6FA3E 
 110      9EEB5A66 
 110      9AC6EE
 111 0121 6FA2E5F3 		.ascii	"o\242\345\363l7\2046\252\253 \002\012l\200[\0372\242"
 111      6C378436 
 111      AAAB2002 
 111      0A6C805B 
 111      1F32A2
 112 0134 FF0302EB 		.ascii	"\377\003\002\353p\215\363\306\300\205\316\317\364\224"
 112      708DF3C6 
 112      C085CECF 
 112      F494
 113 0142 5FA9E173 		.ascii	"_\251\341s\316\336\356\237\347\031\220\335\360a\036"
 113      CEDEEE9F 
 113      E71990DD 
 113      F0611E
 114 0151 9B1963AC 		.ascii	"\233\031c\254\226#\266%b\333\212\210s\304CdmRQ\0328"
 114      9623B625 
 114      62DB8A88 
 114      73C44364 
 114      6D52511A 
 115 0166 E3FCE062 		.ascii	"\343\374\340b\225\012\306\355\261\225\241I\206fe$8\343"
 115      950AC6ED 
 115      B195A149 
 115      86666524 
 115      38E3
 116 0178 EA29D6AF 		.ascii	"\352)\326\257\264r\304sz\3572[ \222'VDR\"\222VD\012"
 116      B472C473 
 116      7AEF325B 
 116      20922756 
 116      44522292 
 117 018f 5CC45157 		.ascii	"\\\304QW\357\015x\002\315\2766ONSK\207\323\353\361\220"
 117      EF0D7802 
 117      CDBE364F 
 117      4E534B87 
 117      D3EBF190 
 118 01a3 B2A6E060 		.ascii	"\262\246\340`p\270{$\330\027\360\015\215\016\367\006"
 118      70B87B24 
 118      D817F00D 
 118      8D0EF706 
 119 01b3 FDADBE21 		.ascii	"\375\255\276!o\265_H[\332\335\275\026_\205,+eY\365\003"
 119      6FB55F48 
 119      5BDADDBD 
 119      165F852C 
 119      2B6559F5 
 120 01c8 DD4AB768 		.ascii	"\335J\267h"
 121              		.text
 122              		.section	.gnu.lto_.symtab.a80cdaf1,"",%progbits
 123 0000 4144435F 		.ascii	"ADC_1_ISR1\000"
 123      315F4953 
 123      523100
 124 000b 00       		.ascii	"\000"
 125 000c 00       		.ascii	"\000"
ARM GAS  C:\Users\JEFFSN~1\AppData\Local\Temp\ccPtEy6e.s 			page 8


 126 000d 00       		.ascii	"\000"
 127 000e 00000000 		.ascii	"\000\000\000\000\000\000\000\000"
 127      00000000 
 128 0016 AD000000 		.ascii	"\255\000\000\000"
 129 001a 4144435F 		.ascii	"ADC_1_ISR2\000"
 129      315F4953 
 129      523200
 130 0025 00       		.ascii	"\000"
 131 0026 00       		.ascii	"\000"
 132 0027 00       		.ascii	"\000"
 133 0028 00000000 		.ascii	"\000\000\000\000\000\000\000\000"
 133      00000000 
 134 0030 AF000000 		.ascii	"\257\000\000\000"
 135 0034 4144435F 		.ascii	"ADC_1_ISR3\000"
 135      315F4953 
 135      523300
 136 003f 00       		.ascii	"\000"
 137 0040 00       		.ascii	"\000"
 138 0041 00       		.ascii	"\000"
 139 0042 00000000 		.ascii	"\000\000\000\000\000\000\000\000"
 139      00000000 
 140 004a B1000000 		.ascii	"\261\000\000\000"
 141 004e 4144435F 		.ascii	"ADC_1_ISR4\000"
 141      315F4953 
 141      523400
 142 0059 00       		.ascii	"\000"
 143 005a 00       		.ascii	"\000"
 144 005b 00       		.ascii	"\000"
 145 005c 00000000 		.ascii	"\000\000\000\000\000\000\000\000"
 145      00000000 
 146 0064 B3000000 		.ascii	"\263\000\000\000"
 147              		.text
 148              		.section	.gnu.lto_.opts,"",%progbits
 149 0000 272D666D 		.ascii	"'-fmath-errno' '-fsigned-zeros' '-ftrapping-math' '"
 149      6174682D 
 149      6572726E 
 149      6F272027 
 149      2D667369 
 150 0033 2D666E6F 		.ascii	"-fno-trapv' '-fno-openmp' '-fno-openacc' '-mcpu=cor"
 150      2D747261 
 150      70762720 
 150      272D666E 
 150      6F2D6F70 
 151 0066 7465782D 		.ascii	"tex-m3' '-mthumb' '-g' '-O3' '-ffunction-sections' "
 151      6D332720 
 151      272D6D74 
 151      68756D62 
 151      2720272D 
 152 0099 272D6666 		.ascii	"'-ffat-lto-objects' '-finline-functions' '-flto'\000"
 152      61742D6C 
 152      746F2D6F 
 152      626A6563 
 152      74732720 
 153              		.text
 154              		.cfi_sections	.debug_frame
 155              		.section	.text.ADC_1_ISR1,"ax",%progbits
 156              		.align	2
ARM GAS  C:\Users\JEFFSN~1\AppData\Local\Temp\ccPtEy6e.s 			page 9


 157              		.global	ADC_1_ISR1
 158              		.thumb
 159              		.thumb_func
 160              		.type	ADC_1_ISR1, %function
 161              	ADC_1_ISR1:
 162              	.LFB9:
 163              		.cfi_startproc
 164              		@ args = 0, pretend = 0, frame = 0
 165              		@ frame_needed = 0, uses_anonymous_args = 0
 166              		@ link register save eliminated.
 167 0000 7047     		bx	lr
 168              		.cfi_endproc
 169              	.LFE9:
 170              		.size	ADC_1_ISR1, .-ADC_1_ISR1
 171 0002 00BF     		.section	.text.ADC_1_ISR2,"ax",%progbits
 172              		.align	2
 173              		.global	ADC_1_ISR2
 174              		.thumb
 175              		.thumb_func
 176              		.type	ADC_1_ISR2, %function
 177              	ADC_1_ISR2:
 178              	.LFB7:
 179              		.cfi_startproc
 180              		@ args = 0, pretend = 0, frame = 0
 181              		@ frame_needed = 0, uses_anonymous_args = 0
 182              		@ link register save eliminated.
 183 0000 7047     		bx	lr
 184              		.cfi_endproc
 185              	.LFE7:
 186              		.size	ADC_1_ISR2, .-ADC_1_ISR2
 187 0002 00BF     		.section	.text.ADC_1_ISR3,"ax",%progbits
 188              		.align	2
 189              		.global	ADC_1_ISR3
 190              		.thumb
 191              		.thumb_func
 192              		.type	ADC_1_ISR3, %function
 193              	ADC_1_ISR3:
 194              	.LFB5:
 195              		.cfi_startproc
 196              		@ args = 0, pretend = 0, frame = 0
 197              		@ frame_needed = 0, uses_anonymous_args = 0
 198              		@ link register save eliminated.
 199 0000 7047     		bx	lr
 200              		.cfi_endproc
 201              	.LFE5:
 202              		.size	ADC_1_ISR3, .-ADC_1_ISR3
 203 0002 00BF     		.section	.text.ADC_1_ISR4,"ax",%progbits
 204              		.align	2
 205              		.global	ADC_1_ISR4
 206              		.thumb
 207              		.thumb_func
 208              		.type	ADC_1_ISR4, %function
 209              	ADC_1_ISR4:
 210              	.LFB3:
 211              		.file 1 "Generated_Source\\PSoC5\\ADC_1_INT.c"
   1:Generated_Source\PSoC5/ADC_1_INT.c **** /*******************************************************************************
   2:Generated_Source\PSoC5/ADC_1_INT.c **** * File Name: ADC_1_INT.c
ARM GAS  C:\Users\JEFFSN~1\AppData\Local\Temp\ccPtEy6e.s 			page 10


   3:Generated_Source\PSoC5/ADC_1_INT.c **** * Version 3.30
   4:Generated_Source\PSoC5/ADC_1_INT.c **** *
   5:Generated_Source\PSoC5/ADC_1_INT.c **** * Description:
   6:Generated_Source\PSoC5/ADC_1_INT.c **** *  This file contains the code that operates during the ADC_DelSig interrupt
   7:Generated_Source\PSoC5/ADC_1_INT.c **** *  service routine.
   8:Generated_Source\PSoC5/ADC_1_INT.c **** *
   9:Generated_Source\PSoC5/ADC_1_INT.c **** * Note:
  10:Generated_Source\PSoC5/ADC_1_INT.c **** *
  11:Generated_Source\PSoC5/ADC_1_INT.c **** ********************************************************************************
  12:Generated_Source\PSoC5/ADC_1_INT.c **** * Copyright 2008-2017, Cypress Semiconductor Corporation.  All rights reserved.
  13:Generated_Source\PSoC5/ADC_1_INT.c **** * You may use this file only in accordance with the license, terms, conditions,
  14:Generated_Source\PSoC5/ADC_1_INT.c **** * disclaimers, and limitations in the end user license agreement accompanying
  15:Generated_Source\PSoC5/ADC_1_INT.c **** * the software package with which this file was provided.
  16:Generated_Source\PSoC5/ADC_1_INT.c **** *******************************************************************************/
  17:Generated_Source\PSoC5/ADC_1_INT.c **** 
  18:Generated_Source\PSoC5/ADC_1_INT.c **** #include "ADC_1.h"
  19:Generated_Source\PSoC5/ADC_1_INT.c **** 
  20:Generated_Source\PSoC5/ADC_1_INT.c **** 
  21:Generated_Source\PSoC5/ADC_1_INT.c **** 
  22:Generated_Source\PSoC5/ADC_1_INT.c **** /*******************************************************************************
  23:Generated_Source\PSoC5/ADC_1_INT.c **** * Custom Declarations and Variables
  24:Generated_Source\PSoC5/ADC_1_INT.c **** * - add user include files, prototypes and variables between the following
  25:Generated_Source\PSoC5/ADC_1_INT.c **** *   #START and #END tags
  26:Generated_Source\PSoC5/ADC_1_INT.c **** *******************************************************************************/
  27:Generated_Source\PSoC5/ADC_1_INT.c **** /* `#START ADC_SYS_VAR`  */
  28:Generated_Source\PSoC5/ADC_1_INT.c **** 
  29:Generated_Source\PSoC5/ADC_1_INT.c **** /* `#END`  */
  30:Generated_Source\PSoC5/ADC_1_INT.c **** 
  31:Generated_Source\PSoC5/ADC_1_INT.c **** #if(ADC_1_IRQ_REMOVE == 0u)
  32:Generated_Source\PSoC5/ADC_1_INT.c **** 
  33:Generated_Source\PSoC5/ADC_1_INT.c **** 
  34:Generated_Source\PSoC5/ADC_1_INT.c ****     /*****************************************************************************
  35:Generated_Source\PSoC5/ADC_1_INT.c ****     * Function Name: ADC_1_ISR1
  36:Generated_Source\PSoC5/ADC_1_INT.c ****     ******************************************************************************
  37:Generated_Source\PSoC5/ADC_1_INT.c ****     *
  38:Generated_Source\PSoC5/ADC_1_INT.c ****     * Summary:
  39:Generated_Source\PSoC5/ADC_1_INT.c ****     *  Handle Interrupt Service Routine.
  40:Generated_Source\PSoC5/ADC_1_INT.c ****     *
  41:Generated_Source\PSoC5/ADC_1_INT.c ****     * Parameters:
  42:Generated_Source\PSoC5/ADC_1_INT.c ****     *  None
  43:Generated_Source\PSoC5/ADC_1_INT.c ****     *
  44:Generated_Source\PSoC5/ADC_1_INT.c ****     * Return:
  45:Generated_Source\PSoC5/ADC_1_INT.c ****     *  None
  46:Generated_Source\PSoC5/ADC_1_INT.c ****     *
  47:Generated_Source\PSoC5/ADC_1_INT.c ****     * Reentrant:
  48:Generated_Source\PSoC5/ADC_1_INT.c ****     *  No
  49:Generated_Source\PSoC5/ADC_1_INT.c ****     *
  50:Generated_Source\PSoC5/ADC_1_INT.c ****     *****************************************************************************/
  51:Generated_Source\PSoC5/ADC_1_INT.c ****     CY_ISR( ADC_1_ISR1)
  52:Generated_Source\PSoC5/ADC_1_INT.c ****     {
  53:Generated_Source\PSoC5/ADC_1_INT.c ****         #ifdef ADC_1_ISR1_ENTRY_CALLBACK
  54:Generated_Source\PSoC5/ADC_1_INT.c ****             ADC_1_ISR1_EntryCallback();
  55:Generated_Source\PSoC5/ADC_1_INT.c ****         #endif /* ADC_1_ISR1_ENTRY_CALLBACK */
  56:Generated_Source\PSoC5/ADC_1_INT.c ****         
  57:Generated_Source\PSoC5/ADC_1_INT.c **** 
  58:Generated_Source\PSoC5/ADC_1_INT.c ****         /**************************************************************************
  59:Generated_Source\PSoC5/ADC_1_INT.c ****         *  Custom Code
ARM GAS  C:\Users\JEFFSN~1\AppData\Local\Temp\ccPtEy6e.s 			page 11


  60:Generated_Source\PSoC5/ADC_1_INT.c ****         *  - add user ISR code between the following #START and #END tags
  61:Generated_Source\PSoC5/ADC_1_INT.c ****         **************************************************************************/
  62:Generated_Source\PSoC5/ADC_1_INT.c ****         /* `#START MAIN_ADC_ISR1`  */
  63:Generated_Source\PSoC5/ADC_1_INT.c **** 
  64:Generated_Source\PSoC5/ADC_1_INT.c ****         /* `#END`  */
  65:Generated_Source\PSoC5/ADC_1_INT.c ****         
  66:Generated_Source\PSoC5/ADC_1_INT.c ****         /* Stop the conversion if conversion mode is single sample and resolution
  67:Generated_Source\PSoC5/ADC_1_INT.c ****         *  is above 16 bits.
  68:Generated_Source\PSoC5/ADC_1_INT.c ****         */
  69:Generated_Source\PSoC5/ADC_1_INT.c ****         #if(ADC_1_CFG1_RESOLUTION > 16 && \
  70:Generated_Source\PSoC5/ADC_1_INT.c ****             ADC_1_CFG1_CONV_MODE == ADC_1_MODE_SINGLE_SAMPLE)
  71:Generated_Source\PSoC5/ADC_1_INT.c ****             ADC_1_StopConvert();
  72:Generated_Source\PSoC5/ADC_1_INT.c ****             /* Software flag for checking conversion complete or not. Will be used when
  73:Generated_Source\PSoC5/ADC_1_INT.c ****             *  resolution is above 16 bits and conversion mode is single sample 
  74:Generated_Source\PSoC5/ADC_1_INT.c **** 			*/
  75:Generated_Source\PSoC5/ADC_1_INT.c ****             ADC_1_convDone = ADC_1_DEC_CONV_DONE;
  76:Generated_Source\PSoC5/ADC_1_INT.c ****         #endif /* Single sample conversion mode with resolution above 16 bits */
  77:Generated_Source\PSoC5/ADC_1_INT.c **** 
  78:Generated_Source\PSoC5/ADC_1_INT.c ****         #ifdef ADC_1_ISR1_EXIT_CALLBACK
  79:Generated_Source\PSoC5/ADC_1_INT.c ****             ADC_1_ISR1_ExitCallback();
  80:Generated_Source\PSoC5/ADC_1_INT.c ****         #endif /* ADC_1_ISR1_EXIT_CALLBACK */
  81:Generated_Source\PSoC5/ADC_1_INT.c ****     }
  82:Generated_Source\PSoC5/ADC_1_INT.c **** 
  83:Generated_Source\PSoC5/ADC_1_INT.c **** 
  84:Generated_Source\PSoC5/ADC_1_INT.c ****     /*****************************************************************************
  85:Generated_Source\PSoC5/ADC_1_INT.c ****     * Function Name: ADC_1_ISR2
  86:Generated_Source\PSoC5/ADC_1_INT.c ****     ******************************************************************************
  87:Generated_Source\PSoC5/ADC_1_INT.c ****     *
  88:Generated_Source\PSoC5/ADC_1_INT.c ****     * Summary:
  89:Generated_Source\PSoC5/ADC_1_INT.c ****     *  Handle Interrupt Service Routine.
  90:Generated_Source\PSoC5/ADC_1_INT.c ****     *
  91:Generated_Source\PSoC5/ADC_1_INT.c ****     * Parameters:
  92:Generated_Source\PSoC5/ADC_1_INT.c ****     *  None
  93:Generated_Source\PSoC5/ADC_1_INT.c ****     *
  94:Generated_Source\PSoC5/ADC_1_INT.c ****     * Return:
  95:Generated_Source\PSoC5/ADC_1_INT.c ****     *  None
  96:Generated_Source\PSoC5/ADC_1_INT.c ****     *
  97:Generated_Source\PSoC5/ADC_1_INT.c ****     * Reentrant:
  98:Generated_Source\PSoC5/ADC_1_INT.c ****     *  No
  99:Generated_Source\PSoC5/ADC_1_INT.c ****     *
 100:Generated_Source\PSoC5/ADC_1_INT.c ****     *****************************************************************************/
 101:Generated_Source\PSoC5/ADC_1_INT.c ****     CY_ISR( ADC_1_ISR2)
 102:Generated_Source\PSoC5/ADC_1_INT.c ****     {
 103:Generated_Source\PSoC5/ADC_1_INT.c ****         #ifdef ADC_1_ISR2_ENTRY_CALLBACK
 104:Generated_Source\PSoC5/ADC_1_INT.c ****             ADC_1_ISR2_EntryCallback();
 105:Generated_Source\PSoC5/ADC_1_INT.c ****         #endif /* ADC_1_ISR2_ENTRY_CALLBACK */
 106:Generated_Source\PSoC5/ADC_1_INT.c ****         
 107:Generated_Source\PSoC5/ADC_1_INT.c ****         
 108:Generated_Source\PSoC5/ADC_1_INT.c ****         /***************************************************************************
 109:Generated_Source\PSoC5/ADC_1_INT.c ****         *  Custom Code
 110:Generated_Source\PSoC5/ADC_1_INT.c ****         *  - add user ISR code between the following #START and #END tags
 111:Generated_Source\PSoC5/ADC_1_INT.c ****         **************************************************************************/
 112:Generated_Source\PSoC5/ADC_1_INT.c ****         /* `#START MAIN_ADC_ISR2`  */
 113:Generated_Source\PSoC5/ADC_1_INT.c **** 
 114:Generated_Source\PSoC5/ADC_1_INT.c ****         /* `#END`  */
 115:Generated_Source\PSoC5/ADC_1_INT.c **** 
 116:Generated_Source\PSoC5/ADC_1_INT.c ****         /* Stop the conversion conversion mode is single sample and resolution
ARM GAS  C:\Users\JEFFSN~1\AppData\Local\Temp\ccPtEy6e.s 			page 12


 117:Generated_Source\PSoC5/ADC_1_INT.c ****         *  is above 16 bits.
 118:Generated_Source\PSoC5/ADC_1_INT.c ****         */
 119:Generated_Source\PSoC5/ADC_1_INT.c ****         #if(ADC_1_CFG2_RESOLUTION > 16 && \
 120:Generated_Source\PSoC5/ADC_1_INT.c ****             ADC_1_CFG2_CONVMODE == ADC_1_MODE_SINGLE_SAMPLE)
 121:Generated_Source\PSoC5/ADC_1_INT.c ****             ADC_1_StopConvert();
 122:Generated_Source\PSoC5/ADC_1_INT.c ****             /* Software flag for checking conversion complete or not. Will be used when
 123:Generated_Source\PSoC5/ADC_1_INT.c ****             *   resolution is above 16 bits and conversion mode is single sample 
 124:Generated_Source\PSoC5/ADC_1_INT.c **** 			*/
 125:Generated_Source\PSoC5/ADC_1_INT.c ****             ADC_1_convDone = ADC_1_DEC_CONV_DONE;
 126:Generated_Source\PSoC5/ADC_1_INT.c ****         #endif /* Single sample conversion mode with resolution above 16 bits */
 127:Generated_Source\PSoC5/ADC_1_INT.c **** 
 128:Generated_Source\PSoC5/ADC_1_INT.c ****         #ifdef ADC_1_ISR2_EXIT_CALLBACK
 129:Generated_Source\PSoC5/ADC_1_INT.c ****             ADC_1_ISR2_ExitCallback();
 130:Generated_Source\PSoC5/ADC_1_INT.c ****         #endif /* ADC_1_ISR2_EXIT_CALLBACK */
 131:Generated_Source\PSoC5/ADC_1_INT.c ****     }
 132:Generated_Source\PSoC5/ADC_1_INT.c **** 
 133:Generated_Source\PSoC5/ADC_1_INT.c **** 
 134:Generated_Source\PSoC5/ADC_1_INT.c ****     /*****************************************************************************
 135:Generated_Source\PSoC5/ADC_1_INT.c ****     * Function Name: ADC_1_ISR3
 136:Generated_Source\PSoC5/ADC_1_INT.c ****     ******************************************************************************
 137:Generated_Source\PSoC5/ADC_1_INT.c ****     *
 138:Generated_Source\PSoC5/ADC_1_INT.c ****     * Summary:
 139:Generated_Source\PSoC5/ADC_1_INT.c ****     *  Handle Interrupt Service Routine.
 140:Generated_Source\PSoC5/ADC_1_INT.c ****     *
 141:Generated_Source\PSoC5/ADC_1_INT.c ****     * Parameters:
 142:Generated_Source\PSoC5/ADC_1_INT.c ****     *  None
 143:Generated_Source\PSoC5/ADC_1_INT.c ****     *
 144:Generated_Source\PSoC5/ADC_1_INT.c ****     * Return:
 145:Generated_Source\PSoC5/ADC_1_INT.c ****     *  None
 146:Generated_Source\PSoC5/ADC_1_INT.c ****     *
 147:Generated_Source\PSoC5/ADC_1_INT.c ****     * Reentrant:
 148:Generated_Source\PSoC5/ADC_1_INT.c ****     *  No
 149:Generated_Source\PSoC5/ADC_1_INT.c ****     *
 150:Generated_Source\PSoC5/ADC_1_INT.c ****     *****************************************************************************/
 151:Generated_Source\PSoC5/ADC_1_INT.c ****     CY_ISR( ADC_1_ISR3)
 152:Generated_Source\PSoC5/ADC_1_INT.c ****     {
 153:Generated_Source\PSoC5/ADC_1_INT.c ****         #ifdef ADC_1_ISR3_ENTRY_CALLBACK
 154:Generated_Source\PSoC5/ADC_1_INT.c ****             ADC_1_ISR3_EntryCallback();
 155:Generated_Source\PSoC5/ADC_1_INT.c ****         #endif /* ADC_1_ISR3_ENTRY_CALLBACK */        
 156:Generated_Source\PSoC5/ADC_1_INT.c **** 
 157:Generated_Source\PSoC5/ADC_1_INT.c ****         
 158:Generated_Source\PSoC5/ADC_1_INT.c ****         /***************************************************************************
 159:Generated_Source\PSoC5/ADC_1_INT.c ****         *  Custom Code
 160:Generated_Source\PSoC5/ADC_1_INT.c ****         *  - add user ISR code between the following #START and #END tags
 161:Generated_Source\PSoC5/ADC_1_INT.c ****         **************************************************************************/
 162:Generated_Source\PSoC5/ADC_1_INT.c ****         /* `#START MAIN_ADC_ISR3`  */
 163:Generated_Source\PSoC5/ADC_1_INT.c **** 
 164:Generated_Source\PSoC5/ADC_1_INT.c ****         /* `#END`  */
 165:Generated_Source\PSoC5/ADC_1_INT.c ****         
 166:Generated_Source\PSoC5/ADC_1_INT.c ****         /* Stop the conversion if conversion mode is set to single sample and
 167:Generated_Source\PSoC5/ADC_1_INT.c ****         *  resolution is above 16 bits.
 168:Generated_Source\PSoC5/ADC_1_INT.c ****         */
 169:Generated_Source\PSoC5/ADC_1_INT.c ****         #if(ADC_1_CFG3_RESOLUTION > 16 && \
 170:Generated_Source\PSoC5/ADC_1_INT.c ****             ADC_1_CFG3_CONVMODE == ADC_1_MODE_SINGLE_SAMPLE)
 171:Generated_Source\PSoC5/ADC_1_INT.c ****             ADC_1_StopConvert();
 172:Generated_Source\PSoC5/ADC_1_INT.c ****             /* Software flag for checking conversion complete or not. Will be used when
 173:Generated_Source\PSoC5/ADC_1_INT.c ****             *  resolution is above 16 bits and conversion mode is single sample 
ARM GAS  C:\Users\JEFFSN~1\AppData\Local\Temp\ccPtEy6e.s 			page 13


 174:Generated_Source\PSoC5/ADC_1_INT.c **** 			*/
 175:Generated_Source\PSoC5/ADC_1_INT.c ****             ADC_1_convDone = ADC_1_DEC_CONV_DONE;
 176:Generated_Source\PSoC5/ADC_1_INT.c ****         #endif /* Single sample conversion mode with resolution above 16 bits */
 177:Generated_Source\PSoC5/ADC_1_INT.c **** 
 178:Generated_Source\PSoC5/ADC_1_INT.c ****         #ifdef ADC_1_ISR3_EXIT_CALLBACK
 179:Generated_Source\PSoC5/ADC_1_INT.c ****             ADC_1_ISR3_ExitCallback();
 180:Generated_Source\PSoC5/ADC_1_INT.c ****         #endif /* ADC_1_ISR3_EXIT_CALLBACK */        
 181:Generated_Source\PSoC5/ADC_1_INT.c ****     }
 182:Generated_Source\PSoC5/ADC_1_INT.c **** 
 183:Generated_Source\PSoC5/ADC_1_INT.c **** 
 184:Generated_Source\PSoC5/ADC_1_INT.c ****     /*****************************************************************************
 185:Generated_Source\PSoC5/ADC_1_INT.c ****     * Function Name: ADC_1_ISR4
 186:Generated_Source\PSoC5/ADC_1_INT.c ****     ******************************************************************************
 187:Generated_Source\PSoC5/ADC_1_INT.c ****     *
 188:Generated_Source\PSoC5/ADC_1_INT.c ****     * Summary:
 189:Generated_Source\PSoC5/ADC_1_INT.c ****     *  Handle Interrupt Service Routine.
 190:Generated_Source\PSoC5/ADC_1_INT.c ****     *
 191:Generated_Source\PSoC5/ADC_1_INT.c ****     * Parameters:
 192:Generated_Source\PSoC5/ADC_1_INT.c ****     *  None
 193:Generated_Source\PSoC5/ADC_1_INT.c ****     *
 194:Generated_Source\PSoC5/ADC_1_INT.c ****     * Return:
 195:Generated_Source\PSoC5/ADC_1_INT.c ****     *  None
 196:Generated_Source\PSoC5/ADC_1_INT.c ****     *
 197:Generated_Source\PSoC5/ADC_1_INT.c ****     * Reentrant:
 198:Generated_Source\PSoC5/ADC_1_INT.c ****     *  No
 199:Generated_Source\PSoC5/ADC_1_INT.c ****     *
 200:Generated_Source\PSoC5/ADC_1_INT.c ****     *****************************************************************************/
 201:Generated_Source\PSoC5/ADC_1_INT.c ****     CY_ISR( ADC_1_ISR4)
 202:Generated_Source\PSoC5/ADC_1_INT.c ****     {
 212              		.loc 1 202 0
 213              		.cfi_startproc
 214              		@ args = 0, pretend = 0, frame = 0
 215              		@ frame_needed = 0, uses_anonymous_args = 0
 216              		@ link register save eliminated.
 217 0000 7047     		bx	lr
 218              		.cfi_endproc
 219              	.LFE3:
 220              		.size	ADC_1_ISR4, .-ADC_1_ISR4
 221 0002 00BF     		.text
 222              	.Letext0:
 223              		.section	.debug_info,"",%progbits
 224              	.Ldebug_info0:
 225 0000 A2000000 		.4byte	0xa2
 226 0004 0400     		.2byte	0x4
 227 0006 00000000 		.4byte	.Ldebug_abbrev0
 228 000a 04       		.byte	0x4
 229 000b 01       		.uleb128 0x1
 230 000c 48010000 		.4byte	.LASF14
 231 0010 0C       		.byte	0xc
 232 0011 1B000000 		.4byte	.LASF15
 233 0015 7B000000 		.4byte	.LASF16
 234 0019 00000000 		.4byte	.Ldebug_ranges0+0
 235 001d 00000000 		.4byte	0
 236 0021 00000000 		.4byte	.Ldebug_line0
 237 0025 02       		.uleb128 0x2
 238 0026 01       		.byte	0x1
 239 0027 06       		.byte	0x6
ARM GAS  C:\Users\JEFFSN~1\AppData\Local\Temp\ccPtEy6e.s 			page 14


 240 0028 1D010000 		.4byte	.LASF0
 241 002c 02       		.uleb128 0x2
 242 002d 01       		.byte	0x1
 243 002e 08       		.byte	0x8
 244 002f 6D000000 		.4byte	.LASF1
 245 0033 02       		.uleb128 0x2
 246 0034 02       		.byte	0x2
 247 0035 05       		.byte	0x5
 248 0036 35010000 		.4byte	.LASF2
 249 003a 02       		.uleb128 0x2
 250 003b 02       		.byte	0x2
 251 003c 07       		.byte	0x7
 252 003d 0A010000 		.4byte	.LASF3
 253 0041 02       		.uleb128 0x2
 254 0042 04       		.byte	0x4
 255 0043 05       		.byte	0x5
 256 0044 EF000000 		.4byte	.LASF4
 257 0048 02       		.uleb128 0x2
 258 0049 04       		.byte	0x4
 259 004a 07       		.byte	0x7
 260 004b 3E000000 		.4byte	.LASF5
 261 004f 02       		.uleb128 0x2
 262 0050 08       		.byte	0x8
 263 0051 05       		.byte	0x5
 264 0052 00000000 		.4byte	.LASF6
 265 0056 02       		.uleb128 0x2
 266 0057 08       		.byte	0x8
 267 0058 07       		.byte	0x7
 268 0059 50000000 		.4byte	.LASF7
 269 005d 03       		.uleb128 0x3
 270 005e 04       		.byte	0x4
 271 005f 05       		.byte	0x5
 272 0060 696E7400 		.ascii	"int\000"
 273 0064 02       		.uleb128 0x2
 274 0065 04       		.byte	0x4
 275 0066 07       		.byte	0x7
 276 0067 0E000000 		.4byte	.LASF8
 277 006b 02       		.uleb128 0x2
 278 006c 04       		.byte	0x4
 279 006d 04       		.byte	0x4
 280 006e 67000000 		.4byte	.LASF9
 281 0072 02       		.uleb128 0x2
 282 0073 08       		.byte	0x8
 283 0074 04       		.byte	0x4
 284 0075 03010000 		.4byte	.LASF10
 285 0079 02       		.uleb128 0x2
 286 007a 01       		.byte	0x1
 287 007b 08       		.byte	0x8
 288 007c EA000000 		.4byte	.LASF11
 289 0080 02       		.uleb128 0x2
 290 0081 08       		.byte	0x8
 291 0082 04       		.byte	0x4
 292 0083 29010000 		.4byte	.LASF12
 293 0087 02       		.uleb128 0x2
 294 0088 04       		.byte	0x4
 295 0089 07       		.byte	0x7
 296 008a 3F010000 		.4byte	.LASF13
ARM GAS  C:\Users\JEFFSN~1\AppData\Local\Temp\ccPtEy6e.s 			page 15


 297 008e 04       		.uleb128 0x4
 298 008f F8000000 		.4byte	.LASF17
 299 0093 01       		.byte	0x1
 300 0094 C9       		.byte	0xc9
 301 0095 01       		.byte	0x1
 302 0096 05       		.uleb128 0x5
 303 0097 8E000000 		.4byte	0x8e
 304 009b 00000000 		.4byte	.LFB3
 305 009f 02000000 		.4byte	.LFE3-.LFB3
 306 00a3 01       		.uleb128 0x1
 307 00a4 9C       		.byte	0x9c
 308 00a5 00       		.byte	0
 309              		.section	.debug_abbrev,"",%progbits
 310              	.Ldebug_abbrev0:
 311 0000 01       		.uleb128 0x1
 312 0001 11       		.uleb128 0x11
 313 0002 01       		.byte	0x1
 314 0003 25       		.uleb128 0x25
 315 0004 0E       		.uleb128 0xe
 316 0005 13       		.uleb128 0x13
 317 0006 0B       		.uleb128 0xb
 318 0007 03       		.uleb128 0x3
 319 0008 0E       		.uleb128 0xe
 320 0009 1B       		.uleb128 0x1b
 321 000a 0E       		.uleb128 0xe
 322 000b 55       		.uleb128 0x55
 323 000c 17       		.uleb128 0x17
 324 000d 11       		.uleb128 0x11
 325 000e 01       		.uleb128 0x1
 326 000f 10       		.uleb128 0x10
 327 0010 17       		.uleb128 0x17
 328 0011 00       		.byte	0
 329 0012 00       		.byte	0
 330 0013 02       		.uleb128 0x2
 331 0014 24       		.uleb128 0x24
 332 0015 00       		.byte	0
 333 0016 0B       		.uleb128 0xb
 334 0017 0B       		.uleb128 0xb
 335 0018 3E       		.uleb128 0x3e
 336 0019 0B       		.uleb128 0xb
 337 001a 03       		.uleb128 0x3
 338 001b 0E       		.uleb128 0xe
 339 001c 00       		.byte	0
 340 001d 00       		.byte	0
 341 001e 03       		.uleb128 0x3
 342 001f 24       		.uleb128 0x24
 343 0020 00       		.byte	0
 344 0021 0B       		.uleb128 0xb
 345 0022 0B       		.uleb128 0xb
 346 0023 3E       		.uleb128 0x3e
 347 0024 0B       		.uleb128 0xb
 348 0025 03       		.uleb128 0x3
 349 0026 08       		.uleb128 0x8
 350 0027 00       		.byte	0
 351 0028 00       		.byte	0
 352 0029 04       		.uleb128 0x4
 353 002a 2E       		.uleb128 0x2e
ARM GAS  C:\Users\JEFFSN~1\AppData\Local\Temp\ccPtEy6e.s 			page 16


 354 002b 00       		.byte	0
 355 002c 3F       		.uleb128 0x3f
 356 002d 19       		.uleb128 0x19
 357 002e 03       		.uleb128 0x3
 358 002f 0E       		.uleb128 0xe
 359 0030 3A       		.uleb128 0x3a
 360 0031 0B       		.uleb128 0xb
 361 0032 3B       		.uleb128 0x3b
 362 0033 0B       		.uleb128 0xb
 363 0034 27       		.uleb128 0x27
 364 0035 19       		.uleb128 0x19
 365 0036 20       		.uleb128 0x20
 366 0037 0B       		.uleb128 0xb
 367 0038 00       		.byte	0
 368 0039 00       		.byte	0
 369 003a 05       		.uleb128 0x5
 370 003b 2E       		.uleb128 0x2e
 371 003c 00       		.byte	0
 372 003d 31       		.uleb128 0x31
 373 003e 13       		.uleb128 0x13
 374 003f 11       		.uleb128 0x11
 375 0040 01       		.uleb128 0x1
 376 0041 12       		.uleb128 0x12
 377 0042 06       		.uleb128 0x6
 378 0043 40       		.uleb128 0x40
 379 0044 18       		.uleb128 0x18
 380 0045 9742     		.uleb128 0x2117
 381 0047 19       		.uleb128 0x19
 382 0048 00       		.byte	0
 383 0049 00       		.byte	0
 384 004a 00       		.byte	0
 385              		.section	.debug_aranges,"",%progbits
 386 0000 1C000000 		.4byte	0x1c
 387 0004 0200     		.2byte	0x2
 388 0006 00000000 		.4byte	.Ldebug_info0
 389 000a 04       		.byte	0x4
 390 000b 00       		.byte	0
 391 000c 0000     		.2byte	0
 392 000e 0000     		.2byte	0
 393 0010 00000000 		.4byte	.LFB3
 394 0014 02000000 		.4byte	.LFE3-.LFB3
 395 0018 00000000 		.4byte	0
 396 001c 00000000 		.4byte	0
 397              		.section	.debug_ranges,"",%progbits
 398              	.Ldebug_ranges0:
 399 0000 00000000 		.4byte	.LFB3
 400 0004 02000000 		.4byte	.LFE3
 401 0008 00000000 		.4byte	0
 402 000c 00000000 		.4byte	0
 403              		.section	.debug_line,"",%progbits
 404              	.Ldebug_line0:
 405 0000 4F000000 		.section	.debug_str,"MS",%progbits,1
 405      02003900 
 405      00000201 
 405      FB0E0D00 
 405      01010101 
 406              	.LASF6:
ARM GAS  C:\Users\JEFFSN~1\AppData\Local\Temp\ccPtEy6e.s 			page 17


 407 0000 6C6F6E67 		.ascii	"long long int\000"
 407      206C6F6E 
 407      6720696E 
 407      7400
 408              	.LASF8:
 409 000e 756E7369 		.ascii	"unsigned int\000"
 409      676E6564 
 409      20696E74 
 409      00
 410              	.LASF15:
 411 001b 47656E65 		.ascii	"Generated_Source\\PSoC5\\ADC_1_INT.c\000"
 411      72617465 
 411      645F536F 
 411      75726365 
 411      5C50536F 
 412              	.LASF5:
 413 003e 6C6F6E67 		.ascii	"long unsigned int\000"
 413      20756E73 
 413      69676E65 
 413      6420696E 
 413      7400
 414              	.LASF7:
 415 0050 6C6F6E67 		.ascii	"long long unsigned int\000"
 415      206C6F6E 
 415      6720756E 
 415      7369676E 
 415      65642069 
 416              	.LASF9:
 417 0067 666C6F61 		.ascii	"float\000"
 417      7400
 418              	.LASF1:
 419 006d 756E7369 		.ascii	"unsigned char\000"
 419      676E6564 
 419      20636861 
 419      7200
 420              	.LASF16:
 421 007b 433A5C55 		.ascii	"C:\\Users\\JeffSnyder\\dev\\Electrobass_embedded\\P"
 421      73657273 
 421      5C4A6566 
 421      66536E79 
 421      6465725C 
 422 00a9 534F4335 		.ascii	"SOC5_electrobass_stringsensors\\CE210514_PSOC3_5_Th"
 422      5F656C65 
 422      6374726F 
 422      62617373 
 422      5F737472 
 423 00db 65726D69 		.ascii	"ermistor.cydsn\000"
 423      73746F72 
 423      2E637964 
 423      736E00
 424              	.LASF11:
 425 00ea 63686172 		.ascii	"char\000"
 425      00
 426              	.LASF4:
 427 00ef 6C6F6E67 		.ascii	"long int\000"
 427      20696E74 
 427      00
ARM GAS  C:\Users\JEFFSN~1\AppData\Local\Temp\ccPtEy6e.s 			page 18


 428              	.LASF17:
 429 00f8 4144435F 		.ascii	"ADC_1_ISR4\000"
 429      315F4953 
 429      523400
 430              	.LASF10:
 431 0103 646F7562 		.ascii	"double\000"
 431      6C6500
 432              	.LASF3:
 433 010a 73686F72 		.ascii	"short unsigned int\000"
 433      7420756E 
 433      7369676E 
 433      65642069 
 433      6E7400
 434              	.LASF0:
 435 011d 7369676E 		.ascii	"signed char\000"
 435      65642063 
 435      68617200 
 436              	.LASF12:
 437 0129 6C6F6E67 		.ascii	"long double\000"
 437      20646F75 
 437      626C6500 
 438              	.LASF2:
 439 0135 73686F72 		.ascii	"short int\000"
 439      7420696E 
 439      7400
 440              	.LASF13:
 441 013f 73697A65 		.ascii	"sizetype\000"
 441      74797065 
 441      00
 442              	.LASF14:
 443 0148 474E5520 		.ascii	"GNU C11 5.4.1 20160609 (release) [ARM/embedded-5-br"
 443      43313120 
 443      352E342E 
 443      31203230 
 443      31363036 
 444 017b 616E6368 		.ascii	"anch revision 237715] -mcpu=cortex-m3 -mthumb -g -O"
 444      20726576 
 444      6973696F 
 444      6E203233 
 444      37373135 
 445 01ae 33202D66 		.ascii	"3 -ffunction-sections -ffat-lto-objects -finline-fu"
 445      66756E63 
 445      74696F6E 
 445      2D736563 
 445      74696F6E 
 446 01e1 6E637469 		.ascii	"nctions -flto\000"
 446      6F6E7320 
 446      2D666C74 
 446      6F00
 447              		.comm	__gnu_lto_v1,1,1
 448              		.ident	"GCC: (GNU Tools for ARM Embedded Processors) 5.4.1 20160609 (release) [ARM/embedded-5-bran
