ARM GAS  C:\Users\JEFFSN~1\AppData\Local\Temp\ccO8H4UR.s 			page 1


   1              		.syntax unified
   2              		.cpu cortex-m3
   3              		.fpu softvfp
   4              		.eabi_attribute 20, 1
   5              		.eabi_attribute 21, 1
   6              		.eabi_attribute 23, 3
   7              		.eabi_attribute 24, 1
   8              		.eabi_attribute 25, 1
   9              		.eabi_attribute 26, 1
  10              		.eabi_attribute 30, 2
  11              		.eabi_attribute 34, 1
  12              		.eabi_attribute 18, 4
  13              		.thumb
  14              		.syntax unified
  15              		.file	"ADC_SAR_Seq_1_SAR_PM.c"
  16              		.text
  17              	.Ltext0:
  18              		.section	.gnu.lto_.profile.807cb3e2,"",%progbits
  19 0000 789C6361 		.ascii	"x\234ca`d`a`\000\222\001\262\000\001'\000x"
  19      60646061 
  19      60009201 
  19      B2000127 
  19      0078
  20              		.text
  21              		.section	.gnu.lto_.icf.807cb3e2,"",%progbits
  22 0000 789C6361 		.ascii	"x\234ca`d\000\001m\006\004`g\370\373\264\355\030?\343"
  22      60640001 
  22      6D060460 
  22      67F8FBB4 
  22      ED183FE3 
  23 0014 B1AB6D5F 		.ascii	"\261\253m_\371\230\256-\273\315\313\274~\346\203\026"
  23      F998AE2D 
  23      BBCDCBBC 
  23      7EE68316 
  24 0024 261630C9 		.ascii	"&\0260\311\332rbG\0137[\343\307\331\257\230\030\000"
  24      DA726247 
  24      0B375BE3 
  24      C7D9AF98 
  24      1800
  25 0036 C9ED13FA 		.ascii	"\311\355\023\372"
  26              		.text
  27              		.section	.gnu.lto_.jmpfuncs.807cb3e2,"",%progbits
  28 0000 789C6361 		.ascii	"x\234ca`d\000\001I\006\004`\003\021L \202\231\201\201"
  28      60640001 
  28      49060460 
  28      03114C20 
  28      82998181 
  29 0014 85818115 		.ascii	"\205\201\201\025&\006\000\006\017\0009"
  29      26060006 
  29      0F0039
  30              		.text
  31              		.section	.gnu.lto_.inline.807cb3e2,"",%progbits
  32 0000 789C6361 		.ascii	"x\234ca`d\000\201n\006\004`c`\340\022dd`\342\231\340"
  32      60640081 
  32      6E060460 
  32      6360E012 
  32      646460E2 
ARM GAS  C:\Users\JEFFSN~1\AppData\Local\Temp\ccO8H4UR.s 			page 2


  33 0016 C7C0B640 		.ascii	"\307\300\266@\236\011$\306\310\005$\230\0308E\200\342"
  33      9E0924C6 
  33      C8052498 
  33      18384580 
  33      E2
  34 0027 1C07EC50 		.ascii	"\034\007\354P\305\301\0043\0033\023P\022\244\037*\307"
  34      C5C10433 
  34      03331350 
  34      12A41F2A 
  34      C7
  35 0038 8221C2CA 		.ascii	"\202!\302\312\300\311\003\024\341Z\341\206j\000\033"
  35      C0C90314 
  35      E15AE186 
  35      6A001B
  36 0047 033B2750 		.ascii	"\003;'P\234\355\203\036\2528\003\000\3566\012\021"
  36      9CED831E 
  36      AA380300 
  36      EE360A11 
  37              		.text
  38              		.section	.gnu.lto_.pureconst.807cb3e2,"",%progbits
  39 0000 789C6361 		.ascii	"x\234ca`d\340e```c\220b\222`f`a`\225b\223\000\000\004"
  39      6064E065 
  39      60606063 
  39      90629260 
  39      66606160 
  40 001a 670091   		.ascii	"g\000\221"
  41              		.text
  42              		.section	.gnu.lto_ADC_SAR_Seq_1_SAR_Sleep.part.0.807cb3e2,"",%progbits
  43 0000 789C8D51 		.ascii	"x\234\215Q\317KTQ\024\276\337\275\357\027\223c\375\001"
  43      CF4B5451 
  43      14BEDFBD 
  43      EF179363 
  43      FD01
  44 0012 2EDA891B 		.ascii	".\332\211\033\265E\233v\242\344*\030\234\2550\204\275"
  44      B5459B76 
  44      A2E42A18 
  44      9CAD3084 
  44      BD
  45 0023 AD92E47A 		.ascii	"\255\222\344z\356\370\346\345L\013\221\240 L\244\225"
  45      EEF8E6E5 
  45      4C0B91A0 
  45      204CA495 
  46 0033 96DACCE8 		.ascii	"\226\332\314\350h\275M\014\203\341\"\251U\233$\250\210"
  46      68BD4D0C 
  46      83E122A9 
  46      559B24A8 
  46      88
  47 0044 21446286 		.ascii	"!Db\206,(\322\351\234\373\312\202 :p\3579\357\334\357"
  47      2C28D2E9 
  47      9CFBCA82 
  47      203A70EF 
  47      39EFDCEF 
  48 0058 7EDFF7CE 		.ascii	"~\337\367\316\265\004\004\307\224\024\242\237r\212\026"
  48      B50404C7 
  48      9414A29F 
  48      728A16
  49 0067 3C0177EE 		.ascii	"<\001w\3569\025.\244\311R\252B\267\320\011\213\367\016"
ARM GAS  C:\Users\JEFFSN~1\AppData\Local\Temp\ccO8H4UR.s 			page 3


  49      39152EA4 
  49      C952AA42 
  49      B7D0098B 
  49      F70E
  50 0079 059BBB39 		.ascii	"\005\233\2739\317\372U\330p\342\302\001\270\320\036"
  50      CFFA55D8 
  50      70E2C201 
  50      B8D01E
  51 0088 44D695CA 		.ascii	"D\326\225\312\262\035d\361Y\036I\324g\032\221\354Y\322"
  51      B21D64F1 
  51      591E49D4 
  51      671A91EC 
  51      59D2
  52 009a 146F9E7E 		.ascii	"\024o\236~\354\327\3135\204J\210\2664\362\002K\350\021"
  52      ECD7CB35 
  52      844A88B6 
  52      34F2024B 
  52      E811
  53 00ac 047B5739 		.ascii	"\004{W9\276\225t\362\014;\033\037b\031\016{,\215h\335"
  53      BE9574F2 
  53      0C3B1B1F 
  53      62190E7B 
  53      2C8D68DD 
  54 00c0 6E077AEE 		.ascii	"n\007z\356S'\210>T\220\274\011\321$\024\2136\245\313"
  54      5327883E 
  54      5490BC09 
  54      D124148B 
  54      36A5CB
  55 00d3 59B5A434 		.ascii	"Y\265\2444\271\201\372\267\033_\346/0A\240@\344\267"
  55      B981FAB7 
  55      1B5FE62F 
  55      3041A040 
  55      E4B7
  56 00e5 C3FA0BF7 		.ascii	"\303\372\013\367P\206J\202\265\252\317f_\237\212?\013"
  56      50864A82 
  56      B5AACF66 
  56      5F9F8A3F 
  56      0B
  57 00f6 EB396D51 		.ascii	"\3539mQk\365\325\223\233\247\027\261\220\313\347\364"
  57      6BF5D593 
  57      9BA717B1 
  57      90CBE7F4 
  58 0106 9950293C 		.ascii	"\231P)<@\027\356\243\213l\254`\021\242\201\340\373E"
  58      4017EEA3 
  58      8B6CAC60 
  58      11A281E0 
  58      FB45
  59 0118 11281913 		.ascii	"\021(\031\023V\267w\256{\314\000\212U\202\275E~/\030"
  59      56B777AE 
  59      7BCC008A 
  59      5582BD45 
  59      7E2F18
  60 012b 8F15F9AF 		.ascii	"\217\025\371\257K\007\321\327d\014\020Xc\036\212\226"
  60      4B07D1D7 
  60      640C1058 
  60      631E8A96 
  61 013b 54A2D04D 		.ascii	"T\242\320M\376\246\017\313\357\357%\031\375\2479\313"
ARM GAS  C:\Users\JEFFSN~1\AppData\Local\Temp\ccO8H4UR.s 			page 4


  61      FEA60FCB 
  61      EFEF2519 
  61      FDA739CB 
  62 014b 988BA283 		.ascii	"\230\213\242\203=7{\244\013\232\215XE\232\025\267\367"
  62      3D377BA4 
  62      0B9A8D58 
  62      459A15B7 
  62      F7
  63 015c 775F6E27 		.ascii	"w_n'\330\2406}\033%\032\360C&\246\303\331\307\345\242"
  63      D8A0367D 
  63      1B251AF0 
  63      4326A6C3 
  63      D9C7E5A2 
  64 0170 D7B7C6C3 		.ascii	"\327\267\306\303\323\3634^\007e2}lF\214\012\372\010"
  64      D3F3345E 
  64      0765327D 
  64      6C468C0A 
  64      FA08
  65 0182 52BC7B67 		.ascii	"R\274{g\305\2508PX7\206Z\322:\261\3238\261\363\277\372"
  65      C5A83850 
  65      5837865A 
  65      D23AB1D3 
  65      38B1F3BF 
  66 0197 1BFFD4AF 		.ascii	"\033\377\324\257\376\326\3374\372\2333\273\225D\254"
  66      FED6DF34 
  66      FA9B33BB 
  66      9544AC
  67 01a6 0F6CFDD4 		.ascii	"\017l\375\324\267\315{}@P[\330\351`\375\277\007\340"
  67      B7CD7B7D 
  67      40505BD8 
  67      E960FDBF 
  67      07E0
  68 01b8 B6E9CD04 		.ascii	"\266\351\315\004\036!K\217\356\231[\216\271\265\217"
  68      1E214B8F 
  68      EE995B8E 
  68      B9B58F
  69 01c7 E95A346C 		.ascii	"\351Z4l.q4\011Fm\222\354\035\366\307\375\311\313\327"
  69      2E713409 
  69      466D92EC 
  69      1DF6C7FD 
  69      C9CBD7
  70 01da FC2B99F4 		.ascii	"\374+\231\364\304\324\344\230?\232JO\014\236\037\035"
  70      C4D4E498 
  70      3F9A4A4F 
  70      0C9E1F1D 
  71 01ea 181ACCA4 		.ascii	"\030\032\314\244\007F2i\377j\346\234\251R\227z\307\304"
  71      07463269 
  71      FF6AE69C 
  71      A952977A 
  71      C7C4
  72 01fc 0F15B7ED 		.ascii	"\017\025\267\355\270"
  72      B8
  73              		.text
  74              		.section	.gnu.lto_ADC_SAR_Seq_1_SAR_backup.807cb3e2,"",%progbits
  75 0000 789C6361 		.ascii	"x\234ca`d\000\001] \206\260\030\030\37621\256\177\263"
  75      60640001 
  75      5D2086B0 
ARM GAS  C:\Users\JEFFSN~1\AppData\Local\Temp\ccO8H4UR.s 			page 5


  75      1818FE32 
  75      31AE7FB3 
  76 0014 F327EF17 		.ascii	"\363'\357\027\246Vf\240 \220\273sn\373m>\213m\015\035"
  76      A65666A0 
  76      2090BB73 
  76      6EFB6D3E 
  76      8B6D0D1D 
  77 0028 0B1A045A 		.ascii	"\013\032\004Z\231\031\377110.g\224a`\\\301h\301\000"
  77      9919FF31 
  77      31302E67 
  77      9461605C 
  77      C168C100 
  78 003c 00C3A010 		.ascii	"\000\303\240\020)"
  78      29
  79              		.text
  80              		.section	.gnu.lto_ADC_SAR_Seq_1_SAR_Wakeup.part.1.807cb3e2,"",%progbits
  81 0000 789C7550 		.ascii	"x\234uP=H\034a\020\2357\337\356\335a\224Xh'\222\326"
  81      3D481C61 
  81      109D37DF 
  81      EEDD6194 
  81      58682792 
  82 0015 422F16E9 		.ascii	"B/\026\351\322\210\242 \010r\327\012G0\333F\224\244"
  82      D288A220 
  82      0872D70A 
  82      4730DB46 
  82      94A4
  83 0027 CD7DBA2E 		.ascii	"\315}\272.\211M\020A;\271\342\212\363\347\364\274.{"
  83      894D1041 
  83      3BB9E28A 
  83      F3E7F4BC 
  83      2E7B
  84 0039 D5214923 		.ascii	"\325!I#I\304B\033\233h!A,NH\010\201\350f\346\273t!\003"
  84      49C4421B 
  84      9B682141 
  84      2C4E4808 
  84      81E866E6 
  85 0051 BB33CCF7 		.ascii	"\2733\314\367\336\274y\343\021H\243*\351\261\344\247"
  85      DEBC79E3 
  85      1148A32A 
  85      E9B1E4A7 
  86 0061 F22145F0 		.ascii	"\362!E\360W\277H\341\203]f6\215~\262\035\336Y\226l\247"
  86      57BF48E1 
  86      835D6636 
  86      8D7EB21D 
  86      DE59966C 
  87 0076 81A7DDC5 		.ascii	"\201\247\335\305\214\007ha3\240\242\317\306C\021?\370"
  87      8C076861 
  87      33A0A2CF 
  87      C643113F 
  87      F8
  88 0087 8E71F8E6 		.ascii	"\216q\370\346*\346\201\212\225\370\032\225\207\355V"
  88      2AE6818A 
  88      95F81A95 
  88      87ED56
  89 0096 1391214A 		.ascii	"\023\221!J\330I\021*\030 \201]\326\357\327\273R\313"
  89      D849112A 
  89      1820815D 
ARM GAS  C:\Users\JEFFSN~1\AppData\Local\Temp\ccO8H4UR.s 			page 6


  89      D6EFD7BB 
  89      52CB
  90 00a8 0A7BD47E 		.ascii	"\012{\324~\304\026R\272O-gm\222\204v\265\334\2134(2"
  90      C41652BA 
  90      4F2D676D 
  90      928476B5 
  90      DC8B3428 
  91 00bd 60FD11B5 		.ascii	"`\375\021\265\004\245\222-\3665\233[f\227\277!l\326"
  91      04A5922D 
  91      F6359B5B 
  91      6697BF21 
  91      6CD6
  92 00cf 8F3A95AF 		.ascii	"\217:\225\257\223\343\370\346<]\274\263o\255\355\216"
  92      93E3F8E6 
  92      3C5DBCB3 
  92      6FADED8E 
  93 00df 0C272C54 		.ascii	"\014',Tl\243(C\014]a\251Q\377\274\366@\301\241\201\300"
  93      6CA32843 
  93      0C5D61A9 
  93      51FFBCF6 
  93      40C1A181 
  94 00f4 37A2C3E3 		.ascii	"7\242\303\343\364w\216\304\301\277loEV\327\366\365\247"
  94      F4778EC4 
  94      C1BF6C6F 
  94      4556D7F6 
  94      F5A7
  95 0106 D30F1D25 		.ascii	"\323\017\035%l.Z\327\367\261+~w\320\347\036\337\275"
  95      6C2E5AD7 
  95      F7B12B7E 
  95      77D0E71E 
  95      DFBD
  96 0118 3F58C964 		.ascii	"?X\311d\007#\223B\025%\334;\253\330CV\344\302\337\343"
  96      07239342 
  96      1525DC3B 
  96      ABD84356 
  96      E4C2DFE3 
  97 012c 141A6E6B 		.ascii	"\024\032nk}L~6\037\252\026\300\330\027\366\005\226\317"
  97      7D4C7E36 
  97      1FAA16C0 
  97      D817F605 
  97      96CF
  98 013e C3D7ED65 		.ascii	"\303\327\355e\364x\265\233\370WW\033@\250\351x\211["
  98      F478B59B 
  98      F857571B 
  98      40A8E978 
  98      895B
  99 0150 36D4E877 		.ascii	"6\324\350w6\343\243\236\377\332\024U\034\374\265\251"
  99      36E3A39E 
  99      FFDA1455 
  99      1CFCB5A9 
 100 0160 24CF1DE7 		.ascii	"$\317\035\347\032K\315\223IG\322h\3115\244-\330\241"
 100      1A4BCD93 
 100      4947D268 
 100      C935A42D 
 100      D8A1
 101 0172 89E045B0 		.ascii	"\211\340E\260\360\354e\360\274\220\237{\2650\033\314"
 101      F0EC65F0 
ARM GAS  C:\Users\JEFFSN~1\AppData\Local\Temp\ccO8H4UR.s 			page 7


 101      BC909F7B 
 101      B5301BCC 
 102 0182 4CE7E746 		.ascii	"L\347\347F\237\314\214\214\215\026\362#\271B>\230/\014"
 102      9FCC8C8C 
 102      8D16F223 
 102      B9423E98 
 102      2F0C
 103 0194 BB6A7A6A 		.ascii	"\273jzjh\226\376\0003.\245N"
 103      6896FE00 
 103      332EA54E 
 104              		.text
 105              		.section	.gnu.lto_ADC_SAR_Seq_1_SAR_SaveConfig.807cb3e2,"",%progbits
 106 0000 789C6361 		.ascii	"x\234ca`d\000\201j 6\000bi fdf`d\232p\216\201\241\221"
 106      60640081 
 106      6A203600 
 106      62692066 
 106      64666064 
 107 001a 83899111 		.ascii	"\203\211\221\021\304h\340`d\250gb\254g\374\312\364\227"
 107      C468E060 
 107      64A86762 
 107      AC67FCCA 
 107      F497
 108 002c 89F150FB 		.ascii	"\211\361P\373\263\235L\232\313\033\200\340A\353t\346"
 108      B39D4C9A 
 108      CB1B80E0 
 108      41EB74E6 
 109 003c 86150718 		.ascii	"\206\025\007\030[\231\031\030\3763\201Mb`\\\316\250"
 109      5B991918 
 109      FE33814D 
 109      62605CCE 
 109      A8
 110 004d C90054F6 		.ascii	"\311\000T\366h\343\277\251\274l- e\012\020I\306\025"
 110      68E3BFA9 
 110      BC6C2D20 
 110      650A1049 
 110      C615
 111 005f 8C6C20EB 		.ascii	"\214l \353\326\007\035h\370\377\277\271\341\300n\326"
 111      D6071D68 
 111      F8FFBFB9 
 111      E1C06ED6 
 112 006f BF4C4089 		.ascii	"\277L@\211\017@\014\262\346#\220\003\244\231_12\201"
 112      0F400CB2 
 112      E6239003 
 112      A4995F31 
 112      3281
 113 0081 94824DFB 		.ascii	"\224\202M\373\300\304\010\022\003\252\320sO\315K-J,"
 113      C0C40812 
 113      03AAD073 
 113      4FCD4B2D 
 113      4A2C
 114 0093 494D890F 		.ascii	"IM\211\017\316/-JN\215\011\010\316w6\215qtq\216\017"
 114      CE2F2D4A 
 114      4E8D0908 
 114      CE77368D 
 114      7174718E 
 115 00a8 760C8A0F 		.ascii	"v\014\212\017N-\2147\004\263\002|\365\222\031\000\207"
 115      4E2D8C37 
ARM GAS  C:\Users\JEFFSN~1\AppData\Local\Temp\ccO8H4UR.s 			page 8


 115      04B3027C 
 115      F5921900 
 115      87
 116 00b9 E93C49   		.ascii	"\351<I"
 117              		.text
 118              		.section	.gnu.lto_ADC_SAR_Seq_1_SAR_RestoreConfig.807cb3e2,"",%progbits
 119 0000 789C6361 		.ascii	"x\234ca`d\000\201\032 6\000bi fdf`d\232p\216\201\241"
 119      60640081 
 119      1A203600 
 119      62692066 
 119      64666064 
 120 0019 91838991 		.ascii	"\221\203\211\221\021\304h\340`d\250gb\254g\374\312\364"
 120      11C468E0 
 120      6064A867 
 120      62AC67FC 
 120      CAF4
 121 002b 9789F150 		.ascii	"\227\211\361P\373\263\235L\232\313\033\200\340A\353"
 121      FBB39D4C 
 121      9ACB1B80 
 121      E041EB
 122 003a 23838615 		.ascii	"#\203\206\025\007\030[\231\031\030\3763\201Mb`\\\316"
 122      07185B99 
 122      1918FE33 
 122      814D6260 
 122      5CCE
 123 004c A8C90054 		.ascii	"\250\311\000T\366h\343\277\251\274l- e\012\020I\306"
 123      F668E3BF 
 123      A9BC6C2D 
 123      20650A10 
 123      49C6
 124 005e 158C6C20 		.ascii	"\025\214l \353\326\007\035h\370\377\277\271\341\300"
 124      EBD6071D 
 124      68F8FFBF 
 124      B9E1C0
 125 006d 64B683D3 		.ascii	"d\266\203\323\330\2002\037\200\030d\317G&&\020\315\374"
 125      D880321F 
 125      801864CF 
 125      47262610 
 125      CDFC
 126 007f 8A9109A4 		.ascii	"\212\221\011\244\026l\334\007&F\220\030P\205\236{j^"
 126      166CDC07 
 126      26469018 
 126      50859E7B 
 126      6A5E
 127 0091 6A516249 		.ascii	"jQbIjJ|p~iQrjL@p\276\263i\214\243\213s|\260cP|pja\274"
 127      6A4A7C70 
 127      7E695172 
 127      6A4C4070 
 127      BEB3698C 
 128 00b1 219815E0 		.ascii	"!\230\025\340\253\227\314\000\000\007W<\371"
 128      AB97CC00 
 128      0007573C 
 128      F9
 129              		.text
 130              		.section	.gnu.lto_ADC_SAR_Seq_1_SAR_Sleep.807cb3e2,"",%progbits
 131 0000 789C6551 		.ascii	"x\234eQ\277K\034Q\020\236\357\275\375\205Q\364\017\220"
 131      BF4B1C51 
ARM GAS  C:\Users\JEFFSN~1\AppData\Local\Temp\ccO8H4UR.s 			page 9


 131      109EEFBD 
 131      FD8551F4 
 131      0F90
 132 0012 904E6CFC 		.ascii	"\220Nl\374\005)-\304\020\253\200x\255p\004\263m$\222"
 132      05292DC4 
 132      10AB8078 
 132      AD7004B3 
 132      6D2492
 133 0025 D4F7EEF6 		.ascii	"\324\367\356\366\026O\013\011\204\330H8H\021M\214\271"
 133      164F0B09 
 133      84D84838 
 133      48114D8C 
 133      B9
 134 0036 D3346EB7 		.ascii	"\3234n\2679\264\013\011)R\331\304\200\213\212\212\202"
 134      39B40B09 
 134      2952D9C4 
 134      808B8A8A 
 134      82
 135 0047 410CD175 		.ascii	"A\014\321uf\267\0212\260o\336\316\373f\346\373f,\002"
 135      66B71132 
 135      B06FDECE 
 135      FB66E6FB 
 135      662C02
 136 005a 891DB01B 		.ascii	"\211\035\260\033`?\314\037\034\202z\371\215\250\354"
 136      603FCC1F 
 136      1C827AF9 
 136      8DA8EC
 137 0069 29A56B3D 		.ascii	")\245k=d\332,9\3335l\011\303\312}\331\263\001\271\030"
 137      64DA2C39 
 137      DB356C09 
 137      C3CA7DD9 
 137      B301B918 
 138 007d 0F5452DA 		.ascii	"\017TR\332\262Q\302\037u\245\320\232M\"\325\273l\330"
 138      B251C21F 
 138      75A5D09A 
 138      4D22D5BB 
 138      6CD8
 139 008f 7E6D9F0C 		.ascii	"~m\237\014\230\225\030\241&JU\326\213\260\214^b\330"
 139      989518A1 
 139      264A55D6 
 139      8BB08C5E 
 139      62D8
 140 00a1 EFF5EBD7 		.ascii	"\357\365\353\327\035NU`\367\362G\254\300\021B\215\211"
 140      1D4E5560 
 140      F7F247AC 
 140      C011428D 
 140      89
 141 00b2 D8A46960 		.ascii	"\330\244i`\342\013\347\313\246\353\202B\015-\007\321"
 141      E20BE7CB 
 141      A6EB8242 
 141      0D2D07D1 
 142 00c2 29E3A4E9 		.ascii	")\343\244\351\231R\342u\202\326\337\371diHR\003\255"
 142      9952E275 
 142      82D6DFF9 
 142      64694852 
 142      03AD
 143 00d4 B9EC62D8 		.ascii	"\271\354b\330\372\356\236\253P+H\227\037\225\255\267"
ARM GAS  C:\Users\JEFFSN~1\AppData\Local\Temp\ccO8H4UR.s 			page 10


 143      FAEE9EAB 
 143      502B4897 
 143      1F95ADB7 
 144 00e4 C87F5767 		.ascii	"\310\177Wg\313\306\342\320^}\343\235[\307\233r\225y"
 144      CBC6E2D0 
 144      5E7DE39D 
 144      5BC79B72 
 144      9579
 145 00f6 697C4037 		.ascii	"i|@7\336\243\233\333\257\242\016J\020\374{H\201F^n;"
 145      DEA39BDB 
 145      AFA20E4A 
 145      10FC7B48 
 145      81465E6E 
 146 010b BD883B25 		.ascii	"\275\210;%\037P\370\310\260]Tw\202\273y?0\240q\024]"
 146      1F50F8C8 
 146      B05D5477 
 146      82BB793F 
 146      30A07114 
 147 0120 76E400C2 		.ascii	"v\344\000\302\232\324!\241\247\251\326\243\367\021t"
 147      9AD421A1 
 147      A7A9D6A3 
 147      F71174
 148 012f 09528844 		.ascii	"\011R\210D\321\321\216[\27225c\272Bm\245L\217\360\011"
 148      D1D18E5B 
 148      BA323563 
 148      BA426DA5 
 148      4C8FF009 
 149 0143 25D66567 		.ascii	"%\326eg\031\226d$\250\2347\217w\357H\326m1\016\376\257"
 149      19966424 
 149      A89C378F 
 149      77EF48D6 
 149      6D310EFE 
 150 0158 E1CCF154 		.ascii	"\341\314\361T%|\370\365\347V\233\0102Y\334E\223W\321"
 150      257CF8F5 
 150      E7569B08 
 150      3259DC45 
 150      9357D1
 151 016b 102AFCB8 		.ascii	"\020*\374\270\260\331\234\363\372\327d\314\346\025\013"
 151      B0D99CF3 
 151      FAD764CC 
 151      E6150B
 152 017a F6B0CE32 		.ascii	"\366\260\3162\257\263e`\003\375\267\273\360&\3619\223"
 152      AFB36560 
 152      03FDB7BB 
 152      F026F139 
 152      93
 153 018b 70A6EC6C 		.ascii	"p\246\354l\276\207\250\304\321X\246A\354\224Ys\230\223"
 153      BE87A8C4 
 153      D158A641 
 153      EC945973 
 153      9893
 154 019d FBC6FCA7 		.ascii	"\373\306\374\247\376\314\343\347\376\223ba\372\305\314"
 154      FECCE3E7 
 154      FE936261 
 154      FAC5CC
 155 01ac 943F395E 		.ascii	"\224?9^\230\036\275?9\362`\264X\030\231(\026\374g\305"
 155      981EBD3F 
ARM GAS  C:\Users\JEFFSN~1\AppData\Local\Temp\ccO8H4UR.s 			page 11


 155      39F260B4 
 155      58189928 
 155      16FC67C5 
 156 01c0 C1EC36FE 		.ascii	"\301\3546\376\250o\212n\000m\033\273i"
 156      A86F8A6E 
 156      006D1BBB 
 156      69
 157              		.text
 158              		.section	.gnu.lto_ADC_SAR_Seq_1_SAR_Wakeup.807cb3e2,"",%progbits
 159 0000 789C654F 		.ascii	"x\234eO\275KBQ\034\375\235{\237\037I\202\177@H\253C"
 159      BD4B4251 
 159      1CFD9D7B 
 159      9F1F4982 
 159      7F4048AB 
 160 0015 9A447F80 		.ascii	"\232D\177\200\030\004A \272\012\022\366\326$\251\371"
 160      18044120 
 160      BA0A12F6 
 160      D624A9F9 
 161 0025 5D3F1EE5 		.ascii	"]?\036\345\022-\265D44h\237\346\326s2\011Z\242\217\241"
 161      122DB544 
 161      3434689F 
 161      E6D67332 
 161      095AA28F 
 162 003a 16976A90 		.ascii	"\026\227j\220\020\007\203\032\032\364u\357kh\350\007"
 162      1007831A 
 162      1AF475EF 
 162      6B68E807 
 163 004a 977339BF 		.ascii	"\227s9\277s8\347\247\021HMR\302\264\304\031\371\340"
 163      7338E7A7 
 163      11484D52 
 163      C2B4C419 
 163      F9E0
 164 005c 22B0ED3B 		.ascii	"\"\260\355;\242\202\2271\336\014\222\360i\317\021\022"
 164      A2829731 
 164      DE0C92F0 
 164      69CF1112 
 165 006c E31C9AA2 		.ascii	"\343\034\232\242\241\001\012\205\027d0\256\301\300\027"
 165      A1010A85 
 165      176430AE 
 165      C1C017
 166 007b 1B32B437 		.ascii	"\0332\2647\272\026\013U\205\234\027\3630*j-\230\234"
 166      BA160B55 
 166      859C17F3 
 166      302A6A2D 
 166      989C
 167 008d C8664E02 		.ascii	"\310fN\002\241\212\020I\331[c\264\343w\227\225l\362"
 167      A18A1049 
 167      D95B63B4 
 167      E3779795 
 167      6CF2
 168 009f 77891ADC 		.ascii	"w\211\032\334\252F=\331\022\266]\022\255=\337\325\203"
 168      AA463DD9 
 168      12B65D12 
 168      AD3DDFD5 
 168      83
 169 00b0 CFC5C8E4 		.ascii	"\317\305\310\344\222\036H\211\212\373`L!\357\242\330"
 169      921E4889 
ARM GAS  C:\Users\JEFFSN~1\AppData\Local\Temp\ccO8H4UR.s 			page 12


 169      8AFB604C 
 169      21EFA2D8 
 170 00c0 6CDC14C7 		.ascii	"l\334\024\307\224\253\304U\360\256\331\276\367|2\223"
 170      94ABC455 
 170      F0AED9BE 
 170      F77C3293 
 171 00d0 33A800CB 		.ascii	"3\250\000\313\352w<\306Pl\012\021\220\\EvPt\357\366"
 171      EA773CC6 
 171      506C0A11 
 171      905C4576 
 171      5074EFF6 
 172 00e4 E9DA7780 		.ascii	"\351\332w\200\375\202px\216cY\374\010\023\316r\353\362"
 172      FD827078 
 172      8E6359FC 
 172      0813CE72 
 172      EBF2
 173 00f6 A2E28D4C 		.ascii	"\242\342\215L\231\362\232\023\034`\344t\306)\"\364\212"
 173      99F29A13 
 173      1C60E474 
 173      C62922F4 
 173      8A
 174 0107 72A714FC 		.ascii	"r\247\024\374\013\253\367\255o\277\012\003\010g\312"
 174      0BABF7AD 
 174      6FBF0A03 
 174      0867CA
 175 0116 4EAA1BA7 		.ascii	"N\252\033\247f\220\277\243\024P\312\377-\\\266\354F"
 175      6690BFA3 
 175      1450CAFF 
 175      2D5CB6EC 
 175      46
 176 0127 3887218F 		.ascii	"8\207!\217r;\016\315\271\246\207b\353q\3011\251\031"
 176      723B0ECD 
 176      B9A68762 
 176      EB71C131 
 176      A919
 177 0139 4899A465 		.ascii	"H\231\244e|x^_\321\363Kk\372r&\225[\317g\365t\"\225"
 177      7C785E5F 
 177      D1F34B6B 
 177      FA722695 
 177      5BCF67F5 
 178 0150 8BCFA663 		.ascii	"\213\317\246cs\361L*\226\314\244\364\325L\324\371%\026"
 178      73F14C2A 
 178      96CCA4F4 
 178      D54CD4F9 
 178      2516
 179 0162 C359FA01 		.ascii	"\303Y\372\001\376\303\205\272"
 179      FEC385BA 
 180              		.text
 181              		.section	.gnu.lto_.symbol_nodes.807cb3e2,"",%progbits
 182 0000 789C5DCE 		.ascii	"x\234]\316\273\015\002A\014E\321k{~\244T\000=lNi\036"
 182      BB0D0241 
 182      0C45D16B 
 182      7B7EA454 
 182      003D6C4E 
 183 0016 210AA005 		.ascii	"!\012\240\005\244m\000\011\002\210IH\250\001\266\020"
 183      A46D0009 
 183      02884948 
ARM GAS  C:\Users\JEFFSN~1\AppData\Local\Temp\ccO8H4UR.s 			page 13


 183      A801B610 
 184 0026 C4800818 		.ascii	"\304\200\010\030\234\275c\311~\001\341J\033-\016\333"
 184      9CBD63C9 
 184      7E01E14A 
 184      1B2D0EDB 
 185 0036 1B3872DA 		.ascii	"\0338r\332\354\352\002\"\3249\230\316\\\376V*\256_\342"
 185      ECEA0222 
 185      D43998CE 
 185      5CFE562A 
 185      AE5FE2
 186 0049 5C970DD4 		.ascii	"\\\227\015\324\255\007\363\320C\360\330\201DO\037ho"
 186      AD07F3D0 
 186      43F0D881 
 186      444F1F68 
 186      6F
 187 005a DE372579 		.ascii	"\3367%y\356r\366\362\233\215\314\345\361\224\326\207"
 187      EE72F6F2 
 187      9B8DCCE5 
 187      F194D687 
 188 006a F1389816 		.ascii	"\3618\230\026\306{\213\255\346z\277\262\244L\207\201"
 188      C67B8BAD 
 188      E67ABFB2 
 188      A44C8781 
 189 007a 17E50D2D 		.ascii	"\027\345\015-z"
 189      7A
 190              		.text
 191              		.section	.gnu.lto_.refs.807cb3e2,"",%progbits
 192 0000 789C6361 		.ascii	"x\234ca`d\220````b`ddadde\0042\230\200\024\020\261\001"
 192      60649060 
 192      60606062 
 192      60646461 
 192      64646504 
 193 001b 85180005 		.ascii	"\205\030\000\005p\000I"
 193      700049
 194              		.text
 195              		.section	.gnu.lto_.decls.807cb3e2,"",%progbits
 196 0000 789C8D94 		.ascii	"x\234\215\224kL\024W\024\307\347\314\254\260]\026L\244"
 196      6B4C1457 
 196      14C7E7CC 
 196      ACB05D16 
 196      4CA4
 197 0012 B17CD8B4 		.ascii	"\261|\330\264\324hB\322d\013il\374X\272m\255i\332\022"
 197      D46842D2 
 197      640B696C 
 197      FC58BA6D 
 197      AD69DA12 
 198 0026 1E364D4C 		.ascii	"\0366ML\020\350h\215\006\020\027\023\276]\036V\264M"
 198      10E8688D 
 198      06101713 
 198      BE5D1E56 
 198      B44D
 199 0038 0153298F 		.ascii	"\001S)\217F\250}\010\012\354*,\354\012\310\012\362\320"
 199      46A87D08 
 199      0AEC2A2C 
 199      EC0AC80A 
 199      F2D0
 200 004a CACB5D48 		.ascii	"\312\313]H\032h\272\226\032Kj\033h\241\011\261\224\236"
ARM GAS  C:\Users\JEFFSN~1\AppData\Local\Temp\ccO8H4UR.s 			page 14


 200      1A68BA96 
 200      1A4B6A1B 
 200      68A109B1 
 200      949E
 201 005c 7BE70EB3 		.ascii	"{\347\016\263\213\263\206\033\316\354\2753\347\377\373"
 201      8BB3861B 
 201      CEECBD33 
 201      E7FFFB
 202 006b 9F7BE632 		.ascii	"\237{\3462\006\001\004:vG\012\202\017\247fQ\020\326"
 202      0601043A 
 202      76470A82 
 202      0FA76651 
 202      10D6
 203 007d 7018F1DE 		.ascii	"p\030\361\336~A\033\317`\264b81\3321\\\030]\030\036"
 203      7E411BCF 
 203      60B46238 
 203      31DA315C 
 203      185D181E 
 204 0091 8C6E8C5E 		.ascii	"\214n\214^\214>\014J\033\025BG+\327S\236\005\343\036"
 204      8C3E0C4A 
 204      1B154247 
 204      2BD7539E 
 204      05E31E
 205 00a4 C604860F 		.ascii	"\306\004\206\017\343.\306\020\206\037\343\032\327\017"
 205      E32EC610 
 205      861FE31A 
 205      D70F
 206 00b2 63885CD7 		.ascii	"c\210\\\327\035\2069\312s,\234\241\352\364\006\2559"
 206      1D8639CA 
 206      732C9CA1 
 206      EAF406AD 
 206      39
 207 00c3 32C85FF5 		.ascii	"2\310_\365\012\366W\365\022\317\177\332~\332\371}\265"
 207      0AF657F5 
 207      12CF7FDA 
 207      7EDAF97D 
 207      B5
 208 00d4 3FC0EF6D 		.ascii	"?\300\357m\034.\235<\227N\036\355\243^\177\2460Z\302"
 208      1C2E9D3C 
 208      974E1EED 
 208      A35E7FA6 
 208      305AC2
 209 00e7 D429725D 		.ascii	"\324)r]k\230\032=\033\366\034\314\230\306pl`y\370\276"
 209      6B981A3D 
 209      1BF61CCC 
 209      98C6706C 
 209      6079F8BE 
 210 00fb F558AB22 		.ascii	"\365X\253\"\2545tT\030g\340G\220\004~`\004\000\345\012"
 210      AC357454 
 210      1867E047 
 210      90047E60 
 210      0400E50A 
 211 010f 2C0425D8 		.ascii	",\004%\330\022'\242\240L\324[\353C\340)\242:\325`\354"
 211      1227A2A0 
 211      4CD45BEB 
 211      43E029A2 
 211      3AD560EC 
ARM GAS  C:\Users\JEFFSN~1\AppData\Local\Temp\ccO8H4UR.s 			page 15


 212 0123 8FEB614D 		.ascii	"\217\353aM\035\014\242\321\201\213\224\265\332W.\002"
 212      1D0CA2D1 
 212      818B94B5 
 212      DA572E02 
 213 0133 51330065 		.ascii	"Q3\000e\251*\202x\033*RkVmX;\330\246\3174>\232\216\226"
 213      A92A8278 
 213      1B2A526B 
 213      566D583B 
 213      D8A6CF34 
 214 014b 44A0F39F 		.ascii	"D\240\363\237W\232\336\262\266\020\034\225\204\210\373"
 214      579ADEB2 
 214      B6101C95 
 214      8488FB
 215 015a B4CE4C96 		.ascii	"\264\316L\2269\277\222\226D\330f\002\003.\027G\353\346"
 215      39BF9296 
 215      44D86602 
 215      032E1747 
 215      EBE6
 216 016c 6270F9AC 		.ascii	"bp\371\254\011\342q\271z\273\276N\214\253f\272R\022"
 216      09E271B9 
 216      7ABBBE4E 
 216      8CAB66BA 
 216      5212
 217 017e 6F80FDDB 		.ascii	"o\200\375\333\341\012X\3402\340K\201\026\210\303k\266"
 217      E10A58E0 
 217      32E04B81 
 217      1688C36B 
 217      B6
 218 018f 4121D5FC 		.ascii	"A!\325\374\351\361\307\354h$^'\011\270\346\243\253K"
 218      E9F1C7EC 
 218      68245E27 
 218      09B8E6A3 
 218      AB4B
 219 01a1 CB465096 		.ascii	"\313FP\226H\263\240\011$h\006+-\262\211\276\003\001"
 219      48B3A009 
 219      2468062B 
 219      2DB289BE 
 219      0301
 220 01b3 2EC10CD6 		.ascii	".\301\014\326\333\012;P\371\331\342%\267A\372\220\025"
 220      DB0A3B50 
 220      F9D9E225 
 220      B741FA90 
 220      15
 221 01c4 FA744747 		.ascii	"\372tGG\210cu@5\364\326\3341\227W\026\023r\220\246@"
 221      88637540 
 221      35F4D6DC 
 221      31975716 
 221      137290A6 
 222 01d9 9B66D716 		.ascii	"\233f\327\026l\347dvu_\214\017\202T\264\011\273k!vU"
 222      6CE76476 
 222      755F8C0F 
 222      8254B409 
 222      BB6B2176 
 223 01ee 6DE7025B 		.ascii	"m\347\002[\321\317\211~n\231\234A\215\201\246\300U\315"
 223      D1CF897E 
 223      6E999C41 
 223      8D81A6C0 
ARM GAS  C:\Users\JEFFSN~1\AppData\Local\Temp\ccO8H4UR.s 			page 16


 223      55CD
 224 0200 EE6AB05D 		.ascii	"\356j\260];\263k\250wz\267J\325\300\374\226\327J|&\316"
 224      3BB36BA8 
 224      777AB74A 
 224      D5C0FC96 
 224      D74A7C26 
 225 0215 A81C3213 		.ascii	"\250\0342\023Z\363k\014\322\241A:\202!.\006\251\355"
 225      5AF36B0C 
 225      D2A1413A 
 225      82212E06 
 225      A9ED
 226 0227 9A6F12A5 		.ascii	"\232o\022\245N\005\362`yf6\002!\215\010YR \215\012\244"
 226      4E05F260 
 226      79663602 
 226      218D0859 
 226      52208D0A 
 227 023c 53837406 		.ascii	"S\203t\006C\272\030\244\307}\353\224$\215)\220\336\013"
 227      43BA18A4 
 227      C77DEB94 
 227      248D2990 
 227      DE0B
 228 024e E555311C 		.ascii	"\345U1\034\202\335\013\202\2705\210;\030\342a\220\300"
 228      82DD0B82 
 228      B835883B 
 228      18E26190 
 228      C0
 229 025f 5F93B346 		.ascii	"_\223\263F\351\241\002\371\311=\3515#$@H\340\337\361"
 229      E9A102F9 
 229      C93DE935 
 229      23244048 
 229      E0DFF1
 230 0272 576B49BF 		.ascii	"WkI\277\322\221\353\032\342:C\340\244\233\311I\305\267"
 230      D291EB1A 
 230      E23A43E0 
 230      A49BC949 
 230      C5B7
 231 0284 3D26E9B2 		.ascii	"=&\351\262r*o\326\365\235\025\025\271\267f\310\354\255"
 231      722A6FD6 
 231      F59D1515 
 231      B9B766C8 
 231      ECAD
 232 0296 04A6EED1 		.ascii	"\004\246\356\321\324=\252\272\227\251\373\007\306\026"
 232      D43DAABA 
 232      97A9FB07 
 232      C616
 233 02a4 22A50145 		.ascii	"\"\245\001E\355\034[\234\004\256\366}\036\275n~C\223"
 233      ED1C5B9C 
 233      04AEF67D 
 233      1EBD6E7E 
 233      4393
 234 02b6 DF50E57D 		.ascii	"\337P\345}L~\337\335\332c\220~Q\344\375\325\263~\263"
 234      4C7EDFDD 
 234      DA63907E 
 234      51E4FDD5 
 234      B37EB3
 235 02c9 F4585938 		.ascii	"\364XY8N\375\332l\304so1\301\032\320\365#\317J\264\262"
 235      4EFDDA6C 
ARM GAS  C:\Users\JEFFSN~1\AppData\Local\Temp\ccO8H4UR.s 			page 17


 235      C4736F31 
 235      C11AD0F5 
 235      23CF4AB4 
 236 02de A68F6BAB 		.ascii	"\246\217k\253\346\376\213\222NKt!\372\346\256\314\033"
 236      E6FE8B92 
 236      4E4B7421 
 236      FAE6AECC 
 236      1B
 237 02ef 20C1F43D 		.ascii	" \301\364==5\201\356\272C_\236\306\377)\030\002\023"
 237      3D3581EE 
 237      BA435F9E 
 237      C6FF2918 
 237      0213
 238 0301 DCD2AC2D 		.ascii	"\334\322\254-&\274\226\023RB\026.\222\2108\001^\261"
 238      26BC9613 
 238      5242162E 
 238      92883801 
 238      5EB1
 239 0313 40A24580 		.ascii	"@\242E\200AH\240T\232\005\003x\322\372\361\244\255\212"
 239      4148A054 
 239      9A050378 
 239      D2FAF1A4 
 239      AD8A
 240 0325 927FA8EB 		.ascii	"\222\177\250\353\273(\330\031\233p\221J\002\253\025"
 240      BB28D819 
 240      9B70914A 
 240      02AB15
 241 0334 D6FA3642 		.ascii	"\326\3726BJ#\030\366&bG VE\274L\317f\022\375,V\321\022"
 241      4A2318F6 
 241      26624720 
 241      5645BC4C 
 241      CF6612FD 
 242 034c 164A0881 		.ascii	"\026J\010\201\343\252\201\3002\021\017\267\321i\030"
 242      E3AA81C0 
 242      32110FB7 
 242      D16918
 243 035b 76B206B0 		.ascii	"v\262\006\260Z\275.\231\020#}.\360*\371G`peb\000$\207"
 243      5ABD2E99 
 243      10237D2E 
 243      F02AF947 
 243      60706562 
 244 0372 B2BDE1D3 		.ascii	"\262\275\341\323\237\272L\220\020\253H\272\243qkw\221"
 244      9FBA4C90 
 244      10AB48BA 
 244      A3716B77 
 244      91
 245 0383 7847DB1A 		.ascii	"xG\333\032\005\350z\303\017h\251g\217\036\277}\362\373"
 245      05E87AC3 
 245      0F68A967 
 245      8F1EBF7D 
 245      F2FB
 246 0395 3F51BBBE 		.ascii	"?Q\273\276!\004_\230\353\376\276\345\022\3626\343z\025"
 246      21045F98 
 246      EBFEBEE5 
 246      12F236E3 
 246      7A15
 247 03a7 EE7AF574 		.ascii	"\356z\365t\235\216\337\337Q\330\205\252\245\262\277"
ARM GAS  C:\Users\JEFFSN~1\AppData\Local\Temp\ccO8H4UR.s 			page 18


 247      9D8EDFDF 
 247      51D885AA 
 247      A5B2BF
 248 03b6 A7234CD8 		.ascii	"\247#L\330\306\322M\265\021F\347\277^\213\224\306\225"
 248      C6D24DB5 
 248      1146E7BF 
 248      5E8B94C6 
 248      95
 249 03c7 9DB49FAF 		.ascii	"\235\264\237\257=\037\011\246\004\035\371\244\216\\"
 249      3D1F09A6 
 249      041DF9A4 
 249      8E5C
 250 03d5 7D9FEFD7 		.ascii	"}\237\357\327\235+&\3610\201\215\037\3276=\006&e#\035"
 250      9D2B26F1 
 250      30818D1F 
 250      D7363D06 
 250      2665231D 
 251 03e9 137F38B6 		.ascii	"\023\1778\266\230\317\322\327\204\237\214m#1,S\373h"
 251      98CFD2D7 
 251      849F8C6D 
 251      23312C53 
 251      FB68
 252 03fb DC03333B 		.ascii	"\334\0033;r\370\213\331\027\232\213\033\242B\262\351"
 252      72F88BD9 
 252      179A8B1B 
 252      A242B2E9 
 253 040b A6B56C1F 		.ascii	"\246\265l\037\317\366\261\354\307\017\034\017\315!\331"
 253      CFF6B1EC 
 253      C70F1C0F 
 253      CD21D9
 254 041a F4406BD9 		.ascii	"\364@k\331~0\253\365\370\303\010ZB\004S\034?\025&\333"
 254      7E30ABF5 
 254      F8C3085A 
 254      4204531C 
 254      3F1526DB 
 255 042e 11923DCD 		.ascii	"\021\222=\315\263\351\357\363\311o\3302\323\222S3\323"
 255      B3E9EFF3 
 255      C96FD832 
 255      D3925333 
 255      D3
 256 043f E4E39949 		.ascii	"\344\343\231I\312\354\230,\347[\363\263\012\354\326"
 256      CAEC982C 
 256      E75BF3B3 
 256      0AECD6
 257 044e 44E3DEF7 		.ascii	"D\343\336\3672\342mII\202u\257\234+\027d\331\345\217"
 257      32E26D49 
 257      498275AF 
 257      9C2B1764 
 257      D9E58F
 258 0461 32D3F20A 		.ascii	"2\323\362\012\013r\344\003)iy\266\335\007\236\224\247"
 258      0B72E403 
 258      296979B6 
 258      DD079E94 
 258      A7
 259 0472 BC6BCD11 		.ascii	"\274k\315\021^x\362\376\007YG\345B\316M\262\350\330"
 259      5E78F2FE 
 259      075947E5 
ARM GAS  C:\Users\JEFFSN~1\AppData\Local\Temp\ccO8H4UR.s 			page 19


 259      42CE4DB2 
 259      E8D8
 260 0484 669D946D 		.ascii	"f\235\224my\271\207\216\034\326\021\247\312'\354y\005"
 260      79B9878E 
 260      1CD611A7 
 260      CA27EC79 
 260      05
 261 0495 FCF97361 		.ascii	"\374\371saj\216\013g\272]G`\317\313\177i\263{\262~,"
 261      6A8E0B67 
 261      BA5D4760 
 261      CFCB7F69 
 261      B37BB27E 
 262 04aa E8B0DFCC 		.ascii	"\350\260\337\314\315\312>&\3535\320\216{\304RO\312\005"
 262      CDCA3E26 
 262      EB35D08E 
 262      7BC4524F 
 262      CA05
 263 04bc 761D5D76 		.ascii	"v\035]vV\316\321\302\374(\231\3111\327.o)<\222k\337"
 263      56CED1C2 
 263      FC2899C9 
 263      31D72E6F 
 263      293C926B 
 264 04d1 F3629872 		.ascii	"\363b\230rr\212\354E\371\362\011,B\2471\257'\333\336"
 264      728AEC45 
 264      F9F2092C 
 264      42A731AF 
 264      27DBDE
 265 04e4 C948C94C 		.ascii	"\311H\311LKO\315\260\245\033\012\344\303{\376\007\202"
 265      4B4FCDB0 
 265      A51B0AE4 
 265      C37BFE07 
 265      82
 266 04f5 59CEF5   		.ascii	"Y\316\365"
 267              		.text
 268              		.section	.gnu.lto_.symtab.807cb3e2,"",%progbits
 269 0000 4144435F 		.ascii	"ADC_SAR_Seq_1_SAR_SaveConfig\000"
 269      5341525F 
 269      5365715F 
 269      315F5341 
 269      525F5361 
 270 001d 00       		.ascii	"\000"
 271 001e 00       		.ascii	"\000"
 272 001f 00       		.ascii	"\000"
 273 0020 00000000 		.ascii	"\000\000\000\000\000\000\000\000"
 273      00000000 
 274 0028 B3000000 		.ascii	"\263\000\000\000"
 275 002c 4144435F 		.ascii	"ADC_SAR_Seq_1_SAR_RestoreConfig\000"
 275      5341525F 
 275      5365715F 
 275      315F5341 
 275      525F5265 
 276 004c 00       		.ascii	"\000"
 277 004d 00       		.ascii	"\000"
 278 004e 00       		.ascii	"\000"
 279 004f 00000000 		.ascii	"\000\000\000\000\000\000\000\000"
 279      00000000 
 280 0057 B5000000 		.ascii	"\265\000\000\000"
ARM GAS  C:\Users\JEFFSN~1\AppData\Local\Temp\ccO8H4UR.s 			page 20


 281 005b 4144435F 		.ascii	"ADC_SAR_Seq_1_SAR_Sleep\000"
 281      5341525F 
 281      5365715F 
 281      315F5341 
 281      525F536C 
 282 0073 00       		.ascii	"\000"
 283 0074 00       		.ascii	"\000"
 284 0075 00       		.ascii	"\000"
 285 0076 00000000 		.ascii	"\000\000\000\000\000\000\000\000"
 285      00000000 
 286 007e B7000000 		.ascii	"\267\000\000\000"
 287 0082 4144435F 		.ascii	"ADC_SAR_Seq_1_SAR_Wakeup\000"
 287      5341525F 
 287      5365715F 
 287      315F5341 
 287      525F5761 
 288 009b 00       		.ascii	"\000"
 289 009c 00       		.ascii	"\000"
 290 009d 00       		.ascii	"\000"
 291 009e 00000000 		.ascii	"\000\000\000\000\000\000\000\000"
 291      00000000 
 292 00a6 B9000000 		.ascii	"\271\000\000\000"
 293 00aa 4144435F 		.ascii	"ADC_SAR_Seq_1_SAR_Stop\000"
 293      5341525F 
 293      5365715F 
 293      315F5341 
 293      525F5374 
 294 00c1 00       		.ascii	"\000"
 295 00c2 02       		.ascii	"\002"
 296 00c3 00       		.ascii	"\000"
 297 00c4 00000000 		.ascii	"\000\000\000\000\000\000\000\000"
 297      00000000 
 298 00cc BB000000 		.ascii	"\273\000\000\000"
 299 00d0 4144435F 		.ascii	"ADC_SAR_Seq_1_SAR_Enable\000"
 299      5341525F 
 299      5365715F 
 299      315F5341 
 299      525F456E 
 300 00e9 00       		.ascii	"\000"
 301 00ea 02       		.ascii	"\002"
 302 00eb 00       		.ascii	"\000"
 303 00ec 00000000 		.ascii	"\000\000\000\000\000\000\000\000"
 303      00000000 
 304 00f4 BD000000 		.ascii	"\275\000\000\000"
 305 00f8 4144435F 		.ascii	"ADC_SAR_Seq_1_SAR_StartConvert\000"
 305      5341525F 
 305      5365715F 
 305      315F5341 
 305      525F5374 
 306 0117 00       		.ascii	"\000"
 307 0118 02       		.ascii	"\002"
 308 0119 00       		.ascii	"\000"
 309 011a 00000000 		.ascii	"\000\000\000\000\000\000\000\000"
 309      00000000 
 310 0122 BF000000 		.ascii	"\277\000\000\000"
 311              		.text
 312              		.section	.gnu.lto_.opts,"",%progbits
ARM GAS  C:\Users\JEFFSN~1\AppData\Local\Temp\ccO8H4UR.s 			page 21


 313 0000 272D666D 		.ascii	"'-fmath-errno' '-fsigned-zeros' '-ftrapping-math' '"
 313      6174682D 
 313      6572726E 
 313      6F272027 
 313      2D667369 
 314 0033 2D666E6F 		.ascii	"-fno-trapv' '-fno-openmp' '-fno-openacc' '-mcpu=cor"
 314      2D747261 
 314      70762720 
 314      272D666E 
 314      6F2D6F70 
 315 0066 7465782D 		.ascii	"tex-m3' '-mthumb' '-g' '-O3' '-ffunction-sections' "
 315      6D332720 
 315      272D6D74 
 315      68756D62 
 315      2720272D 
 316 0099 272D6666 		.ascii	"'-ffat-lto-objects' '-finline-functions' '-flto'\000"
 316      61742D6C 
 316      746F2D6F 
 316      626A6563 
 316      74732720 
 317              		.text
 318              		.cfi_sections	.debug_frame
 319              		.section	.text.ADC_SAR_Seq_1_SAR_SaveConfig,"ax",%progbits
 320              		.align	2
 321              		.global	ADC_SAR_Seq_1_SAR_SaveConfig
 322              		.thumb
 323              		.thumb_func
 324              		.type	ADC_SAR_Seq_1_SAR_SaveConfig, %function
 325              	ADC_SAR_Seq_1_SAR_SaveConfig:
 326              	.LFB7:
 327              		.cfi_startproc
 328              		@ args = 0, pretend = 0, frame = 0
 329              		@ frame_needed = 0, uses_anonymous_args = 0
 330              		@ link register save eliminated.
 331 0000 7047     		bx	lr
 332              		.cfi_endproc
 333              	.LFE7:
 334              		.size	ADC_SAR_Seq_1_SAR_SaveConfig, .-ADC_SAR_Seq_1_SAR_SaveConfig
 335 0002 00BF     		.section	.text.ADC_SAR_Seq_1_SAR_RestoreConfig,"ax",%progbits
 336              		.align	2
 337              		.global	ADC_SAR_Seq_1_SAR_RestoreConfig
 338              		.thumb
 339              		.thumb_func
 340              		.type	ADC_SAR_Seq_1_SAR_RestoreConfig, %function
 341              	ADC_SAR_Seq_1_SAR_RestoreConfig:
 342              	.LFB1:
 343              		.file 1 "Generated_Source\\PSoC5\\ADC_SAR_Seq_1_SAR_PM.c"
   1:Generated_Source\PSoC5/ADC_SAR_Seq_1_SAR_PM.c **** /*******************************************************************************
   2:Generated_Source\PSoC5/ADC_SAR_Seq_1_SAR_PM.c **** * File Name: ADC_SAR_Seq_1_SAR_PM.c
   3:Generated_Source\PSoC5/ADC_SAR_Seq_1_SAR_PM.c **** * Version 3.10
   4:Generated_Source\PSoC5/ADC_SAR_Seq_1_SAR_PM.c **** *
   5:Generated_Source\PSoC5/ADC_SAR_Seq_1_SAR_PM.c **** * Description:
   6:Generated_Source\PSoC5/ADC_SAR_Seq_1_SAR_PM.c **** *  This file provides Sleep/WakeUp APIs functionality.
   7:Generated_Source\PSoC5/ADC_SAR_Seq_1_SAR_PM.c **** *
   8:Generated_Source\PSoC5/ADC_SAR_Seq_1_SAR_PM.c **** * Note:
   9:Generated_Source\PSoC5/ADC_SAR_Seq_1_SAR_PM.c **** *
  10:Generated_Source\PSoC5/ADC_SAR_Seq_1_SAR_PM.c **** ********************************************************************************
ARM GAS  C:\Users\JEFFSN~1\AppData\Local\Temp\ccO8H4UR.s 			page 22


  11:Generated_Source\PSoC5/ADC_SAR_Seq_1_SAR_PM.c **** * Copyright 2008-2015, Cypress Semiconductor Corporation.  All rights reserved.
  12:Generated_Source\PSoC5/ADC_SAR_Seq_1_SAR_PM.c **** * You may use this file only in accordance with the license, terms, conditions,
  13:Generated_Source\PSoC5/ADC_SAR_Seq_1_SAR_PM.c **** * disclaimers, and limitations in the end user license agreement accompanying
  14:Generated_Source\PSoC5/ADC_SAR_Seq_1_SAR_PM.c **** * the software package with which this file was provided.
  15:Generated_Source\PSoC5/ADC_SAR_Seq_1_SAR_PM.c **** *******************************************************************************/
  16:Generated_Source\PSoC5/ADC_SAR_Seq_1_SAR_PM.c **** 
  17:Generated_Source\PSoC5/ADC_SAR_Seq_1_SAR_PM.c **** #include "ADC_SAR_Seq_1_SAR.h"
  18:Generated_Source\PSoC5/ADC_SAR_Seq_1_SAR_PM.c **** 
  19:Generated_Source\PSoC5/ADC_SAR_Seq_1_SAR_PM.c **** 
  20:Generated_Source\PSoC5/ADC_SAR_Seq_1_SAR_PM.c **** /***************************************
  21:Generated_Source\PSoC5/ADC_SAR_Seq_1_SAR_PM.c **** * Local data allocation
  22:Generated_Source\PSoC5/ADC_SAR_Seq_1_SAR_PM.c **** ***************************************/
  23:Generated_Source\PSoC5/ADC_SAR_Seq_1_SAR_PM.c **** 
  24:Generated_Source\PSoC5/ADC_SAR_Seq_1_SAR_PM.c **** static ADC_SAR_Seq_1_SAR_BACKUP_STRUCT  ADC_SAR_Seq_1_SAR_backup =
  25:Generated_Source\PSoC5/ADC_SAR_Seq_1_SAR_PM.c **** {
  26:Generated_Source\PSoC5/ADC_SAR_Seq_1_SAR_PM.c ****     ADC_SAR_Seq_1_SAR_DISABLED
  27:Generated_Source\PSoC5/ADC_SAR_Seq_1_SAR_PM.c **** };
  28:Generated_Source\PSoC5/ADC_SAR_Seq_1_SAR_PM.c **** 
  29:Generated_Source\PSoC5/ADC_SAR_Seq_1_SAR_PM.c **** 
  30:Generated_Source\PSoC5/ADC_SAR_Seq_1_SAR_PM.c **** /*******************************************************************************
  31:Generated_Source\PSoC5/ADC_SAR_Seq_1_SAR_PM.c **** * Function Name: ADC_SAR_Seq_1_SAR_SaveConfig
  32:Generated_Source\PSoC5/ADC_SAR_Seq_1_SAR_PM.c **** ********************************************************************************
  33:Generated_Source\PSoC5/ADC_SAR_Seq_1_SAR_PM.c **** *
  34:Generated_Source\PSoC5/ADC_SAR_Seq_1_SAR_PM.c **** * Summary:
  35:Generated_Source\PSoC5/ADC_SAR_Seq_1_SAR_PM.c **** *  Saves the current user configuration.
  36:Generated_Source\PSoC5/ADC_SAR_Seq_1_SAR_PM.c **** *
  37:Generated_Source\PSoC5/ADC_SAR_Seq_1_SAR_PM.c **** * Parameters:
  38:Generated_Source\PSoC5/ADC_SAR_Seq_1_SAR_PM.c **** *  None.
  39:Generated_Source\PSoC5/ADC_SAR_Seq_1_SAR_PM.c **** *
  40:Generated_Source\PSoC5/ADC_SAR_Seq_1_SAR_PM.c **** * Return:
  41:Generated_Source\PSoC5/ADC_SAR_Seq_1_SAR_PM.c **** *  None.
  42:Generated_Source\PSoC5/ADC_SAR_Seq_1_SAR_PM.c **** *
  43:Generated_Source\PSoC5/ADC_SAR_Seq_1_SAR_PM.c **** *******************************************************************************/
  44:Generated_Source\PSoC5/ADC_SAR_Seq_1_SAR_PM.c **** void ADC_SAR_Seq_1_SAR_SaveConfig(void)
  45:Generated_Source\PSoC5/ADC_SAR_Seq_1_SAR_PM.c **** {
  46:Generated_Source\PSoC5/ADC_SAR_Seq_1_SAR_PM.c ****     /* All configuration registers are marked as [reset_all_retention] */
  47:Generated_Source\PSoC5/ADC_SAR_Seq_1_SAR_PM.c **** }
  48:Generated_Source\PSoC5/ADC_SAR_Seq_1_SAR_PM.c **** 
  49:Generated_Source\PSoC5/ADC_SAR_Seq_1_SAR_PM.c **** 
  50:Generated_Source\PSoC5/ADC_SAR_Seq_1_SAR_PM.c **** /*******************************************************************************
  51:Generated_Source\PSoC5/ADC_SAR_Seq_1_SAR_PM.c **** * Function Name: ADC_SAR_Seq_1_SAR_RestoreConfig
  52:Generated_Source\PSoC5/ADC_SAR_Seq_1_SAR_PM.c **** ********************************************************************************
  53:Generated_Source\PSoC5/ADC_SAR_Seq_1_SAR_PM.c **** *
  54:Generated_Source\PSoC5/ADC_SAR_Seq_1_SAR_PM.c **** * Summary:
  55:Generated_Source\PSoC5/ADC_SAR_Seq_1_SAR_PM.c **** *  Restores the current user configuration.
  56:Generated_Source\PSoC5/ADC_SAR_Seq_1_SAR_PM.c **** *
  57:Generated_Source\PSoC5/ADC_SAR_Seq_1_SAR_PM.c **** * Parameters:
  58:Generated_Source\PSoC5/ADC_SAR_Seq_1_SAR_PM.c **** *  None.
  59:Generated_Source\PSoC5/ADC_SAR_Seq_1_SAR_PM.c **** *
  60:Generated_Source\PSoC5/ADC_SAR_Seq_1_SAR_PM.c **** * Return:
  61:Generated_Source\PSoC5/ADC_SAR_Seq_1_SAR_PM.c **** *  None.
  62:Generated_Source\PSoC5/ADC_SAR_Seq_1_SAR_PM.c **** *
  63:Generated_Source\PSoC5/ADC_SAR_Seq_1_SAR_PM.c **** *******************************************************************************/
  64:Generated_Source\PSoC5/ADC_SAR_Seq_1_SAR_PM.c **** void ADC_SAR_Seq_1_SAR_RestoreConfig(void)
  65:Generated_Source\PSoC5/ADC_SAR_Seq_1_SAR_PM.c **** {
 344              		.loc 1 65 0
 345              		.cfi_startproc
ARM GAS  C:\Users\JEFFSN~1\AppData\Local\Temp\ccO8H4UR.s 			page 23


 346              		@ args = 0, pretend = 0, frame = 0
 347              		@ frame_needed = 0, uses_anonymous_args = 0
 348              		@ link register save eliminated.
 349 0000 7047     		bx	lr
 350              		.cfi_endproc
 351              	.LFE1:
 352              		.size	ADC_SAR_Seq_1_SAR_RestoreConfig, .-ADC_SAR_Seq_1_SAR_RestoreConfig
 353 0002 00BF     		.section	.text.ADC_SAR_Seq_1_SAR_Sleep,"ax",%progbits
 354              		.align	2
 355              		.global	ADC_SAR_Seq_1_SAR_Sleep
 356              		.thumb
 357              		.thumb_func
 358              		.type	ADC_SAR_Seq_1_SAR_Sleep, %function
 359              	ADC_SAR_Seq_1_SAR_Sleep:
 360              	.LFB2:
  66:Generated_Source\PSoC5/ADC_SAR_Seq_1_SAR_PM.c ****     /* All congiguration registers are marked as [reset_all_retention] */
  67:Generated_Source\PSoC5/ADC_SAR_Seq_1_SAR_PM.c **** }
  68:Generated_Source\PSoC5/ADC_SAR_Seq_1_SAR_PM.c **** 
  69:Generated_Source\PSoC5/ADC_SAR_Seq_1_SAR_PM.c **** 
  70:Generated_Source\PSoC5/ADC_SAR_Seq_1_SAR_PM.c **** /*******************************************************************************
  71:Generated_Source\PSoC5/ADC_SAR_Seq_1_SAR_PM.c **** * Function Name: ADC_SAR_Seq_1_SAR_Sleep
  72:Generated_Source\PSoC5/ADC_SAR_Seq_1_SAR_PM.c **** ********************************************************************************
  73:Generated_Source\PSoC5/ADC_SAR_Seq_1_SAR_PM.c **** *
  74:Generated_Source\PSoC5/ADC_SAR_Seq_1_SAR_PM.c **** * Summary:
  75:Generated_Source\PSoC5/ADC_SAR_Seq_1_SAR_PM.c **** *  This is the preferred routine to prepare the component for sleep.
  76:Generated_Source\PSoC5/ADC_SAR_Seq_1_SAR_PM.c **** *  The ADC_SAR_Seq_1_SAR_Sleep() routine saves the current component state,
  77:Generated_Source\PSoC5/ADC_SAR_Seq_1_SAR_PM.c **** *  then it calls the ADC_Stop() function.
  78:Generated_Source\PSoC5/ADC_SAR_Seq_1_SAR_PM.c **** *
  79:Generated_Source\PSoC5/ADC_SAR_Seq_1_SAR_PM.c **** * Parameters:
  80:Generated_Source\PSoC5/ADC_SAR_Seq_1_SAR_PM.c **** *  None.
  81:Generated_Source\PSoC5/ADC_SAR_Seq_1_SAR_PM.c **** *
  82:Generated_Source\PSoC5/ADC_SAR_Seq_1_SAR_PM.c **** * Return:
  83:Generated_Source\PSoC5/ADC_SAR_Seq_1_SAR_PM.c **** *  None.
  84:Generated_Source\PSoC5/ADC_SAR_Seq_1_SAR_PM.c **** *
  85:Generated_Source\PSoC5/ADC_SAR_Seq_1_SAR_PM.c **** * Global Variables:
  86:Generated_Source\PSoC5/ADC_SAR_Seq_1_SAR_PM.c **** *  ADC_SAR_Seq_1_SAR_backup - The structure field 'enableState' is modified
  87:Generated_Source\PSoC5/ADC_SAR_Seq_1_SAR_PM.c **** *  depending on the enable state of the block before entering to sleep mode.
  88:Generated_Source\PSoC5/ADC_SAR_Seq_1_SAR_PM.c **** *
  89:Generated_Source\PSoC5/ADC_SAR_Seq_1_SAR_PM.c **** *******************************************************************************/
  90:Generated_Source\PSoC5/ADC_SAR_Seq_1_SAR_PM.c **** void ADC_SAR_Seq_1_SAR_Sleep(void)
  91:Generated_Source\PSoC5/ADC_SAR_Seq_1_SAR_PM.c **** {
 361              		.loc 1 91 0
 362              		.cfi_startproc
 363              		@ args = 0, pretend = 0, frame = 0
 364              		@ frame_needed = 0, uses_anonymous_args = 0
 365              		@ link register save eliminated.
  92:Generated_Source\PSoC5/ADC_SAR_Seq_1_SAR_PM.c ****     if((ADC_SAR_Seq_1_SAR_PWRMGR_SAR_REG  & ADC_SAR_Seq_1_SAR_ACT_PWR_SAR_EN) != 0u)
 366              		.loc 1 92 0
 367 0000 0A4B     		ldr	r3, .L8
 368 0002 1B78     		ldrb	r3, [r3]	@ zero_extendqisi2
 369 0004 03F00203 		and	r3, r3, #2
 370 0008 03F0FF02 		and	r2, r3, #255
 371 000c 53B1     		cbz	r3, .L4
 372              	.LBB4:
 373              	.LBB5:
  93:Generated_Source\PSoC5/ADC_SAR_Seq_1_SAR_PM.c ****     {
  94:Generated_Source\PSoC5/ADC_SAR_Seq_1_SAR_PM.c ****         if((ADC_SAR_Seq_1_SAR_SAR_CSR0_REG & ADC_SAR_Seq_1_SAR_SAR_SOF_START_CONV) != 0u)
ARM GAS  C:\Users\JEFFSN~1\AppData\Local\Temp\ccO8H4UR.s 			page 24


 374              		.loc 1 94 0
 375 000e 084A     		ldr	r2, .L8+4
 376 0010 084B     		ldr	r3, .L8+8
 377 0012 1278     		ldrb	r2, [r2]	@ zero_extendqisi2
 378 0014 12F0010F 		tst	r2, #1
  95:Generated_Source\PSoC5/ADC_SAR_Seq_1_SAR_PM.c ****         {
  96:Generated_Source\PSoC5/ADC_SAR_Seq_1_SAR_PM.c ****             ADC_SAR_Seq_1_SAR_backup.enableState = ADC_SAR_Seq_1_SAR_ENABLED | ADC_SAR_Seq_1_SAR_ST
  97:Generated_Source\PSoC5/ADC_SAR_Seq_1_SAR_PM.c ****         }
  98:Generated_Source\PSoC5/ADC_SAR_Seq_1_SAR_PM.c ****         else
  99:Generated_Source\PSoC5/ADC_SAR_Seq_1_SAR_PM.c ****         {
 100:Generated_Source\PSoC5/ADC_SAR_Seq_1_SAR_PM.c ****             ADC_SAR_Seq_1_SAR_backup.enableState = ADC_SAR_Seq_1_SAR_ENABLED;
 379              		.loc 1 100 0
 380 0018 14BF     		ite	ne
 381 001a 0322     		movne	r2, #3
 382 001c 0122     		moveq	r2, #1
 383 001e 1A70     		strb	r2, [r3]
 101:Generated_Source\PSoC5/ADC_SAR_Seq_1_SAR_PM.c ****         }
 102:Generated_Source\PSoC5/ADC_SAR_Seq_1_SAR_PM.c ****         ADC_SAR_Seq_1_SAR_Stop();
 384              		.loc 1 102 0
 385 0020 FFF7FEBF 		b	ADC_SAR_Seq_1_SAR_Stop
 386              	.LVL0:
 387              	.L4:
 388              	.LBE5:
 389              	.LBE4:
 103:Generated_Source\PSoC5/ADC_SAR_Seq_1_SAR_PM.c ****     }
 104:Generated_Source\PSoC5/ADC_SAR_Seq_1_SAR_PM.c ****     else
 105:Generated_Source\PSoC5/ADC_SAR_Seq_1_SAR_PM.c ****     {
 106:Generated_Source\PSoC5/ADC_SAR_Seq_1_SAR_PM.c ****         ADC_SAR_Seq_1_SAR_backup.enableState = ADC_SAR_Seq_1_SAR_DISABLED;
 390              		.loc 1 106 0
 391 0024 034B     		ldr	r3, .L8+8
 392 0026 1A70     		strb	r2, [r3]
 393 0028 7047     		bx	lr
 394              	.L9:
 395 002a 00BF     		.align	2
 396              	.L8:
 397 002c AB430040 		.word	1073759147
 398 0030 08590040 		.word	1073764616
 399 0034 00000000 		.word	.LANCHOR0
 400              		.cfi_endproc
 401              	.LFE2:
 402              		.size	ADC_SAR_Seq_1_SAR_Sleep, .-ADC_SAR_Seq_1_SAR_Sleep
 403              		.section	.text.ADC_SAR_Seq_1_SAR_Wakeup,"ax",%progbits
 404              		.align	2
 405              		.global	ADC_SAR_Seq_1_SAR_Wakeup
 406              		.thumb
 407              		.thumb_func
 408              		.type	ADC_SAR_Seq_1_SAR_Wakeup, %function
 409              	ADC_SAR_Seq_1_SAR_Wakeup:
 410              	.LFB3:
 107:Generated_Source\PSoC5/ADC_SAR_Seq_1_SAR_PM.c ****     }
 108:Generated_Source\PSoC5/ADC_SAR_Seq_1_SAR_PM.c **** }
 109:Generated_Source\PSoC5/ADC_SAR_Seq_1_SAR_PM.c **** 
 110:Generated_Source\PSoC5/ADC_SAR_Seq_1_SAR_PM.c **** 
 111:Generated_Source\PSoC5/ADC_SAR_Seq_1_SAR_PM.c **** /*******************************************************************************
 112:Generated_Source\PSoC5/ADC_SAR_Seq_1_SAR_PM.c **** * Function Name: ADC_SAR_Seq_1_SAR_Wakeup
 113:Generated_Source\PSoC5/ADC_SAR_Seq_1_SAR_PM.c **** ********************************************************************************
 114:Generated_Source\PSoC5/ADC_SAR_Seq_1_SAR_PM.c **** *
ARM GAS  C:\Users\JEFFSN~1\AppData\Local\Temp\ccO8H4UR.s 			page 25


 115:Generated_Source\PSoC5/ADC_SAR_Seq_1_SAR_PM.c **** * Summary:
 116:Generated_Source\PSoC5/ADC_SAR_Seq_1_SAR_PM.c **** *  This is the preferred routine to restore the component to the state when
 117:Generated_Source\PSoC5/ADC_SAR_Seq_1_SAR_PM.c **** *  ADC_SAR_Seq_1_SAR_Sleep() was called. If the component was enabled before the
 118:Generated_Source\PSoC5/ADC_SAR_Seq_1_SAR_PM.c **** *  ADC_SAR_Seq_1_SAR_Sleep() function was called, the
 119:Generated_Source\PSoC5/ADC_SAR_Seq_1_SAR_PM.c **** *  ADC_SAR_Seq_1_SAR_Wakeup() function also re-enables the component.
 120:Generated_Source\PSoC5/ADC_SAR_Seq_1_SAR_PM.c **** *
 121:Generated_Source\PSoC5/ADC_SAR_Seq_1_SAR_PM.c **** * Parameters:
 122:Generated_Source\PSoC5/ADC_SAR_Seq_1_SAR_PM.c **** *  None.
 123:Generated_Source\PSoC5/ADC_SAR_Seq_1_SAR_PM.c **** *
 124:Generated_Source\PSoC5/ADC_SAR_Seq_1_SAR_PM.c **** * Return:
 125:Generated_Source\PSoC5/ADC_SAR_Seq_1_SAR_PM.c **** *  None.
 126:Generated_Source\PSoC5/ADC_SAR_Seq_1_SAR_PM.c **** *
 127:Generated_Source\PSoC5/ADC_SAR_Seq_1_SAR_PM.c **** * Global Variables:
 128:Generated_Source\PSoC5/ADC_SAR_Seq_1_SAR_PM.c **** *  ADC_SAR_Seq_1_SAR_backup - The structure field 'enableState' is used to
 129:Generated_Source\PSoC5/ADC_SAR_Seq_1_SAR_PM.c **** *  restore the enable state of block after wakeup from sleep mode.
 130:Generated_Source\PSoC5/ADC_SAR_Seq_1_SAR_PM.c **** *
 131:Generated_Source\PSoC5/ADC_SAR_Seq_1_SAR_PM.c **** *******************************************************************************/
 132:Generated_Source\PSoC5/ADC_SAR_Seq_1_SAR_PM.c **** void ADC_SAR_Seq_1_SAR_Wakeup(void)
 133:Generated_Source\PSoC5/ADC_SAR_Seq_1_SAR_PM.c **** {
 411              		.loc 1 133 0
 412              		.cfi_startproc
 413              		@ args = 0, pretend = 0, frame = 0
 414              		@ frame_needed = 0, uses_anonymous_args = 0
 415 0000 10B5     		push	{r4, lr}
 416              		.cfi_def_cfa_offset 8
 417              		.cfi_offset 4, -8
 418              		.cfi_offset 14, -4
 134:Generated_Source\PSoC5/ADC_SAR_Seq_1_SAR_PM.c ****     if(ADC_SAR_Seq_1_SAR_backup.enableState != ADC_SAR_Seq_1_SAR_DISABLED)
 419              		.loc 1 134 0
 420 0002 064C     		ldr	r4, .L19
 421 0004 2378     		ldrb	r3, [r4]	@ zero_extendqisi2
 422 0006 03B9     		cbnz	r3, .L18
 423              	.L10:
 424 0008 10BD     		pop	{r4, pc}
 425              	.L18:
 426              	.LBB8:
 427              	.LBB9:
 135:Generated_Source\PSoC5/ADC_SAR_Seq_1_SAR_PM.c ****     {
 136:Generated_Source\PSoC5/ADC_SAR_Seq_1_SAR_PM.c ****         ADC_SAR_Seq_1_SAR_Enable();
 428              		.loc 1 136 0
 429 000a FFF7FEFF 		bl	ADC_SAR_Seq_1_SAR_Enable
 430              	.LVL1:
 137:Generated_Source\PSoC5/ADC_SAR_Seq_1_SAR_PM.c ****         #if(ADC_SAR_Seq_1_SAR_DEFAULT_CONV_MODE != ADC_SAR_Seq_1_SAR__HARDWARE_TRIGGER)
 138:Generated_Source\PSoC5/ADC_SAR_Seq_1_SAR_PM.c ****             if((ADC_SAR_Seq_1_SAR_backup.enableState & ADC_SAR_Seq_1_SAR_STARTED) != 0u)
 431              		.loc 1 138 0
 432 000e 2378     		ldrb	r3, [r4]	@ zero_extendqisi2
 433 0010 9B07     		lsls	r3, r3, #30
 434 0012 F9D5     		bpl	.L10
 435              	.LBE9:
 436              	.LBE8:
 139:Generated_Source\PSoC5/ADC_SAR_Seq_1_SAR_PM.c ****             {
 140:Generated_Source\PSoC5/ADC_SAR_Seq_1_SAR_PM.c ****                 ADC_SAR_Seq_1_SAR_StartConvert();
 141:Generated_Source\PSoC5/ADC_SAR_Seq_1_SAR_PM.c ****             }
 142:Generated_Source\PSoC5/ADC_SAR_Seq_1_SAR_PM.c ****         #endif /* End ADC_SAR_Seq_1_SAR_DEFAULT_CONV_MODE != ADC_SAR_Seq_1_SAR__HARDWARE_TRIGGER */
 143:Generated_Source\PSoC5/ADC_SAR_Seq_1_SAR_PM.c ****     }
 144:Generated_Source\PSoC5/ADC_SAR_Seq_1_SAR_PM.c **** }
 437              		.loc 1 144 0
ARM GAS  C:\Users\JEFFSN~1\AppData\Local\Temp\ccO8H4UR.s 			page 26


 438 0014 BDE81040 		pop	{r4, lr}
 439              		.cfi_restore 14
 440              		.cfi_restore 4
 441              		.cfi_def_cfa_offset 0
 442              	.LBB11:
 443              	.LBB10:
 140:Generated_Source\PSoC5/ADC_SAR_Seq_1_SAR_PM.c ****             }
 444              		.loc 1 140 0
 445 0018 FFF7FEBF 		b	ADC_SAR_Seq_1_SAR_StartConvert
 446              	.LVL2:
 447              	.L20:
 448              		.align	2
 449              	.L19:
 450 001c 00000000 		.word	.LANCHOR0
 451              	.LBE10:
 452              	.LBE11:
 453              		.cfi_endproc
 454              	.LFE3:
 455              		.size	ADC_SAR_Seq_1_SAR_Wakeup, .-ADC_SAR_Seq_1_SAR_Wakeup
 456              		.bss
 457              		.align	2
 458              		.set	.LANCHOR0,. + 0
 459              		.type	ADC_SAR_Seq_1_SAR_backup, %object
 460              		.size	ADC_SAR_Seq_1_SAR_backup, 1
 461              	ADC_SAR_Seq_1_SAR_backup:
 462 0000 00       		.space	1
 463              		.text
 464              	.Letext0:
 465              		.file 2 "Generated_Source\\PSoC5\\cytypes.h"
 466              		.file 3 "Generated_Source\\PSoC5\\ADC_SAR_Seq_1_SAR.h"
 467              		.section	.debug_info,"",%progbits
 468              	.Ldebug_info0:
 469 0000 56010000 		.4byte	0x156
 470 0004 0400     		.2byte	0x4
 471 0006 00000000 		.4byte	.Ldebug_abbrev0
 472 000a 04       		.byte	0x4
 473 000b 01       		.uleb128 0x1
 474 000c 95000000 		.4byte	.LASF21
 475 0010 0C       		.byte	0xc
 476 0011 88010000 		.4byte	.LASF22
 477 0015 F2010000 		.4byte	.LASF23
 478 0019 00000000 		.4byte	.Ldebug_ranges0+0
 479 001d 00000000 		.4byte	0
 480 0021 00000000 		.4byte	.Ldebug_line0
 481 0025 02       		.uleb128 0x2
 482 0026 01       		.byte	0x1
 483 0027 06       		.byte	0x6
 484 0028 BE020000 		.4byte	.LASF0
 485 002c 02       		.uleb128 0x2
 486 002d 01       		.byte	0x1
 487 002e 08       		.byte	0x8
 488 002f 87000000 		.4byte	.LASF1
 489 0033 02       		.uleb128 0x2
 490 0034 02       		.byte	0x2
 491 0035 05       		.byte	0x5
 492 0036 61020000 		.4byte	.LASF2
 493 003a 02       		.uleb128 0x2
ARM GAS  C:\Users\JEFFSN~1\AppData\Local\Temp\ccO8H4UR.s 			page 27


 494 003b 02       		.byte	0x2
 495 003c 07       		.byte	0x7
 496 003d 4E010000 		.4byte	.LASF3
 497 0041 02       		.uleb128 0x2
 498 0042 04       		.byte	0x4
 499 0043 05       		.byte	0x5
 500 0044 90020000 		.4byte	.LASF4
 501 0048 02       		.uleb128 0x2
 502 0049 04       		.byte	0x4
 503 004a 07       		.byte	0x7
 504 004b 3C010000 		.4byte	.LASF5
 505 004f 02       		.uleb128 0x2
 506 0050 08       		.byte	0x8
 507 0051 05       		.byte	0x5
 508 0052 DF010000 		.4byte	.LASF6
 509 0056 02       		.uleb128 0x2
 510 0057 08       		.byte	0x8
 511 0058 07       		.byte	0x7
 512 0059 C3010000 		.4byte	.LASF7
 513 005d 03       		.uleb128 0x3
 514 005e 04       		.byte	0x4
 515 005f 05       		.byte	0x5
 516 0060 696E7400 		.ascii	"int\000"
 517 0064 02       		.uleb128 0x2
 518 0065 04       		.byte	0x4
 519 0066 07       		.byte	0x7
 520 0067 B6010000 		.4byte	.LASF8
 521 006b 04       		.uleb128 0x4
 522 006c 6B020000 		.4byte	.LASF12
 523 0070 02       		.byte	0x2
 524 0071 E401     		.2byte	0x1e4
 525 0073 2C000000 		.4byte	0x2c
 526 0077 02       		.uleb128 0x2
 527 0078 04       		.byte	0x4
 528 0079 04       		.byte	0x4
 529 007a 81000000 		.4byte	.LASF9
 530 007e 02       		.uleb128 0x2
 531 007f 08       		.byte	0x8
 532 0080 04       		.byte	0x4
 533 0081 81010000 		.4byte	.LASF10
 534 0085 02       		.uleb128 0x2
 535 0086 01       		.byte	0x1
 536 0087 08       		.byte	0x8
 537 0088 ED010000 		.4byte	.LASF11
 538 008c 04       		.uleb128 0x4
 539 008d DA010000 		.4byte	.LASF13
 540 0091 02       		.byte	0x2
 541 0092 8E02     		.2byte	0x28e
 542 0094 98000000 		.4byte	0x98
 543 0098 05       		.uleb128 0x5
 544 0099 6B000000 		.4byte	0x6b
 545 009d 06       		.uleb128 0x6
 546 009e 01       		.byte	0x1
 547 009f 03       		.byte	0x3
 548 00a0 2A       		.byte	0x2a
 549 00a1 B2000000 		.4byte	0xb2
 550 00a5 07       		.uleb128 0x7
ARM GAS  C:\Users\JEFFSN~1\AppData\Local\Temp\ccO8H4UR.s 			page 28


 551 00a6 99020000 		.4byte	.LASF24
 552 00aa 03       		.byte	0x3
 553 00ab 2C       		.byte	0x2c
 554 00ac 6B000000 		.4byte	0x6b
 555 00b0 00       		.byte	0
 556 00b1 00       		.byte	0
 557 00b2 08       		.uleb128 0x8
 558 00b3 30000000 		.4byte	.LASF14
 559 00b7 03       		.byte	0x3
 560 00b8 2D       		.byte	0x2d
 561 00b9 9D000000 		.4byte	0x9d
 562 00bd 09       		.uleb128 0x9
 563 00be 50000000 		.4byte	.LASF15
 564 00c2 01       		.byte	0x1
 565 00c3 5A       		.byte	0x5a
 566 00c4 01       		.byte	0x1
 567 00c5 09       		.uleb128 0x9
 568 00c6 68000000 		.4byte	.LASF16
 569 00ca 01       		.byte	0x1
 570 00cb 84       		.byte	0x84
 571 00cc 01       		.byte	0x1
 572 00cd 09       		.uleb128 0x9
 573 00ce 61010000 		.4byte	.LASF17
 574 00d2 01       		.byte	0x1
 575 00d3 40       		.byte	0x40
 576 00d4 01       		.byte	0x1
 577 00d5 0A       		.uleb128 0xa
 578 00d6 CD000000 		.4byte	0xcd
 579 00da 00000000 		.4byte	.LFB1
 580 00de 02000000 		.4byte	.LFE1-.LFB1
 581 00e2 01       		.uleb128 0x1
 582 00e3 9C       		.byte	0x9c
 583 00e4 0B       		.uleb128 0xb
 584 00e5 BD000000 		.4byte	0xbd
 585 00e9 00000000 		.4byte	.LFB2
 586 00ed 38000000 		.4byte	.LFE2-.LFB2
 587 00f1 01       		.uleb128 0x1
 588 00f2 9C       		.byte	0x9c
 589 00f3 01010000 		.4byte	0x101
 590 00f7 0C       		.uleb128 0xc
 591 00f8 24000000 		.4byte	.LVL0
 592 00fc 38010000 		.4byte	0x138
 593 0100 00       		.byte	0
 594 0101 0B       		.uleb128 0xb
 595 0102 C5000000 		.4byte	0xc5
 596 0106 00000000 		.4byte	.LFB3
 597 010a 20000000 		.4byte	.LFE3-.LFB3
 598 010e 01       		.uleb128 0x1
 599 010f 9C       		.byte	0x9c
 600 0110 27010000 		.4byte	0x127
 601 0114 0D       		.uleb128 0xd
 602 0115 0E000000 		.4byte	.LVL1
 603 0119 43010000 		.4byte	0x143
 604 011d 0C       		.uleb128 0xc
 605 011e 1C000000 		.4byte	.LVL2
 606 0122 4E010000 		.4byte	0x14e
 607 0126 00       		.byte	0
ARM GAS  C:\Users\JEFFSN~1\AppData\Local\Temp\ccO8H4UR.s 			page 29


 608 0127 0E       		.uleb128 0xe
 609 0128 00000000 		.4byte	.LASF25
 610 012c 01       		.byte	0x1
 611 012d 18       		.byte	0x18
 612 012e B2000000 		.4byte	0xb2
 613 0132 05       		.uleb128 0x5
 614 0133 03       		.byte	0x3
 615 0134 00000000 		.4byte	ADC_SAR_Seq_1_SAR_backup
 616 0138 0F       		.uleb128 0xf
 617 0139 19000000 		.4byte	.LASF18
 618 013d 19000000 		.4byte	.LASF18
 619 0141 03       		.byte	0x3
 620 0142 35       		.byte	0x35
 621 0143 0F       		.uleb128 0xf
 622 0144 A5020000 		.4byte	.LASF19
 623 0148 A5020000 		.4byte	.LASF19
 624 014c 03       		.byte	0x3
 625 014d 44       		.byte	0x44
 626 014e 0F       		.uleb128 0xf
 627 014f 71020000 		.4byte	.LASF20
 628 0153 71020000 		.4byte	.LASF20
 629 0157 03       		.byte	0x3
 630 0158 D1       		.byte	0xd1
 631 0159 00       		.byte	0
 632              		.section	.debug_abbrev,"",%progbits
 633              	.Ldebug_abbrev0:
 634 0000 01       		.uleb128 0x1
 635 0001 11       		.uleb128 0x11
 636 0002 01       		.byte	0x1
 637 0003 25       		.uleb128 0x25
 638 0004 0E       		.uleb128 0xe
 639 0005 13       		.uleb128 0x13
 640 0006 0B       		.uleb128 0xb
 641 0007 03       		.uleb128 0x3
 642 0008 0E       		.uleb128 0xe
 643 0009 1B       		.uleb128 0x1b
 644 000a 0E       		.uleb128 0xe
 645 000b 55       		.uleb128 0x55
 646 000c 17       		.uleb128 0x17
 647 000d 11       		.uleb128 0x11
 648 000e 01       		.uleb128 0x1
 649 000f 10       		.uleb128 0x10
 650 0010 17       		.uleb128 0x17
 651 0011 00       		.byte	0
 652 0012 00       		.byte	0
 653 0013 02       		.uleb128 0x2
 654 0014 24       		.uleb128 0x24
 655 0015 00       		.byte	0
 656 0016 0B       		.uleb128 0xb
 657 0017 0B       		.uleb128 0xb
 658 0018 3E       		.uleb128 0x3e
 659 0019 0B       		.uleb128 0xb
 660 001a 03       		.uleb128 0x3
 661 001b 0E       		.uleb128 0xe
 662 001c 00       		.byte	0
 663 001d 00       		.byte	0
 664 001e 03       		.uleb128 0x3
ARM GAS  C:\Users\JEFFSN~1\AppData\Local\Temp\ccO8H4UR.s 			page 30


 665 001f 24       		.uleb128 0x24
 666 0020 00       		.byte	0
 667 0021 0B       		.uleb128 0xb
 668 0022 0B       		.uleb128 0xb
 669 0023 3E       		.uleb128 0x3e
 670 0024 0B       		.uleb128 0xb
 671 0025 03       		.uleb128 0x3
 672 0026 08       		.uleb128 0x8
 673 0027 00       		.byte	0
 674 0028 00       		.byte	0
 675 0029 04       		.uleb128 0x4
 676 002a 16       		.uleb128 0x16
 677 002b 00       		.byte	0
 678 002c 03       		.uleb128 0x3
 679 002d 0E       		.uleb128 0xe
 680 002e 3A       		.uleb128 0x3a
 681 002f 0B       		.uleb128 0xb
 682 0030 3B       		.uleb128 0x3b
 683 0031 05       		.uleb128 0x5
 684 0032 49       		.uleb128 0x49
 685 0033 13       		.uleb128 0x13
 686 0034 00       		.byte	0
 687 0035 00       		.byte	0
 688 0036 05       		.uleb128 0x5
 689 0037 35       		.uleb128 0x35
 690 0038 00       		.byte	0
 691 0039 49       		.uleb128 0x49
 692 003a 13       		.uleb128 0x13
 693 003b 00       		.byte	0
 694 003c 00       		.byte	0
 695 003d 06       		.uleb128 0x6
 696 003e 13       		.uleb128 0x13
 697 003f 01       		.byte	0x1
 698 0040 0B       		.uleb128 0xb
 699 0041 0B       		.uleb128 0xb
 700 0042 3A       		.uleb128 0x3a
 701 0043 0B       		.uleb128 0xb
 702 0044 3B       		.uleb128 0x3b
 703 0045 0B       		.uleb128 0xb
 704 0046 01       		.uleb128 0x1
 705 0047 13       		.uleb128 0x13
 706 0048 00       		.byte	0
 707 0049 00       		.byte	0
 708 004a 07       		.uleb128 0x7
 709 004b 0D       		.uleb128 0xd
 710 004c 00       		.byte	0
 711 004d 03       		.uleb128 0x3
 712 004e 0E       		.uleb128 0xe
 713 004f 3A       		.uleb128 0x3a
 714 0050 0B       		.uleb128 0xb
 715 0051 3B       		.uleb128 0x3b
 716 0052 0B       		.uleb128 0xb
 717 0053 49       		.uleb128 0x49
 718 0054 13       		.uleb128 0x13
 719 0055 38       		.uleb128 0x38
 720 0056 0B       		.uleb128 0xb
 721 0057 00       		.byte	0
ARM GAS  C:\Users\JEFFSN~1\AppData\Local\Temp\ccO8H4UR.s 			page 31


 722 0058 00       		.byte	0
 723 0059 08       		.uleb128 0x8
 724 005a 16       		.uleb128 0x16
 725 005b 00       		.byte	0
 726 005c 03       		.uleb128 0x3
 727 005d 0E       		.uleb128 0xe
 728 005e 3A       		.uleb128 0x3a
 729 005f 0B       		.uleb128 0xb
 730 0060 3B       		.uleb128 0x3b
 731 0061 0B       		.uleb128 0xb
 732 0062 49       		.uleb128 0x49
 733 0063 13       		.uleb128 0x13
 734 0064 00       		.byte	0
 735 0065 00       		.byte	0
 736 0066 09       		.uleb128 0x9
 737 0067 2E       		.uleb128 0x2e
 738 0068 00       		.byte	0
 739 0069 3F       		.uleb128 0x3f
 740 006a 19       		.uleb128 0x19
 741 006b 03       		.uleb128 0x3
 742 006c 0E       		.uleb128 0xe
 743 006d 3A       		.uleb128 0x3a
 744 006e 0B       		.uleb128 0xb
 745 006f 3B       		.uleb128 0x3b
 746 0070 0B       		.uleb128 0xb
 747 0071 27       		.uleb128 0x27
 748 0072 19       		.uleb128 0x19
 749 0073 20       		.uleb128 0x20
 750 0074 0B       		.uleb128 0xb
 751 0075 00       		.byte	0
 752 0076 00       		.byte	0
 753 0077 0A       		.uleb128 0xa
 754 0078 2E       		.uleb128 0x2e
 755 0079 00       		.byte	0
 756 007a 31       		.uleb128 0x31
 757 007b 13       		.uleb128 0x13
 758 007c 11       		.uleb128 0x11
 759 007d 01       		.uleb128 0x1
 760 007e 12       		.uleb128 0x12
 761 007f 06       		.uleb128 0x6
 762 0080 40       		.uleb128 0x40
 763 0081 18       		.uleb128 0x18
 764 0082 9742     		.uleb128 0x2117
 765 0084 19       		.uleb128 0x19
 766 0085 00       		.byte	0
 767 0086 00       		.byte	0
 768 0087 0B       		.uleb128 0xb
 769 0088 2E       		.uleb128 0x2e
 770 0089 01       		.byte	0x1
 771 008a 31       		.uleb128 0x31
 772 008b 13       		.uleb128 0x13
 773 008c 11       		.uleb128 0x11
 774 008d 01       		.uleb128 0x1
 775 008e 12       		.uleb128 0x12
 776 008f 06       		.uleb128 0x6
 777 0090 40       		.uleb128 0x40
 778 0091 18       		.uleb128 0x18
ARM GAS  C:\Users\JEFFSN~1\AppData\Local\Temp\ccO8H4UR.s 			page 32


 779 0092 9742     		.uleb128 0x2117
 780 0094 19       		.uleb128 0x19
 781 0095 01       		.uleb128 0x1
 782 0096 13       		.uleb128 0x13
 783 0097 00       		.byte	0
 784 0098 00       		.byte	0
 785 0099 0C       		.uleb128 0xc
 786 009a 898201   		.uleb128 0x4109
 787 009d 00       		.byte	0
 788 009e 11       		.uleb128 0x11
 789 009f 01       		.uleb128 0x1
 790 00a0 9542     		.uleb128 0x2115
 791 00a2 19       		.uleb128 0x19
 792 00a3 31       		.uleb128 0x31
 793 00a4 13       		.uleb128 0x13
 794 00a5 00       		.byte	0
 795 00a6 00       		.byte	0
 796 00a7 0D       		.uleb128 0xd
 797 00a8 898201   		.uleb128 0x4109
 798 00ab 00       		.byte	0
 799 00ac 11       		.uleb128 0x11
 800 00ad 01       		.uleb128 0x1
 801 00ae 31       		.uleb128 0x31
 802 00af 13       		.uleb128 0x13
 803 00b0 00       		.byte	0
 804 00b1 00       		.byte	0
 805 00b2 0E       		.uleb128 0xe
 806 00b3 34       		.uleb128 0x34
 807 00b4 00       		.byte	0
 808 00b5 03       		.uleb128 0x3
 809 00b6 0E       		.uleb128 0xe
 810 00b7 3A       		.uleb128 0x3a
 811 00b8 0B       		.uleb128 0xb
 812 00b9 3B       		.uleb128 0x3b
 813 00ba 0B       		.uleb128 0xb
 814 00bb 49       		.uleb128 0x49
 815 00bc 13       		.uleb128 0x13
 816 00bd 02       		.uleb128 0x2
 817 00be 18       		.uleb128 0x18
 818 00bf 00       		.byte	0
 819 00c0 00       		.byte	0
 820 00c1 0F       		.uleb128 0xf
 821 00c2 2E       		.uleb128 0x2e
 822 00c3 00       		.byte	0
 823 00c4 3F       		.uleb128 0x3f
 824 00c5 19       		.uleb128 0x19
 825 00c6 3C       		.uleb128 0x3c
 826 00c7 19       		.uleb128 0x19
 827 00c8 6E       		.uleb128 0x6e
 828 00c9 0E       		.uleb128 0xe
 829 00ca 03       		.uleb128 0x3
 830 00cb 0E       		.uleb128 0xe
 831 00cc 3A       		.uleb128 0x3a
 832 00cd 0B       		.uleb128 0xb
 833 00ce 3B       		.uleb128 0x3b
 834 00cf 0B       		.uleb128 0xb
 835 00d0 00       		.byte	0
ARM GAS  C:\Users\JEFFSN~1\AppData\Local\Temp\ccO8H4UR.s 			page 33


 836 00d1 00       		.byte	0
 837 00d2 00       		.byte	0
 838              		.section	.debug_aranges,"",%progbits
 839 0000 2C000000 		.4byte	0x2c
 840 0004 0200     		.2byte	0x2
 841 0006 00000000 		.4byte	.Ldebug_info0
 842 000a 04       		.byte	0x4
 843 000b 00       		.byte	0
 844 000c 0000     		.2byte	0
 845 000e 0000     		.2byte	0
 846 0010 00000000 		.4byte	.LFB1
 847 0014 02000000 		.4byte	.LFE1-.LFB1
 848 0018 00000000 		.4byte	.LFB2
 849 001c 38000000 		.4byte	.LFE2-.LFB2
 850 0020 00000000 		.4byte	.LFB3
 851 0024 20000000 		.4byte	.LFE3-.LFB3
 852 0028 00000000 		.4byte	0
 853 002c 00000000 		.4byte	0
 854              		.section	.debug_ranges,"",%progbits
 855              	.Ldebug_ranges0:
 856 0000 00000000 		.4byte	.LFB1
 857 0004 02000000 		.4byte	.LFE1
 858 0008 00000000 		.4byte	.LFB2
 859 000c 38000000 		.4byte	.LFE2
 860 0010 00000000 		.4byte	.LFB3
 861 0014 20000000 		.4byte	.LFE3
 862 0018 00000000 		.4byte	0
 863 001c 00000000 		.4byte	0
 864              		.section	.debug_line,"",%progbits
 865              	.Ldebug_line0:
 866 0000 A8000000 		.section	.debug_str,"MS",%progbits,1
 866      02006800 
 866      00000201 
 866      FB0E0D00 
 866      01010101 
 867              	.LASF25:
 868 0000 4144435F 		.ascii	"ADC_SAR_Seq_1_SAR_backup\000"
 868      5341525F 
 868      5365715F 
 868      315F5341 
 868      525F6261 
 869              	.LASF18:
 870 0019 4144435F 		.ascii	"ADC_SAR_Seq_1_SAR_Stop\000"
 870      5341525F 
 870      5365715F 
 870      315F5341 
 870      525F5374 
 871              	.LASF14:
 872 0030 4144435F 		.ascii	"ADC_SAR_Seq_1_SAR_BACKUP_STRUCT\000"
 872      5341525F 
 872      5365715F 
 872      315F5341 
 872      525F4241 
 873              	.LASF15:
 874 0050 4144435F 		.ascii	"ADC_SAR_Seq_1_SAR_Sleep\000"
 874      5341525F 
 874      5365715F 
ARM GAS  C:\Users\JEFFSN~1\AppData\Local\Temp\ccO8H4UR.s 			page 34


 874      315F5341 
 874      525F536C 
 875              	.LASF16:
 876 0068 4144435F 		.ascii	"ADC_SAR_Seq_1_SAR_Wakeup\000"
 876      5341525F 
 876      5365715F 
 876      315F5341 
 876      525F5761 
 877              	.LASF9:
 878 0081 666C6F61 		.ascii	"float\000"
 878      7400
 879              	.LASF1:
 880 0087 756E7369 		.ascii	"unsigned char\000"
 880      676E6564 
 880      20636861 
 880      7200
 881              	.LASF21:
 882 0095 474E5520 		.ascii	"GNU C11 5.4.1 20160609 (release) [ARM/embedded-5-br"
 882      43313120 
 882      352E342E 
 882      31203230 
 882      31363036 
 883 00c8 616E6368 		.ascii	"anch revision 237715] -mcpu=cortex-m3 -mthumb -g -O"
 883      20726576 
 883      6973696F 
 883      6E203233 
 883      37373135 
 884 00fb 33202D66 		.ascii	"3 -ffunction-sections -ffat-lto-objects -finline-fu"
 884      66756E63 
 884      74696F6E 
 884      2D736563 
 884      74696F6E 
 885 012e 6E637469 		.ascii	"nctions -flto\000"
 885      6F6E7320 
 885      2D666C74 
 885      6F00
 886              	.LASF5:
 887 013c 6C6F6E67 		.ascii	"long unsigned int\000"
 887      20756E73 
 887      69676E65 
 887      6420696E 
 887      7400
 888              	.LASF3:
 889 014e 73686F72 		.ascii	"short unsigned int\000"
 889      7420756E 
 889      7369676E 
 889      65642069 
 889      6E7400
 890              	.LASF17:
 891 0161 4144435F 		.ascii	"ADC_SAR_Seq_1_SAR_RestoreConfig\000"
 891      5341525F 
 891      5365715F 
 891      315F5341 
 891      525F5265 
 892              	.LASF10:
 893 0181 646F7562 		.ascii	"double\000"
 893      6C6500
ARM GAS  C:\Users\JEFFSN~1\AppData\Local\Temp\ccO8H4UR.s 			page 35


 894              	.LASF22:
 895 0188 47656E65 		.ascii	"Generated_Source\\PSoC5\\ADC_SAR_Seq_1_SAR_PM.c\000"
 895      72617465 
 895      645F536F 
 895      75726365 
 895      5C50536F 
 896              	.LASF8:
 897 01b6 756E7369 		.ascii	"unsigned int\000"
 897      676E6564 
 897      20696E74 
 897      00
 898              	.LASF7:
 899 01c3 6C6F6E67 		.ascii	"long long unsigned int\000"
 899      206C6F6E 
 899      6720756E 
 899      7369676E 
 899      65642069 
 900              	.LASF13:
 901 01da 72656738 		.ascii	"reg8\000"
 901      00
 902              	.LASF6:
 903 01df 6C6F6E67 		.ascii	"long long int\000"
 903      206C6F6E 
 903      6720696E 
 903      7400
 904              	.LASF11:
 905 01ed 63686172 		.ascii	"char\000"
 905      00
 906              	.LASF23:
 907 01f2 433A5C55 		.ascii	"C:\\Users\\JeffSnyder\\dev\\Electrobass_embedded\\P"
 907      73657273 
 907      5C4A6566 
 907      66536E79 
 907      6465725C 
 908 0220 534F4335 		.ascii	"SOC5_electrobass_stringsensors\\CE210514_PSOC3_5_Th"
 908      5F656C65 
 908      6374726F 
 908      62617373 
 908      5F737472 
 909 0252 65726D69 		.ascii	"ermistor.cydsn\000"
 909      73746F72 
 909      2E637964 
 909      736E00
 910              	.LASF2:
 911 0261 73686F72 		.ascii	"short int\000"
 911      7420696E 
 911      7400
 912              	.LASF12:
 913 026b 75696E74 		.ascii	"uint8\000"
 913      3800
 914              	.LASF20:
 915 0271 4144435F 		.ascii	"ADC_SAR_Seq_1_SAR_StartConvert\000"
 915      5341525F 
 915      5365715F 
 915      315F5341 
 915      525F5374 
 916              	.LASF4:
ARM GAS  C:\Users\JEFFSN~1\AppData\Local\Temp\ccO8H4UR.s 			page 36


 917 0290 6C6F6E67 		.ascii	"long int\000"
 917      20696E74 
 917      00
 918              	.LASF24:
 919 0299 656E6162 		.ascii	"enableState\000"
 919      6C655374 
 919      61746500 
 920              	.LASF19:
 921 02a5 4144435F 		.ascii	"ADC_SAR_Seq_1_SAR_Enable\000"
 921      5341525F 
 921      5365715F 
 921      315F5341 
 921      525F456E 
 922              	.LASF0:
 923 02be 7369676E 		.ascii	"signed char\000"
 923      65642063 
 923      68617200 
 924              		.comm	__gnu_lto_v1,1,1
 925              		.ident	"GCC: (GNU Tools for ARM Embedded Processors) 5.4.1 20160609 (release) [ARM/embedded-5-bran
