ARM GAS  C:\Users\JEFFSN~1\AppData\Local\Temp\ccV8K11x.s 			page 1


   1              		.syntax unified
   2              		.cpu cortex-m3
   3              		.fpu softvfp
   4              		.eabi_attribute 20, 1
   5              		.eabi_attribute 21, 1
   6              		.eabi_attribute 23, 3
   7              		.eabi_attribute 24, 1
   8              		.eabi_attribute 25, 1
   9              		.eabi_attribute 26, 1
  10              		.eabi_attribute 30, 2
  11              		.eabi_attribute 34, 1
  12              		.eabi_attribute 18, 4
  13              		.thumb
  14              		.syntax unified
  15              		.file	"AMux_1.c"
  16              		.text
  17              	.Ltext0:
  18              		.section	.gnu.lto_.profile.807c9498,"",%progbits
  19 0000 789C6361 		.ascii	"x\234ca`d`e`\000\222M\214*\000\002*\000\263"
  19      60646065 
  19      6000924D 
  19      8C2A0002 
  19      2A00B3
  20              		.text
  21              		.section	.gnu.lto_.icf.807c9498,"",%progbits
  22 0000 789C6361 		.ascii	"x\234ca`d\000\001y\006\004`e\370v\342\224\034c\367\234"
  22      60640001 
  22      79060460 
  22      65F876E2 
  22      941C63F7 
  23 0015 B61BAC4C 		.ascii	"\266\033\254L\257>\376\177\303\303|\352\306\315fN\226"
  23      AF3EFE7F 
  23      C3C37CEA 
  23      C6CD664E 
  23      96
  24 0026 75D76E1E 		.ascii	"u\327n\036de\000\000\3677\017`"
  24      64650000 
  24      F7370F60 
  25              		.text
  26              		.section	.gnu.lto_.jmpfuncs.807c9498,"",%progbits
  27 0000 789C6361 		.ascii	"x\234ca`d\000\0017\006\004`\001b&\030fdd\254gb\252\004"
  27      60640001 
  27      37060460 
  27      01622618 
  27      666464AC 
  28 0018 89C32828 		.ascii	"\211\303((f\006J1\241J\261 d\031\000z\316\002\340"
  28      66064A31 
  28      A14AB120 
  28      6419007A 
  28      CE02E0
  29              		.text
  30              		.section	.gnu.lto_.inline.807c9498,"",%progbits
  31 0000 789C6361 		.ascii	"x\234ca`d\000\201)\014\010\300\302\300\300m\316\310"
  31      60640081 
  31      290C08C0 
  31      C2C0C06D 
  31      CEC8
ARM GAS  C:\Users\JEFFSN~1\AppData\Local\Temp\ccV8K11x.s 			page 2


  32 0012 C0C471A1 		.ascii	"\300\304q\241\207\221\201m\201<\023H\220\211\233\221"
  32      8791816D 
  32      813C1348 
  32      90899B91 
  33 0022 8171821F 		.ascii	"\201q\202\037\214b\340\327\002\2518`\207\244\200\001"
  33      8C62E0D7 
  33      02A93860 
  33      87A48001 
  34 0032 A2000BC5 		.ascii	"\242\000\013\305\314\300.\001T\016T\205]5\013\003\267"
  34      CCC02E01 
  34      540E5485 
  34      5D350B03 
  34      B7
  35 0043 30C8B853 		.ascii	"0\310\270S\0268\0240\000\000<\210\0216"
  35      16381430 
  35      00003C88 
  35      1136
  36              		.text
  37              		.section	.gnu.lto_.pureconst.807c9498,"",%progbits
  38 0000 789C6361 		.ascii	"x\234ca`d\340d```a\220`\222`\226`\221\000\000\002\235"
  38      6064E064 
  38      60606061 
  38      90609260 
  38      96609100 
  39 0017 007C     		.ascii	"\000|"
  40              		.text
  41              		.section	.gnu.lto_AMux_1_Start.807c9498,"",%progbits
  42 0000 789C7551 		.ascii	"x\234uQ=h\024Q\020\236\357\315\333\315q\344 \225EHq"
  42      3D681451 
  42      109EEFCD 
  42      DBCD71E4 
  42      20954548 
  43 0015 2041D204 		.ascii	" A\322\004\305\010\266ba\245\210i\003!\234\0076&\020"
  43      C508B662 
  43      61A58869 
  43      03219C07 
  43      362610
  44 0028 0C68B5EF 		.ascii	"\014h\265\357no\215\222F\220DAb\012\213\304\237xY!\305"
  44      6E6F8D92 
  44      46904441 
  44      620A8BC4 
  44      9F785921 
  45 003d A1C51A82 		.ascii	"\241\305\032\202U\360\212 \026\"\350\025G\010\012\211"
  45      55F08A20 
  45      1622E815 
  45      47080A89 
  46 004d 24655C67 		.ascii	"$e\\gv\005\005q\330}\3571\357\373f\276o\236%\220\306"
  46      76050571 
  46      D87DEF31 
  46      EFFB66BE 
  46      6F9E2590 
  47 0062 B0213A21 		.ascii	"\260!:!\373%\371\341\023\314\275\367D\265\202\201\315"
  47      FB25F9E1 
  47      13CCBDF7 
  47      44B58281 
  47      CD
  48 0073 0F9C1FDE 		.ascii	"\017\234\037\336\026\254\341\271\021rE/\352'\327\353"
ARM GAS  C:\Users\JEFFSN~1\AppData\Local\Temp\ccV8K11x.s 			page 3


  48      16ACE1B9 
  48      1172452F 
  48      EA27D7EB 
  49 0083 019A7605 		.ascii	"\001\232v\005P`\330z\010\214%$\026&[\264\362\24192\330"
  49      5060D87A 
  49      088C2524 
  49      16265BB4 
  49      F2A13932 
  50 0098 98EDB6CC 		.ascii	"\230\355\266\314\320\262\223\370\022\335g\267\222 b"
  50      D0B293F8 
  50      12DD67B7 
  50      922062
  51 00a7 A2344348 		.ascii	"\2424CH\307e\014\221\300\0367;\237{\3718\364\274\035"
  51      C7650C91 
  51      C01E373B 
  51      9F7BF938 
  51      F4BC1D
  52 00ba 1F7EF707 		.ascii	"\037~\367\007\2378Ww\311\342\365\007.\251\225#\006V"
  52      9F385777 
  52      C9E2F507 
  52      2EA99523 
  52      0656
  53 00cc C0C2C2E9 		.ascii	"\300\302\302\351\001\234\034\310\270\002\355\304?\347"
  53      019C1CC8 
  53      B802EDC4 
  53      3FE7
  54 00da 4B7E43AB 		.ascii	"K~C\253\227\361\024\203y]<\203/\346\240\231\346\225"
  54      97F11483 
  54      795D3C83 
  54      2FE6A099 
  54      E695
  55 00ec C4A569E8 		.ascii	"\304\245i\350\222G\336*\213X\315\371\331J\264'`1\263"
  55      9247DE2A 
  55      8B58CDF9 
  55      D94AB427 
  55      6031B3
  56 00ff 6F8C6CDC 		.ascii	"o\214l\334A=\211oe\\\271\225\342\013\321F\273\347\300"
  56      413D896F 
  56      655CB995 
  56      E20BD146 
  56      BBE7C0
  57 0112 686FC273 		.ascii	"ho\302sh\323}\30347\302;h$\257\253\012U\021\255\326"
  57      68D37DC3 
  57      3437C23B 
  57      6824AFAB 
  57      0A5511AD 
  58 0127 B74F3DC1 		.ascii	"\267O=\301\221\273\343\\_\304&5\332\373\005\002\012"
  58      91BBE35C 
  58      5FC42635 
  58      DAFB0502 
  58      0A
  59 0138 59BC3229 		.ascii	"Y\2742)\372\015\376\213\026\021X\375\203\356\"\\\270"
  59      FA0DFE8B 
  59      161158FD 
  59      83EE225C 
  59      B8
  60 0149 FD6EBEA4 		.ascii	"\375n\276\244\370\220\345\203\220\326g\267\342b.\005"
ARM GAS  C:\Users\JEFFSN~1\AppData\Local\Temp\ccV8K11x.s 			page 4


  60      F890E583 
  60      90D667B7 
  60      E2622E05 
  61 0159 7829523A 		.ascii	"x)R:2\347\337J\005\224)\263$\017\242.\372(O\203\276"
  61      32E7DF4A 
  61      059429B3 
  61      240FA22E 
  61      FA284F83 
  62 016e A2D10E8F 		.ascii	"\242\321\016\217\345\225r\236\304\017)!n\314\016\013"
  62      E595729E 
  62      C40F2921 
  62      6ECC0E0B 
  63 017e 931F9684 		.ascii	"\223\037\226\204\352\251\377.\352\007k\353g\025\375"
  63      EAA9FF2E 
  63      EA076BEB 
  63      6715FD
  64 018d B7798B7F 		.ascii	"\267y\213\177U\333\273\234\317\177w\353\303fq\011\213"
  64      55DBBB9C 
  64      CF7F77EB 
  64      C3667109 
  64      8B
  65 019e 3597E581 		.ascii	"5\227\345\2015\004hj\037\304XR\345\333\341f\233s\345"
  65      3504686A 
  65      1FC45852 
  65      E5DBE166 
  65      9B73E5
  66 01b1 29F04AAE 		.ascii	")\360J\256ve\316\037\275l\034\032{2\256\250_\206P\276"
  66      7665CE1F 
  66      BD6C1C1A 
  66      7B32AEA8 
  66      5F8650BE 
  67 01c5 509DAC4E 		.ascii	"P\235\254NO\334\250^\035\037\235\232\231\256T\307.\217"
  67      4FDCA85E 
  67      1D1F9D9A 
  67      99AE54C7 
  67      2E8F
  68 01d7 4E9D3F33 		.ascii	"N\235?3v\356\342\314\315\361S\303\025\262\225k\023\223"
  68      76EEE2CC 
  68      CDF153C3 
  68      15B2956B 
  68      1393
  69 01e9 BF00B386 		.ascii	"\277\000\263\206\305\374"
  69      C5FC
  70              		.text
  71              		.section	.gnu.lto_AMux_1_FastSelect.807c9498,"",%progbits
  72 0000 789C8D52 		.ascii	"x\234\215R\317k\023Q\020\236o\336f7\206*^\205(\001)"
  72      CF6B1351 
  72      109E6FDE 
  72      6637862A 
  72      5E852801 
  73 0015 A51E24A2 		.ascii	"\245\036$\242\376\001\342\241'A\3545PJ\014x\220\024"
  73      FE01E2A1 
  73      2741EC35 
  73      504A0C78 
  73      9014
  74 0027 8A056F79 		.ascii	"\212\005oy\371\261\376\270\210\027[\020\245\212H[\255"
  74      F9B1FEB8 
ARM GAS  C:\Users\JEFFSN~1\AppData\Local\Temp\ccV8K11x.s 			page 5


  74      88175B10 
  74      A58A485B 
  74      AD
  75 0038 C66A5BC9 		.ascii	"\306j[\311mS\025C\221\252\007/VDK)R\2044h\217q\235\367"
  75      6D531543 
  75      91AA072F 
  75      56444B29 
  75      52843468 
  76 0050 621B2416 		.ascii	"b\033$\026\034\330}\217\331\357\373f\346\233u\010db"
  76      1CD87D8F 
  76      D9EFFB66 
  76      E69B7508 
  76      6462
  77 0062 89890EC9 		.ascii	"\211\211\016\311yL\036D\010|}\211(\037eV\265$\351\230"
  77      794C1E44 
  77      087C7D89 
  77      281F6556 
  77      B524E998 
  78 0076 53DB4FBA 		.ascii	"S\333O\272K\301i\245\035\300\\t\024\224c\345 \207Mn"
  78      4BC169A5 
  78      1DC05C74 
  78      149463E5 
  78      20874D6E 
  79 008a 32162EAF 		.ascii	"2\026.\257U\270wBK|yUO\352\311\000\276\"\012\331\226"
  79      55B87742 
  79      4B7C7955 
  79      4FEAC900 
  79      BE220AD9 
  80 009f 204CA057 		.ascii	" L\240WP\323\237^|v\325A\220\334?\316\335\255\356\352"
  80      50D39F5E 
  80      7C76D541 
  80      90DC3FCE 
  80      DDADEEEA 
  81 00b3 B9AF7541 		.ascii	"\271\257uA\353fJ+_\001\223P\302\300\3218\222q\222\004"
  81      EB664A2B 
  81      5F019350 
  81      C2C0D138 
  81      92719204 
  82 00c7 610A3D06 		.ascii	"a\012=\006\2742\363\353\306n\267d\344\023-Q<\200k\372"
  82      BC32F3EB 
  82      C66EB764 
  82      E4132D51 
  82      3C806BFA 
  83 00db 2F9F0974 		.ascii	"/\237\011t\030\026u\020\272\325w^L\011\215#\260<\332"
  83      18167510 
  83      BAD5775E 
  83      4C098D23 
  83      B03CDA
  84 00ee 10A069B6 		.ascii	"\020\240i\266\301lN\265\206\302hc\265\352\031nQ)\321"
  84      C16C4EB5 
  84      86C26863 
  84      B5EA196E 
  84      5129D1
  85 0101 1DF517DE 		.ascii	"\035\365\027\336z?\331W\312\366T\251|_\366rM}E\353\275"
  85      7A3FD957 
  85      CAF654A9 
  85      7C5FF672 
ARM GAS  C:\Users\JEFFSN~1\AppData\Local\Temp\ccV8K11x.s 			page 6


  85      4D7D45EB 
  86 0116 92BB2A13 		.ascii	"\222\273*\023\230\364\372\233\017/c\343\270\235\327"
  86      98F4FA9B 
  86      0F2F63E3 
  86      B89DD7
  87 0125 360F4CCB 		.ascii	"6\017L\313\330\017\021\227.\036a\034\364\025\245\345"
  87      D80F1197 
  87      2E1E611C 
  87      F415A5E5 
  88 0135 E281B66A 		.ascii	"\342\201\266j\331_\235\212\032UF\010<6@2](\252%\325"
  88      D95F9D8A 
  88      1A554608 
  88      3C364032 
  88      5D28AA25 
  89 014a 0A0AC1D8 		.ascii	"\012\012\301\330\353.\203\026\350\235[\205\372\236\356"
  89      EB2E8316 
  89      E89D5B85 
  89      FA9EEE
  90 0159 7BC685A0 		.ascii	"{\306\205\240yI\215\351 \237\350p\302:XF\267\250\323"
  90      79498DE9 
  90      209FE870 
  90      C23A5846 
  90      B7A8D3
  91 016c 3794821F 		.ascii	"7\224\202\037\213\374\267'\272|m\237\001XWBF\207ex\002"
  91      8BFCB727 
  91      BA7C6D9F 
  91      01585742 
  91      46876578 
  92 0181 573466E4 		.ascii	"W4f\344\3351\246\0232\333\357x\212\034I\015_El\231\315"
  92      DD31A613 
  92      32DBEF78 
  92      8A1C490D 
  92      5F456C99 
  93 0196 45DE91A1 		.ascii	"E\336\221\241Z\214gm\206\031\320\2616\033\356\2545\371"
  93      5A8C676D 
  93      8619D0B1 
  93      361BEEAC 
  93      35F9
  94 01a8 9F54471A 		.ascii	"\237TG\032\231\265\274\310V\245\371\235\321\"\214\271"
  94      99B5BCC8 
  94      56A5F99D 
  94      D1228CB9 
  95 01b8 365A5678 		.ascii	"6ZVx\263Q\317{\177\354\373\337\205\315o/\354\271,L\264"
  95      B351CF7B 
  95      7FECFBDF 
  95      85CD6F2F 
  95      ECB92C4C 
  96 01cd 685DD6F0 		.ascii	"h]\326\360\276\317\2265\261!\246I\357\362\303$\3722"
  96      BECF9635 
  96      B121A649 
  96      EFF2C324 
  96      FA32
  97 01df D9CCF0E0 		.ascii	"\331\314\360\340\205\314\331\201\376\241\221\341t&u"
  97      85CCD981 
  97      FEA191E1 
  97      742675
  98 01ee BA7FE8E4 		.ascii	"\272\177\350\344\361\324\211S#\027\007\216\034N\223"
ARM GAS  C:\Users\JEFFSN~1\AppData\Local\Temp\ccV8K11x.s 			page 7


  98      F1D48953 
  98      2317078E 
  98      1C4E93
  99 01fd 973E3798 		.ascii	"\227>7\230\315f\316\377\006\353\014\007c"
  99      CD66CEFF 
  99      06EB0C07 
  99      63
 100              		.text
 101              		.section	.gnu.lto_AMux_1_Disconnect.807c9498,"",%progbits
 102 0000 789C758E 		.ascii	"x\234u\216?KBa\024\207\317\357\274\245&\004\315\345"
 102      3F4B4261 
 102      1487CFEF 
 102      BCA52604 
 102      CDE5
 103 0012 2034880D 		.ascii	" 4\210\015\221D\037 \032\202 \210\\\005\021\273\320"
 103      91441F20 
 103      1A822088 
 103      5C0511BB 
 103      D0
 104 0023 100A92D0 		.ascii	"\020\012\222\320vO\352\245\306\226>@Ch)DC\203\333\265"
 104      764FEAA5 
 104      C6963E40 
 104      43682944 
 104      4383DBB5 
 105 0037 B6863E40 		.ascii	"\266\206>@EDPD4(\375\233\354v^\033\232:\360r\016/\317"
 105      45445044 
 105      3428FD9B 
 105      EC765E1B 
 105      9A3AF072 
 106 004e 79CE6F88 		.ascii	"y\316o\210@\266\306\265Mi\237\320\007C\340\275+\242"
 106      40B6C6B5 
 106      4D699FD0 
 106      0743E0BD 
 106      2BA2
 107 0060 ED080376 		.ascii	"\355\010\003v\220\010\310e\270\370\340>\343|\347\251"
 107      9008C865 
 107      B8F8E03E 
 107      E37CE7A9 
 108 0070 CDC9BA68 		.ascii	"\315\311\272h\335?6S\322\360\341\031\242\200\007&B\035"
 108      DD3F3653 
 108      D2F0E119 
 108      A2800726 
 108      421D
 109 0082 49A55AB7 		.ascii	"I\245Z\267\027w!3\011\322\371\372\354\2403\2228\024"
 109      17772133 
 109      09D2F9FA 
 109      ECA03392 
 109      3814
 110 0094 A988F433 		.ascii	"\251\210\3643b<\0034`t\003\2631\314\304H?\010GHX\370"
 110      623C0334 
 110      607403B3 
 110      31CCC448 
 110      3F084748 
 111 00aa E1F47B7F 		.ascii	"\341\364{\1774T\263\372\370\257\024\307\010\331\230"
 111      3454B3FA 
 111      F8AF14C7 
 111      08D998
ARM GAS  C:\Users\JEFFSN~1\AppData\Local\Temp\ccV8K11x.s 			page 8


 112 00b9 27ABBE04 		.ascii	"'\253\276\004AU\374^\264\363\031\035\326pv\205\272\312"
 112      4155FC5E 
 112      B4F3191D 
 112      D6707685 
 112      BACA
 113 00cb D8943D66 		.ascii	"\330\224=f\333\3153j\376\333%\333-\353k\267_o\302n_"
 113      DBCD336A 
 113      FEDB25DB 
 113      2DEB6BB7 
 113      5F6FC26E 
 114 00e0 7645C63C 		.ascii	"vE\306<\303\001\253\012M\270T5\354\031C\026\177\217"
 114      C301AB0A 
 114      4DB85435 
 114      EC194316 
 114      7F8F
 115 00f2 FE4BAB1C 		.ascii	"\376K\253\034\255?\372\005\025\377ki@\333\352\252Mo"
 115      AD3FFA05 
 115      15FF6B69 
 115      40DBEAAA 
 115      4D6F
 116 0104 2A145F74 		.ascii	"*\024_t\012N)\267\351\254e\323\305r)\357dV\322\305\205"
 116      0A4E29B7 
 116      E9AC65D3 
 116      C57229EF 
 116      6456D2C5 
 117 0119 B9CCFC72 		.ascii	"\271\314\374ry+\233\232\316S8\277\236+\024\234\215\037"
 117      792B9B9A 
 117      CE5338BF 
 117      9E2B149C 
 117      8D1F
 118 012b 79DD70BA 		.ascii	"y\335p\272"
 119              		.text
 120              		.section	.gnu.lto_AMux_1_DisconnectAll.807c9498,"",%progbits
 121 0000 789C8D52 		.ascii	"x\234\215R\317KTQ\024>\3379\317y\203Z\264\015,\006\302"
 121      CF4B5451 
 121      143EDF39 
 121      CF79835A 
 121      B40D2C06 
 122 0015 852D62A4 		.ascii	"\205-b\244\372\003\242E\213\010\"\267\202\330\364\240"
 122      FA03A245 
 122      8B0822B7 
 122      82D8F4A0 
 123 0025 458C2009 		.ascii	"E\214 \011\355\346\316\217GE\2336\351\2460p\241\226"
 123      EDE6CE8F 
 123      47459B36 
 123      E9A63070 
 123      A196
 124 0037 358D1531 		.ascii	"5\215\0251\264yM.\006\213$\242Z\030Q\022\022\0228\322"
 124      B4794D2E 
 124      068B24A2 
 124      5A185112 
 124      121238D2 
 125 004b B8B4D7B9 		.ascii	"\270\264\327\271\367E&\021t\341\275\373\370\356w\316"
 125      F7452611 
 125      74E1BDFB 
 125      F8EE77CE 
 126 005b 77BEEF5D 		.ascii	"w\276\357]\217@v\235e\242\203\272\037\321\007\035\004"
ARM GAS  C:\Users\JEFFSN~1\AppData\Local\Temp\ccV8K11x.s 			page 9


 126      8F40769D 
 126      65A283BA 
 126      1FD1071D 
 126      04
 127 006c BEFE8AA8 		.ascii	"\276\376\212\250\230f\226f\226L\247\327\334G\246[\340"
 127      98669666 
 127      964CA7D7 
 127      DC47A65B 
 127      E0
 128 007d 25B007D8 		.ascii	"%\260\007\330\017\223\006\025X<\024\260\311[\214\306"
 128      0F930615 
 128      583C14B0 
 128      C95B8CC6 
 129 008d E5D53AF7 		.ascii	"\345\325:\367M\033]\237\302'\375f&B(D1;\011\3024\372"
 129      4D1B5D9F 
 129      C227FD66 
 129      26422844 
 129      313B09C2 
 130 00a3 48692BB5 		.ascii	"Hi+\265\0377v\245*\226\226I\0161\203\224\235\243z&2"
 130      1F3776A5 
 130      2A969649 
 130      0E318394 
 130      9DA37A26 
 131 00b8 715C36D1 		.ascii	"q\\6\321\323\256g\357\272|\241P\024n)\305\312m0\333"
 131      D3AE67EF 
 131      BA7CA150 
 131      146E29C5 
 131      CA6D30DB 
 132 00cc 5D56511A 		.ascii	"]VQ\032\257\255\317\373\266\252,\242\035\307\303\306"
 132      AFADCFFB 
 132      B6AA2CA2 
 132      1DC7C3C6 
 133 00dc 92DFE650 		.ascii	"\222\337\346P\030V\240^\377\266\354\027\266\314\025"
 133      1856A05E 
 133      FFB6EC17 
 133      B6CC15
 134 00eb 63F62876 		.ascii	"c\366(vUg\260\360\332\313\267\013\235\223\270U4\016"
 134      5567B0F0 
 134      DACBB70B 
 134      9D93B855 
 134      340E
 135 00fd 17DCD1C1 		.ascii	"\027\334\321\301g\321\243\372w1\011\372\214\312ry\377"
 135      67D1A3FA 
 135      773109FA 
 135      8CCA7279 
 135      FF
 136 010e 76D76AF8 		.ascii	"v\327j\370e6m\273\00210g\211d\247\020jfe\005\245\350"
 136      65366DBB 
 136      02313067 
 136      8964A710 
 136      6A666505 
 137 0124 F58B6ECB 		.ascii	"\365\213n\313V\352\334\207\347\037Sr\300\251\337\276"
 137      56EADC87 
 137      E71F5372 
 137      C0A9DFBE 
 138 0134 595ADFDD 		.ascii	"YZ\337\335;eL\311D\365k2a\242b\306\252\335\203\250Y"
 138      3B654CC9 
ARM GAS  C:\Users\JEFFSN~1\AppData\Local\Temp\ccV8K11x.s 			page 10


 138      44F56B32 
 138      61A262C6 
 138      AADD83A8 
 139 0149 1CEE4136 		.ascii	"\034\356A6\351\204\373\350U%\372\212J\364}\221w&c\246"
 139      E984FBE8 
 139      5525FA8A 
 139      4AF47D91 
 139      772663A6 
 140 015d 26F65A82 		.ascii	"&\366Z\202\313&N|\355\010\016U\244\264\307\003}\377"
 140      CB264E7C 
 140      ED080E55 
 140      A4B4C703 
 140      7DFF
 141 016f 65D98B99 		.ascii	"e\331\213\231\3359j(\220j\204\322\341d6\027\371\237"
 141      DD396A28 
 141      906A84D2 
 141      E1643617 
 141      F99F
 142 0181 159254CC 		.ascii	"\025\222T\314oW\374\341\321\215B\232|\273\325n\370\277"
 142      6F57FCE1 
 142      D18D429A 
 142      7CBBD56E 
 142      F8BF
 143 0193 5CFF6FCE 		.ascii	"\\\377o\316\017\177\347\374HsV\306\233\362\302\222\330"
 143      0F7FE7FC 
 143      487356C6 
 143      9BF2C292 
 143      D8
 144 01a4 64C526FB 		.ascii	"d\305&\373\330%\273\301\236\373\273k*\372\376\244Up"
 144      D825BBC1 
 144      9EFBBB6B 
 144      2AFAFEA4 
 144      5570
 145 01b6 21B5D4BA 		.ascii	"!\265\324\272\302z\0052'\202|0:|1874026\232\013\006"
 145      C27A0532 
 145      27827C30 
 145      3A7C3138 
 145      37343032 
 146 01ce 4F0F8C1C 		.ascii	"O\017\214\034?:x\354\324\330\245\241\376C9\362s\347"
 146      3F3A78EC 
 146      D4D8A5A1 
 146      FE4339F2 
 146      73E7
 147 01e0 87F3F9E0 		.ascii	"\207\363\371\340\302OW`\345\272"
 147      C24F5760 
 147      E5BA
 148              		.text
 149              		.section	.gnu.lto_.symbol_nodes.807c9498,"",%progbits
 150 0000 789C558E 		.ascii	"x\234U\216\273\015\002A\014\005g\355\375\\L\005P\251"
 150      BB0D0241 
 150      0C0567ED 
 150      FD5C4C05 
 150      50A9
 151 0012 37A0802B 		.ascii	"7\240\200+\201\340\252 \336\370J@ ]\013\204 \274\007"
 151      81E0AA20 
 151      DEF84A40 
 151      205D0B84 
ARM GAS  C:\Users\JEFFSN~1\AppData\Local\Temp\ccV8K11x.s 			page 11


 151      20BC07
 152 0025 01EB6434 		.ascii	"\001\353d4\317O\226#\201\033>\022\014\346\025\034\327"
 152      CF4F9623 
 152      811B3E12 
 152      0CE6151C 
 152      D7
 153 0036 7A8204F5 		.ascii	"z\202\004\365\000*baX\210\232\214A4\035\202\220-\356"
 153      002A6261 
 153      58889A8C 
 153      41341D82 
 153      902DEE
 154 0049 819FA847 		.ascii	"\201\237\250G\367di\360\311\362\340\305\312\277+\231"
 154      F76469F0 
 154      C9F2E0C5 
 154      CABF2B99 
 155 0059 7679A9FA 		.ascii	"vy\251\372\023[\247d\316\3175\250$\226\235\023\355\361"
 155      135BA764 
 155      CECF35A8 
 155      24969D13 
 155      EDF1
 156 006b 7616B64E 		.ascii	"v\026\266N\315,\367\316D\353\214\277~\374\366\371\000"
 156      CD2CF7CE 
 156      44EB8CBF 
 156      7EFCF6F9 
 156      00
 157 007c 30F935DF 		.ascii	"0\3715\337"
 158              		.text
 159              		.section	.gnu.lto_.refs.807c9498,"",%progbits
 160 0000 789C6361 		.ascii	"x\234ca`d\020c`\000\222\214\214\234LL@\222\221\221\203"
 160      60641063 
 160      6000928C 
 160      8C9C4C4C 
 160      40929191 
 161 0015 89054CB3 		.ascii	"\211\005L\2633\000\000\004\343\000I"
 161      33000004 
 161      E30049
 162              		.text
 163              		.section	.gnu.lto_.decls.807c9498,"",%progbits
 164 0000 789C7592 		.ascii	"x\234u\222\177LSW\024\307\357y\357\331\224Ga\0311\033"
 164      7F4C5357 
 164      14C7EF79 
 164      EFD99447 
 164      6119311B 
 165 0014 4B9AAD33 		.ascii	"K\232\2553\321\370\027\031[\226\351\177v8\315\262\270"
 165      D1F81719 
 165      5B96E97F 
 165      7638CDB2 
 165      B8
 166 0025 2C69305B 		.ascii	",i0[b\322\260\372\020\222\246L\372H\364\277+\342\246"
 166      62D2B0FA 
 166      1092A64C 
 166      FA48F4BF 
 166      2BE2A6
 167 0038 73CB647F 		.ascii	"s\313d\177\330\3004\020\014\210\012REK)X\012\033\352"
 167      D8C03410 
 167      0C880A52 
 167      454B2958 
ARM GAS  C:\Users\JEFFSN~1\AppData\Local\Temp\ccV8K11x.s 			page 12


 167      0A1BEA
 168 004b 246ED9D8 		.ascii	"$n\331\330\037#\030!\253[43\313\230l\0212\355\316\375"
 168      1F231821 
 168      AB5B3433 
 168      CB986C11 
 168      32EDCEFD 
 169 005f E5ABACDC 		.ascii	"\345\253\254\334\364\274\336{\337\371~\316\367\335{"
 169      F4BCDE7B 
 169      DFF97ECE 
 169      F7DD7B
 170 006e 0C02848D 		.ascii	"\014\002\204\215\037\015B\336\300i\035F\016\307\032"
 170      1F0D42DE 
 170      C0691D46 
 170      0EC71A
 171 007d DCDB499C 		.ascii	"\334\333I\234\341\306\350\307H`$1R\030\243\030i\214"
 171      E1C6E8C7 
 171      48602431 
 171      5218A318 
 171      698C
 172 008f 0CC60406 		.ascii	"\014\306\004\006#M\222\247\007\323(\326 \306U\214\313"
 172      234D92A7 
 172      07D328D6 
 172      20C6558C 
 172      CB
 173 00a0 18D7E47B 		.ascii	"\030\327\344{]\346\244%\257\020\203\325t\3451\274R\257"
 173      5DE6A425 
 173      AF1083D5 
 173      74E531BC 
 173      52AF
 174 00b2 5844BE57 		.ascii	"XD\276W\336\024kBz+\304dyF\001_\312S>g\345H\345\371"
 174      DE146B42 
 174      7A2BC464 
 174      7946015F 
 174      CA533E67 
 175 00ca 515E5632 		.ascii	"Q^V2\014\231\227\317)\344\343\221\006\271\216K_\270"
 175      0C9997CF 
 175      29E4E391 
 175      06B98E4B 
 175      5FB8
 176 00dc 67610674 		.ascii	"ga\006t\"/\203\000\210'\360 \"\370\022'\032\021\023"
 176      222F8300 
 176      8827F020 
 176      22F81227 
 176      1A1113
 177 00ef B5F56410 		.ascii	"\265\365d\020\231\242\251\251\003\343?\251\207\234\032"
 177      99A2A9A9 
 177      03E33FA9 
 177      879C1A
 178 00fe 1CE2D041 		.ascii	"\034\342\320A\212\304Z\212\211\024\201\346\024\000\261"
 178      8AC45A8A 
 178      891481E6 
 178      1400B1
 179 010d 548A3CDE 		.ascii	"T\212<\336\012G\312\263*C4\365\321?\307\306~+\3265`"
 179      0A47CAB3 
 179      2A4334F5 
 179      D13FC7C6 
 179      7E2BD635 
ARM GAS  C:\Users\JEFFSN~1\AppData\Local\Temp\ccV8K11x.s 			page 13


 180 0122 F3B9A5DE 		.ascii	"\363\271\245\336m\025}\024\3071J\265\227\234\223\371"
 180      6D157D14 
 180      C7314AB5 
 180      979C93F9 
 181 0132 A1257E42 		.ascii	"\241%~B_\324\240\314\004\003\227\0137\333\263\245\270"
 181      5FD4A0CC 
 181      0403970B 
 181      37DBB3A5 
 181      B8
 182 0143 5C6B820F 		.ascii	"\\k\202\017\227\217\276\375\252]+?\316u\007\251\317"
 182      978FBEFD 
 182      AA5D2B3F 
 182      CE7507A9 
 182      CF
 183 0154 809DCFC1 		.ascii	"\200\235\317\3019\360\302Y\300K\201>(\307\347\207\206"
 183      39F0C259 
 183      C04B813E 
 183      28C7E787 
 183      86
 184 0165 20CDDD9D 		.ascii	" \315\335\235Y.Y\327I;\343t~!\376j\033\315\264\240L"
 184      592E59D7 
 184      493BE374 
 184      7E21FE6A 
 184      1BCDB4A0 
 185 017a 6359D00B 		.ascii	"cY\320\013:\234\201\012f\262\227\335\001\201\3230\213"
 185      3A9C810A 
 185      66B297DD 
 185      0181D330 
 185      8B
 186 018b 7EFB611D 		.ascii	"~\373a\035\253\222\236\236/\3227s\243\003\207\356\234"
 186      AB929E9E 
 186      2FD23773 
 186      A30387EE 
 186      9C
 187 019c 71A301AF 		.ascii	"q\243\001\257\0119`\353\373\303K%b\315^\267\265f\037"
 187      093960EB 
 187      FBC34B25 
 187      62CD5EB7 
 187      B5661F
 188 01af 17EBEFB0 		.ascii	"\027\353\357\260\2716\235=w\317\200\215f\017\2637?\375"
 188      B9369D3D 
 188      77CF808D 
 188      660FB337 
 188      3FFD
 189 01c1 716DEC13 		.ascii	"qm\354\023Vo\020L\270\340\324\363\232\370<Li3\375\263"
 189      566F104C 
 189      B8E0D4F3 
 189      9AF83C4C 
 189      6933FDB3 
 190 01d5 8BBACA09 		.ascii	"\213\272\312\011\274\346\205W\274\004.\302F\006eY\020"
 190      BCE68557 
 190      BC042EC2 
 190      46066559 
 190      10
 191 01e6 C74F1AC0 		.ascii	"\307O\032\300O\302\002\277\306:~w\031x\206\234\203\337"
 191      4FC202BF 
 191      C63A7E77 
ARM GAS  C:\Users\JEFFSN~1\AppData\Local\Temp\ccV8K11x.s 			page 14


 191      1978869C 
 191      83DF
 192 01f8 867B7DA9 		.ascii	"\206{}\251[\367]\253\236\302e~\012\227@\036C*\361x\332"
 192      5BF75DAB 
 192      9EC2657E 
 192      0A97401E 
 192      432AF178 
 193 020d A38EE161 		.ascii	"\243\216\341a\311\361\203\364:\352|,\015\316;\266\316"
 193      C9F183F4 
 193      3AEA7C2C 
 193      0DCE3BB6 
 193      CE
 194 021e E71F4382 		.ascii	"\347\037C\202\037\303\310D\353\222\251G\305}\345\356"
 194      1FC3C844 
 194      EB92A947 
 194      C57DE5EE 
 195 022e 9E2845CA 		.ascii	"\236(E\312|\234fn\337\360\320c\007h\347\026\316\030"
 195      7C9C666E 
 195      DFF0D063 
 195      0768E716 
 195      CE18
 196 0240 721843F9 		.ascii	"r\030C\371\214$g<\270\361]\213\251\037\002\016\351\351"
 196      8C24673C 
 196      B8F15D8B 
 196      A91F020E 
 196      E9E9
 197 0252 EECE6AC2 		.ascii	"\356\316j\302J&9\305!t\013\277\217a\0072\234\017Iq\310"
 197      4A2639C5 
 197      21740BBF 
 197      8F610732 
 197      9C0F4971 
 198 0267 72F79753 		.ascii	"r\367\227S\317\350\355\0022\336\321?h0'x\3063S/\236"
 198      CFE8ED02 
 198      32DED13F 
 198      68302778 
 198      C633532F 
 199 027c BC485B8A 		.ascii	"\274H[\212\270\221\021\2071\302\0318\031\345\372\301"
 199      B8911187 
 199      31C21938 
 199      19E5FAC1 
 200 028c E6E56153 		.ascii	"\346\345aS\237\025\372dz9\251\013}\346\237\335R{\305"
 200      9F15FA64 
 200      7A39A90B 
 200      7DE69FDD 
 200      527BC5
 201 029f D15E51DA 		.ascii	"\321^Q\3324\327\236<}6\346\322\377\026\332\317F[\277"
 201      34D79E3C 
 201      7D36E6D2 
 201      FF16DACF 
 201      465BBF
 202 02b2 37A5F6A1 		.ascii	"7\245\366\241\322\2169\3321\245\315p\355\275;\247&]"
 202      D28E39DA 
 202      31A5CD70 
 202      EDBD3BA7 
 202      265D
 203 02c4 FAE7A2E3 		.ascii	"\372\347\242\343\377\240\003mn\251]T\332qG;\256\264"
 203      FFA0036D 
ARM GAS  C:\Users\JEFFSN~1\AppData\Local\Temp\ccV8K11x.s 			page 15


 203      6EA95D54 
 203      DA71473B 
 203      AEB4
 204 02d6 135C3B77 		.ascii	"\023\\;w\364\227\036\327\242\350\036\336x\017\376\352"
 204      F4971ED7 
 204      A2E81EDE 
 204      780FFEEA 
 205 02e6 8A95E8DD 		.ascii	"\212\225\350\335\002v\273-\221(Z\177\212\322.\326\333"
 205      0276BB2D 
 205      91285A7F 
 205      8AD22ED6 
 205      DB
 206 02f7 7B179A69 		.ascii	"{\027\232i9\317\374F\360dO\021\276\376\032\273\002&"
 206      39CFFC46 
 206      F0644F11 
 206      BEFE1ABB 
 206      0226
 207 0309 613D83DE 		.ascii	"a=\203\336:\222-\366|\312\232\017\033\247\354z)7\341"
 207      3A922DF6 
 207      7CCA9A0F 
 207      1BA7EC7A 
 207      2937E1
 208 031c B4CE55F0 		.ascii	"\264\316U\360p\013\370\217\331G\177\372\327\377T2\253"
 208      700BF88F 
 208      D9477FFA 
 208      D7FF5432 
 208      AB
 209 032d E0245F93 		.ascii	"\340$_\223\311\354\337\343\337\321\264/X\031\014\330"
 209      C9ECDFE3 
 209      DFD1B42F 
 209      58190CD8 
 210 033d 358DB67B 		.ascii	"5\215\266{\373\273\325\276\252\312J\342\333nE\254\306"
 210      FBBBD5BE 
 210      AACA4AE2 
 210      DB6E45AC 
 210      C6
 211 034e 1ADBDA1D 		.ascii	"\032\333\332\035\014445\206\254]\357\005\032\252^\337"
 211      0C343435 
 211      86AC5DEF 
 211      051AAA5E 
 211      DF
 212 035f 25922B42 		.ascii	"%\222+B\344Y)\333V\023\265\003V\330\012\331k\232\352"
 212      E45929DB 
 212      5613B503 
 212      56D80AD9 
 212      6B9AEA
 213 0372 23F6A697 		.ascii	"#\366\246\227W\021\206\366\333\373?\262\242\025uO\224"
 213      571186F6 
 213      DBFB3FB2 
 213      A215754F 
 213      94
 214 0383 5BEBA3A1 		.ascii	"[\353\243\241\206H\004\225k\377\267\343\017\207_\220"
 214      86480495 
 214      6BFFB7E3 
 214      0F875F90 
 215 0393 9B551FF8 		.ascii	"\233U\037\370wT\277\037x{\353[\3017\203\325\221\250"
 215      7754BF1F 
ARM GAS  C:\Users\JEFFSN~1\AppData\Local\Temp\ccV8K11x.s 			page 16


 215      787BEB5B 
 215      C13783D5 
 215      91A8
 216 03a5 656F58B5 		.ascii	"eoX\265Dm\275m[\215\301P\355\036\254S\000\340\027\200"
 216      446DBD6D 
 216      5B8DC150 
 216      ED1EAC53 
 216      00E01780 
 217 03b9 E70BA103 		.ascii	"\347\013\241\003\005\367\375l\277L\356\207\361[\253"
 217      05F7FD6C 
 217      BF4CEE87 
 217      F15BAB
 218 03c8 EA6AD061 		.ascii	"\352j\320a\370?\240\032\343\002"
 218      F83FA01A 
 218      E302
 219              		.text
 220              		.section	.gnu.lto_.symtab.807c9498,"",%progbits
 221 0000 414D7578 		.ascii	"AMux_1_Start\000"
 221      5F315F53 
 221      74617274 
 221      00
 222 000d 00       		.ascii	"\000"
 223 000e 00       		.ascii	"\000"
 224 000f 00       		.ascii	"\000"
 225 0010 00000000 		.ascii	"\000\000\000\000\000\000\000\000"
 225      00000000 
 226 0018 AD000000 		.ascii	"\255\000\000\000"
 227 001c 414D7578 		.ascii	"AMux_1_FastSelect\000"
 227      5F315F46 
 227      61737453 
 227      656C6563 
 227      7400
 228 002e 00       		.ascii	"\000"
 229 002f 00       		.ascii	"\000"
 230 0030 00       		.ascii	"\000"
 231 0031 00000000 		.ascii	"\000\000\000\000\000\000\000\000"
 231      00000000 
 232 0039 B6000000 		.ascii	"\266\000\000\000"
 233 003d 414D7578 		.ascii	"AMux_1_Disconnect\000"
 233      5F315F44 
 233      6973636F 
 233      6E6E6563 
 233      7400
 234 004f 00       		.ascii	"\000"
 235 0050 00       		.ascii	"\000"
 236 0051 00       		.ascii	"\000"
 237 0052 00000000 		.ascii	"\000\000\000\000\000\000\000\000"
 237      00000000 
 238 005a B8000000 		.ascii	"\270\000\000\000"
 239 005e 414D7578 		.ascii	"AMux_1_DisconnectAll\000"
 239      5F315F44 
 239      6973636F 
 239      6E6E6563 
 239      74416C6C 
 240 0073 00       		.ascii	"\000"
 241 0074 00       		.ascii	"\000"
 242 0075 00       		.ascii	"\000"
ARM GAS  C:\Users\JEFFSN~1\AppData\Local\Temp\ccV8K11x.s 			page 17


 243 0076 00000000 		.ascii	"\000\000\000\000\000\000\000\000"
 243      00000000 
 244 007e BA000000 		.ascii	"\272\000\000\000"
 245 0082 414D7578 		.ascii	"AMux_1_CYAMUXSIDE_B_Unset\000"
 245      5F315F43 
 245      59414D55 
 245      58534944 
 245      455F425F 
 246 009c 00       		.ascii	"\000"
 247 009d 02       		.ascii	"\002"
 248 009e 00       		.ascii	"\000"
 249 009f 00000000 		.ascii	"\000\000\000\000\000\000\000\000"
 249      00000000 
 250 00a7 BC000000 		.ascii	"\274\000\000\000"
 251 00ab 414D7578 		.ascii	"AMux_1_CYAMUXSIDE_A_Unset\000"
 251      5F315F43 
 251      59414D55 
 251      58534944 
 251      455F415F 
 252 00c5 00       		.ascii	"\000"
 253 00c6 02       		.ascii	"\002"
 254 00c7 00       		.ascii	"\000"
 255 00c8 00000000 		.ascii	"\000\000\000\000\000\000\000\000"
 255      00000000 
 256 00d0 BE000000 		.ascii	"\276\000\000\000"
 257 00d4 414D7578 		.ascii	"AMux_1_CYAMUXSIDE_B_Set\000"
 257      5F315F43 
 257      59414D55 
 257      58534944 
 257      455F425F 
 258 00ec 00       		.ascii	"\000"
 259 00ed 02       		.ascii	"\002"
 260 00ee 00       		.ascii	"\000"
 261 00ef 00000000 		.ascii	"\000\000\000\000\000\000\000\000"
 261      00000000 
 262 00f7 C0000000 		.ascii	"\300\000\000\000"
 263 00fb 414D7578 		.ascii	"AMux_1_CYAMUXSIDE_A_Set\000"
 263      5F315F43 
 263      59414D55 
 263      58534944 
 263      455F415F 
 264 0113 00       		.ascii	"\000"
 265 0114 02       		.ascii	"\002"
 266 0115 00       		.ascii	"\000"
 267 0116 00000000 		.ascii	"\000\000\000\000\000\000\000\000"
 267      00000000 
 268 011e C2000000 		.ascii	"\302\000\000\000"
 269              		.text
 270              		.section	.gnu.lto_.opts,"",%progbits
 271 0000 272D666D 		.ascii	"'-fmath-errno' '-fsigned-zeros' '-ftrapping-math' '"
 271      6174682D 
 271      6572726E 
 271      6F272027 
 271      2D667369 
 272 0033 2D666E6F 		.ascii	"-fno-trapv' '-fno-openmp' '-fno-openacc' '-mcpu=cor"
 272      2D747261 
 272      70762720 
ARM GAS  C:\Users\JEFFSN~1\AppData\Local\Temp\ccV8K11x.s 			page 18


 272      272D666E 
 272      6F2D6F70 
 273 0066 7465782D 		.ascii	"tex-m3' '-mthumb' '-g' '-O3' '-ffunction-sections' "
 273      6D332720 
 273      272D6D74 
 273      68756D62 
 273      2720272D 
 274 0099 272D6666 		.ascii	"'-ffat-lto-objects' '-finline-functions' '-flto'\000"
 274      61742D6C 
 274      746F2D6F 
 274      626A6563 
 274      74732720 
 275              		.text
 276              		.cfi_sections	.debug_frame
 277              		.section	.text.AMux_1_Start,"ax",%progbits
 278              		.align	2
 279              		.global	AMux_1_Start
 280              		.thumb
 281              		.thumb_func
 282              		.type	AMux_1_Start, %function
 283              	AMux_1_Start:
 284              	.LFB0:
 285              		.file 1 "Generated_Source\\PSoC5\\AMux_1.c"
   1:Generated_Source\PSoC5/AMux_1.c **** /*******************************************************************************
   2:Generated_Source\PSoC5/AMux_1.c **** * File Name: AMux_1.c
   3:Generated_Source\PSoC5/AMux_1.c **** * Version 1.80
   4:Generated_Source\PSoC5/AMux_1.c **** *
   5:Generated_Source\PSoC5/AMux_1.c **** *  Description:
   6:Generated_Source\PSoC5/AMux_1.c **** *    This file contains all functions required for the analog multiplexer
   7:Generated_Source\PSoC5/AMux_1.c **** *    AMux User Module.
   8:Generated_Source\PSoC5/AMux_1.c **** *
   9:Generated_Source\PSoC5/AMux_1.c **** *   Note:
  10:Generated_Source\PSoC5/AMux_1.c **** *
  11:Generated_Source\PSoC5/AMux_1.c **** *******************************************************************************
  12:Generated_Source\PSoC5/AMux_1.c **** * Copyright 2008-2010, Cypress Semiconductor Corporation.  All rights reserved.
  13:Generated_Source\PSoC5/AMux_1.c **** * You may use this file only in accordance with the license, terms, conditions, 
  14:Generated_Source\PSoC5/AMux_1.c **** * disclaimers, and limitations in the end user license agreement accompanying 
  15:Generated_Source\PSoC5/AMux_1.c **** * the software package with which this file was provided.
  16:Generated_Source\PSoC5/AMux_1.c **** ********************************************************************************/
  17:Generated_Source\PSoC5/AMux_1.c **** 
  18:Generated_Source\PSoC5/AMux_1.c **** #include "AMux_1.h"
  19:Generated_Source\PSoC5/AMux_1.c **** 
  20:Generated_Source\PSoC5/AMux_1.c **** static uint8 AMux_1_lastChannel = AMux_1_NULL_CHANNEL;
  21:Generated_Source\PSoC5/AMux_1.c **** 
  22:Generated_Source\PSoC5/AMux_1.c **** 
  23:Generated_Source\PSoC5/AMux_1.c **** /*******************************************************************************
  24:Generated_Source\PSoC5/AMux_1.c **** * Function Name: AMux_1_Start
  25:Generated_Source\PSoC5/AMux_1.c **** ********************************************************************************
  26:Generated_Source\PSoC5/AMux_1.c **** * Summary:
  27:Generated_Source\PSoC5/AMux_1.c **** *  Disconnect all channels.
  28:Generated_Source\PSoC5/AMux_1.c **** *
  29:Generated_Source\PSoC5/AMux_1.c **** * Parameters:
  30:Generated_Source\PSoC5/AMux_1.c **** *  void
  31:Generated_Source\PSoC5/AMux_1.c **** *
  32:Generated_Source\PSoC5/AMux_1.c **** * Return:
  33:Generated_Source\PSoC5/AMux_1.c **** *  void
  34:Generated_Source\PSoC5/AMux_1.c **** *
ARM GAS  C:\Users\JEFFSN~1\AppData\Local\Temp\ccV8K11x.s 			page 19


  35:Generated_Source\PSoC5/AMux_1.c **** *******************************************************************************/
  36:Generated_Source\PSoC5/AMux_1.c **** void AMux_1_Start(void) 
  37:Generated_Source\PSoC5/AMux_1.c **** {
 286              		.loc 1 37 0
 287              		.cfi_startproc
 288              		@ args = 0, pretend = 0, frame = 0
 289              		@ frame_needed = 0, uses_anonymous_args = 0
 290              	.LVL0:
 291 0000 08B5     		push	{r3, lr}
 292              		.cfi_def_cfa_offset 8
 293              		.cfi_offset 3, -8
 294              		.cfi_offset 14, -4
  38:Generated_Source\PSoC5/AMux_1.c ****     uint8 chan;
  39:Generated_Source\PSoC5/AMux_1.c **** 
  40:Generated_Source\PSoC5/AMux_1.c ****     for(chan = 0u; chan < AMux_1_CHANNELS ; chan++)
  41:Generated_Source\PSoC5/AMux_1.c ****     {
  42:Generated_Source\PSoC5/AMux_1.c **** #if (AMux_1_MUXTYPE == AMux_1_MUX_SINGLE)
  43:Generated_Source\PSoC5/AMux_1.c ****         AMux_1_Unset(chan);
  44:Generated_Source\PSoC5/AMux_1.c **** #else
  45:Generated_Source\PSoC5/AMux_1.c ****         AMux_1_CYAMUXSIDE_A_Unset(chan);
 295              		.loc 1 45 0
 296 0002 0020     		movs	r0, #0
 297 0004 FFF7FEFF 		bl	AMux_1_CYAMUXSIDE_A_Unset
 298              	.LVL1:
  46:Generated_Source\PSoC5/AMux_1.c ****         AMux_1_CYAMUXSIDE_B_Unset(chan);
 299              		.loc 1 46 0
 300 0008 0020     		movs	r0, #0
 301 000a FFF7FEFF 		bl	AMux_1_CYAMUXSIDE_B_Unset
 302              	.LVL2:
  45:Generated_Source\PSoC5/AMux_1.c ****         AMux_1_CYAMUXSIDE_B_Unset(chan);
 303              		.loc 1 45 0
 304 000e 0120     		movs	r0, #1
 305 0010 FFF7FEFF 		bl	AMux_1_CYAMUXSIDE_A_Unset
 306              	.LVL3:
 307              		.loc 1 46 0
 308 0014 0120     		movs	r0, #1
 309 0016 FFF7FEFF 		bl	AMux_1_CYAMUXSIDE_B_Unset
 310              	.LVL4:
  47:Generated_Source\PSoC5/AMux_1.c **** #endif
  48:Generated_Source\PSoC5/AMux_1.c ****     }
  49:Generated_Source\PSoC5/AMux_1.c **** 
  50:Generated_Source\PSoC5/AMux_1.c ****     AMux_1_lastChannel = AMux_1_NULL_CHANNEL;
 311              		.loc 1 50 0
 312 001a 024B     		ldr	r3, .L3
 313 001c FF22     		movs	r2, #255
 314 001e 1A70     		strb	r2, [r3]
 315 0020 08BD     		pop	{r3, pc}
 316              	.L4:
 317 0022 00BF     		.align	2
 318              	.L3:
 319 0024 00000000 		.word	.LANCHOR0
 320              		.cfi_endproc
 321              	.LFE0:
 322              		.size	AMux_1_Start, .-AMux_1_Start
 323              		.section	.text.AMux_1_FastSelect,"ax",%progbits
 324              		.align	2
 325              		.global	AMux_1_FastSelect
ARM GAS  C:\Users\JEFFSN~1\AppData\Local\Temp\ccV8K11x.s 			page 20


 326              		.thumb
 327              		.thumb_func
 328              		.type	AMux_1_FastSelect, %function
 329              	AMux_1_FastSelect:
 330              	.LFB1:
  51:Generated_Source\PSoC5/AMux_1.c **** }
  52:Generated_Source\PSoC5/AMux_1.c **** 
  53:Generated_Source\PSoC5/AMux_1.c **** 
  54:Generated_Source\PSoC5/AMux_1.c **** #if (!AMux_1_ATMOSTONE)
  55:Generated_Source\PSoC5/AMux_1.c **** /*******************************************************************************
  56:Generated_Source\PSoC5/AMux_1.c **** * Function Name: AMux_1_Select
  57:Generated_Source\PSoC5/AMux_1.c **** ********************************************************************************
  58:Generated_Source\PSoC5/AMux_1.c **** * Summary:
  59:Generated_Source\PSoC5/AMux_1.c **** *  This functions first disconnects all channels then connects the given
  60:Generated_Source\PSoC5/AMux_1.c **** *  channel.
  61:Generated_Source\PSoC5/AMux_1.c **** *
  62:Generated_Source\PSoC5/AMux_1.c **** * Parameters:
  63:Generated_Source\PSoC5/AMux_1.c **** *  channel:  The channel to connect to the common terminal.
  64:Generated_Source\PSoC5/AMux_1.c **** *
  65:Generated_Source\PSoC5/AMux_1.c **** * Return:
  66:Generated_Source\PSoC5/AMux_1.c **** *  void
  67:Generated_Source\PSoC5/AMux_1.c **** *
  68:Generated_Source\PSoC5/AMux_1.c **** *******************************************************************************/
  69:Generated_Source\PSoC5/AMux_1.c **** void AMux_1_Select(uint8 channel) 
  70:Generated_Source\PSoC5/AMux_1.c **** {
  71:Generated_Source\PSoC5/AMux_1.c ****     AMux_1_DisconnectAll();        /* Disconnect all previous connections */
  72:Generated_Source\PSoC5/AMux_1.c ****     AMux_1_Connect(channel);       /* Make the given selection */
  73:Generated_Source\PSoC5/AMux_1.c ****     AMux_1_lastChannel = channel;  /* Update last channel */
  74:Generated_Source\PSoC5/AMux_1.c **** }
  75:Generated_Source\PSoC5/AMux_1.c **** #endif
  76:Generated_Source\PSoC5/AMux_1.c **** 
  77:Generated_Source\PSoC5/AMux_1.c **** 
  78:Generated_Source\PSoC5/AMux_1.c **** /*******************************************************************************
  79:Generated_Source\PSoC5/AMux_1.c **** * Function Name: AMux_1_FastSelect
  80:Generated_Source\PSoC5/AMux_1.c **** ********************************************************************************
  81:Generated_Source\PSoC5/AMux_1.c **** * Summary:
  82:Generated_Source\PSoC5/AMux_1.c **** *  This function first disconnects the last connection made with FastSelect or
  83:Generated_Source\PSoC5/AMux_1.c **** *  Select, then connects the given channel. The FastSelect function is similar
  84:Generated_Source\PSoC5/AMux_1.c **** *  to the Select function, except it is faster since it only disconnects the
  85:Generated_Source\PSoC5/AMux_1.c **** *  last channel selected rather than all channels.
  86:Generated_Source\PSoC5/AMux_1.c **** *
  87:Generated_Source\PSoC5/AMux_1.c **** * Parameters:
  88:Generated_Source\PSoC5/AMux_1.c **** *  channel:  The channel to connect to the common terminal.
  89:Generated_Source\PSoC5/AMux_1.c **** *
  90:Generated_Source\PSoC5/AMux_1.c **** * Return:
  91:Generated_Source\PSoC5/AMux_1.c **** *  void
  92:Generated_Source\PSoC5/AMux_1.c **** *
  93:Generated_Source\PSoC5/AMux_1.c **** *******************************************************************************/
  94:Generated_Source\PSoC5/AMux_1.c **** void AMux_1_FastSelect(uint8 channel) 
  95:Generated_Source\PSoC5/AMux_1.c **** {
 331              		.loc 1 95 0
 332              		.cfi_startproc
 333              		@ args = 0, pretend = 0, frame = 0
 334              		@ frame_needed = 0, uses_anonymous_args = 0
 335              	.LVL5:
 336 0000 70B5     		push	{r4, r5, r6, lr}
 337              		.cfi_def_cfa_offset 16
ARM GAS  C:\Users\JEFFSN~1\AppData\Local\Temp\ccV8K11x.s 			page 21


 338              		.cfi_offset 4, -16
 339              		.cfi_offset 5, -12
 340              		.cfi_offset 6, -8
 341              		.cfi_offset 14, -4
  96:Generated_Source\PSoC5/AMux_1.c ****     /* Disconnect the last valid channel */
  97:Generated_Source\PSoC5/AMux_1.c ****     if( AMux_1_lastChannel != AMux_1_NULL_CHANNEL)
 342              		.loc 1 97 0
 343 0002 094E     		ldr	r6, .L12
  95:Generated_Source\PSoC5/AMux_1.c ****     /* Disconnect the last valid channel */
 344              		.loc 1 95 0
 345 0004 0446     		mov	r4, r0
 346              		.loc 1 97 0
 347 0006 3578     		ldrb	r5, [r6]	@ zero_extendqisi2
 348 0008 FF2D     		cmp	r5, #255
 349 000a 05D0     		beq	.L6
 350              	.LVL6:
 351              	.LBB6:
 352              	.LBB7:
  98:Generated_Source\PSoC5/AMux_1.c ****     {
  99:Generated_Source\PSoC5/AMux_1.c ****         AMux_1_Disconnect(AMux_1_lastChannel);
 100:Generated_Source\PSoC5/AMux_1.c ****     }
 101:Generated_Source\PSoC5/AMux_1.c **** 
 102:Generated_Source\PSoC5/AMux_1.c ****     /* Make the new channel connection */
 103:Generated_Source\PSoC5/AMux_1.c **** #if (AMux_1_MUXTYPE == AMux_1_MUX_SINGLE)
 104:Generated_Source\PSoC5/AMux_1.c ****     AMux_1_Set(channel);
 105:Generated_Source\PSoC5/AMux_1.c **** #else
 106:Generated_Source\PSoC5/AMux_1.c ****     AMux_1_CYAMUXSIDE_A_Set(channel);
 107:Generated_Source\PSoC5/AMux_1.c ****     AMux_1_CYAMUXSIDE_B_Set(channel);
 108:Generated_Source\PSoC5/AMux_1.c **** #endif
 109:Generated_Source\PSoC5/AMux_1.c **** 
 110:Generated_Source\PSoC5/AMux_1.c **** 
 111:Generated_Source\PSoC5/AMux_1.c ****     AMux_1_lastChannel = channel;   /* Update last channel */
 112:Generated_Source\PSoC5/AMux_1.c **** }
 113:Generated_Source\PSoC5/AMux_1.c **** 
 114:Generated_Source\PSoC5/AMux_1.c **** 
 115:Generated_Source\PSoC5/AMux_1.c **** #if (AMux_1_MUXTYPE == AMux_1_MUX_DIFF)
 116:Generated_Source\PSoC5/AMux_1.c **** #if (!AMux_1_ATMOSTONE)
 117:Generated_Source\PSoC5/AMux_1.c **** /*******************************************************************************
 118:Generated_Source\PSoC5/AMux_1.c **** * Function Name: AMux_1_Connect
 119:Generated_Source\PSoC5/AMux_1.c **** ********************************************************************************
 120:Generated_Source\PSoC5/AMux_1.c **** * Summary:
 121:Generated_Source\PSoC5/AMux_1.c **** *  This function connects the given channel without affecting other connections.
 122:Generated_Source\PSoC5/AMux_1.c **** *
 123:Generated_Source\PSoC5/AMux_1.c **** * Parameters:
 124:Generated_Source\PSoC5/AMux_1.c **** *  channel:  The channel to connect to the common terminal.
 125:Generated_Source\PSoC5/AMux_1.c **** *
 126:Generated_Source\PSoC5/AMux_1.c **** * Return:
 127:Generated_Source\PSoC5/AMux_1.c **** *  void
 128:Generated_Source\PSoC5/AMux_1.c **** *
 129:Generated_Source\PSoC5/AMux_1.c **** *******************************************************************************/
 130:Generated_Source\PSoC5/AMux_1.c **** void AMux_1_Connect(uint8 channel) 
 131:Generated_Source\PSoC5/AMux_1.c **** {
 132:Generated_Source\PSoC5/AMux_1.c ****     AMux_1_CYAMUXSIDE_A_Set(channel);
 133:Generated_Source\PSoC5/AMux_1.c ****     AMux_1_CYAMUXSIDE_B_Set(channel);
 134:Generated_Source\PSoC5/AMux_1.c **** }
 135:Generated_Source\PSoC5/AMux_1.c **** #endif
 136:Generated_Source\PSoC5/AMux_1.c **** 
ARM GAS  C:\Users\JEFFSN~1\AppData\Local\Temp\ccV8K11x.s 			page 22


 137:Generated_Source\PSoC5/AMux_1.c **** /*******************************************************************************
 138:Generated_Source\PSoC5/AMux_1.c **** * Function Name: AMux_1_Disconnect
 139:Generated_Source\PSoC5/AMux_1.c **** ********************************************************************************
 140:Generated_Source\PSoC5/AMux_1.c **** * Summary:
 141:Generated_Source\PSoC5/AMux_1.c **** *  This function disconnects the given channel from the common or output
 142:Generated_Source\PSoC5/AMux_1.c **** *  terminal without affecting other connections.
 143:Generated_Source\PSoC5/AMux_1.c **** *
 144:Generated_Source\PSoC5/AMux_1.c **** * Parameters:
 145:Generated_Source\PSoC5/AMux_1.c **** *  channel:  The channel to disconnect from the common terminal.
 146:Generated_Source\PSoC5/AMux_1.c **** *
 147:Generated_Source\PSoC5/AMux_1.c **** * Return:
 148:Generated_Source\PSoC5/AMux_1.c **** *  void
 149:Generated_Source\PSoC5/AMux_1.c **** *
 150:Generated_Source\PSoC5/AMux_1.c **** *******************************************************************************/
 151:Generated_Source\PSoC5/AMux_1.c **** void AMux_1_Disconnect(uint8 channel) 
 152:Generated_Source\PSoC5/AMux_1.c **** {
 153:Generated_Source\PSoC5/AMux_1.c ****     AMux_1_CYAMUXSIDE_A_Unset(channel);
 353              		.loc 1 153 0
 354 000c 2846     		mov	r0, r5
 355              	.LVL7:
 356 000e FFF7FEFF 		bl	AMux_1_CYAMUXSIDE_A_Unset
 357              	.LVL8:
 154:Generated_Source\PSoC5/AMux_1.c ****     AMux_1_CYAMUXSIDE_B_Unset(channel);
 358              		.loc 1 154 0
 359 0012 2846     		mov	r0, r5
 360 0014 FFF7FEFF 		bl	AMux_1_CYAMUXSIDE_B_Unset
 361              	.LVL9:
 362              	.L6:
 363              	.LBE7:
 364              	.LBE6:
 106:Generated_Source\PSoC5/AMux_1.c ****     AMux_1_CYAMUXSIDE_B_Set(channel);
 365              		.loc 1 106 0
 366 0018 2046     		mov	r0, r4
 367 001a FFF7FEFF 		bl	AMux_1_CYAMUXSIDE_A_Set
 368              	.LVL10:
 107:Generated_Source\PSoC5/AMux_1.c **** #endif
 369              		.loc 1 107 0
 370 001e 2046     		mov	r0, r4
 371 0020 FFF7FEFF 		bl	AMux_1_CYAMUXSIDE_B_Set
 372              	.LVL11:
 111:Generated_Source\PSoC5/AMux_1.c **** }
 373              		.loc 1 111 0
 374 0024 3470     		strb	r4, [r6]
 375 0026 70BD     		pop	{r4, r5, r6, pc}
 376              	.L13:
 377              		.align	2
 378              	.L12:
 379 0028 00000000 		.word	.LANCHOR0
 380              		.cfi_endproc
 381              	.LFE1:
 382              		.size	AMux_1_FastSelect, .-AMux_1_FastSelect
 383              		.section	.text.AMux_1_Disconnect,"ax",%progbits
 384              		.align	2
 385              		.global	AMux_1_Disconnect
 386              		.thumb
 387              		.thumb_func
 388              		.type	AMux_1_Disconnect, %function
ARM GAS  C:\Users\JEFFSN~1\AppData\Local\Temp\ccV8K11x.s 			page 23


 389              	AMux_1_Disconnect:
 390              	.LFB2:
 152:Generated_Source\PSoC5/AMux_1.c ****     AMux_1_CYAMUXSIDE_A_Unset(channel);
 391              		.loc 1 152 0
 392              		.cfi_startproc
 393              		@ args = 0, pretend = 0, frame = 0
 394              		@ frame_needed = 0, uses_anonymous_args = 0
 395              	.LVL12:
 396 0000 10B5     		push	{r4, lr}
 397              		.cfi_def_cfa_offset 8
 398              		.cfi_offset 4, -8
 399              		.cfi_offset 14, -4
 152:Generated_Source\PSoC5/AMux_1.c ****     AMux_1_CYAMUXSIDE_A_Unset(channel);
 400              		.loc 1 152 0
 401 0002 0446     		mov	r4, r0
 153:Generated_Source\PSoC5/AMux_1.c ****     AMux_1_CYAMUXSIDE_B_Unset(channel);
 402              		.loc 1 153 0
 403 0004 FFF7FEFF 		bl	AMux_1_CYAMUXSIDE_A_Unset
 404              	.LVL13:
 405              		.loc 1 154 0
 406 0008 2046     		mov	r0, r4
 155:Generated_Source\PSoC5/AMux_1.c **** }
 407              		.loc 1 155 0
 408 000a BDE81040 		pop	{r4, lr}
 409              		.cfi_restore 14
 410              		.cfi_restore 4
 411              		.cfi_def_cfa_offset 0
 154:Generated_Source\PSoC5/AMux_1.c **** }
 412              		.loc 1 154 0
 413 000e FFF7FEBF 		b	AMux_1_CYAMUXSIDE_B_Unset
 414              	.LVL14:
 415              		.cfi_endproc
 416              	.LFE2:
 417              		.size	AMux_1_Disconnect, .-AMux_1_Disconnect
 418 0012 00BF     		.section	.text.AMux_1_DisconnectAll,"ax",%progbits
 419              		.align	2
 420              		.global	AMux_1_DisconnectAll
 421              		.thumb
 422              		.thumb_func
 423              		.type	AMux_1_DisconnectAll, %function
 424              	AMux_1_DisconnectAll:
 425              	.LFB3:
 156:Generated_Source\PSoC5/AMux_1.c **** #endif
 157:Generated_Source\PSoC5/AMux_1.c **** 
 158:Generated_Source\PSoC5/AMux_1.c **** #if (AMux_1_ATMOSTONE)
 159:Generated_Source\PSoC5/AMux_1.c **** /*******************************************************************************
 160:Generated_Source\PSoC5/AMux_1.c **** * Function Name: AMux_1_DisconnectAll
 161:Generated_Source\PSoC5/AMux_1.c **** ********************************************************************************
 162:Generated_Source\PSoC5/AMux_1.c **** * Summary:
 163:Generated_Source\PSoC5/AMux_1.c **** *  This function disconnects all channels.
 164:Generated_Source\PSoC5/AMux_1.c **** *
 165:Generated_Source\PSoC5/AMux_1.c **** * Parameters:
 166:Generated_Source\PSoC5/AMux_1.c **** *  void
 167:Generated_Source\PSoC5/AMux_1.c **** *
 168:Generated_Source\PSoC5/AMux_1.c **** * Return:
 169:Generated_Source\PSoC5/AMux_1.c **** *  void
 170:Generated_Source\PSoC5/AMux_1.c **** *
ARM GAS  C:\Users\JEFFSN~1\AppData\Local\Temp\ccV8K11x.s 			page 24


 171:Generated_Source\PSoC5/AMux_1.c **** *******************************************************************************/
 172:Generated_Source\PSoC5/AMux_1.c **** void AMux_1_DisconnectAll(void) 
 173:Generated_Source\PSoC5/AMux_1.c **** {
 426              		.loc 1 173 0
 427              		.cfi_startproc
 428              		@ args = 0, pretend = 0, frame = 0
 429              		@ frame_needed = 0, uses_anonymous_args = 0
 430 0000 38B5     		push	{r3, r4, r5, lr}
 431              		.cfi_def_cfa_offset 16
 432              		.cfi_offset 3, -16
 433              		.cfi_offset 4, -12
 434              		.cfi_offset 5, -8
 435              		.cfi_offset 14, -4
 174:Generated_Source\PSoC5/AMux_1.c ****     if(AMux_1_lastChannel != AMux_1_NULL_CHANNEL) 
 436              		.loc 1 174 0
 437 0002 064D     		ldr	r5, .L22
 438 0004 2C78     		ldrb	r4, [r5]	@ zero_extendqisi2
 439 0006 FF2C     		cmp	r4, #255
 440 0008 07D0     		beq	.L16
 441              	.LVL15:
 442              	.LBB8:
 443              	.LBB9:
 153:Generated_Source\PSoC5/AMux_1.c ****     AMux_1_CYAMUXSIDE_B_Unset(channel);
 444              		.loc 1 153 0
 445 000a 2046     		mov	r0, r4
 446 000c FFF7FEFF 		bl	AMux_1_CYAMUXSIDE_A_Unset
 447              	.LVL16:
 154:Generated_Source\PSoC5/AMux_1.c **** }
 448              		.loc 1 154 0
 449 0010 2046     		mov	r0, r4
 450 0012 FFF7FEFF 		bl	AMux_1_CYAMUXSIDE_B_Unset
 451              	.LVL17:
 452              	.LBE9:
 453              	.LBE8:
 175:Generated_Source\PSoC5/AMux_1.c ****     {
 176:Generated_Source\PSoC5/AMux_1.c ****         AMux_1_Disconnect(AMux_1_lastChannel);
 177:Generated_Source\PSoC5/AMux_1.c ****         AMux_1_lastChannel = AMux_1_NULL_CHANNEL;
 454              		.loc 1 177 0
 455 0016 FF23     		movs	r3, #255
 456 0018 2B70     		strb	r3, [r5]
 457              	.L16:
 458 001a 38BD     		pop	{r3, r4, r5, pc}
 459              	.L23:
 460              		.align	2
 461              	.L22:
 462 001c 00000000 		.word	.LANCHOR0
 463              		.cfi_endproc
 464              	.LFE3:
 465              		.size	AMux_1_DisconnectAll, .-AMux_1_DisconnectAll
 466              		.data
 467              		.set	.LANCHOR0,. + 0
 468              		.type	AMux_1_lastChannel, %object
 469              		.size	AMux_1_lastChannel, 1
 470              	AMux_1_lastChannel:
 471 0000 FF       		.byte	-1
 472              		.text
 473              	.Letext0:
ARM GAS  C:\Users\JEFFSN~1\AppData\Local\Temp\ccV8K11x.s 			page 25


 474              		.file 2 "Generated_Source\\PSoC5\\cyfitter_cfg.h"
 475              		.file 3 "Generated_Source\\PSoC5\\cytypes.h"
 476              		.section	.debug_info,"",%progbits
 477              	.Ldebug_info0:
 478 0000 62020000 		.4byte	0x262
 479 0004 0400     		.2byte	0x4
 480 0006 00000000 		.4byte	.Ldebug_abbrev0
 481 000a 04       		.byte	0x4
 482 000b 01       		.uleb128 0x1
 483 000c 88000000 		.4byte	.LASF21
 484 0010 0C       		.byte	0xc
 485 0011 08000000 		.4byte	.LASF22
 486 0015 F5010000 		.4byte	.LASF23
 487 0019 00000000 		.4byte	.Ldebug_ranges0+0
 488 001d 00000000 		.4byte	0
 489 0021 00000000 		.4byte	.Ldebug_line0
 490 0025 02       		.uleb128 0x2
 491 0026 01       		.byte	0x1
 492 0027 06       		.byte	0x6
 493 0028 7D020000 		.4byte	.LASF0
 494 002c 02       		.uleb128 0x2
 495 002d 01       		.byte	0x1
 496 002e 08       		.byte	0x8
 497 002f 7A000000 		.4byte	.LASF1
 498 0033 02       		.uleb128 0x2
 499 0034 02       		.byte	0x2
 500 0035 05       		.byte	0x5
 501 0036 64020000 		.4byte	.LASF2
 502 003a 02       		.uleb128 0x2
 503 003b 02       		.byte	0x2
 504 003c 07       		.byte	0x7
 505 003d 53010000 		.4byte	.LASF3
 506 0041 02       		.uleb128 0x2
 507 0042 04       		.byte	0x4
 508 0043 05       		.byte	0x5
 509 0044 74020000 		.4byte	.LASF4
 510 0048 02       		.uleb128 0x2
 511 0049 04       		.byte	0x4
 512 004a 07       		.byte	0x7
 513 004b 41010000 		.4byte	.LASF5
 514 004f 02       		.uleb128 0x2
 515 0050 08       		.byte	0x8
 516 0051 05       		.byte	0x5
 517 0052 E2010000 		.4byte	.LASF6
 518 0056 02       		.uleb128 0x2
 519 0057 08       		.byte	0x8
 520 0058 07       		.byte	0x7
 521 0059 B4010000 		.4byte	.LASF7
 522 005d 03       		.uleb128 0x3
 523 005e 04       		.byte	0x4
 524 005f 05       		.byte	0x5
 525 0060 696E7400 		.ascii	"int\000"
 526 0064 02       		.uleb128 0x2
 527 0065 04       		.byte	0x4
 528 0066 07       		.byte	0x7
 529 0067 A7010000 		.4byte	.LASF8
 530 006b 04       		.uleb128 0x4
ARM GAS  C:\Users\JEFFSN~1\AppData\Local\Temp\ccV8K11x.s 			page 26


 531 006c 6E020000 		.4byte	.LASF24
 532 0070 03       		.byte	0x3
 533 0071 E401     		.2byte	0x1e4
 534 0073 2C000000 		.4byte	0x2c
 535 0077 02       		.uleb128 0x2
 536 0078 04       		.byte	0x4
 537 0079 04       		.byte	0x4
 538 007a 5A000000 		.4byte	.LASF9
 539 007e 02       		.uleb128 0x2
 540 007f 08       		.byte	0x8
 541 0080 04       		.byte	0x4
 542 0081 7E010000 		.4byte	.LASF10
 543 0085 02       		.uleb128 0x2
 544 0086 01       		.byte	0x1
 545 0087 08       		.byte	0x8
 546 0088 F0010000 		.4byte	.LASF11
 547 008c 05       		.uleb128 0x5
 548 008d CB010000 		.4byte	.LASF25
 549 0091 01       		.byte	0x1
 550 0092 97       		.byte	0x97
 551 0093 01       		.byte	0x1
 552 0094 A4000000 		.4byte	0xa4
 553 0098 06       		.uleb128 0x6
 554 0099 00000000 		.4byte	.LASF26
 555 009d 01       		.byte	0x1
 556 009e 97       		.byte	0x97
 557 009f 6B000000 		.4byte	0x6b
 558 00a3 00       		.byte	0
 559 00a4 07       		.uleb128 0x7
 560 00a5 85010000 		.4byte	.LASF12
 561 00a9 01       		.byte	0x1
 562 00aa 24       		.byte	0x24
 563 00ab 00000000 		.4byte	.LFB0
 564 00af 28000000 		.4byte	.LFE0-.LFB0
 565 00b3 01       		.uleb128 0x1
 566 00b4 9C       		.byte	0x9c
 567 00b5 11010000 		.4byte	0x111
 568 00b9 08       		.uleb128 0x8
 569 00ba DD010000 		.4byte	.LASF15
 570 00be 01       		.byte	0x1
 571 00bf 26       		.byte	0x26
 572 00c0 6B000000 		.4byte	0x6b
 573 00c4 00000000 		.4byte	.LLST0
 574 00c8 09       		.uleb128 0x9
 575 00c9 08000000 		.4byte	.LVL1
 576 00cd 39020000 		.4byte	0x239
 577 00d1 DB000000 		.4byte	0xdb
 578 00d5 0A       		.uleb128 0xa
 579 00d6 01       		.uleb128 0x1
 580 00d7 50       		.byte	0x50
 581 00d8 01       		.uleb128 0x1
 582 00d9 30       		.byte	0x30
 583 00da 00       		.byte	0
 584 00db 09       		.uleb128 0x9
 585 00dc 0E000000 		.4byte	.LVL2
 586 00e0 44020000 		.4byte	0x244
 587 00e4 EE000000 		.4byte	0xee
ARM GAS  C:\Users\JEFFSN~1\AppData\Local\Temp\ccV8K11x.s 			page 27


 588 00e8 0A       		.uleb128 0xa
 589 00e9 01       		.uleb128 0x1
 590 00ea 50       		.byte	0x50
 591 00eb 01       		.uleb128 0x1
 592 00ec 30       		.byte	0x30
 593 00ed 00       		.byte	0
 594 00ee 09       		.uleb128 0x9
 595 00ef 14000000 		.4byte	.LVL3
 596 00f3 39020000 		.4byte	0x239
 597 00f7 01010000 		.4byte	0x101
 598 00fb 0A       		.uleb128 0xa
 599 00fc 01       		.uleb128 0x1
 600 00fd 50       		.byte	0x50
 601 00fe 01       		.uleb128 0x1
 602 00ff 31       		.byte	0x31
 603 0100 00       		.byte	0
 604 0101 0B       		.uleb128 0xb
 605 0102 1A000000 		.4byte	.LVL4
 606 0106 44020000 		.4byte	0x244
 607 010a 0A       		.uleb128 0xa
 608 010b 01       		.uleb128 0x1
 609 010c 50       		.byte	0x50
 610 010d 01       		.uleb128 0x1
 611 010e 31       		.byte	0x31
 612 010f 00       		.byte	0
 613 0110 00       		.byte	0
 614 0111 07       		.uleb128 0x7
 615 0112 2F010000 		.4byte	.LASF13
 616 0116 01       		.byte	0x1
 617 0117 5E       		.byte	0x5e
 618 0118 00000000 		.4byte	.LFB1
 619 011c 2C000000 		.4byte	.LFE1-.LFB1
 620 0120 01       		.uleb128 0x1
 621 0121 9C       		.byte	0x9c
 622 0122 9B010000 		.4byte	0x19b
 623 0126 0C       		.uleb128 0xc
 624 0127 00000000 		.4byte	.LASF26
 625 012b 01       		.byte	0x1
 626 012c 5E       		.byte	0x5e
 627 012d 6B000000 		.4byte	0x6b
 628 0131 2C000000 		.4byte	.LLST1
 629 0135 0D       		.uleb128 0xd
 630 0136 8C000000 		.4byte	0x8c
 631 013a 0C000000 		.4byte	.LBB6
 632 013e 0C000000 		.4byte	.LBE6-.LBB6
 633 0142 01       		.byte	0x1
 634 0143 63       		.byte	0x63
 635 0144 76010000 		.4byte	0x176
 636 0148 0E       		.uleb128 0xe
 637 0149 98000000 		.4byte	0x98
 638 014d 4D000000 		.4byte	.LLST2
 639 0151 09       		.uleb128 0x9
 640 0152 12000000 		.4byte	.LVL8
 641 0156 39020000 		.4byte	0x239
 642 015a 65010000 		.4byte	0x165
 643 015e 0A       		.uleb128 0xa
 644 015f 01       		.uleb128 0x1
ARM GAS  C:\Users\JEFFSN~1\AppData\Local\Temp\ccV8K11x.s 			page 28


 645 0160 50       		.byte	0x50
 646 0161 02       		.uleb128 0x2
 647 0162 75       		.byte	0x75
 648 0163 00       		.sleb128 0
 649 0164 00       		.byte	0
 650 0165 0B       		.uleb128 0xb
 651 0166 18000000 		.4byte	.LVL9
 652 016a 44020000 		.4byte	0x244
 653 016e 0A       		.uleb128 0xa
 654 016f 01       		.uleb128 0x1
 655 0170 50       		.byte	0x50
 656 0171 02       		.uleb128 0x2
 657 0172 75       		.byte	0x75
 658 0173 00       		.sleb128 0
 659 0174 00       		.byte	0
 660 0175 00       		.byte	0
 661 0176 09       		.uleb128 0x9
 662 0177 1E000000 		.4byte	.LVL10
 663 017b 4F020000 		.4byte	0x24f
 664 017f 8A010000 		.4byte	0x18a
 665 0183 0A       		.uleb128 0xa
 666 0184 01       		.uleb128 0x1
 667 0185 50       		.byte	0x50
 668 0186 02       		.uleb128 0x2
 669 0187 74       		.byte	0x74
 670 0188 00       		.sleb128 0
 671 0189 00       		.byte	0
 672 018a 0B       		.uleb128 0xb
 673 018b 24000000 		.4byte	.LVL11
 674 018f 5A020000 		.4byte	0x25a
 675 0193 0A       		.uleb128 0xa
 676 0194 01       		.uleb128 0x1
 677 0195 50       		.byte	0x50
 678 0196 02       		.uleb128 0x2
 679 0197 74       		.byte	0x74
 680 0198 00       		.sleb128 0
 681 0199 00       		.byte	0
 682 019a 00       		.byte	0
 683 019b 0F       		.uleb128 0xf
 684 019c 8C000000 		.4byte	0x8c
 685 01a0 00000000 		.4byte	.LFB2
 686 01a4 12000000 		.4byte	.LFE2-.LFB2
 687 01a8 01       		.uleb128 0x1
 688 01a9 9C       		.byte	0x9c
 689 01aa D5010000 		.4byte	0x1d5
 690 01ae 0E       		.uleb128 0xe
 691 01af 98000000 		.4byte	0x98
 692 01b3 60000000 		.4byte	.LLST3
 693 01b7 09       		.uleb128 0x9
 694 01b8 08000000 		.4byte	.LVL13
 695 01bc 39020000 		.4byte	0x239
 696 01c0 CB010000 		.4byte	0x1cb
 697 01c4 0A       		.uleb128 0xa
 698 01c5 01       		.uleb128 0x1
 699 01c6 50       		.byte	0x50
 700 01c7 02       		.uleb128 0x2
 701 01c8 74       		.byte	0x74
ARM GAS  C:\Users\JEFFSN~1\AppData\Local\Temp\ccV8K11x.s 			page 29


 702 01c9 00       		.sleb128 0
 703 01ca 00       		.byte	0
 704 01cb 10       		.uleb128 0x10
 705 01cc 12000000 		.4byte	.LVL14
 706 01d0 44020000 		.4byte	0x244
 707 01d4 00       		.byte	0
 708 01d5 07       		.uleb128 0x7
 709 01d6 92010000 		.4byte	.LASF14
 710 01da 01       		.byte	0x1
 711 01db AC       		.byte	0xac
 712 01dc 00000000 		.4byte	.LFB3
 713 01e0 20000000 		.4byte	.LFE3-.LFB3
 714 01e4 01       		.uleb128 0x1
 715 01e5 9C       		.byte	0x9c
 716 01e6 28020000 		.4byte	0x228
 717 01ea 11       		.uleb128 0x11
 718 01eb 8C000000 		.4byte	0x8c
 719 01ef 0A000000 		.4byte	.LBB8
 720 01f3 0C000000 		.4byte	.LBE8-.LBB8
 721 01f7 01       		.byte	0x1
 722 01f8 B0       		.byte	0xb0
 723 01f9 0E       		.uleb128 0xe
 724 01fa 98000000 		.4byte	0x98
 725 01fe 81000000 		.4byte	.LLST4
 726 0202 09       		.uleb128 0x9
 727 0203 10000000 		.4byte	.LVL16
 728 0207 39020000 		.4byte	0x239
 729 020b 16020000 		.4byte	0x216
 730 020f 0A       		.uleb128 0xa
 731 0210 01       		.uleb128 0x1
 732 0211 50       		.byte	0x50
 733 0212 02       		.uleb128 0x2
 734 0213 74       		.byte	0x74
 735 0214 00       		.sleb128 0
 736 0215 00       		.byte	0
 737 0216 0B       		.uleb128 0xb
 738 0217 16000000 		.4byte	.LVL17
 739 021b 44020000 		.4byte	0x244
 740 021f 0A       		.uleb128 0xa
 741 0220 01       		.uleb128 0x1
 742 0221 50       		.byte	0x50
 743 0222 02       		.uleb128 0x2
 744 0223 74       		.byte	0x74
 745 0224 00       		.sleb128 0
 746 0225 00       		.byte	0
 747 0226 00       		.byte	0
 748 0227 00       		.byte	0
 749 0228 12       		.uleb128 0x12
 750 0229 89020000 		.4byte	.LASF16
 751 022d 01       		.byte	0x1
 752 022e 14       		.byte	0x14
 753 022f 6B000000 		.4byte	0x6b
 754 0233 05       		.uleb128 0x5
 755 0234 03       		.byte	0x3
 756 0235 00000000 		.4byte	AMux_1_lastChannel
 757 0239 13       		.uleb128 0x13
 758 023a 60000000 		.4byte	.LASF17
ARM GAS  C:\Users\JEFFSN~1\AppData\Local\Temp\ccV8K11x.s 			page 30


 759 023e 60000000 		.4byte	.LASF17
 760 0242 02       		.byte	0x2
 761 0243 1B       		.byte	0x1b
 762 0244 13       		.uleb128 0x13
 763 0245 28000000 		.4byte	.LASF18
 764 0249 28000000 		.4byte	.LASF18
 765 024d 02       		.byte	0x2
 766 024e 1D       		.byte	0x1d
 767 024f 13       		.uleb128 0x13
 768 0250 42000000 		.4byte	.LASF19
 769 0254 42000000 		.4byte	.LASF19
 770 0258 02       		.byte	0x2
 771 0259 1A       		.byte	0x1a
 772 025a 13       		.uleb128 0x13
 773 025b 66010000 		.4byte	.LASF20
 774 025f 66010000 		.4byte	.LASF20
 775 0263 02       		.byte	0x2
 776 0264 1C       		.byte	0x1c
 777 0265 00       		.byte	0
 778              		.section	.debug_abbrev,"",%progbits
 779              	.Ldebug_abbrev0:
 780 0000 01       		.uleb128 0x1
 781 0001 11       		.uleb128 0x11
 782 0002 01       		.byte	0x1
 783 0003 25       		.uleb128 0x25
 784 0004 0E       		.uleb128 0xe
 785 0005 13       		.uleb128 0x13
 786 0006 0B       		.uleb128 0xb
 787 0007 03       		.uleb128 0x3
 788 0008 0E       		.uleb128 0xe
 789 0009 1B       		.uleb128 0x1b
 790 000a 0E       		.uleb128 0xe
 791 000b 55       		.uleb128 0x55
 792 000c 17       		.uleb128 0x17
 793 000d 11       		.uleb128 0x11
 794 000e 01       		.uleb128 0x1
 795 000f 10       		.uleb128 0x10
 796 0010 17       		.uleb128 0x17
 797 0011 00       		.byte	0
 798 0012 00       		.byte	0
 799 0013 02       		.uleb128 0x2
 800 0014 24       		.uleb128 0x24
 801 0015 00       		.byte	0
 802 0016 0B       		.uleb128 0xb
 803 0017 0B       		.uleb128 0xb
 804 0018 3E       		.uleb128 0x3e
 805 0019 0B       		.uleb128 0xb
 806 001a 03       		.uleb128 0x3
 807 001b 0E       		.uleb128 0xe
 808 001c 00       		.byte	0
 809 001d 00       		.byte	0
 810 001e 03       		.uleb128 0x3
 811 001f 24       		.uleb128 0x24
 812 0020 00       		.byte	0
 813 0021 0B       		.uleb128 0xb
 814 0022 0B       		.uleb128 0xb
 815 0023 3E       		.uleb128 0x3e
ARM GAS  C:\Users\JEFFSN~1\AppData\Local\Temp\ccV8K11x.s 			page 31


 816 0024 0B       		.uleb128 0xb
 817 0025 03       		.uleb128 0x3
 818 0026 08       		.uleb128 0x8
 819 0027 00       		.byte	0
 820 0028 00       		.byte	0
 821 0029 04       		.uleb128 0x4
 822 002a 16       		.uleb128 0x16
 823 002b 00       		.byte	0
 824 002c 03       		.uleb128 0x3
 825 002d 0E       		.uleb128 0xe
 826 002e 3A       		.uleb128 0x3a
 827 002f 0B       		.uleb128 0xb
 828 0030 3B       		.uleb128 0x3b
 829 0031 05       		.uleb128 0x5
 830 0032 49       		.uleb128 0x49
 831 0033 13       		.uleb128 0x13
 832 0034 00       		.byte	0
 833 0035 00       		.byte	0
 834 0036 05       		.uleb128 0x5
 835 0037 2E       		.uleb128 0x2e
 836 0038 01       		.byte	0x1
 837 0039 3F       		.uleb128 0x3f
 838 003a 19       		.uleb128 0x19
 839 003b 03       		.uleb128 0x3
 840 003c 0E       		.uleb128 0xe
 841 003d 3A       		.uleb128 0x3a
 842 003e 0B       		.uleb128 0xb
 843 003f 3B       		.uleb128 0x3b
 844 0040 0B       		.uleb128 0xb
 845 0041 27       		.uleb128 0x27
 846 0042 19       		.uleb128 0x19
 847 0043 20       		.uleb128 0x20
 848 0044 0B       		.uleb128 0xb
 849 0045 01       		.uleb128 0x1
 850 0046 13       		.uleb128 0x13
 851 0047 00       		.byte	0
 852 0048 00       		.byte	0
 853 0049 06       		.uleb128 0x6
 854 004a 05       		.uleb128 0x5
 855 004b 00       		.byte	0
 856 004c 03       		.uleb128 0x3
 857 004d 0E       		.uleb128 0xe
 858 004e 3A       		.uleb128 0x3a
 859 004f 0B       		.uleb128 0xb
 860 0050 3B       		.uleb128 0x3b
 861 0051 0B       		.uleb128 0xb
 862 0052 49       		.uleb128 0x49
 863 0053 13       		.uleb128 0x13
 864 0054 00       		.byte	0
 865 0055 00       		.byte	0
 866 0056 07       		.uleb128 0x7
 867 0057 2E       		.uleb128 0x2e
 868 0058 01       		.byte	0x1
 869 0059 3F       		.uleb128 0x3f
 870 005a 19       		.uleb128 0x19
 871 005b 03       		.uleb128 0x3
 872 005c 0E       		.uleb128 0xe
ARM GAS  C:\Users\JEFFSN~1\AppData\Local\Temp\ccV8K11x.s 			page 32


 873 005d 3A       		.uleb128 0x3a
 874 005e 0B       		.uleb128 0xb
 875 005f 3B       		.uleb128 0x3b
 876 0060 0B       		.uleb128 0xb
 877 0061 27       		.uleb128 0x27
 878 0062 19       		.uleb128 0x19
 879 0063 11       		.uleb128 0x11
 880 0064 01       		.uleb128 0x1
 881 0065 12       		.uleb128 0x12
 882 0066 06       		.uleb128 0x6
 883 0067 40       		.uleb128 0x40
 884 0068 18       		.uleb128 0x18
 885 0069 9742     		.uleb128 0x2117
 886 006b 19       		.uleb128 0x19
 887 006c 01       		.uleb128 0x1
 888 006d 13       		.uleb128 0x13
 889 006e 00       		.byte	0
 890 006f 00       		.byte	0
 891 0070 08       		.uleb128 0x8
 892 0071 34       		.uleb128 0x34
 893 0072 00       		.byte	0
 894 0073 03       		.uleb128 0x3
 895 0074 0E       		.uleb128 0xe
 896 0075 3A       		.uleb128 0x3a
 897 0076 0B       		.uleb128 0xb
 898 0077 3B       		.uleb128 0x3b
 899 0078 0B       		.uleb128 0xb
 900 0079 49       		.uleb128 0x49
 901 007a 13       		.uleb128 0x13
 902 007b 02       		.uleb128 0x2
 903 007c 17       		.uleb128 0x17
 904 007d 00       		.byte	0
 905 007e 00       		.byte	0
 906 007f 09       		.uleb128 0x9
 907 0080 898201   		.uleb128 0x4109
 908 0083 01       		.byte	0x1
 909 0084 11       		.uleb128 0x11
 910 0085 01       		.uleb128 0x1
 911 0086 31       		.uleb128 0x31
 912 0087 13       		.uleb128 0x13
 913 0088 01       		.uleb128 0x1
 914 0089 13       		.uleb128 0x13
 915 008a 00       		.byte	0
 916 008b 00       		.byte	0
 917 008c 0A       		.uleb128 0xa
 918 008d 8A8201   		.uleb128 0x410a
 919 0090 00       		.byte	0
 920 0091 02       		.uleb128 0x2
 921 0092 18       		.uleb128 0x18
 922 0093 9142     		.uleb128 0x2111
 923 0095 18       		.uleb128 0x18
 924 0096 00       		.byte	0
 925 0097 00       		.byte	0
 926 0098 0B       		.uleb128 0xb
 927 0099 898201   		.uleb128 0x4109
 928 009c 01       		.byte	0x1
 929 009d 11       		.uleb128 0x11
ARM GAS  C:\Users\JEFFSN~1\AppData\Local\Temp\ccV8K11x.s 			page 33


 930 009e 01       		.uleb128 0x1
 931 009f 31       		.uleb128 0x31
 932 00a0 13       		.uleb128 0x13
 933 00a1 00       		.byte	0
 934 00a2 00       		.byte	0
 935 00a3 0C       		.uleb128 0xc
 936 00a4 05       		.uleb128 0x5
 937 00a5 00       		.byte	0
 938 00a6 03       		.uleb128 0x3
 939 00a7 0E       		.uleb128 0xe
 940 00a8 3A       		.uleb128 0x3a
 941 00a9 0B       		.uleb128 0xb
 942 00aa 3B       		.uleb128 0x3b
 943 00ab 0B       		.uleb128 0xb
 944 00ac 49       		.uleb128 0x49
 945 00ad 13       		.uleb128 0x13
 946 00ae 02       		.uleb128 0x2
 947 00af 17       		.uleb128 0x17
 948 00b0 00       		.byte	0
 949 00b1 00       		.byte	0
 950 00b2 0D       		.uleb128 0xd
 951 00b3 1D       		.uleb128 0x1d
 952 00b4 01       		.byte	0x1
 953 00b5 31       		.uleb128 0x31
 954 00b6 13       		.uleb128 0x13
 955 00b7 11       		.uleb128 0x11
 956 00b8 01       		.uleb128 0x1
 957 00b9 12       		.uleb128 0x12
 958 00ba 06       		.uleb128 0x6
 959 00bb 58       		.uleb128 0x58
 960 00bc 0B       		.uleb128 0xb
 961 00bd 59       		.uleb128 0x59
 962 00be 0B       		.uleb128 0xb
 963 00bf 01       		.uleb128 0x1
 964 00c0 13       		.uleb128 0x13
 965 00c1 00       		.byte	0
 966 00c2 00       		.byte	0
 967 00c3 0E       		.uleb128 0xe
 968 00c4 05       		.uleb128 0x5
 969 00c5 00       		.byte	0
 970 00c6 31       		.uleb128 0x31
 971 00c7 13       		.uleb128 0x13
 972 00c8 02       		.uleb128 0x2
 973 00c9 17       		.uleb128 0x17
 974 00ca 00       		.byte	0
 975 00cb 00       		.byte	0
 976 00cc 0F       		.uleb128 0xf
 977 00cd 2E       		.uleb128 0x2e
 978 00ce 01       		.byte	0x1
 979 00cf 31       		.uleb128 0x31
 980 00d0 13       		.uleb128 0x13
 981 00d1 11       		.uleb128 0x11
 982 00d2 01       		.uleb128 0x1
 983 00d3 12       		.uleb128 0x12
 984 00d4 06       		.uleb128 0x6
 985 00d5 40       		.uleb128 0x40
 986 00d6 18       		.uleb128 0x18
ARM GAS  C:\Users\JEFFSN~1\AppData\Local\Temp\ccV8K11x.s 			page 34


 987 00d7 9742     		.uleb128 0x2117
 988 00d9 19       		.uleb128 0x19
 989 00da 01       		.uleb128 0x1
 990 00db 13       		.uleb128 0x13
 991 00dc 00       		.byte	0
 992 00dd 00       		.byte	0
 993 00de 10       		.uleb128 0x10
 994 00df 898201   		.uleb128 0x4109
 995 00e2 00       		.byte	0
 996 00e3 11       		.uleb128 0x11
 997 00e4 01       		.uleb128 0x1
 998 00e5 9542     		.uleb128 0x2115
 999 00e7 19       		.uleb128 0x19
 1000 00e8 31       		.uleb128 0x31
 1001 00e9 13       		.uleb128 0x13
 1002 00ea 00       		.byte	0
 1003 00eb 00       		.byte	0
 1004 00ec 11       		.uleb128 0x11
 1005 00ed 1D       		.uleb128 0x1d
 1006 00ee 01       		.byte	0x1
 1007 00ef 31       		.uleb128 0x31
 1008 00f0 13       		.uleb128 0x13
 1009 00f1 11       		.uleb128 0x11
 1010 00f2 01       		.uleb128 0x1
 1011 00f3 12       		.uleb128 0x12
 1012 00f4 06       		.uleb128 0x6
 1013 00f5 58       		.uleb128 0x58
 1014 00f6 0B       		.uleb128 0xb
 1015 00f7 59       		.uleb128 0x59
 1016 00f8 0B       		.uleb128 0xb
 1017 00f9 00       		.byte	0
 1018 00fa 00       		.byte	0
 1019 00fb 12       		.uleb128 0x12
 1020 00fc 34       		.uleb128 0x34
 1021 00fd 00       		.byte	0
 1022 00fe 03       		.uleb128 0x3
 1023 00ff 0E       		.uleb128 0xe
 1024 0100 3A       		.uleb128 0x3a
 1025 0101 0B       		.uleb128 0xb
 1026 0102 3B       		.uleb128 0x3b
 1027 0103 0B       		.uleb128 0xb
 1028 0104 49       		.uleb128 0x49
 1029 0105 13       		.uleb128 0x13
 1030 0106 02       		.uleb128 0x2
 1031 0107 18       		.uleb128 0x18
 1032 0108 00       		.byte	0
 1033 0109 00       		.byte	0
 1034 010a 13       		.uleb128 0x13
 1035 010b 2E       		.uleb128 0x2e
 1036 010c 00       		.byte	0
 1037 010d 3F       		.uleb128 0x3f
 1038 010e 19       		.uleb128 0x19
 1039 010f 3C       		.uleb128 0x3c
 1040 0110 19       		.uleb128 0x19
 1041 0111 6E       		.uleb128 0x6e
 1042 0112 0E       		.uleb128 0xe
 1043 0113 03       		.uleb128 0x3
ARM GAS  C:\Users\JEFFSN~1\AppData\Local\Temp\ccV8K11x.s 			page 35


 1044 0114 0E       		.uleb128 0xe
 1045 0115 3A       		.uleb128 0x3a
 1046 0116 0B       		.uleb128 0xb
 1047 0117 3B       		.uleb128 0x3b
 1048 0118 0B       		.uleb128 0xb
 1049 0119 00       		.byte	0
 1050 011a 00       		.byte	0
 1051 011b 00       		.byte	0
 1052              		.section	.debug_loc,"",%progbits
 1053              	.Ldebug_loc0:
 1054              	.LLST0:
 1055 0000 00000000 		.4byte	.LVL0
 1056 0004 0E000000 		.4byte	.LVL2
 1057 0008 0200     		.2byte	0x2
 1058 000a 30       		.byte	0x30
 1059 000b 9F       		.byte	0x9f
 1060 000c 0E000000 		.4byte	.LVL2
 1061 0010 1A000000 		.4byte	.LVL4
 1062 0014 0200     		.2byte	0x2
 1063 0016 31       		.byte	0x31
 1064 0017 9F       		.byte	0x9f
 1065 0018 1A000000 		.4byte	.LVL4
 1066 001c 28000000 		.4byte	.LFE0
 1067 0020 0200     		.2byte	0x2
 1068 0022 32       		.byte	0x32
 1069 0023 9F       		.byte	0x9f
 1070 0024 00000000 		.4byte	0
 1071 0028 00000000 		.4byte	0
 1072              	.LLST1:
 1073 002c 00000000 		.4byte	.LVL5
 1074 0030 0E000000 		.4byte	.LVL7
 1075 0034 0100     		.2byte	0x1
 1076 0036 50       		.byte	0x50
 1077 0037 0E000000 		.4byte	.LVL7
 1078 003b 2C000000 		.4byte	.LFE1
 1079 003f 0400     		.2byte	0x4
 1080 0041 F3       		.byte	0xf3
 1081 0042 01       		.uleb128 0x1
 1082 0043 50       		.byte	0x50
 1083 0044 9F       		.byte	0x9f
 1084 0045 00000000 		.4byte	0
 1085 0049 00000000 		.4byte	0
 1086              	.LLST2:
 1087 004d 0C000000 		.4byte	.LVL6
 1088 0051 18000000 		.4byte	.LVL9
 1089 0055 0100     		.2byte	0x1
 1090 0057 55       		.byte	0x55
 1091 0058 00000000 		.4byte	0
 1092 005c 00000000 		.4byte	0
 1093              	.LLST3:
 1094 0060 00000000 		.4byte	.LVL12
 1095 0064 07000000 		.4byte	.LVL13-1
 1096 0068 0100     		.2byte	0x1
 1097 006a 50       		.byte	0x50
 1098 006b 07000000 		.4byte	.LVL13-1
 1099 006f 12000000 		.4byte	.LFE2
 1100 0073 0400     		.2byte	0x4
ARM GAS  C:\Users\JEFFSN~1\AppData\Local\Temp\ccV8K11x.s 			page 36


 1101 0075 F3       		.byte	0xf3
 1102 0076 01       		.uleb128 0x1
 1103 0077 50       		.byte	0x50
 1104 0078 9F       		.byte	0x9f
 1105 0079 00000000 		.4byte	0
 1106 007d 00000000 		.4byte	0
 1107              	.LLST4:
 1108 0081 0A000000 		.4byte	.LVL15
 1109 0085 16000000 		.4byte	.LVL17
 1110 0089 0100     		.2byte	0x1
 1111 008b 54       		.byte	0x54
 1112 008c 00000000 		.4byte	0
 1113 0090 00000000 		.4byte	0
 1114              		.section	.debug_aranges,"",%progbits
 1115 0000 34000000 		.4byte	0x34
 1116 0004 0200     		.2byte	0x2
 1117 0006 00000000 		.4byte	.Ldebug_info0
 1118 000a 04       		.byte	0x4
 1119 000b 00       		.byte	0
 1120 000c 0000     		.2byte	0
 1121 000e 0000     		.2byte	0
 1122 0010 00000000 		.4byte	.LFB0
 1123 0014 28000000 		.4byte	.LFE0-.LFB0
 1124 0018 00000000 		.4byte	.LFB1
 1125 001c 2C000000 		.4byte	.LFE1-.LFB1
 1126 0020 00000000 		.4byte	.LFB2
 1127 0024 12000000 		.4byte	.LFE2-.LFB2
 1128 0028 00000000 		.4byte	.LFB3
 1129 002c 20000000 		.4byte	.LFE3-.LFB3
 1130 0030 00000000 		.4byte	0
 1131 0034 00000000 		.4byte	0
 1132              		.section	.debug_ranges,"",%progbits
 1133              	.Ldebug_ranges0:
 1134 0000 00000000 		.4byte	.LFB0
 1135 0004 28000000 		.4byte	.LFE0
 1136 0008 00000000 		.4byte	.LFB1
 1137 000c 2C000000 		.4byte	.LFE1
 1138 0010 00000000 		.4byte	.LFB2
 1139 0014 12000000 		.4byte	.LFE2
 1140 0018 00000000 		.4byte	.LFB3
 1141 001c 20000000 		.4byte	.LFE3
 1142 0020 00000000 		.4byte	0
 1143 0024 00000000 		.4byte	0
 1144              		.section	.debug_line,"",%progbits
 1145              	.Ldebug_line0:
 1146 0000 B8000000 		.section	.debug_str,"MS",%progbits,1
 1146      02005500 
 1146      00000201 
 1146      FB0E0D00 
 1146      01010101 
 1147              	.LASF26:
 1148 0000 6368616E 		.ascii	"channel\000"
 1148      6E656C00 
 1149              	.LASF22:
 1150 0008 47656E65 		.ascii	"Generated_Source\\PSoC5\\AMux_1.c\000"
 1150      72617465 
 1150      645F536F 
ARM GAS  C:\Users\JEFFSN~1\AppData\Local\Temp\ccV8K11x.s 			page 37


 1150      75726365 
 1150      5C50536F 
 1151              	.LASF18:
 1152 0028 414D7578 		.ascii	"AMux_1_CYAMUXSIDE_B_Unset\000"
 1152      5F315F43 
 1152      59414D55 
 1152      58534944 
 1152      455F425F 
 1153              	.LASF19:
 1154 0042 414D7578 		.ascii	"AMux_1_CYAMUXSIDE_A_Set\000"
 1154      5F315F43 
 1154      59414D55 
 1154      58534944 
 1154      455F415F 
 1155              	.LASF9:
 1156 005a 666C6F61 		.ascii	"float\000"
 1156      7400
 1157              	.LASF17:
 1158 0060 414D7578 		.ascii	"AMux_1_CYAMUXSIDE_A_Unset\000"
 1158      5F315F43 
 1158      59414D55 
 1158      58534944 
 1158      455F415F 
 1159              	.LASF1:
 1160 007a 756E7369 		.ascii	"unsigned char\000"
 1160      676E6564 
 1160      20636861 
 1160      7200
 1161              	.LASF21:
 1162 0088 474E5520 		.ascii	"GNU C11 5.4.1 20160609 (release) [ARM/embedded-5-br"
 1162      43313120 
 1162      352E342E 
 1162      31203230 
 1162      31363036 
 1163 00bb 616E6368 		.ascii	"anch revision 237715] -mcpu=cortex-m3 -mthumb -g -O"
 1163      20726576 
 1163      6973696F 
 1163      6E203233 
 1163      37373135 
 1164 00ee 33202D66 		.ascii	"3 -ffunction-sections -ffat-lto-objects -finline-fu"
 1164      66756E63 
 1164      74696F6E 
 1164      2D736563 
 1164      74696F6E 
 1165 0121 6E637469 		.ascii	"nctions -flto\000"
 1165      6F6E7320 
 1165      2D666C74 
 1165      6F00
 1166              	.LASF13:
 1167 012f 414D7578 		.ascii	"AMux_1_FastSelect\000"
 1167      5F315F46 
 1167      61737453 
 1167      656C6563 
 1167      7400
 1168              	.LASF5:
 1169 0141 6C6F6E67 		.ascii	"long unsigned int\000"
 1169      20756E73 
ARM GAS  C:\Users\JEFFSN~1\AppData\Local\Temp\ccV8K11x.s 			page 38


 1169      69676E65 
 1169      6420696E 
 1169      7400
 1170              	.LASF3:
 1171 0153 73686F72 		.ascii	"short unsigned int\000"
 1171      7420756E 
 1171      7369676E 
 1171      65642069 
 1171      6E7400
 1172              	.LASF20:
 1173 0166 414D7578 		.ascii	"AMux_1_CYAMUXSIDE_B_Set\000"
 1173      5F315F43 
 1173      59414D55 
 1173      58534944 
 1173      455F425F 
 1174              	.LASF10:
 1175 017e 646F7562 		.ascii	"double\000"
 1175      6C6500
 1176              	.LASF12:
 1177 0185 414D7578 		.ascii	"AMux_1_Start\000"
 1177      5F315F53 
 1177      74617274 
 1177      00
 1178              	.LASF14:
 1179 0192 414D7578 		.ascii	"AMux_1_DisconnectAll\000"
 1179      5F315F44 
 1179      6973636F 
 1179      6E6E6563 
 1179      74416C6C 
 1180              	.LASF8:
 1181 01a7 756E7369 		.ascii	"unsigned int\000"
 1181      676E6564 
 1181      20696E74 
 1181      00
 1182              	.LASF7:
 1183 01b4 6C6F6E67 		.ascii	"long long unsigned int\000"
 1183      206C6F6E 
 1183      6720756E 
 1183      7369676E 
 1183      65642069 
 1184              	.LASF25:
 1185 01cb 414D7578 		.ascii	"AMux_1_Disconnect\000"
 1185      5F315F44 
 1185      6973636F 
 1185      6E6E6563 
 1185      7400
 1186              	.LASF15:
 1187 01dd 6368616E 		.ascii	"chan\000"
 1187      00
 1188              	.LASF6:
 1189 01e2 6C6F6E67 		.ascii	"long long int\000"
 1189      206C6F6E 
 1189      6720696E 
 1189      7400
 1190              	.LASF11:
 1191 01f0 63686172 		.ascii	"char\000"
 1191      00
ARM GAS  C:\Users\JEFFSN~1\AppData\Local\Temp\ccV8K11x.s 			page 39


 1192              	.LASF23:
 1193 01f5 433A5C55 		.ascii	"C:\\Users\\JeffSnyder\\dev\\Electrobass_embedded\\P"
 1193      73657273 
 1193      5C4A6566 
 1193      66536E79 
 1193      6465725C 
 1194 0223 534F4335 		.ascii	"SOC5_electrobass_stringsensors\\CE210514_PSOC3_5_Th"
 1194      5F656C65 
 1194      6374726F 
 1194      62617373 
 1194      5F737472 
 1195 0255 65726D69 		.ascii	"ermistor.cydsn\000"
 1195      73746F72 
 1195      2E637964 
 1195      736E00
 1196              	.LASF2:
 1197 0264 73686F72 		.ascii	"short int\000"
 1197      7420696E 
 1197      7400
 1198              	.LASF24:
 1199 026e 75696E74 		.ascii	"uint8\000"
 1199      3800
 1200              	.LASF4:
 1201 0274 6C6F6E67 		.ascii	"long int\000"
 1201      20696E74 
 1201      00
 1202              	.LASF0:
 1203 027d 7369676E 		.ascii	"signed char\000"
 1203      65642063 
 1203      68617200 
 1204              	.LASF16:
 1205 0289 414D7578 		.ascii	"AMux_1_lastChannel\000"
 1205      5F315F6C 
 1205      61737443 
 1205      68616E6E 
 1205      656C00
 1206              		.comm	__gnu_lto_v1,1,1
 1207              		.ident	"GCC: (GNU Tools for ARM Embedded Processors) 5.4.1 20160609 (release) [ARM/embedded-5-bran
