ARM GAS  C:\Users\JEFFSN~1\AppData\Local\Temp\cct6sLN2.s 			page 1


   1              		.syntax unified
   2              		.cpu cortex-m3
   3              		.fpu softvfp
   4              		.eabi_attribute 20, 1
   5              		.eabi_attribute 21, 1
   6              		.eabi_attribute 23, 3
   7              		.eabi_attribute 24, 1
   8              		.eabi_attribute 25, 1
   9              		.eabi_attribute 26, 1
  10              		.eabi_attribute 30, 1
  11              		.eabi_attribute 34, 1
  12              		.eabi_attribute 18, 4
  13              		.thumb
  14              		.syntax unified
  15              		.file	"CapSense_PM.c"
  16              		.text
  17              	.Ltext0:
  18              		.section	.gnu.lto_.profile.724444dc,"",%progbits
  19 0000 789C6361 		.ascii	"x\234ca`d`a`\000\222>\322\000\001\035\000r"
  19      60646061 
  19      6000923E 
  19      D200011D 
  19      0072
  20              		.text
  21              		.section	.gnu.lto_.inline.724444dc,"",%progbits
  22 0000 789C6361 		.ascii	"x\234ca`d\000\201t\006\004`a``\343cd`bY \317\300\266"
  22      60640081 
  22      74060460 
  22      616060E3 
  22      63646062 
  23 0019 409E0924 		.ascii	"@\236\011$\306\310\005$\230\030\270\004\201\342\\\373"
  23      C6C80524 
  23      9818B804 
  23      81E25CFB 
  24 0029 EC50C5C1 		.ascii	"\354P\305\301\0043\0037\027PR\240\241\026.\311\302\300"
  24      04330337 
  24      175052A0 
  24      A1162EC9 
  24      C2C0
  25 003b 210C1462 		.ascii	"!\014\024b\373\240\207E=\003\000\314\264\0102"
  25      FBA08745 
  25      3D0300CC 
  25      B40832
  26              		.text
  27              		.section	.gnu.lto_.jmpfuncs.724444dc,"",%progbits
  28 0000 789C6361 		.ascii	"x\234ca`d\000\001a\006\004`\001\021L \202\031\312a\000"
  28      60640001 
  28      61060460 
  28      01114C20 
  28      8219CA61 
  29 0015 0003D000 		.ascii	"\000\003\320\000&"
  29      26
  30              		.text
  31              		.section	.gnu.lto_.pureconst.724444dc,"",%progbits
  32 0000 789C6361 		.ascii	"x\234ca`d\340d```a\220b\222b\226b\221\000\000\002\273"
  32      6064E064 
  32      60606061 
ARM GAS  C:\Users\JEFFSN~1\AppData\Local\Temp\cct6sLN2.s 			page 2


  32      90629262 
  32      96629100 
  33 0017 0082     		.ascii	"\000\202"
  34              		.text
  35              		.section	.gnu.lto_CapSense_SaveConfig.724444dc,"",%progbits
  36 0000 789C6550 		.ascii	"x\234eP\277KBQ\024>\347^\365\211\025\2644%\321\022\341"
  36      BF4B4251 
  36      143EE75E 
  36      F58915B4 
  36      3425D112 
  37 0015 92537F81 		.ascii	"\222S\177\201PS 9\005\202\210\275UCk\366\372\343\321"
  37      50532039 
  37      058288BD 
  37      55436BF6 
  37      FAE3D1
  38 0028 8FA15A74 		.ascii	"\217\241Zt+G\177e\332\226\333C\032\032\302\246hp\251"
  38      2B477F65 
  38      DA96DB43 
  38      1A1AC2A6 
  38      6870A9
  39 003b 06096930 		.ascii	"\006\011i0*\202@_\347<\227\240\003\227s\357w\276\373"
  39      2A82405F 
  39      E73C97A0 
  39      039773EF 
  39      77BEFB
  40 004e 7DE71C07 		.ascii	"}\347\034\007 p\244(-S\236\247\203\022P\234v\0012n\201"
  40      2070A428 
  40      2D539EA7 
  40      8312509C 
  40      7601326E 
  41 0063 C817E546 		.ascii	"\310\027\345FH\013L\343\227\030\011\354\354\367\333"
  41      480B4CE3 
  41      971809EC 
  41      ECF7DB
  42 0072 C2575614 		.ascii	"\302WV\024O\306\271T\025\023\015\011`\011[\011\260\214"
  42      4FC6B954 
  42      15130D09 
  42      60095B09 
  42      B08C
  43 0084 3E20DACB 		.ascii	"> \332\313\325\2700\343\3123mqR\304\012\272\330\256"
  43      D5B830E3 
  43      CA336D71 
  43      52C40ABA 
  43      D8AE
  44 0096 B9692ACB 		.ascii	"\271i*\313\312)\363\303Y\235v\0120$\241Cb\260\327\273"
  44      CA29F3C3 
  44      599D760A 
  44      3024A143 
  44      62B0D7BB 
  45 00aa 109C651F 		.ascii	"\020\234e\037;?G\375o\215?\345$\373\026\215\316\275"
  45      3B3F47FD 
  45      6F8D3FE5 
  45      24FB168D 
  45      CEBD
  46 00bc F6290C29 		.ascii	"\366)\014)\220\365O*\275\272g\362\264n3\312AP\255\330"
  46      90F54F2A 
  46      BDBA67F2 
ARM GAS  C:\Users\JEFFSN~1\AppData\Local\Temp\cct6sLN2.s 			page 3


  46      B46E33CA 
  46      4150ADD8 
  47 00d0 7D9C2AE1 		.ascii	"}\234*\341Y&O\035I\254\241\027\253\350%\343:\226\020"
  47      59264F1D 
  47      49ACA117 
  47      ABE825E3 
  47      3A9610
  48 00e3 FA982D3E 		.ascii	"\372\230->/\260\336_1\207-\326n\277\365\264\364H\035"
  48      2FB0DE5F 
  48      31872DD6 
  48      6EBFF5B4 
  48      F4481D
  49 00f6 28354BD8 		.ascii	"(5K\330!\315\303\360\340\356\341\306\303\202\312\306"
  49      21CDC3F0 
  49      E0EEE1C6 
  49      C382CAC6 
  50 0106 9DD8A025 		.ascii	"\235\330\240%\\\260$\025\217\257[\207n\177\203\007T"
  50      5CB02415 
  50      8FAF5B87 
  50      6E7F8307 
  50      54
  51 0117 5B8674E1 		.ascii	"[\206t\341%\271\214\355-`\023\375\3244\274b\316\264"
  51      25B98CED 
  51      2D6013FD 
  51      D434BC62 
  51      CEB4
  52 0129 E6D8F2BF 		.ascii	"\346\330\362\277\211f\321\034\200-L\323\002\3340\300"
  52      8966D11C 
  52      802D4CD3 
  52      02DC30C0 
  53 0139 AC5958B3 		.ascii	"\254YX\263\251\034C*\322\032Hmi]\217\353\311\350\256"
  53      A91C432A 
  53      D21A486D 
  53      695D8FEB 
  53      C9E8AE
  54 014c BE1D0925 		.ascii	"\276\035\011%\366\2221=\034\014%\002\253\341@t'\244"
  54      F692313D 
  54      1C0C2502 
  54      ABE14074 
  54      27A4
  55 015e C7537A24 		.ascii	"\307Sz$\270\261\022\203_\255\371\2205"
  55      B8B11283 
  55      5FADF990 
  55      35
  56              		.text
  57              		.section	.gnu.lto_CapSense_backup.724444dc,"",%progbits
  58 0000 789C6361 		.ascii	"x\234ca`d\000\001] \206\260\030\030\37621\256\177\263"
  58      60640001 
  58      5D2086B0 
  58      1818FE32 
  58      31AE7FB3 
  59 0014 F327EF17 		.ascii	"\363'\357\027\246Vf\240 \220\273sn\373m>\213m\015\035"
  59      A65666A0 
  59      2090BB73 
  59      6EFB6D3E 
  59      8B6D0D1D 
  60 0028 0B1A045A 		.ascii	"\013\032\004Z\231\031\377110.g\224a`\\\301h\301\000"
ARM GAS  C:\Users\JEFFSN~1\AppData\Local\Temp\cct6sLN2.s 			page 4


  60      9919FF31 
  60      31302E67 
  60      9461605C 
  60      C168C100 
  61 003c 00C3A010 		.ascii	"\000\303\240\020)"
  61      29
  62              		.text
  63              		.section	.gnu.lto_CapSense_Sleep.724444dc,"",%progbits
  64 0000 789C8D91 		.ascii	"x\234\215\221\273OTA\024\306\3177s\037\273+&\376\001"
  64      BB4F5441 
  64      14C6CF37 
  64      731FBB2B 
  64      26FE01
  65 0013 C4D81843 		.ascii	"\304\330\030C#4\326\026\024T$\304mI\010\301\333\202"
  65      2334D616 
  65      145424C4 
  65      6D4908C1 
  65      DB82
  66 0025 A2B6EEEC 		.ascii	"\242\266\356\354\343\006\261@\033\3516[\031V\020\331"
  66      E306B140 
  66      1BE9365B 
  66      195610D9 
  67 0035 551E6E77 		.ascii	"U\036nw\335\030\327\202\254\261@\012\032\265\330\030"
  67      DD18D782 
  67      ACB1400A 
  67      1AB5D818 
  68 0045 A27157B1 		.ascii	"\242qW\2611\201\3539\263\010$F\343$sg\356\231\357\234"
  68      3181EB39 
  68      B3082446 
  68      E3247367 
  68      EE99EF9C 
  69 0059 F39B6F1C 		.ascii	"\363\233o\034\002\311\270\255\210.\360z\231'<\202\272"
  69      02C9B8AD 
  69      882EF07A 
  69      99273C82 
  69      BA
  70 006a DF24CA26 		.ascii	"\337$\312&\224\322\035\217L\312)5\210L\217\206\333\215"
  70      94D21D8F 
  70      4CCA2935 
  70      884C8F86 
  70      DB8D
  71 007c 3BBF372E 		.ascii	";\2777. \033\223\000e\224v\\d\360C\355+\324gZ5\325\267"
  71      201B9300 
  71      6594765C 
  71      64F043ED 
  71      2BD4675A 
  72 0093 6078BC7F 		.ascii	"`x\274\177\370}\300\224#\204\232(V\266\033a\001}\304"
  72      F87DC094 
  72      23849A28 
  72      56B61B61 
  72      017DC4
  73 00a6 B28FD583 		.ascii	"\262\217\325\203\007\247\275\202\310\316u\017Q\206'"
  73      07A7BD82 
  73      C8CE750F 
  73      518627
  74 00b5 482B5722 		.ascii	"H+W\"\023\307y\023\025\375\027\357\374\244\246P\303"
  74      13C77913 
ARM GAS  C:\Users\JEFFSN~1\AppData\Local\Temp\cct6sLN2.s 			page 5


  74      15FD17EF 
  74      FCA4A650 
  74      C3
  75 00c6 E10F6BDA 		.ascii	"\341\017k\332<\245iG)Yu\013\365\237w_\025\007$5\257"
  75      3CA56947 
  75      2959750B 
  75      F59F775F 
  75      15072435 
  76 00db 35979D0F 		.ascii	"5\227\235\017\353o\374=\025j\015\351r\257\274\263\224"
  76      EB6FFC3D 
  76      156A0DE9 
  76      72AFBCB3 
  76      94
  77 00ec EAFEC6AF 		.ascii	"\352\376\306\257\263\306\341\320\342|s\373T\011\305"
  77      B3C6E1D0 
  77      E27C73FB 
  77      5409C5
  78 00fb 6C81B91C 		.ascii	"l\201\271\034,\242\027\217\320\313\355\227P\002\265"
  78      2CA2178F 
  78      D0CBED97 
  78      5002B5
  79 010a 90FBE677 		.ascii	"\220\373\346w\3139\\\221>\240\320\314\237=\014\234\254"
  79      CB395C91 
  79      3EA0D0CC 
  79      9F3D0C9C 
  79      AC
  80 011b AF40782C 		.ascii	"\257@x,y$8\232:\036\323\344\366*_\336&E}R\352Z\224Z"
  80      7924389A 
  80      3A1ED3E4 
  80      F62A5FDE 
  80      26457D52 
  81 0133 EDF38E9F 		.ascii	"\355\363\216\237\3317w\2149\303\261Y\366D\302\273\233"
  81      D937778C 
  81      39C3B159 
  81      F644C2BB 
  81      9B
  82 0144 5B2F5382 		.ascii	"[/S\202cl\334\303\0236rY\012\363\341\334\363\312l\242"
  82      636CDCC3 
  82      13367259 
  82      0AF3E1DC 
  82      F3CA6CA2 
  83 0158 7F594C32 		.ascii	"\177YL2\327C\355c\205\031\017\254\223\250\240\237\025"
  83      D743ED63 
  83      85190FAC 
  83      93A8A09F 
  83      15
  84 0169 6B339B55 		.ascii	"k3\233U{A\037@\225\323>!\037m4z\204\341\317\256\211"
  84      7B411F40 
  84      95D33E21 
  84      1F6D347A 
  84      84E1CFAE 
  85 017e 98B1094F 		.ascii	"\230\261\011O\221a?\223\226\334!~`\213\336\376z\204"
  85      91613F93 
  85      96DC217E 
  85      608BDEFE 
  85      7A84
  86 0190 FEBFACCF 		.ascii	"\376\277\254\317\376\305\272z\314\272fY\217\014\361"
ARM GAS  C:\Users\JEFFSN~1\AppData\Local\Temp\cct6sLN2.s 			page 6


  86      FEC5BA7A 
  86      CCBA6659 
  86      8F0CF1
  87 019f D9BB75EB 		.ascii	"\331\273u\353]G\271\366!\205z\253\241\376J\315e\260"
  87      5D47B9F6 
  87      21857AAB 
  87      A1FE4ACD 
  87      65B0
  88 01b1 7148BD8B 		.ascii	"qH\275\213\\\264=d\2452\332|%.\301\212\363C\301d0=~"
  88      5CB43D64 
  88      A532DA7C 
  88      252EC18A 
  88      F343C164 
  89 01c8 33B83A96 		.ascii	"3\270:\226\236\2725=\021\214\216\244\247\006/\215\016"
  89      9EBA353D 
  89      118C8EA4 
  89      A7062F8D 
  89      0E
  90 01d9 8E5F4B07 		.ascii	"\216_K\007\2237\202\261\221\341\213\023\364\013\340"
  90      933782B1 
  90      91E18B13 
  90      F40BE0
  91 01e8 DFF02F   		.ascii	"\337\360/"
  92              		.text
  93              		.section	.gnu.lto_CapSense_RestoreConfig.724444dc,"",%progbits
  94 0000 789C7592 		.ascii	"x\234u\222\317K\024a\030\307\337\357\373\356\217a\027"
  94      CF4B1461 
  94      18C7DFEF 
  94      FBEE8F61 
  94      17
  95 0011 A37B0A5D 		.ascii	"\243{\012]D<\224D\364\027x\350\024H{\025Dl\256*V\267"
  95      443C9444 
  95      F41778E8 
  95      14487B15 
  95      446CAE2A 
  96 0027 60DF7577 		.ascii	"`\337uw(%\254K\033\210!]r]\333\234u\255v\366\264-\013"
  96      2825AC4B 
  96      1B88215D 
  96      725DDB9C 
  96      75AD76F6 
  97 003e 6E688A48 		.ascii	"nh\212Hu\220 :HH\330\012+H\240\343\363\2763N\355\241"
  97      7590203A 
  97      4848D80A 
  97      2B48A0E3 
  97      F3BE334E 
  98 0054 17E67D67 		.ascii	"\027\346}g\236\367\373|\236\357;\317\033b`jT8c=\264"
  98      9EF7FB7C 
  98      9EEF3BCF 
  98      1B62606A 
  98      5438633D 
  99 0069 5EA20782 		.ascii	"^\242\007\202\201?\335d,ep@\275H\003,\311\221\304\021"
  99      813FDD64 
  99      2C657040 
  99      BD48032C 
  99      C991C411 
 100 007d 3FE1A83D 		.ascii	"?\341\250=\334sx\357\202\244\361\335\312_\223\271*,"
 100      DC7378EF 
ARM GAS  C:\Users\JEFFSN~1\AppData\Local\Temp\cct6sLN2.s 			page 7


 100      82A4F1DD 
 100      CA5F93B9 
 100      2A2C
 101 008f C198CB35 		.ascii	"\301\230\3135\211a\001\275\214d?\212\247\317:\"\031"
 101      896101BD 
 101      8C643F8A 
 101      A7CF3A22 
 101      19
 102 00a0 25BBEC6D 		.ascii	"%\273\354m\"\207\210*\267|\273*]7-\253;\261\017\333"
 102      2287882A 
 102      B77CBB2A 
 102      5D372DAB 
 102      3BB10FDB 
 103 00b4 33888599 		.ascii	"3\210\205\231%\020U\223\241&\306\232\244Vu\0179W\253"
 103      25105593 
 103      A126C69A 
 103      A456750F 
 103      3957AB
 104 00c7 D843AD65 		.ascii	"\330C\255e\037\254\304\025\200\310Y\253\266\025mqKp"
 104      1FACC415 
 104      80C859AB 
 104      B6156D71 
 104      4B70
 105 00d9 A842A572 		.ascii	"\250B\245r^\012\357\263\336H\311\020\205\036\377\\/"
 105      5E0AEFB3 
 105      DE48C910 
 105      851EFF5C 
 105      2F
 106 00ea F079BC48 		.ascii	"\360y\274HeRR^'\250@\036\235XD'\271X\302<H\263\223\256"
 106      6552525E 
 106      27A8401E 
 106      9D584427 
 106      B958C23C 
 107 0102 6FE93401 		.ascii	"o\3514\001\027xM[\252L\363wPfc\355\371\307\016\217\373"
 107      17784D5B 
 107      AA4CF377 
 107      506663ED 
 107      F9C70E8F 
 108 0117 CDE7D6D6 		.ascii	"\315\347\326\326\347f/\264s\013\001\367\015q\003\216"
 108      E7662FB4 
 108      730B01F7 
 108      0D71038E 
 109 0127 DD0A3876 		.ascii	"\335\0128v\341\325\241o\367\223\317i8\215J\254\235\263"
 109      E1D5A16F 
 109      F793CF69 
 109      388D4AAC 
 109      9DB3
 110 0139 1C70ECBF 		.ascii	"\034p\354\277\234\311Jq\255\2449i\021\376\367\344!}"
 110      9CC94A71 
 110      ADA43969 
 110      11FEF7E4 
 110      217D
 111 014b 72C7F9B5 		.ascii	"r\307\371\265\033M\236\310GR^\244\330\024uA\205\367"
 111      1B4D9EC8 
 111      47525EA4 
 111      D8147541 
 111      85F7
ARM GAS  C:\Users\JEFFSN~1\AppData\Local\Temp\cct6sLN2.s 			page 8


 112 015d 373ED735 		.ascii	"7>\3275]\352x\030+\324\272\242b\323\346L\331\2362\372"
 112      5DEA7818 
 112      2BD4BAA2 
 112      62D3E64C 
 112      D99E32FA 
 113 0171 AE582282 		.ascii	"\256X\"\202\022\025:\325]\303*\372\224\355\354\313."
 113      12153AD5 
 113      5DC32AFA 
 113      94EDECCB 
 113      2E
 114 0182 DFF493DC 		.ascii	"\337\364\223\334\356R\3143\355\372\246\363\331\315\257"
 114      EE52CC33 
 114      EDFAA6F3 
 114      D9CDAF
 115 0191 F173D371 		.ascii	"\361s\323q\345\371m\340\371\035\241\310\242b\374\231"
 115      E5F96DE0 
 115      F91DA1C8 
 115      A262FC99 
 116 01a1 FEE23CF0 		.ascii	"\376\342<\360,G\333\262\320\236\362\236RH\237>\216x"
 116      2C47DBB2 
 116      D09EF29E 
 116      52489F3E 
 116      8E78
 117 01b3 62C3D36F 		.ascii	"b\303\323og\3549\335\026 \204\262\3677\263\360]\375"
 117      67EC39DD 
 117      162084B2 
 117      F737B3F0 
 117      5DFD
 118 01c5 17E6E8FA 		.ascii	"\027\346\350\372\006\333\307d\225\256\224\222\353\313"
 118      06DBC764 
 118      95AE9492 
 118      EBCB
 119 01d3 D8A42B42 		.ascii	"\330\244+B7\210\016\331}\323\0345'\206\357\231w\206"
 119      37880ED9 
 119      7DD31C35 
 119      2786EF99 
 119      7786
 120 01e5 1263F727 		.ascii	"\022c\367'F\314\301\201\304X\377\215\301\376\341\361"
 120      46CCC181 
 120      C458FF8D 
 120      C1FEE1F1 
 121 01f5 84397AD7 		.ascii	"\2049z\327\034\032\270uu\204\235\001\276\214\375\272"
 121      1C1AB875 
 121      75849D01 
 121      BE8CFDBA 
 122              		.text
 123              		.section	.gnu.lto_CapSense_Wakeup.724444dc,"",%progbits
 124 0000 789C754F 		.ascii	"x\234uO=KCA\020\334\271;\223 \212\376\000\021\033\221"
 124      3D4B4341 
 124      10DCB93B 
 124      93208AFE 
 124      00111B91 
 125 0014 141A04FD 		.ascii	"\024\032\004\375\005\026Vb0\255\020b|m\"Q\353\234yy"
 125      05165662 
 125      30AD1062 
 125      7C6D2251 
 125      EB9C7979 
ARM GAS  C:\Users\JEFFSN~1\AppData\Local\Temp\cct6sLN2.s 			page 9


 126 0028 681AB1D1 		.ascii	"h\032\261\321N,\3756\2463\251\236\301R\014\"\332\004"
 126      4E2CFD36 
 126      A633A99E 
 126      C1520C22 
 126      DA04
 127 003a 410545C4 		.ascii	"A\005E\304\"\202\037X$q\357)X\210\013\307\036\2633;"
 127      22821F58 
 127      2471EF29 
 127      58880BC7 
 127      1EB3333B 
 128 004e 3B8A40A6 		.ascii	";\212@\246\026\270\365q\037\342\207\026\202X9c0 \204"
 128      16B8F571 
 128      1FE28716 
 128      82583963 
 128      302084
 129 0061 2C75936E 		.ascii	",u\223nUW!\322m\022\352\033V\200\371\350\000(-\244B"
 129      555721D2 
 129      6D12EA1B 
 129      5680F9E8 
 129      00282DA4 
 130 0076 1A6FA22E 		.ascii	"\032o\242.P^|(\212\340\246\346\272\271\377\030\324["
 130      505E7C28 
 130      8AE0A6E6 
 130      BAB9FF18 
 130      D45B
 131 0088 2E1C49D4 		.ascii	".\034I\324\024\236\005a\023Ab\332]\241\261\332\356\313"
 131      149E0561 
 131      134162DA 
 131      5DA1B1DA 
 131      EECB
 132 009a 1A5ACFF7 		.ascii	"\032Z\317\367\020[\360\231;\362\023\256n6m\355\236w"
 132      105BF099 
 132      3BF213AE 
 132      6E366DED 
 132      9E77
 133 00ac 1CD73A7C 		.ascii	"\034\327:|\212\034\311p\215)\306\356E\010\323\345#l"
 133      8A1CC970 
 133      8D29C6EE 
 133      4508D3E5 
 133      236C
 134 00be F7A2228C 		.ascii	"\367\242\"\214\310\254+\026\237\253\376t]/i\335\351"
 134      C8AC2B16 
 134      9FABFE74 
 134      5D2F69DD 
 134      E9
 135 00cf 48D1142C 		.ascii	"H\321\024,\3016\322,\226\364\200L\251\360n\373\015\331"
 135      C136D22C 
 135      96F4804C 
 135      A9F06EFB 
 135      0DD9
 136 00e1 968AE96B 		.ascii	"\226\212\351kN\271\342\177\025\016\237\375W\255r|\257"
 136      4EB9E27F 
 136      150E9FFD 
 136      57AD727C 
 136      AF
 137 00f2 819F4E2F 		.ascii	"\201\237N/OZ7\260\276\240=\274\005\273\034r\007]\336"
 137      4F5A37B0 
ARM GAS  C:\Users\JEFFSN~1\AppData\Local\Temp\cct6sLN2.s 			page 10


 137      BEA03DBC 
 137      05BB1C72 
 137      075DDE
 138 0105 70F9E830 		.ascii	"p\371\3500\027\010\365;\322\207=l\240\341\345\303>B"
 138      1708F53B 
 138      D2873D6C 
 138      A0E1E5C3 
 138      3E42
 139 0117 748B6CD5 		.ascii	"t\213l\325\236\3725\313?\027?\333\215\031@80r29$\225"
 139      9EFA35CB 
 139      3F173FDB 
 139      8D194038 
 139      30723239 
 140 012d BABD18D7 		.ascii	"\272\275\030\327\225\266\177c\360V\344\177b\030\221"
 140      95B67F63 
 140      F056E47F 
 140      621891
 141 013c F2C23F21 		.ascii	"\362\302?!\343\276\214{\"S5N\3130s{G\255\204\225\212"
 141      E3BE8C7B 
 141      2253354E 
 141      CB30737B 
 141      47AD8495 
 142 0151 CD59D3D1 		.ascii	"\315Y\323\321Hr>\025\267&\303\221\344\310\360\344Hl"
 142      48723E15 
 142      B726C391 
 142      E4C8F0E4 
 142      486C
 143 0163 26622566 		.ascii	"&b%f\255hxl N_\372\031\227\300"
 143      AD68786C 
 143      204E5FFA 
 143      1997C0
 144              		.text
 145              		.section	.gnu.lto_.symbol_nodes.724444dc,"",%progbits
 146 0000 789C558D 		.ascii	"x\234U\215\273\015\302@\020D\337~\356\034\221P\201\351"
 146      BB0DC240 
 146      1044DF7E 
 146      EE1C9150 
 146      81E9
 147 0012 C1FDED59 		.ascii	"\301\375\355Y\242\000j@\216\310i\203\032lD\035\2105"
 147      A2006A40 
 147      8EC86983 
 147      1A6C441D 
 147      8835
 148 0024 916F92D1 		.ascii	"\221o\222\321{\023\214#,dT\002n/\310z\264\013\024\230"
 148      7B138C23 
 148      2C645402 
 148      6E2FC87A 
 148      B40B1498 
 149 0038 CFFBA021 		.ascii	"\317\373\240!\335\240\026\332\013\017\353\204\224\360"
 149      DDA016DA 
 149      0B0FEB84 
 149      94F0
 150 0046 BF80D6C6 		.ascii	"\277\200\326\306\344\032\245\343!\352\221-\317>\353"
 150      E41AA5E3 
 150      21EA912D 
 150      CF3EEB
 151 0055 574C2BCB 		.ascii	"WL+\313v2\205\367\226\350\306}\327>p}N\374\000\000$"
ARM GAS  C:\Users\JEFFSN~1\AppData\Local\Temp\cct6sLN2.s 			page 11


 151      763285F7 
 151      96E8C67D 
 151      D73E707D 
 151      4EFC0000 
 152 006a 2446     		.ascii	"$F"
 153              		.text
 154              		.section	.gnu.lto_.refs.724444dc,"",%progbits
 155 0000 789C0DC5 		.ascii	"x\234\015\305A\021\0000\014\3030;\313\025C\371#]?R\221"
 155      41110030 
 155      0CC3303B 
 155      CB1543F9 
 155      235D3F52 
 156 0015 85539368 		.ascii	"\205S\223hu|\334\305\360\001\005A\000F"
 156      757CDCC5 
 156      F0010541 
 156      0046
 157              		.text
 158              		.section	.gnu.lto_.decls.724444dc,"",%progbits
 159 0000 789C8D54 		.ascii	"x\234\215ToL[U\024\177\347\275\002\335\243\203e\350"
 159      6F4C5B55 
 159      147FE7BD 
 159      02DDA383 
 159      65E8
 160 0012 C2877E40 		.ascii	"\302\207~@\002\011\237\230\204,\231\361\203\316f\216"
 160      02099F98 
 160      842C99F1 
 160      83CE668E 
 161 0022 C43F2114 		.ascii	"\304?!\024\346\227%X\360\211\013\2046\245\230,~\271"
 161      E6972558 
 161      F0890B84 
 161      36A5982C 
 161      7EB9
 162 0034 FCCBC816 		.ascii	"\374\313\310\026\2251WC\207\025\321l0\030\024J\007\354"
 162      95315743 
 162      8715D16C 
 162      3018144A 
 162      07EC
 163 0046 6F076C8C 		.ascii	"o\007l\2142\376\2640#\231\272\006\346\207M31n\032\242"
 163      32FEB430 
 163      2399BA06 
 163      E6874D33 
 163      316E1AA2 
 164 005a B39E7BDF 		.ascii	"\263\236{\337{}oK\321\335\366\364\335s\373\373\375\316"
 164      7B7D6F4B 
 164      D1DDF6F4 
 164      DD73FBFB 
 164      FDCE
 165 006c 39F79E77 		.ascii	"9\367\236w\015\034pt\234N\346\270\227p:\206\026\303"
 165      0D1C7074 
 165      9C4EE6B8 
 165      97703A86 
 165      16C3
 166 007e 812EB79F 		.ascii	"\201.\267\237\323F\012\332Y\264A\264!4?Z\000m\024m\034"
 166      D3460ADA 
 166      59B441B4 
 166      21343F5A 
 166      006D146D 
ARM GAS  C:\Users\JEFFSN~1\AppData\Local\Temp\cct6sLN2.s 			page 12


 167 0093 8DAACC72 		.ascii	"\215\252\314rO\016\212\337\242\350\230\321\026\321\346"
 167      4F0E8ADF 
 167      A2E898D1 
 167      16D1E6
 168 00a2 D1C26833 		.ascii	"\321\302h3h\023h\021\264~\205?\205\306+\274\300&\232"
 168      68136811 
 168      B47E853F 
 168      85C62BBC 
 168      C0269A
 169 00b5 B30AC6AC 		.ascii	"\263\012\306\254hP\314u.\361\240\271\212\272\370K\317"
 169      6850CC75 
 169      2EF1A0B9 
 169      8ABAF84B 
 169      CF
 170 00c6 9003D512 		.ascii	"\220\003\325\022\024\356\250\222K\242<\206\224=\371"
 170      14EEA892 
 170      4BA23C86 
 170      943DF9
 171 00d5 AFDAD49A 		.ascii	"\257\332\324\232@\301'\322\361?\245\243\346\362\264"
 171      40C127D2 
 171      F13FA5A3 
 171      E6F2B4
 172 00e4 8E9A975F 		.ascii	"\216\232\227_\321\332l\317\037\363\320y\325;\231t\033"
 172      D1DA6CCF 
 172      1FF3D079 
 172      D53B9974 
 172      1B
 173 00f5 56003860 		.ascii	"V\0008`\203S\316\230\243+\312\223N@vxN\321\002\025\244"
 173      8353CE98 
 173      A32BCA93 
 173      4E407678 
 173      4ED10215 
 174 010a A0D907BF 		.ascii	"\240\331\007\277<\303\307\327U\\<fL\035\332\022\304"
 174      3CC3C7D7 
 174      555C3C66 
 174      4C1DDA12 
 174      C4
 175 011b 878A8427 		.ascii	"\207\212\204'E\251\252\346\242\317k\004\235\236\222"
 175      45A9AAE6 
 175      A2CF6B04 
 175      9D9E92
 176 012a BD121FF4 		.ascii	"\275\022\037\364a\231\264\240\026\355olu\233\004\324"
 176      6199B4A0 
 176      16ED6F6C 
 176      759B04D4 
 177 013a C4F99D8D 		.ascii	"\304\371\235\215\236\327\363\373\011\2166B\370|mg\302"
 177      9ED7F3FB 
 177      098E3642 
 177      F87C6D67 
 177      C2
 178 014b CDBE4EE1 		.ascii	"\315\276N\341!\017\333E0\240\373\333\234g-\015\335\347"
 178      210FDB45 
 178      30A0FBDB 
 178      9C672D0D 
 178      DDE7
 179 015d 44C842F7 		.ascii	"D\310B\367\361\314I\017\237\351f\274&\222e\200\375;"
 179      F1CC490F 
ARM GAS  C:\Users\JEFFSN~1\AppData\Local\Temp\cct6sLN2.s 			page 13


 179      9FE966BC 
 179      26926580 
 179      FD3B
 180 016f A00FCC70 		.ascii	"\240\017\314p\006\360`\240\0372\361\267\302 +\375\370"
 180      06F060A0 
 180      1F32F1B7 
 180      C2202BFD 
 180      F8
 181 0180 B7F7A831 		.ascii	"\267\367\2501\273\213D}$\032\213\026v\220`3\322x\212"
 181      BB8B447D 
 181      241A8B16 
 181      76906033 
 181      D2788A
 182 0193 821E10A0 		.ascii	"\202\036\020\240\027hX:\245\217\323p\033\223?\013\331"
 182      1768583A 
 182      A58FD370 
 182      1B933F0B 
 182      D9
 183 01a4 C8FC6CB5 		.ascii	"\310\374l\265\345>\010{Y\242\217~\230ZNA\225.\037\011"
 183      E53E087B 
 183      59A28F7E 
 183      985A4E41 
 183      952E1F09 
 184 01b8 7AA64DA4 		.ascii	"z\246M\244\255\201\220W\231\306\200\2461\240\327\030"
 184      AD819057 
 184      99C680A6 
 184      31A0D718 
 185 01c8 641A01EF 		.ascii	"d\032\001\357\341E\243P\3124n\234\3742\262E\316$\270"
 185      E145A350 
 185      CA346E9C 
 185      FC32B245 
 185      CE24B8
 186 01db 18D26BF8 		.ascii	"\030\322k\3704\015\237^c\210i\374\332\342=\012B5\323"
 186      340D9F5E 
 186      638869FC 
 186      DAE23D0A 
 186      4235D3
 187 01ee E8F866EC 		.ascii	"\350\370f\354\276I\311\343\362\202^cX\323\030\326k\370"
 187      BE49C9E3 
 187      F2825E63 
 187      58D318D6 
 187      6BF8
 188 0200 9946D3F9 		.ascii	"\231F\323\371[\015&\341#\246\321\322v\241\035h\036\204"
 188      5B0D26E1 
 188      23A6D1D2 
 188      76A11D68 
 188      1E84
 189 0212 442347CA 		.ascii	"D#G\312\333\233\272\212\230\302\210\2460\002\362qA\200"
 189      DB9BBA8A 
 189      98C288A6 
 189      3002F271 
 189      4180
 190 0224 B15BEFB8 		.ascii	"\261[\357\270\207\323\204\021`\364?\2067zD\231\036\374"
 190      87D38411 
 190      60F43F86 
 190      377A4499 
 190      1EFC
ARM GAS  C:\Users\JEFFSN~1\AppData\Local\Temp\cct6sLN2.s 			page 14


 191 0236 2E640AB6 		.ascii	".d\012\266\001c\237\323\330\347T\366(c\377|\252{:]\230"
 191      01639FD3 
 191      D8E754F6 
 191      2863FF7C 
 191      AA7B3A5D 
 192 024b 90D9AB64 		.ascii	"\220\331\253d lR\330\313\032{Lc\217\251\354q\306\236"
 192      206C52D8 
 192      CB1A7B4C 
 192      638FA9EC 
 192      71C69E
 193 025e 19F8E42F 		.ascii	"\031\370\344/\243\020\221\331\327b\177\006\323\345\266"
 193      A31091D9 
 193      D7627F06 
 193      D3E5B6
 194 026d E0D18DAC 		.ascii	"\340\321\215\254\337\374\"Un\213m\350N\270\277_6\011"
 194      DFFC2255 
 194      6E8B6DE8 
 194      4EB8BF5F 
 194      3609
 195 027f AB3274B0 		.ascii	"\2532t\260\345n\257\021\3773\213\020\003\352\3772\276"
 195      E56EAF11 
 195      FF338B10 
 195      03EAFF32 
 195      BE
 196 0290 B155F6D9 		.ascii	"\261U\366\331F\036[\373'Ux\300\260\374\322Z\337=\003"
 196      461E5BFB 
 196      275578C0 
 196      B0FCD25A 
 196      DF3D03
 197 02a3 E489A768 		.ascii	"\344\211\247hGEW\026j>?L[d\002D\010j\211\231\351\015"
 197      47455716 
 197      6A3E3F4C 
 197      5B640244 
 197      086A8999 
 198 02b9 D54A4823 		.ascii	"\325JH#Y\357&\311\231\034\024\232\341E3\007W!\217\252"
 198      59EF26C9 
 198      991C149A 
 198      E1453307 
 198      57218FAA 
 199 02cd 52145CC1 		.ascii	"R\024\\\301.\274\214]H\313\276\370\250\\p\263>7\314"
 199      2EBC8C5D 
 199      48CBBEF8 
 199      A85C70B3 
 199      3E37CC
 200 02e0 35FCF432 		.ascii	"5\374\3642\344d\344\344uSzt)\364\346\360Z\013\361\275"
 200      E464E4E4 
 200      75537A74 
 200      29F4E6F0 
 200      5A0BF1BD 
 201 02f4 CB424C62 		.ascii	"\313BLb\210k\220\241\312\355\244=\\Ho\230c\254\301\203"
 201      886B90A1 
 201      CAEDA43D 
 201      5C486F98 
 201      63ACC183 
 202 0308 84D017EA 		.ascii	"\204\320\027\352\"*_`\375M\261\030\014\2461\356u\310"
 202      222A5F60 
 202      FD4DB118 
ARM GAS  C:\Users\JEFFSN~1\AppData\Local\Temp\cct6sLN2.s 			page 15


 202      0CA631EE 
 202      75C8
 203 031a 8129C861 		.ascii	"\201)\310a\033\306\264\203\235\241TU\370R\002\341\002"
 203      1BC6B483 
 203      9DA15455 
 203      F85202E1 
 203      02
 204 032b 2ACCEA0C 		.ascii	"*\314\352\014v`\017\022#EpJ\211\352\265\364\361\247"
 204      76600F12 
 204      2345704A 
 204      89EAB5F4 
 204      F1A7
 205 033d 8D498297 		.ascii	"\215I\202\227\245\316{\316\364u%AF^\302d \2049l\226"
 205      A5CE7BCE 
 205      F4752541 
 205      465EC264 
 205      2084396C 
 206 0352 8F1C2510 		.ascii	"\217\034%\020\002\032e\006A7\264\275\244AY\254\356K"
 206      021A6506 
 206      4137B4BD 
 206      A44159AC 
 206      EE4B
 207 0364 C7DDA9B9 		.ascii	"\307\335\251\271_\223.l\211X\377\236\343\204\0241\354"
 207      5F932E6C 
 207      8958FF9E 
 207      E3841431 
 207      EC
 208 0375 7919AB2B 		.ascii	"y\031\253+\233\256\224\362\034\314B.\362\0366\377\376"
 208      9BAE94F2 
 208      1CCC422E 
 208      F21E36FF 
 208      FE
 209 0386 6DB288A7 		.ascii	"m\262\210\247\321\364l\2471w\357\253X\212\020\220k\362"
 209      D1F46CA7 
 209      3177EFAB 
 209      588A1090 
 209      6BF2
 210 0398 9FE83891 		.ascii	"\237\3508\221\002b^\002\372B\002\272\332\026e\236\366"
 210      02625E02 
 210      FA4202BA 
 210      DA16659E 
 210      F6
 211 03a9 069205F3 		.ascii	"\006\222\005\363\270\265sZ)7A\224K\351}0\031\004\323"
 211      B8B5735A 
 211      29374194 
 211      4BE97D30 
 211      1904D3
 212 03bc 117A0A78 		.ascii	"\021z\012x+m/b@\355ZZ\004\023kk|\"\370n\303\274W\320"
 212      2B6D2F62 
 212      40ED5A5A 
 212      04136B6B 
 212      7C22F86E 
 213 03d4 8369D11A 		.ascii	"\203i\321\0328\254\200\303\014\354Y\351\2345\352\301"
 213      38AC80C3 
 213      0CEC59E9 
 213      9C35EAC1 
 214 03e4 F495D1C0 		.ascii	"\364\225\321\300\0210\251\311D(^\230Z\032\274\"\202"
ARM GAS  C:\Users\JEFFSN~1\AppData\Local\Temp\cct6sLN2.s 			page 16


 214      1130A9C9 
 214      44285E98 
 214      5A1ABC22 
 214      82
 215 03f5 68068440 		.ascii	"h\006\204@+\315~\275QW$\007K4gX\306\277o\241\202\207"
 215      2BCD7EBD 
 215      51572407 
 215      4B346758 
 215      C6BF6FA1 
 216 040b 504C18D8 		.ascii	"PL\030\3302s\326_as\366\223a\2619\254Rm\235Tn\265}("
 216      3273D65F 
 216      6173F693 
 216      61B139AC 
 216      526D9D54 
 217 0423 59ECB5EF 		.ascii	"Y\354\265\357\037\2542\356{\273,\313RP\300\345\356\223"
 217      1FAC32EE 
 217      7BBB2CCB 
 217      5250C0E5 
 217      EE93
 218 0435 6A25A7CD 		.ascii	"j%\247\315%\275Wn\265\327;+\245\003\305V\273e\327\201"
 218      25BD576E 
 218      B5D73B2B 
 218      A503C556 
 218      BB65D781 
 219 0449 38A7F8AD 		.ascii	"8\247\370\255\374J.M\223\250\221$\307\216\270[\"\325"
 219      FC4A2E4D 
 219      93A89124 
 219      C78EB85B 
 219      22D5
 220 045b B9EC4E45 		.ascii	"\271\354NE4=\276\374\216\255Z\252w<\037\367-5\222\315"
 220      343DBEFC 
 220      8EAD5AAA 
 220      773C1FF7 
 220      2D3592CD 
 221 046f 49A77667 		.ascii	"I\247vg]\366\377D\314\377\200\333\252\205s\331\035\232"
 221      5DF6FF44 
 221      CCFF80DB 
 221      AA8573D9 
 221      1D9A
 222 0481 ECDE5A5B 		.ascii	"\354\336Z[E\215\244\371\025\266\312\352zG\252\304\226"
 222      458DA4F9 
 222      15B6CAEA 
 222      7A47AAC4 
 222      96
 223 0492 AD2ED44C 		.ascii	"\255.\324L\252?X\353\332\375\302&!*\017\271\0169\244"
 223      AA3F58EB 
 223      DAFDC226 
 223      212A0FB9 
 223      0E39A4
 224 04a5 3A8C9052 		.ascii	":\214\220R\351r\326\224HUZ%\257\355\261\274QV\\n--)"
 224      E972D694 
 224      48555A25 
 224      AFEDB1BC 
 224      51565C6E 
 225 04bc B3941A9C 		.ascii	"\263\224\032\234R\325\356\177\001A\026o\312"
 225      52D5EE7F 
 225      0141166F 
ARM GAS  C:\Users\JEFFSN~1\AppData\Local\Temp\cct6sLN2.s 			page 17


 225      CA
 226              		.text
 227              		.section	.gnu.lto_.symtab.724444dc,"",%progbits
 228 0000 43617053 		.ascii	"CapSense_SaveConfig\000"
 228      656E7365 
 228      5F536176 
 228      65436F6E 
 228      66696700 
 229 0014 00       		.ascii	"\000"
 230 0015 00       		.ascii	"\000"
 231 0016 00       		.ascii	"\000"
 232 0017 00000000 		.ascii	"\000\000\000\000\000\000\000\000"
 232      00000000 
 233 001f AD000000 		.ascii	"\255\000\000\000"
 234 0023 43617053 		.ascii	"CapSense_backup\000"
 234      656E7365 
 234      5F626163 
 234      6B757000 
 235 0033 00       		.ascii	"\000"
 236 0034 00       		.ascii	"\000"
 237 0035 00       		.ascii	"\000"
 238 0036 00000000 		.ascii	"\000\000\000\000\000\000\000\000"
 238      00000000 
 239 003e CB000000 		.ascii	"\313\000\000\000"
 240 0042 43617053 		.ascii	"CapSense_Sleep\000"
 240      656E7365 
 240      5F536C65 
 240      657000
 241 0051 00       		.ascii	"\000"
 242 0052 00       		.ascii	"\000"
 243 0053 00       		.ascii	"\000"
 244 0054 00000000 		.ascii	"\000\000\000\000\000\000\000\000"
 244      00000000 
 245 005c AF000000 		.ascii	"\257\000\000\000"
 246 0060 43617053 		.ascii	"CapSense_RestoreConfig\000"
 246      656E7365 
 246      5F526573 
 246      746F7265 
 246      436F6E66 
 247 0077 00       		.ascii	"\000"
 248 0078 00       		.ascii	"\000"
 249 0079 00       		.ascii	"\000"
 250 007a 00000000 		.ascii	"\000\000\000\000\000\000\000\000"
 250      00000000 
 251 0082 B1000000 		.ascii	"\261\000\000\000"
 252 0086 43617053 		.ascii	"CapSense_Wakeup\000"
 252      656E7365 
 252      5F57616B 
 252      65757000 
 253 0096 00       		.ascii	"\000"
 254 0097 00       		.ascii	"\000"
 255 0098 00       		.ascii	"\000"
 256 0099 00000000 		.ascii	"\000\000\000\000\000\000\000\000"
 256      00000000 
 257 00a1 B3000000 		.ascii	"\263\000\000\000"
 258 00a5 43617053 		.ascii	"CapSense_ClearSensors\000"
 258      656E7365 
ARM GAS  C:\Users\JEFFSN~1\AppData\Local\Temp\cct6sLN2.s 			page 18


 258      5F436C65 
 258      61725365 
 258      6E736F72 
 259 00bb 00       		.ascii	"\000"
 260 00bc 02       		.ascii	"\002"
 261 00bd 00       		.ascii	"\000"
 262 00be 00000000 		.ascii	"\000\000\000\000\000\000\000\000"
 262      00000000 
 263 00c6 B5000000 		.ascii	"\265\000\000\000"
 264 00ca 43617053 		.ascii	"CapSense_Stop\000"
 264      656E7365 
 264      5F53746F 
 264      7000
 265 00d8 00       		.ascii	"\000"
 266 00d9 02       		.ascii	"\002"
 267 00da 00       		.ascii	"\000"
 268 00db 00000000 		.ascii	"\000\000\000\000\000\000\000\000"
 268      00000000 
 269 00e3 B7000000 		.ascii	"\267\000\000\000"
 270 00e7 43617053 		.ascii	"CapSense_Enable\000"
 270      656E7365 
 270      5F456E61 
 270      626C6500 
 271 00f7 00       		.ascii	"\000"
 272 00f8 02       		.ascii	"\002"
 273 00f9 00       		.ascii	"\000"
 274 00fa 00000000 		.ascii	"\000\000\000\000\000\000\000\000"
 274      00000000 
 275 0102 B9000000 		.ascii	"\271\000\000\000"
 276              		.text
 277              		.section	.gnu.lto_.opts,"",%progbits
 278 0000 272D666D 		.ascii	"'-fmath-errno' '-fsigned-zeros' '-ftrapping-math' '"
 278      6174682D 
 278      6572726E 
 278      6F272027 
 278      2D667369 
 279 0033 2D666E6F 		.ascii	"-fno-trapv' '-fno-strict-overflow' '-fno-openmp' '-"
 279      2D747261 
 279      70762720 
 279      272D666E 
 279      6F2D7374 
 280 0066 666E6F2D 		.ascii	"fno-openacc' '-mcpu=cortex-m3' '-mthumb' '-g' '-Og'"
 280      6F70656E 
 280      61636327 
 280      20272D6D 
 280      6370753D 
 281 0099 20272D66 		.ascii	" '-ffunction-sections' '-ffat-lto-objects' '-finlin"
 281      66756E63 
 281      74696F6E 
 281      2D736563 
 281      74696F6E 
 282 00cc 652D6675 		.ascii	"e-functions' '-flto'\000"
 282      6E637469 
 282      6F6E7327 
 282      20272D66 
 282      6C746F27 
 283              		.text
ARM GAS  C:\Users\JEFFSN~1\AppData\Local\Temp\cct6sLN2.s 			page 19


 284              		.cfi_sections	.debug_frame
 285              		.section	.text.CapSense_SaveConfig,"ax",%progbits
 286              		.align	2
 287              		.global	CapSense_SaveConfig
 288              		.thumb
 289              		.thumb_func
 290              		.type	CapSense_SaveConfig, %function
 291              	CapSense_SaveConfig:
 292              	.LFB0:
 293              		.file 1 "Generated_Source\\PSoC5\\CapSense_PM.c"
   1:Generated_Source\PSoC5/CapSense_PM.c **** /*******************************************************************************
   2:Generated_Source\PSoC5/CapSense_PM.c **** * File Name: CapSense_PM.c
   3:Generated_Source\PSoC5/CapSense_PM.c **** * Version 3.50
   4:Generated_Source\PSoC5/CapSense_PM.c **** *
   5:Generated_Source\PSoC5/CapSense_PM.c **** * Description:
   6:Generated_Source\PSoC5/CapSense_PM.c **** *  This file provides Sleep APIs for CapSense CSD Component.
   7:Generated_Source\PSoC5/CapSense_PM.c **** *
   8:Generated_Source\PSoC5/CapSense_PM.c **** * Note:
   9:Generated_Source\PSoC5/CapSense_PM.c **** *
  10:Generated_Source\PSoC5/CapSense_PM.c **** ********************************************************************************
  11:Generated_Source\PSoC5/CapSense_PM.c **** * Copyright 2008-2013, Cypress Semiconductor Corporation.  All rights reserved.
  12:Generated_Source\PSoC5/CapSense_PM.c **** * You may use this file only in accordance with the license, terms, conditions, 
  13:Generated_Source\PSoC5/CapSense_PM.c **** * disclaimers, and limitations in the end user license agreement accompanying 
  14:Generated_Source\PSoC5/CapSense_PM.c **** * the software package with which this file was provided.
  15:Generated_Source\PSoC5/CapSense_PM.c **** *******************************************************************************/
  16:Generated_Source\PSoC5/CapSense_PM.c **** 
  17:Generated_Source\PSoC5/CapSense_PM.c **** #include "CapSense.h"
  18:Generated_Source\PSoC5/CapSense_PM.c **** 
  19:Generated_Source\PSoC5/CapSense_PM.c **** CapSense_BACKUP_STRUCT CapSense_backup =
  20:Generated_Source\PSoC5/CapSense_PM.c **** {   
  21:Generated_Source\PSoC5/CapSense_PM.c ****     0x00u, /* enableState; */
  22:Generated_Source\PSoC5/CapSense_PM.c ****     
  23:Generated_Source\PSoC5/CapSense_PM.c **** };
  24:Generated_Source\PSoC5/CapSense_PM.c **** 
  25:Generated_Source\PSoC5/CapSense_PM.c **** 
  26:Generated_Source\PSoC5/CapSense_PM.c **** /*******************************************************************************
  27:Generated_Source\PSoC5/CapSense_PM.c **** * Function Name: CapSense_SaveConfig
  28:Generated_Source\PSoC5/CapSense_PM.c **** ********************************************************************************
  29:Generated_Source\PSoC5/CapSense_PM.c **** *
  30:Generated_Source\PSoC5/CapSense_PM.c **** * Summary:
  31:Generated_Source\PSoC5/CapSense_PM.c **** *  Saves customer configuration of CapSense none-retention registers. Resets 
  32:Generated_Source\PSoC5/CapSense_PM.c **** *  all sensors to an inactive state.
  33:Generated_Source\PSoC5/CapSense_PM.c **** *
  34:Generated_Source\PSoC5/CapSense_PM.c **** * Parameters:
  35:Generated_Source\PSoC5/CapSense_PM.c **** *  None
  36:Generated_Source\PSoC5/CapSense_PM.c **** *
  37:Generated_Source\PSoC5/CapSense_PM.c **** * Return:
  38:Generated_Source\PSoC5/CapSense_PM.c **** *  None
  39:Generated_Source\PSoC5/CapSense_PM.c **** *
  40:Generated_Source\PSoC5/CapSense_PM.c **** * Side Effects:
  41:Generated_Source\PSoC5/CapSense_PM.c **** *  Function CapSense_SaveConfig disconnects all sensors from the
  42:Generated_Source\PSoC5/CapSense_PM.c **** *  Analog MUX Bus and puts them into inactive state. Call this function
  43:Generated_Source\PSoC5/CapSense_PM.c **** *  during the active scan can cause unpredictable component behavior.
  44:Generated_Source\PSoC5/CapSense_PM.c **** *
  45:Generated_Source\PSoC5/CapSense_PM.c **** * Note:
  46:Generated_Source\PSoC5/CapSense_PM.c **** *  This function should be called after completion of all scans.
  47:Generated_Source\PSoC5/CapSense_PM.c **** *
ARM GAS  C:\Users\JEFFSN~1\AppData\Local\Temp\cct6sLN2.s 			page 20


  48:Generated_Source\PSoC5/CapSense_PM.c **** * Global Variables:
  49:Generated_Source\PSoC5/CapSense_PM.c **** *  CapSense_backup - used to save component state before enter sleep 
  50:Generated_Source\PSoC5/CapSense_PM.c **** *  mode and none-retention registers.
  51:Generated_Source\PSoC5/CapSense_PM.c **** *
  52:Generated_Source\PSoC5/CapSense_PM.c **** * Reentrant:
  53:Generated_Source\PSoC5/CapSense_PM.c **** *  Yes.
  54:Generated_Source\PSoC5/CapSense_PM.c **** *
  55:Generated_Source\PSoC5/CapSense_PM.c **** *******************************************************************************/
  56:Generated_Source\PSoC5/CapSense_PM.c **** void CapSense_SaveConfig(void) 
  57:Generated_Source\PSoC5/CapSense_PM.c **** {    
 294              		.loc 1 57 0
 295              		.cfi_startproc
 296              		@ args = 0, pretend = 0, frame = 0
 297              		@ frame_needed = 0, uses_anonymous_args = 0
 298 0000 08B5     		push	{r3, lr}
 299              		.cfi_def_cfa_offset 8
 300              		.cfi_offset 3, -8
 301              		.cfi_offset 14, -4
  58:Generated_Source\PSoC5/CapSense_PM.c **** 
  59:Generated_Source\PSoC5/CapSense_PM.c ****     /* Set CONTROL_REG */
  60:Generated_Source\PSoC5/CapSense_PM.c ****     CapSense_backup.ctrlReg = CapSense_CONTROL_REG;
 302              		.loc 1 60 0
 303 0002 034B     		ldr	r3, .L3
 304 0004 1A78     		ldrb	r2, [r3]	@ zero_extendqisi2
 305 0006 034B     		ldr	r3, .L3+4
 306 0008 5A70     		strb	r2, [r3, #1]
  61:Generated_Source\PSoC5/CapSense_PM.c **** 
  62:Generated_Source\PSoC5/CapSense_PM.c ****     /* Clear all sensors */
  63:Generated_Source\PSoC5/CapSense_PM.c ****     CapSense_ClearSensors();
 307              		.loc 1 63 0
 308 000a FFF7FEFF 		bl	CapSense_ClearSensors
 309              	.LVL0:
 310 000e 08BD     		pop	{r3, pc}
 311              	.L4:
 312              		.align	2
 313              	.L3:
 314 0010 7F640040 		.word	1073767551
 315 0014 00000000 		.word	.LANCHOR0
 316              		.cfi_endproc
 317              	.LFE0:
 318              		.size	CapSense_SaveConfig, .-CapSense_SaveConfig
 319              		.section	.text.CapSense_Sleep,"ax",%progbits
 320              		.align	2
 321              		.global	CapSense_Sleep
 322              		.thumb
 323              		.thumb_func
 324              		.type	CapSense_Sleep, %function
 325              	CapSense_Sleep:
 326              	.LFB1:
  64:Generated_Source\PSoC5/CapSense_PM.c ****     
  65:Generated_Source\PSoC5/CapSense_PM.c ****     /* The pins disable is customer concern: Cmod and Rb */
  66:Generated_Source\PSoC5/CapSense_PM.c **** }
  67:Generated_Source\PSoC5/CapSense_PM.c **** 
  68:Generated_Source\PSoC5/CapSense_PM.c **** 
  69:Generated_Source\PSoC5/CapSense_PM.c **** /*******************************************************************************
  70:Generated_Source\PSoC5/CapSense_PM.c **** * Function Name: CapSense_Sleep
  71:Generated_Source\PSoC5/CapSense_PM.c **** ********************************************************************************
ARM GAS  C:\Users\JEFFSN~1\AppData\Local\Temp\cct6sLN2.s 			page 21


  72:Generated_Source\PSoC5/CapSense_PM.c **** *
  73:Generated_Source\PSoC5/CapSense_PM.c **** * Summary:
  74:Generated_Source\PSoC5/CapSense_PM.c **** *  Disables Active mode power template bits for number of component used within 
  75:Generated_Source\PSoC5/CapSense_PM.c **** *  CapSense. Calls CapSense_SaveConfig() function to save customer 
  76:Generated_Source\PSoC5/CapSense_PM.c **** *  configuration of CapSense none-retention registers and resets all sensors 
  77:Generated_Source\PSoC5/CapSense_PM.c **** *  to an inactive state.
  78:Generated_Source\PSoC5/CapSense_PM.c **** *
  79:Generated_Source\PSoC5/CapSense_PM.c **** * Parameters:
  80:Generated_Source\PSoC5/CapSense_PM.c **** *  None
  81:Generated_Source\PSoC5/CapSense_PM.c **** *
  82:Generated_Source\PSoC5/CapSense_PM.c **** * Return:
  83:Generated_Source\PSoC5/CapSense_PM.c **** *  None
  84:Generated_Source\PSoC5/CapSense_PM.c **** *
  85:Generated_Source\PSoC5/CapSense_PM.c **** * Side Effects:
  86:Generated_Source\PSoC5/CapSense_PM.c **** *  Function CapSense_Sleep disconnects all sensors from the
  87:Generated_Source\PSoC5/CapSense_PM.c **** *  Analog MUX Bus and puts them into inactive state. Call this function
  88:Generated_Source\PSoC5/CapSense_PM.c **** *  during the active scan can cause unpredictable component behavior.
  89:Generated_Source\PSoC5/CapSense_PM.c **** *
  90:Generated_Source\PSoC5/CapSense_PM.c **** * Note:
  91:Generated_Source\PSoC5/CapSense_PM.c **** *  This function should be called after completion of all scans.
  92:Generated_Source\PSoC5/CapSense_PM.c **** *
  93:Generated_Source\PSoC5/CapSense_PM.c **** * Global Variables:
  94:Generated_Source\PSoC5/CapSense_PM.c **** *  CapSense_backup - used to save component state before enter sleep 
  95:Generated_Source\PSoC5/CapSense_PM.c **** *  mode and none-retention registers.
  96:Generated_Source\PSoC5/CapSense_PM.c **** *
  97:Generated_Source\PSoC5/CapSense_PM.c **** * Reentrant:
  98:Generated_Source\PSoC5/CapSense_PM.c **** *  No
  99:Generated_Source\PSoC5/CapSense_PM.c **** *
 100:Generated_Source\PSoC5/CapSense_PM.c **** *******************************************************************************/
 101:Generated_Source\PSoC5/CapSense_PM.c **** void CapSense_Sleep(void) 
 102:Generated_Source\PSoC5/CapSense_PM.c **** {
 327              		.loc 1 102 0
 328              		.cfi_startproc
 329              		@ args = 0, pretend = 0, frame = 0
 330              		@ frame_needed = 0, uses_anonymous_args = 0
 331 0000 08B5     		push	{r3, lr}
 332              		.cfi_def_cfa_offset 8
 333              		.cfi_offset 3, -8
 334              		.cfi_offset 14, -4
 103:Generated_Source\PSoC5/CapSense_PM.c ****     /* Check and save enable state */
 104:Generated_Source\PSoC5/CapSense_PM.c ****     if(CapSense_IS_CAPSENSE_ENABLE(CapSense_CONTROL_REG))
 335              		.loc 1 104 0
 336 0002 084B     		ldr	r3, .L9
 337 0004 1B78     		ldrb	r3, [r3]	@ zero_extendqisi2
 338 0006 13F0800F 		tst	r3, #128
 339 000a 05D0     		beq	.L6
 105:Generated_Source\PSoC5/CapSense_PM.c ****     {
 106:Generated_Source\PSoC5/CapSense_PM.c ****         CapSense_backup.enableState = 1u;
 340              		.loc 1 106 0
 341 000c 0122     		movs	r2, #1
 342 000e 064B     		ldr	r3, .L9+4
 343 0010 1A70     		strb	r2, [r3]
 107:Generated_Source\PSoC5/CapSense_PM.c ****         CapSense_Stop();
 344              		.loc 1 107 0
 345 0012 FFF7FEFF 		bl	CapSense_Stop
 346              	.LVL1:
 347 0016 02E0     		b	.L7
ARM GAS  C:\Users\JEFFSN~1\AppData\Local\Temp\cct6sLN2.s 			page 22


 348              	.L6:
 108:Generated_Source\PSoC5/CapSense_PM.c ****     }
 109:Generated_Source\PSoC5/CapSense_PM.c ****     else
 110:Generated_Source\PSoC5/CapSense_PM.c ****     {
 111:Generated_Source\PSoC5/CapSense_PM.c ****         CapSense_backup.enableState = 0u;
 349              		.loc 1 111 0
 350 0018 0022     		movs	r2, #0
 351 001a 034B     		ldr	r3, .L9+4
 352 001c 1A70     		strb	r2, [r3]
 353              	.L7:
 112:Generated_Source\PSoC5/CapSense_PM.c ****     }
 113:Generated_Source\PSoC5/CapSense_PM.c ****     
 114:Generated_Source\PSoC5/CapSense_PM.c ****     CapSense_SaveConfig();
 354              		.loc 1 114 0
 355 001e FFF7FEFF 		bl	CapSense_SaveConfig
 356              	.LVL2:
 357 0022 08BD     		pop	{r3, pc}
 358              	.L10:
 359              		.align	2
 360              	.L9:
 361 0024 7F640040 		.word	1073767551
 362 0028 00000000 		.word	.LANCHOR0
 363              		.cfi_endproc
 364              	.LFE1:
 365              		.size	CapSense_Sleep, .-CapSense_Sleep
 366              		.section	.text.CapSense_RestoreConfig,"ax",%progbits
 367              		.align	2
 368              		.global	CapSense_RestoreConfig
 369              		.thumb
 370              		.thumb_func
 371              		.type	CapSense_RestoreConfig, %function
 372              	CapSense_RestoreConfig:
 373              	.LFB2:
 115:Generated_Source\PSoC5/CapSense_PM.c **** }
 116:Generated_Source\PSoC5/CapSense_PM.c **** 
 117:Generated_Source\PSoC5/CapSense_PM.c **** 
 118:Generated_Source\PSoC5/CapSense_PM.c **** /*******************************************************************************
 119:Generated_Source\PSoC5/CapSense_PM.c **** * Function Name: CapSense_RestoreConfig
 120:Generated_Source\PSoC5/CapSense_PM.c **** ********************************************************************************
 121:Generated_Source\PSoC5/CapSense_PM.c **** *
 122:Generated_Source\PSoC5/CapSense_PM.c **** * Summary:
 123:Generated_Source\PSoC5/CapSense_PM.c **** *  Restores CapSense configuration and non-retention register values.
 124:Generated_Source\PSoC5/CapSense_PM.c **** *
 125:Generated_Source\PSoC5/CapSense_PM.c **** * Parameters:
 126:Generated_Source\PSoC5/CapSense_PM.c **** *  None
 127:Generated_Source\PSoC5/CapSense_PM.c **** *
 128:Generated_Source\PSoC5/CapSense_PM.c **** * Return:
 129:Generated_Source\PSoC5/CapSense_PM.c **** *  None
 130:Generated_Source\PSoC5/CapSense_PM.c **** *
 131:Generated_Source\PSoC5/CapSense_PM.c **** * Side Effects:
 132:Generated_Source\PSoC5/CapSense_PM.c **** *  Must be called only after CapSense_SaveConfig() routine. Otherwise 
 133:Generated_Source\PSoC5/CapSense_PM.c **** *  the component configuration will be overwritten with its initial setting.
 134:Generated_Source\PSoC5/CapSense_PM.c **** *  This finction modifies the CONTROL_REG register. 
 135:Generated_Source\PSoC5/CapSense_PM.c **** *
 136:Generated_Source\PSoC5/CapSense_PM.c **** * Note:
 137:Generated_Source\PSoC5/CapSense_PM.c **** *  This function should be called after completion of all scans.
 138:Generated_Source\PSoC5/CapSense_PM.c **** *
ARM GAS  C:\Users\JEFFSN~1\AppData\Local\Temp\cct6sLN2.s 			page 23


 139:Generated_Source\PSoC5/CapSense_PM.c **** * Global Variables:
 140:Generated_Source\PSoC5/CapSense_PM.c **** *  CapSense_backup - used to save component state before enter sleep 
 141:Generated_Source\PSoC5/CapSense_PM.c **** *  mode and none-retention registers.
 142:Generated_Source\PSoC5/CapSense_PM.c **** *
 143:Generated_Source\PSoC5/CapSense_PM.c **** *******************************************************************************/
 144:Generated_Source\PSoC5/CapSense_PM.c **** void CapSense_RestoreConfig(void) 
 145:Generated_Source\PSoC5/CapSense_PM.c **** {       
 374              		.loc 1 145 0
 375              		.cfi_startproc
 376              		@ args = 0, pretend = 0, frame = 0
 377              		@ frame_needed = 0, uses_anonymous_args = 0
 378              		@ link register save eliminated.
 146:Generated_Source\PSoC5/CapSense_PM.c ****     /* Set PRS */
 147:Generated_Source\PSoC5/CapSense_PM.c ****     #if (CapSense_PRS_OPTIONS == CapSense_PRS_8BITS)        
 148:Generated_Source\PSoC5/CapSense_PM.c ****         /* Write FIFO with seed */
 149:Generated_Source\PSoC5/CapSense_PM.c ****         CapSense_SEED_COPY_REG = CapSense_MEASURE_FULL_RANGE_LOW;               /* F0 register */
 150:Generated_Source\PSoC5/CapSense_PM.c ****     
 151:Generated_Source\PSoC5/CapSense_PM.c ****     #elif (CapSense_PRS_OPTIONS == CapSense_PRS_16BITS)
 152:Generated_Source\PSoC5/CapSense_PM.c ****         /* Write FIFO with seed */
 153:Generated_Source\PSoC5/CapSense_PM.c ****         CY_SET_REG16(CapSense_SEED_COPY_PTR, CapSense_MEASURE_FULL_RANGE);      /* F0 register */
 154:Generated_Source\PSoC5/CapSense_PM.c ****                 
 155:Generated_Source\PSoC5/CapSense_PM.c ****     #elif (CapSense_PRS_OPTIONS == CapSense_PRS_16BITS_4X)
 156:Generated_Source\PSoC5/CapSense_PM.c ****         
 157:Generated_Source\PSoC5/CapSense_PM.c ****         /* Write FIFO with seed */
 158:Generated_Source\PSoC5/CapSense_PM.c ****         CapSense_SEED_COPY_A__F1_REG = CapSense_MEASURE_FULL_RANGE_LOW;         /* F0 register */
 159:Generated_Source\PSoC5/CapSense_PM.c ****         CapSense_SEED_COPY_A__F0_REG =CapSense_MEASURE_FULL_RANGE_LOW;          /* F1 register */
 160:Generated_Source\PSoC5/CapSense_PM.c ****         
 161:Generated_Source\PSoC5/CapSense_PM.c ****     #else
 162:Generated_Source\PSoC5/CapSense_PM.c ****         /* Do nothing = config without PRS */
 163:Generated_Source\PSoC5/CapSense_PM.c ****     #endif  /* (CapSense_PRS_OPTIONS == CapSense_PRS_8BITS) */
 164:Generated_Source\PSoC5/CapSense_PM.c ****     
 165:Generated_Source\PSoC5/CapSense_PM.c ****     /* Set the Measure */
 166:Generated_Source\PSoC5/CapSense_PM.c ****     #if (CapSense_IMPLEMENTATION_CH0 == CapSense_MEASURE_IMPLEMENTATION_FF)
 167:Generated_Source\PSoC5/CapSense_PM.c ****         /* Window PWM  - FF Timer register are retention */
 168:Generated_Source\PSoC5/CapSense_PM.c ****         /* Raw Counter - FF Timer register are retention */
 169:Generated_Source\PSoC5/CapSense_PM.c ****     #else
 170:Generated_Source\PSoC5/CapSense_PM.c ****         
 171:Generated_Source\PSoC5/CapSense_PM.c ****         /* Window PWM */
 172:Generated_Source\PSoC5/CapSense_PM.c ****         CapSense_PWM_CH0_PERIOD_LO_REG    = CapSense_MEASURE_FULL_RANGE_LOW;        /* F0 register 
 379              		.loc 1 172 0
 380 0000 FF23     		movs	r3, #255
 381 0002 074A     		ldr	r2, .L12
 382 0004 1370     		strb	r3, [r2]
 173:Generated_Source\PSoC5/CapSense_PM.c ****         
 174:Generated_Source\PSoC5/CapSense_PM.c ****         /* Raw Counter */
 175:Generated_Source\PSoC5/CapSense_PM.c ****         CapSense_RAW_CH0_PERIOD_HI_REG    = CapSense_MEASURE_FULL_RANGE_LOW;        /* F1 register 
 383              		.loc 1 175 0
 384 0006 1932     		adds	r2, r2, #25
 385 0008 1370     		strb	r3, [r2]
 176:Generated_Source\PSoC5/CapSense_PM.c ****         CapSense_RAW_CH0_PERIOD_LO_REG    = CapSense_MEASURE_FULL_RANGE_LOW;        /* F0 register 
 386              		.loc 1 176 0
 387 000a 103A     		subs	r2, r2, #16
 388 000c 1370     		strb	r3, [r2]
 177:Generated_Source\PSoC5/CapSense_PM.c ****     
 178:Generated_Source\PSoC5/CapSense_PM.c ****     #endif  /* (CapSense_IMPLEMENTATION_CH0 == CapSense_MEASURE_IMPLEMENTATION_FF) */ 
 179:Generated_Source\PSoC5/CapSense_PM.c ****     
 180:Generated_Source\PSoC5/CapSense_PM.c ****     #if (CapSense_DESIGN_TYPE == CapSense_TWO_CHANNELS_DESIGN)
ARM GAS  C:\Users\JEFFSN~1\AppData\Local\Temp\cct6sLN2.s 			page 24


 181:Generated_Source\PSoC5/CapSense_PM.c ****         #if (CapSense_IMPLEMENTATION_CH1 == CapSense_MEASURE_IMPLEMENTATION_FF)
 182:Generated_Source\PSoC5/CapSense_PM.c ****             /* Window PWM  - FF Timer register are retention */
 183:Generated_Source\PSoC5/CapSense_PM.c ****             /* Raw Counter - FF Timer register are retention */
 184:Generated_Source\PSoC5/CapSense_PM.c ****         #else
 185:Generated_Source\PSoC5/CapSense_PM.c ****             
 186:Generated_Source\PSoC5/CapSense_PM.c ****             /* Window PWM */
 187:Generated_Source\PSoC5/CapSense_PM.c ****             CapSense_PWM_CH1_PERIOD_LO_REG    = CapSense_MEASURE_FULL_RANGE_LOW;       /* F0 regist
 188:Generated_Source\PSoC5/CapSense_PM.c ****             
 189:Generated_Source\PSoC5/CapSense_PM.c ****             /* Raw Counter */
 190:Generated_Source\PSoC5/CapSense_PM.c ****             CapSense_RAW_CH1_PERIOD_HI_REG    = CapSense_MEASURE_FULL_RANGE_LOW;       /* F1 regist
 191:Generated_Source\PSoC5/CapSense_PM.c ****             CapSense_RAW_CH1_PERIOD_LO_REG    = CapSense_MEASURE_FULL_RANGE_LOW;       /* F0 regist
 192:Generated_Source\PSoC5/CapSense_PM.c ****             
 193:Generated_Source\PSoC5/CapSense_PM.c ****         #endif  /* (CapSense_IMPLEMENTATION_CH1 == CapSense_MEASURE_IMPLEMENTATION_FF) */
 194:Generated_Source\PSoC5/CapSense_PM.c ****     
 195:Generated_Source\PSoC5/CapSense_PM.c ****     #endif  /* (CapSense_DESIGN_TYPE == TWO_CHANNELS_DESIGN)*/
 196:Generated_Source\PSoC5/CapSense_PM.c **** 
 197:Generated_Source\PSoC5/CapSense_PM.c ****     /* Set CONTROL_REG */
 198:Generated_Source\PSoC5/CapSense_PM.c ****     CapSense_CONTROL_REG = CapSense_backup.ctrlReg;
 389              		.loc 1 198 0
 390 000e 054B     		ldr	r3, .L12+4
 391 0010 5A78     		ldrb	r2, [r3, #1]	@ zero_extendqisi2
 392 0012 054B     		ldr	r3, .L12+8
 393 0014 1A70     		strb	r2, [r3]
 199:Generated_Source\PSoC5/CapSense_PM.c **** 
 200:Generated_Source\PSoC5/CapSense_PM.c ****     /* Enable window generation */
 201:Generated_Source\PSoC5/CapSense_PM.c ****     #if (CapSense_DESIGN_TYPE == CapSense_ONE_CHANNEL_DESIGN)
 202:Generated_Source\PSoC5/CapSense_PM.c ****         CapSense_CONTROL_REG |= CapSense_CTRL_WINDOW_EN__CH0;
 394              		.loc 1 202 0
 395 0016 1A78     		ldrb	r2, [r3]	@ zero_extendqisi2
 396 0018 42F00402 		orr	r2, r2, #4
 397 001c 1A70     		strb	r2, [r3]
 398 001e 7047     		bx	lr
 399              	.L13:
 400              		.align	2
 401              	.L12:
 402 0020 44640040 		.word	1073767492
 403 0024 00000000 		.word	.LANCHOR0
 404 0028 7F640040 		.word	1073767551
 405              		.cfi_endproc
 406              	.LFE2:
 407              		.size	CapSense_RestoreConfig, .-CapSense_RestoreConfig
 408              		.section	.text.CapSense_Wakeup,"ax",%progbits
 409              		.align	2
 410              		.global	CapSense_Wakeup
 411              		.thumb
 412              		.thumb_func
 413              		.type	CapSense_Wakeup, %function
 414              	CapSense_Wakeup:
 415              	.LFB3:
 203:Generated_Source\PSoC5/CapSense_PM.c ****     #elif (CapSense_DESIGN_TYPE == CapSense_TWO_CHANNELS_DESIGN) 
 204:Generated_Source\PSoC5/CapSense_PM.c ****         CapSense_CONTROL_REG |= (CapSense_CTRL_WINDOW_EN__CH0 | CapSense_CTRL_WINDOW_EN__CH1); 
 205:Generated_Source\PSoC5/CapSense_PM.c ****     #endif  /* CapSense_DESIGN_TYPE */
 206:Generated_Source\PSoC5/CapSense_PM.c ****  
 207:Generated_Source\PSoC5/CapSense_PM.c ****     /* The pins enable are customer concern: Cmod and Rb */
 208:Generated_Source\PSoC5/CapSense_PM.c ****  }
 209:Generated_Source\PSoC5/CapSense_PM.c ****  
 210:Generated_Source\PSoC5/CapSense_PM.c **** 
ARM GAS  C:\Users\JEFFSN~1\AppData\Local\Temp\cct6sLN2.s 			page 25


 211:Generated_Source\PSoC5/CapSense_PM.c **** /*******************************************************************************
 212:Generated_Source\PSoC5/CapSense_PM.c **** * Function Name: CapSense_Wakeup
 213:Generated_Source\PSoC5/CapSense_PM.c **** ********************************************************************************
 214:Generated_Source\PSoC5/CapSense_PM.c **** *
 215:Generated_Source\PSoC5/CapSense_PM.c **** * Summary:
 216:Generated_Source\PSoC5/CapSense_PM.c **** *  Restores CapSense configuration and non-retention register values. 
 217:Generated_Source\PSoC5/CapSense_PM.c **** *  Restores enabled state of component by setting Active mode power template 
 218:Generated_Source\PSoC5/CapSense_PM.c **** *  bits for number of component used within CapSense.
 219:Generated_Source\PSoC5/CapSense_PM.c **** *
 220:Generated_Source\PSoC5/CapSense_PM.c **** * Parameters:
 221:Generated_Source\PSoC5/CapSense_PM.c **** *  None
 222:Generated_Source\PSoC5/CapSense_PM.c **** *
 223:Generated_Source\PSoC5/CapSense_PM.c **** * Return:
 224:Generated_Source\PSoC5/CapSense_PM.c **** *  None
 225:Generated_Source\PSoC5/CapSense_PM.c **** *
 226:Generated_Source\PSoC5/CapSense_PM.c **** * Side Effects:
 227:Generated_Source\PSoC5/CapSense_PM.c **** *  Must be called only after CapSense_SaveConfig() routine. Otherwise 
 228:Generated_Source\PSoC5/CapSense_PM.c **** *  the component configuration will be overwritten with its initial setting.
 229:Generated_Source\PSoC5/CapSense_PM.c **** *  This finction modifies the CONTROL_REG register. 
 230:Generated_Source\PSoC5/CapSense_PM.c **** *
 231:Generated_Source\PSoC5/CapSense_PM.c **** * Note:
 232:Generated_Source\PSoC5/CapSense_PM.c **** *  This function should be called after completion of all scans.
 233:Generated_Source\PSoC5/CapSense_PM.c **** *
 234:Generated_Source\PSoC5/CapSense_PM.c **** * Global Variables:
 235:Generated_Source\PSoC5/CapSense_PM.c **** *  CapSense_backup - used to save component state before enter sleep 
 236:Generated_Source\PSoC5/CapSense_PM.c **** *  mode and none-retention registers.
 237:Generated_Source\PSoC5/CapSense_PM.c **** *
 238:Generated_Source\PSoC5/CapSense_PM.c **** *******************************************************************************/
 239:Generated_Source\PSoC5/CapSense_PM.c **** void CapSense_Wakeup(void) 
 240:Generated_Source\PSoC5/CapSense_PM.c **** {
 416              		.loc 1 240 0
 417              		.cfi_startproc
 418              		@ args = 0, pretend = 0, frame = 0
 419              		@ frame_needed = 0, uses_anonymous_args = 0
 420 0000 08B5     		push	{r3, lr}
 421              		.cfi_def_cfa_offset 8
 422              		.cfi_offset 3, -8
 423              		.cfi_offset 14, -4
 241:Generated_Source\PSoC5/CapSense_PM.c ****     CapSense_RestoreConfig();
 424              		.loc 1 241 0
 425 0002 FFF7FEFF 		bl	CapSense_RestoreConfig
 426              	.LVL3:
 242:Generated_Source\PSoC5/CapSense_PM.c ****     
 243:Generated_Source\PSoC5/CapSense_PM.c ****     /* Restore CapSense Enable state */
 244:Generated_Source\PSoC5/CapSense_PM.c ****     if (CapSense_backup.enableState != 0u)
 427              		.loc 1 244 0
 428 0006 034B     		ldr	r3, .L17
 429 0008 1B78     		ldrb	r3, [r3]	@ zero_extendqisi2
 430 000a 0BB1     		cbz	r3, .L14
 245:Generated_Source\PSoC5/CapSense_PM.c ****     {
 246:Generated_Source\PSoC5/CapSense_PM.c ****         CapSense_Enable();
 431              		.loc 1 246 0
 432 000c FFF7FEFF 		bl	CapSense_Enable
 433              	.LVL4:
 434              	.L14:
 435 0010 08BD     		pop	{r3, pc}
 436              	.L18:
ARM GAS  C:\Users\JEFFSN~1\AppData\Local\Temp\cct6sLN2.s 			page 26


 437 0012 00BF     		.align	2
 438              	.L17:
 439 0014 00000000 		.word	.LANCHOR0
 440              		.cfi_endproc
 441              	.LFE3:
 442              		.size	CapSense_Wakeup, .-CapSense_Wakeup
 443              		.global	CapSense_backup
 444              		.bss
 445              		.align	2
 446              		.set	.LANCHOR0,. + 0
 447              		.type	CapSense_backup, %object
 448              		.size	CapSense_backup, 2
 449              	CapSense_backup:
 450 0000 0000     		.space	2
 451              		.text
 452              	.Letext0:
 453              		.file 2 "Generated_Source\\PSoC5\\cytypes.h"
 454              		.file 3 "Generated_Source\\PSoC5\\CapSense.h"
 455              		.section	.debug_info,"",%progbits
 456              	.Ldebug_info0:
 457 0000 86010000 		.4byte	0x186
 458 0004 0400     		.2byte	0x4
 459 0006 00000000 		.4byte	.Ldebug_abbrev0
 460 000a 04       		.byte	0x4
 461 000b 01       		.uleb128 0x1
 462 000c 9D000000 		.4byte	.LASF25
 463 0010 0C       		.byte	0xc
 464 0011 54000000 		.4byte	.LASF26
 465 0015 85010000 		.4byte	.LASF27
 466 0019 00000000 		.4byte	.Ldebug_ranges0+0
 467 001d 00000000 		.4byte	0
 468 0021 00000000 		.4byte	.Ldebug_line0
 469 0025 02       		.uleb128 0x2
 470 0026 01       		.byte	0x1
 471 0027 06       		.byte	0x6
 472 0028 77020000 		.4byte	.LASF0
 473 002c 02       		.uleb128 0x2
 474 002d 01       		.byte	0x1
 475 002e 08       		.byte	0x8
 476 002f 19000000 		.4byte	.LASF1
 477 0033 02       		.uleb128 0x2
 478 0034 02       		.byte	0x2
 479 0035 05       		.byte	0x5
 480 0036 0B020000 		.4byte	.LASF2
 481 003a 02       		.uleb128 0x2
 482 003b 02       		.byte	0x2
 483 003c 07       		.byte	0x7
 484 003d 00000000 		.4byte	.LASF3
 485 0041 02       		.uleb128 0x2
 486 0042 04       		.byte	0x4
 487 0043 05       		.byte	0x5
 488 0044 40020000 		.4byte	.LASF4
 489 0048 02       		.uleb128 0x2
 490 0049 04       		.byte	0x4
 491 004a 07       		.byte	0x7
 492 004b 3C000000 		.4byte	.LASF5
 493 004f 02       		.uleb128 0x2
ARM GAS  C:\Users\JEFFSN~1\AppData\Local\Temp\cct6sLN2.s 			page 27


 494 0050 08       		.byte	0x8
 495 0051 05       		.byte	0x5
 496 0052 72010000 		.4byte	.LASF6
 497 0056 02       		.uleb128 0x2
 498 0057 08       		.byte	0x8
 499 0058 07       		.byte	0x7
 500 0059 44010000 		.4byte	.LASF7
 501 005d 03       		.uleb128 0x3
 502 005e 04       		.byte	0x4
 503 005f 05       		.byte	0x5
 504 0060 696E7400 		.ascii	"int\000"
 505 0064 02       		.uleb128 0x2
 506 0065 04       		.byte	0x4
 507 0066 07       		.byte	0x7
 508 0067 90000000 		.4byte	.LASF8
 509 006b 04       		.uleb128 0x4
 510 006c 4E000000 		.4byte	.LASF12
 511 0070 02       		.byte	0x2
 512 0071 E901     		.2byte	0x1e9
 513 0073 2C000000 		.4byte	0x2c
 514 0077 02       		.uleb128 0x2
 515 0078 04       		.byte	0x4
 516 0079 04       		.byte	0x4
 517 007a 13000000 		.4byte	.LASF9
 518 007e 02       		.uleb128 0x2
 519 007f 08       		.byte	0x8
 520 0080 04       		.byte	0x4
 521 0081 79000000 		.4byte	.LASF10
 522 0085 02       		.uleb128 0x2
 523 0086 01       		.byte	0x1
 524 0087 08       		.byte	0x8
 525 0088 80010000 		.4byte	.LASF11
 526 008c 04       		.uleb128 0x4
 527 008d 37000000 		.4byte	.LASF13
 528 0091 02       		.byte	0x2
 529 0092 9302     		.2byte	0x293
 530 0094 98000000 		.4byte	0x98
 531 0098 05       		.uleb128 0x5
 532 0099 6B000000 		.4byte	0x6b
 533 009d 02       		.uleb128 0x2
 534 009e 08       		.byte	0x8
 535 009f 04       		.byte	0x4
 536 00a0 6B020000 		.4byte	.LASF14
 537 00a4 02       		.uleb128 0x2
 538 00a5 04       		.byte	0x4
 539 00a6 07       		.byte	0x7
 540 00a7 69010000 		.4byte	.LASF15
 541 00ab 06       		.uleb128 0x6
 542 00ac 02       		.byte	0x2
 543 00ad 03       		.byte	0x3
 544 00ae 84       		.byte	0x84
 545 00af CC000000 		.4byte	0xcc
 546 00b3 07       		.uleb128 0x7
 547 00b4 49020000 		.4byte	.LASF16
 548 00b8 03       		.byte	0x3
 549 00b9 86       		.byte	0x86
 550 00ba 6B000000 		.4byte	0x6b
ARM GAS  C:\Users\JEFFSN~1\AppData\Local\Temp\cct6sLN2.s 			page 28


 551 00be 00       		.byte	0
 552 00bf 07       		.uleb128 0x7
 553 00c0 03020000 		.4byte	.LASF17
 554 00c4 03       		.byte	0x3
 555 00c5 89       		.byte	0x89
 556 00c6 6B000000 		.4byte	0x6b
 557 00ca 01       		.byte	0x1
 558 00cb 00       		.byte	0
 559 00cc 08       		.uleb128 0x8
 560 00cd 15020000 		.4byte	.LASF18
 561 00d1 03       		.byte	0x3
 562 00d2 8A       		.byte	0x8a
 563 00d3 AB000000 		.4byte	0xab
 564 00d7 09       		.uleb128 0x9
 565 00d8 2C020000 		.4byte	.LASF19
 566 00dc 01       		.byte	0x1
 567 00dd 38       		.byte	0x38
 568 00de 00000000 		.4byte	.LFB0
 569 00e2 18000000 		.4byte	.LFE0-.LFB0
 570 00e6 01       		.uleb128 0x1
 571 00e7 9C       		.byte	0x9c
 572 00e8 F6000000 		.4byte	0xf6
 573 00ec 0A       		.uleb128 0xa
 574 00ed 0E000000 		.4byte	.LVL0
 575 00f1 68010000 		.4byte	0x168
 576 00f5 00       		.byte	0
 577 00f6 09       		.uleb128 0x9
 578 00f7 F4010000 		.4byte	.LASF20
 579 00fb 01       		.byte	0x1
 580 00fc 65       		.byte	0x65
 581 00fd 00000000 		.4byte	.LFB1
 582 0101 2C000000 		.4byte	.LFE1-.LFB1
 583 0105 01       		.uleb128 0x1
 584 0106 9C       		.byte	0x9c
 585 0107 1E010000 		.4byte	0x11e
 586 010b 0A       		.uleb128 0xa
 587 010c 16000000 		.4byte	.LVL1
 588 0110 73010000 		.4byte	0x173
 589 0114 0A       		.uleb128 0xa
 590 0115 22000000 		.4byte	.LVL2
 591 0119 D7000000 		.4byte	0xd7
 592 011d 00       		.byte	0
 593 011e 0B       		.uleb128 0xb
 594 011f 93020000 		.4byte	.LASF28
 595 0123 01       		.byte	0x1
 596 0124 90       		.byte	0x90
 597 0125 00000000 		.4byte	.LFB2
 598 0129 2C000000 		.4byte	.LFE2-.LFB2
 599 012d 01       		.uleb128 0x1
 600 012e 9C       		.byte	0x9c
 601 012f 09       		.uleb128 0x9
 602 0130 80000000 		.4byte	.LASF21
 603 0134 01       		.byte	0x1
 604 0135 EF       		.byte	0xef
 605 0136 00000000 		.4byte	.LFB3
 606 013a 18000000 		.4byte	.LFE3-.LFB3
 607 013e 01       		.uleb128 0x1
ARM GAS  C:\Users\JEFFSN~1\AppData\Local\Temp\cct6sLN2.s 			page 29


 608 013f 9C       		.byte	0x9c
 609 0140 57010000 		.4byte	0x157
 610 0144 0A       		.uleb128 0xa
 611 0145 06000000 		.4byte	.LVL3
 612 0149 1E010000 		.4byte	0x11e
 613 014d 0A       		.uleb128 0xa
 614 014e 10000000 		.4byte	.LVL4
 615 0152 7E010000 		.4byte	0x17e
 616 0156 00       		.byte	0
 617 0157 0C       		.uleb128 0xc
 618 0158 27000000 		.4byte	.LASF29
 619 015c 01       		.byte	0x1
 620 015d 13       		.byte	0x13
 621 015e CC000000 		.4byte	0xcc
 622 0162 05       		.uleb128 0x5
 623 0163 03       		.byte	0x3
 624 0164 00000000 		.4byte	CapSense_backup
 625 0168 0D       		.uleb128 0xd
 626 0169 55020000 		.4byte	.LASF22
 627 016d 55020000 		.4byte	.LASF22
 628 0171 03       		.byte	0x3
 629 0172 9E       		.byte	0x9e
 630 0173 0D       		.uleb128 0xd
 631 0174 5B010000 		.4byte	.LASF23
 632 0178 5B010000 		.4byte	.LASF23
 633 017c 03       		.byte	0x3
 634 017d 94       		.byte	0x94
 635 017e 0D       		.uleb128 0xd
 636 017f 83020000 		.4byte	.LASF24
 637 0183 83020000 		.4byte	.LASF24
 638 0187 03       		.byte	0x3
 639 0188 92       		.byte	0x92
 640 0189 00       		.byte	0
 641              		.section	.debug_abbrev,"",%progbits
 642              	.Ldebug_abbrev0:
 643 0000 01       		.uleb128 0x1
 644 0001 11       		.uleb128 0x11
 645 0002 01       		.byte	0x1
 646 0003 25       		.uleb128 0x25
 647 0004 0E       		.uleb128 0xe
 648 0005 13       		.uleb128 0x13
 649 0006 0B       		.uleb128 0xb
 650 0007 03       		.uleb128 0x3
 651 0008 0E       		.uleb128 0xe
 652 0009 1B       		.uleb128 0x1b
 653 000a 0E       		.uleb128 0xe
 654 000b 55       		.uleb128 0x55
 655 000c 17       		.uleb128 0x17
 656 000d 11       		.uleb128 0x11
 657 000e 01       		.uleb128 0x1
 658 000f 10       		.uleb128 0x10
 659 0010 17       		.uleb128 0x17
 660 0011 00       		.byte	0
 661 0012 00       		.byte	0
 662 0013 02       		.uleb128 0x2
 663 0014 24       		.uleb128 0x24
 664 0015 00       		.byte	0
ARM GAS  C:\Users\JEFFSN~1\AppData\Local\Temp\cct6sLN2.s 			page 30


 665 0016 0B       		.uleb128 0xb
 666 0017 0B       		.uleb128 0xb
 667 0018 3E       		.uleb128 0x3e
 668 0019 0B       		.uleb128 0xb
 669 001a 03       		.uleb128 0x3
 670 001b 0E       		.uleb128 0xe
 671 001c 00       		.byte	0
 672 001d 00       		.byte	0
 673 001e 03       		.uleb128 0x3
 674 001f 24       		.uleb128 0x24
 675 0020 00       		.byte	0
 676 0021 0B       		.uleb128 0xb
 677 0022 0B       		.uleb128 0xb
 678 0023 3E       		.uleb128 0x3e
 679 0024 0B       		.uleb128 0xb
 680 0025 03       		.uleb128 0x3
 681 0026 08       		.uleb128 0x8
 682 0027 00       		.byte	0
 683 0028 00       		.byte	0
 684 0029 04       		.uleb128 0x4
 685 002a 16       		.uleb128 0x16
 686 002b 00       		.byte	0
 687 002c 03       		.uleb128 0x3
 688 002d 0E       		.uleb128 0xe
 689 002e 3A       		.uleb128 0x3a
 690 002f 0B       		.uleb128 0xb
 691 0030 3B       		.uleb128 0x3b
 692 0031 05       		.uleb128 0x5
 693 0032 49       		.uleb128 0x49
 694 0033 13       		.uleb128 0x13
 695 0034 00       		.byte	0
 696 0035 00       		.byte	0
 697 0036 05       		.uleb128 0x5
 698 0037 35       		.uleb128 0x35
 699 0038 00       		.byte	0
 700 0039 49       		.uleb128 0x49
 701 003a 13       		.uleb128 0x13
 702 003b 00       		.byte	0
 703 003c 00       		.byte	0
 704 003d 06       		.uleb128 0x6
 705 003e 13       		.uleb128 0x13
 706 003f 01       		.byte	0x1
 707 0040 0B       		.uleb128 0xb
 708 0041 0B       		.uleb128 0xb
 709 0042 3A       		.uleb128 0x3a
 710 0043 0B       		.uleb128 0xb
 711 0044 3B       		.uleb128 0x3b
 712 0045 0B       		.uleb128 0xb
 713 0046 01       		.uleb128 0x1
 714 0047 13       		.uleb128 0x13
 715 0048 00       		.byte	0
 716 0049 00       		.byte	0
 717 004a 07       		.uleb128 0x7
 718 004b 0D       		.uleb128 0xd
 719 004c 00       		.byte	0
 720 004d 03       		.uleb128 0x3
 721 004e 0E       		.uleb128 0xe
ARM GAS  C:\Users\JEFFSN~1\AppData\Local\Temp\cct6sLN2.s 			page 31


 722 004f 3A       		.uleb128 0x3a
 723 0050 0B       		.uleb128 0xb
 724 0051 3B       		.uleb128 0x3b
 725 0052 0B       		.uleb128 0xb
 726 0053 49       		.uleb128 0x49
 727 0054 13       		.uleb128 0x13
 728 0055 38       		.uleb128 0x38
 729 0056 0B       		.uleb128 0xb
 730 0057 00       		.byte	0
 731 0058 00       		.byte	0
 732 0059 08       		.uleb128 0x8
 733 005a 16       		.uleb128 0x16
 734 005b 00       		.byte	0
 735 005c 03       		.uleb128 0x3
 736 005d 0E       		.uleb128 0xe
 737 005e 3A       		.uleb128 0x3a
 738 005f 0B       		.uleb128 0xb
 739 0060 3B       		.uleb128 0x3b
 740 0061 0B       		.uleb128 0xb
 741 0062 49       		.uleb128 0x49
 742 0063 13       		.uleb128 0x13
 743 0064 00       		.byte	0
 744 0065 00       		.byte	0
 745 0066 09       		.uleb128 0x9
 746 0067 2E       		.uleb128 0x2e
 747 0068 01       		.byte	0x1
 748 0069 3F       		.uleb128 0x3f
 749 006a 19       		.uleb128 0x19
 750 006b 03       		.uleb128 0x3
 751 006c 0E       		.uleb128 0xe
 752 006d 3A       		.uleb128 0x3a
 753 006e 0B       		.uleb128 0xb
 754 006f 3B       		.uleb128 0x3b
 755 0070 0B       		.uleb128 0xb
 756 0071 27       		.uleb128 0x27
 757 0072 19       		.uleb128 0x19
 758 0073 11       		.uleb128 0x11
 759 0074 01       		.uleb128 0x1
 760 0075 12       		.uleb128 0x12
 761 0076 06       		.uleb128 0x6
 762 0077 40       		.uleb128 0x40
 763 0078 18       		.uleb128 0x18
 764 0079 9742     		.uleb128 0x2117
 765 007b 19       		.uleb128 0x19
 766 007c 01       		.uleb128 0x1
 767 007d 13       		.uleb128 0x13
 768 007e 00       		.byte	0
 769 007f 00       		.byte	0
 770 0080 0A       		.uleb128 0xa
 771 0081 898201   		.uleb128 0x4109
 772 0084 00       		.byte	0
 773 0085 11       		.uleb128 0x11
 774 0086 01       		.uleb128 0x1
 775 0087 31       		.uleb128 0x31
 776 0088 13       		.uleb128 0x13
 777 0089 00       		.byte	0
 778 008a 00       		.byte	0
ARM GAS  C:\Users\JEFFSN~1\AppData\Local\Temp\cct6sLN2.s 			page 32


 779 008b 0B       		.uleb128 0xb
 780 008c 2E       		.uleb128 0x2e
 781 008d 00       		.byte	0
 782 008e 3F       		.uleb128 0x3f
 783 008f 19       		.uleb128 0x19
 784 0090 03       		.uleb128 0x3
 785 0091 0E       		.uleb128 0xe
 786 0092 3A       		.uleb128 0x3a
 787 0093 0B       		.uleb128 0xb
 788 0094 3B       		.uleb128 0x3b
 789 0095 0B       		.uleb128 0xb
 790 0096 27       		.uleb128 0x27
 791 0097 19       		.uleb128 0x19
 792 0098 11       		.uleb128 0x11
 793 0099 01       		.uleb128 0x1
 794 009a 12       		.uleb128 0x12
 795 009b 06       		.uleb128 0x6
 796 009c 40       		.uleb128 0x40
 797 009d 18       		.uleb128 0x18
 798 009e 9742     		.uleb128 0x2117
 799 00a0 19       		.uleb128 0x19
 800 00a1 00       		.byte	0
 801 00a2 00       		.byte	0
 802 00a3 0C       		.uleb128 0xc
 803 00a4 34       		.uleb128 0x34
 804 00a5 00       		.byte	0
 805 00a6 03       		.uleb128 0x3
 806 00a7 0E       		.uleb128 0xe
 807 00a8 3A       		.uleb128 0x3a
 808 00a9 0B       		.uleb128 0xb
 809 00aa 3B       		.uleb128 0x3b
 810 00ab 0B       		.uleb128 0xb
 811 00ac 49       		.uleb128 0x49
 812 00ad 13       		.uleb128 0x13
 813 00ae 3F       		.uleb128 0x3f
 814 00af 19       		.uleb128 0x19
 815 00b0 02       		.uleb128 0x2
 816 00b1 18       		.uleb128 0x18
 817 00b2 00       		.byte	0
 818 00b3 00       		.byte	0
 819 00b4 0D       		.uleb128 0xd
 820 00b5 2E       		.uleb128 0x2e
 821 00b6 00       		.byte	0
 822 00b7 3F       		.uleb128 0x3f
 823 00b8 19       		.uleb128 0x19
 824 00b9 3C       		.uleb128 0x3c
 825 00ba 19       		.uleb128 0x19
 826 00bb 6E       		.uleb128 0x6e
 827 00bc 0E       		.uleb128 0xe
 828 00bd 03       		.uleb128 0x3
 829 00be 0E       		.uleb128 0xe
 830 00bf 3A       		.uleb128 0x3a
 831 00c0 0B       		.uleb128 0xb
 832 00c1 3B       		.uleb128 0x3b
 833 00c2 0B       		.uleb128 0xb
 834 00c3 00       		.byte	0
 835 00c4 00       		.byte	0
ARM GAS  C:\Users\JEFFSN~1\AppData\Local\Temp\cct6sLN2.s 			page 33


 836 00c5 00       		.byte	0
 837              		.section	.debug_aranges,"",%progbits
 838 0000 34000000 		.4byte	0x34
 839 0004 0200     		.2byte	0x2
 840 0006 00000000 		.4byte	.Ldebug_info0
 841 000a 04       		.byte	0x4
 842 000b 00       		.byte	0
 843 000c 0000     		.2byte	0
 844 000e 0000     		.2byte	0
 845 0010 00000000 		.4byte	.LFB0
 846 0014 18000000 		.4byte	.LFE0-.LFB0
 847 0018 00000000 		.4byte	.LFB1
 848 001c 2C000000 		.4byte	.LFE1-.LFB1
 849 0020 00000000 		.4byte	.LFB2
 850 0024 2C000000 		.4byte	.LFE2-.LFB2
 851 0028 00000000 		.4byte	.LFB3
 852 002c 18000000 		.4byte	.LFE3-.LFB3
 853 0030 00000000 		.4byte	0
 854 0034 00000000 		.4byte	0
 855              		.section	.debug_ranges,"",%progbits
 856              	.Ldebug_ranges0:
 857 0000 00000000 		.4byte	.LFB0
 858 0004 18000000 		.4byte	.LFE0
 859 0008 00000000 		.4byte	.LFB1
 860 000c 2C000000 		.4byte	.LFE1
 861 0010 00000000 		.4byte	.LFB2
 862 0014 2C000000 		.4byte	.LFE2
 863 0018 00000000 		.4byte	.LFB3
 864 001c 18000000 		.4byte	.LFE3
 865 0020 00000000 		.4byte	0
 866 0024 00000000 		.4byte	0
 867              		.section	.debug_line,"",%progbits
 868              	.Ldebug_line0:
 869 0000 AE000000 		.section	.debug_str,"MS",%progbits,1
 869      02005600 
 869      00000201 
 869      FB0E0D00 
 869      01010101 
 870              	.LASF3:
 871 0000 73686F72 		.ascii	"short unsigned int\000"
 871      7420756E 
 871      7369676E 
 871      65642069 
 871      6E7400
 872              	.LASF9:
 873 0013 666C6F61 		.ascii	"float\000"
 873      7400
 874              	.LASF1:
 875 0019 756E7369 		.ascii	"unsigned char\000"
 875      676E6564 
 875      20636861 
 875      7200
 876              	.LASF29:
 877 0027 43617053 		.ascii	"CapSense_backup\000"
 877      656E7365 
 877      5F626163 
 877      6B757000 
ARM GAS  C:\Users\JEFFSN~1\AppData\Local\Temp\cct6sLN2.s 			page 34


 878              	.LASF13:
 879 0037 72656738 		.ascii	"reg8\000"
 879      00
 880              	.LASF5:
 881 003c 6C6F6E67 		.ascii	"long unsigned int\000"
 881      20756E73 
 881      69676E65 
 881      6420696E 
 881      7400
 882              	.LASF12:
 883 004e 75696E74 		.ascii	"uint8\000"
 883      3800
 884              	.LASF26:
 885 0054 47656E65 		.ascii	"Generated_Source\\PSoC5\\CapSense_PM.c\000"
 885      72617465 
 885      645F536F 
 885      75726365 
 885      5C50536F 
 886              	.LASF10:
 887 0079 646F7562 		.ascii	"double\000"
 887      6C6500
 888              	.LASF21:
 889 0080 43617053 		.ascii	"CapSense_Wakeup\000"
 889      656E7365 
 889      5F57616B 
 889      65757000 
 890              	.LASF8:
 891 0090 756E7369 		.ascii	"unsigned int\000"
 891      676E6564 
 891      20696E74 
 891      00
 892              	.LASF25:
 893 009d 474E5520 		.ascii	"GNU C11 5.4.1 20160609 (release) [ARM/embedded-5-br"
 893      43313120 
 893      352E342E 
 893      31203230 
 893      31363036 
 894 00d0 616E6368 		.ascii	"anch revision 237715] -mcpu=cortex-m3 -mthumb -g -O"
 894      20726576 
 894      6973696F 
 894      6E203233 
 894      37373135 
 895 0103 67202D66 		.ascii	"g -ffunction-sections -ffat-lto-objects -finline-fu"
 895      66756E63 
 895      74696F6E 
 895      2D736563 
 895      74696F6E 
 896 0136 6E637469 		.ascii	"nctions -flto\000"
 896      6F6E7320 
 896      2D666C74 
 896      6F00
 897              	.LASF7:
 898 0144 6C6F6E67 		.ascii	"long long unsigned int\000"
 898      206C6F6E 
 898      6720756E 
 898      7369676E 
 898      65642069 
ARM GAS  C:\Users\JEFFSN~1\AppData\Local\Temp\cct6sLN2.s 			page 35


 899              	.LASF23:
 900 015b 43617053 		.ascii	"CapSense_Stop\000"
 900      656E7365 
 900      5F53746F 
 900      7000
 901              	.LASF15:
 902 0169 73697A65 		.ascii	"sizetype\000"
 902      74797065 
 902      00
 903              	.LASF6:
 904 0172 6C6F6E67 		.ascii	"long long int\000"
 904      206C6F6E 
 904      6720696E 
 904      7400
 905              	.LASF11:
 906 0180 63686172 		.ascii	"char\000"
 906      00
 907              	.LASF27:
 908 0185 433A5C55 		.ascii	"C:\\Users\\JeffSnyder\\dev\\Electrobass_embedded\\P"
 908      73657273 
 908      5C4A6566 
 908      66536E79 
 908      6465725C 
 909 01b3 534F4335 		.ascii	"SOC5_electrobass_stringsensors\\CE210514_PSOC3_5_Th"
 909      5F656C65 
 909      6374726F 
 909      62617373 
 909      5F737472 
 910 01e5 65726D69 		.ascii	"ermistor.cydsn\000"
 910      73746F72 
 910      2E637964 
 910      736E00
 911              	.LASF20:
 912 01f4 43617053 		.ascii	"CapSense_Sleep\000"
 912      656E7365 
 912      5F536C65 
 912      657000
 913              	.LASF17:
 914 0203 6374726C 		.ascii	"ctrlReg\000"
 914      52656700 
 915              	.LASF2:
 916 020b 73686F72 		.ascii	"short int\000"
 916      7420696E 
 916      7400
 917              	.LASF18:
 918 0215 43617053 		.ascii	"CapSense_BACKUP_STRUCT\000"
 918      656E7365 
 918      5F424143 
 918      4B55505F 
 918      53545255 
 919              	.LASF19:
 920 022c 43617053 		.ascii	"CapSense_SaveConfig\000"
 920      656E7365 
 920      5F536176 
 920      65436F6E 
 920      66696700 
 921              	.LASF4:
ARM GAS  C:\Users\JEFFSN~1\AppData\Local\Temp\cct6sLN2.s 			page 36


 922 0240 6C6F6E67 		.ascii	"long int\000"
 922      20696E74 
 922      00
 923              	.LASF16:
 924 0249 656E6162 		.ascii	"enableState\000"
 924      6C655374 
 924      61746500 
 925              	.LASF22:
 926 0255 43617053 		.ascii	"CapSense_ClearSensors\000"
 926      656E7365 
 926      5F436C65 
 926      61725365 
 926      6E736F72 
 927              	.LASF14:
 928 026b 6C6F6E67 		.ascii	"long double\000"
 928      20646F75 
 928      626C6500 
 929              	.LASF0:
 930 0277 7369676E 		.ascii	"signed char\000"
 930      65642063 
 930      68617200 
 931              	.LASF24:
 932 0283 43617053 		.ascii	"CapSense_Enable\000"
 932      656E7365 
 932      5F456E61 
 932      626C6500 
 933              	.LASF28:
 934 0293 43617053 		.ascii	"CapSense_RestoreConfig\000"
 934      656E7365 
 934      5F526573 
 934      746F7265 
 934      436F6E66 
 935              		.comm	__gnu_lto_v1,1,1
 936              		.ident	"GCC: (GNU Tools for ARM Embedded Processors) 5.4.1 20160609 (release) [ARM/embedded-5-bran
