ARM GAS  C:\Users\JEFFSN~1\AppData\Local\Temp\ccF47YZL.s 			page 1


   1              		.syntax unified
   2              		.cpu cortex-m3
   3              		.fpu softvfp
   4              		.eabi_attribute 20, 1
   5              		.eabi_attribute 21, 1
   6              		.eabi_attribute 23, 3
   7              		.eabi_attribute 24, 1
   8              		.eabi_attribute 25, 1
   9              		.eabi_attribute 26, 1
  10              		.eabi_attribute 30, 1
  11              		.eabi_attribute 34, 1
  12              		.eabi_attribute 18, 4
  13              		.thumb
  14              		.syntax unified
  15              		.file	"CapSense_Pins.c"
  16              		.text
  17              	.Ltext0:
  18              		.section	.gnu.lto_.profile.724447f9,"",%progbits
  19 0000 789C6361 		.ascii	"x\234ca`d`a`\000\222Z\032\000\000\346\000]"
  19      60646061 
  19      6000925A 
  19      1A0000E6 
  19      005D
  20              		.text
  21              		.section	.gnu.lto_.inline.724447f9,"",%progbits
  22 0000 789C6361 		.ascii	"x\234ca`d\000\001M\006\004`b`PQfd`r\272\320\314\302"
  22      60640001 
  22      4D060460 
  22      62605051 
  22      66646072 
  23 0018 C0B6409E 		.ascii	"\300\266@\236\011$\310\310\300\301\016\024\343\232\340"
  23      0924C8C8 
  23      C0C10E14 
  23      E39AE0
  24 0027 07176200 		.ascii	"\007\027b\000\000n\277\004\235"
  24      006EBF04 
  24      9D
  25              		.text
  26              		.section	.gnu.lto_.jmpfuncs.724447f9,"",%progbits
  27 0000 789C6361 		.ascii	"x\234ca`d\000\001\016\006\004`\002b\220(\000\001Z\000"
  27      60640001 
  27      0E060460 
  27      02629028 
  27      00015A00 
  28 0014 11       		.ascii	"\021"
  29              		.text
  30              		.section	.gnu.lto_.pureconst.724447f9,"",%progbits
  31 0000 789C6361 		.ascii	"x\234ca`d`e```b\220b\224\002\000\000\355\000B"
  31      60646065 
  31      60606062 
  31      90629402 
  31      0000ED00 
  32              		.text
  33              		.section	.gnu.lto_CapSense_SetAllSensorsDriveMode.724447f9,"",%progbits
  34 0000 789C7D95 		.ascii	"x\234}\225\333KTQ\024\306\367:\347\2143\242\243x\303"
  34      DB4B5451 
  34      14C6F73A 
ARM GAS  C:\Users\JEFFSN~1\AppData\Local\Temp\ccF47YZL.s 			page 2


  34      E78C33A2 
  34      A378C3
  35 0013 7B2AA983 		.ascii	"{*\251\203\232w\374\013|\350\245\007\311\036\213\210"
  35      9A77FC0B 
  35      7CE8A507 
  35      C91E8B88 
  36 0023 9C871ED2 		.ascii	"\234\207\036\322\322z\014\317\250S\220e\203\225]E\213"
  36      D27A0CCF 
  36      A8539065 
  36      83955D45 
  36      8B
  37 0034 C46B9659 		.ascii	"\304k\226Y\226]\247\261\242\002\315\014\244$\"\204$"
  37      965DA7B1 
  37      A202CD0C 
  37      A4242284 
  37      24
  38 0045 A4C2EE22 		.ascii	"\244\302\356\"\231\255\265\367af\317\201ip\2769\353"
  38      99ADB5F7 
  38      6166CF81 
  38      6970BE39 
  38      EB
  39 0056 E37CDFFE 		.ascii	"\343|\337\376\355=2Gc\300\350u\304\312X\021~\246\342"
  39      ED3D3247 
  39      63C0E875 
  39      C4CA5811 
  39      7EA6E2
  40 0069 1B54068A 		.ascii	"\033T\006\212g\2121\227M\001\240\013\335\006\254Q\201"
  40      678A3197 
  40      4D01A00B 
  40      DD06AC51 
  40      81
  41 007a 46F8A9AC 		.ascii	"F\370\251\254*\340;\2640\256\344\365\352\370z\377\241"
  41      2AE03BB4 
  41      30AEE4F5 
  41      EAF87AFF 
  41      A1
  42 008b 5DD5FBBC 		.ascii	"]\325\373\274\340V\031[Sx\023\203^\310\303\273\276\217"
  42      E056195B 
  42      53781383 
  42      5EC8C3BB 
  42      BE8F
  43 009d F61C8F50 		.ascii	"\366\034\217P\363\201\341\365\327\251\245wQ\216\036"
  43      F381E1F5 
  43      D7A9A577 
  43      518E1E
  44 00ac 5D6FD2F5 		.ascii	"]o\322\365\361m\272\352V\001\372@\305\004\224\247AI"
  44      F16DBAEA 
  44      5601FA40 
  44      C50494A7 
  44      4149
  45 00be 1A438341 		.ascii	"\032C\203A?8\350\346\371\221\277'\355a-T\237)Ja\000"
  45      3F38E8E6 
  45      F991BF27 
  45      ED612D54 
  45      9F294A61 
  46 00d3 C208F3CA 		.ascii	"\302\010\363\312f\257\276\266\326\254{\317XV\225\012"
  46      66AFBEB6 
ARM GAS  C:\Users\JEFFSN~1\AppData\Local\Temp\ccF47YZL.s 			page 3


  46      D6AC7BCF 
  46      5856950A 
  47 00e3 05538A8A 		.ascii	"\005S\212\212\242j$\026\240\2020\272\264\222\330H\302"
  47      A26A2416 
  47      A08230BA 
  47      B492D848 
  47      C2
  48 00f4 E99E0892 		.ascii	"\351\236\010\222H\032\355$Q$\321\344\305\220\304\322"
  48      481AED24 
  48      5124D1E4 
  48      C590C4D2 
  49 0104 1847124F 		.ascii	"\030G\022O\222@^\"I\022\215\311$)$\251\344\245\223\254"
  49      92405E22 
  49      49128DC9 
  49      242924A9 
  49      E4A593AC 
  50 0118 A3318324 		.ascii	"\2431\203$\223$\213\274\365$\3314\346\220\344\2228\310"
  50      93248BBC 
  50      F524D934 
  50      E690E492 
  50      38C8
  51 012a CB23C9A7 		.ascii	"\313#\311\247\261\200d\003I!y\305$%4\226\222\224\221"
  51      B1806403 
  51      492179C5 
  51      24253496 
  51      929491
  52 013d 9493C7D8 		.ascii	"\224\223\307\330\022\276\351\330\277*\012}\252\013\340"
  52      12BEE9D8 
  52      BF2A0A7D 
  52      AA0BE0
  53 014c 5B39FC6B 		.ascii	"[9\374k\013\035C\263J\337@\207\333\367\302\372Cq\253"
  53      0B1D43B3 
  53      4ADF4087 
  53      DBF7C2FA 
  53      4371AB
  54 015f 1A3FDEE9 		.ascii	"\032?\336\351\266ck\021b\364t\273t\015\255\201\216W"
  54      B6636B11 
  54      62F474BB 
  54      740DAD81 
  54      8E57
  55 0171 C3915DD0 		.ascii	"\303\221]\320\351j\301\357\306\002C\220\006\203\220"
  55      E96AC1EF 
  55      C6024390 
  55      068390
  56 0180 86477919 		.ascii	"\206Gy\031\272\200-@\3237\253\250S\261\021\347\346?"
  56      BA802D40 
  56      D337ABA8 
  56      53B111E7 
  56      E63F
  57 0192 6162D6D0 		.ascii	"ab\326\320\302\374\334\223\326\325p\252Ta/\014cR\212"
  57      C2FCDC93 
  57      D6D570AA 
  57      54612F0C 
  57      63528A
  58 01a5 E09F458E 		.ascii	"\340\237E\216X\321\302\310\347\331\301!UD\242\340\012"
  58      58D1C2C8 
  58      E7D9C121 
ARM GAS  C:\Users\JEFFSN~1\AppData\Local\Temp\ccF47YZL.s 			page 4


  58      5544A2E0 
  58      0A
  59 01b6 8F342F1B 		.ascii	"\2174/\033\267\330x\261Un\011G\027g_\007\320\374?\344"
  59      B7D878B1 
  59      556E0947 
  59      17675F07 
  59      D0FC3FE4 
  60 01ca AB888CF7 		.ascii	"\253\210\214\3673~\014+\232\210G`\342\223\317s@l\273"
  60      337E0C2B 
  60      9A884760 
  60      E293CF73 
  60      406CBB
  61 01dd DDD8F653 		.ascii	"\335\330\366S\327\370\230\032\350\030\361w\\3m;\022"
  61      D7F8981A 
  61      E818F177 
  61      5C336D3B 
  61      12
  62 01ee 1BE43DD8 		.ascii	"\033\344=\330\3212\366\351\207\216\342[\263\313\261"
  62      D132F6E9 
  62      878EE25B 
  62      B3CBB1
  63 01fd 687483A0 		.ascii	"ht\203\240C.8\312\241\243\005\264\317\"\3421tL/\337"
  63      432E38CA 
  63      A1A305B4 
  63      CF22E231 
  63      744C2FDF 
  64 0211 9CD204F5 		.ascii	"\234\322\004\365\011\203\372\356\355\376M\201\216\353"
  64      0983FAEE 
  64      EDFE4D81 
  64      8EEB
  65 021f FE8E1B26 		.ascii	"\376\216\033&\350Xl\220\241\343\3202C\307s\35089\226"
  65      E8586C90 
  65      A1E3D032 
  65      43C773E8 
  65      383996
  66 0232 806E1074 		.ascii	"\200n\020t\250\365\3068s\202`~n0'b\340\342d\247\013"
  66      A8F5C638 
  66      7382607E 
  66      6E302762 
  66      E0E264A7 
  67 0247 047387C1 		.ascii	"\004s\207\301\374\3323r/<Pr\323_r\313\004\235\204\025"
  67      FCDA3372 
  67      2F3C5072 
  67      D35F72CB 
  67      049D8415 
  68 025b 3274325A 		.ascii	"2t2Zf\350\024\016\235,\307R\321\015\202\016\271\340"
  68      66E8140E 
  68      9D2CC752 
  68      D10D820E 
  68      B9E0
  69 026d 38A74E15 		.ascii	"8\247N\025\3243\006u:\375{t_\033U\004\365i\203\332\335"
  69      D4330675 
  69      3AFD7B74 
  69      5F1B5504 
  69      F56983DA 
  70 0282 7A7EC016 		.ascii	"z~\300\026(\271\355/\271c\242^\207\0252u\006Zf\352L"
  70      28B9ED2F 
ARM GAS  C:\Users\JEFFSN~1\AppData\Local\Temp\ccF47YZL.s 			page 5


  70      B963A25E 
  70      87153275 
  70      065A66EA 
  71 0297 4E9D21C7 		.ascii	"N\235!\307\262\320\015\242\016\271\340]N\235%\250\347"
  71      B2D00DA2 
  71      0EB9E05D 
  71      4E9D25A8 
  71      E7
  72 02a8 0CEAF598 		.ascii	"\014\352\365\230x{\341\350%\273\240>gP\317\034\354o"
  72      787BE1E8 
  72      25BBA03E 
  72      6750CF1C 
  72      EC6F
  73 02ba 550225F7 		.ascii	"U\002%\367\374%\367M\324\331X!S\347\240e\246\316\345"
  73      FC25F74D 
  73      D4D95821 
  73      53E7A065 
  73      A6CEE5
  74 02cd D43972CC 		.ascii	"\3249r\314\201n\020u\310\005\037pj\207\240\2367\250"
  74      816E1075 
  74      C8051F70 
  74      6A87A09E 
  74      37A8
  75 02df E9D7FEEC 		.ascii	"\351\327\376\354U\317\262\361\213\324iP?\373\375q\325"
  75      55CFB2F1 
  75      8BD46950 
  75      3FFBFD71 
  75      D5
  76 02f0 1E28F1FA 		.ascii	"\036(\361\372K\036\232\250\363\261B\246.@\313L\275\201"
  76      4B1E9AA8 
  76      F3B142A6 
  76      2E40CB4C 
  76      BD81
  77 0302 5317C8B1 		.ascii	"S\027\310\261Bt\203\250C.\350\343\324\205\202z\321\240"
  77      427483A8 
  77      432EE8E3 
  77      D485827A 
  77      D1A0
  78 0314 2EC6C497 		.ascii	".\306\304\227\341\266\311HA\335ePO{g'\264@\311\204\277"
  78      E1B6C948 
  78      41DD6550 
  78      4F7B6727 
  78      B440C984 
  79 0329 E49189BA 		.ascii	"\344\221\211\272\004+d\352R\264\314\324e\234\272T\216"
  79      042B64EA 
  79      52B4CCD4 
  79      659CBA54 
  79      8E
  80 033a 95A31B44 		.ascii	"\225\243\033D\035r\301\307\234\272\234-B\223\367\001"
  80      1D72C1C7 
  80      9CBA9C2D 
  80      4293F701 
  81 034a 87E68FD7 		.ascii	"\207\346\217\327%\005\350\241\200\217\010\307Fg\255"
  81      2505E8A1 
  81      808F08C7 
  81      4667AD
  82 0359 B37EC73E 		.ascii	"\263~\307>g\315\366\352\272\375\365;\235[\253\252\353"
ARM GAS  C:\Users\JEFFSN~1\AppData\Local\Temp\ccF47YZL.s 			page 6


  82      67CDF6EA 
  82      BAFDF53B 
  82      9D5BABAA 
  82      EB
  83 036a 2A2BB656 		.ascii	"*+\266V\356\330S\355\254mpn\257\332U\333P\264\223i\273"
  83      EED853ED 
  83      AC6D706E 
  83      AFDA55DB 
  83      50B49369 
  84 037f EB6A9CFF 		.ascii	"\353j\234\377\000\370\016<["
  84      00F80E3C 
  84      5B
  85              		.text
  86              		.section	.gnu.lto_CapSense_SetAllCmodsDriveMode.724447f9,"",%progbits
  87 0000 789C7D51 		.ascii	"x\234}Q\271JCA\024\2353\363\362^\342\366\003\246\260"
  87      B94A4341 
  87      149D33F3 
  87      F25EE2F6 
  87      03A6B0
  88 0013 0B5A0441 		.ascii	"\013Z\004A\374\002A[1\235(\"\361\025\026&\256\265\223"
  88      FC02415B 
  88      319D2822 
  88      F1151626 
  88      AEB593
  89 0026 C420A885 		.ascii	"\304 \250\205 . \032\021\305\270F\021\013\305\"\006"
  89      202E201A 
  89      11C5B846 
  89      110BC522 
  89      06
  90 0037 B4D4CEC2 		.ascii	"\264\324\316\302B\304\"\205\240\304\015D\324x\357{\026"
  90      42C42285 
  90      A0C40D44 
  90      D478EF7B 
  90      16
  91 0048 A91C66EE 		.ascii	"\251\034f\356\3069\207{\357\030\002\202O\236\\\220|"
  91      C639877B 
  91      EF180282 
  91      4F9E5C90 
  91      7C
  92 0059 353D2801 		.ascii	"5=(\0019})D\314+\001\016\264\027bTb\024\357\362[\"7"
  92      397D2944 
  92      CC2B010E 
  92      B4176254 
  92      6214EFF2 
  93 0070 9E3F96B5 		.ascii	"\236?\226\265\033\232\316\335\371}\275Ng\221TB\024\245"
  93      1B9ACEDD 
  93      F97DBD4E 
  93      67915442 
  93      14A5
  94 0082 A324B081 		.ascii	"\243$\260\201ZB\275\036\256\317\224\253:\010\212\237"
  94      5A42BD1E 
  94      AECF94AB 
  94      3A088A9F 
  95 0092 2F0BB755 		.ascii	"/\013\267U\201u\255\343Z\037uj\225T@\032\212\030h\360"
  95      8175ADE3 
  95      5A1F756A 
  95      9554401A 
ARM GAS  C:\Users\JEFFSN~1\AppData\Local\Temp\ccF47YZL.s 			page 7


  95      8A1868F0 
  96 00a6 A3DE2FA8 		.ascii	"\243\336/\250 \260\211\000\203\357\017~f+\3151\226\257"
  96      20B08900 
  96      83EF0F7E 
  96      662BCD31 
  96      96AF
  97 00b8 7145B105 		.ascii	"qE\261\005\223\333\314\264eu\261\230\320\331y\363l\331"
  97      93DBCCB4 
  97      6575B198 
  97      D0D979F3 
  97      6CD9
  98 00ca 2C974493 		.ascii	",\227D\223\212\2142\330x\300\012&\207\026\033/\033\037"
  98      8A8C32D8 
  98      78C00A26 
  98      87161B2F 
  98      1B1F
  99 00dc 638428D0 		.ascii	"c\204(\320\343A\236\245d\257\362\310}N<-\224\261rB\361"
  99      E3419EA5 
  99      64AFF2C8 
  99      7D4E3C2D 
  99      94B17242 
 100 00f1 5073C9DC 		.ascii	"Ps\311\334\225\365&\223\312p:^\\\273Z\255p\323\257\225"
 100      95F52693 
 100      CA703A5E 
 100      5CBB5AAD 
 100      70D3AF95 
 101 0105 9836A874 		.ascii	"\2306\250tz2\325\236\302Rl\214\246\365`\007~l\303O\315"
 101      7A32D59E 
 101      C2526C8C 
 101      A6F56007 
 101      7E6CC34F 
 102 011a ED2205DA 		.ascii	"\355\"\005\332_\374\305r\325\024\011R\236\3702\335\334"
 102      5FFCC572 
 102      D5140952 
 102      9EF832DD 
 102      DC
 103 012b A012D16F 		.ascii	"\240\022\321o.&\277}\254\2500\200=b\226P\350zJ)\026"
 103      2E26BF7D 
 103      ACA83080 
 103      3D629650 
 103      E87A4A29 
 104 0140 9588F278 		.ascii	"\225\210\362x\275\275\243\\J\0252\016%\361\361\007\361"
 104      BDBDA35C 
 104      4A15320E 
 104      25F1F107 
 104      F1
 105 0151 3AC256A9 		.ascii	":\302V\251\212\217\252\224\347\346\300\371?\035\357"
 105      8A8FAA94 
 105      E7E6C0F9 
 105      3F1DEF
 106 0160 53C70417 		.ascii	"S\307\004\027\017\210gS\315\014v>\256 \301\313\241U"
 106      0F886753 
 106      CD0C763E 
 106      AE20C1CB 
 106      A155
 107 0172 055AEC88 		.ascii	"\005Z\354\210=\330=l\367t\205\242#\203a\273\2435\024"
 107      3DD83D6C 
ARM GAS  C:\Users\JEFFSN~1\AppData\Local\Temp\ccF47YZL.s 			page 8


 107      F77485A2 
 107      238361BB 
 107      A33514
 108 0185 6D6AEC68 		.ascii	"mj\354h\352\356\017\331\221!\273\253\26572\024\014\013"
 108      EAEE0FD9 
 108      9121BBAB 
 108      B5373214 
 108      0C0B
 109 0197 A32FDA63 		.ascii	"\243/\332c\377\002)\032\246t"
 109      FF02291A 
 109      A674
 110              		.text
 111              		.section	.gnu.lto_.symbol_nodes.724447f9,"",%progbits
 112 0000 789C6361 		.ascii	"x\234ca`dPa\000\002&\206z\006\206\011\347\030@\324\252"
 112      60645061 
 112      00022686 
 112      7A068609 
 112      E71840D4 
 113 0015 0645A000 		.ascii	"\006E\240\000c=#\212\000\003\000\216\005\007~"
 113      633D238A 
 113      0003008E 
 113      05077E
 114              		.text
 115              		.section	.gnu.lto_.refs.724447f9,"",%progbits
 116 0000 789C6361 		.ascii	"x\234ca`\004B \000\000\0009\000\007"
 116      60044220 
 116      00000039 
 116      0007
 117              		.text
 118              		.section	.gnu.lto_.decls.724447f9,"",%progbits
 119 0000 789C8D52 		.ascii	"x\234\215R]H\024Q\024\276\337\314\270\332\244\021\022"
 119      5D481451 
 119      14BEDFCC 
 119      B8DAA411 
 119      12
 120 0011 E1C3449B 		.ascii	"\341\303D\233\020\011\301\222D\340S?ld\004\205\260\350"
 120      1009C192 
 120      44E0533F 
 120      6C640485 
 120      B0E8
 121 0023 9320A643 		.ascii	"\223 \246C\011\266+\273k \275\334\374\011\353I!\015"
 121      09B62BBB 
 121      6B20BDDC 
 121      FC09EB49 
 121      210D
 122 0035 C5CC224A 		.ascii	"\305\314\"J\363\267\334\265V\223,Cz\361A\204~(H0\037"
 122      F3B7DCB5 
 122      56932C43 
 122      7AF14184 
 122      7E284830 
 123 004a 44092321 		.ascii	"D\011#!$j;\367:\263\263\231\201\007\316\275\347\234"
 123      246A3BF7 
 123      3AB3B399 
 123      8107CEBD 
 123      E79C
 124 005c F9CE77CE 		.ascii	"\371\316w\316=g4\006&\244Ae\3546\335\367I\343$\344\262"
 124      3D673406 
ARM GAS  C:\Users\JEFFSN~1\AppData\Local\Temp\ccF47YZL.s 			page 9


 124      26A44165 
 124      EC36DDF7 
 124      49E324E4 
 125 0071 22E68842 		.ascii	"\"\346\210B:L\032e\377\212\210\273,\374\000\251A:B:"
 125      3A4C1A65 
 125      FF8A88BB 
 125      2CFC00A9 
 125      413A423A 
 126 0085 4E3A6661 		.ascii	"N:fa`\3416Jt\213\271\233\325\375\245\240\343e\347d\312"
 126      60E1364A 
 126      748BB99B 
 126      D5FDA5A0 
 126      E365E764 
 127 009a 477C0018 		.ascii	"G|\000\030\2440\353=LD\254[\030Xw\024\233\0176\310."
 127      A430EB3D 
 127      4C44AC5B 
 127      18587714 
 127      9B0F36C8 
 128 00af 21E1608A 		.ascii	"!\341`\212\304'\3426.Q3n\213\023BBl$\376&\025\254\216"
 128      C427E236 
 128      2E51336E 
 128      8B134242 
 128      6C24FE26 
 129 00c6 4BBEE224 		.ascii	"K\276\342$$\361Y\335[\365\221\\VR\253\366\243\177.E"
 129      24F159DD 
 129      5BF5915C 
 129      5652ABF6 
 129      A37F2E45 
 130 00da 3BB7A9C4 		.ascii	";\267\251\304I\366\347\265\356S\236>N\322\304\271r\306"
 130      49F6E7B5 
 130      EE539E3E 
 130      4ED2C4B9 
 130      72C6
 131 00ec 99CC60C3 		.ascii	"\231\314`\303\227\236\264U\005\206\2168\204\277\034"
 131      979EB455 
 131      05868E38 
 131      84BF1C
 132 00fb 5BCB58F7 		.ascii	"[\313X\367\305\347\266\346\371\337\333\325\203\302V"
 132      C5E7B6E6 
 132      F9DFDBD5 
 132      83C256
 133 010a 66E77B17 		.ascii	"f\347{\0275\344\350\017\004\315\334\354\302\321\030"
 133      35E4E80F 
 133      04CDDCEC 
 133      C2D118
 134 0119 E73B3100 		.ascii	"\347;1\000\035}P\321\003\217\350\300\320\351l\344\274"
 134      1D7D50D1 
 134      038FE8C0 
 134      D0E96CE4 
 134      BC
 135 012a 96AFDCE3 		.ascii	"\226\257\334\343\256,\206\303\006\016\031\014\375\310"
 135      AE2C86C3 
 135      060E190C 
 135      FDC8
 136 0138 119C0285 		.ascii	"\021\234\002\205^\030x\004C\360/\334\272\263\344\322"
 136      5E187804 
 136      43F02FDC 
ARM GAS  C:\Users\JEFFSN~1\AppData\Local\Temp\ccF47YZL.s 			page 10


 136      BAB3E4D2 
 137 0148 68DC92E7 		.ascii	"h\334\222\347\274&b3\365C\035*\265\220\251C#\367\333"
 137      BC266233 
 137      F5431D2A 
 137      B590A943 
 137      23F7DB
 138 015b 74FBFC0E 		.ascii	"t\373\374\016rw\351p\223\3337\372i\331\225\325*\237"
 138      7277E970 
 138      93DB37FA 
 138      69D995D5 
 138      2A9F
 139 016d 52C7DD1A 		.ascii	"R\307\335\032\212v\3431\021\016\021!\303\023d\3219\010"
 139      8A76E331 
 139      110E1121 
 139      C31364D1 
 139      3908
 140 017f 6DFD75AF 		.ascii	"m\375u\257\"\221k\031\331]\274k\210\317\275\233\332"
 140      22916B19 
 140      D95DBC6B 
 140      88CFBD9B 
 140      DA
 141 0190 DF5AC7DF 		.ascii	"\337Z\307\337P\236[\300\320\3554M\246\270\036\342#\015"
 141      509E5BC0 
 141      D0ED344D 
 141      A6B81EE2 
 141      230D
 142 01a2 7418D994 		.ascii	"t\030\331\2249\032\233\031\207zE\016\241\366\375\217"
 142      391A9B19 
 142      877A450E 
 142      A1F6FD8F 
 143 01b2 668B65E2 		.ascii	"f\213e\342\346T:o\272\312\371q\311\021q8\"\311\034Q"
 143      E6543A6F 
 143      BACAF971 
 143      C9117138 
 143      22C91C51 
 144 01c6 C1A1BE9E 		.ascii	"\301\241\276\236\035|\241C7@\355\241Qt\274R\2334\023"
 144      1D7CA143 
 144      3740EDA1 
 144      5174BC52 
 144      9B3413
 145 01d9 8611D0B4 		.ascii	"\206\021\320\264\360\224>?\243\356\333\271\300\314@"
 145      F0943E3F 
 145      A3EEDBB9 
 145      C0CC40
 146 01e8 86A5B372 		.ascii	"\206\245\263rL\332\342\2406V\353\277\277u\351\024\256"
 146      4CDAE2A0 
 146      3656EBBF 
 146      BF75E914 
 146      AE
 147 01f9 DBDA6CA7 		.ascii	"\333\332l\247\027\357\306S\3256\310\345\015\267\264"
 147      17EFC653 
 147      D536C8E5 
 147      0DB7B4
 148 0208 B5A442CF 		.ascii	"\265\244B\317\331$\375\371&\351\326\216\373\013\233"
 148      D924FDF9 
 148      26E9D68E 
 148      FB0B9B
ARM GAS  C:\Users\JEFFSN~1\AppData\Local\Temp\ccF47YZL.s 			page 11


 149 0217 AFD3FF82 		.ascii	"\257\323\377\2021Z\316\250\363\326\230\350[\224\350"
 149      315ACEA8 
 149      F3D698E8 
 149      5B94E8
 150 0226 F93A3981 		.ascii	"\371:9\201\364\033b\335\264\214\314\323\022\350lc\034"
 150      F41B62DD 
 150      B48CCCD3 
 150      12E86C63 
 150      1C
 151 0237 E9F2B714 		.ascii	"\351\362\267\024\367^oi\225\317\364\207\314\022\237"
 151      F75E6F69 
 151      95CFF487 
 151      CC129F
 152 0246 193E5159 		.ascii	"\031>QY)\354@0t2Xq\331<\033(7\323\362\317\025\272\275"
 152      29EC4030 
 152      74325871 
 152      D93C1B28 
 152      37D3F2CF 
 153 025d B9B92CA5 		.ascii	"\271\271,\245\272\302\037\316\333\227o\372\315`i\330"
 153      BAC21FCE 
 153      DB976FFA 
 153      CD6069D8 
 154 026d 2C2FF105 		.ascii	",/\361\005\252\203efq\201/\340=R\\V\023\256\2512C\236"
 154      AA836566 
 154      71812FE0 
 154      3D525C56 
 154      13AEA932 
 155 0283 8BECC07F 		.ascii	"\213\354\300\177\020\211:\005\025\376\220\247\214\355"
 155      10893A05 
 155      15FE90A7 
 155      8CED
 156 0291 D950D87B 		.ascii	"\331P\330{)P\356\224\325\202\346\205\274?ID#\306"
 156      2950EE94 
 156      D582E685 
 156      BC3F4944 
 156      23C6
 157              		.text
 158              		.section	.gnu.lto_.symtab.724447f9,"",%progbits
 159 0000 43617053 		.ascii	"CapSense_SetAllSensorsDriveMode\000"
 159      656E7365 
 159      5F536574 
 159      416C6C53 
 159      656E736F 
 160 0020 00       		.ascii	"\000"
 161 0021 00       		.ascii	"\000"
 162 0022 00       		.ascii	"\000"
 163 0023 00000000 		.ascii	"\000\000\000\000\000\000\000\000"
 163      00000000 
 164 002b B3000000 		.ascii	"\263\000\000\000"
 165 002f 43617053 		.ascii	"CapSense_SetAllCmodsDriveMode\000"
 165      656E7365 
 165      5F536574 
 165      416C6C43 
 165      6D6F6473 
 166 004d 00       		.ascii	"\000"
 167 004e 00       		.ascii	"\000"
 168 004f 00       		.ascii	"\000"
ARM GAS  C:\Users\JEFFSN~1\AppData\Local\Temp\ccF47YZL.s 			page 12


 169 0050 00000000 		.ascii	"\000\000\000\000\000\000\000\000"
 169      00000000 
 170 0058 B5000000 		.ascii	"\265\000\000\000"
 171              		.text
 172              		.section	.gnu.lto_.opts,"",%progbits
 173 0000 272D666D 		.ascii	"'-fmath-errno' '-fsigned-zeros' '-ftrapping-math' '"
 173      6174682D 
 173      6572726E 
 173      6F272027 
 173      2D667369 
 174 0033 2D666E6F 		.ascii	"-fno-trapv' '-fno-strict-overflow' '-fno-openmp' '-"
 174      2D747261 
 174      70762720 
 174      272D666E 
 174      6F2D7374 
 175 0066 666E6F2D 		.ascii	"fno-openacc' '-mcpu=cortex-m3' '-mthumb' '-g' '-Og'"
 175      6F70656E 
 175      61636327 
 175      20272D6D 
 175      6370753D 
 176 0099 20272D66 		.ascii	" '-ffunction-sections' '-ffat-lto-objects' '-finlin"
 176      66756E63 
 176      74696F6E 
 176      2D736563 
 176      74696F6E 
 177 00cc 652D6675 		.ascii	"e-functions' '-flto'\000"
 177      6E637469 
 177      6F6E7327 
 177      20272D66 
 177      6C746F27 
 178              		.text
 179              		.cfi_sections	.debug_frame
 180              		.section	.text.CapSense_SetAllSensorsDriveMode,"ax",%progbits
 181              		.align	2
 182              		.global	CapSense_SetAllSensorsDriveMode
 183              		.thumb
 184              		.thumb_func
 185              		.type	CapSense_SetAllSensorsDriveMode, %function
 186              	CapSense_SetAllSensorsDriveMode:
 187              	.LFB0:
 188              		.file 1 "Generated_Source\\PSoC5\\CapSense_Pins.c"
   1:Generated_Source\PSoC5/CapSense_Pins.c **** /*******************************************************************************
   2:Generated_Source\PSoC5/CapSense_Pins.c **** * File Name: CapSense_Pins.c
   3:Generated_Source\PSoC5/CapSense_Pins.c **** * Version 3.50
   4:Generated_Source\PSoC5/CapSense_Pins.c **** *
   5:Generated_Source\PSoC5/CapSense_Pins.c **** * Description:
   6:Generated_Source\PSoC5/CapSense_Pins.c **** *  This file contains API to enable firmware control of a Pins component.
   7:Generated_Source\PSoC5/CapSense_Pins.c **** *
   8:Generated_Source\PSoC5/CapSense_Pins.c **** * Note:
   9:Generated_Source\PSoC5/CapSense_Pins.c **** *
  10:Generated_Source\PSoC5/CapSense_Pins.c **** ********************************************************************************
  11:Generated_Source\PSoC5/CapSense_Pins.c **** * Copyright 2008-2013, Cypress Semiconductor Corporation.  All rights reserved.
  12:Generated_Source\PSoC5/CapSense_Pins.c **** * You may use this file only in accordance with the license, terms, conditions,
  13:Generated_Source\PSoC5/CapSense_Pins.c **** * disclaimers, and limitations in the end user license agreement accompanying
  14:Generated_Source\PSoC5/CapSense_Pins.c **** * the software package with which this file was provided.
  15:Generated_Source\PSoC5/CapSense_Pins.c **** *******************************************************************************/
  16:Generated_Source\PSoC5/CapSense_Pins.c **** 
ARM GAS  C:\Users\JEFFSN~1\AppData\Local\Temp\ccF47YZL.s 			page 13


  17:Generated_Source\PSoC5/CapSense_Pins.c **** #include "CapSense_Pins.h"
  18:Generated_Source\PSoC5/CapSense_Pins.c **** 
  19:Generated_Source\PSoC5/CapSense_Pins.c **** 
  20:Generated_Source\PSoC5/CapSense_Pins.c **** /*******************************************************************************
  21:Generated_Source\PSoC5/CapSense_Pins.c **** * Function Name: CapSense_SetAllSensorsDriveMode
  22:Generated_Source\PSoC5/CapSense_Pins.c **** ********************************************************************************
  23:Generated_Source\PSoC5/CapSense_Pins.c **** *
  24:Generated_Source\PSoC5/CapSense_Pins.c **** * Summary:
  25:Generated_Source\PSoC5/CapSense_Pins.c **** *  Sets the drive mode for the all pins used by capacitive sensors within 
  26:Generated_Source\PSoC5/CapSense_Pins.c **** *  CapSense component.
  27:Generated_Source\PSoC5/CapSense_Pins.c **** * 
  28:Generated_Source\PSoC5/CapSense_Pins.c **** * Parameters:  
  29:Generated_Source\PSoC5/CapSense_Pins.c **** *  mode: Desired drive mode.
  30:Generated_Source\PSoC5/CapSense_Pins.c **** *
  31:Generated_Source\PSoC5/CapSense_Pins.c **** * Return: 
  32:Generated_Source\PSoC5/CapSense_Pins.c **** *  None
  33:Generated_Source\PSoC5/CapSense_Pins.c **** *
  34:Generated_Source\PSoC5/CapSense_Pins.c **** *******************************************************************************/
  35:Generated_Source\PSoC5/CapSense_Pins.c **** void CapSense_SetAllSensorsDriveMode(uint8 mode) 
  36:Generated_Source\PSoC5/CapSense_Pins.c **** {
 189              		.loc 1 36 0
 190              		.cfi_startproc
 191              		@ args = 0, pretend = 0, frame = 0
 192              		@ frame_needed = 0, uses_anonymous_args = 0
 193              		@ link register save eliminated.
 194              	.LVL0:
  37:Generated_Source\PSoC5/CapSense_Pins.c ****     /* Set pins drive mode */
  38:Generated_Source\PSoC5/CapSense_Pins.c ****     CyPins_SetPinDriveMode(CapSense_PortCH0__Button0__BTN, mode);
 195              		.loc 1 38 0
 196 0000 194A     		ldr	r2, .L2
 197 0002 1378     		ldrb	r3, [r2]	@ zero_extendqisi2
 198 0004 00F00E00 		and	r0, r0, #14
 199              	.LVL1:
 200 0008 03F0F103 		and	r3, r3, #241
 201 000c 0343     		orrs	r3, r3, r0
 202 000e 1370     		strb	r3, [r2]
  39:Generated_Source\PSoC5/CapSense_Pins.c ****     CyPins_SetPinDriveMode(CapSense_PortCH0__Button1__BTN, mode);
 203              		.loc 1 39 0
 204 0010 0232     		adds	r2, r2, #2
 205 0012 1378     		ldrb	r3, [r2]	@ zero_extendqisi2
 206 0014 03F0F103 		and	r3, r3, #241
 207 0018 0343     		orrs	r3, r3, r0
 208 001a 1370     		strb	r3, [r2]
  40:Generated_Source\PSoC5/CapSense_Pins.c ****     CyPins_SetPinDriveMode(CapSense_PortCH0__Button2__BTN, mode);
 209              		.loc 1 40 0
 210 001c 0232     		adds	r2, r2, #2
 211 001e 1378     		ldrb	r3, [r2]	@ zero_extendqisi2
 212 0020 03F0F103 		and	r3, r3, #241
 213 0024 0343     		orrs	r3, r3, r0
 214 0026 1370     		strb	r3, [r2]
  41:Generated_Source\PSoC5/CapSense_Pins.c ****     CyPins_SetPinDriveMode(CapSense_PortCH0__Button3__BTN, mode);
 215              		.loc 1 41 0
 216 0028 0232     		adds	r2, r2, #2
 217 002a 1378     		ldrb	r3, [r2]	@ zero_extendqisi2
 218 002c 03F0F103 		and	r3, r3, #241
 219 0030 0343     		orrs	r3, r3, r0
 220 0032 1370     		strb	r3, [r2]
ARM GAS  C:\Users\JEFFSN~1\AppData\Local\Temp\ccF47YZL.s 			page 14


  42:Generated_Source\PSoC5/CapSense_Pins.c ****     CyPins_SetPinDriveMode(CapSense_PortCH0__Button4__BTN, mode);
 221              		.loc 1 42 0
 222 0034 0232     		adds	r2, r2, #2
 223 0036 1378     		ldrb	r3, [r2]	@ zero_extendqisi2
 224 0038 03F0F103 		and	r3, r3, #241
 225 003c 0343     		orrs	r3, r3, r0
 226 003e 1370     		strb	r3, [r2]
  43:Generated_Source\PSoC5/CapSense_Pins.c ****     CyPins_SetPinDriveMode(CapSense_PortCH0__Button5__BTN, mode);
 227              		.loc 1 43 0
 228 0040 0332     		adds	r2, r2, #3
 229 0042 1378     		ldrb	r3, [r2]	@ zero_extendqisi2
 230 0044 03F0F103 		and	r3, r3, #241
 231 0048 0343     		orrs	r3, r3, r0
 232 004a 1370     		strb	r3, [r2]
  44:Generated_Source\PSoC5/CapSense_Pins.c ****     CyPins_SetPinDriveMode(CapSense_PortCH0__Button6__BTN, mode);
 233              		.loc 1 44 0
 234 004c 0232     		adds	r2, r2, #2
 235 004e 1378     		ldrb	r3, [r2]	@ zero_extendqisi2
 236 0050 03F0F103 		and	r3, r3, #241
 237 0054 0343     		orrs	r3, r3, r0
 238 0056 1370     		strb	r3, [r2]
  45:Generated_Source\PSoC5/CapSense_Pins.c ****     CyPins_SetPinDriveMode(CapSense_PortCH0__Button7__BTN, mode);
 239              		.loc 1 45 0
 240 0058 0232     		adds	r2, r2, #2
 241 005a 1378     		ldrb	r3, [r2]	@ zero_extendqisi2
 242 005c 03F0F103 		and	r3, r3, #241
 243 0060 1843     		orrs	r0, r0, r3
 244 0062 1070     		strb	r0, [r2]
 245 0064 7047     		bx	lr
 246              	.L3:
 247 0066 00BF     		.align	2
 248              	.L2:
 249 0068 10500040 		.word	1073762320
 250              		.cfi_endproc
 251              	.LFE0:
 252              		.size	CapSense_SetAllSensorsDriveMode, .-CapSense_SetAllSensorsDriveMode
 253              		.section	.text.CapSense_SetAllCmodsDriveMode,"ax",%progbits
 254              		.align	2
 255              		.global	CapSense_SetAllCmodsDriveMode
 256              		.thumb
 257              		.thumb_func
 258              		.type	CapSense_SetAllCmodsDriveMode, %function
 259              	CapSense_SetAllCmodsDriveMode:
 260              	.LFB1:
  46:Generated_Source\PSoC5/CapSense_Pins.c **** 
  47:Generated_Source\PSoC5/CapSense_Pins.c **** }
  48:Generated_Source\PSoC5/CapSense_Pins.c **** 
  49:Generated_Source\PSoC5/CapSense_Pins.c **** 
  50:Generated_Source\PSoC5/CapSense_Pins.c **** 
  51:Generated_Source\PSoC5/CapSense_Pins.c **** /*******************************************************************************
  52:Generated_Source\PSoC5/CapSense_Pins.c **** * Function Name: CapSense_SetAllCmodsDriveMode
  53:Generated_Source\PSoC5/CapSense_Pins.c **** ********************************************************************************
  54:Generated_Source\PSoC5/CapSense_Pins.c **** *
  55:Generated_Source\PSoC5/CapSense_Pins.c **** * Summary:
  56:Generated_Source\PSoC5/CapSense_Pins.c **** *  Sets the drive mode for the all pins used by Cmod capacitors within CapSense 
  57:Generated_Source\PSoC5/CapSense_Pins.c **** *  component.
  58:Generated_Source\PSoC5/CapSense_Pins.c **** * 
ARM GAS  C:\Users\JEFFSN~1\AppData\Local\Temp\ccF47YZL.s 			page 15


  59:Generated_Source\PSoC5/CapSense_Pins.c **** * Parameters:  
  60:Generated_Source\PSoC5/CapSense_Pins.c **** *  mode: Desired drive mode.
  61:Generated_Source\PSoC5/CapSense_Pins.c **** *
  62:Generated_Source\PSoC5/CapSense_Pins.c **** * Return: 
  63:Generated_Source\PSoC5/CapSense_Pins.c **** *  None
  64:Generated_Source\PSoC5/CapSense_Pins.c **** *
  65:Generated_Source\PSoC5/CapSense_Pins.c **** *******************************************************************************/
  66:Generated_Source\PSoC5/CapSense_Pins.c **** void CapSense_SetAllCmodsDriveMode(uint8 mode) 
  67:Generated_Source\PSoC5/CapSense_Pins.c **** {
 261              		.loc 1 67 0
 262              		.cfi_startproc
 263              		@ args = 0, pretend = 0, frame = 0
 264              		@ frame_needed = 0, uses_anonymous_args = 0
 265              		@ link register save eliminated.
 266              	.LVL2:
  68:Generated_Source\PSoC5/CapSense_Pins.c ****    /* Set pins drive mode */
  69:Generated_Source\PSoC5/CapSense_Pins.c ****     CyPins_SetPinDriveMode(CapSense_CmodCH0_Cmod_CH0, mode);
 267              		.loc 1 69 0
 268 0000 044A     		ldr	r2, .L5
 269 0002 1378     		ldrb	r3, [r2]	@ zero_extendqisi2
 270 0004 03F0F103 		and	r3, r3, #241
 271 0008 00F00E00 		and	r0, r0, #14
 272              	.LVL3:
 273 000c 1843     		orrs	r0, r0, r3
 274 000e 1070     		strb	r0, [r2]
 275 0010 7047     		bx	lr
 276              	.L6:
 277 0012 00BF     		.align	2
 278              	.L5:
 279 0014 7C500040 		.word	1073762428
 280              		.cfi_endproc
 281              	.LFE1:
 282              		.size	CapSense_SetAllCmodsDriveMode, .-CapSense_SetAllCmodsDriveMode
 283              		.text
 284              	.Letext0:
 285              		.file 2 "Generated_Source\\PSoC5\\cytypes.h"
 286              		.section	.debug_info,"",%progbits
 287              	.Ldebug_info0:
 288 0000 EE000000 		.4byte	0xee
 289 0004 0400     		.2byte	0x4
 290 0006 00000000 		.4byte	.Ldebug_abbrev0
 291 000a 04       		.byte	0x4
 292 000b 01       		.uleb128 0x1
 293 000c 6B010000 		.4byte	.LASF17
 294 0010 0C       		.byte	0xc
 295 0011 21000000 		.4byte	.LASF18
 296 0015 D5000000 		.4byte	.LASF19
 297 0019 00000000 		.4byte	.Ldebug_ranges0+0
 298 001d 00000000 		.4byte	0
 299 0021 00000000 		.4byte	.Ldebug_line0
 300 0025 02       		.uleb128 0x2
 301 0026 01       		.byte	0x1
 302 0027 06       		.byte	0x6
 303 0028 5F010000 		.4byte	.LASF0
 304 002c 02       		.uleb128 0x2
 305 002d 01       		.byte	0x1
 306 002e 08       		.byte	0x8
ARM GAS  C:\Users\JEFFSN~1\AppData\Local\Temp\ccF47YZL.s 			page 16


 307 002f C7000000 		.4byte	.LASF1
 308 0033 02       		.uleb128 0x2
 309 0034 02       		.byte	0x2
 310 0035 05       		.byte	0x5
 311 0036 1E020000 		.4byte	.LASF2
 312 003a 02       		.uleb128 0x2
 313 003b 02       		.byte	0x2
 314 003c 07       		.byte	0x7
 315 003d 0E000000 		.4byte	.LASF3
 316 0041 02       		.uleb128 0x2
 317 0042 04       		.byte	0x4
 318 0043 05       		.byte	0x5
 319 0044 49010000 		.4byte	.LASF4
 320 0048 02       		.uleb128 0x2
 321 0049 04       		.byte	0x4
 322 004a 07       		.byte	0x7
 323 004b 98000000 		.4byte	.LASF5
 324 004f 02       		.uleb128 0x2
 325 0050 08       		.byte	0x8
 326 0051 05       		.byte	0x5
 327 0052 00000000 		.4byte	.LASF6
 328 0056 02       		.uleb128 0x2
 329 0057 08       		.byte	0x8
 330 0058 07       		.byte	0x7
 331 0059 AA000000 		.4byte	.LASF7
 332 005d 03       		.uleb128 0x3
 333 005e 04       		.byte	0x4
 334 005f 05       		.byte	0x5
 335 0060 696E7400 		.ascii	"int\000"
 336 0064 02       		.uleb128 0x2
 337 0065 04       		.byte	0x4
 338 0066 07       		.byte	0x7
 339 0067 48000000 		.4byte	.LASF8
 340 006b 04       		.uleb128 0x4
 341 006c 59010000 		.4byte	.LASF12
 342 0070 02       		.byte	0x2
 343 0071 E901     		.2byte	0x1e9
 344 0073 2C000000 		.4byte	0x2c
 345 0077 02       		.uleb128 0x2
 346 0078 04       		.byte	0x4
 347 0079 04       		.byte	0x4
 348 007a C1000000 		.4byte	.LASF9
 349 007e 02       		.uleb128 0x2
 350 007f 08       		.byte	0x8
 351 0080 04       		.byte	0x4
 352 0081 52010000 		.4byte	.LASF10
 353 0085 02       		.uleb128 0x2
 354 0086 01       		.byte	0x1
 355 0087 08       		.byte	0x8
 356 0088 44010000 		.4byte	.LASF11
 357 008c 04       		.uleb128 0x4
 358 008d 28020000 		.4byte	.LASF13
 359 0091 02       		.byte	0x2
 360 0092 9302     		.2byte	0x293
 361 0094 98000000 		.4byte	0x98
 362 0098 05       		.uleb128 0x5
 363 0099 6B000000 		.4byte	0x6b
ARM GAS  C:\Users\JEFFSN~1\AppData\Local\Temp\ccF47YZL.s 			page 17


 364 009d 02       		.uleb128 0x2
 365 009e 08       		.byte	0x8
 366 009f 04       		.byte	0x4
 367 00a0 12020000 		.4byte	.LASF14
 368 00a4 02       		.uleb128 0x2
 369 00a5 04       		.byte	0x4
 370 00a6 07       		.byte	0x7
 371 00a7 2D020000 		.4byte	.LASF15
 372 00ab 06       		.uleb128 0x6
 373 00ac 55000000 		.4byte	.LASF20
 374 00b0 01       		.byte	0x1
 375 00b1 23       		.byte	0x23
 376 00b2 00000000 		.4byte	.LFB0
 377 00b6 6C000000 		.4byte	.LFE0-.LFB0
 378 00ba 01       		.uleb128 0x1
 379 00bb 9C       		.byte	0x9c
 380 00bc D0000000 		.4byte	0xd0
 381 00c0 07       		.uleb128 0x7
 382 00c1 75000000 		.4byte	.LASF16
 383 00c5 01       		.byte	0x1
 384 00c6 23       		.byte	0x23
 385 00c7 6B000000 		.4byte	0x6b
 386 00cb 00000000 		.4byte	.LLST0
 387 00cf 00       		.byte	0
 388 00d0 08       		.uleb128 0x8
 389 00d1 7A000000 		.4byte	.LASF21
 390 00d5 01       		.byte	0x1
 391 00d6 42       		.byte	0x42
 392 00d7 00000000 		.4byte	.LFB1
 393 00db 18000000 		.4byte	.LFE1-.LFB1
 394 00df 01       		.uleb128 0x1
 395 00e0 9C       		.byte	0x9c
 396 00e1 07       		.uleb128 0x7
 397 00e2 75000000 		.4byte	.LASF16
 398 00e6 01       		.byte	0x1
 399 00e7 42       		.byte	0x42
 400 00e8 6B000000 		.4byte	0x6b
 401 00ec 21000000 		.4byte	.LLST1
 402 00f0 00       		.byte	0
 403 00f1 00       		.byte	0
 404              		.section	.debug_abbrev,"",%progbits
 405              	.Ldebug_abbrev0:
 406 0000 01       		.uleb128 0x1
 407 0001 11       		.uleb128 0x11
 408 0002 01       		.byte	0x1
 409 0003 25       		.uleb128 0x25
 410 0004 0E       		.uleb128 0xe
 411 0005 13       		.uleb128 0x13
 412 0006 0B       		.uleb128 0xb
 413 0007 03       		.uleb128 0x3
 414 0008 0E       		.uleb128 0xe
 415 0009 1B       		.uleb128 0x1b
 416 000a 0E       		.uleb128 0xe
 417 000b 55       		.uleb128 0x55
 418 000c 17       		.uleb128 0x17
 419 000d 11       		.uleb128 0x11
 420 000e 01       		.uleb128 0x1
ARM GAS  C:\Users\JEFFSN~1\AppData\Local\Temp\ccF47YZL.s 			page 18


 421 000f 10       		.uleb128 0x10
 422 0010 17       		.uleb128 0x17
 423 0011 00       		.byte	0
 424 0012 00       		.byte	0
 425 0013 02       		.uleb128 0x2
 426 0014 24       		.uleb128 0x24
 427 0015 00       		.byte	0
 428 0016 0B       		.uleb128 0xb
 429 0017 0B       		.uleb128 0xb
 430 0018 3E       		.uleb128 0x3e
 431 0019 0B       		.uleb128 0xb
 432 001a 03       		.uleb128 0x3
 433 001b 0E       		.uleb128 0xe
 434 001c 00       		.byte	0
 435 001d 00       		.byte	0
 436 001e 03       		.uleb128 0x3
 437 001f 24       		.uleb128 0x24
 438 0020 00       		.byte	0
 439 0021 0B       		.uleb128 0xb
 440 0022 0B       		.uleb128 0xb
 441 0023 3E       		.uleb128 0x3e
 442 0024 0B       		.uleb128 0xb
 443 0025 03       		.uleb128 0x3
 444 0026 08       		.uleb128 0x8
 445 0027 00       		.byte	0
 446 0028 00       		.byte	0
 447 0029 04       		.uleb128 0x4
 448 002a 16       		.uleb128 0x16
 449 002b 00       		.byte	0
 450 002c 03       		.uleb128 0x3
 451 002d 0E       		.uleb128 0xe
 452 002e 3A       		.uleb128 0x3a
 453 002f 0B       		.uleb128 0xb
 454 0030 3B       		.uleb128 0x3b
 455 0031 05       		.uleb128 0x5
 456 0032 49       		.uleb128 0x49
 457 0033 13       		.uleb128 0x13
 458 0034 00       		.byte	0
 459 0035 00       		.byte	0
 460 0036 05       		.uleb128 0x5
 461 0037 35       		.uleb128 0x35
 462 0038 00       		.byte	0
 463 0039 49       		.uleb128 0x49
 464 003a 13       		.uleb128 0x13
 465 003b 00       		.byte	0
 466 003c 00       		.byte	0
 467 003d 06       		.uleb128 0x6
 468 003e 2E       		.uleb128 0x2e
 469 003f 01       		.byte	0x1
 470 0040 3F       		.uleb128 0x3f
 471 0041 19       		.uleb128 0x19
 472 0042 03       		.uleb128 0x3
 473 0043 0E       		.uleb128 0xe
 474 0044 3A       		.uleb128 0x3a
 475 0045 0B       		.uleb128 0xb
 476 0046 3B       		.uleb128 0x3b
 477 0047 0B       		.uleb128 0xb
ARM GAS  C:\Users\JEFFSN~1\AppData\Local\Temp\ccF47YZL.s 			page 19


 478 0048 27       		.uleb128 0x27
 479 0049 19       		.uleb128 0x19
 480 004a 11       		.uleb128 0x11
 481 004b 01       		.uleb128 0x1
 482 004c 12       		.uleb128 0x12
 483 004d 06       		.uleb128 0x6
 484 004e 40       		.uleb128 0x40
 485 004f 18       		.uleb128 0x18
 486 0050 9742     		.uleb128 0x2117
 487 0052 19       		.uleb128 0x19
 488 0053 01       		.uleb128 0x1
 489 0054 13       		.uleb128 0x13
 490 0055 00       		.byte	0
 491 0056 00       		.byte	0
 492 0057 07       		.uleb128 0x7
 493 0058 05       		.uleb128 0x5
 494 0059 00       		.byte	0
 495 005a 03       		.uleb128 0x3
 496 005b 0E       		.uleb128 0xe
 497 005c 3A       		.uleb128 0x3a
 498 005d 0B       		.uleb128 0xb
 499 005e 3B       		.uleb128 0x3b
 500 005f 0B       		.uleb128 0xb
 501 0060 49       		.uleb128 0x49
 502 0061 13       		.uleb128 0x13
 503 0062 02       		.uleb128 0x2
 504 0063 17       		.uleb128 0x17
 505 0064 00       		.byte	0
 506 0065 00       		.byte	0
 507 0066 08       		.uleb128 0x8
 508 0067 2E       		.uleb128 0x2e
 509 0068 01       		.byte	0x1
 510 0069 3F       		.uleb128 0x3f
 511 006a 19       		.uleb128 0x19
 512 006b 03       		.uleb128 0x3
 513 006c 0E       		.uleb128 0xe
 514 006d 3A       		.uleb128 0x3a
 515 006e 0B       		.uleb128 0xb
 516 006f 3B       		.uleb128 0x3b
 517 0070 0B       		.uleb128 0xb
 518 0071 27       		.uleb128 0x27
 519 0072 19       		.uleb128 0x19
 520 0073 11       		.uleb128 0x11
 521 0074 01       		.uleb128 0x1
 522 0075 12       		.uleb128 0x12
 523 0076 06       		.uleb128 0x6
 524 0077 40       		.uleb128 0x40
 525 0078 18       		.uleb128 0x18
 526 0079 9742     		.uleb128 0x2117
 527 007b 19       		.uleb128 0x19
 528 007c 00       		.byte	0
 529 007d 00       		.byte	0
 530 007e 00       		.byte	0
 531              		.section	.debug_loc,"",%progbits
 532              	.Ldebug_loc0:
 533              	.LLST0:
 534 0000 00000000 		.4byte	.LVL0
ARM GAS  C:\Users\JEFFSN~1\AppData\Local\Temp\ccF47YZL.s 			page 20


 535 0004 08000000 		.4byte	.LVL1
 536 0008 0100     		.2byte	0x1
 537 000a 50       		.byte	0x50
 538 000b 08000000 		.4byte	.LVL1
 539 000f 6C000000 		.4byte	.LFE0
 540 0013 0400     		.2byte	0x4
 541 0015 F3       		.byte	0xf3
 542 0016 01       		.uleb128 0x1
 543 0017 50       		.byte	0x50
 544 0018 9F       		.byte	0x9f
 545 0019 00000000 		.4byte	0
 546 001d 00000000 		.4byte	0
 547              	.LLST1:
 548 0021 00000000 		.4byte	.LVL2
 549 0025 0C000000 		.4byte	.LVL3
 550 0029 0100     		.2byte	0x1
 551 002b 50       		.byte	0x50
 552 002c 0C000000 		.4byte	.LVL3
 553 0030 18000000 		.4byte	.LFE1
 554 0034 0400     		.2byte	0x4
 555 0036 F3       		.byte	0xf3
 556 0037 01       		.uleb128 0x1
 557 0038 50       		.byte	0x50
 558 0039 9F       		.byte	0x9f
 559 003a 00000000 		.4byte	0
 560 003e 00000000 		.4byte	0
 561              		.section	.debug_aranges,"",%progbits
 562 0000 24000000 		.4byte	0x24
 563 0004 0200     		.2byte	0x2
 564 0006 00000000 		.4byte	.Ldebug_info0
 565 000a 04       		.byte	0x4
 566 000b 00       		.byte	0
 567 000c 0000     		.2byte	0
 568 000e 0000     		.2byte	0
 569 0010 00000000 		.4byte	.LFB0
 570 0014 6C000000 		.4byte	.LFE0-.LFB0
 571 0018 00000000 		.4byte	.LFB1
 572 001c 18000000 		.4byte	.LFE1-.LFB1
 573 0020 00000000 		.4byte	0
 574 0024 00000000 		.4byte	0
 575              		.section	.debug_ranges,"",%progbits
 576              	.Ldebug_ranges0:
 577 0000 00000000 		.4byte	.LFB0
 578 0004 6C000000 		.4byte	.LFE0
 579 0008 00000000 		.4byte	.LFB1
 580 000c 18000000 		.4byte	.LFE1
 581 0010 00000000 		.4byte	0
 582 0014 00000000 		.4byte	0
 583              		.section	.debug_line,"",%progbits
 584              	.Ldebug_line0:
 585 0000 78000000 		.section	.debug_str,"MS",%progbits,1
 585      02004A00 
 585      00000201 
 585      FB0E0D00 
 585      01010101 
 586              	.LASF6:
 587 0000 6C6F6E67 		.ascii	"long long int\000"
ARM GAS  C:\Users\JEFFSN~1\AppData\Local\Temp\ccF47YZL.s 			page 21


 587      206C6F6E 
 587      6720696E 
 587      7400
 588              	.LASF3:
 589 000e 73686F72 		.ascii	"short unsigned int\000"
 589      7420756E 
 589      7369676E 
 589      65642069 
 589      6E7400
 590              	.LASF18:
 591 0021 47656E65 		.ascii	"Generated_Source\\PSoC5\\CapSense_Pins.c\000"
 591      72617465 
 591      645F536F 
 591      75726365 
 591      5C50536F 
 592              	.LASF8:
 593 0048 756E7369 		.ascii	"unsigned int\000"
 593      676E6564 
 593      20696E74 
 593      00
 594              	.LASF20:
 595 0055 43617053 		.ascii	"CapSense_SetAllSensorsDriveMode\000"
 595      656E7365 
 595      5F536574 
 595      416C6C53 
 595      656E736F 
 596              	.LASF16:
 597 0075 6D6F6465 		.ascii	"mode\000"
 597      00
 598              	.LASF21:
 599 007a 43617053 		.ascii	"CapSense_SetAllCmodsDriveMode\000"
 599      656E7365 
 599      5F536574 
 599      416C6C43 
 599      6D6F6473 
 600              	.LASF5:
 601 0098 6C6F6E67 		.ascii	"long unsigned int\000"
 601      20756E73 
 601      69676E65 
 601      6420696E 
 601      7400
 602              	.LASF7:
 603 00aa 6C6F6E67 		.ascii	"long long unsigned int\000"
 603      206C6F6E 
 603      6720756E 
 603      7369676E 
 603      65642069 
 604              	.LASF9:
 605 00c1 666C6F61 		.ascii	"float\000"
 605      7400
 606              	.LASF1:
 607 00c7 756E7369 		.ascii	"unsigned char\000"
 607      676E6564 
 607      20636861 
 607      7200
 608              	.LASF19:
 609 00d5 433A5C55 		.ascii	"C:\\Users\\JeffSnyder\\dev\\Electrobass_embedded\\P"
ARM GAS  C:\Users\JEFFSN~1\AppData\Local\Temp\ccF47YZL.s 			page 22


 609      73657273 
 609      5C4A6566 
 609      66536E79 
 609      6465725C 
 610 0103 534F4335 		.ascii	"SOC5_electrobass_stringsensors\\CE210514_PSOC3_5_Th"
 610      5F656C65 
 610      6374726F 
 610      62617373 
 610      5F737472 
 611 0135 65726D69 		.ascii	"ermistor.cydsn\000"
 611      73746F72 
 611      2E637964 
 611      736E00
 612              	.LASF11:
 613 0144 63686172 		.ascii	"char\000"
 613      00
 614              	.LASF4:
 615 0149 6C6F6E67 		.ascii	"long int\000"
 615      20696E74 
 615      00
 616              	.LASF10:
 617 0152 646F7562 		.ascii	"double\000"
 617      6C6500
 618              	.LASF12:
 619 0159 75696E74 		.ascii	"uint8\000"
 619      3800
 620              	.LASF0:
 621 015f 7369676E 		.ascii	"signed char\000"
 621      65642063 
 621      68617200 
 622              	.LASF17:
 623 016b 474E5520 		.ascii	"GNU C11 5.4.1 20160609 (release) [ARM/embedded-5-br"
 623      43313120 
 623      352E342E 
 623      31203230 
 623      31363036 
 624 019e 616E6368 		.ascii	"anch revision 237715] -mcpu=cortex-m3 -mthumb -g -O"
 624      20726576 
 624      6973696F 
 624      6E203233 
 624      37373135 
 625 01d1 67202D66 		.ascii	"g -ffunction-sections -ffat-lto-objects -finline-fu"
 625      66756E63 
 625      74696F6E 
 625      2D736563 
 625      74696F6E 
 626 0204 6E637469 		.ascii	"nctions -flto\000"
 626      6F6E7320 
 626      2D666C74 
 626      6F00
 627              	.LASF14:
 628 0212 6C6F6E67 		.ascii	"long double\000"
 628      20646F75 
 628      626C6500 
 629              	.LASF2:
 630 021e 73686F72 		.ascii	"short int\000"
 630      7420696E 
ARM GAS  C:\Users\JEFFSN~1\AppData\Local\Temp\ccF47YZL.s 			page 23


 630      7400
 631              	.LASF13:
 632 0228 72656738 		.ascii	"reg8\000"
 632      00
 633              	.LASF15:
 634 022d 73697A65 		.ascii	"sizetype\000"
 634      74797065 
 634      00
 635              		.comm	__gnu_lto_v1,1,1
 636              		.ident	"GCC: (GNU Tools for ARM Embedded Processors) 5.4.1 20160609 (release) [ARM/embedded-5-bran
