ARM GAS  C:\Users\JEFFSN~1\AppData\Local\Temp\ccz1w4gd.s 			page 1


   1              		.syntax unified
   2              		.cpu cortex-m3
   3              		.fpu softvfp
   4              		.eabi_attribute 20, 1
   5              		.eabi_attribute 21, 1
   6              		.eabi_attribute 23, 3
   7              		.eabi_attribute 24, 1
   8              		.eabi_attribute 25, 1
   9              		.eabi_attribute 26, 1
  10              		.eabi_attribute 30, 1
  11              		.eabi_attribute 34, 1
  12              		.eabi_attribute 18, 4
  13              		.thumb
  14              		.syntax unified
  15              		.file	"CapSense_AMuxCH0.c"
  16              		.text
  17              	.Ltext0:
  18              		.section	.gnu.lto_.profile.633117ba,"",%progbits
  19 0000 789C6361 		.ascii	"x\234ca`d`a`\000\222\231\322\000\001W\000\217"
  19      60646061 
  19      60009299 
  19      D2000157 
  19      008F
  20              		.text
  21              		.section	.gnu.lto_.inline.633117ba,"",%progbits
  22 0000 789C6361 		.ascii	"x\234ca`d\000\201%\014\010\300\306\300\300-\301\310"
  22      60640081 
  22      250C08C0 
  22      C6C0C02D 
  22      C1C8
  23 0012 C0C471C0 		.ascii	"\300\304q\300\216\201m\201<\023H\214\211\233\201\201"
  23      8E816D81 
  23      3C13488C 
  23      899B8181 
  24 0022 71821F8C 		.ascii	"q\202\037\214b\340x\006\324\310\304\266\3419\023\222"
  24      62E07806 
  24      D4C8C4B6 
  24      E1391392 
  25 0032 1246901C 		.ascii	"\022F\220\0343\003+/P\212\351\002?\\\206\221\013H\260"
  25      33032B2F 
  25      508AE902 
  25      3F5C8691 
  25      0B48B0
  26 0045 32B0F000 		.ascii	"2\260\360\000\305A\346#\013\263a\027fg`\227@3\005j7"
  26      C541E623 
  26      0BB36117 
  26      66676097 
  26      4033056A 
  27 005a 589A0100 		.ascii	"X\232\001\000\320\263\017)"
  27      D0B30F29 
  28              		.text
  29              		.section	.gnu.lto_.jmpfuncs.633117ba,"",%progbits
  30 0000 789C6361 		.ascii	"x\234ca`d\000\001\031\006\004`\003\223L@\314\014\304"
  30      60640001 
  30      19060460 
  30      03934C40 
  30      CC0CC4
ARM GAS  C:\Users\JEFFSN~1\AppData\Local\Temp\ccz1w4gd.s 			page 2


  31 0013 AC501176 		.ascii	"\254P\021v\260(\000\0074\000?"
  31      B0280007 
  31      34003F
  32              		.text
  33              		.section	.gnu.lto_.pureconst.633117ba,"",%progbits
  34 0000 789C6361 		.ascii	"x\234ca`d\340e```c\220`\222`\226`\225`\223`\227\000"
  34      6064E065 
  34      60606063 
  34      90609260 
  34      96609560 
  35 0018 00057700 		.ascii	"\000\005w\000\300"
  35      C0
  36              		.text
  37              		.section	.gnu.lto_CapSense_AMuxCH0_FastSelect.633117ba,"",%progbits
  38 0000 789C954F 		.ascii	"x\234\225O\317KTQ\030\375\316\375\336\374p0\350\017"
  38      CF4B5451 
  38      18FDCEFD 
  38      DEFC7030 
  38      E80F
  39 0012 18A59D28 		.ascii	"\030\245\235((\017\252? fQ\010\2028[C\206\351\201\013"
  39      280FAA3F 
  39      20665108 
  39      82385B43 
  39      86E9810B 
  40 0026 194513DA 		.ascii	"\031E\023\332\315uf\036\325N\020G\020D\024D-k\032\301"
  40      CD75661E 
  40      D54E1047 
  40      10441444 
  40      2D6B1AC1 
  41 003a C5EC9E3F 		.ascii	"\305\354\236?\242A\244Vn2D#$\244\205RA\020\343\353\273"
  41      A241A456 
  41      6E324423 
  41      24A48552 
  41      4110E3EB 
  42 004f 77A016D1 		.ascii	"w\240\026\321\242\017.\367\343p\316\371\316q\010d\346"
  42      A20F2EF7 
  42      E370CEF9 
  42      CE710864 
  42      E6
  43 0060 877CB7A8 		.ascii	"\207|\267\250\371\020!\250\351\267DSq\245\270\356\222"
  43      F91021A8 
  43      E9B74453 
  43      71A5B8EE 
  43      92
  44 0071 4E38F536 		.ascii	"N8\3656\322\255\014\247\011;\200Yt\034\224W\354 \217"
  44      D2AD0CA7 
  44      093B8059 
  44      741C9457 
  44      EC208F
  45 0084 EFAAA1B0 		.ascii	"\357\252\241\260\363\370\254\246:W\265\314\211\177\345"
  45      F3F8ACA6 
  45      3A57B5CC 
  45      897FE5
  46 0093 EAB5003E 		.ascii	"\352\265\000>\023\205\312\236 \254\242SX\033\037v\217"
  46      1385CA9E 
  46      20ACA253 
  46      581B1F76 
ARM GAS  C:\Users\JEFFSN~1\AppData\Local\Temp\ccz1w4gd.s 			page 3


  46      8F
  47 00a4 A3DC0D92 		.ascii	"\243\334\015\222\375\375\326\322vK\307\212\326\005\255"
  47      FDFDD6D2 
  47      764BC78A 
  47      D605AD
  48 00b3 ABF735FB 		.ascii	"\253\3675\373\014\254\201E\201\233I\270I\022\200\260"
  48      0CAC8145 
  48      819B49B8 
  48      491280B0 
  49 00c3 8E0E43FE 		.ascii	"\216\016C\376X\275\232\275\026-\031\373\033MS<C\324"
  49      58BD9ABD 
  49      162D19FB 
  49      1B4D533C 
  49      43D4
  50 00d5 E4AF0C04 		.ascii	"\344\257\014\004:\014\213:\370\032\333.'\342,2\025\201"
  50      3A0C8B3A 
  50      F81ADB2E 
  50      27E22C32 
  50      1581
  51 00e7 D5D18510 		.ascii	"\325\321\205\020M\330K\245\314\317g(\224/\033\247-F"
  51      4DD84BA5 
  51      CCCF6728 
  51      942F1BA7 
  51      2D46
  52 00f9 5B6416DF 		.ascii	"[d\026\337\262\277\363.\366M\371\3146S\255\366\345("
  52      B2BFF32E 
  52      F64DF9CC 
  52      3653ADF6 
  52      E528
  53 010b 966FE827 		.ascii	"\226o\350'Z_\027\354\25140\360\371\301\341^b\021\013"
  53      5A5F17EC 
  53      A93430F0 
  53      F9C1E15E 
  53      62110B
  54 011e 53DAE2C0 		.ascii	"S\332\342\300\206\324~\216\244\244x\201E\320)JG\305"
  54      86D47E8E 
  54      A4A47881 
  54      45D0294A 
  54      47C5
  55 0130 F63FAE15 		.ascii	"\366?\256\025\377\323z\334\270*\204\300KC$\223\202\251"
  55      FFD37ADC 
  55      B82A84C0 
  55      4B432493 
  55      82A9
  56 0142 EEF26794 		.ascii	"\356\362g\224\202\237oZ\015\373\357\223N\250\244\024"
  56      829F6F5A 
  56      0DFBEF93 
  56      4EA8A414 
  57 0152 2AC89358 		.ascii	"*\310\223X\371\034\261:\307\2467\302\231}\365O\241\224"
  57      F91CB13A 
  57      C7A637C2 
  57      997DF54F 
  57      A194
  58 0164 C52B2B8C 		.ascii	"\305++\214\030\241\224\235\257\276^\266e\377\243Z\365"
  58      18A1949D 
  58      AFBE5EB6 
  58      65FFA35A 
ARM GAS  C:\Users\JEFFSN~1\AppData\Local\Temp\ccz1w4gd.s 			page 4


  58      F5
  59 0175 77B54DA9 		.ascii	"w\265M\251&^t\216B0\327k\317\232\271\220\204\022G\256"
  59      265E748E 
  59      4230D76B 
  59      CF9AB990 
  59      841247AE 
  60 0189 75DDF572 		.ascii	"u\335\365r\336x\346\241\367`(=:9\236\365\006\373\323"
  60      DE78E6A1 
  60      F760283D 
  60      3A399EF5 
  60      06FBD3
  61 019c A3A9DB83 		.ascii	"\243\251\333\203\251\314X\332\313MxCw\372&\037\245\356"
  61      A9CC58DA 
  61      CB4D7843 
  61      77FA261F 
  61      A5EE
  62 01ae B93D598A 		.ascii	"\271=Y\212e\2073\271\2347\362\013\035O\303N"
  62      658733B9 
  62      9C37F20B 
  62      1D4FC34E 
  63              		.text
  64              		.section	.gnu.lto_CapSense_AMuxCH0_DisconnectAll.633117ba,"",%progbits
  65 0000 789C3550 		.ascii	"x\2345P\277K\034a\020\2357\337\356\336)z\261\261\263"
  65      BF4B1C61 
  65      109D37DF 
  65      EEDE297A 
  65      B1B1B3
  66 0013 B0B13010 		.ascii	"\260\2610\020QB\376\000\271\"i\022C\256\025\344\270"
  66      5142FE00 
  66      B9226912 
  66      43AE15E4 
  66      B8
  67 0024 6CB03AC5 		.ascii	"l\260:\305(\244\273O\367N\255$A4\244H\232\024^~\250"
  67      28A4BB4F 
  67      F74EAD24 
  67      4134A448 
  67      9A145E7E 
  68 0039 5C11C835 		.ascii	"\\\021\3105q\325\224\341,R\212\220l\360\020I@C\354\242"
  68      71D594E1 
  68      2C528A90 
  68      6CF01049 
  68      4043ECA2 
  69 004d E7CCAE0E 		.ascii	"\347\314\256\016\3547\303\333\231\367\336\214C \215"
  69      EC37C3DB 
  69      99F7DE8C 
  69      43208D
  70 005c 75494392 		.ascii	"uIC\222G\344\203G\340\347\015\242\3314\303I\012\223"
  70      47E48347 
  70      E0E70DA2 
  70      D934C349 
  70      0A93
  71 006e 14DB6987 		.ascii	"\024\333i\207\315\306W\"\333\356Fmd;\\@q\233\006\225"
  71      CDC65722 
  71      DBEE466D 
  71      643B5C40 
  71      719B0695 
  72 0082 D8382E4A 		.ascii	"\3308.J\354\020B\007\251\370Q\3523>g\354,4\353\334\277"
ARM GAS  C:\Users\JEFFSN~1\AppData\Local\Temp\ccz1w4gd.s 			page 5


  72      EC104207 
  72      A9F851EA 
  72      333E67EC 
  72      2C34EBDC 
  73 0097 66257E1C 		.ascii	"f%~\034n\015\331j\210\212!jq\254NXC?I\333\233\315\350"
  73      6E0DD96A 
  73      888A216A 
  73      71AC4E58 
  73      433F49DB 
  74 00ae A0C3DC82 		.ascii	"\240\303\334\202\326\337kg\177\274\276\267\326\316\331"
  74      D6DF6B67 
  74      7FBCBEB7 
  74      D6CED9
  75 00bd 70B9D1F9 		.ascii	"p\271\321\371\322\206\263\275\025\003Tad\014\267{0\330"
  75      D286B3BD 
  75      15035461 
  75      640CB77B 
  75      30D8
  76 00cf 130F4B6F 		.ascii	"\023\017KoT\273X\351\364\312J\337\213w\350K\210\361"
  76      54BB58E9 
  76      F4CA4ADF 
  76      8B77E84B 
  76      88F1
  77 00e1 1E9EEC05 		.ascii	"\036\236\354\005E6\037\205\266\325\012l\370\"\263\375"
  77      45361F85 
  77      B6D50A6C 
  77      F822B3FD 
  78 00f1 2523B082 		.ascii	"%#\260\202n\374\022\235H\267\254s\312,\311D\230\013"
  78      6EFC129D 
  78      48B7AC73 
  78      CA2CC944 
  78      980B
  79 0103 5F2D75C7 		.ascii	"_-u\307\323\362[\350W+;{\251\177\254\352\204\017P\331"
  79      D3F25BE8 
  79      572B3B7B 
  79      A97FACEA 
  79      840F50D9 
  80 0117 53362487 		.ascii	"S6$\2070G(\207\257\033\031mV#\365\372\357\375T\351\334"
  80      30472887 
  80      AF1B196D 
  80      5623F5FA 
  80      EFFD54E9 
  81 012c 2E5ADB55 		.ascii	".Z\333U1\334b\325\377\210\022\005F\0266\324D\260:\337"
  81      31DC62D5 
  81      FF881205 
  81      461636D4 
  81      44B03ADF 
  82 0140 FCFC1F3A 		.ascii	"\374\374\037:\020\030W`\231\372\264\360\255\326\236"
  82      10185760 
  82      99FAB4F0 
  82      ADD69E
  83 014f F003EBC2 		.ascii	"\360\003\353\302\037\201\257\345\245)\226sH\016\255"
  83      1F81AFE5 
  83      A5299673 
  83      480EAD
  84 015e DEBA2881 		.ascii	"\336\272(\201A?Q\336\013\236$LJsX\335\375uE\343a#\266"
  84      413F51DE 
ARM GAS  C:\Users\JEFFSN~1\AppData\Local\Temp\ccz1w4gd.s 			page 6


  84      0B9E244C 
  84      4A7358DD 
  84      FD7545E3 
  85 0175 497F8551 		.ascii	"I\177\205Q\034sU\244\\stC\230\\]\362X\226\334z\020\333"
  85      1C7355A4 
  85      5C737443 
  85      985C5DF2 
  85      5896DC7A 
  86 018b D63811A3 		.ascii	"\3268\021\243Q\233\234\341\346]\277\350O\345\247\375"
  86      519B9CE1 
  86      E65DBFE8 
  86      4FE5A7FD 
  87 019b C763B989 		.ascii	"\307c\271\211\231\251\202?\37207\221\2753\232\315O\346"
  87      99A9823F 
  87      FA303791 
  87      BD339ACD 
  87      4FE6
  88 01ad FCE2537F 		.ascii	"\374\342S\177l\370\376\314\263\354\275\301\201\0029"
  88      6CF8FECC 
  88      B3ECBDC1 
  88      810239
  89 01bc 85F17CF1 		.ascii	"\205\361|\361\022K\317\242B"
  89      124BCFA2 
  89      42
  90              		.text
  91              		.section	.gnu.lto_CapSense_AMuxCH0_Start.633117ba,"",%progbits
  92 0000 789C654F 		.ascii	"x\234eO=HBQ\030\375\316w\237?\010\201KS\015\255FDKk"
  92      3D484251 
  92      18FDCE77 
  92      9F3F0881 
  92      4B530DAD 
  93 0018 100EB504 		.ascii	"\020\016\265\004\221\253 bo\325\260\204\266w\325\036"
  93      91AB2062 
  93      6FD5B084 
  93      B677D51E 
  94 0028 D616446D 		.ascii	"\326\026Dm\342\024Z\031%\321\360\266\2074JMM-\021$!"
  94      E2145A19 
  94      25D1F0B6 
  94      87344A4D 
  94      4D2D1124 
  95 003d 0D0636DA 		.ascii	"\015\0066\332\353\2736v\340r.\3379\367|\347Z\0042\210"
  95      EBBB3676 
  95      E0722EDF 
  95      39F77CE7 
  95      5A043288 
  96 0051 0B2D08CF 		.ascii	"\013-\010\317\310\201\"\360\361#Q9\312\200\271\350("
  96      C88122F0 
  96      F1235139 
  96      CA80B9E8 
  96      28
  97 0062 C86138F8 		.ascii	"\310a8\370\3461\243[\353{\234hj\301\353\371\211\322"
  97      E631A35B 
  97      EB7B9C68 
  97      6AC1EBF9 
  97      89D2
  98 0074 2D1FAE22 		.ascii	"-\037\256\"\012x\222Dh\"Ab{\353\374\234N\205\017\214"
  98      0A789244 
ARM GAS  C:\Users\JEFFSN~1\AppData\Local\Temp\ccz1w4gd.s 			page 7


  98      68224162 
  98      7BEBFC9C 
  98      4E850F8C 
  99 0088 6DEE4F44 		.ascii	"m\356OD\013a\263\356f\313\327AP\325~=\364\316\026\321"
  99      0B61B3EE 
  99      66CBD741 
  99      50D57E3D 
  99      F4CE16D1 
 100 009c 5044B3E6 		.ascii	"PD\263\346\213\331\260\372@\325oL\033\267\311\361\274"
 100      8BD9B0FA 
 100      40D56F4C 
 100      1BB7C9F1 
 100      BC
 101 00ad CF978833 		.ascii	"\317\227\2103\326\207Z\307]\205\200%\002\027p\310UL"
 101      D6875AC7 
 101      5D858025 
 101      021770C8 
 101      554C
 102 00bf 7D5446B7 		.ascii	"}TF\267\355\025\343\025\353\231\333}\212\214\330U\012"
 102      ED15E315 
 102      EB99DB7D 
 102      8A8CD855 
 102      0A
 103 00d0 FF5FAA23 		.ascii	"\377_\252#)i\306\203\336\363C\254\201zYO\346\026\256"
 103      2969C683 
 103      DEF343AC 
 103      817A594F 
 103      E616AE
 104 00e3 E4679798 		.ascii	"\344g\227\230\225\3306\032\020\307}\255\327\211\231"
 104      95D8361A 
 104      10C77DAD 
 104      D78999
 105 00f2 1C0BC0B5 		.ascii	"\034\013\300\265(\003T\374\273\320\244\221\301P:HQ\251"
 105      280354FC 
 105      BBD0A491 
 105      C1503A48 
 105      51A9
 106 0104 3DBF66E7 		.ascii	"=\277f\347\355bv\317\336\316\244\012\245b\316No\246"
 106      ED6276CF 
 106      DECEA40A 
 106      A562CE4E 
 106      6FA6
 107 0116 0AC9E574 		.ascii	"\012\311\345t2\273\223\262\363\273vfu\243\264\237\\"
 107      32BB93B2 
 107      F3BB7666 
 107      75A3B49F 
 107      5C
 108 0127 5F5ACCD1 		.ascii	"_Z\314\321/%0o\351"
 108      2F25306F 
 108      E9
 109              		.text
 110              		.section	.gnu.lto_CapSense_AMuxCH0_Init.633117ba,"",%progbits
 111 0000 789C6361 		.ascii	"x\234ca`d\000\201\225@\254\003\304\322@\314\310\314"
 111      60640081 
 111      9540AC03 
 111      C4D240CC 
 111      C8CC
ARM GAS  C:\Users\JEFFSN~1\AppData\Local\Temp\ccz1w4gd.s 			page 8


 112 0012 C0C834E1 		.ascii	"\300\3104\341\034\003C#\007\023##\210\321\300\301\310"
 112      1C034323 
 112      07132323 
 112      88D1C0C1 
 112      C8
 113 0023 50CFC458 		.ascii	"P\317\304X\317\370\225\351/\023\343\241\366g;\2314\227"
 113      CFF895E9 
 113      2F13E3A1 
 113      F6673B99 
 113      3497
 114 0035 3700C183 		.ascii	"7\000\301\203\245\363\230\033V\034`lef`\370\317\004"
 114      A5F3981B 
 114      561C606C 
 114      656660F8 
 114      CF04
 115 0047 36898171 		.ascii	"6\211\201q9\243&\003P\331\243\215\377\246\362\262\265"
 115      39A32603 
 115      50D9A38D 
 115      FFA6F2B2 
 115      B5
 116 0058 80942940 		.ascii	"\200\224)@$\031W0\262\201\254[\037t\240\341\377\377"
 116      24195730 
 116      B281AC5B 
 116      1F74A0E1 
 116      FFFF
 117 006a E686035F 		.ascii	"\346\206\003_Y?2\003u~\000J\202\254\371\310\304\004"
 117      593F3203 
 117      757E004A 
 117      82ACF9C8 
 117      C404
 118 007c A2995F30 		.ascii	"\242\231_06\037\370.\012R\0152g\347\3167\267\331\353"
 118      361FF82E 
 118      0A520D32 
 118      67E7CE37 
 118      B7D9EB
 119 008f FF367434 		.ascii	"\3776t44\010\26423\376g\002\032\301\270\222\261\236"
 119      3408B432 
 119      33FE6702 
 119      1AC1B892 
 119      B19E
 120 00a1 A1959989 		.ascii	"\241\225\231\211\341\025c\323\201\237\254`\245 \360"
 120      E11563D3 
 120      819FAC60 
 120      A520F0
 121 00b0 01280934 		.ascii	"\001(\0114\001h\236\226{j^jQbIjJ|p~iQrjL@p\276\263i"
 121      01689E96 
 121      7B6A5E6A 
 121      5162496A 
 121      4A7C707E 
 122 00ce 8C736241 		.ascii	"\214sbApj^qj\274\243oi\205\263\207\201^2\003\000]vM"
 122      706A5E71 
 122      6ABCA36F 
 122      6985B387 
 122      815E3203 
 123 00e6 40       		.ascii	"@"
 124              		.text
 125              		.section	.gnu.lto_CapSense_AMuxCH0_Stop.633117ba,"",%progbits
ARM GAS  C:\Users\JEFFSN~1\AppData\Local\Temp\ccz1w4gd.s 			page 9


 126 0000 789C6361 		.ascii	"x\234ca`d\000\201\325@\254\003\304\322@\314\310\314"
 126      60640081 
 126      D540AC03 
 126      C4D240CC 
 126      C8CC
 127 0012 C0C834E1 		.ascii	"\300\3104\341\034\003C#\007\023##\210\321\300\301\310"
 127      1C034323 
 127      07132323 
 127      88D1C0C1 
 127      C8
 128 0023 50CFC458 		.ascii	"P\317\304X\317\370\225\351/\023\343\241\366g;\2314\227"
 128      CFF895E9 
 128      2F13E3A1 
 128      F6673B99 
 128      3497
 129 0035 3700C183 		.ascii	"7\000\301\203\326\347\006\015+\0160\266230\374g\002"
 129      D6E7060D 
 129      2B0E30B6 
 129      323330FC 
 129      6702
 130 0047 9BC4C0B8 		.ascii	"\233\304\300\270\234Q\223\001\250\354\321\306\177Sy"
 130      9C519301 
 130      A8ECD1C6 
 130      7F5379
 131 0056 D95A40CA 		.ascii	"\331Z@\312\024 \222\214+\030\331@\326\255\017:\320\360"
 131      1420928C 
 131      2B18D940 
 131      D6AD0F3A 
 131      D0F0
 132 0068 FF7F73C3 		.ascii	"\377\177s\303\201\335l\007\367\261\001\265~\000\312"
 132      81DD6C07 
 132      F7B101B5 
 132      7E00CA
 133 0077 82ECF9C8 		.ascii	"\202\354\371\310\304\004\242\231_06\037\330{\214\011"
 133      C404A299 
 133      5F30361F 
 133      D87B8C09 
 134 0087 A41E64D2 		.ascii	"\244\036d\322\316\235on\263\327\377m\350hh\020hef\374"
 134      CE9D6F6E 
 134      B3D7FF6D 
 134      E8686810 
 134      686566FC 
 135 009b CF043484 		.ascii	"\317\0044\204q%c=C+3\023\303+\306\246\003\373\335\300"
 135      7125633D 
 135      432B3313 
 135      C32BC6A6 
 135      03FBDDC0 
 136 00af 4A41E003 		.ascii	"JA\340\003P\022h\004\320@-\367\324\274\324\242\304\222"
 136      50126804 
 136      D0402DF7 
 136      D4BCD4A2 
 136      C492
 137 00c1 D494F8E0 		.ascii	"\324\224\370\340\374\322\242\344\324\230\200\340|g\323"
 137      FCD2A2E4 
 137      D49880E0 
 137      7C67D3
 138 00d0 18E7C482 		.ascii	"\030\347\304\202\340\324\274\342\324xG\337\322\012g"
ARM GAS  C:\Users\JEFFSN~1\AppData\Local\Temp\ccz1w4gd.s 			page 10


 138      E0D4BCE2 
 138      D47847DF 
 138      D20A67
 139 00df 0F03BD64 		.ascii	"\017\003\275d\006\000R\305Np"
 139      060052C5 
 139      4E70
 140              		.text
 141              		.section	.gnu.lto_CapSense_AMuxCH0_Select.633117ba,"",%progbits
 142 0000 789C6D90 		.ascii	"x\234m\220\273K\003A\020\306\347\333\325\273D\020\354"
 142      BB4B0341 
 142      10C6E7DB 
 142      D5BB4410 
 142      EC
 143 0011 4D611714 		.ascii	"Ma\027\024\224\200\372\007H\212\330\010bZ%\204x`!\211"
 143      9480FA07 
 143      488AD808 
 143      625A2584 
 143      78602189 
 144 0025 F800BBDB 		.ascii	"\370\000\273\333<\016\265\023\304\200\212\210\205$>"
 144      3C0EB513 
 144      C4808A88 
 144      85243E
 145 0034 838545BA 		.ascii	"\203\205E\2723\0126\242\225\215\212\210E\220`\021E\313"
 145      330A36A2 
 145      958D8A88 
 145      45906011 
 145      45CB
 146 0046 78CEC652 		.ascii	"x\316\306R\007\226\031\206o~\363\355\264\020HG\212\323"
 146      07961986 
 146      6F7EF3ED 
 146      B4104847 
 146      8AD3
 147 0058 00E74E7E 		.ascii	"\000\347N~\220\004\261zC\224\366\011@\027\312\007\262"
 147      9004B17A 
 147      4394F609 
 147      4017CA07 
 147      B2
 148 0069 056C7C89 		.ascii	"\005l|\211\206@e\251Z\026\335\005\305\361\354|\204T"
 148      864065A9 
 148      5A16DD05 
 148      C5F1EC7C 
 148      8454
 149 007b D1852389 		.ascii	"\321\205#\211<\321$\021\012\350f\325\321\343\305\223"
 149      3CD12411 
 149      0AE866D5 
 149      D1E3C593 
 150 008b 217B415C 		.ascii	"!{A\\\337\237\355\236\373\203{Je\224\332\230P\322\221"
 150      DF9FED9E 
 150      FB837B4A 
 150      6594DA98 
 150      50D291
 151 009e 40119227 		.ascii	"@\021\222'\320\037@(@\334 \354#\250\305/\247\337\353"
 151      D01F4028 
 151      40DC20EC 
 151      23A8C52F 
 151      A7DFEB
 152 00b1 ED464EE3 		.ascii	"\355FN\343\273~\2418\200\241m\226\306\\\345yY\345\256"
ARM GAS  C:\Users\JEFFSN~1\AppData\Local\Temp\ccz1w4gd.s 			page 11


 152      BB7EA138 
 152      80A16D96 
 152      C65CE579 
 152      59E5AE
 153 00c4 99E79BA6 		.ascii	"\231\347\233\246\301\020=Bu\326h\227\357B\350,_\221"
 153      C1103D42 
 153      75D66897 
 153      EF42E82C 
 153      5F91
 154 00d6 75D7AF84 		.ascii	"u\327\257\204\236\322\274r\371\355\301\264\033jY\251"
 154      9ED2BC72 
 154      F9EDC1B4 
 154      1B6A59A9 
 155 00e6 0E470A4F 		.ascii	"\016G\012O0\012\207\260y\251\244W\344\334\274\371\277"
 155      300A87B0 
 155      79A9A457 
 155      E4DCBCF9 
 155      BF
 156 00f7 B4C56320 		.ascii	"\264\305c \341\210\245Y\311\236[\251\212\314\346iu\327"
 156      E188A559 
 156      C99E5BA9 
 156      8ACCE669 
 156      75D7
 157 0109 AFF52CCF 		.ascii	"\257\365,\317;\225[\363S8\322\300\337ic\205o\242\333"
 157      3B955BF3 
 157      5338D2C0 
 157      DF696385 
 157      6FA2DB
 158 011c B5EBBBCB 		.ascii	"\265\353\273\313\266\035l\247U\263\017\234\360!\217"
 158      B61D6CA7 
 158      55B30F9C 
 158      F0218F
 159 012b 11607409 		.ascii	"\021`t\011;`4\325\220q\267\"M\027:\352l\221?\302\313"
 159      3B6034D5 
 159      9071B722 
 159      4D173AEA 
 159      6C913FC2 
 160 0140 7B2256D2 		.ascii	"{\"V\322\232\215\317[\223\261hja6a\215\217FS\341\301"
 160      9A8DCF5B 
 160      93B1686A 
 160      6136618D 
 160      8F4653E1 
 161 0155 F1707C26 		.ascii	"\361p|&j%\347\254\330\320\310\302bx8\324\227 31\025"
 161      6A25E7AC 
 161      D8D0C8C2 
 161      627838D4 
 161      97203331 
 162 016a 4F26ADE9 		.ascii	"O&\255\351\037\017R\221\011"
 162      1F0F5291 
 162      09
 163              		.text
 164              		.section	.gnu.lto_.symbol_nodes.633117ba,"",%progbits
 165 0000 789C558A 		.ascii	"x\234U\2121\016\3020\020\004\347\356l\307n\351\221\340"
 165      310EC230 
 165      1004E7EE 
 165      6CC76EE9 
 165      91E0
ARM GAS  C:\Users\JEFFSN~1\AppData\Local\Temp\ccz1w4gd.s 			page 12


 166 0012 A567241E 		.ascii	"\245g$\036\300\033(y\007uj\312 \321\322QG8\020$\274"
 166      C01B2879 
 166      07756ACA 
 166      20D1D251 
 166      47381024 
 167 0027 CD687727 		.ascii	"\315hw' \334h\321\344p\032\241\341R\367\020\205\303"
 167      20DC68D1 
 167      E4701AA1 
 167      E152F710 
 167      85C3
 168 0039 66390697 		.ascii	"f9\006\227\356Pu\355M\344k\232[o\006\017\375\020=v\203"
 168      EE5075ED 
 168      4DE46B9A 
 168      5B6F060F 
 168      FD103D76 
 169 004e 644F9F01 		.ascii	"dO\237\001j\335\265^|\370\357F\341\361\032\305\310\034"
 169      6ADDB55E 
 169      7CF8EF46 
 169      E1F11AC5 
 169      C81C
 170 0060 EFB39816 		.ascii	"\357\263\230\026\256\323sk\246\234\247\326\343\312\264"
 170      AED3736B 
 170      A69CA7D6 
 170      E3CAB4
 171 006f 72F83137 		.ascii	"r\37017o\026\336d\3743\012"
 171      6F16DE64 
 171      FC330A
 172              		.text
 173              		.section	.gnu.lto_.refs.633117ba,"",%progbits
 174 0000 789C0DC1 		.ascii	"x\234\015\301\007\015\000\000\010\300\260\215\023\004"
 174      070D0000 
 174      08C0B08D 
 174      1304
 175 000e E0DF2BB4 		.ascii	"\340\337+\264\205,\020\340k\323\012G\223\003\003\207"
 175      852C10E0 
 175      6BD30A47 
 175      93030387 
 176 001e 003C     		.ascii	"\000<"
 177              		.text
 178              		.section	.gnu.lto_.decls.633117ba,"",%progbits
 179 0000 789C7D93 		.ascii	"x\234}\223\177LSW\024\307\357y\257\255\265\024g\214"
 179      7F4C5357 
 179      14C7EF79 
 179      AFADB514 
 179      678C
 180 0012 634DD62C 		.ascii	"cM\326,\314\304i\366\007\321,K\266\177\314L\027u\177"
 180      CCC469F6 
 180      07D12C4B 
 180      B67FCC4C 
 180      17757F
 181 0025 6C59D2C8 		.ascii	"lY\322\310_$M\355\236\263ISHy$s\361\217\213vf\272\375"
 181      5F244DED 
 181      9EB34953 
 181      48792473 
 181      F18F8B76 
 182 003c 816E1911 		.ascii	"\201n\031\021\2211\226\240\374\030\226b\225\026\204"
 182      913196A0 
ARM GAS  C:\Users\JEFFSN~1\AppData\Local\Temp\ccz1w4gd.s 			page 13


 182      FC189662 
 182      951684
 183 004b 078C1FA5 		.ascii	"\007\214\037\245\3422\375c3\310\300!.nd\321\215e\032"
 183      E232FD63 
 183      33C8C021 
 183      2E6E64D1 
 183      8D651A
 184 005e A3ECDCFB 		.ascii	"\243\354\334\373\356\343=(\354\300\351\273\347\276\357"
 184      EEE33D28 
 184      ECC0E9BB 
 184      E7BEEF
 185 006d F99C734F 		.ascii	"\371\234sOom\004\010\263\200\235\220#\270\324\320\027"
 185      6F6D0408 
 185      B3809D90 
 185      23B8D4D0 
 185      17
 186 007e D1D6E15E 		.ascii	"\321\326\341^)1\315\211\336\205~\031\275\033=\203\336"
 186      2931CD89 
 186      DE857E19 
 186      BD1B3D83 
 186      DE
 187 008f 8BDE87AE 		.ascii	"\213\336\207\256\241\017\242K\350\303\350cd\271\261"
 187      A10FA24B 
 187      E8C3E863 
 187      64B9B1
 188 009e 3C87E075 		.ascii	"<\207\340u\240{\321\263\350\343\350I\241\221\205nP\360"
 188      A07BD1B3 
 188      E8E3E849 
 188      A191856E 
 188      50F0
 189 00b0 40B0ACC6 		.ascii	"@\260\254\306j\333,\034k\276$\336\017\222|c\375\332"
 189      6ADB2C1C 
 189      6BBE24DE 
 189      0F927C63 
 189      FDDA
 190 00c2 455E0E3D 		.ascii	"E^\016=%\352wXr\273E>\254\322\177F\364g\3157\3622\""
 190      25EA7758 
 190      72BB453E 
 190      ACD27F46 
 190      F467CD37 
 191 00d9 6FA5F5FE 		.ascii	"o\245\365\376ON\357\0329l\226\306\334;,y\3069\263B'"
 191      4F4EEF1A 
 191      396C96C6 
 191      DC3B2C79 
 191      C639B342 
 192 00ee 0B2D6368 		.ascii	"\013-chd\365Y=\225\240~\240a\310>\011\267\000\010p#"
 192      64F5593D 
 192      95A07EA0 
 192      61C83E09 
 192      B7000870 
 193 0103 E2BB266C 		.ascii	"\342\273&lG<\331\002\364@\"\202\005\206H\250\371\037"
 193      473CD902 
 193      F4402282 
 193      058648A8 
 193      F91F
 194 0115 FE4B5CBF 		.ascii	"\376K\\\277\264o\350\226j.\032fn\301\222\031JX\016e"
 194      B46FE896 
ARM GAS  C:\Users\JEFFSN~1\AppData\Local\Temp\ccz1w4gd.s 			page 14


 194      6A2E1A66 
 194      6EC19219 
 194      4A580E65 
 195 0129 5433C458 		.ascii	"T3\304X2\023,<\321\275\250\017\326\262\034-\033\207"
 195      32132C3C 
 195      D1BDA80F 
 195      D6B21C2D 
 195      1B87
 196 013b AEA5B976 		.ascii	"\256\245\271vIF&\256\247\037_\330S\322N\321j(\225v\231"
 196      494626AE 
 196      A71F5FD8 
 196      53D24ED1 
 196      6A289576 
 197 0150 93B9F8C9 		.ascii	"\223\271\370\311\335\026\347\202\004^\027,\002\213\347"
 197      DD16E782 
 197      045E172C 
 197      028BE7
 198 015f D38F0BF5 		.ascii	"\323\217\013\365\230\275>sj\366Y\201\274\215\255\245"
 198      98BD3E73 
 198      6AF65981 
 198      BC8DADA5 
 199 016f 9BB36DF7 		.ascii	"\233\263m\367m\260\335\325\31403=s\273\322\224n\204"
 199      6DB0DDD5 
 199      CC30333D 
 199      73BBD294 
 199      6E84
 200 0181 0E70413B 		.ascii	"\016pA;\310\320\002%\254\003\257\013??\245\364(}\320"
 200      C8D00225 
 200      AC03AF0B 
 200      3F3FA5F4 
 200      287DD0
 201 0194 441D1E02 		.ascii	"D\035\036\002\257ya\207\227\300w\260\2351\231\012\332"
 201      AF796187 
 201      97C077B0 
 201      9D31990A 
 201      DA
 202 01a5 C00BADE0 		.ascii	"\300\013\255\340e\374\271\332\257\377p\330p\334\234"
 202      65FCB9DA 
 202      AFFF70D8 
 202      70DC9C
 203 01b4 73C0C6F6 		.ascii	"s\300\306\366~\214'\352ela\223\013l\030>\234\250\233"
 203      7E8C27EA 
 203      656C6193 
 203      0B6C183E 
 203      9CA89B
 204 01c7 DD80E166 		.ascii	"\335\200\341f\027\024c\330\236\271=\357\360|\305\217"
 204      171463D8 
 204      9EB93DEF 
 204      F07CC58F 
 205 01d7 728C16DB 		.ascii	"r\214\026\333\240\264\010:\021\230@ \201$x\360\363\""
 205      A0B4083A 
 205      11984020 
 205      812478F0 
 205      F322
 206 01e9 D8F4D33D 		.ascii	"\330\364\323=\242OZ\012\2664\322\306\004\235\351?~\344"
 206      A24F5A0A 
 206      B634D2C6 
ARM GAS  C:\Users\JEFFSN~1\AppData\Local\Temp\ccz1w4gd.s 			page 15


 206      049DE93F 
 206      7EE4
 207 01fb 4E92D213 		.ascii	"N\222\322\023\230hc:\270`v\215K\3668\017\2238\321.\330"
 207      9868633A 
 207      B860768D 
 207      4BF6380F 
 207      9338D12E 
 208 0210 82A9D792 		.ascii	"\202\251\327\222\347Sv\371c>\205\247\331\263u\322\232"
 208      E75376F9 
 208      633E85A7 
 208      D9B375D2 
 208      9A
 209 0221 3553BCE6 		.ascii	"5S\274\346\001Qr8u\243\241\020K\316$\250\366,\347\246"
 209      01517238 
 209      75A3A110 
 209      4BCE24A8 
 209      F62CE7A6 
 210 0235 35D594BE 		.ascii	"5\325\224\276\3054p\311\254w\311Z\3572\257\367{2~\256"
 210      C53470C9 
 210      AC77C95A 
 210      EF32AFF7 
 210      7B327EAE 
 211 0249 403E03BC 		.ascii	"@>\003\274\340\243_\246\342N\275o\255N\021=3\306\025"
 211      E0A35FA6 
 211      E24EBD6F 
 211      AD4E113D 
 211      33C615
 212 025c 9371C5CA 		.ascii	"\223q\305\312\350\346\214\316\266\316\317\355rBg\314"
 212      E8E68CCE 
 212      B6CECFED 
 212      724267CC 
 213 026c 35251581 		.ascii	"5%\025\201\370\313\212H\233\210\264\025\221\341\210"
 213      F8CB8A48 
 213      9B88B415 
 213      91E188
 214 027b B693278E 		.ascii	"\266\223'\216\273\344\021\035\261\360\360\213{b|Z\367"
 214      BBE4111D 
 214      B1F0F08B 
 214      7B627C5A 
 214      F7
 215 028c 88F52C3D 		.ascii	"\210\365,=&\244\307\012\351\345\220S\331\277\373d\371"
 215      26A4C70A 
 215      E9E59053 
 215      D9BFFB64 
 215      F9
 216 029d B60EB931 		.ascii	"\266\016\2711\221\376\315! 5\243\006\204}\001WM\310"
 216      91FECD21 
 216      2035A306 
 216      847D0157 
 216      4DC8
 217 02af 552BA48F 		.ascii	"U+\244\217C\356Mt]s\313\013:\244\246\361\330O\022\233"
 217      43EE4D74 
 217      5D73CB0B 
 217      3AA4A6F1 
 217      D84F129B 
 218 02c3 2ADEBCAE 		.ascii	"*\336\274\256\323\333\316%i|=g\364\233\214~\320\257"
 218      D3DBCE25 
ARM GAS  C:\Users\JEFFSN~1\AppData\Local\Temp\ccz1w4gd.s 			page 16


 218      697C3D67 
 218      F49B8C7E 
 218      D0AF
 219 02d5 3E683CBF 		.ascii	">h<\277\372\237\326\346\365rB\277\377_>\231j\335\240"
 219      FA9FD6E6 
 219      F57242BF 
 219      FF5F3E99 
 219      6ADDA0
 220 02e8 E76B0D8A 		.ascii	"\347k\015\212\310\0350s\007\214\334A\236;\375\331\257"
 220      C81D3073 
 220      078CDC41 
 220      9E3BFDD9 
 220      AF
 221 02f9 CD0EBC73 		.ascii	"\315\016\274s\354R\362\237\305\324\360\374\035\207<"
 221      EC52F29F 
 221      C5D4F0FC 
 221      1D873C
 222 0308 AAC39AA7 		.ascii	"\252\303\232\247o\376\271n\353\267\264\261\011o\325"
 222      6FFEB96E 
 222      EBB7B4B1 
 222      096FD5
 223 0317 48D1BF47 		.ascii	"H\321\277G\251\207+\277\327y\342\312\023\036\017\341"
 223      A9872BBF 
 223      D779E2CA 
 223      131E0FE1 
 224 0327 158161D8 		.ascii	"\025\201a\330\212i\327'\307\336\024LF\371\241\266v\252"
 224      8A69D727 
 224      C7DE144C 
 224      46F9A1B6 
 224      76AA
 225 0339 50BEAB23 		.ascii	"P\276\253#\347\342\271\373N\035\251\375\\Fe\256\032"
 225      E7E2B9FB 
 225      4E1DA9FD 
 225      5C4665AE 
 225      1A
 226 034a 5DC163F1 		.ascii	"]\301c\361\010\343\215q^\365\331oN?\347>\311~kx+7\355"
 226      08E38D71 
 226      5EF5D96F 
 226      4E3FE73E 
 226      C97E6B78 
 227 0361 E339E6B5 		.ascii	"\3439\346\265\314\202\233\237\010\237(~006\264L\314"
 227      CC829B9F 
 227      089F287E 
 227      303036B4 
 227      4CCC
 228 0373 06608AC7 		.ascii	"\006`\212\307\205x\234\213\353n\325\347\234Vqj\2318"
 228      85789C8B 
 228      EB6ED5E7 
 228      9C56716A 
 228      9938
 229 0385 076E636E 		.ascii	"\007ncn\270$/\372\202\025~%Z\251\004v\277[\365\221o"
 229      B8242FFA 
 229      82157E25 
 229      5AA90476 
 229      BF5BF591 
 230 039a DF8EC09E 		.ascii	"\337\216\300\236`\245\352W\"JHu\356}o\177\261o\347N"
 230      60A5EA57 
ARM GAS  C:\Users\JEFFSN~1\AppData\Local\Temp\ccz1w4gd.s 			page 17


 230      224A4875 
 230      EE7D6F7F 
 230      B16FE74E 
 231 03ae 62AF0A47 		.ascii	"b\257\012G\3257^\336\253D\225XPU>\010\370\313\253b!"
 231      D5375EDE 
 231      AB449558 
 231      50553E08 
 231      F8CBAB62 
 232 03c3 A5EC7D7F 		.ascii	"\245\354}\177\271\357\365\262\320a\365p\205RYr\210\274"
 232      B9EFF5B2 
 232      D061F570 
 232      85525972 
 232      88BC
 233 03d5 BA866265 		.ascii	"\272\206be\215\222\020y)\257\356\333\341\312Py4\212"
 233      8D921079 
 233      29AFEEDB 
 233      E1CA5079 
 233      348A
 234 03e7 75774722 		.ascii	"uwG\"Ey\257\375j0\246>\237\267\375N4\274\312\256_-\257"
 234      4579AFFD 
 234      6A30A63E 
 234      9FB7FD4E 
 234      34BCCAAE 
 235 03fe 78217F97 		.ascii	"x!\177\227\237j\363*\373\352+k\236\355`XU\225X t\360"
 235      9F6AF32A 
 235      FBEA2B6B 
 235      9EED6058 
 235      55955820 
 236 0414 433C607E 		.ascii	"C<`~[\3731P\275y\333\021\034\242\357P\020\217\023\361"
 236      5BFB3150 
 236      BD79DB11 
 236      1CA2EF50 
 236      108F13F1 
 237 0428 E4BD0C63 		.ascii	"\344\275\014c\317\245\301\330\177\033\321-d"
 237      CFA5C1D8 
 237      7F1BD12D 
 237      64
 238              		.text
 239              		.section	.gnu.lto_.symtab.633117ba,"",%progbits
 240 0000 43617053 		.ascii	"CapSense_AMuxCH0_FastSelect\000"
 240      656E7365 
 240      5F414D75 
 240      78434830 
 240      5F466173 
 241 001c 00       		.ascii	"\000"
 242 001d 00       		.ascii	"\000"
 243 001e 00       		.ascii	"\000"
 244 001f 00000000 		.ascii	"\000\000\000\000\000\000\000\000"
 244      00000000 
 245 0027 B3000000 		.ascii	"\263\000\000\000"
 246 002b 43617053 		.ascii	"CapSense_AMuxCH0_lastChannel\000"
 246      656E7365 
 246      5F414D75 
 246      78434830 
 246      5F6C6173 
 247 0048 00       		.ascii	"\000"
 248 0049 00       		.ascii	"\000"
ARM GAS  C:\Users\JEFFSN~1\AppData\Local\Temp\ccz1w4gd.s 			page 18


 249 004a 00       		.ascii	"\000"
 250 004b 00000000 		.ascii	"\000\000\000\000\000\000\000\000"
 250      00000000 
 251 0053 C5000000 		.ascii	"\305\000\000\000"
 252 0057 43617053 		.ascii	"CapSense_AMuxCH0_DisconnectAll\000"
 252      656E7365 
 252      5F414D75 
 252      78434830 
 252      5F446973 
 253 0076 00       		.ascii	"\000"
 254 0077 00       		.ascii	"\000"
 255 0078 00       		.ascii	"\000"
 256 0079 00000000 		.ascii	"\000\000\000\000\000\000\000\000"
 256      00000000 
 257 0081 B6000000 		.ascii	"\266\000\000\000"
 258 0085 43617053 		.ascii	"CapSense_AMuxCH0_Start\000"
 258      656E7365 
 258      5F414D75 
 258      78434830 
 258      5F537461 
 259 009c 00       		.ascii	"\000"
 260 009d 00       		.ascii	"\000"
 261 009e 00       		.ascii	"\000"
 262 009f 00000000 		.ascii	"\000\000\000\000\000\000\000\000"
 262      00000000 
 263 00a7 B8000000 		.ascii	"\270\000\000\000"
 264 00ab 43617053 		.ascii	"CapSense_AMuxCH0_initVar\000"
 264      656E7365 
 264      5F414D75 
 264      78434830 
 264      5F696E69 
 265 00c4 00       		.ascii	"\000"
 266 00c5 00       		.ascii	"\000"
 267 00c6 00       		.ascii	"\000"
 268 00c7 00000000 		.ascii	"\000\000\000\000\000\000\000\000"
 268      00000000 
 269 00cf C8000000 		.ascii	"\310\000\000\000"
 270 00d3 43617053 		.ascii	"CapSense_AMuxCH0_Init\000"
 270      656E7365 
 270      5F414D75 
 270      78434830 
 270      5F496E69 
 271 00e9 00       		.ascii	"\000"
 272 00ea 00       		.ascii	"\000"
 273 00eb 00       		.ascii	"\000"
 274 00ec 00000000 		.ascii	"\000\000\000\000\000\000\000\000"
 274      00000000 
 275 00f4 BA000000 		.ascii	"\272\000\000\000"
 276 00f8 43617053 		.ascii	"CapSense_AMuxCH0_Stop\000"
 276      656E7365 
 276      5F414D75 
 276      78434830 
 276      5F53746F 
 277 010e 00       		.ascii	"\000"
 278 010f 00       		.ascii	"\000"
 279 0110 00       		.ascii	"\000"
 280 0111 00000000 		.ascii	"\000\000\000\000\000\000\000\000"
ARM GAS  C:\Users\JEFFSN~1\AppData\Local\Temp\ccz1w4gd.s 			page 19


 280      00000000 
 281 0119 BC000000 		.ascii	"\274\000\000\000"
 282 011d 43617053 		.ascii	"CapSense_AMuxCH0_Select\000"
 282      656E7365 
 282      5F414D75 
 282      78434830 
 282      5F53656C 
 283 0135 00       		.ascii	"\000"
 284 0136 00       		.ascii	"\000"
 285 0137 00       		.ascii	"\000"
 286 0138 00000000 		.ascii	"\000\000\000\000\000\000\000\000"
 286      00000000 
 287 0140 BE000000 		.ascii	"\276\000\000\000"
 288 0144 43617053 		.ascii	"CapSense_AMuxCH0_Set\000"
 288      656E7365 
 288      5F414D75 
 288      78434830 
 288      5F536574 
 289 0159 00       		.ascii	"\000"
 290 015a 02       		.ascii	"\002"
 291 015b 00       		.ascii	"\000"
 292 015c 00000000 		.ascii	"\000\000\000\000\000\000\000\000"
 292      00000000 
 293 0164 C0000000 		.ascii	"\300\000\000\000"
 294 0168 43617053 		.ascii	"CapSense_AMuxCH0_Unset\000"
 294      656E7365 
 294      5F414D75 
 294      78434830 
 294      5F556E73 
 295 017f 00       		.ascii	"\000"
 296 0180 02       		.ascii	"\002"
 297 0181 00       		.ascii	"\000"
 298 0182 00000000 		.ascii	"\000\000\000\000\000\000\000\000"
 298      00000000 
 299 018a C2000000 		.ascii	"\302\000\000\000"
 300              		.text
 301              		.section	.gnu.lto_.opts,"",%progbits
 302 0000 272D666D 		.ascii	"'-fmath-errno' '-fsigned-zeros' '-ftrapping-math' '"
 302      6174682D 
 302      6572726E 
 302      6F272027 
 302      2D667369 
 303 0033 2D666E6F 		.ascii	"-fno-trapv' '-fno-strict-overflow' '-fno-openmp' '-"
 303      2D747261 
 303      70762720 
 303      272D666E 
 303      6F2D7374 
 304 0066 666E6F2D 		.ascii	"fno-openacc' '-mcpu=cortex-m3' '-mthumb' '-g' '-Og'"
 304      6F70656E 
 304      61636327 
 304      20272D6D 
 304      6370753D 
 305 0099 20272D66 		.ascii	" '-ffunction-sections' '-ffat-lto-objects' '-finlin"
 305      66756E63 
 305      74696F6E 
 305      2D736563 
 305      74696F6E 
ARM GAS  C:\Users\JEFFSN~1\AppData\Local\Temp\ccz1w4gd.s 			page 20


 306 00cc 652D6675 		.ascii	"e-functions' '-flto'\000"
 306      6E637469 
 306      6F6E7327 
 306      20272D66 
 306      6C746F27 
 307              		.text
 308              		.cfi_sections	.debug_frame
 309              		.section	.text.CapSense_AMuxCH0_FastSelect,"ax",%progbits
 310              		.align	2
 311              		.global	CapSense_AMuxCH0_FastSelect
 312              		.thumb
 313              		.thumb_func
 314              		.type	CapSense_AMuxCH0_FastSelect, %function
 315              	CapSense_AMuxCH0_FastSelect:
 316              	.LFB4:
 317              		.file 1 "Generated_Source\\PSoC5\\CapSense_AMuxCH0.c"
   1:Generated_Source\PSoC5/CapSense_AMuxCH0.c **** /*******************************************************************************
   2:Generated_Source\PSoC5/CapSense_AMuxCH0.c **** * File Name: CapSense_AMuxCH0.c
   3:Generated_Source\PSoC5/CapSense_AMuxCH0.c **** * Version 3.50
   4:Generated_Source\PSoC5/CapSense_AMuxCH0.c **** *
   5:Generated_Source\PSoC5/CapSense_AMuxCH0.c **** *  Description:
   6:Generated_Source\PSoC5/CapSense_AMuxCH0.c **** *    This file contains all functions required for the analog multiplexer
   7:Generated_Source\PSoC5/CapSense_AMuxCH0.c **** *    CapSense_CSD_AMux User Module.
   8:Generated_Source\PSoC5/CapSense_AMuxCH0.c **** *
   9:Generated_Source\PSoC5/CapSense_AMuxCH0.c **** *   Note:
  10:Generated_Source\PSoC5/CapSense_AMuxCH0.c **** *
  11:Generated_Source\PSoC5/CapSense_AMuxCH0.c **** *******************************************************************************
  12:Generated_Source\PSoC5/CapSense_AMuxCH0.c **** * Copyright 2008-2012, Cypress Semiconductor Corporation.  All rights reserved.
  13:Generated_Source\PSoC5/CapSense_AMuxCH0.c **** * You may use this file only in accordance with the license, terms, conditions, 
  14:Generated_Source\PSoC5/CapSense_AMuxCH0.c **** * disclaimers, and limitations in the end user license agreement accompanying 
  15:Generated_Source\PSoC5/CapSense_AMuxCH0.c **** * the software package with which this file was provided.
  16:Generated_Source\PSoC5/CapSense_AMuxCH0.c **** ********************************************************************************/
  17:Generated_Source\PSoC5/CapSense_AMuxCH0.c **** 
  18:Generated_Source\PSoC5/CapSense_AMuxCH0.c **** #include "CapSense_AMuxCH0.h"
  19:Generated_Source\PSoC5/CapSense_AMuxCH0.c **** 
  20:Generated_Source\PSoC5/CapSense_AMuxCH0.c **** uint8 CapSense_AMuxCH0_initVar = 0u;
  21:Generated_Source\PSoC5/CapSense_AMuxCH0.c **** uint8 CapSense_AMuxCH0_lastChannel = CapSense_AMuxCH0_NULL_CHANNEL;
  22:Generated_Source\PSoC5/CapSense_AMuxCH0.c **** 
  23:Generated_Source\PSoC5/CapSense_AMuxCH0.c **** 
  24:Generated_Source\PSoC5/CapSense_AMuxCH0.c **** /*******************************************************************************
  25:Generated_Source\PSoC5/CapSense_AMuxCH0.c **** * Function Name: CapSense_AMuxCH0_Start
  26:Generated_Source\PSoC5/CapSense_AMuxCH0.c **** ********************************************************************************
  27:Generated_Source\PSoC5/CapSense_AMuxCH0.c **** * Summary:
  28:Generated_Source\PSoC5/CapSense_AMuxCH0.c **** *  Disconnect all channels.
  29:Generated_Source\PSoC5/CapSense_AMuxCH0.c **** *
  30:Generated_Source\PSoC5/CapSense_AMuxCH0.c **** * Parameters:
  31:Generated_Source\PSoC5/CapSense_AMuxCH0.c **** *  void
  32:Generated_Source\PSoC5/CapSense_AMuxCH0.c **** *
  33:Generated_Source\PSoC5/CapSense_AMuxCH0.c **** * Return:
  34:Generated_Source\PSoC5/CapSense_AMuxCH0.c **** *  void
  35:Generated_Source\PSoC5/CapSense_AMuxCH0.c **** *
  36:Generated_Source\PSoC5/CapSense_AMuxCH0.c **** *******************************************************************************/
  37:Generated_Source\PSoC5/CapSense_AMuxCH0.c **** void CapSense_AMuxCH0_Start(void)
  38:Generated_Source\PSoC5/CapSense_AMuxCH0.c **** {
  39:Generated_Source\PSoC5/CapSense_AMuxCH0.c ****     CapSense_AMuxCH0_DisconnectAll();
  40:Generated_Source\PSoC5/CapSense_AMuxCH0.c ****     CapSense_AMuxCH0_initVar = 1u;
  41:Generated_Source\PSoC5/CapSense_AMuxCH0.c **** }
ARM GAS  C:\Users\JEFFSN~1\AppData\Local\Temp\ccz1w4gd.s 			page 21


  42:Generated_Source\PSoC5/CapSense_AMuxCH0.c **** 
  43:Generated_Source\PSoC5/CapSense_AMuxCH0.c **** 
  44:Generated_Source\PSoC5/CapSense_AMuxCH0.c **** /*******************************************************************************
  45:Generated_Source\PSoC5/CapSense_AMuxCH0.c **** * Function Name: CapSense_AMuxCH0_Init
  46:Generated_Source\PSoC5/CapSense_AMuxCH0.c **** ********************************************************************************
  47:Generated_Source\PSoC5/CapSense_AMuxCH0.c **** * Summary:
  48:Generated_Source\PSoC5/CapSense_AMuxCH0.c **** *  Disconnect all channels.
  49:Generated_Source\PSoC5/CapSense_AMuxCH0.c **** *
  50:Generated_Source\PSoC5/CapSense_AMuxCH0.c **** * Parameters:
  51:Generated_Source\PSoC5/CapSense_AMuxCH0.c **** *  void
  52:Generated_Source\PSoC5/CapSense_AMuxCH0.c **** *
  53:Generated_Source\PSoC5/CapSense_AMuxCH0.c **** * Return:
  54:Generated_Source\PSoC5/CapSense_AMuxCH0.c **** *  void
  55:Generated_Source\PSoC5/CapSense_AMuxCH0.c **** *
  56:Generated_Source\PSoC5/CapSense_AMuxCH0.c **** *******************************************************************************/
  57:Generated_Source\PSoC5/CapSense_AMuxCH0.c **** void CapSense_AMuxCH0_Init(void)
  58:Generated_Source\PSoC5/CapSense_AMuxCH0.c **** {
  59:Generated_Source\PSoC5/CapSense_AMuxCH0.c ****     CapSense_AMuxCH0_DisconnectAll();
  60:Generated_Source\PSoC5/CapSense_AMuxCH0.c **** }
  61:Generated_Source\PSoC5/CapSense_AMuxCH0.c **** 
  62:Generated_Source\PSoC5/CapSense_AMuxCH0.c **** 
  63:Generated_Source\PSoC5/CapSense_AMuxCH0.c **** /*******************************************************************************
  64:Generated_Source\PSoC5/CapSense_AMuxCH0.c **** * Function Name: CapSense_AMuxCH0_Stop
  65:Generated_Source\PSoC5/CapSense_AMuxCH0.c **** ********************************************************************************
  66:Generated_Source\PSoC5/CapSense_AMuxCH0.c **** * Summary:
  67:Generated_Source\PSoC5/CapSense_AMuxCH0.c **** *  Disconnect all channels.
  68:Generated_Source\PSoC5/CapSense_AMuxCH0.c **** *
  69:Generated_Source\PSoC5/CapSense_AMuxCH0.c **** * Parameters:
  70:Generated_Source\PSoC5/CapSense_AMuxCH0.c **** *  void
  71:Generated_Source\PSoC5/CapSense_AMuxCH0.c **** *
  72:Generated_Source\PSoC5/CapSense_AMuxCH0.c **** * Return:
  73:Generated_Source\PSoC5/CapSense_AMuxCH0.c **** *  void
  74:Generated_Source\PSoC5/CapSense_AMuxCH0.c **** *
  75:Generated_Source\PSoC5/CapSense_AMuxCH0.c **** *******************************************************************************/
  76:Generated_Source\PSoC5/CapSense_AMuxCH0.c **** void CapSense_AMuxCH0_Stop(void)
  77:Generated_Source\PSoC5/CapSense_AMuxCH0.c **** {
  78:Generated_Source\PSoC5/CapSense_AMuxCH0.c ****     CapSense_AMuxCH0_DisconnectAll();
  79:Generated_Source\PSoC5/CapSense_AMuxCH0.c **** }
  80:Generated_Source\PSoC5/CapSense_AMuxCH0.c **** 
  81:Generated_Source\PSoC5/CapSense_AMuxCH0.c **** 
  82:Generated_Source\PSoC5/CapSense_AMuxCH0.c **** /*******************************************************************************
  83:Generated_Source\PSoC5/CapSense_AMuxCH0.c **** * Function Name: CapSense_AMuxCH0_Select
  84:Generated_Source\PSoC5/CapSense_AMuxCH0.c **** ********************************************************************************
  85:Generated_Source\PSoC5/CapSense_AMuxCH0.c **** * Summary:
  86:Generated_Source\PSoC5/CapSense_AMuxCH0.c **** *  This functions first disconnects all channels then connects the given
  87:Generated_Source\PSoC5/CapSense_AMuxCH0.c **** *  channel.
  88:Generated_Source\PSoC5/CapSense_AMuxCH0.c **** *
  89:Generated_Source\PSoC5/CapSense_AMuxCH0.c **** * Parameters:
  90:Generated_Source\PSoC5/CapSense_AMuxCH0.c **** *  channel:  The channel to connect to the common terminal.
  91:Generated_Source\PSoC5/CapSense_AMuxCH0.c **** *
  92:Generated_Source\PSoC5/CapSense_AMuxCH0.c **** * Return:
  93:Generated_Source\PSoC5/CapSense_AMuxCH0.c **** *  void
  94:Generated_Source\PSoC5/CapSense_AMuxCH0.c **** *
  95:Generated_Source\PSoC5/CapSense_AMuxCH0.c **** *******************************************************************************/
  96:Generated_Source\PSoC5/CapSense_AMuxCH0.c **** void CapSense_AMuxCH0_Select(uint8 channel) CYREENTRANT
  97:Generated_Source\PSoC5/CapSense_AMuxCH0.c **** {
  98:Generated_Source\PSoC5/CapSense_AMuxCH0.c ****     CapSense_AMuxCH0_DisconnectAll();        /* Disconnect all previous connections */
ARM GAS  C:\Users\JEFFSN~1\AppData\Local\Temp\ccz1w4gd.s 			page 22


  99:Generated_Source\PSoC5/CapSense_AMuxCH0.c ****     CapSense_AMuxCH0_Connect(channel);       /* Make the given selection */
 100:Generated_Source\PSoC5/CapSense_AMuxCH0.c ****     CapSense_AMuxCH0_lastChannel = channel;  /* Update last channel */
 101:Generated_Source\PSoC5/CapSense_AMuxCH0.c **** }
 102:Generated_Source\PSoC5/CapSense_AMuxCH0.c **** 
 103:Generated_Source\PSoC5/CapSense_AMuxCH0.c **** 
 104:Generated_Source\PSoC5/CapSense_AMuxCH0.c **** /*******************************************************************************
 105:Generated_Source\PSoC5/CapSense_AMuxCH0.c **** * Function Name: CapSense_AMuxCH0_FastSelect
 106:Generated_Source\PSoC5/CapSense_AMuxCH0.c **** ********************************************************************************
 107:Generated_Source\PSoC5/CapSense_AMuxCH0.c **** * Summary:
 108:Generated_Source\PSoC5/CapSense_AMuxCH0.c **** *  This function first disconnects the last connection made with FastSelect or
 109:Generated_Source\PSoC5/CapSense_AMuxCH0.c **** *  Select, then connects the given channel. The FastSelect function is similar
 110:Generated_Source\PSoC5/CapSense_AMuxCH0.c **** *  to the Select function, except it is faster since it only disconnects the
 111:Generated_Source\PSoC5/CapSense_AMuxCH0.c **** *  last channel selected rather than all channels.
 112:Generated_Source\PSoC5/CapSense_AMuxCH0.c **** *
 113:Generated_Source\PSoC5/CapSense_AMuxCH0.c **** * Parameters:
 114:Generated_Source\PSoC5/CapSense_AMuxCH0.c **** *  channel:  The channel to connect to the common terminal.
 115:Generated_Source\PSoC5/CapSense_AMuxCH0.c **** *
 116:Generated_Source\PSoC5/CapSense_AMuxCH0.c **** * Return:
 117:Generated_Source\PSoC5/CapSense_AMuxCH0.c **** *  void
 118:Generated_Source\PSoC5/CapSense_AMuxCH0.c **** *
 119:Generated_Source\PSoC5/CapSense_AMuxCH0.c **** *******************************************************************************/
 120:Generated_Source\PSoC5/CapSense_AMuxCH0.c **** void CapSense_AMuxCH0_FastSelect(uint8 channel) CYREENTRANT
 121:Generated_Source\PSoC5/CapSense_AMuxCH0.c **** {
 318              		.loc 1 121 0
 319              		.cfi_startproc
 320              		@ args = 0, pretend = 0, frame = 0
 321              		@ frame_needed = 0, uses_anonymous_args = 0
 322              	.LVL0:
 323 0000 10B5     		push	{r4, lr}
 324              		.cfi_def_cfa_offset 8
 325              		.cfi_offset 4, -8
 326              		.cfi_offset 14, -4
 327 0002 0446     		mov	r4, r0
 122:Generated_Source\PSoC5/CapSense_AMuxCH0.c ****     /* Disconnect the last valid channel */
 123:Generated_Source\PSoC5/CapSense_AMuxCH0.c ****     if( CapSense_AMuxCH0_lastChannel != CapSense_AMuxCH0_NULL_CHANNEL)   /* Update last channel */
 328              		.loc 1 123 0
 329 0004 054B     		ldr	r3, .L4
 330 0006 1878     		ldrb	r0, [r3]	@ zero_extendqisi2
 331              	.LVL1:
 332 0008 FF28     		cmp	r0, #255
 333 000a 01D0     		beq	.L2
 124:Generated_Source\PSoC5/CapSense_AMuxCH0.c ****     {
 125:Generated_Source\PSoC5/CapSense_AMuxCH0.c ****         CapSense_AMuxCH0_Disconnect(CapSense_AMuxCH0_lastChannel);
 334              		.loc 1 125 0
 335 000c FFF7FEFF 		bl	CapSense_AMuxCH0_Unset
 336              	.LVL2:
 337              	.L2:
 126:Generated_Source\PSoC5/CapSense_AMuxCH0.c ****     }
 127:Generated_Source\PSoC5/CapSense_AMuxCH0.c **** 
 128:Generated_Source\PSoC5/CapSense_AMuxCH0.c ****     /* Make the new channel connection */
 129:Generated_Source\PSoC5/CapSense_AMuxCH0.c ****     CapSense_AMuxCH0_Connect(channel);
 338              		.loc 1 129 0
 339 0010 2046     		mov	r0, r4
 340 0012 FFF7FEFF 		bl	CapSense_AMuxCH0_Set
 341              	.LVL3:
 130:Generated_Source\PSoC5/CapSense_AMuxCH0.c ****     CapSense_AMuxCH0_lastChannel = channel;   /* Update last channel */
 342              		.loc 1 130 0
ARM GAS  C:\Users\JEFFSN~1\AppData\Local\Temp\ccz1w4gd.s 			page 23


 343 0016 014B     		ldr	r3, .L4
 344 0018 1C70     		strb	r4, [r3]
 345 001a 10BD     		pop	{r4, pc}
 346              	.L5:
 347              		.align	2
 348              	.L4:
 349 001c 00000000 		.word	.LANCHOR0
 350              		.cfi_endproc
 351              	.LFE4:
 352              		.size	CapSense_AMuxCH0_FastSelect, .-CapSense_AMuxCH0_FastSelect
 353              		.section	.text.CapSense_AMuxCH0_DisconnectAll,"ax",%progbits
 354              		.align	2
 355              		.global	CapSense_AMuxCH0_DisconnectAll
 356              		.thumb
 357              		.thumb_func
 358              		.type	CapSense_AMuxCH0_DisconnectAll, %function
 359              	CapSense_AMuxCH0_DisconnectAll:
 360              	.LFB5:
 131:Generated_Source\PSoC5/CapSense_AMuxCH0.c **** }
 132:Generated_Source\PSoC5/CapSense_AMuxCH0.c **** 
 133:Generated_Source\PSoC5/CapSense_AMuxCH0.c **** 
 134:Generated_Source\PSoC5/CapSense_AMuxCH0.c **** #if(CapSense_AMuxCH0_MUXTYPE == CapSense_AMuxCH0_MUX_DIFF)
 135:Generated_Source\PSoC5/CapSense_AMuxCH0.c ****     /*******************************************************************************
 136:Generated_Source\PSoC5/CapSense_AMuxCH0.c ****     * Function Name: CapSense_AMuxCH0_Connect
 137:Generated_Source\PSoC5/CapSense_AMuxCH0.c ****     ********************************************************************************
 138:Generated_Source\PSoC5/CapSense_AMuxCH0.c ****     * Summary:
 139:Generated_Source\PSoC5/CapSense_AMuxCH0.c ****     *  This function connects the given channel without affecting other connections.
 140:Generated_Source\PSoC5/CapSense_AMuxCH0.c ****     *
 141:Generated_Source\PSoC5/CapSense_AMuxCH0.c ****     * Parameters:
 142:Generated_Source\PSoC5/CapSense_AMuxCH0.c ****     *  channel:  The channel to connect to the common terminal.
 143:Generated_Source\PSoC5/CapSense_AMuxCH0.c ****     *
 144:Generated_Source\PSoC5/CapSense_AMuxCH0.c ****     * Return:
 145:Generated_Source\PSoC5/CapSense_AMuxCH0.c ****     *  void
 146:Generated_Source\PSoC5/CapSense_AMuxCH0.c ****     *
 147:Generated_Source\PSoC5/CapSense_AMuxCH0.c ****     *******************************************************************************/
 148:Generated_Source\PSoC5/CapSense_AMuxCH0.c ****     void CapSense_AMuxCH0_Connect(uint8 channel) CYREENTRANT
 149:Generated_Source\PSoC5/CapSense_AMuxCH0.c ****     {
 150:Generated_Source\PSoC5/CapSense_AMuxCH0.c ****         CapSense_AMuxCH0_CYAMUXSIDE_A_Set(channel);
 151:Generated_Source\PSoC5/CapSense_AMuxCH0.c ****         CapSense_AMuxCH0_CYAMUXSIDE_B_Set(channel);
 152:Generated_Source\PSoC5/CapSense_AMuxCH0.c ****     }
 153:Generated_Source\PSoC5/CapSense_AMuxCH0.c ****     
 154:Generated_Source\PSoC5/CapSense_AMuxCH0.c ****     
 155:Generated_Source\PSoC5/CapSense_AMuxCH0.c ****     /*******************************************************************************
 156:Generated_Source\PSoC5/CapSense_AMuxCH0.c ****     * Function Name: CapSense_AMuxCH0_Disconnect
 157:Generated_Source\PSoC5/CapSense_AMuxCH0.c ****     ********************************************************************************
 158:Generated_Source\PSoC5/CapSense_AMuxCH0.c ****     * Summary:
 159:Generated_Source\PSoC5/CapSense_AMuxCH0.c ****     *  This function disconnects the given channel from the common or output
 160:Generated_Source\PSoC5/CapSense_AMuxCH0.c ****     *  terminal without affecting other connections.
 161:Generated_Source\PSoC5/CapSense_AMuxCH0.c ****     *
 162:Generated_Source\PSoC5/CapSense_AMuxCH0.c ****     * Parameters:
 163:Generated_Source\PSoC5/CapSense_AMuxCH0.c ****     *  channel:  The channel to disconnect from the common terminal.
 164:Generated_Source\PSoC5/CapSense_AMuxCH0.c ****     *
 165:Generated_Source\PSoC5/CapSense_AMuxCH0.c ****     * Return:
 166:Generated_Source\PSoC5/CapSense_AMuxCH0.c ****     *  void
 167:Generated_Source\PSoC5/CapSense_AMuxCH0.c ****     *
 168:Generated_Source\PSoC5/CapSense_AMuxCH0.c ****     *******************************************************************************/
 169:Generated_Source\PSoC5/CapSense_AMuxCH0.c ****     void CapSense_AMuxCH0_Disconnect(uint8 channel) CYREENTRANT
ARM GAS  C:\Users\JEFFSN~1\AppData\Local\Temp\ccz1w4gd.s 			page 24


 170:Generated_Source\PSoC5/CapSense_AMuxCH0.c ****     {
 171:Generated_Source\PSoC5/CapSense_AMuxCH0.c ****         CapSense_AMuxCH0_CYAMUXSIDE_A_Unset(channel);
 172:Generated_Source\PSoC5/CapSense_AMuxCH0.c ****         CapSense_AMuxCH0_CYAMUXSIDE_B_Unset(channel);
 173:Generated_Source\PSoC5/CapSense_AMuxCH0.c ****     }
 174:Generated_Source\PSoC5/CapSense_AMuxCH0.c ****     
 175:Generated_Source\PSoC5/CapSense_AMuxCH0.c **** #endif  /* End (CapSense_AMuxCH0_MUXTYPE == CapSense_AMuxCH0_MUX_DIFF) */
 176:Generated_Source\PSoC5/CapSense_AMuxCH0.c **** 
 177:Generated_Source\PSoC5/CapSense_AMuxCH0.c **** 
 178:Generated_Source\PSoC5/CapSense_AMuxCH0.c **** /*******************************************************************************
 179:Generated_Source\PSoC5/CapSense_AMuxCH0.c **** * Function Name: CapSense_AMuxCH0_DisconnectAll
 180:Generated_Source\PSoC5/CapSense_AMuxCH0.c **** ********************************************************************************
 181:Generated_Source\PSoC5/CapSense_AMuxCH0.c **** * Summary:
 182:Generated_Source\PSoC5/CapSense_AMuxCH0.c **** *  This function disconnects all channels.
 183:Generated_Source\PSoC5/CapSense_AMuxCH0.c **** *
 184:Generated_Source\PSoC5/CapSense_AMuxCH0.c **** * Parameters:
 185:Generated_Source\PSoC5/CapSense_AMuxCH0.c **** *  void
 186:Generated_Source\PSoC5/CapSense_AMuxCH0.c **** *
 187:Generated_Source\PSoC5/CapSense_AMuxCH0.c **** * Return:
 188:Generated_Source\PSoC5/CapSense_AMuxCH0.c **** *  void
 189:Generated_Source\PSoC5/CapSense_AMuxCH0.c **** *
 190:Generated_Source\PSoC5/CapSense_AMuxCH0.c **** *******************************************************************************/
 191:Generated_Source\PSoC5/CapSense_AMuxCH0.c **** void CapSense_AMuxCH0_DisconnectAll(void) CYREENTRANT
 192:Generated_Source\PSoC5/CapSense_AMuxCH0.c **** {
 361              		.loc 1 192 0
 362              		.cfi_startproc
 363              		@ args = 0, pretend = 0, frame = 0
 364              		@ frame_needed = 0, uses_anonymous_args = 0
 365 0000 10B5     		push	{r4, lr}
 366              		.cfi_def_cfa_offset 8
 367              		.cfi_offset 4, -8
 368              		.cfi_offset 14, -4
 369              	.LVL4:
 193:Generated_Source\PSoC5/CapSense_AMuxCH0.c ****     uint8 chan;
 194:Generated_Source\PSoC5/CapSense_AMuxCH0.c **** 
 195:Generated_Source\PSoC5/CapSense_AMuxCH0.c ****     #if(CapSense_AMuxCH0_MUXTYPE == CapSense_AMuxCH0_MUX_SINGLE)
 196:Generated_Source\PSoC5/CapSense_AMuxCH0.c ****         for(chan = 0; chan < CapSense_AMuxCH0_CHANNELS ; chan++)
 370              		.loc 1 196 0
 371 0002 0024     		movs	r4, #0
 372 0004 04E0     		b	.L7
 373              	.LVL5:
 374              	.L8:
 197:Generated_Source\PSoC5/CapSense_AMuxCH0.c ****         {
 198:Generated_Source\PSoC5/CapSense_AMuxCH0.c ****             CapSense_AMuxCH0_Unset(chan);
 375              		.loc 1 198 0 discriminator 3
 376 0006 2046     		mov	r0, r4
 377 0008 FFF7FEFF 		bl	CapSense_AMuxCH0_Unset
 378              	.LVL6:
 196:Generated_Source\PSoC5/CapSense_AMuxCH0.c ****         {
 379              		.loc 1 196 0 discriminator 3
 380 000c 0134     		adds	r4, r4, #1
 381              	.LVL7:
 382 000e E4B2     		uxtb	r4, r4
 383              	.LVL8:
 384              	.L7:
 196:Generated_Source\PSoC5/CapSense_AMuxCH0.c ****         {
 385              		.loc 1 196 0 is_stmt 0 discriminator 1
 386 0010 062C     		cmp	r4, #6
ARM GAS  C:\Users\JEFFSN~1\AppData\Local\Temp\ccz1w4gd.s 			page 25


 387 0012 F8D9     		bls	.L8
 199:Generated_Source\PSoC5/CapSense_AMuxCH0.c ****         }
 200:Generated_Source\PSoC5/CapSense_AMuxCH0.c ****     #else
 201:Generated_Source\PSoC5/CapSense_AMuxCH0.c ****         for(chan = 0; chan < CapSense_AMuxCH0_CHANNELS ; chan++)
 202:Generated_Source\PSoC5/CapSense_AMuxCH0.c ****         {
 203:Generated_Source\PSoC5/CapSense_AMuxCH0.c ****             CapSense_AMuxCH0_CYAMUXSIDE_A_Unset(chan);
 204:Generated_Source\PSoC5/CapSense_AMuxCH0.c ****             CapSense_AMuxCH0_CYAMUXSIDE_B_Unset(chan);
 205:Generated_Source\PSoC5/CapSense_AMuxCH0.c ****         }
 206:Generated_Source\PSoC5/CapSense_AMuxCH0.c ****     #endif  /* End (CapSense_AMuxCH0_MUXTYPE == CapSense_AMuxCH0_MUX_SINGLE) */
 207:Generated_Source\PSoC5/CapSense_AMuxCH0.c **** }
 388              		.loc 1 207 0 is_stmt 1
 389 0014 10BD     		pop	{r4, pc}
 390              		.cfi_endproc
 391              	.LFE5:
 392              		.size	CapSense_AMuxCH0_DisconnectAll, .-CapSense_AMuxCH0_DisconnectAll
 393 0016 00BF     		.section	.text.CapSense_AMuxCH0_Start,"ax",%progbits
 394              		.align	2
 395              		.global	CapSense_AMuxCH0_Start
 396              		.thumb
 397              		.thumb_func
 398              		.type	CapSense_AMuxCH0_Start, %function
 399              	CapSense_AMuxCH0_Start:
 400              	.LFB0:
  38:Generated_Source\PSoC5/CapSense_AMuxCH0.c ****     CapSense_AMuxCH0_DisconnectAll();
 401              		.loc 1 38 0
 402              		.cfi_startproc
 403              		@ args = 0, pretend = 0, frame = 0
 404              		@ frame_needed = 0, uses_anonymous_args = 0
 405 0000 08B5     		push	{r3, lr}
 406              		.cfi_def_cfa_offset 8
 407              		.cfi_offset 3, -8
 408              		.cfi_offset 14, -4
  39:Generated_Source\PSoC5/CapSense_AMuxCH0.c ****     CapSense_AMuxCH0_initVar = 1u;
 409              		.loc 1 39 0
 410 0002 FFF7FEFF 		bl	CapSense_AMuxCH0_DisconnectAll
 411              	.LVL9:
  40:Generated_Source\PSoC5/CapSense_AMuxCH0.c **** }
 412              		.loc 1 40 0
 413 0006 0122     		movs	r2, #1
 414 0008 014B     		ldr	r3, .L12
 415 000a 1A70     		strb	r2, [r3]
 416 000c 08BD     		pop	{r3, pc}
 417              	.L13:
 418 000e 00BF     		.align	2
 419              	.L12:
 420 0010 00000000 		.word	.LANCHOR1
 421              		.cfi_endproc
 422              	.LFE0:
 423              		.size	CapSense_AMuxCH0_Start, .-CapSense_AMuxCH0_Start
 424              		.section	.text.CapSense_AMuxCH0_Init,"ax",%progbits
 425              		.align	2
 426              		.global	CapSense_AMuxCH0_Init
 427              		.thumb
 428              		.thumb_func
 429              		.type	CapSense_AMuxCH0_Init, %function
 430              	CapSense_AMuxCH0_Init:
 431              	.LFB1:
ARM GAS  C:\Users\JEFFSN~1\AppData\Local\Temp\ccz1w4gd.s 			page 26


  58:Generated_Source\PSoC5/CapSense_AMuxCH0.c ****     CapSense_AMuxCH0_DisconnectAll();
 432              		.loc 1 58 0
 433              		.cfi_startproc
 434              		@ args = 0, pretend = 0, frame = 0
 435              		@ frame_needed = 0, uses_anonymous_args = 0
 436 0000 08B5     		push	{r3, lr}
 437              		.cfi_def_cfa_offset 8
 438              		.cfi_offset 3, -8
 439              		.cfi_offset 14, -4
  59:Generated_Source\PSoC5/CapSense_AMuxCH0.c **** }
 440              		.loc 1 59 0
 441 0002 FFF7FEFF 		bl	CapSense_AMuxCH0_DisconnectAll
 442              	.LVL10:
 443 0006 08BD     		pop	{r3, pc}
 444              		.cfi_endproc
 445              	.LFE1:
 446              		.size	CapSense_AMuxCH0_Init, .-CapSense_AMuxCH0_Init
 447              		.section	.text.CapSense_AMuxCH0_Stop,"ax",%progbits
 448              		.align	2
 449              		.global	CapSense_AMuxCH0_Stop
 450              		.thumb
 451              		.thumb_func
 452              		.type	CapSense_AMuxCH0_Stop, %function
 453              	CapSense_AMuxCH0_Stop:
 454              	.LFB2:
  77:Generated_Source\PSoC5/CapSense_AMuxCH0.c ****     CapSense_AMuxCH0_DisconnectAll();
 455              		.loc 1 77 0
 456              		.cfi_startproc
 457              		@ args = 0, pretend = 0, frame = 0
 458              		@ frame_needed = 0, uses_anonymous_args = 0
 459 0000 08B5     		push	{r3, lr}
 460              		.cfi_def_cfa_offset 8
 461              		.cfi_offset 3, -8
 462              		.cfi_offset 14, -4
  78:Generated_Source\PSoC5/CapSense_AMuxCH0.c **** }
 463              		.loc 1 78 0
 464 0002 FFF7FEFF 		bl	CapSense_AMuxCH0_DisconnectAll
 465              	.LVL11:
 466 0006 08BD     		pop	{r3, pc}
 467              		.cfi_endproc
 468              	.LFE2:
 469              		.size	CapSense_AMuxCH0_Stop, .-CapSense_AMuxCH0_Stop
 470              		.section	.text.CapSense_AMuxCH0_Select,"ax",%progbits
 471              		.align	2
 472              		.global	CapSense_AMuxCH0_Select
 473              		.thumb
 474              		.thumb_func
 475              		.type	CapSense_AMuxCH0_Select, %function
 476              	CapSense_AMuxCH0_Select:
 477              	.LFB3:
  97:Generated_Source\PSoC5/CapSense_AMuxCH0.c ****     CapSense_AMuxCH0_DisconnectAll();        /* Disconnect all previous connections */
 478              		.loc 1 97 0
 479              		.cfi_startproc
 480              		@ args = 0, pretend = 0, frame = 0
 481              		@ frame_needed = 0, uses_anonymous_args = 0
 482              	.LVL12:
 483 0000 10B5     		push	{r4, lr}
ARM GAS  C:\Users\JEFFSN~1\AppData\Local\Temp\ccz1w4gd.s 			page 27


 484              		.cfi_def_cfa_offset 8
 485              		.cfi_offset 4, -8
 486              		.cfi_offset 14, -4
 487 0002 0446     		mov	r4, r0
  98:Generated_Source\PSoC5/CapSense_AMuxCH0.c ****     CapSense_AMuxCH0_Connect(channel);       /* Make the given selection */
 488              		.loc 1 98 0
 489 0004 FFF7FEFF 		bl	CapSense_AMuxCH0_DisconnectAll
 490              	.LVL13:
  99:Generated_Source\PSoC5/CapSense_AMuxCH0.c ****     CapSense_AMuxCH0_lastChannel = channel;  /* Update last channel */
 491              		.loc 1 99 0
 492 0008 2046     		mov	r0, r4
 493 000a FFF7FEFF 		bl	CapSense_AMuxCH0_Set
 494              	.LVL14:
 100:Generated_Source\PSoC5/CapSense_AMuxCH0.c **** }
 495              		.loc 1 100 0
 496 000e 014B     		ldr	r3, .L20
 497 0010 1C70     		strb	r4, [r3]
 498 0012 10BD     		pop	{r4, pc}
 499              	.L21:
 500              		.align	2
 501              	.L20:
 502 0014 00000000 		.word	.LANCHOR0
 503              		.cfi_endproc
 504              	.LFE3:
 505              		.size	CapSense_AMuxCH0_Select, .-CapSense_AMuxCH0_Select
 506              		.global	CapSense_AMuxCH0_lastChannel
 507              		.global	CapSense_AMuxCH0_initVar
 508              		.data
 509              		.set	.LANCHOR0,. + 0
 510              		.type	CapSense_AMuxCH0_lastChannel, %object
 511              		.size	CapSense_AMuxCH0_lastChannel, 1
 512              	CapSense_AMuxCH0_lastChannel:
 513 0000 FF       		.byte	-1
 514              		.bss
 515              		.set	.LANCHOR1,. + 0
 516              		.type	CapSense_AMuxCH0_initVar, %object
 517              		.size	CapSense_AMuxCH0_initVar, 1
 518              	CapSense_AMuxCH0_initVar:
 519 0000 00       		.space	1
 520              		.text
 521              	.Letext0:
 522              		.file 2 "Generated_Source\\PSoC5\\cyfitter_cfg.h"
 523              		.file 3 "Generated_Source\\PSoC5\\cytypes.h"
 524              		.section	.debug_info,"",%progbits
 525              	.Ldebug_info0:
 526 0000 CF010000 		.4byte	0x1cf
 527 0004 0400     		.2byte	0x4
 528 0006 00000000 		.4byte	.Ldebug_abbrev0
 529 000a 04       		.byte	0x4
 530 000b 01       		.uleb128 0x1
 531 000c 01010000 		.4byte	.LASF23
 532 0010 0C       		.byte	0xc
 533 0011 CA000000 		.4byte	.LASF24
 534 0015 EF010000 		.4byte	.LASF25
 535 0019 00000000 		.4byte	.Ldebug_ranges0+0
 536 001d 00000000 		.4byte	0
 537 0021 00000000 		.4byte	.Ldebug_line0
ARM GAS  C:\Users\JEFFSN~1\AppData\Local\Temp\ccz1w4gd.s 			page 28


 538 0025 02       		.uleb128 0x2
 539 0026 01       		.byte	0x1
 540 0027 06       		.byte	0x6
 541 0028 A2020000 		.4byte	.LASF0
 542 002c 02       		.uleb128 0x2
 543 002d 01       		.byte	0x1
 544 002e 08       		.byte	0x8
 545 002f 71000000 		.4byte	.LASF1
 546 0033 02       		.uleb128 0x2
 547 0034 02       		.byte	0x2
 548 0035 05       		.byte	0x5
 549 0036 74020000 		.4byte	.LASF2
 550 003a 02       		.uleb128 0x2
 551 003b 02       		.byte	0x2
 552 003c 07       		.byte	0x7
 553 003d 91000000 		.4byte	.LASF3
 554 0041 02       		.uleb128 0x2
 555 0042 04       		.byte	0x4
 556 0043 05       		.byte	0x5
 557 0044 99020000 		.4byte	.LASF4
 558 0048 02       		.uleb128 0x2
 559 0049 04       		.byte	0x4
 560 004a 07       		.byte	0x7
 561 004b 7F000000 		.4byte	.LASF5
 562 004f 02       		.uleb128 0x2
 563 0050 08       		.byte	0x8
 564 0051 05       		.byte	0x5
 565 0052 DC010000 		.4byte	.LASF6
 566 0056 02       		.uleb128 0x2
 567 0057 08       		.byte	0x8
 568 0058 07       		.byte	0x7
 569 0059 C0010000 		.4byte	.LASF7
 570 005d 03       		.uleb128 0x3
 571 005e 04       		.byte	0x4
 572 005f 05       		.byte	0x5
 573 0060 696E7400 		.ascii	"int\000"
 574 0064 02       		.uleb128 0x2
 575 0065 04       		.byte	0x4
 576 0066 07       		.byte	0x7
 577 0067 F4000000 		.4byte	.LASF8
 578 006b 04       		.uleb128 0x4
 579 006c 7E020000 		.4byte	.LASF26
 580 0070 03       		.byte	0x3
 581 0071 E901     		.2byte	0x1e9
 582 0073 2C000000 		.4byte	0x2c
 583 0077 02       		.uleb128 0x2
 584 0078 04       		.byte	0x4
 585 0079 04       		.byte	0x4
 586 007a 54000000 		.4byte	.LASF9
 587 007e 02       		.uleb128 0x2
 588 007f 08       		.byte	0x8
 589 0080 04       		.byte	0x4
 590 0081 C3000000 		.4byte	.LASF10
 591 0085 02       		.uleb128 0x2
 592 0086 01       		.byte	0x1
 593 0087 08       		.byte	0x8
 594 0088 EA010000 		.4byte	.LASF11
ARM GAS  C:\Users\JEFFSN~1\AppData\Local\Temp\ccz1w4gd.s 			page 29


 595 008c 05       		.uleb128 0x5
 596 008d C5020000 		.4byte	.LASF12
 597 0091 01       		.byte	0x1
 598 0092 78       		.byte	0x78
 599 0093 00000000 		.4byte	.LFB4
 600 0097 20000000 		.4byte	.LFE4-.LFB4
 601 009b 01       		.uleb128 0x1
 602 009c 9C       		.byte	0x9c
 603 009d CA000000 		.4byte	0xca
 604 00a1 06       		.uleb128 0x6
 605 00a2 00000000 		.4byte	.LASF18
 606 00a6 01       		.byte	0x1
 607 00a7 78       		.byte	0x78
 608 00a8 6B000000 		.4byte	0x6b
 609 00ac 00000000 		.4byte	.LLST0
 610 00b0 07       		.uleb128 0x7
 611 00b1 10000000 		.4byte	.LVL2
 612 00b5 BC010000 		.4byte	0x1bc
 613 00b9 08       		.uleb128 0x8
 614 00ba 16000000 		.4byte	.LVL3
 615 00be C7010000 		.4byte	0x1c7
 616 00c2 09       		.uleb128 0x9
 617 00c3 01       		.uleb128 0x1
 618 00c4 50       		.byte	0x50
 619 00c5 02       		.uleb128 0x2
 620 00c6 74       		.byte	0x74
 621 00c7 00       		.sleb128 0
 622 00c8 00       		.byte	0
 623 00c9 00       		.byte	0
 624 00ca 05       		.uleb128 0x5
 625 00cb A4000000 		.4byte	.LASF13
 626 00cf 01       		.byte	0x1
 627 00d0 BF       		.byte	0xbf
 628 00d1 00000000 		.4byte	.LFB5
 629 00d5 16000000 		.4byte	.LFE5-.LFB5
 630 00d9 01       		.uleb128 0x1
 631 00da 9C       		.byte	0x9c
 632 00db FF000000 		.4byte	0xff
 633 00df 0A       		.uleb128 0xa
 634 00e0 D7010000 		.4byte	.LASF27
 635 00e4 01       		.byte	0x1
 636 00e5 C1       		.byte	0xc1
 637 00e6 6B000000 		.4byte	0x6b
 638 00ea 21000000 		.4byte	.LLST1
 639 00ee 08       		.uleb128 0x8
 640 00ef 0C000000 		.4byte	.LVL6
 641 00f3 BC010000 		.4byte	0x1bc
 642 00f7 09       		.uleb128 0x9
 643 00f8 01       		.uleb128 0x1
 644 00f9 50       		.byte	0x50
 645 00fa 02       		.uleb128 0x2
 646 00fb 74       		.byte	0x74
 647 00fc 00       		.sleb128 0
 648 00fd 00       		.byte	0
 649 00fe 00       		.byte	0
 650 00ff 05       		.uleb128 0x5
 651 0100 5A000000 		.4byte	.LASF14
ARM GAS  C:\Users\JEFFSN~1\AppData\Local\Temp\ccz1w4gd.s 			page 30


 652 0104 01       		.byte	0x1
 653 0105 25       		.byte	0x25
 654 0106 00000000 		.4byte	.LFB0
 655 010a 14000000 		.4byte	.LFE0-.LFB0
 656 010e 01       		.uleb128 0x1
 657 010f 9C       		.byte	0x9c
 658 0110 1E010000 		.4byte	0x11e
 659 0114 07       		.uleb128 0x7
 660 0115 06000000 		.4byte	.LVL9
 661 0119 CA000000 		.4byte	0xca
 662 011d 00       		.byte	0
 663 011e 05       		.uleb128 0x5
 664 011f 5E020000 		.4byte	.LASF15
 665 0123 01       		.byte	0x1
 666 0124 39       		.byte	0x39
 667 0125 00000000 		.4byte	.LFB1
 668 0129 08000000 		.4byte	.LFE1-.LFB1
 669 012d 01       		.uleb128 0x1
 670 012e 9C       		.byte	0x9c
 671 012f 3D010000 		.4byte	0x13d
 672 0133 07       		.uleb128 0x7
 673 0134 06000000 		.4byte	.LVL10
 674 0138 CA000000 		.4byte	0xca
 675 013c 00       		.byte	0
 676 013d 05       		.uleb128 0x5
 677 013e 08000000 		.4byte	.LASF16
 678 0142 01       		.byte	0x1
 679 0143 4C       		.byte	0x4c
 680 0144 00000000 		.4byte	.LFB2
 681 0148 08000000 		.4byte	.LFE2-.LFB2
 682 014c 01       		.uleb128 0x1
 683 014d 9C       		.byte	0x9c
 684 014e 5C010000 		.4byte	0x15c
 685 0152 07       		.uleb128 0x7
 686 0153 06000000 		.4byte	.LVL11
 687 0157 CA000000 		.4byte	0xca
 688 015b 00       		.byte	0
 689 015c 05       		.uleb128 0x5
 690 015d A8010000 		.4byte	.LASF17
 691 0161 01       		.byte	0x1
 692 0162 60       		.byte	0x60
 693 0163 00000000 		.4byte	.LFB3
 694 0167 18000000 		.4byte	.LFE3-.LFB3
 695 016b 01       		.uleb128 0x1
 696 016c 9C       		.byte	0x9c
 697 016d 9A010000 		.4byte	0x19a
 698 0171 06       		.uleb128 0x6
 699 0172 00000000 		.4byte	.LASF18
 700 0176 01       		.byte	0x1
 701 0177 60       		.byte	0x60
 702 0178 6B000000 		.4byte	0x6b
 703 017c 4B000000 		.4byte	.LLST2
 704 0180 07       		.uleb128 0x7
 705 0181 08000000 		.4byte	.LVL13
 706 0185 CA000000 		.4byte	0xca
 707 0189 08       		.uleb128 0x8
 708 018a 0E000000 		.4byte	.LVL14
ARM GAS  C:\Users\JEFFSN~1\AppData\Local\Temp\ccz1w4gd.s 			page 31


 709 018e C7010000 		.4byte	0x1c7
 710 0192 09       		.uleb128 0x9
 711 0193 01       		.uleb128 0x1
 712 0194 50       		.byte	0x50
 713 0195 02       		.uleb128 0x2
 714 0196 74       		.byte	0x74
 715 0197 00       		.sleb128 0
 716 0198 00       		.byte	0
 717 0199 00       		.byte	0
 718 019a 0B       		.uleb128 0xb
 719 019b 1E000000 		.4byte	.LASF19
 720 019f 01       		.byte	0x1
 721 01a0 14       		.byte	0x14
 722 01a1 6B000000 		.4byte	0x6b
 723 01a5 05       		.uleb128 0x5
 724 01a6 03       		.byte	0x3
 725 01a7 00000000 		.4byte	CapSense_AMuxCH0_initVar
 726 01ab 0B       		.uleb128 0xb
 727 01ac 37000000 		.4byte	.LASF20
 728 01b0 01       		.byte	0x1
 729 01b1 15       		.byte	0x15
 730 01b2 6B000000 		.4byte	0x6b
 731 01b6 05       		.uleb128 0x5
 732 01b7 03       		.byte	0x3
 733 01b8 00000000 		.4byte	CapSense_AMuxCH0_lastChannel
 734 01bc 0C       		.uleb128 0xc
 735 01bd AE020000 		.4byte	.LASF21
 736 01c1 AE020000 		.4byte	.LASF21
 737 01c5 02       		.byte	0x2
 738 01c6 27       		.byte	0x27
 739 01c7 0C       		.uleb128 0xc
 740 01c8 84020000 		.4byte	.LASF22
 741 01cc 84020000 		.4byte	.LASF22
 742 01d0 02       		.byte	0x2
 743 01d1 26       		.byte	0x26
 744 01d2 00       		.byte	0
 745              		.section	.debug_abbrev,"",%progbits
 746              	.Ldebug_abbrev0:
 747 0000 01       		.uleb128 0x1
 748 0001 11       		.uleb128 0x11
 749 0002 01       		.byte	0x1
 750 0003 25       		.uleb128 0x25
 751 0004 0E       		.uleb128 0xe
 752 0005 13       		.uleb128 0x13
 753 0006 0B       		.uleb128 0xb
 754 0007 03       		.uleb128 0x3
 755 0008 0E       		.uleb128 0xe
 756 0009 1B       		.uleb128 0x1b
 757 000a 0E       		.uleb128 0xe
 758 000b 55       		.uleb128 0x55
 759 000c 17       		.uleb128 0x17
 760 000d 11       		.uleb128 0x11
 761 000e 01       		.uleb128 0x1
 762 000f 10       		.uleb128 0x10
 763 0010 17       		.uleb128 0x17
 764 0011 00       		.byte	0
 765 0012 00       		.byte	0
ARM GAS  C:\Users\JEFFSN~1\AppData\Local\Temp\ccz1w4gd.s 			page 32


 766 0013 02       		.uleb128 0x2
 767 0014 24       		.uleb128 0x24
 768 0015 00       		.byte	0
 769 0016 0B       		.uleb128 0xb
 770 0017 0B       		.uleb128 0xb
 771 0018 3E       		.uleb128 0x3e
 772 0019 0B       		.uleb128 0xb
 773 001a 03       		.uleb128 0x3
 774 001b 0E       		.uleb128 0xe
 775 001c 00       		.byte	0
 776 001d 00       		.byte	0
 777 001e 03       		.uleb128 0x3
 778 001f 24       		.uleb128 0x24
 779 0020 00       		.byte	0
 780 0021 0B       		.uleb128 0xb
 781 0022 0B       		.uleb128 0xb
 782 0023 3E       		.uleb128 0x3e
 783 0024 0B       		.uleb128 0xb
 784 0025 03       		.uleb128 0x3
 785 0026 08       		.uleb128 0x8
 786 0027 00       		.byte	0
 787 0028 00       		.byte	0
 788 0029 04       		.uleb128 0x4
 789 002a 16       		.uleb128 0x16
 790 002b 00       		.byte	0
 791 002c 03       		.uleb128 0x3
 792 002d 0E       		.uleb128 0xe
 793 002e 3A       		.uleb128 0x3a
 794 002f 0B       		.uleb128 0xb
 795 0030 3B       		.uleb128 0x3b
 796 0031 05       		.uleb128 0x5
 797 0032 49       		.uleb128 0x49
 798 0033 13       		.uleb128 0x13
 799 0034 00       		.byte	0
 800 0035 00       		.byte	0
 801 0036 05       		.uleb128 0x5
 802 0037 2E       		.uleb128 0x2e
 803 0038 01       		.byte	0x1
 804 0039 3F       		.uleb128 0x3f
 805 003a 19       		.uleb128 0x19
 806 003b 03       		.uleb128 0x3
 807 003c 0E       		.uleb128 0xe
 808 003d 3A       		.uleb128 0x3a
 809 003e 0B       		.uleb128 0xb
 810 003f 3B       		.uleb128 0x3b
 811 0040 0B       		.uleb128 0xb
 812 0041 27       		.uleb128 0x27
 813 0042 19       		.uleb128 0x19
 814 0043 11       		.uleb128 0x11
 815 0044 01       		.uleb128 0x1
 816 0045 12       		.uleb128 0x12
 817 0046 06       		.uleb128 0x6
 818 0047 40       		.uleb128 0x40
 819 0048 18       		.uleb128 0x18
 820 0049 9742     		.uleb128 0x2117
 821 004b 19       		.uleb128 0x19
 822 004c 01       		.uleb128 0x1
ARM GAS  C:\Users\JEFFSN~1\AppData\Local\Temp\ccz1w4gd.s 			page 33


 823 004d 13       		.uleb128 0x13
 824 004e 00       		.byte	0
 825 004f 00       		.byte	0
 826 0050 06       		.uleb128 0x6
 827 0051 05       		.uleb128 0x5
 828 0052 00       		.byte	0
 829 0053 03       		.uleb128 0x3
 830 0054 0E       		.uleb128 0xe
 831 0055 3A       		.uleb128 0x3a
 832 0056 0B       		.uleb128 0xb
 833 0057 3B       		.uleb128 0x3b
 834 0058 0B       		.uleb128 0xb
 835 0059 49       		.uleb128 0x49
 836 005a 13       		.uleb128 0x13
 837 005b 02       		.uleb128 0x2
 838 005c 17       		.uleb128 0x17
 839 005d 00       		.byte	0
 840 005e 00       		.byte	0
 841 005f 07       		.uleb128 0x7
 842 0060 898201   		.uleb128 0x4109
 843 0063 00       		.byte	0
 844 0064 11       		.uleb128 0x11
 845 0065 01       		.uleb128 0x1
 846 0066 31       		.uleb128 0x31
 847 0067 13       		.uleb128 0x13
 848 0068 00       		.byte	0
 849 0069 00       		.byte	0
 850 006a 08       		.uleb128 0x8
 851 006b 898201   		.uleb128 0x4109
 852 006e 01       		.byte	0x1
 853 006f 11       		.uleb128 0x11
 854 0070 01       		.uleb128 0x1
 855 0071 31       		.uleb128 0x31
 856 0072 13       		.uleb128 0x13
 857 0073 00       		.byte	0
 858 0074 00       		.byte	0
 859 0075 09       		.uleb128 0x9
 860 0076 8A8201   		.uleb128 0x410a
 861 0079 00       		.byte	0
 862 007a 02       		.uleb128 0x2
 863 007b 18       		.uleb128 0x18
 864 007c 9142     		.uleb128 0x2111
 865 007e 18       		.uleb128 0x18
 866 007f 00       		.byte	0
 867 0080 00       		.byte	0
 868 0081 0A       		.uleb128 0xa
 869 0082 34       		.uleb128 0x34
 870 0083 00       		.byte	0
 871 0084 03       		.uleb128 0x3
 872 0085 0E       		.uleb128 0xe
 873 0086 3A       		.uleb128 0x3a
 874 0087 0B       		.uleb128 0xb
 875 0088 3B       		.uleb128 0x3b
 876 0089 0B       		.uleb128 0xb
 877 008a 49       		.uleb128 0x49
 878 008b 13       		.uleb128 0x13
 879 008c 02       		.uleb128 0x2
ARM GAS  C:\Users\JEFFSN~1\AppData\Local\Temp\ccz1w4gd.s 			page 34


 880 008d 17       		.uleb128 0x17
 881 008e 00       		.byte	0
 882 008f 00       		.byte	0
 883 0090 0B       		.uleb128 0xb
 884 0091 34       		.uleb128 0x34
 885 0092 00       		.byte	0
 886 0093 03       		.uleb128 0x3
 887 0094 0E       		.uleb128 0xe
 888 0095 3A       		.uleb128 0x3a
 889 0096 0B       		.uleb128 0xb
 890 0097 3B       		.uleb128 0x3b
 891 0098 0B       		.uleb128 0xb
 892 0099 49       		.uleb128 0x49
 893 009a 13       		.uleb128 0x13
 894 009b 3F       		.uleb128 0x3f
 895 009c 19       		.uleb128 0x19
 896 009d 02       		.uleb128 0x2
 897 009e 18       		.uleb128 0x18
 898 009f 00       		.byte	0
 899 00a0 00       		.byte	0
 900 00a1 0C       		.uleb128 0xc
 901 00a2 2E       		.uleb128 0x2e
 902 00a3 00       		.byte	0
 903 00a4 3F       		.uleb128 0x3f
 904 00a5 19       		.uleb128 0x19
 905 00a6 3C       		.uleb128 0x3c
 906 00a7 19       		.uleb128 0x19
 907 00a8 6E       		.uleb128 0x6e
 908 00a9 0E       		.uleb128 0xe
 909 00aa 03       		.uleb128 0x3
 910 00ab 0E       		.uleb128 0xe
 911 00ac 3A       		.uleb128 0x3a
 912 00ad 0B       		.uleb128 0xb
 913 00ae 3B       		.uleb128 0x3b
 914 00af 0B       		.uleb128 0xb
 915 00b0 00       		.byte	0
 916 00b1 00       		.byte	0
 917 00b2 00       		.byte	0
 918              		.section	.debug_loc,"",%progbits
 919              	.Ldebug_loc0:
 920              	.LLST0:
 921 0000 00000000 		.4byte	.LVL0
 922 0004 08000000 		.4byte	.LVL1
 923 0008 0100     		.2byte	0x1
 924 000a 50       		.byte	0x50
 925 000b 08000000 		.4byte	.LVL1
 926 000f 20000000 		.4byte	.LFE4
 927 0013 0400     		.2byte	0x4
 928 0015 F3       		.byte	0xf3
 929 0016 01       		.uleb128 0x1
 930 0017 50       		.byte	0x50
 931 0018 9F       		.byte	0x9f
 932 0019 00000000 		.4byte	0
 933 001d 00000000 		.4byte	0
 934              	.LLST1:
 935 0021 02000000 		.4byte	.LVL4
 936 0025 06000000 		.4byte	.LVL5
ARM GAS  C:\Users\JEFFSN~1\AppData\Local\Temp\ccz1w4gd.s 			page 35


 937 0029 0200     		.2byte	0x2
 938 002b 30       		.byte	0x30
 939 002c 9F       		.byte	0x9f
 940 002d 06000000 		.4byte	.LVL5
 941 0031 0E000000 		.4byte	.LVL7
 942 0035 0100     		.2byte	0x1
 943 0037 54       		.byte	0x54
 944 0038 10000000 		.4byte	.LVL8
 945 003c 16000000 		.4byte	.LFE5
 946 0040 0100     		.2byte	0x1
 947 0042 54       		.byte	0x54
 948 0043 00000000 		.4byte	0
 949 0047 00000000 		.4byte	0
 950              	.LLST2:
 951 004b 00000000 		.4byte	.LVL12
 952 004f 07000000 		.4byte	.LVL13-1
 953 0053 0100     		.2byte	0x1
 954 0055 50       		.byte	0x50
 955 0056 07000000 		.4byte	.LVL13-1
 956 005a 18000000 		.4byte	.LFE3
 957 005e 0400     		.2byte	0x4
 958 0060 F3       		.byte	0xf3
 959 0061 01       		.uleb128 0x1
 960 0062 50       		.byte	0x50
 961 0063 9F       		.byte	0x9f
 962 0064 00000000 		.4byte	0
 963 0068 00000000 		.4byte	0
 964              		.section	.debug_aranges,"",%progbits
 965 0000 44000000 		.4byte	0x44
 966 0004 0200     		.2byte	0x2
 967 0006 00000000 		.4byte	.Ldebug_info0
 968 000a 04       		.byte	0x4
 969 000b 00       		.byte	0
 970 000c 0000     		.2byte	0
 971 000e 0000     		.2byte	0
 972 0010 00000000 		.4byte	.LFB4
 973 0014 20000000 		.4byte	.LFE4-.LFB4
 974 0018 00000000 		.4byte	.LFB5
 975 001c 16000000 		.4byte	.LFE5-.LFB5
 976 0020 00000000 		.4byte	.LFB0
 977 0024 14000000 		.4byte	.LFE0-.LFB0
 978 0028 00000000 		.4byte	.LFB1
 979 002c 08000000 		.4byte	.LFE1-.LFB1
 980 0030 00000000 		.4byte	.LFB2
 981 0034 08000000 		.4byte	.LFE2-.LFB2
 982 0038 00000000 		.4byte	.LFB3
 983 003c 18000000 		.4byte	.LFE3-.LFB3
 984 0040 00000000 		.4byte	0
 985 0044 00000000 		.4byte	0
 986              		.section	.debug_ranges,"",%progbits
 987              	.Ldebug_ranges0:
 988 0000 00000000 		.4byte	.LFB4
 989 0004 20000000 		.4byte	.LFE4
 990 0008 00000000 		.4byte	.LFB5
 991 000c 16000000 		.4byte	.LFE5
 992 0010 00000000 		.4byte	.LFB0
 993 0014 14000000 		.4byte	.LFE0
ARM GAS  C:\Users\JEFFSN~1\AppData\Local\Temp\ccz1w4gd.s 			page 36


 994 0018 00000000 		.4byte	.LFB1
 995 001c 08000000 		.4byte	.LFE1
 996 0020 00000000 		.4byte	.LFB2
 997 0024 08000000 		.4byte	.LFE2
 998 0028 00000000 		.4byte	.LFB3
 999 002c 18000000 		.4byte	.LFE3
 1000 0030 00000000 		.4byte	0
 1001 0034 00000000 		.4byte	0
 1002              		.section	.debug_line,"",%progbits
 1003              	.Ldebug_line0:
 1004 0000 E3000000 		.section	.debug_str,"MS",%progbits,1
 1004      02005F00 
 1004      00000201 
 1004      FB0E0D00 
 1004      01010101 
 1005              	.LASF18:
 1006 0000 6368616E 		.ascii	"channel\000"
 1006      6E656C00 
 1007              	.LASF16:
 1008 0008 43617053 		.ascii	"CapSense_AMuxCH0_Stop\000"
 1008      656E7365 
 1008      5F414D75 
 1008      78434830 
 1008      5F53746F 
 1009              	.LASF19:
 1010 001e 43617053 		.ascii	"CapSense_AMuxCH0_initVar\000"
 1010      656E7365 
 1010      5F414D75 
 1010      78434830 
 1010      5F696E69 
 1011              	.LASF20:
 1012 0037 43617053 		.ascii	"CapSense_AMuxCH0_lastChannel\000"
 1012      656E7365 
 1012      5F414D75 
 1012      78434830 
 1012      5F6C6173 
 1013              	.LASF9:
 1014 0054 666C6F61 		.ascii	"float\000"
 1014      7400
 1015              	.LASF14:
 1016 005a 43617053 		.ascii	"CapSense_AMuxCH0_Start\000"
 1016      656E7365 
 1016      5F414D75 
 1016      78434830 
 1016      5F537461 
 1017              	.LASF1:
 1018 0071 756E7369 		.ascii	"unsigned char\000"
 1018      676E6564 
 1018      20636861 
 1018      7200
 1019              	.LASF5:
 1020 007f 6C6F6E67 		.ascii	"long unsigned int\000"
 1020      20756E73 
 1020      69676E65 
 1020      6420696E 
 1020      7400
 1021              	.LASF3:
ARM GAS  C:\Users\JEFFSN~1\AppData\Local\Temp\ccz1w4gd.s 			page 37


 1022 0091 73686F72 		.ascii	"short unsigned int\000"
 1022      7420756E 
 1022      7369676E 
 1022      65642069 
 1022      6E7400
 1023              	.LASF13:
 1024 00a4 43617053 		.ascii	"CapSense_AMuxCH0_DisconnectAll\000"
 1024      656E7365 
 1024      5F414D75 
 1024      78434830 
 1024      5F446973 
 1025              	.LASF10:
 1026 00c3 646F7562 		.ascii	"double\000"
 1026      6C6500
 1027              	.LASF24:
 1028 00ca 47656E65 		.ascii	"Generated_Source\\PSoC5\\CapSense_AMuxCH0.c\000"
 1028      72617465 
 1028      645F536F 
 1028      75726365 
 1028      5C50536F 
 1029              	.LASF8:
 1030 00f4 756E7369 		.ascii	"unsigned int\000"
 1030      676E6564 
 1030      20696E74 
 1030      00
 1031              	.LASF23:
 1032 0101 474E5520 		.ascii	"GNU C11 5.4.1 20160609 (release) [ARM/embedded-5-br"
 1032      43313120 
 1032      352E342E 
 1032      31203230 
 1032      31363036 
 1033 0134 616E6368 		.ascii	"anch revision 237715] -mcpu=cortex-m3 -mthumb -g -O"
 1033      20726576 
 1033      6973696F 
 1033      6E203233 
 1033      37373135 
 1034 0167 67202D66 		.ascii	"g -ffunction-sections -ffat-lto-objects -finline-fu"
 1034      66756E63 
 1034      74696F6E 
 1034      2D736563 
 1034      74696F6E 
 1035 019a 6E637469 		.ascii	"nctions -flto\000"
 1035      6F6E7320 
 1035      2D666C74 
 1035      6F00
 1036              	.LASF17:
 1037 01a8 43617053 		.ascii	"CapSense_AMuxCH0_Select\000"
 1037      656E7365 
 1037      5F414D75 
 1037      78434830 
 1037      5F53656C 
 1038              	.LASF7:
 1039 01c0 6C6F6E67 		.ascii	"long long unsigned int\000"
 1039      206C6F6E 
 1039      6720756E 
 1039      7369676E 
 1039      65642069 
ARM GAS  C:\Users\JEFFSN~1\AppData\Local\Temp\ccz1w4gd.s 			page 38


 1040              	.LASF27:
 1041 01d7 6368616E 		.ascii	"chan\000"
 1041      00
 1042              	.LASF6:
 1043 01dc 6C6F6E67 		.ascii	"long long int\000"
 1043      206C6F6E 
 1043      6720696E 
 1043      7400
 1044              	.LASF11:
 1045 01ea 63686172 		.ascii	"char\000"
 1045      00
 1046              	.LASF25:
 1047 01ef 433A5C55 		.ascii	"C:\\Users\\JeffSnyder\\dev\\Electrobass_embedded\\P"
 1047      73657273 
 1047      5C4A6566 
 1047      66536E79 
 1047      6465725C 
 1048 021d 534F4335 		.ascii	"SOC5_electrobass_stringsensors\\CE210514_PSOC3_5_Th"
 1048      5F656C65 
 1048      6374726F 
 1048      62617373 
 1048      5F737472 
 1049 024f 65726D69 		.ascii	"ermistor.cydsn\000"
 1049      73746F72 
 1049      2E637964 
 1049      736E00
 1050              	.LASF15:
 1051 025e 43617053 		.ascii	"CapSense_AMuxCH0_Init\000"
 1051      656E7365 
 1051      5F414D75 
 1051      78434830 
 1051      5F496E69 
 1052              	.LASF2:
 1053 0274 73686F72 		.ascii	"short int\000"
 1053      7420696E 
 1053      7400
 1054              	.LASF26:
 1055 027e 75696E74 		.ascii	"uint8\000"
 1055      3800
 1056              	.LASF22:
 1057 0284 43617053 		.ascii	"CapSense_AMuxCH0_Set\000"
 1057      656E7365 
 1057      5F414D75 
 1057      78434830 
 1057      5F536574 
 1058              	.LASF4:
 1059 0299 6C6F6E67 		.ascii	"long int\000"
 1059      20696E74 
 1059      00
 1060              	.LASF0:
 1061 02a2 7369676E 		.ascii	"signed char\000"
 1061      65642063 
 1061      68617200 
 1062              	.LASF21:
 1063 02ae 43617053 		.ascii	"CapSense_AMuxCH0_Unset\000"
 1063      656E7365 
 1063      5F414D75 
ARM GAS  C:\Users\JEFFSN~1\AppData\Local\Temp\ccz1w4gd.s 			page 39


 1063      78434830 
 1063      5F556E73 
 1064              	.LASF12:
 1065 02c5 43617053 		.ascii	"CapSense_AMuxCH0_FastSelect\000"
 1065      656E7365 
 1065      5F414D75 
 1065      78434830 
 1065      5F466173 
 1066              		.comm	__gnu_lto_v1,1,1
 1067              		.ident	"GCC: (GNU Tools for ARM Embedded Processors) 5.4.1 20160609 (release) [ARM/embedded-5-bran
