ARM GAS  C:\Users\JEFFSN~1\AppData\Local\Temp\ccTNk0kw.s 			page 1


   1              		.syntax unified
   2              		.cpu cortex-m3
   3              		.fpu softvfp
   4              		.eabi_attribute 20, 1
   5              		.eabi_attribute 21, 1
   6              		.eabi_attribute 23, 3
   7              		.eabi_attribute 24, 1
   8              		.eabi_attribute 25, 1
   9              		.eabi_attribute 26, 1
  10              		.eabi_attribute 30, 1
  11              		.eabi_attribute 34, 1
  12              		.eabi_attribute 18, 4
  13              		.thumb
  14              		.syntax unified
  15              		.file	"CapSense_INT.c"
  16              		.text
  17              	.Ltext0:
  18              		.section	.gnu.lto_.profile.724445c2,"",%progbits
  19 0000 789C6361 		.ascii	"x\234ca`d`a`\000\222&\022\000\000\352\000W"
  19      60646061 
  19      60009226 
  19      120000EA 
  19      0057
  20              		.text
  21              		.section	.gnu.lto_.inline.724445c2,"",%progbits
  22 0000 789C6361 		.ascii	"x\234ca`d\000\001m\006\004\000\212H)020)\334\230\305"
  22      60640001 
  22      6D060400 
  22      8A482930 
  22      323029DC 
  23 0016 C8C0B640 		.ascii	"\310\300\266@\236\011$\310\304\015\224\230\340\307\314"
  23      9E0924C8 
  23      C40D9498 
  23      E0C7CC
  24 0025 03A6A03C 		.ascii	"\003\246\240<\006\000{6\005\217"
  24      06007B36 
  24      058F
  25              		.text
  26              		.section	.gnu.lto_.jmpfuncs.724445c2,"",%progbits
  27 0000 789C6361 		.ascii	"x\234ca`d\000\001\016\006\004`\204\322\000\001N\000"
  27      60640001 
  27      0E060460 
  27      84D20001 
  27      4E00
  28 0012 0F       		.ascii	"\017"
  29              		.text
  30              		.section	.gnu.lto_.pureconst.724445c2,"",%progbits
  31 0000 789C6361 		.ascii	"x\234ca`d`f`\000\222R\000\000r\000$"
  31      60646066 
  31      60009252 
  31      00007200 
  31      24
  32              		.text
  33              		.section	.gnu.lto_CapSense_IsrCH0_ISR.724445c2,"",%progbits
  34 0000 789C9D94 		.ascii	"x\234\235\224ML\023Q\020\307g\336\333\217Z\013\245\215"
  34      4D4C1351 
  34      10C767DE 
ARM GAS  C:\Users\JEFFSN~1\AppData\Local\Temp\ccTNk0kw.s 			page 2


  34      DB8F5A0B 
  34      A58D
  35 0012 C71EBCF8 		.ascii	"\307\036\274\370\301\305\204\203GO\034\214\027c\254"
  35      C1C58483 
  35      474F1C8C 
  35      1763AC
  36 0021 89171242 		.ascii	"\211\027\022Bp\257`\252^\355\226\355F\211\027I\024N"
  36      70AF60AA 
  36      5EED96ED 
  36      46891749 
  36      144E
  37 0033 889CA89F 		.ascii	"\210\234\250\237X\277\353G]\352\301h\264Db\352\201\030"
  37      58BFEB47 
  37      5DEAC168 
  37      B44462EA 
  37      8118
  38 0045 8543630C 		.ascii	"\205Cc\014\0070z\320\010uf_Y\211@\314\272Ig_gg\377\277"
  38      07307AD0 
  38      0875665F 
  38      598940CC 
  38      BA49675F 
  39 005d FF7B33AD 		.ascii	"\377{3\255\006\010|\3254\200\335t?J\037\214\000\212"
  39      06087CD5 
  39      3480DD74 
  39      3F4A1F8C 
  39      008A
  40 006f F355805C 		.ascii	"\363U\200\\D\0109\223\002;\252\225;\300\216I4UZ\023"
  40      44083993 
  40      023BAA95 
  40      3BC08E49 
  40      34555A13 
  41 0083 FA481BA5 		.ascii	"\372H\033\245\215\037\373(\255\257\246\215\325\205\211"
  41      8D1FFB28 
  41      ADAFA68D 
  41      D58589
  42 0092 C80B3B82 		.ascii	"\310\013;\202\220\025R\323\015\023\263\370],\013\254"
  42      901552D3 
  42      0D13B3F8 
  42      5D2C0BAC 
  43 00a2 9CA99744 		.ascii	"\234\251\227D\373\204M\327'\367\243\260\013\036\272"
  43      FB844DD7 
  43      27F7A3B0 
  43      0B1EBA
  44 00b1 12A0217C 		.ascii	"\022\240!|\027\200\023\330\016T6_\\\271\330b\344\271"
  44      178013D8 
  44      0E54365F 
  44      5CB9D862 
  44      E4B9
  45 00c3 6CBB7A88 		.ascii	"l\273z\210\0054\330\352\344a\317n4\034\333\373\231\250"
  45      0534D8EA 
  45      E461CF6E 
  45      341CDBFB 
  45      99A8
  46 00d5 CA6D125C 		.ascii	"\312m\022\\\211:\007\203\2020y\025\341\020\345\020\343"
  46      893A0783 
  46      82307915 
  46      E110E510 
ARM GAS  C:\Users\JEFFSN~1\AppData\Local\Temp\ccTNk0kw.s 			page 3


  46      E3
  47 00e6 D0CA21CE 		.ascii	"\320\312!\316!\301!\311\001`\2214\331\342\222\020|\227"
  47      21C121C9 
  47      01609134 
  47      D9E29210 
  47      7C97
  48 00f8 75AC0C17 		.ascii	"u\254\014\027_\017I\3068R\222\205a\2672m~\023\256\244"
  48      5F0F49C6 
  48      38529285 
  48      61B7326D 
  48      7E13AEA4 
  49 010c 72FA5A2A 		.ascii	"r\372Z*-\314\232\331e\373\254m\267Qn\220Lsz!?_\335:"
  49      2DCC9AD9 
  49      65FBAC6D 
  49      B7516E90 
  49      4C737A21 
  50 0124 86A3393B 		.ascii	"\206\2439;\307y\015\257\322N\257`\212\014_\3031\204"
  50      C7790DAF 
  50      D24EAF60 
  50      8A0C5FC3 
  50      3184
  51 0136 CFA8B1E4 		.ascii	"\317\250\261\344z\005\275!\310\006^\307,\020\317\225"
  51      7A05BD21 
  51      C8065EC7 
  51      2C10CF95 
  52 0146 06F816DE 		.ascii	"\006\370\026\336\024\343\312\202\276\021\0237f\336\010"
  52      14E3CA82 
  52      BE111337 
  52      66DE08
  53 0155 98379959 		.ascii	"\2307\231Y\307\201\257\246Ra!\230\303|\325\3114\023"
  53      C781AFA6 
  53      52612198 
  53      C37CD5C9 
  53      3413
  54 0167 6B77460E 		.ascii	"kwF\016p\222\337\003>\010\0113)u\016\325\361\346\353"
  54      7092DF03 
  54      3E080933 
  54      29750ED5 
  54      F1E6EB
  55 017a 660813B7 		.ascii	"f\010\023\267\002\023Ee\302\371e(\225\210\022\232=W"
  55      02134565 
  55      C2F96528 
  55      9588129A 
  55      3D57
  56 018c BBD0C258 		.ascii	"\273\320\302X\015W\020oS)\303\220kB`\356\004\230\273"
  56      0D57106F 
  56      5329C390 
  56      6B4260EE 
  56      0498BB
  57 019f 842171DF 		.ascii	"\204!q\337\273\006\345\016\337\373\322\273\251-\212"
  57      BB06E50E 
  57      DFFBD2BB 
  57      A92D8A
  58 01ae 1A0DD1B4 		.ascii	"\032\015\321\264{\201\350\3755Msdl\235\206\331\240\201"
  58      7B81E8FD 
  58      354D7364 
  58      6C9D86D9 
ARM GAS  C:\Users\JEFFSN~1\AppData\Local\Temp\ccTNk0kw.s 			page 4


  58      A081
  59 01c0 017CE0B7 		.ascii	"\001|\340\267-\352\022\236\251\343;6\333\305&\300\207"
  59      2DEA129E 
  59      A9E33B36 
  59      DBC526C0 
  59      87
  60 01d1 01B0E4EF 		.ascii	"\001\260\344\357\"\246\272_{\3334\337\032B\353Q\240"
  60      22A6BA5F 
  60      7BDB34DF 
  60      1A42EB51 
  60      A0
  61 01e2 F598CD53 		.ascii	"\365\230\315S\267\247\235\323\177d^\276\032)\304\324"
  61      B7A79DD3 
  61      7F645EBE 
  61      1A29C4D4 
  62 01f2 B19BF824 		.ascii	"\261\233\370$\350\266\016\227\243\252\333\357\207tU"
  62      E8B60E97 
  62      A3AADBEF 
  62      877455
  63 0201 1D0F017D 		.ascii	"\035\017\001}\032@\313\377\032s\222\300g\376y\305y\314"
  63      1A40CBFF 
  63      1A7392C0 
  63      67FE79C5 
  63      79CC
  64 0213 196EC0A5 		.ascii	"\031n\300\245]\012\376a\2569j\211\0203\340\005\360\251"
  64      5D0AFE61 
  64      AE396A89 
  64      1033E005 
  64      F0A9
  65 0225 BF462D49 		.ascii	"\277F-IB\377=Z\225@\366\271\337\224\244\357\325\364"
  65      42FF3D5A 
  65      9540F6B9 
  65      DF94A4EF 
  65      D5F4
  66 0237 FF1FBEE0 		.ascii	"\377\037\276\340\2007\372B\370\233\344k\221~;\224\247"
  66      8037FA42 
  66      F89BE46B 
  66      917E3B94 
  66      A7
  67 0248 59D8B9DF 		.ascii	"Y\330\271\337\352\2632='\255c\335\351\376S\231^\253"
  67      EAB3323D 
  67      27AD63DD 
  67      E9FE5399 
  67      5EAB
  68 025a EB50BABF 		.ascii	"\353P\272\277soWg\317\361\264\325w\302\352>p\360\310"
  68      736F5767 
  68      CFF1B4D5 
  68      77C2EA3E 
  68      70F0C8
  69 026d 9E5EF80D 		.ascii	"\236^\370\015\310D\260\022"
  69      C844B012 
  70              		.text
  71              		.section	.gnu.lto_.symbol_nodes.724445c2,"",%progbits
  72 0000 789C5589 		.ascii	"x\234U\211\261\021\2000\014\304\3448\036\202\016\306"
  72      B1118030 
  72      0CC4E438 
  72      1E820EC6 
ARM GAS  C:\Users\JEFFSN~1\AppData\Local\Temp\ccTNk0kw.s 			page 5


  73 0010 630A6704 		.ascii	"c\012g\004\346`\216\000\0353P0\006\307\341P\3017:\351"
  73      E6608E00 
  73      1D335030 
  73      06C7E150 
  73      C1373AE9 
  74 0024 33C2482C 		.ascii	"3\302H,\3410\3554\314e\000\023\372\350\246\322 \346"
  74      E130ED34 
  74      CC650013 
  74      FAE8A6D2 
  74      20E6
  75 0036 F2DE504A 		.ascii	"\362\336PJ\004\311\236~\236\\\277\256\030\365\270E\311"
  75      04C99E7E 
  75      9E5CBFAE 
  75      18F5B845 
  75      C9
  76 0047 D4F5EA34 		.ascii	"\324\365\3524\312\271-\211\007\310\255\025;"
  76      CAB92D89 
  76      07C8AD15 
  76      3B
  77              		.text
  78              		.section	.gnu.lto_.refs.724445c2,"",%progbits
  79 0000 789C05C1 		.ascii	"x\234\005\301\211\011\000!\000\004\261\231U\016?\344"
  79      89090021 
  79      0004B199 
  79      550E3FE4 
  80 0010 B003FB6F 		.ascii	"\260\003\373o\322\244\"\027\030\240\244\220\3174\354"
  80      D2A42217 
  80      18A0A490 
  80      CF34EC
  81 001f 3A71E126 		.ascii	":q\341&\2779<\014S\000\245"
  81      BF393C0C 
  81      5300A5
  82              		.text
  83              		.section	.gnu.lto_.decls.724445c2,"",%progbits
  84 0000 789C8D52 		.ascii	"x\234\215R[HTQ\024=\373\336\353\250\267\311^R~\314\207"
  84      5B485451 
  84      143DFBDE 
  84      EBA8B7C9 
  84      5E527ECC 
  85 0015 09451088 		.ascii	"\011E\020\210\022A\177\005\202\217\037\221\246\327\207"
  85      12417F05 
  85      828F1F91 
  85      A6D787
  86 0024 20365E48 		.ascii	" 6^H\212Qf\246\260\277\353\243\224\352C\003S'\311\301"
  86      8A5166A6 
  86      B0BFEBA3 
  86      94EA4303 
  86      5327C9C1 
  87 0038 229FE3AB 		.ascii	"\"\237\343\253\264f|\314\370\032\023\362C\202\240\027"
  87      B4667CCC 
  87      F81A13F2 
  87      4382A017 
  88 0048 1A1A511A 		.ascii	"\032\032Q\032\215\217\002\015\233\3669\367\316\334Q"
  88      8D8F020D 
  88      9BF639F7 
  88      CEDC51
  89 0057 B0DA33FB 		.ascii	"\260\3323\373\234\263\317Y{\355u\366\271\002\001B\355"
ARM GAS  C:\Users\JEFFSN~1\AppData\Local\Temp\ccTNk0kw.s 			page 6


  89      9CB3CF59 
  89      7BED75F6 
  89      B9020142 
  89      ED
  90 0068 8B40C837 		.ascii	"\213@\3107\234k\321\003h\034\316\347\210fxL\234\350"
  90      9C6BD103 
  90      681CCEE7 
  90      8866784C 
  90      9CE8
  91 007a 7DE86EF4 		.ascii	"}\350n\364\001t\212\361\240\017\223\315Fq\321j\276\001"
  91      01748AF1 
  91      A00F93CD 
  91      4671D16A 
  91      BE01
  92 008c 7D047D1C 		.ascii	"}\004}\034}\010\335\207\336\213>\201\356\332\302=\240"
  92      7D08DD87 
  92      DE8B3E81 
  92      EEDAC23D 
  92      A0
  93 009d 72F7FD85 		.ascii	"r\367\375\205{\203\203\372\341\007\243\021\357\340\015"
  93      7B8383FA 
  93      E107A311 
  93      EFE00D
  94 00ac 00016644 		.ascii	"\000\001fD\275\003\241;\352L\027\240\004\034\033I\020"
  94      BD03A13B 
  94      EA4C17A0 
  94      041C1B49 
  94      10
  95 00bd 052A9800 		.ascii	"\005*\230\000\373\341\237c\370\320~\020\027\252\031"
  95      FBE19F63 
  95      F8D07E10 
  95      17AA19
  96 00cc 089AB605 		.ascii	"\010\232\266\005!\013\"a3)e\325B\2149-!\214OU\257\326"
  96      210B2261 
  96      332965D5 
  96      428C392D 
  96      218C4F55 
  97 00e2 87F0B28C 		.ascii	"\207\360\262\214\232\017^z]\236z\024\303#'\256g\326"
  97      9A0F5E7A 
  97      5D9E7A14 
  97      C32327AE 
  97      67D6
  98 00f4 9A5313DB 		.ascii	"\232S\023\333e\264JY\346\022\265\316L\227u\325\363\253"
  98      65B44A59 
  98      E612B5CE 
  98      4C9775D5 
  98      F3AB
  99 0106 1CEC1541 		.ascii	"\034\354\025A\300pi\312>\027\203a\254\010\361\030nL"
  99      C07069CA 
  99      3E178361 
  99      AC08F118 
  99      6E4C
 100 0118 DEB77371 		.ascii	"\336\267sq\367X^\251\034/\300\271\375\320\006\006h\005"
 100      F7585EA9 
 100      1C2FC0B9 
 100      FDD00606 
 100      6805
ARM GAS  C:\Users\JEFFSN~1\AppData\Local\Temp\ccTNk0kw.s 			page 7


 101 012a 7C246887 		.ascii	"|$h\2078\034/\012\012S\313\204s9\"\301!;\272\344\331"
 101      381C2F0A 
 101      0A53CB84 
 101      733922C1 
 101      213BBAE4 
 102 013f 80FF689D 		.ascii	"\200\377h\235\354-\3034\216\242\240\031xh\001Z\226."
 102      EC2DC334 
 102      8EA2A019 
 102      7868015A 
 102      962E
 103 0151 E9D404EF 		.ascii	"\351\324\004\357P\274\023\0220\263v\312\353\214\346"
 103      50BC1312 
 103      30B376CA 
 103      EB8CE6
 104 0160 5399D0CE 		.ascii	"S\231\320\316\033\363-Q(\300 B\000h\274\350Z\333\251"
 104      1BF32D51 
 104      28C02042 
 104      0068BCE8 
 104      5ADBA9
 105 0173 C4F4B8AE 		.ascii	"\304\364\270\256j\356\367\016\376<]s\257\346\332\276"
 105      6AEEF70E 
 105      FE3C5D73 
 105      AFE6DABE 
 106 0183 0870447C 		.ascii	"\010pD|L\345\315\376\362]\251)\247\365\236\200\010\335"
 106      4CE5CDFE 
 106      F25DA929 
 106      A7F59E80 
 106      08DD
 107 0195 5A3D8388 		.ascii	"Z=\203\210c\205,\227\310\376FY\027G\340\230\001\222"
 107      63852C97 
 107      C8FE4659 
 107      1747E098 
 107      0192
 108 01a7 0C047AE0 		.ascii	"\014\004z\340\010%\245(\350\302+u\342\225\260\300\247"
 108      0825A528 
 108      E8C22B75 
 108      E295B0C0 
 108      A7
 109 01b8 9A86059D 		.ascii	"\232\206\005\235\200\357\317x\360n\270\327\356~\277"
 109      80EFCF78 
 109      F06EB8D7 
 109      EE7EBF
 110 01c7 A8DBB60B 		.ascii	"\250\333\266\013\275\254\013OAm\303\317\206\333\316"
 110      BDAC0B4F 
 110      416DC3CF 
 110      86DBCE
 111 01d6 486CC32C 		.ascii	"Hl\303,j\012\224\347\331\333oz+\201\241\240CS\325\001"
 111      6A0A94E7 
 111      D9DB6F7A 
 111      2B81A1A0 
 111      4353D501 
 112 01ea CA33411F 		.ascii	"\3123A\037\353@\371\320\332\035\236o\004\330NBo\355"
 112      EB40F9D0 
 112      DA1D9E6F 
 112      04D84E42 
 112      6FED
 113 01fc EB1E215C 		.ascii	"\353\036!\\\002=\3224\270\230\206\347A\0153\325\033"
ARM GAS  C:\Users\JEFFSN~1\AppData\Local\Temp\ccTNk0kw.s 			page 8


 113      023DD234 
 113      B89886E7 
 113      410D33D5 
 113      1B
 114 020d FE184583 		.ascii	"\376\030E\203w\346\353\205\252RG:\205\3003M\300\263"
 114      77E6EB85 
 114      AA52473A 
 114      85C0334D 
 114      C0B3
 115 021f A0003713 		.ascii	"\240\0007\023\260\370\335\277\022\305\273\025\001\201"
 115      B0F8DDBF 
 115      12C5BB15 
 115      0181
 116 022d C9629F5E 		.ascii	"\311b\237^M\257^\310b\351T\177\277\226\336\037L\037"
 116      4DAF5EC8 
 116      62E9547F 
 116      BF96DE1F 
 116      4C1F
 117 023f 60E94DAD 		.ascii	"`\351M\255?\006u\374K%}\265l\345\265N\304\226\227\376"
 117      3F0675FC 
 117      4B257DB5 
 117      6CE5B54E 
 117      C49697FE 
 118 0253 5FCB1F7E 		.ascii	"_\313\037~Xr\363\207\036\312\217Je\357\207\205\242\345"
 118      5872F387 
 118      1ECA8F4A 
 118      65EF8785 
 118      A2E5
 119 0265 1247ED29 		.ascii	"\022G\355)\030\302\373\015*\365\324tBc\034=p\010\223"
 119      18C2FB0D 
 119      2AF5D474 
 119      42631C3D 
 119      700893
 120 0278 269D77BB 		.ascii	"&\235w\273#\371\217JE\307\347\362y\275\312\360\366r"
 120      23F98F4A 
 120      45C7E7F2 
 120      79BDCAF0 
 120      F672
 121 028a 8D3C522C 		.ascii	"\215<R,0\002\357\026\002/#\030\246\004\374\330\253N"
 121      3002EF16 
 121      022F2318 
 121      A604FCD8 
 121      AB4E
 122 029c 8F08A201 		.ascii	"\217\010\242\001P\010T\320\306\372K\302\304\022\030"
 122      500854D0 
 122      C6FA4BC2 
 122      C41218
 123 02ab 01FC7260 		.ascii	"\001\374r`\024\217\307P\247]\246\230i`\333,\360\237"
 123      148FC750 
 123      A75DA698 
 123      6960DB2C 
 123      F09F
 124 02bd 646B3AD0 		.ascii	"dk:\320o\270\372\361z\214\376\026\375\316\360\201\366"
 124      6FB8FAF1 
 124      7A8CFE16 
 124      FDCEF081 
 124      F6
ARM GAS  C:\Users\JEFFSN~1\AppData\Local\Temp\ccTNk0kw.s 			page 9


 125 02ce A6B3FADA 		.ascii	"\246\263\372\332\003\215\203\236\265\013g\004\373\207"
 125      038D839E 
 125      B50B6704 
 125      FB87
 126 02dc 5F8CEE0A 		.ascii	"_\214\356\012\007\323\356j`\237\012\3661\260k\326c\337"
 126      07D3EE6A 
 126      609F0AF6 
 126      31B06BD6 
 126      63DF
 127 02ee 190E766D 		.ascii	"\031\016vm\002O\250`:\357K\311-4Jf\253\224\223a\265"
 127      024FA860 
 127      3AEF4BC9 
 127      2D344A66 
 127      AB949361 
 128 0303 A4A427E5 		.ascii	"\244\244'\345d\030OG\245e\236\215OIN&\207\323$\263d"
 128      64184F47 
 128      A5659E8D 
 128      4F494E26 
 128      87D324B3 
 129 0318 C9B54979 		.ascii	"\311\265Iy9\306\202\253\026\223\224\235e,H9\236\255"
 129      39C682AB 
 129      1693949D 
 129      652C4839 
 129      9EAD
 130 032a E5649E49 		.ascii	"\345d\236I4\221\335\2418\313\"\031M\271\346\210\253"
 130      3491DDA1 
 130      38CB2219 
 130      4DB9E688 
 130      AB
 131 033b F966DB89 		.ascii	"\371f\333\211\203\333d\233\256\333\256\027J\326\304"
 131      83DB649B 
 131      AEDBAE17 
 131      4AD6C4
 132 034a 4B24E11F 		.ascii	"K$\341\037\374\0109\020\342N\3157\347eJE6\032\025X\366"
 132      FC083910 
 132      E24ECD37 
 132      E7654A45 
 132      361A1558 
 133 035f 68350BAC 		.ascii	"h5\013\2546Z46\264ce\210\014s\236T\244\017m\232\254"
 133      365A3436 
 133      B4636588 
 133      0C739E54 
 133      A40F6D9A 
 134 0374 D7FE00E4 		.ascii	"\327\376\000\344\214\264\257"
 134      8CB4AF
 135              		.text
 136              		.section	.gnu.lto_.symtab.724445c2,"",%progbits
 137 0000 43617053 		.ascii	"CapSense_IsrCH0_ISR\000"
 137      656E7365 
 137      5F497372 
 137      4348305F 
 137      49535200 
 138 0014 00       		.ascii	"\000"
 139 0015 00       		.ascii	"\000"
 140 0016 00       		.ascii	"\000"
 141 0017 00000000 		.ascii	"\000\000\000\000\000\000\000\000"
 141      00000000 
ARM GAS  C:\Users\JEFFSN~1\AppData\Local\Temp\ccTNk0kw.s 			page 10


 142 001f AD000000 		.ascii	"\255\000\000\000"
 143 0023 43617053 		.ascii	"CapSense_sensorIndex\000"
 143      656E7365 
 143      5F73656E 
 143      736F7249 
 143      6E646578 
 144 0038 00       		.ascii	"\000"
 145 0039 02       		.ascii	"\002"
 146 003a 00       		.ascii	"\000"
 147 003b 00000000 		.ascii	"\000\000\000\000\000\000\000\000"
 147      00000000 
 148 0043 BF000000 		.ascii	"\277\000\000\000"
 149 0047 43617053 		.ascii	"CapSense_csv\000"
 149      656E7365 
 149      5F637376 
 149      00
 150 0054 00       		.ascii	"\000"
 151 0055 02       		.ascii	"\002"
 152 0056 00       		.ascii	"\000"
 153 0057 00000000 		.ascii	"\000\000\000\000\000\000\000\000"
 153      00000000 
 154 005f C1000000 		.ascii	"\301\000\000\000"
 155 0063 43617053 		.ascii	"CapSense_PreScan\000"
 155      656E7365 
 155      5F507265 
 155      5363616E 
 155      00
 156 0074 00       		.ascii	"\000"
 157 0075 02       		.ascii	"\002"
 158 0076 00       		.ascii	"\000"
 159 0077 00000000 		.ascii	"\000\000\000\000\000\000\000\000"
 159      00000000 
 160 007f B6000000 		.ascii	"\266\000\000\000"
 161 0083 43617053 		.ascii	"CapSense_FindNextSensor\000"
 161      656E7365 
 161      5F46696E 
 161      644E6578 
 161      7453656E 
 162 009b 00       		.ascii	"\000"
 163 009c 02       		.ascii	"\002"
 164 009d 00       		.ascii	"\000"
 165 009e 00000000 		.ascii	"\000\000\000\000\000\000\000\000"
 165      00000000 
 166 00a6 BA000000 		.ascii	"\272\000\000\000"
 167 00aa 43617053 		.ascii	"CapSense_PostScan\000"
 167      656E7365 
 167      5F506F73 
 167      74536361 
 167      6E00
 168 00bc 00       		.ascii	"\000"
 169 00bd 02       		.ascii	"\002"
 170 00be 00       		.ascii	"\000"
 171 00bf 00000000 		.ascii	"\000\000\000\000\000\000\000\000"
 171      00000000 
 172 00c7 BC000000 		.ascii	"\274\000\000\000"
 173              		.text
 174              		.section	.gnu.lto_.opts,"",%progbits
ARM GAS  C:\Users\JEFFSN~1\AppData\Local\Temp\ccTNk0kw.s 			page 11


 175 0000 272D666D 		.ascii	"'-fmath-errno' '-fsigned-zeros' '-ftrapping-math' '"
 175      6174682D 
 175      6572726E 
 175      6F272027 
 175      2D667369 
 176 0033 2D666E6F 		.ascii	"-fno-trapv' '-fno-strict-overflow' '-fno-openmp' '-"
 176      2D747261 
 176      70762720 
 176      272D666E 
 176      6F2D7374 
 177 0066 666E6F2D 		.ascii	"fno-openacc' '-mcpu=cortex-m3' '-mthumb' '-g' '-Og'"
 177      6F70656E 
 177      61636327 
 177      20272D6D 
 177      6370753D 
 178 0099 20272D66 		.ascii	" '-ffunction-sections' '-ffat-lto-objects' '-finlin"
 178      66756E63 
 178      74696F6E 
 178      2D736563 
 178      74696F6E 
 179 00cc 652D6675 		.ascii	"e-functions' '-flto'\000"
 179      6E637469 
 179      6F6E7327 
 179      20272D66 
 179      6C746F27 
 180              		.text
 181              		.cfi_sections	.debug_frame
 182              		.section	.text.CapSense_IsrCH0_ISR,"ax",%progbits
 183              		.align	2
 184              		.global	CapSense_IsrCH0_ISR
 185              		.thumb
 186              		.thumb_func
 187              		.type	CapSense_IsrCH0_ISR, %function
 188              	CapSense_IsrCH0_ISR:
 189              	.LFB0:
 190              		.file 1 "Generated_Source\\PSoC5\\CapSense_INT.c"
   1:Generated_Source\PSoC5/CapSense_INT.c **** /*******************************************************************************
   2:Generated_Source\PSoC5/CapSense_INT.c **** * File Name: CapSense_INT.c
   3:Generated_Source\PSoC5/CapSense_INT.c **** * Version 3.50
   4:Generated_Source\PSoC5/CapSense_INT.c **** *
   5:Generated_Source\PSoC5/CapSense_INT.c **** * Description:
   6:Generated_Source\PSoC5/CapSense_INT.c **** *  This file provides the source code of Interrupt Service Routine (ISR)
   7:Generated_Source\PSoC5/CapSense_INT.c **** *  for CapSense CSD component.
   8:Generated_Source\PSoC5/CapSense_INT.c **** *
   9:Generated_Source\PSoC5/CapSense_INT.c **** * Note:
  10:Generated_Source\PSoC5/CapSense_INT.c **** *
  11:Generated_Source\PSoC5/CapSense_INT.c **** ********************************************************************************
  12:Generated_Source\PSoC5/CapSense_INT.c **** * Copyright 2008-2013, Cypress Semiconductor Corporation.  All rights reserved.
  13:Generated_Source\PSoC5/CapSense_INT.c **** * You may use this file only in accordance with the license, terms, conditions,
  14:Generated_Source\PSoC5/CapSense_INT.c **** * disclaimers, and limitations in the end user license agreement accompanying
  15:Generated_Source\PSoC5/CapSense_INT.c **** * the software package with which this file was provided.
  16:Generated_Source\PSoC5/CapSense_INT.c **** *******************************************************************************/
  17:Generated_Source\PSoC5/CapSense_INT.c **** 
  18:Generated_Source\PSoC5/CapSense_INT.c **** #include "CapSense.h"
  19:Generated_Source\PSoC5/CapSense_INT.c **** 
  20:Generated_Source\PSoC5/CapSense_INT.c **** 
  21:Generated_Source\PSoC5/CapSense_INT.c **** 
ARM GAS  C:\Users\JEFFSN~1\AppData\Local\Temp\ccTNk0kw.s 			page 12


  22:Generated_Source\PSoC5/CapSense_INT.c **** /*******************************************************************************
  23:Generated_Source\PSoC5/CapSense_INT.c **** *  Place your includes, defines and code here 
  24:Generated_Source\PSoC5/CapSense_INT.c **** ********************************************************************************/
  25:Generated_Source\PSoC5/CapSense_INT.c **** /* `#START CapSense_IsrCH_ISR_intc` */
  26:Generated_Source\PSoC5/CapSense_INT.c **** 
  27:Generated_Source\PSoC5/CapSense_INT.c **** /* `#END` */
  28:Generated_Source\PSoC5/CapSense_INT.c **** 
  29:Generated_Source\PSoC5/CapSense_INT.c **** 
  30:Generated_Source\PSoC5/CapSense_INT.c **** #if (CapSense_DESIGN_TYPE == CapSense_ONE_CHANNEL_DESIGN)
  31:Generated_Source\PSoC5/CapSense_INT.c ****     /*******************************************************************************
  32:Generated_Source\PSoC5/CapSense_INT.c ****     * Function Name: CapSense_IsrCH0_ISR
  33:Generated_Source\PSoC5/CapSense_INT.c ****     ********************************************************************************
  34:Generated_Source\PSoC5/CapSense_INT.c ****     *
  35:Generated_Source\PSoC5/CapSense_INT.c ****     * Summary:
  36:Generated_Source\PSoC5/CapSense_INT.c ****     *  This ISR is executed when measure window is closed. The measure window 
  37:Generated_Source\PSoC5/CapSense_INT.c ****     *  depends on scan resolution parameter of sensor. 
  38:Generated_Source\PSoC5/CapSense_INT.c ****     *  The ISR has two modes: 
  39:Generated_Source\PSoC5/CapSense_INT.c ****     *   1. Scans single sensor and stores measure result.
  40:Generated_Source\PSoC5/CapSense_INT.c ****     *   2. Stores result of current measure and starts next scan till all 
  41:Generated_Source\PSoC5/CapSense_INT.c ****     *      enabled sensors will be scanned.
  42:Generated_Source\PSoC5/CapSense_INT.c ****     *  This interrupt handler only used in one channel designs.
  43:Generated_Source\PSoC5/CapSense_INT.c ****     *
  44:Generated_Source\PSoC5/CapSense_INT.c ****     * Parameters:
  45:Generated_Source\PSoC5/CapSense_INT.c ****     *  None
  46:Generated_Source\PSoC5/CapSense_INT.c ****     *
  47:Generated_Source\PSoC5/CapSense_INT.c ****     * Return:
  48:Generated_Source\PSoC5/CapSense_INT.c ****     *  None
  49:Generated_Source\PSoC5/CapSense_INT.c ****     *
  50:Generated_Source\PSoC5/CapSense_INT.c ****     * Global Variables:
  51:Generated_Source\PSoC5/CapSense_INT.c ****     *  CapSense_csv - used to provide status and mode of scanning process.
  52:Generated_Source\PSoC5/CapSense_INT.c ****     *   Mode - single scan or scan of all enabled sensors.
  53:Generated_Source\PSoC5/CapSense_INT.c ****     *   Status - scan in progress or ready for new scan.
  54:Generated_Source\PSoC5/CapSense_INT.c ****     *  CapSense_sensorIndex - used to store sensor scanning sensor number.
  55:Generated_Source\PSoC5/CapSense_INT.c ****     *
  56:Generated_Source\PSoC5/CapSense_INT.c ****     * Reentrant:
  57:Generated_Source\PSoC5/CapSense_INT.c ****     *  No
  58:Generated_Source\PSoC5/CapSense_INT.c ****     *
  59:Generated_Source\PSoC5/CapSense_INT.c ****     *******************************************************************************/
  60:Generated_Source\PSoC5/CapSense_INT.c ****     CY_ISR(CapSense_IsrCH0_ISR)
  61:Generated_Source\PSoC5/CapSense_INT.c ****     {
 191              		.loc 1 61 0
 192              		.cfi_startproc
 193              		@ args = 0, pretend = 0, frame = 0
 194              		@ frame_needed = 0, uses_anonymous_args = 0
 195 0000 10B5     		push	{r4, lr}
 196              		.cfi_def_cfa_offset 8
 197              		.cfi_offset 4, -8
 198              		.cfi_offset 14, -4
  62:Generated_Source\PSoC5/CapSense_INT.c ****         #ifdef CapSense_ONE_CHANNEL_CH0_ISR_ENTRY_CALLBACK
  63:Generated_Source\PSoC5/CapSense_INT.c ****             CapSense_IsrCH0_ISR_EntryCallback();
  64:Generated_Source\PSoC5/CapSense_INT.c ****         #endif /* CapSense_ONE_CHANNEL_CH0_ISR_ENTRY_CALLBACK */
  65:Generated_Source\PSoC5/CapSense_INT.c **** 
  66:Generated_Source\PSoC5/CapSense_INT.c ****         /*  Place your Interrupt code here. */
  67:Generated_Source\PSoC5/CapSense_INT.c ****         /* `#START CapSense_ONE_CHANNEL_IsrCH0_ISR_ENTER` */
  68:Generated_Source\PSoC5/CapSense_INT.c **** 
  69:Generated_Source\PSoC5/CapSense_INT.c ****         /* `#END` */
  70:Generated_Source\PSoC5/CapSense_INT.c **** 
ARM GAS  C:\Users\JEFFSN~1\AppData\Local\Temp\ccTNk0kw.s 			page 13


  71:Generated_Source\PSoC5/CapSense_INT.c ****         /* Save results and disable sensor */
  72:Generated_Source\PSoC5/CapSense_INT.c ****         CapSense_PostScan(CapSense_sensorIndex);
 199              		.loc 1 72 0
 200 0002 114B     		ldr	r3, .L6
 201 0004 1878     		ldrb	r0, [r3]	@ zero_extendqisi2
 202 0006 FFF7FEFF 		bl	CapSense_PostScan
 203              	.LVL0:
  73:Generated_Source\PSoC5/CapSense_INT.c ****                 
  74:Generated_Source\PSoC5/CapSense_INT.c ****         if ((CapSense_csv & CapSense_SW_CTRL_SINGLE_SCAN) != 0u)
 204              		.loc 1 74 0
 205 000a 104B     		ldr	r3, .L6+4
 206 000c 1B78     		ldrb	r3, [r3]	@ zero_extendqisi2
 207 000e 13F0800F 		tst	r3, #128
 208 0012 05D0     		beq	.L2
  75:Generated_Source\PSoC5/CapSense_INT.c ****         {
  76:Generated_Source\PSoC5/CapSense_INT.c ****             CapSense_csv &= (uint8)~CapSense_SW_STS_BUSY;
 209              		.loc 1 76 0
 210 0014 0D4A     		ldr	r2, .L6+4
 211 0016 1378     		ldrb	r3, [r2]	@ zero_extendqisi2
 212 0018 03F0FE03 		and	r3, r3, #254
 213 001c 1370     		strb	r3, [r2]
 214 001e 10BD     		pop	{r4, pc}
 215              	.L2:
  77:Generated_Source\PSoC5/CapSense_INT.c ****         }
  78:Generated_Source\PSoC5/CapSense_INT.c ****         else
  79:Generated_Source\PSoC5/CapSense_INT.c ****         {
  80:Generated_Source\PSoC5/CapSense_INT.c ****             /* Proceed the scanning */
  81:Generated_Source\PSoC5/CapSense_INT.c ****             CapSense_sensorIndex = CapSense_FindNextSensor(CapSense_sensorIndex);
 216              		.loc 1 81 0
 217 0020 094C     		ldr	r4, .L6
 218 0022 2078     		ldrb	r0, [r4]	@ zero_extendqisi2
 219 0024 FFF7FEFF 		bl	CapSense_FindNextSensor
 220              	.LVL1:
 221 0028 2070     		strb	r0, [r4]
  82:Generated_Source\PSoC5/CapSense_INT.c ****             
  83:Generated_Source\PSoC5/CapSense_INT.c ****             /* Check end of scan */
  84:Generated_Source\PSoC5/CapSense_INT.c ****             if(CapSense_sensorIndex < CapSense_TOTAL_SENSOR_COUNT)
 222              		.loc 1 84 0
 223 002a 2378     		ldrb	r3, [r4]	@ zero_extendqisi2
 224 002c DBB2     		uxtb	r3, r3
 225 002e 072B     		cmp	r3, #7
 226 0030 03D8     		bhi	.L4
  85:Generated_Source\PSoC5/CapSense_INT.c ****             {
  86:Generated_Source\PSoC5/CapSense_INT.c ****                 CapSense_PreScan(CapSense_sensorIndex);
 227              		.loc 1 86 0
 228 0032 2078     		ldrb	r0, [r4]	@ zero_extendqisi2
 229 0034 FFF7FEFF 		bl	CapSense_PreScan
 230              	.LVL2:
 231 0038 10BD     		pop	{r4, pc}
 232              	.L4:
  87:Generated_Source\PSoC5/CapSense_INT.c ****             }
  88:Generated_Source\PSoC5/CapSense_INT.c ****             else
  89:Generated_Source\PSoC5/CapSense_INT.c ****             {
  90:Generated_Source\PSoC5/CapSense_INT.c ****                 CapSense_csv &= (uint8)~CapSense_SW_STS_BUSY;
 233              		.loc 1 90 0
 234 003a 044A     		ldr	r2, .L6+4
 235 003c 1378     		ldrb	r3, [r2]	@ zero_extendqisi2
ARM GAS  C:\Users\JEFFSN~1\AppData\Local\Temp\ccTNk0kw.s 			page 14


 236 003e 03F0FE03 		and	r3, r3, #254
 237 0042 1370     		strb	r3, [r2]
 238 0044 10BD     		pop	{r4, pc}
 239              	.L7:
 240 0046 00BF     		.align	2
 241              	.L6:
 242 0048 00000000 		.word	CapSense_sensorIndex
 243 004c 00000000 		.word	CapSense_csv
 244              		.cfi_endproc
 245              	.LFE0:
 246              		.size	CapSense_IsrCH0_ISR, .-CapSense_IsrCH0_ISR
 247              		.text
 248              	.Letext0:
 249              		.file 2 "Generated_Source\\PSoC5\\CapSense.h"
 250              		.file 3 "Generated_Source\\PSoC5\\cytypes.h"
 251              		.section	.debug_info,"",%progbits
 252              	.Ldebug_info0:
 253 0000 09010000 		.4byte	0x109
 254 0004 0400     		.2byte	0x4
 255 0006 00000000 		.4byte	.Ldebug_abbrev0
 256 000a 04       		.byte	0x4
 257 000b 01       		.uleb128 0x1
 258 000c 98010000 		.4byte	.LASF19
 259 0010 0C       		.byte	0xc
 260 0011 0E000000 		.4byte	.LASF20
 261 0015 B7000000 		.4byte	.LASF21
 262 0019 00000000 		.4byte	.Ldebug_ranges0+0
 263 001d 00000000 		.4byte	0
 264 0021 00000000 		.4byte	.Ldebug_line0
 265 0025 02       		.uleb128 0x2
 266 0026 01       		.byte	0x1
 267 0027 06       		.byte	0x6
 268 0028 8C010000 		.4byte	.LASF0
 269 002c 02       		.uleb128 0x2
 270 002d 01       		.byte	0x1
 271 002e 08       		.byte	0x8
 272 002f 41000000 		.4byte	.LASF1
 273 0033 02       		.uleb128 0x2
 274 0034 02       		.byte	0x2
 275 0035 05       		.byte	0x5
 276 0036 4B020000 		.4byte	.LASF2
 277 003a 02       		.uleb128 0x2
 278 003b 02       		.byte	0x2
 279 003c 07       		.byte	0x7
 280 003d 79010000 		.4byte	.LASF3
 281 0041 02       		.uleb128 0x2
 282 0042 04       		.byte	0x4
 283 0043 05       		.byte	0x5
 284 0044 2B010000 		.4byte	.LASF4
 285 0048 02       		.uleb128 0x2
 286 0049 04       		.byte	0x4
 287 004a 07       		.byte	0x7
 288 004b 69000000 		.4byte	.LASF5
 289 004f 02       		.uleb128 0x2
 290 0050 08       		.byte	0x8
 291 0051 05       		.byte	0x5
 292 0052 00000000 		.4byte	.LASF6
ARM GAS  C:\Users\JEFFSN~1\AppData\Local\Temp\ccTNk0kw.s 			page 15


 293 0056 02       		.uleb128 0x2
 294 0057 08       		.byte	0x8
 295 0058 07       		.byte	0x7
 296 0059 7B000000 		.4byte	.LASF7
 297 005d 03       		.uleb128 0x3
 298 005e 04       		.byte	0x4
 299 005f 05       		.byte	0x5
 300 0060 696E7400 		.ascii	"int\000"
 301 0064 02       		.uleb128 0x2
 302 0065 04       		.byte	0x4
 303 0066 07       		.byte	0x7
 304 0067 34000000 		.4byte	.LASF8
 305 006b 04       		.uleb128 0x4
 306 006c 63000000 		.4byte	.LASF22
 307 0070 03       		.byte	0x3
 308 0071 E901     		.2byte	0x1e9
 309 0073 2C000000 		.4byte	0x2c
 310 0077 02       		.uleb128 0x2
 311 0078 04       		.byte	0x4
 312 0079 04       		.byte	0x4
 313 007a 92000000 		.4byte	.LASF9
 314 007e 02       		.uleb128 0x2
 315 007f 08       		.byte	0x8
 316 0080 04       		.byte	0x4
 317 0081 5D010000 		.4byte	.LASF10
 318 0085 02       		.uleb128 0x2
 319 0086 01       		.byte	0x1
 320 0087 08       		.byte	0x8
 321 0088 26010000 		.4byte	.LASF11
 322 008c 05       		.uleb128 0x5
 323 008d 6B000000 		.4byte	0x6b
 324 0091 02       		.uleb128 0x2
 325 0092 08       		.byte	0x8
 326 0093 04       		.byte	0x4
 327 0094 3F020000 		.4byte	.LASF12
 328 0098 02       		.uleb128 0x2
 329 0099 04       		.byte	0x4
 330 009a 07       		.byte	0x7
 331 009b 55020000 		.4byte	.LASF13
 332 009f 06       		.uleb128 0x6
 333 00a0 4F000000 		.4byte	.LASF23
 334 00a4 01       		.byte	0x1
 335 00a5 3C       		.byte	0x3c
 336 00a6 00000000 		.4byte	.LFB0
 337 00aa 50000000 		.4byte	.LFE0-.LFB0
 338 00ae 01       		.uleb128 0x1
 339 00af 9C       		.byte	0x9c
 340 00b0 D0000000 		.4byte	0xd0
 341 00b4 07       		.uleb128 0x7
 342 00b5 0A000000 		.4byte	.LVL0
 343 00b9 E8000000 		.4byte	0xe8
 344 00bd 07       		.uleb128 0x7
 345 00be 28000000 		.4byte	.LVL1
 346 00c2 F4000000 		.4byte	0xf4
 347 00c6 07       		.uleb128 0x7
 348 00c7 38000000 		.4byte	.LVL2
 349 00cb 00010000 		.4byte	0x100
ARM GAS  C:\Users\JEFFSN~1\AppData\Local\Temp\ccTNk0kw.s 			page 16


 350 00cf 00       		.byte	0
 351 00d0 08       		.uleb128 0x8
 352 00d1 AA000000 		.4byte	.LASF14
 353 00d5 02       		.byte	0x2
 354 00d6 B502     		.2byte	0x2b5
 355 00d8 8C000000 		.4byte	0x8c
 356 00dc 08       		.uleb128 0x8
 357 00dd 64010000 		.4byte	.LASF15
 358 00e1 02       		.byte	0x2
 359 00e2 B602     		.2byte	0x2b6
 360 00e4 8C000000 		.4byte	0x8c
 361 00e8 09       		.uleb128 0x9
 362 00e9 98000000 		.4byte	.LASF16
 363 00ed 98000000 		.4byte	.LASF16
 364 00f1 02       		.byte	0x2
 365 00f2 A202     		.2byte	0x2a2
 366 00f4 09       		.uleb128 0x9
 367 00f5 34010000 		.4byte	.LASF17
 368 00f9 34010000 		.4byte	.LASF17
 369 00fd 02       		.byte	0x2
 370 00fe 9702     		.2byte	0x297
 371 0100 09       		.uleb128 0x9
 372 0101 4C010000 		.4byte	.LASF18
 373 0105 4C010000 		.4byte	.LASF18
 374 0109 02       		.byte	0x2
 375 010a A002     		.2byte	0x2a0
 376 010c 00       		.byte	0
 377              		.section	.debug_abbrev,"",%progbits
 378              	.Ldebug_abbrev0:
 379 0000 01       		.uleb128 0x1
 380 0001 11       		.uleb128 0x11
 381 0002 01       		.byte	0x1
 382 0003 25       		.uleb128 0x25
 383 0004 0E       		.uleb128 0xe
 384 0005 13       		.uleb128 0x13
 385 0006 0B       		.uleb128 0xb
 386 0007 03       		.uleb128 0x3
 387 0008 0E       		.uleb128 0xe
 388 0009 1B       		.uleb128 0x1b
 389 000a 0E       		.uleb128 0xe
 390 000b 55       		.uleb128 0x55
 391 000c 17       		.uleb128 0x17
 392 000d 11       		.uleb128 0x11
 393 000e 01       		.uleb128 0x1
 394 000f 10       		.uleb128 0x10
 395 0010 17       		.uleb128 0x17
 396 0011 00       		.byte	0
 397 0012 00       		.byte	0
 398 0013 02       		.uleb128 0x2
 399 0014 24       		.uleb128 0x24
 400 0015 00       		.byte	0
 401 0016 0B       		.uleb128 0xb
 402 0017 0B       		.uleb128 0xb
 403 0018 3E       		.uleb128 0x3e
 404 0019 0B       		.uleb128 0xb
 405 001a 03       		.uleb128 0x3
 406 001b 0E       		.uleb128 0xe
ARM GAS  C:\Users\JEFFSN~1\AppData\Local\Temp\ccTNk0kw.s 			page 17


 407 001c 00       		.byte	0
 408 001d 00       		.byte	0
 409 001e 03       		.uleb128 0x3
 410 001f 24       		.uleb128 0x24
 411 0020 00       		.byte	0
 412 0021 0B       		.uleb128 0xb
 413 0022 0B       		.uleb128 0xb
 414 0023 3E       		.uleb128 0x3e
 415 0024 0B       		.uleb128 0xb
 416 0025 03       		.uleb128 0x3
 417 0026 08       		.uleb128 0x8
 418 0027 00       		.byte	0
 419 0028 00       		.byte	0
 420 0029 04       		.uleb128 0x4
 421 002a 16       		.uleb128 0x16
 422 002b 00       		.byte	0
 423 002c 03       		.uleb128 0x3
 424 002d 0E       		.uleb128 0xe
 425 002e 3A       		.uleb128 0x3a
 426 002f 0B       		.uleb128 0xb
 427 0030 3B       		.uleb128 0x3b
 428 0031 05       		.uleb128 0x5
 429 0032 49       		.uleb128 0x49
 430 0033 13       		.uleb128 0x13
 431 0034 00       		.byte	0
 432 0035 00       		.byte	0
 433 0036 05       		.uleb128 0x5
 434 0037 35       		.uleb128 0x35
 435 0038 00       		.byte	0
 436 0039 49       		.uleb128 0x49
 437 003a 13       		.uleb128 0x13
 438 003b 00       		.byte	0
 439 003c 00       		.byte	0
 440 003d 06       		.uleb128 0x6
 441 003e 2E       		.uleb128 0x2e
 442 003f 01       		.byte	0x1
 443 0040 3F       		.uleb128 0x3f
 444 0041 19       		.uleb128 0x19
 445 0042 03       		.uleb128 0x3
 446 0043 0E       		.uleb128 0xe
 447 0044 3A       		.uleb128 0x3a
 448 0045 0B       		.uleb128 0xb
 449 0046 3B       		.uleb128 0x3b
 450 0047 0B       		.uleb128 0xb
 451 0048 27       		.uleb128 0x27
 452 0049 19       		.uleb128 0x19
 453 004a 11       		.uleb128 0x11
 454 004b 01       		.uleb128 0x1
 455 004c 12       		.uleb128 0x12
 456 004d 06       		.uleb128 0x6
 457 004e 40       		.uleb128 0x40
 458 004f 18       		.uleb128 0x18
 459 0050 9742     		.uleb128 0x2117
 460 0052 19       		.uleb128 0x19
 461 0053 01       		.uleb128 0x1
 462 0054 13       		.uleb128 0x13
 463 0055 00       		.byte	0
ARM GAS  C:\Users\JEFFSN~1\AppData\Local\Temp\ccTNk0kw.s 			page 18


 464 0056 00       		.byte	0
 465 0057 07       		.uleb128 0x7
 466 0058 898201   		.uleb128 0x4109
 467 005b 00       		.byte	0
 468 005c 11       		.uleb128 0x11
 469 005d 01       		.uleb128 0x1
 470 005e 31       		.uleb128 0x31
 471 005f 13       		.uleb128 0x13
 472 0060 00       		.byte	0
 473 0061 00       		.byte	0
 474 0062 08       		.uleb128 0x8
 475 0063 34       		.uleb128 0x34
 476 0064 00       		.byte	0
 477 0065 03       		.uleb128 0x3
 478 0066 0E       		.uleb128 0xe
 479 0067 3A       		.uleb128 0x3a
 480 0068 0B       		.uleb128 0xb
 481 0069 3B       		.uleb128 0x3b
 482 006a 05       		.uleb128 0x5
 483 006b 49       		.uleb128 0x49
 484 006c 13       		.uleb128 0x13
 485 006d 3F       		.uleb128 0x3f
 486 006e 19       		.uleb128 0x19
 487 006f 3C       		.uleb128 0x3c
 488 0070 19       		.uleb128 0x19
 489 0071 00       		.byte	0
 490 0072 00       		.byte	0
 491 0073 09       		.uleb128 0x9
 492 0074 2E       		.uleb128 0x2e
 493 0075 00       		.byte	0
 494 0076 3F       		.uleb128 0x3f
 495 0077 19       		.uleb128 0x19
 496 0078 3C       		.uleb128 0x3c
 497 0079 19       		.uleb128 0x19
 498 007a 6E       		.uleb128 0x6e
 499 007b 0E       		.uleb128 0xe
 500 007c 03       		.uleb128 0x3
 501 007d 0E       		.uleb128 0xe
 502 007e 3A       		.uleb128 0x3a
 503 007f 0B       		.uleb128 0xb
 504 0080 3B       		.uleb128 0x3b
 505 0081 05       		.uleb128 0x5
 506 0082 00       		.byte	0
 507 0083 00       		.byte	0
 508 0084 00       		.byte	0
 509              		.section	.debug_aranges,"",%progbits
 510 0000 1C000000 		.4byte	0x1c
 511 0004 0200     		.2byte	0x2
 512 0006 00000000 		.4byte	.Ldebug_info0
 513 000a 04       		.byte	0x4
 514 000b 00       		.byte	0
 515 000c 0000     		.2byte	0
 516 000e 0000     		.2byte	0
 517 0010 00000000 		.4byte	.LFB0
 518 0014 50000000 		.4byte	.LFE0-.LFB0
 519 0018 00000000 		.4byte	0
 520 001c 00000000 		.4byte	0
ARM GAS  C:\Users\JEFFSN~1\AppData\Local\Temp\ccTNk0kw.s 			page 19


 521              		.section	.debug_ranges,"",%progbits
 522              	.Ldebug_ranges0:
 523 0000 00000000 		.4byte	.LFB0
 524 0004 50000000 		.4byte	.LFE0
 525 0008 00000000 		.4byte	0
 526 000c 00000000 		.4byte	0
 527              		.section	.debug_line,"",%progbits
 528              	.Ldebug_line0:
 529 0000 75000000 		.section	.debug_str,"MS",%progbits,1
 529      02005700 
 529      00000201 
 529      FB0E0D00 
 529      01010101 
 530              	.LASF6:
 531 0000 6C6F6E67 		.ascii	"long long int\000"
 531      206C6F6E 
 531      6720696E 
 531      7400
 532              	.LASF20:
 533 000e 47656E65 		.ascii	"Generated_Source\\PSoC5\\CapSense_INT.c\000"
 533      72617465 
 533      645F536F 
 533      75726365 
 533      5C50536F 
 534              	.LASF8:
 535 0034 756E7369 		.ascii	"unsigned int\000"
 535      676E6564 
 535      20696E74 
 535      00
 536              	.LASF1:
 537 0041 756E7369 		.ascii	"unsigned char\000"
 537      676E6564 
 537      20636861 
 537      7200
 538              	.LASF23:
 539 004f 43617053 		.ascii	"CapSense_IsrCH0_ISR\000"
 539      656E7365 
 539      5F497372 
 539      4348305F 
 539      49535200 
 540              	.LASF22:
 541 0063 75696E74 		.ascii	"uint8\000"
 541      3800
 542              	.LASF5:
 543 0069 6C6F6E67 		.ascii	"long unsigned int\000"
 543      20756E73 
 543      69676E65 
 543      6420696E 
 543      7400
 544              	.LASF7:
 545 007b 6C6F6E67 		.ascii	"long long unsigned int\000"
 545      206C6F6E 
 545      6720756E 
 545      7369676E 
 545      65642069 
 546              	.LASF9:
 547 0092 666C6F61 		.ascii	"float\000"
ARM GAS  C:\Users\JEFFSN~1\AppData\Local\Temp\ccTNk0kw.s 			page 20


 547      7400
 548              	.LASF16:
 549 0098 43617053 		.ascii	"CapSense_PostScan\000"
 549      656E7365 
 549      5F506F73 
 549      74536361 
 549      6E00
 550              	.LASF14:
 551 00aa 43617053 		.ascii	"CapSense_csv\000"
 551      656E7365 
 551      5F637376 
 551      00
 552              	.LASF21:
 553 00b7 433A5C55 		.ascii	"C:\\Users\\JeffSnyder\\dev\\Electrobass_embedded\\P"
 553      73657273 
 553      5C4A6566 
 553      66536E79 
 553      6465725C 
 554 00e5 534F4335 		.ascii	"SOC5_electrobass_stringsensors\\CE210514_PSOC3_5_Th"
 554      5F656C65 
 554      6374726F 
 554      62617373 
 554      5F737472 
 555 0117 65726D69 		.ascii	"ermistor.cydsn\000"
 555      73746F72 
 555      2E637964 
 555      736E00
 556              	.LASF11:
 557 0126 63686172 		.ascii	"char\000"
 557      00
 558              	.LASF4:
 559 012b 6C6F6E67 		.ascii	"long int\000"
 559      20696E74 
 559      00
 560              	.LASF17:
 561 0134 43617053 		.ascii	"CapSense_FindNextSensor\000"
 561      656E7365 
 561      5F46696E 
 561      644E6578 
 561      7453656E 
 562              	.LASF18:
 563 014c 43617053 		.ascii	"CapSense_PreScan\000"
 563      656E7365 
 563      5F507265 
 563      5363616E 
 563      00
 564              	.LASF10:
 565 015d 646F7562 		.ascii	"double\000"
 565      6C6500
 566              	.LASF15:
 567 0164 43617053 		.ascii	"CapSense_sensorIndex\000"
 567      656E7365 
 567      5F73656E 
 567      736F7249 
 567      6E646578 
 568              	.LASF3:
 569 0179 73686F72 		.ascii	"short unsigned int\000"
ARM GAS  C:\Users\JEFFSN~1\AppData\Local\Temp\ccTNk0kw.s 			page 21


 569      7420756E 
 569      7369676E 
 569      65642069 
 569      6E7400
 570              	.LASF0:
 571 018c 7369676E 		.ascii	"signed char\000"
 571      65642063 
 571      68617200 
 572              	.LASF19:
 573 0198 474E5520 		.ascii	"GNU C11 5.4.1 20160609 (release) [ARM/embedded-5-br"
 573      43313120 
 573      352E342E 
 573      31203230 
 573      31363036 
 574 01cb 616E6368 		.ascii	"anch revision 237715] -mcpu=cortex-m3 -mthumb -g -O"
 574      20726576 
 574      6973696F 
 574      6E203233 
 574      37373135 
 575 01fe 67202D66 		.ascii	"g -ffunction-sections -ffat-lto-objects -finline-fu"
 575      66756E63 
 575      74696F6E 
 575      2D736563 
 575      74696F6E 
 576 0231 6E637469 		.ascii	"nctions -flto\000"
 576      6F6E7320 
 576      2D666C74 
 576      6F00
 577              	.LASF12:
 578 023f 6C6F6E67 		.ascii	"long double\000"
 578      20646F75 
 578      626C6500 
 579              	.LASF2:
 580 024b 73686F72 		.ascii	"short int\000"
 580      7420696E 
 580      7400
 581              	.LASF13:
 582 0255 73697A65 		.ascii	"sizetype\000"
 582      74797065 
 582      00
 583              		.comm	__gnu_lto_v1,1,1
 584              		.ident	"GCC: (GNU Tools for ARM Embedded Processors) 5.4.1 20160609 (release) [ARM/embedded-5-bran
