ARM GAS  C:\Users\JEFFSN~1\AppData\Local\Temp\ccJ6NmXf.s 			page 1


   1              		.syntax unified
   2              		.cpu cortex-m3
   3              		.fpu softvfp
   4              		.eabi_attribute 20, 1
   5              		.eabi_attribute 21, 1
   6              		.eabi_attribute 23, 3
   7              		.eabi_attribute 24, 1
   8              		.eabi_attribute 25, 1
   9              		.eabi_attribute 26, 1
  10              		.eabi_attribute 30, 2
  11              		.eabi_attribute 34, 1
  12              		.eabi_attribute 18, 4
  13              		.thumb
  14              		.syntax unified
  15              		.file	"CapSense_TunerHelper.c"
  16              		.text
  17              	.Ltext0:
  18              		.section	.gnu.lto_.profile.f7439fdb,"",%progbits
  19 0000 789C6361 		.ascii	"x\234ca`d`a`\000\221L\000\000t\000\021"
  19      60646061 
  19      6000914C 
  19      00007400 
  19      11
  20              		.text
  21              		.section	.gnu.lto_.icf.f7439fdb,"",%progbits
  22 0000 789C6361 		.ascii	"x\234ca`d\000\001>\006\004`bX?\363A\013\023#\230d\000"
  22      60640001 
  22      3E060460 
  22      62583FF3 
  22      410B1323 
  23 0017 002ABB05 		.ascii	"\000*\273\005s"
  23      73
  24              		.text
  25              		.section	.gnu.lto_.jmpfuncs.f7439fdb,"",%progbits
  26 0000 789C6361 		.ascii	"x\234ca`d\000\001\016\006\004`\002b\220(\000\001Z\000"
  26      60640001 
  26      0E060460 
  26      02629028 
  26      00015A00 
  27 0014 11       		.ascii	"\021"
  28              		.text
  29              		.section	.gnu.lto_.inline.f7439fdb,"",%progbits
  30 0000 789C6361 		.ascii	"x\234ca`d\000\0015\006\004`b``fb\004Q\014l\013\344A"
  30      60640001 
  30      35060460 
  30      62606066 
  30      6204510C 
  31 0018 145011BA 		.ascii	"\024P\021\272\010\003\000$\341\001\315"
  31      08030024 
  31      E101CD
  32              		.text
  33              		.section	.gnu.lto_.pureconst.f7439fdb,"",%progbits
  34 0000 789C6361 		.ascii	"x\234ca`d`e```b\0002\000\000\205\000\016"
  34      60646065 
  34      60606062 
  34      00320000 
  34      85000E
ARM GAS  C:\Users\JEFFSN~1\AppData\Local\Temp\ccJ6NmXf.s 			page 2


  35              		.text
  36              		.section	.gnu.lto_CapSense_TunerStart.f7439fdb,"",%progbits
  37 0000 789C6361 		.ascii	"x\234ca`d\000\201j 6\000bi fdf`d\232p\216\201\241\221"
  37      60640081 
  37      6A203600 
  37      62692066 
  37      64666064 
  38 001a 83899111 		.ascii	"\203\211\221\021\304h\340`d\250gb\254g\374\312\364\227"
  38      C468E060 
  38      64A86762 
  38      AC67FCCA 
  38      F497
  39 002c 89F150FB 		.ascii	"\211\361P\373\263\235L\232\313\033\200\340\301\322Y"
  39      B39D4C9A 
  39      CB1B80E0 
  39      C1D259
  40 003b CC0D2B0E 		.ascii	"\314\015+\0160\266230\374g\002\233\304\300\270\234Q"
  40      30B63233 
  40      30FC6702 
  40      9BC4C0B8 
  40      9C51
  41 004d 9301A8EC 		.ascii	"\223\001\250\354\321\306\177Sy\331Z@\312\024 \222\214"
  41      D1C67F53 
  41      79D95A40 
  41      CA142092 
  41      8C
  42 005e 2B18D940 		.ascii	"+\030\331@\326\255\017:\320\360\377\177s\303\201\253"
  42      D6AD0F3A 
  42      D0F0FF7F 
  42      73C381AB 
  43 006e AC6F7980 		.ascii	"\254oy\200\022\037\200\030d\315G&&\020\315\374\212\221"
  43      121F8018 
  43      64CD4726 
  43      2610CDFC 
  43      8A91
  44 0080 09A4146C 		.ascii	"\011\244\024l\332\007&F\220\030P\205\236{j^jQbIjJ|p"
  44      DA072646 
  44      90185085 
  44      9E7B6A5E 
  44      6A516249 
  45 0098 7E695172 		.ascii	"~iQrjL@p\276\263i\214sbApj^qj|H)P\336#5\247 \265H/\231"
  45      6A4C4070 
  45      BEB3698C 
  45      73624170 
  45      6A5E716A 
  46 00b9 0100B722 		.ascii	"\001\000\267\"=\371"
  46      3DF9
  47              		.text
  48              		.section	.gnu.lto_CapSense_TunerComm.f7439fdb,"",%progbits
  49 0000 789C6361 		.ascii	"x\234ca`d\000\201\032 6\000bi fdf`d\232p\216\201\241"
  49      60640081 
  49      1A203600 
  49      62692066 
  49      64666064 
  50 0019 91838991 		.ascii	"\221\203\211\221\021\304h\340`d\250gb\254g\374\312\364"
  50      11C468E0 
  50      6064A867 
ARM GAS  C:\Users\JEFFSN~1\AppData\Local\Temp\ccJ6NmXf.s 			page 3


  50      62AC67FC 
  50      CAF4
  51 002b 9789F150 		.ascii	"\227\211\361P\373\263\235L\232\313\033\200\340\301\323"
  51      FBB39D4C 
  51      9ACB1B80 
  51      E0C1D3
  52 003a 4F060D2B 		.ascii	"O\006\015+\0160\266230\374g\002\233\304\300\270\234"
  52      0E30B632 
  52      3330FC67 
  52      029BC4C0 
  52      B89C
  53 004c 519301A8 		.ascii	"Q\223\001\250\354\321\306\177Sy\331Z@\312\024 \222\214"
  53      ECD1C67F 
  53      5379D95A 
  53      40CA1420 
  53      928C
  54 005e 2B18D940 		.ascii	"+\030\331@\326\255\017:\320\360\377\177s\303\201\231"
  54      D6AD0F3A 
  54      D0F0FF7F 
  54      73C38199 
  55 006e EC07FFB1 		.ascii	"\354\007\377\261\003e>\0001\310\236\217LL \232\371\025"
  55      03653E00 
  55      31C89E8F 
  55      4C4C209A 
  55      F915
  56 0080 2313482D 		.ascii	"#\023H-\330\270\017L\214 1\240\012=\367\324\274\324"
  56      D8B80F4C 
  56      8C2031A0 
  56      0A3DF7D4 
  56      BCD4
  57 0092 A2C492D4 		.ascii	"\242\304\222\324\224\370\340\374\322\242\344\324\230"
  57      94F8E0FC 
  57      D2A2E4D4 
  57      98
  58 009f 80E07C67 		.ascii	"\200\340|g\323\030\347\304\202\340\324\274\342\324\370"
  58      D318E7C4 
  58      82E0D4BC 
  58      E2D4F8
  59 00ae 9052A0BC 		.ascii	"\220R\240\274GjNAj\221^2\003\000\205\206?R"
  59      476A4E41 
  59      6A915E32 
  59      03008586 
  59      3F52
  60              		.text
  61              		.section	.gnu.lto_.symbol_nodes.f7439fdb,"",%progbits
  62 0000 789C6361 		.ascii	"x\234ca`dPa\000\002&\206z\006\206\011\347\030@\324\256"
  62      60645061 
  62      00022686 
  62      7A068609 
  62      E71840D4 
  63 0015 0645A000 		.ascii	"\006E\240\000c=#\212\000\003\000\217\325\007\236"
  63      633D238A 
  63      0003008F 
  63      D5079E
  64              		.text
  65              		.section	.gnu.lto_.refs.f7439fdb,"",%progbits
  66 0000 789C6361 		.ascii	"x\234ca`\004B \000\000\0009\000\007"
ARM GAS  C:\Users\JEFFSN~1\AppData\Local\Temp\ccJ6NmXf.s 			page 4


  66      60044220 
  66      00000039 
  66      0007
  67              		.text
  68              		.section	.gnu.lto_.decls.f7439fdb,"",%progbits
  69 0000 789C6361 		.ascii	"x\234ca`d\000\201G@*\001H\327\000\361\177 `\006\322"
  69      60640081 
  69      47402A01 
  69      48D700F1 
  69      7F206006 
  70 0015 610C08C0 		.ascii	"a\014\010\300\004\304k\201x=\003&\000\2113\"\251g\204"
  70      04C46B81 
  70      783D0326 
  70      00893322 
  70      A96784
  71 0028 8AA183F5 		.ascii	"\212\241\203\365X\324a3\357/\023\343\377\371[\3729n"
  71      58D46133 
  71      EF2F13E3 
  71      FFF95BFA 
  71      396E
  72 003a 33DE6464 		.ascii	"3\336ddf\200:\220\201\221\021B2\2021\003\004\203\271"
  72      66803A90 
  72      81911142 
  72      32823103 
  72      0483B9
  73 004d 40061303 		.ascii	"@\006\023\003\204\001\023\202\003\006\250\022&\030\023"
  73      84011382 
  73      0306A812 
  73      261813
  74 005c 61181841 		.ascii	"a\030\030A\3653\376\207\001\260!\010\323\031\241\232"
  74      F533FE87 
  74      01B02108 
  74      D319A19A 
  75 006c 207C98BB 		.ascii	" |\230\273\241\232\030\231\020\0260B\2700\035H\346\241"
  75      A19A1899 
  75      10163042 
  75      B8301D48 
  75      E6A1
  76 007e B908E666 		.ascii	"\271\010\346f\2305\340\240\005{z\306\216\217\2179\230"
  76      9835E0A0 
  76      057B7AC6 
  76      8E8F8F39 
  76      98
  77 008f 991841EC 		.ascii	"\231\030A\354\373?W\270\351\255i\000\202\011\015\015"
  77      FB3F57B8 
  77      E9AD6900 
  77      82090D0D 
  78 009f 4C7A8890 		.ascii	"Lz\210\220\271\330\262a\016\363\027&F!.F\026 \367\343"
  78      B9D8B261 
  78      0EF31726 
  78      46212E46 
  78      1620F7E3 
  79 00b3 D9598FF9 		.ascii	"\331Y\217\371\200\\\021.F\005 \367\357\311\331\263\230"
  79      805C112E 
  79      460520F7 
  79      EFC9D9B3 
  79      98
ARM GAS  C:\Users\JEFFSN~1\AppData\Local\Temp\ccJ6NmXf.s 			page 5


  80 00c4 24A681F5 		.ascii	"$\246\201\36557(\2600\206\2111\256f\224a\\\305(\003"
  80      353728B0 
  80      30868931 
  80      AE669461 
  80      5CC52803 
  81 00d8 B46F0DA3 		.ascii	"\264o\015\243\004\220Lb\201\230\324v\354\323+n\245\005"
  81      04904C62 
  81      8198D476 
  81      ECD32B6E 
  81      A505
  82 00ea 0D1B3634 		.ascii	"\015\03364<\370\277\304xf\303\201\026\2406&\220*\306"
  82      3CF8BFC4 
  82      7866C381 
  82      16A03626 
  82      902AC6
  83 00fd 158CCC8C 		.ascii	"\025\214\314\214+\031A\326\202\230 j9\343m\240{\327"
  83      2B1941D6 
  83      8298206A 
  83      39E36DA0 
  83      7BD7
  84 010f 322A0175 		.ascii	"2*\001u\236m\337\177\212\235\331\017\354\320o]\247\356"
  84      9E6DDF7F 
  84      8A9DD90F 
  84      ECD06F5D 
  84      A7EE
  85 0121 72424C39 		.ascii	"rBL90\3558O\303\204\306\206\006\007\260\031\353\020"
  85      30ED384F 
  85      C384C686 
  85      0607B019 
  85      EB10
  86 0133 66AC4336 		.ascii	"f\254C6c=\243\022\203\260sbApj^qj|Hi^jQpIbQ\011\207"
  86      633DA312 
  86      83B07362 
  86      41706A5E 
  86      716A7C48 
  87 0151 BB5FA882 		.ascii	"\273_\250\202\263\241!\203\236{*P,\261$5%>8\277\264"
  87      B3A12183 
  87      9E7B2A50 
  87      2CB12435 
  87      253E38BF 
  88 0166 28393526 		.ascii	"(95& 8\337\3314\006U\217GjNAj\221^2\203\020\252\270"
  88      2038DFD9 
  88      3406558F 
  88      476A4E41 
  88      6A915E32 
  89 017e 737E6E2E 		.ascii	"s~n.\000\032!\220\032"
  89      001A2190 
  89      1A
  90              		.text
  91              		.section	.gnu.lto_.symtab.f7439fdb,"",%progbits
  92 0000 43617053 		.ascii	"CapSense_TunerStart\000"
  92      656E7365 
  92      5F54756E 
  92      65725374 
  92      61727400 
  93 0014 00       		.ascii	"\000"
  94 0015 00       		.ascii	"\000"
ARM GAS  C:\Users\JEFFSN~1\AppData\Local\Temp\ccJ6NmXf.s 			page 6


  95 0016 00       		.ascii	"\000"
  96 0017 00000000 		.ascii	"\000\000\000\000\000\000\000\000"
  96      00000000 
  97 001f AD000000 		.ascii	"\255\000\000\000"
  98 0023 43617053 		.ascii	"CapSense_TunerComm\000"
  98      656E7365 
  98      5F54756E 
  98      6572436F 
  98      6D6D00
  99 0036 00       		.ascii	"\000"
 100 0037 00       		.ascii	"\000"
 101 0038 00       		.ascii	"\000"
 102 0039 00000000 		.ascii	"\000\000\000\000\000\000\000\000"
 102      00000000 
 103 0041 AF000000 		.ascii	"\257\000\000\000"
 104              		.text
 105              		.section	.gnu.lto_.opts,"",%progbits
 106 0000 272D666D 		.ascii	"'-fmath-errno' '-fsigned-zeros' '-ftrapping-math' '"
 106      6174682D 
 106      6572726E 
 106      6F272027 
 106      2D667369 
 107 0033 2D666E6F 		.ascii	"-fno-trapv' '-fno-openmp' '-fno-openacc' '-mcpu=cor"
 107      2D747261 
 107      70762720 
 107      272D666E 
 107      6F2D6F70 
 108 0066 7465782D 		.ascii	"tex-m3' '-mthumb' '-g' '-O3' '-ffunction-sections' "
 108      6D332720 
 108      272D6D74 
 108      68756D62 
 108      2720272D 
 109 0099 272D6666 		.ascii	"'-ffat-lto-objects' '-finline-functions' '-flto'\000"
 109      61742D6C 
 109      746F2D6F 
 109      626A6563 
 109      74732720 
 110              		.text
 111              		.cfi_sections	.debug_frame
 112              		.section	.text.CapSense_TunerStart,"ax",%progbits
 113              		.align	2
 114              		.global	CapSense_TunerStart
 115              		.thumb
 116              		.thumb_func
 117              		.type	CapSense_TunerStart, %function
 118              	CapSense_TunerStart:
 119              	.LFB3:
 120              		.cfi_startproc
 121              		@ args = 0, pretend = 0, frame = 0
 122              		@ frame_needed = 0, uses_anonymous_args = 0
 123              		@ link register save eliminated.
 124 0000 7047     		bx	lr
 125              		.cfi_endproc
 126              	.LFE3:
 127              		.size	CapSense_TunerStart, .-CapSense_TunerStart
 128 0002 00BF     		.section	.text.CapSense_TunerComm,"ax",%progbits
 129              		.align	2
ARM GAS  C:\Users\JEFFSN~1\AppData\Local\Temp\ccJ6NmXf.s 			page 7


 130              		.global	CapSense_TunerComm
 131              		.thumb
 132              		.thumb_func
 133              		.type	CapSense_TunerComm, %function
 134              	CapSense_TunerComm:
 135              	.LFB1:
 136              		.file 1 "Generated_Source\\PSoC5\\CapSense_TunerHelper.c"
   1:Generated_Source\PSoC5/CapSense_TunerHelper.c **** /*******************************************************************************
   2:Generated_Source\PSoC5/CapSense_TunerHelper.c **** * File Name: CapSense_TunerHelper.c
   3:Generated_Source\PSoC5/CapSense_TunerHelper.c **** * Version 3.50
   4:Generated_Source\PSoC5/CapSense_TunerHelper.c **** *
   5:Generated_Source\PSoC5/CapSense_TunerHelper.c **** * Description:
   6:Generated_Source\PSoC5/CapSense_TunerHelper.c **** *  This file provides the source code of Tuner helper APIs for the CapSense CSD 
   7:Generated_Source\PSoC5/CapSense_TunerHelper.c **** *  component.
   8:Generated_Source\PSoC5/CapSense_TunerHelper.c **** *
   9:Generated_Source\PSoC5/CapSense_TunerHelper.c **** * Note:
  10:Generated_Source\PSoC5/CapSense_TunerHelper.c **** *
  11:Generated_Source\PSoC5/CapSense_TunerHelper.c **** ********************************************************************************
  12:Generated_Source\PSoC5/CapSense_TunerHelper.c **** * Copyright 2008-2013, Cypress Semiconductor Corporation.  All rights reserved.
  13:Generated_Source\PSoC5/CapSense_TunerHelper.c **** * You may use this file only in accordance with the license, terms, conditions,
  14:Generated_Source\PSoC5/CapSense_TunerHelper.c **** * disclaimers, and limitations in the end user license agreement accompanying
  15:Generated_Source\PSoC5/CapSense_TunerHelper.c **** * the software package with which this file was provided.
  16:Generated_Source\PSoC5/CapSense_TunerHelper.c **** *******************************************************************************/
  17:Generated_Source\PSoC5/CapSense_TunerHelper.c **** 
  18:Generated_Source\PSoC5/CapSense_TunerHelper.c **** #include "CapSense_TunerHelper.h"
  19:Generated_Source\PSoC5/CapSense_TunerHelper.c **** 
  20:Generated_Source\PSoC5/CapSense_TunerHelper.c **** #if (CapSense_TUNER_API_GENERATE)
  21:Generated_Source\PSoC5/CapSense_TunerHelper.c ****     volatile CapSense_MAILBOXES CapSense_mailboxesComm;
  22:Generated_Source\PSoC5/CapSense_TunerHelper.c **** #endif  /* (CapSense_TUNER_API_GENERATE) */
  23:Generated_Source\PSoC5/CapSense_TunerHelper.c **** 
  24:Generated_Source\PSoC5/CapSense_TunerHelper.c **** 
  25:Generated_Source\PSoC5/CapSense_TunerHelper.c **** /*******************************************************************************
  26:Generated_Source\PSoC5/CapSense_TunerHelper.c **** * Function Name: CapSense_TunerStart
  27:Generated_Source\PSoC5/CapSense_TunerHelper.c **** ********************************************************************************
  28:Generated_Source\PSoC5/CapSense_TunerHelper.c **** *
  29:Generated_Source\PSoC5/CapSense_TunerHelper.c **** * Summary:
  30:Generated_Source\PSoC5/CapSense_TunerHelper.c **** *  Initializes CapSense CSD component and EzI2C communication componenet to use
  31:Generated_Source\PSoC5/CapSense_TunerHelper.c **** *  mailbox data structure for communication with Tuner GUI.
  32:Generated_Source\PSoC5/CapSense_TunerHelper.c **** *  Start the scanning, after initialization complete.
  33:Generated_Source\PSoC5/CapSense_TunerHelper.c **** *
  34:Generated_Source\PSoC5/CapSense_TunerHelper.c **** * Parameters:
  35:Generated_Source\PSoC5/CapSense_TunerHelper.c **** *  None
  36:Generated_Source\PSoC5/CapSense_TunerHelper.c **** *
  37:Generated_Source\PSoC5/CapSense_TunerHelper.c **** * Return:
  38:Generated_Source\PSoC5/CapSense_TunerHelper.c **** *  None
  39:Generated_Source\PSoC5/CapSense_TunerHelper.c **** *
  40:Generated_Source\PSoC5/CapSense_TunerHelper.c **** * Reentrant:
  41:Generated_Source\PSoC5/CapSense_TunerHelper.c **** *  No
  42:Generated_Source\PSoC5/CapSense_TunerHelper.c **** *
  43:Generated_Source\PSoC5/CapSense_TunerHelper.c **** * Note:
  44:Generated_Source\PSoC5/CapSense_TunerHelper.c **** *  All widgets are enabled by default except proximity widgets. Proximity widgets 
  45:Generated_Source\PSoC5/CapSense_TunerHelper.c **** *  must be manually enabled as their long scan time is incompatible 
  46:Generated_Source\PSoC5/CapSense_TunerHelper.c **** *  with the fast response required of other widget types. 
  47:Generated_Source\PSoC5/CapSense_TunerHelper.c **** *
  48:Generated_Source\PSoC5/CapSense_TunerHelper.c **** *******************************************************************************/
  49:Generated_Source\PSoC5/CapSense_TunerHelper.c **** void CapSense_TunerStart(void) 
  50:Generated_Source\PSoC5/CapSense_TunerHelper.c **** {
ARM GAS  C:\Users\JEFFSN~1\AppData\Local\Temp\ccJ6NmXf.s 			page 8


  51:Generated_Source\PSoC5/CapSense_TunerHelper.c ****     #if (CapSense_TUNER_API_GENERATE)
  52:Generated_Source\PSoC5/CapSense_TunerHelper.c ****         
  53:Generated_Source\PSoC5/CapSense_TunerHelper.c ****         /* Init mbx and quick check */
  54:Generated_Source\PSoC5/CapSense_TunerHelper.c ****         CapSense_InitMailbox(&CapSense_mailboxesComm.csdMailbox);
  55:Generated_Source\PSoC5/CapSense_TunerHelper.c ****         CapSense_mailboxesComm.numMailBoxes = CapSense_DEFAULT_MAILBOXES_NUMBER;
  56:Generated_Source\PSoC5/CapSense_TunerHelper.c ****         
  57:Generated_Source\PSoC5/CapSense_TunerHelper.c ****         /* Start CapSense and baselines */
  58:Generated_Source\PSoC5/CapSense_TunerHelper.c ****         CapSense_Start();
  59:Generated_Source\PSoC5/CapSense_TunerHelper.c ****         
  60:Generated_Source\PSoC5/CapSense_TunerHelper.c ****         /* Initialize baselines */ 
  61:Generated_Source\PSoC5/CapSense_TunerHelper.c ****         CapSense_InitializeAllBaselines();
  62:Generated_Source\PSoC5/CapSense_TunerHelper.c ****         CapSense_InitializeAllBaselines();
  63:Generated_Source\PSoC5/CapSense_TunerHelper.c ****         
  64:Generated_Source\PSoC5/CapSense_TunerHelper.c ****         /* Start EzI2C, clears buf pointers */
  65:Generated_Source\PSoC5/CapSense_TunerHelper.c ****         EZI2C_Start();
  66:Generated_Source\PSoC5/CapSense_TunerHelper.c ****         
  67:Generated_Source\PSoC5/CapSense_TunerHelper.c ****         /* Setup EzI2C buffers */
  68:Generated_Source\PSoC5/CapSense_TunerHelper.c ****         EZI2C_SetBuffer1(sizeof(CapSense_mailboxesComm), sizeof(CapSense_mailboxesComm),
  69:Generated_Source\PSoC5/CapSense_TunerHelper.c ****                                         (void *) &CapSense_mailboxesComm);
  70:Generated_Source\PSoC5/CapSense_TunerHelper.c ****         
  71:Generated_Source\PSoC5/CapSense_TunerHelper.c ****         /* Starts scan all enabled sensors */
  72:Generated_Source\PSoC5/CapSense_TunerHelper.c ****         CapSense_ScanEnabledWidgets();
  73:Generated_Source\PSoC5/CapSense_TunerHelper.c ****     
  74:Generated_Source\PSoC5/CapSense_TunerHelper.c ****     #endif  /* (CapSense_TUNER_API_GENERATE) */
  75:Generated_Source\PSoC5/CapSense_TunerHelper.c **** }
  76:Generated_Source\PSoC5/CapSense_TunerHelper.c **** 
  77:Generated_Source\PSoC5/CapSense_TunerHelper.c **** 
  78:Generated_Source\PSoC5/CapSense_TunerHelper.c **** /*******************************************************************************
  79:Generated_Source\PSoC5/CapSense_TunerHelper.c **** * Function Name: CapSense_TunerComm
  80:Generated_Source\PSoC5/CapSense_TunerHelper.c **** ********************************************************************************
  81:Generated_Source\PSoC5/CapSense_TunerHelper.c **** *
  82:Generated_Source\PSoC5/CapSense_TunerHelper.c **** * Summary:
  83:Generated_Source\PSoC5/CapSense_TunerHelper.c **** *  This function is blocking. It waits till scaning loop is completed and apply
  84:Generated_Source\PSoC5/CapSense_TunerHelper.c **** *  new parameters from Tuner GUI if available (manual tuning mode only). Updates
  85:Generated_Source\PSoC5/CapSense_TunerHelper.c **** *  enabled baselines and state of widgets. Waits while Tuner GUI reports that 
  86:Generated_Source\PSoC5/CapSense_TunerHelper.c **** *  content of mailbox could be modified. Then loads the report data into outbox 
  87:Generated_Source\PSoC5/CapSense_TunerHelper.c **** *  and sets the busy flag. Starts new scanning loop.
  88:Generated_Source\PSoC5/CapSense_TunerHelper.c **** *  
  89:Generated_Source\PSoC5/CapSense_TunerHelper.c **** * Parameters:
  90:Generated_Source\PSoC5/CapSense_TunerHelper.c **** *  None
  91:Generated_Source\PSoC5/CapSense_TunerHelper.c **** *
  92:Generated_Source\PSoC5/CapSense_TunerHelper.c **** * Return:
  93:Generated_Source\PSoC5/CapSense_TunerHelper.c **** *  None
  94:Generated_Source\PSoC5/CapSense_TunerHelper.c **** *
  95:Generated_Source\PSoC5/CapSense_TunerHelper.c **** * Reentrant:
  96:Generated_Source\PSoC5/CapSense_TunerHelper.c **** *  No
  97:Generated_Source\PSoC5/CapSense_TunerHelper.c **** *
  98:Generated_Source\PSoC5/CapSense_TunerHelper.c **** *******************************************************************************/
  99:Generated_Source\PSoC5/CapSense_TunerHelper.c **** void CapSense_TunerComm(void) 
 100:Generated_Source\PSoC5/CapSense_TunerHelper.c **** {
 137              		.loc 1 100 0
 138              		.cfi_startproc
 139              		@ args = 0, pretend = 0, frame = 0
 140              		@ frame_needed = 0, uses_anonymous_args = 0
 141              		@ link register save eliminated.
 142 0000 7047     		bx	lr
 143              		.cfi_endproc
ARM GAS  C:\Users\JEFFSN~1\AppData\Local\Temp\ccJ6NmXf.s 			page 9


 144              	.LFE1:
 145              		.size	CapSense_TunerComm, .-CapSense_TunerComm
 146 0002 00BF     		.text
 147              	.Letext0:
 148              		.section	.debug_info,"",%progbits
 149              	.Ldebug_info0:
 150 0000 A2000000 		.4byte	0xa2
 151 0004 0400     		.2byte	0x4
 152 0006 00000000 		.4byte	.Ldebug_abbrev0
 153 000a 04       		.byte	0x4
 154 000b 01       		.uleb128 0x1
 155 000c 5B010000 		.4byte	.LASF14
 156 0010 0C       		.byte	0xc
 157 0011 24010000 		.4byte	.LASF15
 158 0015 58000000 		.4byte	.LASF16
 159 0019 00000000 		.4byte	.Ldebug_ranges0+0
 160 001d 00000000 		.4byte	0
 161 0021 00000000 		.4byte	.Ldebug_line0
 162 0025 02       		.uleb128 0x2
 163 0026 01       		.byte	0x1
 164 0027 06       		.byte	0x6
 165 0028 EF000000 		.4byte	.LASF0
 166 002c 02       		.uleb128 0x2
 167 002d 01       		.byte	0x1
 168 002e 08       		.byte	0x8
 169 002f 4A000000 		.4byte	.LASF1
 170 0033 02       		.uleb128 0x2
 171 0034 02       		.byte	0x2
 172 0035 05       		.byte	0x5
 173 0036 1A010000 		.4byte	.LASF2
 174 003a 02       		.uleb128 0x2
 175 003b 02       		.byte	0x2
 176 003c 07       		.byte	0x7
 177 003d DC000000 		.4byte	.LASF3
 178 0041 02       		.uleb128 0x2
 179 0042 04       		.byte	0x4
 180 0043 05       		.byte	0x5
 181 0044 CC000000 		.4byte	.LASF4
 182 0048 02       		.uleb128 0x2
 183 0049 04       		.byte	0x4
 184 004a 07       		.byte	0x7
 185 004b 1B000000 		.4byte	.LASF5
 186 004f 02       		.uleb128 0x2
 187 0050 08       		.byte	0x8
 188 0051 05       		.byte	0x5
 189 0052 00000000 		.4byte	.LASF6
 190 0056 02       		.uleb128 0x2
 191 0057 08       		.byte	0x8
 192 0058 07       		.byte	0x7
 193 0059 2D000000 		.4byte	.LASF7
 194 005d 03       		.uleb128 0x3
 195 005e 04       		.byte	0x4
 196 005f 05       		.byte	0x5
 197 0060 696E7400 		.ascii	"int\000"
 198 0064 02       		.uleb128 0x2
 199 0065 04       		.byte	0x4
 200 0066 07       		.byte	0x7
ARM GAS  C:\Users\JEFFSN~1\AppData\Local\Temp\ccJ6NmXf.s 			page 10


 201 0067 0E000000 		.4byte	.LASF8
 202 006b 02       		.uleb128 0x2
 203 006c 04       		.byte	0x4
 204 006d 04       		.byte	0x4
 205 006e 44000000 		.4byte	.LASF9
 206 0072 02       		.uleb128 0x2
 207 0073 08       		.byte	0x8
 208 0074 04       		.byte	0x4
 209 0075 D5000000 		.4byte	.LASF10
 210 0079 02       		.uleb128 0x2
 211 007a 01       		.byte	0x1
 212 007b 08       		.byte	0x8
 213 007c C7000000 		.4byte	.LASF11
 214 0080 02       		.uleb128 0x2
 215 0081 08       		.byte	0x8
 216 0082 04       		.byte	0x4
 217 0083 0E010000 		.4byte	.LASF12
 218 0087 02       		.uleb128 0x2
 219 0088 04       		.byte	0x4
 220 0089 07       		.byte	0x7
 221 008a 52010000 		.4byte	.LASF13
 222 008e 04       		.uleb128 0x4
 223 008f FB000000 		.4byte	.LASF17
 224 0093 01       		.byte	0x1
 225 0094 63       		.byte	0x63
 226 0095 01       		.byte	0x1
 227 0096 05       		.uleb128 0x5
 228 0097 8E000000 		.4byte	0x8e
 229 009b 00000000 		.4byte	.LFB1
 230 009f 02000000 		.4byte	.LFE1-.LFB1
 231 00a3 01       		.uleb128 0x1
 232 00a4 9C       		.byte	0x9c
 233 00a5 00       		.byte	0
 234              		.section	.debug_abbrev,"",%progbits
 235              	.Ldebug_abbrev0:
 236 0000 01       		.uleb128 0x1
 237 0001 11       		.uleb128 0x11
 238 0002 01       		.byte	0x1
 239 0003 25       		.uleb128 0x25
 240 0004 0E       		.uleb128 0xe
 241 0005 13       		.uleb128 0x13
 242 0006 0B       		.uleb128 0xb
 243 0007 03       		.uleb128 0x3
 244 0008 0E       		.uleb128 0xe
 245 0009 1B       		.uleb128 0x1b
 246 000a 0E       		.uleb128 0xe
 247 000b 55       		.uleb128 0x55
 248 000c 17       		.uleb128 0x17
 249 000d 11       		.uleb128 0x11
 250 000e 01       		.uleb128 0x1
 251 000f 10       		.uleb128 0x10
 252 0010 17       		.uleb128 0x17
 253 0011 00       		.byte	0
 254 0012 00       		.byte	0
 255 0013 02       		.uleb128 0x2
 256 0014 24       		.uleb128 0x24
 257 0015 00       		.byte	0
ARM GAS  C:\Users\JEFFSN~1\AppData\Local\Temp\ccJ6NmXf.s 			page 11


 258 0016 0B       		.uleb128 0xb
 259 0017 0B       		.uleb128 0xb
 260 0018 3E       		.uleb128 0x3e
 261 0019 0B       		.uleb128 0xb
 262 001a 03       		.uleb128 0x3
 263 001b 0E       		.uleb128 0xe
 264 001c 00       		.byte	0
 265 001d 00       		.byte	0
 266 001e 03       		.uleb128 0x3
 267 001f 24       		.uleb128 0x24
 268 0020 00       		.byte	0
 269 0021 0B       		.uleb128 0xb
 270 0022 0B       		.uleb128 0xb
 271 0023 3E       		.uleb128 0x3e
 272 0024 0B       		.uleb128 0xb
 273 0025 03       		.uleb128 0x3
 274 0026 08       		.uleb128 0x8
 275 0027 00       		.byte	0
 276 0028 00       		.byte	0
 277 0029 04       		.uleb128 0x4
 278 002a 2E       		.uleb128 0x2e
 279 002b 00       		.byte	0
 280 002c 3F       		.uleb128 0x3f
 281 002d 19       		.uleb128 0x19
 282 002e 03       		.uleb128 0x3
 283 002f 0E       		.uleb128 0xe
 284 0030 3A       		.uleb128 0x3a
 285 0031 0B       		.uleb128 0xb
 286 0032 3B       		.uleb128 0x3b
 287 0033 0B       		.uleb128 0xb
 288 0034 27       		.uleb128 0x27
 289 0035 19       		.uleb128 0x19
 290 0036 20       		.uleb128 0x20
 291 0037 0B       		.uleb128 0xb
 292 0038 00       		.byte	0
 293 0039 00       		.byte	0
 294 003a 05       		.uleb128 0x5
 295 003b 2E       		.uleb128 0x2e
 296 003c 00       		.byte	0
 297 003d 31       		.uleb128 0x31
 298 003e 13       		.uleb128 0x13
 299 003f 11       		.uleb128 0x11
 300 0040 01       		.uleb128 0x1
 301 0041 12       		.uleb128 0x12
 302 0042 06       		.uleb128 0x6
 303 0043 40       		.uleb128 0x40
 304 0044 18       		.uleb128 0x18
 305 0045 9742     		.uleb128 0x2117
 306 0047 19       		.uleb128 0x19
 307 0048 00       		.byte	0
 308 0049 00       		.byte	0
 309 004a 00       		.byte	0
 310              		.section	.debug_aranges,"",%progbits
 311 0000 1C000000 		.4byte	0x1c
 312 0004 0200     		.2byte	0x2
 313 0006 00000000 		.4byte	.Ldebug_info0
 314 000a 04       		.byte	0x4
ARM GAS  C:\Users\JEFFSN~1\AppData\Local\Temp\ccJ6NmXf.s 			page 12


 315 000b 00       		.byte	0
 316 000c 0000     		.2byte	0
 317 000e 0000     		.2byte	0
 318 0010 00000000 		.4byte	.LFB1
 319 0014 02000000 		.4byte	.LFE1-.LFB1
 320 0018 00000000 		.4byte	0
 321 001c 00000000 		.4byte	0
 322              		.section	.debug_ranges,"",%progbits
 323              	.Ldebug_ranges0:
 324 0000 00000000 		.4byte	.LFB1
 325 0004 02000000 		.4byte	.LFE1
 326 0008 00000000 		.4byte	0
 327 000c 00000000 		.4byte	0
 328              		.section	.debug_line,"",%progbits
 329              	.Ldebug_line0:
 330 0000 5A000000 		.section	.debug_str,"MS",%progbits,1
 330      02004400 
 330      00000201 
 330      FB0E0D00 
 330      01010101 
 331              	.LASF6:
 332 0000 6C6F6E67 		.ascii	"long long int\000"
 332      206C6F6E 
 332      6720696E 
 332      7400
 333              	.LASF8:
 334 000e 756E7369 		.ascii	"unsigned int\000"
 334      676E6564 
 334      20696E74 
 334      00
 335              	.LASF5:
 336 001b 6C6F6E67 		.ascii	"long unsigned int\000"
 336      20756E73 
 336      69676E65 
 336      6420696E 
 336      7400
 337              	.LASF7:
 338 002d 6C6F6E67 		.ascii	"long long unsigned int\000"
 338      206C6F6E 
 338      6720756E 
 338      7369676E 
 338      65642069 
 339              	.LASF9:
 340 0044 666C6F61 		.ascii	"float\000"
 340      7400
 341              	.LASF1:
 342 004a 756E7369 		.ascii	"unsigned char\000"
 342      676E6564 
 342      20636861 
 342      7200
 343              	.LASF16:
 344 0058 433A5C55 		.ascii	"C:\\Users\\JeffSnyder\\dev\\Electrobass_embedded\\P"
 344      73657273 
 344      5C4A6566 
 344      66536E79 
 344      6465725C 
 345 0086 534F4335 		.ascii	"SOC5_electrobass_stringsensors\\CE210514_PSOC3_5_Th"
ARM GAS  C:\Users\JEFFSN~1\AppData\Local\Temp\ccJ6NmXf.s 			page 13


 345      5F656C65 
 345      6374726F 
 345      62617373 
 345      5F737472 
 346 00b8 65726D69 		.ascii	"ermistor.cydsn\000"
 346      73746F72 
 346      2E637964 
 346      736E00
 347              	.LASF11:
 348 00c7 63686172 		.ascii	"char\000"
 348      00
 349              	.LASF4:
 350 00cc 6C6F6E67 		.ascii	"long int\000"
 350      20696E74 
 350      00
 351              	.LASF10:
 352 00d5 646F7562 		.ascii	"double\000"
 352      6C6500
 353              	.LASF3:
 354 00dc 73686F72 		.ascii	"short unsigned int\000"
 354      7420756E 
 354      7369676E 
 354      65642069 
 354      6E7400
 355              	.LASF0:
 356 00ef 7369676E 		.ascii	"signed char\000"
 356      65642063 
 356      68617200 
 357              	.LASF17:
 358 00fb 43617053 		.ascii	"CapSense_TunerComm\000"
 358      656E7365 
 358      5F54756E 
 358      6572436F 
 358      6D6D00
 359              	.LASF12:
 360 010e 6C6F6E67 		.ascii	"long double\000"
 360      20646F75 
 360      626C6500 
 361              	.LASF2:
 362 011a 73686F72 		.ascii	"short int\000"
 362      7420696E 
 362      7400
 363              	.LASF15:
 364 0124 47656E65 		.ascii	"Generated_Source\\PSoC5\\CapSense_TunerHelper.c\000"
 364      72617465 
 364      645F536F 
 364      75726365 
 364      5C50536F 
 365              	.LASF13:
 366 0152 73697A65 		.ascii	"sizetype\000"
 366      74797065 
 366      00
 367              	.LASF14:
 368 015b 474E5520 		.ascii	"GNU C11 5.4.1 20160609 (release) [ARM/embedded-5-br"
 368      43313120 
 368      352E342E 
 368      31203230 
ARM GAS  C:\Users\JEFFSN~1\AppData\Local\Temp\ccJ6NmXf.s 			page 14


 368      31363036 
 369 018e 616E6368 		.ascii	"anch revision 237715] -mcpu=cortex-m3 -mthumb -g -O"
 369      20726576 
 369      6973696F 
 369      6E203233 
 369      37373135 
 370 01c1 33202D66 		.ascii	"3 -ffunction-sections -ffat-lto-objects -finline-fu"
 370      66756E63 
 370      74696F6E 
 370      2D736563 
 370      74696F6E 
 371 01f4 6E637469 		.ascii	"nctions -flto\000"
 371      6F6E7320 
 371      2D666C74 
 371      6F00
 372              		.comm	__gnu_lto_v1,1,1
 373              		.ident	"GCC: (GNU Tools for ARM Embedded Processors) 5.4.1 20160609 (release) [ARM/embedded-5-bran
