ARM GAS  C:\Users\JEFFSN~1\AppData\Local\Temp\cc5UW9Hf.s 			page 1


   1              		.syntax unified
   2              		.cpu cortex-m3
   3              		.fpu softvfp
   4              		.eabi_attribute 20, 1
   5              		.eabi_attribute 21, 1
   6              		.eabi_attribute 23, 3
   7              		.eabi_attribute 24, 1
   8              		.eabi_attribute 25, 1
   9              		.eabi_attribute 26, 1
  10              		.eabi_attribute 30, 2
  11              		.eabi_attribute 34, 1
  12              		.eabi_attribute 18, 4
  13              		.thumb
  14              		.syntax unified
  15              		.file	"CapSense_IdacCH0_PM.c"
  16              		.text
  17              	.Ltext0:
  18              		.section	.gnu.lto_.profile.807cfec0,"",%progbits
  19 0000 789C6361 		.ascii	"x\234ca`d`a`\000\222\205\246\000\001\201\000\261"
  19      60646061 
  19      60009285 
  19      A6000181 
  19      00B1
  20              		.text
  21              		.section	.gnu.lto_.icf.807cfec0,"",%progbits
  22 0000 789C6361 		.ascii	"x\234ca`d\000\001m\006\004`g\270}\347\3264>\3063_/m"
  22      60640001 
  22      6D060460 
  22      67B87DE7 
  22      D6343EC6 
  23 0018 E6603AF1 		.ascii	"\346`:\361i\365+f\346/\007>Nfc\331\277a\362w.\326\337"
  23      69F52B66 
  23      E62F073E 
  23      4E6663D9 
  23      BF61F277 
  24 002f FB5BE2D9 		.ascii	"\373[\342\331\316\365-\\\300\313\000\000\360\254\025"
  24      CEF52D5C 
  24      C0CB0000 
  24      F0AC15
  25 003e AA       		.ascii	"\252"
  26              		.text
  27              		.section	.gnu.lto_.jmpfuncs.807cfec0,"",%progbits
  28 0000 789C6361 		.ascii	"x\234ca`d\000\001Y\006\004`\003b&(ff``\001R\254Pa\006"
  28      60640001 
  28      59060460 
  28      03622628 
  28      66666060 
  29 001a 06000794 		.ascii	"\006\000\007\224\000?"
  29      003F
  30              		.text
  31              		.section	.gnu.lto_.inline.807cfec0,"",%progbits
  32 0000 789C6361 		.ascii	"x\234ca`d\000\201\251\014\010\300\306\300\300\315\305"
  32      60640081 
  32      A90C08C0 
  32      C6C0C0CD 
  32      C5
  33 0011 C8C024D0 		.ascii	"\310\300$\320P\313\300\266@\236\011$\306\304\300.\001"
ARM GAS  C:\Users\JEFFSN~1\AppData\Local\Temp\cc5UW9Hf.s 			page 2


  33      50CBC0B6 
  33      409E0924 
  33      C6C4C02E 
  33      01
  34 0022 1462BAC0 		.ascii	"\024b\272\300\017\027b\344\002\211s\003\031\023\374"
  34      0F1762E4 
  34      02897303 
  34      1913FC
  35 0031 981938D9 		.ascii	"\230\0318\331\201\322<'\002\341\322,\014|<@!\221\005"
  35      81D23C27 
  35      02E1D22C 
  35      0C7C3C40 
  35      219105
  36 0044 05A83A58 		.ascii	"\005\250:X\031\004\304\200\342\0227\3463\242J\2601p"
  36      1904C480 
  36      E21237E6 
  36      33A24AB0 
  36      3170
  37 0056 080225D8 		.ascii	"\010\002%\330>\350\241\212\203\011\006\000\211\032\016"
  37      3EE8A18A 
  37      83090600 
  37      891A0E
  38 0065 1C       		.ascii	"\034"
  39              		.text
  40              		.section	.gnu.lto_.pureconst.807cfec0,"",%progbits
  41 0000 789C6361 		.ascii	"x\234ca`d\340e```c\220b\222b\226b\221b\225b\223\000"
  41      6064E065 
  41      60606063 
  41      90629262 
  41      96629162 
  42 0018 0005B100 		.ascii	"\000\005\261\000\307"
  42      C7
  43              		.text
  44              		.section	.gnu.lto_CapSense_IdacCH0_RestoreConfig.part.0.807cfec0,"",%progbits
  45 0000 789C8D52 		.ascii	"x\234\215RMOSA\024\235sg\336\243!\202\376\000\026n\\"
  45      4D4F5341 
  45      149D7367 
  45      DEA32182 
  45      FE00166E 
  46 0015 B0A875E3 		.ascii	"\260\250u\343/h\342\307\302\204\330-I\323\224\267\005"
  46      2F68E2C7 
  46      C284D82D 
  46      49D394B7 
  46      05
  47 0026 82B8EE94 		.ascii	"\202\270\356\224\362Rpa\330@\024b\352\206\200_@\371"
  47      F2527061 
  47      D8401462 
  47      EA86805F 
  47      40F9
  48 0038 D22A0B68 		.ascii	"\322*\013h\210\013Ct\345\312D\324E\027DM\211\030\015"
  48      880B4374 
  48      E5CA44D4 
  48      4517444D 
  48      89180D
  49 004b 81D67BE7 		.ascii	"\201\326{\3475\204\225:\311\273w\336\235;\347\23493"
  49      3584953A 
  49      C9BB77DE 
ARM GAS  C:\Users\JEFFSN~1\AppData\Local\Temp\cc5UW9Hf.s 			page 3


  49      9D3BE79C 
  49      3933
  50 005d 4641C928 		.ascii	"FA\311(\222R\011\316q\376\340)\230\211\267<1 \227\011"
  50      925209CE 
  50      71FEE029 
  50      9889B73C 
  50      31209709 
  51 0071 5A723EA6 		.ascii	"Zr>\246\001\231\330\030T\316\220F\016?\351\230P-\326"
  51      0199D818 
  51      54CE9046 
  51      0E3FE998 
  51      502DD6
  52 0084 2AD43D67 		.ascii	"*\324=gy|\232-i;\277\211P+\325$\207\2550\207n\305m_"
  52      797C9A2D 
  52      693BBF89 
  52      502BD524 
  52      87AD3087 
  53 009c CA8DC90E 		.ascii	"\312\215\311\016\177T\332\316G\213\230\207/\002\026"
  53      7F54DACE 
  53      478B9887 
  53      2F0216
  54 00ab 6F5ADB6C 		.ascii	"oZ\333l\026\354\304\2173h\207\0125H\202\226`$x\022\224"
  54      16ECC48F 
  54      3368870A 
  54      35488296 
  54      60247812 
  55 00c0 AAF32611 		.ascii	"\252\363&\021P'#Y\357\023\271\\C\365\360\316\307{\323"
  55      50272359 
  55      EF13B95C 
  55      43F5F0CE 
  55      C77BD3
  56 00d3 10C08206 		.ascii	"\020\300\202\006\223M\205\325wm\007\024j\202p\337_\335"
  56      934D85D5 
  56      776D0714 
  56      6A8270DF 
  56      5FDD
  57 00e5 B014FD16 		.ascii	"\260\024\375\026\327\362\326pi{\354\341ag\011\017\362"
  57      D7F2D670 
  57      697BECE1 
  57      6167090F 
  57      F2
  58 00f6 A3797B2E 		.ascii	"\243y{.\324\032\217\321\205G\350bYOP\202\252\241p\344"
  58      D41A8FD1 
  58      8547E862 
  58      594F5082 
  58      AAA170E4 
  59 010a 47801461 		.ascii	"G\200\024a\316\354~\253u\012\210\306/\340)\2672\361"
  59      CEEC7EAB 
  59      750A88C6 
  59      2FE029B7 
  59      32F1
  60 011c 9423FD3B 		.ascii	"\224#\375;\3363\306c\024n\037yY~\275u6B\325\247e\032"
  60      DE33C663 
  60      146E1F79 
  60      597EBD75 
  60      3642D5A7 
  61 0132 27B352F9 		.ascii	"'\263R\371\372\241-wl\307\254@\230qvQ\312{;\357\267"
ARM GAS  C:\Users\JEFFSN~1\AppData\Local\Temp\cc5UW9Hf.s 			page 4


  61      FAA12D77 
  61      6CC7AC40 
  61      98717651 
  61      CA7B3BEF 
  62 0147 DB05DABA 		.ascii	"\333\005\332\272\272\207E\266~A\240y\361\356\213\245"
  62      BA8745B6 
  62      7E41A079 
  62      F1EE8BA5 
  63 0157 F158221E 		.ascii	"\361X\"\036j\037K\314\323p\256\243\214\204S\367\371"
  63      6A1F4BCC 
  63      D370AEA3 
  63      8C8453F7 
  63      F9
  64 0168 424BDECC 		.ascii	"BK\336\314nc\326\217\034\260\317#\007V\266J;\035\247"
  64      6E63D68F 
  64      1CB0CF23 
  64      0756B64A 
  64      3B1DA7
  65 017b 152F9F28 		.ascii	"\025/\237(^q\212\265r\316~?q\366\037\276\255\266|\373"
  65      5E718AB5 
  65      72CE7E3F 
  65      71F61FBE 
  65      ADB67CFB 
  66 018f DDF2CD8B 		.ascii	"\335\362\315\213vL\277:x\343\0115\020\303\332\377\333"
  66      764CBF3A 
  66      78E30935 
  66      10C3DAFF 
  66      DB
  67 01a0 B6EE4478 		.ascii	"\266\356Dx|\234}\322\356\242\3670\262Y\271\";\335\313"
  67      7C9C7DD2 
  67      EEA2F730 
  67      B259B922 
  67      3BDDCB
  68 01b3 AAF3E572 		.ascii	"\252\363\345r\231O\034\277\032\364\007C\231\341\240"
  68      994F1CBF 
  68      1AF40743 
  68      99E1A0
  69 01c2 2F9D1AB8 		.ascii	"/\235\032\270=\224\015z{R\003\311\313\275\311\314`*"
  69      3D940D7A 
  69      7B5203C9 
  69      CBBDC9CC 
  69      602A
  70 01d4 E8BF15A4 		.ascii	"\350\277\025\244\257\367e\262\311k\227\322=7.f\325\037"
  70      AFF765B2 
  70      C96B97D2 
  70      3D372E66 
  70      D51F
  71 01e6 A1E1E672 		.ascii	"\241\341\346r"
  72              		.text
  73              		.section	.gnu.lto_CapSense_IdacCH0_Wakeup.part.1.807cfec0,"",%progbits
  74 0000 789C6D50 		.ascii	"x\234mP=H\202A\030\276\347\356\374tHhishu\260\237\241"
  74      3D488241 
  74      18BEE7EE 
  74      FC744868 
  74      69736875 
  75 0017 B5C5A11F 		.ascii	"\265\305\241\037\010$WAD\277U\303j\376\356K\217\242"
  75      08245741 
ARM GAS  C:\Users\JEFFSN~1\AppData\Local\Temp\cc5UW9Hf.s 			page 5


  75      44BF55C3 
  75      6AFEEE4B 
  75      8FA2
  76 0029 C9A59608 		.ascii	"\311\245\226\010\007\011\265\037\"\032\304\315\034#"
  76      0709B51F 
  76      221AC4CD 
  76      1C23
  77 0037 8AE686A2 		.ascii	"\212\346\206\242A$\0324j\011\364\353\275\317\265\027"
  77      41241A34 
  77      6A09F4EB 
  77      BDCFB517 
  78 0047 8EE7EEBD 		.ascii	"\216\347\356\275\347}\236\347N20S\313\004\363\2041Z"
  78      E77D9EE7 
  78      4E323053 
  78      CB04F384 
  78      315A
  79 0059 0830C8CA 		.ascii	"\0100\310\312#m$\270\217\034\302\240\033\022\200\331"
  79      236D24B8 
  79      8F1CC2A0 
  79      1B1280D9 
  80 0069 A8109823 		.ascii	"\250\020\230#\271\200\203\037>\342\350\356\367\332<"
  80      B980831F 
  80      3EE2E8EE 
  80      F7DA3C
  81 0078 5A57546F 		.ascii	"ZWTo\272\266\250\032\035h\301\230\307}m\206:\242\214"
  81      BAB6A81A 
  81      1D68C198 
  81      C77D6D86 
  81      3AA28C
  82 008b 68EF37E3 		.ascii	"h\3577\343\243\260U6\264\331\311%\032\260L\200\353M"
  82      A3B05536 
  82      B4D9C925 
  82      1AB04C80 
  82      EB4D
  83 009d A53CAFA4 		.ascii	"\245<\257\244*\265\031\004\300\264\240\346\200\010\306"
  83      2AB51904 
  83      C0B4A0E6 
  83      8008C6
  84 00ac 6CC0A541 		.ascii	"l\300\245A1\344\334\307>J\235\326\375\224\0315\242\355"
  84      31E4DCC7 
  84      3E4A9DD6 
  84      FD941935 
  84      A2ED
  85 00be F6E74BD0 		.ascii	"\366\347K\320\031\251\003\245\246\265\340\036\247Q4"
  85      19A903A5 
  85      A6B5E01E 
  85      A75134
  86 00cd E1908860 		.ascii	"\341\220\210`=t\177\017\277\242\206[\022 \366\261\356"
  86      3D747F0F 
  86      BFA2865B 
  86      1220F6B1 
  86      EE
  87 00de 3E05BFB9 		.ascii	">\005\277\271\026\022f\370\344u|fM\216\252\345*I\255"
  87      161266F8 
  87      E4757C66 
  87      4D8EAAE5 
  87      2A49AD
ARM GAS  C:\Users\JEFFSN~1\AppData\Local\Temp\cc5UW9Hf.s 			page 6


  88 00f1 DBBBEA43 		.ascii	"\333\273\352C\270\212S\267\354\032\301\000.\020\301"
  88      B88A53B7 
  88      EC1AC100 
  88      2E10C1
  89 0100 3922A47A 		.ascii	"9\"\244z\211*X\237~\345_k\313\243\200\014WdM^Z\004\351"
  89      892A589F 
  89      7EE55F6B 
  89      CBA3800C 
  89      57644D5E 
  90 0117 5D432EFC 		.ascii	"]C.\374\314\037\330\353<\257\373s\246\006\024\222\332"
  90      CC1FD8EB 
  90      3CAFFB73 
  90      A6061492 
  90      DA
  91 0128 448FADD8 		.ascii	"D\217\255\330y\273\230\331\261s\351da\267\230\265S\211"
  91      79BB98D9 
  91      B173E964 
  91      61B798B5 
  91      5389
  92 013a 6421BE94 		.ascii	"d!\276\224\212g\266\222v~\333N\257\3452\331\370\352"
  92      8A67B692 
  92      767EDB4E 
  92      AFE532D9 
  92      F8EA
  93 014c 423AB131 		.ascii	"B:\2611\227e\177\211\251\177\207"
  93      97657F89 
  93      A97F87
  94              		.text
  95              		.section	.gnu.lto_CapSense_IdacCH0_SaveConfig.807cfec0,"",%progbits
  96 0000 789C4D91 		.ascii	"x\234M\221\317O\023A\024\307\337wf\267-h\215\177\000"
  96      CF4F1341 
  96      14C7DF77 
  96      66B72D68 
  96      8D7F00
  97 0013 315C39C8 		.ascii	"1\\9\310z\320\277\240\211\310\201\204\330+IS\312^\201"
  97      7AD0BFA0 
  97      89C88184 
  97      D82B4953 
  97      CA5E81
  98 0026 A09E3B65 		.ascii	"\240\236;e\333(\232\030\214\201\203\3064\034\024\024"
  98      DB289A18 
  98      8C8183C6 
  98      341C1414 
  99 0036 B1450EB0 		.ascii	"\261E\016\260Icj#\236P/\350AM\374\025{ \015\241\211"
  99      49636A23 
  99      9E502FE8 
  99      414DFC15 
  99      7B200DA1 
 100 004b 1E30D2FA 		.ascii	"\0360\322\372\336N\242N\2623\263o\276\363\276\237\367"
 100      DE4EA24E 
 100      B233B36F 
 100      BEF3BE9F 
 100      F7
 101 005c C621908C 		.ascii	"\306!\220\214\026/\036\257g\371\203KP\363\257\211\012"
 101      162F1EAF 
 101      67F9834B 
 101      50F3AF89 
ARM GAS  C:\Users\JEFFSN~1\AppData\Local\Temp\cc5UW9Hf.s 			page 7


 101      0A
 102 006d 09A5F4AE 		.ascii	"\011\245\364\256G\246\327\251\235\"s\\\303\261a\007"
 102      47A6D7A9 
 102      9D22735C 
 102      C3B16107 
 103 007d 908D4980 		.ascii	"\220\215I\200\362J;\310\343\247:Rh\\m\206j`\331\360"
 103      F24A3BC8 
 103      E3A73A52 
 103      685C6D86 
 103      6A60D9F0 
 104 0091 F8BC7D5B 		.ascii	"\370\274}[\233\225:J\232\250\253\"\013\3022\006\210"
 104      9B953A4A 
 104      9AA8AB22 
 104      0BC23206 
 104      88
 105 00a2 655FD73B 		.ascii	"e_\327;\013\311XQd\375\366\020+\210\011G\345b\335t\273"
 105      0BC95851 
 105      64FDF610 
 105      2B880947 
 105      E562DD74 
 106 00b7 81A997DD 		.ascii	"\201\251\227\335\266\212+*\261\243L\256LD\007\254\025"
 106      B68A2B2A 
 106      B1A34CAE 
 106      4C4407AC 
 106      15
 107 00c8 DFB652B2 		.ascii	"\337\266R\262\352&\032\277\256\277\334\326r=\320\016"
 107      EA261ABF 
 107      AEBFDCD6 
 107      723DD00E 
 108 00d8 A75E2C35 		.ascii	"\247^,5\336\304\177\250\222V\020\247\375g\207\017\224"
 108      DEC47FA8 
 108      925610A7 
 108      FD67870F 
 108      94
 109 00e9 FD5DAA16 		.ascii	"\375]\252\026\214(j7>\326z\312\270W(2\233\306#\364\341"
 109      8C286A37 
 109      3ED67ACA 
 109      B8572832 
 109      9BC623F4 
 110 00fe 21FA1861 		.ascii	"!\372\030a\025eP\023\301\357\363\024he\323\265_\335"
 110      15655013 
 110      C1EFF314 
 110      6865D3B5 
 110      5FDD
 111 0110 F97642EE 		.ascii	"\371vB\356\003\375x\314\262/(\276\017\306\255\237T\\"
 111      03FD78CC 
 111      B22F28BE 
 111      0FC6AD9F 
 111      545C
 112 0122 69858749 		.ascii	"i\205\207I+ \254I\036\022<M\273\236\245{\367\375\230"
 112      2B20AC49 
 112      1E123C4D 
 112      BB9EA57B 
 112      F7FD98
 113 0135 55BBACBE 		.ascii	"U\273\254\276\373\251s?fq\314\246\305\331x^\336I\376"
 113      FBA9733F 
 113      6671CCA6 
ARM GAS  C:\Users\JEFFSN~1\AppData\Local\Temp\cc5UW9Hf.s 			page 8


 113      C5D9785E 
 113      DE49FE
 114 0148 C379F217 		.ascii	"\303y\362\027\247bqf\027\227\006%\301\377\2659Qma\330"
 114      A7627166 
 114      17970625 
 114      C1FFB539 
 114      516D61D8 
 115 015c FA10CF1F 		.ascii	"\372\020\317\037\231k\306\234\344\330\0347Z\302{;o_"
 115      996BC69C 
 115      E4D81C37 
 115      5AC27B3B 
 115      6F5F
 116 016e F44A4213 		.ascii	"\364JB\023\305]\254\363\353T%%\037\336\334\252\316%"
 116      C55DACF3 
 116      EB542525 
 116      1FDEDCAA 
 116      CE25
 117 0180 BC35E9BC 		.ascii	"\2745\351\274\271\305\2061<e\233N\364>\330\200\307\230"
 117      B9C58631 
 117      3C659B4E 
 117      F43ED880 
 117      C798
 118 0192 11BF13B5 		.ascii	"\021\277\023\265w\017\263\365\320\025\367\250\254\003"
 118      770FB3F5 
 118      D015F7A8 
 118      AC03
 119 01a0 EE298759 		.ascii	"\356)\207Y|z\310\237\364g\262\227\375\211Lz\352\312"
 119      7C7AC89F 
 119      F467B297 
 119      FD894C7A 
 119      EACA
 120 01b2 4CCE1F1B 		.ascii	"L\316\037\033MO\245\316\215\245\262\323i\177\362\222"
 120      4D4FA5CE 
 120      8DA5B2D3 
 120      697FF292 
 121 01c2 9F199EC8 		.ascii	"\237\031\236\310\346R\027\316dFG\006s\364\007\214n\273"
 121      E65217CE 
 121      64464706 
 121      73F4078C 
 121      6EBB
 122 01d4 A6       		.ascii	"\246"
 123              		.text
 124              		.section	.gnu.lto_CapSense_IdacCH0_RestoreConfig.807cfec0,"",%progbits
 125 0000 789C6552 		.ascii	"x\234eRMh\023Q\020\236yow\263\206\244\026\317Uz\361"
 125      4D681351 
 125      109E796F 
 125      77B386A4 
 125      16CF557A 
 126 0015 D0438D17 		.ascii	"\320C\215\027/z\014T\005\205b\256\205\020\323\\S\251"
 126      2F7A0C54 
 126      058562AE 
 126      8510D35C 
 126      53A9
 127 0027 7ACE4B37 		.ascii	"z\316K7K\033\005\361b\321\212D\017\261\3657\251m\255"
 127      4B1B05F1 
 127      62D18A44 
 127      0FB1F537 
ARM GAS  C:\Users\JEFFSN~1\AppData\Local\Temp\cc5UW9Hf.s 			page 9


 127      A96DAD
 128 003a D1206928 		.ascii	"\321 i(\010\032\353\245^\254\240U\010R\2124P\017-&q"
 128      081AEBA5 
 128      5EACA055 
 128      08528A34 
 128      500F2D26 
 129 004f 669FD480 		.ascii	"f\237\324\200\017\366\315\356\274o\346\373\346\333g"
 129      0FF6CDEE 
 129      BC6FE6FB 
 129      E6DB67
 130 005e 0002AFBC 		.ascii	"\000\002\257\274\000\010Q<C\017\372\000\305\365\025"
 130      0008513C 
 130      430FFA00 
 130      C5F515
 131 006d 80B42D84 		.ascii	"\200\264-\204\\\015\201\362[\345C\240\002R\030\034\375"
 131      5C0D81F2 
 131      5BE543A0 
 131      0252181C 
 131      FD
 132 007e 26E70206 		.ascii	"&\347\002\006Z\014BS\307\264m!\362\213\262\021RB\032"
 132      5A0C4253 
 132      C7B46D21 
 132      F28BB211 
 132      52421A
 133 0091 A68529FC 		.ascii	"\246\205)\374%\232\002\253\343\365\222\350\233V\264"
 133      259A02AB 
 133      E3F592E8 
 133      9B56B4
 134 00a0 BEE67352 		.ascii	"\276\346sR\315T\320\225\000m\341Q\003Nc\037\020\354"
 134      CD54D095 
 134      006DE151 
 134      034E631F 
 134      10EC
 135 00b2 DB6CEB46 		.ascii	"\333l\353F\320\3120\254W\037\342\014Z\254\257p\256\242"
 135      D0CA30AC 
 135      571FE20C 
 135      5AACAF70 
 135      AEA2
 136 00c4 DA6D4755 		.ascii	"\332mGU\232f#\340Gp%J\336\014\336L\336l\336\000\266"
 136      9A6623E0 
 136      4770254A 
 136      DE0CDE4C 
 136      DE6CDE00 
 137 00d9 A88A3534 		.ascii	"\250\21254\204\340(\353X\335\275\322z#\271\221#%\221"
 137      84E028EB 
 137      58DDBDD2 
 137      7A23B991 
 137      232591
 138 00ec 4CBAD50F 		.ascii	"L\272\325\017\276m\341J\201\314\371\363\365\316}\241"
 138      BE6DE14A 
 138      81CCF9F3 
 138      F5CE7DA1 
 139 00fc 3FEF15D3 		.ascii	"?\357\025\323\312\240T\371\352\347\362\276\034\336I"
 139      CAA054F9 
 139      EAE7F2BE 
 139      1CDE49
 140 010b 6748A5C4 		.ascii	"gH\245\304\207\330\203\017\260\207\304<\302\034B\035"
ARM GAS  C:\Users\JEFFSN~1\AppData\Local\Temp\cc5UW9Hf.s 			page 10


 140      87D8830F 
 140      B087C43C 
 140      C21C421D 
 141 011b 9DDF03E0 		.ascii	"\235\337\003\340H\324\355\032\357\247\276wq=b/>&\330"
 141      48D4ED1A 
 141      EFA7BE77 
 141      713D622F 
 141      3E26D8
 142 012e 3A663E39 		.ascii	":f>9\3475\037\022\240\260Y\332\011j\000\340\023\356"
 142      E7351F12 
 142      A0B059DA 
 142      096A00E0 
 142      13EE
 143 0140 032C4FC2 		.ascii	"\003,O\302jH\253[\271y\\\243MB\337\232/\253\277r\306"
 143      6A48AB5B 
 143      B9795CA3 
 143      4D42DF9A 
 143      2FABBF72 
 144 0155 17B49CE5 		.ascii	"\027\264\234\345\211\273\273]\377\344<\335\223S\350"
 144      89BBBB5D 
 144      FFE43CDD 
 144      9353E8
 145 0164 9463E8FA 		.ascii	"\224c\350\372\251W\333oM\315fcQ\313Ys\222\232\300\350"
 145      A957DB6F 
 145      4DCD6663 
 145      51CB5973 
 145      929AC0E8 
 146 0178 E037E0DD 		.ascii	"\3407\340\335\001\371\003\235n>b#J\245\3155_\252\251"
 146      01F9039D 
 146      6E3E6223 
 146      4AA5CD35 
 146      5FAAA9
 147 018b 2694EA76 		.ascii	"&\224\352v\245\321&{\000g1E\276\232^\205\011\331\203"
 147      A5D1267B 
 147      00673145 
 147      BE9A5E85 
 147      09D983
 148 019e A478EC65 		.ascii	"\244x\354e\243\266\264_7\264;\375\264\360\3776V\226"
 148      A3B6B45F 
 148      37B43BFD 
 148      B4F0FF36 
 148      5696
 149 01b0 7E33A737 		.ascii	"~3\2477j\037\227\375<\204\362\362>\234\243\273\361\214"
 149      6A1F97FD 
 149      3C84F2F2 
 149      3E9CA3BB 
 149      F18C
 150 01c2 D5D0E1B5 		.ascii	"\325\320\341\265\027\305\254\035\352w\245\215\3634S"
 150      17C5AC1D 
 150      EA77A58D 
 150      F33453
 151 01d1 CBBB16B8 		.ascii	"\313\273\026\270\200!\232\256:\271~\230\311\010v\373"
 151      80219AAE 
 151      3AB97E98 
 151      C90876FB 
 152 01e1 4B2B6F69 		.ascii	"K+oio\324\242\366fn)W\013z\336P\343\023\300\376<\337"
 152      6FD4A2F6 
ARM GAS  C:\Users\JEFFSN~1\AppData\Local\Temp\cc5UW9Hf.s 			page 11


 152      666E2957 
 152      0B7ADE50 
 152      E313C0FE 
 153 01f7 F367917A 		.ascii	"\363g\221z\221FO\274\345\335\206\015\034\253\224\006"
 153      91464FBC 
 153      E5DD860D 
 153      1CAB9406 
 154 0207 BC89796D 		.ascii	"\274\211ym\321\214\224&\272\376\223\211db4v)1\034\215"
 154      D18C9426 
 154      BAFE9389 
 154      64623476 
 154      29311C8D 
 155 021b 8C5C1E8D 		.ascii	"\214\\\036\215'\206\006##\341cC\341\330\205H\"y1\021"
 155      27860623 
 155      23E16343 
 155      E1D88548 
 155      22793111 
 156 022f 3D3D1C8B 		.ascii	"==\034\213\207O\035\215\016\236=\022\207?\026w\367\215"
 156      874F1D8D 
 156      0E9E3D12 
 156      873F1677 
 156      F78D
 157              		.text
 158              		.section	.gnu.lto_CapSense_IdacCH0_Sleep.807cfec0,"",%progbits
 159 0000 789C9592 		.ascii	"x\234\225\222\317O\023A\024\307\347\315lwKk\325?\200"
 159      CF4F1341 
 159      14C7E7CD 
 159      6C774B6B 
 159      D53F80
 160 0013 106E8483 		.ascii	"\020n\204\203\224\213\177\001\211\350\301\204\330\203"
 160      948B7F01 
 160      89E8C184 
 160      D883
 161 0021 1712424A 		.ascii	"\027\022BJ\257`P\317\235\262\255\024M\210\306H\014j"
 161      AF6050CF 
 161      9DB2AD14 
 161      4D88C648 
 161      0C6A
 162 0033 1A0E0AFE 		.ascii	"\032\016\012\376@\212\200P\251\245mP.\2501\001\017b"
 162      408A8050 
 162      A9A56D50 
 162      2EA83101 
 162      0F62
 163 0045 FC456C0C 		.ascii	"\374El\014AS\024\016\250\264\2767\003\265jBt\222\235"
 163      4153140E 
 163      A8B4BE37 
 163      03B56A42 
 163      74929D
 164 0058 DD7DEFED 		.ascii	"\335}\357\355\373~\366}\307`\300h\275\026\214y\361~"
 164      FB7EF67D 
 164      C760C068 
 164      BD168C79 
 164      F17E
 165 006a 1C2F7032 		.ascii	"\034/p2\340\347\2372\026rr.\2425L\272\014\332\367\010"
 165      E0E79F32 
 165      1672722E 
 165      A2354CBA 
ARM GAS  C:\Users\JEFFSN~1\AppData\Local\Temp\cc5UW9Hf.s 			page 12


 165      0CDAF708 
 166 007e 70E8B0B1 		.ascii	"p\350\260\261\363\340\340\346\202\027\363V\262\012\363"
 166      F3E0E0E6 
 166      8217F356 
 166      B20AF3
 167 008d 26583A6C 		.ascii	"&X:l\001\320\203t\002\013ra8L\013\202\260\301\2678d"
 167      01D08374 
 167      020B7261 
 167      384C0B82 
 167      B0C1B738 
 168 00a2 BB73095E 		.ascii	"\273s\011^;(q\275\215|\251\227Ci\210\240t\221+\012\006"
 168      3B2871BD 
 168      8D7CA997 
 168      436988A0 
 168      74912B0A 
 169 00b7 8350CBB0 		.ascii	"\203P\313\260\354\375h\341\222\307\014SY\265N\302\020"
 169      ECFD68E1 
 169      92C70C53 
 169      59B54EC2 
 169      10
 170 00c8 98843A72 		.ascii	"\230\204:r,-\213E[\246/Z\231\224\345\341,\"\300\240"
 170      2C2D8B45 
 170      5BA62F5A 
 170      9994E5E1 
 170      2C22C0A0 
 171 00dc AD823617 		.ascii	"\255\2026\027mn\332\030\313\343gD\261\3069\335E\016"
 171      6D6EDA18 
 171      CBE36744 
 171      B1C639DD 
 171      450E
 172 00ee B2DFCEBE 		.ascii	"\262\337\316\276\270\032\007je\013\003e\372\"\331g\326"
 172      B81A076A 
 172      650B0365 
 172      FA22D967 
 172      D6
 173 00ff 3A8F080E 		.ascii	":\217\010\016\244\272\261x\271S\277\015u\207$\025\364"
 173      A4BAB178 
 173      B953BF0D 
 173      75872415 
 173      F4
 174 0110 7FCD67F6 		.ascii	"\177\315g\366\305\340Z(\214\230\002nA%\334\204J\244"
 174      C5E05A28 
 174      8C98026E 
 174      4125DC84 
 174      4AA4
 175 0122 B90D3160 		.ascii	"\271\0151`9\260\177\034b\266\340\272\333\370\354\334"
 175      39B07F1C 
 175      62B6E0BA 
 175      DBF8ECDC 
 176 0132 19277D0F 		.ascii	"\031'}\017\270\356`\331;\010/\331UZ\216~~d5\261\351"
 176      B8EE60D9 
 176      3B082FD9 
 176      555A8E7E 
 176      7E6435B1 
 177 0147 D1050C86 		.ascii	"\321\005\014\206\251\017#<\301\2425H\327\265\236\317"
 177      A90F233C 
 177      C1A23548 
ARM GAS  C:\Users\JEFFSN~1\AppData\Local\Temp\cc5UW9Hf.s 			page 13


 177      D7B59ECF 
 178 0157 3D775375 		.ascii	"=wSu9\231\241\310\022\211\325%+\270%\243R\356\307X\017"
 178      3999A1C8 
 178      1289D525 
 178      2BB825A3 
 178      52EEC758 
 179 016c 8E8CC22B 		.ascii	"\216\214\302+\363\213\263.\302\223*\356\200\021\234"
 179      F38BB32E 
 179      C2932AEE 
 179      80119C
 180 017b F35D6A8C 		.ascii	"\363]j\214\311\336\251x\217\323;L3\224\027\020\337\204"
 180      C9DEA978 
 180      8FD33B4C 
 180      33941710 
 180      DF84
 181 018d 384217D4 		.ascii	"8B\027\324\244a\024\274X2\321=?\352\"\025\023\211\357"
 181      A46114BC 
 181      5832D13D 
 181      3FEA2215 
 181      1389EF
 182 01a0 29A0356E 		.ascii	")\2405n\354\340\304?\225p\376U\177lW\375\361_\372\023"
 182      ECE0C43F 
 182      9570FE55 
 182      7F6C57FD 
 182      F15FFA13 
 183 01b4 4ABFF497 		.ascii	"J\277\364\227h-\334\337\326w(\267>\202\235\236\236\343"
 183      682DDCDF 
 183      D67728B7 
 183      3E829D9E 
 183      9EE3
 184 01c6 A4FFF700 		.ascii	"\244\377\367\000\254\"\032\306`\022\202h\265\223)g\037"
 184      AC221AC6 
 184      60128268 
 184      B5932967 
 184      1F
 185 01d7 3F12BF1F 		.ascii	"?\022\277\037\034\371\275\327\241\216M\021\017\300\237"
 185      1CF9BDD7 
 185      A18E4D11 
 185      0FC09F
 186 01e6 670AA6B0 		.ascii	"g\012\246\260/\203\004YS\201\311\317\251\315\033\\{"
 186      2F830459 
 186      5381C9CF 
 186      A9CD1B5C 
 186      7B
 187 01f7 3F10D7DE 		.ascii	"?\020\327\336'\317\275JV(\357C\244)\340A\311\375\351"
 187      27CFBD4A 
 187      5628EF43 
 187      A429E041 
 187      C9FDE9
 188 020a 72F75DBA 		.ascii	"r\367]\272\303\332\223\376\345\275\332\334jHj\367_\332"
 188      C3DA93FE 
 188      E5BDDADC 
 188      6A486AF7 
 188      5FDA
 189 021c CB59D022 		.ascii	"\313Y\320\"\2562\303M\266\340\335>\216\037\334:\355"
 189      AE32C34D 
 189      B6E0DD3E 
ARM GAS  C:\Users\JEFFSN~1\AppData\Local\Temp\cc5UW9Hf.s 			page 14


 189      8E1FDC3A 
 189      ED
 190 022d C60E57DE 		.ascii	"\306\016W\336\024\256\233\232ANj\206\261Ll\336S\316"
 190      14AE9B9A 
 190      414E6A86 
 190      B14C6CDE 
 190      53CE
 191 023f F0B0C490 		.ascii	"\360\260\304\220\322\014]}\003u\324\342?L\232\331\325"
 191      D20C5D7D 
 191      0375D4E2 
 191      3F4C9AD9 
 191      D5
 192 0250 A4B43209 		.ascii	"\244\2642\011\364\204 \003^\204S\324\226\362e\005\272"
 192      F4842003 
 192      5E8453D4 
 192      96F26505 
 192      BA
 193 0261 D2338DCA 		.ascii	"\3223\215\312\026Zy\254\3040\232z\2401\320\036\350l"
 193      165A79AC 
 193      C4309A7A 
 193      A031D01E 
 193      E86C
 194 0273 3D15686B 		.ascii	"=\025hk\361u\234\356\364\007\232\233|\035\015\007\233"
 194      F1759CEE 
 194      F4079A9B 
 194      7C1D0D07 
 194      9B
 195 0284 1B5A4FF8 		.ascii	"\033ZO\370\002\355'\003-G\332Z\375\015\207\353[\232"
 195      02ED2703 
 195      2D47DA5A 
 195      FD0D87EB 
 195      5B9A
 196 0296 8ED6F9D9 		.ascii	"\216\326\371\331O\260qk\337"
 196      4FB0716B 
 196      DF
 197              		.text
 198              		.section	.gnu.lto_CapSense_IdacCH0_Wakeup.807cfec0,"",%progbits
 199 0000 789C6D8F 		.ascii	"x\234m\217\277KBQ\024\307\317\271\367\251\017)\364\017"
 199      BF4B4251 
 199      14C7CFB9 
 199      F7A90F29 
 199      F40F
 200 0012 88687530 		.ascii	"\210hu0\213hmq\350\007\004\222\253 \242o\315\350\307"
 200      8B686D71 
 200      E8070492 
 200      AB20A26F 
 200      CDE8C7
 201 0025 DABBFE78 		.ascii	"\332\273\376x\225K\264\324\022\342\320\240\3754\241"
 201      954BB4D4 
 201      12E2D0A0 
 201      FD34A1
 202 0034 219B5E21 		.ascii	"!\233^!\006\022\375\030Zj\251\006\011i\260\250Q_\347"
 202      0612FD18 
 202      5A6AA906 
 202      0969B0A8 
 202      515FE7
 203 0047 BE86863A 		.ascii	"\276\206\206:p9\360=\337\357=\347\243\000\202\254ej"
ARM GAS  C:\Users\JEFFSN~1\AppData\Local\Temp\cc5UW9Hf.s 			page 15


 203      7039F03D 
 203      DFEF3DE7 
 203      A30082AC 
 203      656A
 204 0059 01EA23F4 		.ascii	"\001\352#\364\320\001\3106\256\001R*c\274\356\001\341"
 204      D001C836 
 204      AE01522A 
 204      63BCEE01 
 204      E1
 205 006a 561A6320 		.ascii	"V\032c z8*RF\005Qv\241\"\350\214+\250\343\027\3530\274"
 205      7A382A52 
 205      46055176 
 205      A122E88C 
 205      2BA8E317 
 206 0081 586D5699 		.ascii	"XmV\231\257(\250\236\214\235aQ2\321\340\000\026\263"
 206      AF28A89E 
 206      8C9D6151 
 206      32D1E000 
 206      16B3
 207 0093 370016D1 		.ascii	"7\000\026\321\007d{\251t7{\235Yi\033\370\031b\011\235"
 207      07647BA9 
 207      74377B9D 
 207      59691BF8 
 207      1962099D 
 208 00a7 F28CF28C 		.ascii	"\362\214\362\214),+#\314m\367\371\255\333\311\301\340"
 208      292C2B23 
 208      CC6DF7F9 
 208      ADDBC9C1 
 208      E0
 209 00b8 24B7C922 		.ascii	"$\267\311\"\327\2753&;\177\305\214\231o0\031\222\337"
 209      D7BD3326 
 209      3B7FC58C 
 209      996F3019 
 209      92DF
 210 00ca 55AB6F8F 		.ascii	"U\253o\217.\275#\326\204\360\032\234Y\214\"\270\213"
 210      2EBD23D6 
 210      84F01A9C 
 210      598C22B8 
 210      8B
 211 00db 3A853934 		.ascii	":\205941}V\271\372pIs\206s\262o\031\0277\256Of\320\331"
 211      317D56B9 
 211      FA704973 
 211      8673B26F 
 211      191737AE 
 212 00f3 7FD34A8E 		.ascii	"\177\323J\216\356\225r\353\352\276\346.`>%l\335\201"
 212      EE9572EB 
 212      EABEE62E 
 212      603E256C 
 212      DD81
 213 0105 FB04B987 		.ascii	"\373\004\271\207}\366p\375\3648\247\006\374\006w\342"
 213      7DF670FD 
 213      F438A706 
 213      FC0677E2 
 214 0115 0116B06B 		.ascii	"\001\026\260k\363\341!\006\340\031\263\017\231\376\337"
 214      F3E12106 
 214      E019B30F 
 214      99FEDF
ARM GAS  C:\Users\JEFFSN~1\AppData\Local\Temp\cc5UW9Hf.s 			page 16


 215 0124 6527B5CB 		.ascii	"e'\265\313\025U.C\252#\031\007\311\301\241\356\221\030"
 215      15552E43 
 215      AA231907 
 215      C9C1A1EE 
 215      9118
 216 0136 DEFF195C 		.ascii	"\336\377\031\\\026\221\002\226m\006\325N(6y\013\323"
 216      16910296 
 216      6D06D54E 
 216      2836790B 
 216      D3
 217 0147 E6DD941D 		.ascii	"\346\335\224\035\222\325&T\222\311\353\037\327f\265"
 217      92D52654 
 217      92C9EB1F 
 217      D766B5
 218 0156 F9D8A296 		.ascii	"\371\330\242\226\210\206\223K\363q-\022\012'\203\243"
 218      8886934B 
 218      F3712D12 
 218      0A2783A3 
 219 0166 91606C2E 		.ascii	"\221`l.\254\315.h\321\311D,\036\234\030\212\206\246"
 219      ACCD2E68 
 219      D1C9442C 
 219      1E9C188A 
 219      86A6
 220 0178 07E3F00D 		.ascii	"\007\343\360\0152\223\225k"
 220      3293956B 
 221              		.text
 222              		.section	.gnu.lto_.symbol_nodes.807cfec0,"",%progbits
 223 0000 789C5DCD 		.ascii	"x\234]\315=\016\201Q\020\205\341wf\356\037\245Z\204"
 223      3D0E8151 
 223      1085E177 
 223      66EE1FA5 
 223      5A84
 224 0012 95CE8D58 		.ascii	"\225\316\215X\200-\020\233 \321\251\025V\200\330\202"
 224      802D109B 
 224      20D1A915 
 224      5680D882 
 225 0022 56DC4F14 		.ascii	"V\334O\024\256i&\3479\311L@\270\320F\213\303\372\014"
 225      AE6926E7 
 225      39C94C40 
 225      B8D0468B 
 225      C3FA0C
 226 0035 8EEC579B 		.ascii	"\216\354W\233:\207\010u\002\246c\227\277J\305\365K\034"
 226      3A870875 
 226      02A66397 
 226      BF4AC5F5 
 226      4B1C
 227 0047 EAA281BA 		.ascii	"\352\242\201\272\365`\036z\010\036;\220\344\351\003"
 227      F5601E7A 
 227      081E3B90 
 227      E4E903
 228 0056 EDCD7053 		.ascii	"\355\315pS\262\347.G/\277\331\264\360\270\276\3044\263"
 228      B2E72E47 
 228      2FBFD9B4 
 228      F0B8BEC4 
 228      34B3
 229 0068 1B7680FB 		.ascii	"\033v\200\373sfq\304\351\326b\012l\007N\312\3628\345"
 229      736671C4 
ARM GAS  C:\Users\JEFFSN~1\AppData\Local\Temp\cc5UW9Hf.s 			page 17


 229      E9D6620A 
 229      6C074ECA 
 229      F238E5
 230 007b 0DBC8731 		.ascii	"\015\274\2071`"
 230      60
 231              		.text
 232              		.section	.gnu.lto_.refs.807cfec0,"",%progbits
 233 0000 789C0DC7 		.ascii	"x\234\015\307\301\011\000 \014\004\301]s\021\301&\354"
 233      C1090020 
 233      0C04C15D 
 233      7311C126 
 233      EC
 234 0011 BF4AF319 		.ascii	"\277J\363\031\230 \017F\214\245m\360T;\235x\335\270"
 234      98200F46 
 234      8CA56DF0 
 234      543B9D78 
 234      DDB8
 235 0023 F809DB00 		.ascii	"\370\011\333\000q"
 235      71
 236              		.text
 237              		.section	.gnu.lto_.decls.807cfec0,"",%progbits
 238 0000 789C9595 		.ascii	"x\234\225\225kL\024W\024\307\347\314,\260,\2534\332"
 238      6B4C1457 
 238      14C7E7CC 
 238      2CB02CAB 
 238      34DA
 239 0012 5A9BD286 		.ascii	"Z\233\322\206\032HH\223R\010m\342\307&\264\305~hkJJ"
 239      1A484893 
 239      52086DE2 
 239      C726B4C5 
 239      7E686B4A 
 240 0027 FDA0A10B 		.ascii	"\375\240\241\013\214\326h\001a1\361Ks)X\304\220\010"
 240      8CD66801 
 240      6131F14B 
 240      732958C4 
 240      9008
 241 0039 B6BE100B 		.ascii	"\266\276\020\013\365QA@\026\026\304\005[\027\021E\272"
 241      F5514140 
 241      1616C405 
 241      5B171145 
 241      BA
 242 004a 206FE515 		.ascii	" o\345\025\251`\253\025R\233j\0335\226\236\373\230\316"
 242      A960AB15 
 242      529B6A1B 
 242      35969EFB 
 242      98CE
 243 005c 2ECB187A 		.ascii	".\313\030z\303\231\235;\373?\277s\3569g\026\223\004"
 243      C3999D3B 
 243      FB3FBF73 
 243      EE396716 
 243      9304
 244 006e 125DB259 		.ascii	"\022]\262Y\222\006\3616F\226\2449\\A\370,I\322W0Z-\232"
 244      9206F136 
 244      4696A439 
 244      5C41F82C 
 244      49D25730 
 245 0085 03CD89D6 		.ascii	"\003\315\211\326\204\326\214\346BkE\273\210v\011\215"
ARM GAS  C:\Users\JEFFSN~1\AppData\Local\Temp\cc5UW9Hf.s 			page 18


 245      84D68CE6 
 245      426B45BB 
 245      8876098D 
 246 0095 D20624DF 		.ascii	"\322\006$\337E\3754^\030\332u\264a\264\021\264>\264"
 246      45FD345E 
 246      18DA75B4 
 246      61B411B4 
 246      3EB4
 247 00a7 36E1D72D 		.ascii	"6\341\327->k\01584\266\331\2133\212\326\340\305\033"
 247      3E6B0D38 
 247      34B6D98B 
 247      338AD6E0 
 247      C51B
 248 00b9 436B175A 		.ascii	"Ck\027ZE\350\265\334\346/\347\377\314\311i\220S\223"
 248      45E8B5DC 
 248      E62FE7FF 
 248      CCC96990 
 248      5393
 249 00cb A8CD7CCE 		.ascii	"\250\315|\3168Z\215\001O\026~F\347l6`z\263\264\263S"
 249      385A8D01 
 249      4F167E46 
 249      E76C3660 
 249      7AB3B4B3 
 250 00e0 96477015 		.ascii	"\226Gp\025\341{\351)\371\272\346\2615\2167{\002\255"
 250      E17BE929 
 250      F9BAE6B1 
 250      358E377B 
 250      02AD
 251 00f2 4EF87B04 		.ascii	"N\370{\004\327%rv\030p\237\3100W\336\270\307<\006#\240"
 251      D7257276 
 251      18709FC8 
 251      3057DEB8 
 251      C73C0623 
 252 0107 4862A824 		.ascii	"Hb\250$\000~\005f\0227\266\305\033Y\3427\332\243\377"
 252      007E0566 
 252      1237B6C5 
 252      1B59E237 
 252      DAA3FF
 253 011a 962424B2 		.ascii	"\226$$\262v\253\303\330\237\360\2079m1\210N\007\341"
 253      76ABC3D8 
 253      9FF08739 
 253      6D31884E 
 253      07E1
 254 012c C4F7C259 		.ascii	"\304\367\302Y\022N \353\001\200o5\017/\336\274\214\264"
 254      124E20EB 
 254      01806F35 
 254      0F2FDEBC 
 254      8CB4
 255 013e 9CB530AC 		.ascii	"\234\2650\254\354\354\320U;'\332B\025\031\350\375\215"
 255      ECECD055 
 255      3B27DA42 
 255      1519E8FD 
 255      8D
 256 014f 8795EF46 		.ascii	"\207\225\357F\327\020\\\305\204\310\353\364\312\364"
 256      D7105CC5 
 256      84C8EBF4 
 256      CAF4
ARM GAS  C:\Users\JEFFSN~1\AppData\Local\Temp\cc5UW9Hf.s 			page 19


 257 015d E53BCA94 		.ascii	"\345;\312\224\3732,\263\200\011\267\177t\227N-\305\355"
 257      FB322CB3 
 257      8009B77F 
 257      74974E2D 
 257      C5ED
 258 016f B31608C7 		.ascii	"\263\026\010\307\355\223+\207K\345\225\373\231_\036"
 258      ED932B87 
 258      4BE595FB 
 258      995F1E
 259 017e 093741D2 		.ascii	"\0117A\322\012\250\20608\005\330 \250\201\225xM1qR\207"
 259      0AA88630 
 259      3805D820 
 259      A8819578 
 259      4D317152 
 260 0193 FBDB5FE4 		.ascii	"\373\333_\344U\025\304\355 \223\003\017\342\016U\270"
 260      5515C4ED 
 260      2093030F 
 260      E20E55B8 
 261 01a3 F3D14DA1 		.ascii	"\363\321M\241*\250\004\005\252 \232&YI{ \301I\030\303"
 261      2AA80405 
 261      AA209A26 
 261      59497B20 
 261      C14918C3 
 262 01b7 7C6B6115 		.ascii	"|ka\025z\026\024\315<\012U\222Y\242O\217X\347\023q\332"
 262      7A1614CD 
 262      3C0A5592 
 262      59A24F8F 
 262      58E71371 
 263 01cc E35EC703 		.ascii	"\343^\307\003\272\017vYw\025\347\022\362)\225\300i="
 263      BA0F7659 
 263      7715E712 
 263      F22995C0 
 263      693D
 264 01de DC69EF70 		.ascii	"\334i\357p\016\026\356B\373\356\374@\345\213E\204k\360"
 264      0E16EE42 
 264      FBEEFC40 
 264      E58B4584 
 264      6BF0
 265 01f0 0957B1AB 		.ascii	"\011W\261\253\360\015\0147\211\341\312TRH\310\227&\252"
 265      F00D0C37 
 265      89E1CA54 
 265      5248C897 
 265      26AA
 266 0202 807A3D5A 		.ascii	"\200z=Z\275w4'\213\326{b\346\256Y)\005\026\356doKa\200"
 266      BD773427 
 266      8BD67B62 
 266      E6AE5929 
 266      0516EE64 
 267 021a 603CF266 		.ascii	"`<\362f4\352\214FoF\023c\344^mm\003\305\305\031=E\277"
 267      34EA8C46 
 267      6F461363 
 267      E45E6D6D 
 267      03C5C519 
 268 0231 4F999151 		.ascii	"O\231\221Q\201\214\342\313VB\217\375\026\203\234\321"
 268      818CE2CB 
 268      56428FFD 
 268      16839CD1 
ARM GAS  C:\Users\JEFFSN~1\AppData\Local\Temp\cc5UW9Hf.s 			page 20


 269 0241 2167BC21 		.ascii	"!g\274!\315\0142ss\372\361\022\245\227Cn\037\351:\026"
 269      CD0C3273 
 269      73FAF112 
 269      A597436E 
 269      1FE93A16 
 270 0255 2C20583B 		.ascii	", X;\012\251\340\220\263:\344\2547\304\305 m\316\246"
 270      0AA9E090 
 270      B33AE4AC 
 270      37C4C520 
 270      6DCEA6
 271 0268 7A59B9CD 		.ascii	"zY\271\315!}eCm\264\343\223\204L\026\357M(\311\253X"
 271      217D6543 
 271      6DB4E393 
 271      844C16EF 
 271      4D28C9AB 
 272 027d C3102D3A 		.ascii	"\303\020-:\242\205!\360\246\225\347p|\302\025\252T\363"
 272      A28521F0 
 272      A695E770 
 272      7CC215AA 
 272      54F3
 273 028f 99ACDB39 		.ascii	"\231\254\3339]e\306Y\013\263\300\034\320\375\214\353"
 273      5D65C659 
 273      0BB3C01C 
 273      D0FD8CEB 
 274 029f E112BEA7 		.ascii	"\341\022\276\247_\037*\231\372'D\351`Zy`\252\372\216"
 274      5F1F2A99 
 274      FA2744E9 
 274      605A7960 
 274      AAFA8E
 275 02b2 09A22CDF 		.ascii	"\011\242,\337\323NM6\357\337x\240\000\347\030\332\300"
 275      D34E4D36 
 275      EFDF78A0 
 275      00E718DA 
 275      C0
 276 02c3 02E7F568 		.ascii	"\002\347\365ha\026\274\356\302\242\222{GI\340J\011\342"
 276      6116BCEE 
 276      C2A2927B 
 276      4749E04A 
 276      09E2
 277 02d5 C220264C 		.ascii	"\302 &L\0027DQ*U\301\217\330\335\037\260\273\030\341"
 277      02374451 
 277      2A55C18F 
 277      D8DD1FB0 
 277      BB18E1
 278 02e8 D681F2BB 		.ascii	"\326\201\362\273\201&|_\030\007\333\214\317jZ\306g\002"
 278      81267C5F 
 278      1807DB8C 
 278      CF6A5AC6 
 278      6702
 279 02fa 0D07A29D 		.ascii	"\015\007\242\235\015\304\005\020\023\361u\177{s\210"
 279      0DC40510 
 279      13F1757F 
 279      7B7388
 280 0309 284049FF 		.ascii	"(@I\377\333%\307\276r\027\003S\3019=\253sZ\015.\262"
 280      DB25C7BE 
 280      72170353 
 280      C1393DAB 
ARM GAS  C:\Users\JEFFSN~1\AppData\Local\Temp\cc5UW9Hf.s 			page 21


 280      735A0D2E 
 281 031e 1A1C7F30 		.ascii	"\032\034\1770t\015\224Y^\203}wZgL\234\200\003\221\037"
 281      740D9459 
 281      5E837D77 
 281      5A674C9C 
 281      8003911F 
 282 0332 CCEAD7A1 		.ascii	"\314\352\327\241\373vh\276\227\230\357\375\023E\235"
 282      FB7668BE 
 282      9798EFFD 
 282      13459D
 283 0341 A14A9EC2 		.ascii	"\241J\236\302|;\346\376v\207\362WW\306m\377=\317\221"
 283      7C3BE6FE 
 283      7687F257 
 283      57C66DFF 
 283      3DCF91
 284 0354 10FEEA3E 		.ascii	"\020\376\352>C\247|\377\370\240U9\314\2457gO\025\206"
 284      43A77CFF 
 284      F8A05539 
 284      CCA53767 
 284      4F1586
 285 0367 2A27D9C6 		.ascii	"*'\331\306\344)\372\315a\201\210\210\250\345Gi\251\334"
 285      E429FACD 
 285      61818888 
 285      A8E54769 
 285      A9DC
 286 0379 E59F1F20 		.ascii	"\345\237\037 \356\\\205\025\241\013C_\205\345Z\341^"
 286      EE5C8515 
 286      A10B435F 
 286      85E55AE1 
 286      5E
 287 038a A7878EA5 		.ascii	"\247\207\216\245?\306\\\352\330@\362\002\231\360\247"
 287      3FC65CEA 
 287      D840F202 
 287      99F0A7
 288 0399 05847154 		.ascii	"\005\204qT\310:\344>\254\022b\246\002I\234\204\256\022"
 288      C83AE43E 
 288      AC1262A6 
 288      02499C84 
 288      AE12
 289 03ab 56553721 		.ascii	"VU7!\260M\202+X\324NVT\212A\021\364`\227<\020\001\335"
 289      B04D822B 
 289      58D44E56 
 289      548A4111 
 289      F460973C 
 290 03c2 10A1FD3A 		.ascii	"\020\241\375:\235/\031r*J\003\313[\366T\027\374\034"
 290      9D2F1972 
 290      2A4A03CB 
 290      5BF65417 
 290      FC1C
 291 03d4 00CBA316 		.ascii	"\000\313\243\026\304@?z\033\221xN\316`\234\230>\224"
 291      C4403F7A 
 291      1B91784E 
 291      CE609C98 
 291      3E94
 292 03e6 F4EAF5A5 		.ascii	"\364\352\365\245\031\362H\023{HH\3441B\260\027\003\256"
 292      19F24813 
 292      7B4848E4 
ARM GAS  C:\Users\JEFFSN~1\AppData\Local\Temp\cc5UW9Hf.s 			page 22


 292      3142B017 
 292      03AE
 293 03f8 6DDF10B2 		.ascii	"m\337\020\262\206i/s\255W\272\227\331?\221\001\210\244"
 293      86692F73 
 293      AD57BA97 
 293      D93F9101 
 293      88A4
 294 040a FDC8FF73 		.ascii	"\375\310\377s8\320\202\023\227\267\270\211\353\276\363"
 294      38D08213 
 294      97B7B889 
 294      EBBEF3
 295 0419 DD5C90D2 		.ascii	"\335\\\220\322\313\317\343\334wh_\020X\242\026p\277"
 295      CBCFE3DC 
 295      77685F10 
 295      58A21670 
 295      BF
 296 042a B680BB36 		.ascii	"\266\200\2736\372\037\226\356\315%\3410\214M\030\322"
 296      FA1F96EE 
 296      CD25E130 
 296      8C4D18D2 
 297 043a 0F320816 		.ascii	"\0172\010\026~\220\306\336\331\272\000\353n\332.\034"
 297      7E90C6DE 
 297      D9BA00EB 
 297      6EDA2E1C 
 298 044a E0659D4B 		.ascii	"\340e\235K\231R\037\341\353`e\003\205\237\250\376\353"
 298      99521FE1 
 298      EB606503 
 298      859FA8FE 
 298      EB
 299 045b 60414FB0 		.ascii	"`AO\260\217\232\036ZW\217\010\365\010S?\276U\367\253"
 299      8F9A1E5A 
 299      578F08F5 
 299      08533FBE 
 299      55F7AB
 300 046e D5474DC7 		.ascii	"\325GM\307UW\217\202U\313g\2249\334\030/\234\012\361"
 300      55578F82 
 300      55CB6794 
 300      39DC182F 
 300      9C0AF1
 301 0481 7168F771 		.ascii	"qh\367q\030\023\3701\003|\215\217z\\\250\307\015\324"
 301      1813F831 
 301      037C8D8F 
 301      7A5CA8C7 
 301      0DD4
 302 0493 753EEA09 		.ascii	"u>\352\011\241\246\237\221\361\266\314D5=[M~/\315\226"
 302      A1A69F91 
 302      F1B6CC44 
 302      353D5B4D 
 302      7E2FCD96 
 303 04a7 1ABF2626 		.ascii	"\032\277&&\371#5\333\236\221\245\306g\244o\334\274)"
 303      F92335DB 
 303      9E91A5C6 
 303      67A46FDC 
 303      BC29
 304 04b9 3AD39665 		.ascii	":\323\226e\217\2161'|\360qx|l\254\364Z\202\232\256f"
 304      8F8E3127 
 304      7CF07178 
ARM GAS  C:\Users\JEFFSN~1\AppData\Local\Temp\cc5UW9Hf.s 			page 23


 304      7C6CACF4 
 304      5A829AAE 
 305 04ce D9EC6A5A 		.ascii	"\331\354jZrbFNV\252\272~mbF\374\233\353\375(k\337\217"
 305      7262464E 
 305      56AABA7E 
 305      6D6246FC 
 305      9BEBFD28 
 306 04e5 4E955EF6 		.ascii	"N\225^\366{\374\211m\213\232\223\311\251\261/\372}\235"
 306      7BFC896D 
 306      8B9A93C9 
 306      A9B12FFA 
 306      7D9D
 307 04f7 68DB2E02 		.ascii	"h\333.\002\373\273\372\344\265\302\337u\253\252f>o\020"
 307      FBBBFAE4 
 307      B5C2DF75 
 307      ABAA663E 
 307      6F10
 308 0509 D0FFF93B 		.ascii	"\320\377\371;\351\266\224\255\352\253\213<N\364g\322"
 308      E9B694AD 
 308      EAAB8B3C 
 308      4EF467D2 
 309 0519 0BFE1155 		.ascii	"\013\376\021U{\222mk\216\032\220\2639\335\276\372\025"
 309      7B926D6B 
 309      8E1A90B3 
 309      39DDBEFA 
 309      15
 310 052a 0354EA0E 		.ascii	"\003T\352\016\373\216L5\033\011\317\371\023\354\031"
 310      FB8E4C35 
 310      1B09CFF9 
 310      13EC19
 311 0539 0BA49662 		.ascii	"\013\244\226bK\335\222\223\031\242\262\014\023\355\210"
 311      4BDD9293 
 311      19A2B20C 
 311      13ED88
 312 0548 B4A4D9EC 		.ascii	"\264\244\331\354\266\344\3554\330K\006\362D{VN\252\335"
 312      B6E4ED34 
 312      D84B06F2 
 312      447B564E 
 312      AADD
 313 055a 94A56E5A 		.ascii	"\224\245nZ\375/\017\254 \304"
 313      FD2F0FAC 
 313      20C4
 314              		.text
 315              		.section	.gnu.lto_.symtab.807cfec0,"",%progbits
 316 0000 43617053 		.ascii	"CapSense_IdacCH0_SaveConfig\000"
 316      656E7365 
 316      5F496461 
 316      63434830 
 316      5F536176 
 317 001c 00       		.ascii	"\000"
 318 001d 00       		.ascii	"\000"
 319 001e 00       		.ascii	"\000"
 320 001f 00000000 		.ascii	"\000\000\000\000\000\000\000\000"
 320      00000000 
 321 0027 B3000000 		.ascii	"\263\000\000\000"
 322 002b 43617053 		.ascii	"CapSense_IdacCH0_RestoreConfig\000"
 322      656E7365 
ARM GAS  C:\Users\JEFFSN~1\AppData\Local\Temp\cc5UW9Hf.s 			page 24


 322      5F496461 
 322      63434830 
 322      5F526573 
 323 004a 00       		.ascii	"\000"
 324 004b 00       		.ascii	"\000"
 325 004c 00       		.ascii	"\000"
 326 004d 00000000 		.ascii	"\000\000\000\000\000\000\000\000"
 326      00000000 
 327 0055 B5000000 		.ascii	"\265\000\000\000"
 328 0059 43617053 		.ascii	"CapSense_IdacCH0_Sleep\000"
 328      656E7365 
 328      5F496461 
 328      63434830 
 328      5F536C65 
 329 0070 00       		.ascii	"\000"
 330 0071 00       		.ascii	"\000"
 331 0072 00       		.ascii	"\000"
 332 0073 00000000 		.ascii	"\000\000\000\000\000\000\000\000"
 332      00000000 
 333 007b B7000000 		.ascii	"\267\000\000\000"
 334 007f 43617053 		.ascii	"CapSense_IdacCH0_Wakeup\000"
 334      656E7365 
 334      5F496461 
 334      63434830 
 334      5F57616B 
 335 0097 00       		.ascii	"\000"
 336 0098 00       		.ascii	"\000"
 337 0099 00       		.ascii	"\000"
 338 009a 00000000 		.ascii	"\000\000\000\000\000\000\000\000"
 338      00000000 
 339 00a2 B9000000 		.ascii	"\271\000\000\000"
 340 00a6 43617053 		.ascii	"CapSense_IdacCH0_Enable\000"
 340      656E7365 
 340      5F496461 
 340      63434830 
 340      5F456E61 
 341 00be 00       		.ascii	"\000"
 342 00bf 02       		.ascii	"\002"
 343 00c0 00       		.ascii	"\000"
 344 00c1 00000000 		.ascii	"\000\000\000\000\000\000\000\000"
 344      00000000 
 345 00c9 BB000000 		.ascii	"\273\000\000\000"
 346 00cd 43617053 		.ascii	"CapSense_IdacCH0_SetValue\000"
 346      656E7365 
 346      5F496461 
 346      63434830 
 346      5F536574 
 347 00e7 00       		.ascii	"\000"
 348 00e8 02       		.ascii	"\002"
 349 00e9 00       		.ascii	"\000"
 350 00ea 00000000 		.ascii	"\000\000\000\000\000\000\000\000"
 350      00000000 
 351 00f2 C4000000 		.ascii	"\304\000\000\000"
 352 00f6 43617053 		.ascii	"CapSense_IdacCH0_Stop\000"
 352      656E7365 
 352      5F496461 
 352      63434830 
ARM GAS  C:\Users\JEFFSN~1\AppData\Local\Temp\cc5UW9Hf.s 			page 25


 352      5F53746F 
 353 010c 00       		.ascii	"\000"
 354 010d 02       		.ascii	"\002"
 355 010e 00       		.ascii	"\000"
 356 010f 00000000 		.ascii	"\000\000\000\000\000\000\000\000"
 356      00000000 
 357 0117 C6000000 		.ascii	"\306\000\000\000"
 358              		.text
 359              		.section	.gnu.lto_.opts,"",%progbits
 360 0000 272D666D 		.ascii	"'-fmath-errno' '-fsigned-zeros' '-ftrapping-math' '"
 360      6174682D 
 360      6572726E 
 360      6F272027 
 360      2D667369 
 361 0033 2D666E6F 		.ascii	"-fno-trapv' '-fno-openmp' '-fno-openacc' '-mcpu=cor"
 361      2D747261 
 361      70762720 
 361      272D666E 
 361      6F2D6F70 
 362 0066 7465782D 		.ascii	"tex-m3' '-mthumb' '-g' '-O3' '-ffunction-sections' "
 362      6D332720 
 362      272D6D74 
 362      68756D62 
 362      2720272D 
 363 0099 272D6666 		.ascii	"'-ffat-lto-objects' '-finline-functions' '-flto'\000"
 363      61742D6C 
 363      746F2D6F 
 363      626A6563 
 363      74732720 
 364              		.text
 365              		.cfi_sections	.debug_frame
 366              		.section	.text.CapSense_IdacCH0_SaveConfig,"ax",%progbits
 367              		.align	2
 368              		.global	CapSense_IdacCH0_SaveConfig
 369              		.thumb
 370              		.thumb_func
 371              		.type	CapSense_IdacCH0_SaveConfig, %function
 372              	CapSense_IdacCH0_SaveConfig:
 373              	.LFB0:
 374              		.file 1 "Generated_Source\\PSoC5\\CapSense_IdacCH0_PM.c"
   1:Generated_Source\PSoC5/CapSense_IdacCH0_PM.c **** /*******************************************************************************
   2:Generated_Source\PSoC5/CapSense_IdacCH0_PM.c **** * File Name: CapSense_IdacCH0.c
   3:Generated_Source\PSoC5/CapSense_IdacCH0_PM.c **** * Version 2.0
   4:Generated_Source\PSoC5/CapSense_IdacCH0_PM.c **** *
   5:Generated_Source\PSoC5/CapSense_IdacCH0_PM.c **** * Description:
   6:Generated_Source\PSoC5/CapSense_IdacCH0_PM.c **** *  This file provides the power management source code to API for the
   7:Generated_Source\PSoC5/CapSense_IdacCH0_PM.c **** *  IDAC8.
   8:Generated_Source\PSoC5/CapSense_IdacCH0_PM.c **** *
   9:Generated_Source\PSoC5/CapSense_IdacCH0_PM.c **** * Note:
  10:Generated_Source\PSoC5/CapSense_IdacCH0_PM.c **** *  None
  11:Generated_Source\PSoC5/CapSense_IdacCH0_PM.c **** *
  12:Generated_Source\PSoC5/CapSense_IdacCH0_PM.c **** ********************************************************************************
  13:Generated_Source\PSoC5/CapSense_IdacCH0_PM.c **** * Copyright 2008-2012, Cypress Semiconductor Corporation.  All rights reserved.
  14:Generated_Source\PSoC5/CapSense_IdacCH0_PM.c **** * You may use this file only in accordance with the license, terms, conditions, 
  15:Generated_Source\PSoC5/CapSense_IdacCH0_PM.c **** * disclaimers, and limitations in the end user license agreement accompanying 
  16:Generated_Source\PSoC5/CapSense_IdacCH0_PM.c **** * the software package with which this file was provided.
  17:Generated_Source\PSoC5/CapSense_IdacCH0_PM.c **** *******************************************************************************/
ARM GAS  C:\Users\JEFFSN~1\AppData\Local\Temp\cc5UW9Hf.s 			page 26


  18:Generated_Source\PSoC5/CapSense_IdacCH0_PM.c **** 
  19:Generated_Source\PSoC5/CapSense_IdacCH0_PM.c **** 
  20:Generated_Source\PSoC5/CapSense_IdacCH0_PM.c **** #include "CapSense_IdacCH0.h"
  21:Generated_Source\PSoC5/CapSense_IdacCH0_PM.c **** 
  22:Generated_Source\PSoC5/CapSense_IdacCH0_PM.c **** static CapSense_IdacCH0_backupStruct CapSense_IdacCH0_backup;
  23:Generated_Source\PSoC5/CapSense_IdacCH0_PM.c **** 
  24:Generated_Source\PSoC5/CapSense_IdacCH0_PM.c **** 
  25:Generated_Source\PSoC5/CapSense_IdacCH0_PM.c **** /*******************************************************************************
  26:Generated_Source\PSoC5/CapSense_IdacCH0_PM.c **** * Function Name: CapSense_IdacCH0_SaveConfig
  27:Generated_Source\PSoC5/CapSense_IdacCH0_PM.c **** ********************************************************************************
  28:Generated_Source\PSoC5/CapSense_IdacCH0_PM.c **** * Summary:
  29:Generated_Source\PSoC5/CapSense_IdacCH0_PM.c **** *  Save the current user configuration
  30:Generated_Source\PSoC5/CapSense_IdacCH0_PM.c **** *
  31:Generated_Source\PSoC5/CapSense_IdacCH0_PM.c **** * Parameters:
  32:Generated_Source\PSoC5/CapSense_IdacCH0_PM.c **** *  void
  33:Generated_Source\PSoC5/CapSense_IdacCH0_PM.c **** *
  34:Generated_Source\PSoC5/CapSense_IdacCH0_PM.c **** * Return:
  35:Generated_Source\PSoC5/CapSense_IdacCH0_PM.c **** *  void
  36:Generated_Source\PSoC5/CapSense_IdacCH0_PM.c **** *
  37:Generated_Source\PSoC5/CapSense_IdacCH0_PM.c **** *******************************************************************************/
  38:Generated_Source\PSoC5/CapSense_IdacCH0_PM.c **** void CapSense_IdacCH0_SaveConfig(void) 
  39:Generated_Source\PSoC5/CapSense_IdacCH0_PM.c **** {
 375              		.loc 1 39 0
 376              		.cfi_startproc
 377              		@ args = 0, pretend = 0, frame = 0
 378              		@ frame_needed = 0, uses_anonymous_args = 0
 379              		@ link register save eliminated.
  40:Generated_Source\PSoC5/CapSense_IdacCH0_PM.c ****     if (!((CapSense_IdacCH0_CR1 & CapSense_IdacCH0_SRC_MASK) == CapSense_IdacCH0_SRC_UDB))
 380              		.loc 1 40 0
 381 0000 044B     		ldr	r3, .L4
 382 0002 1B78     		ldrb	r3, [r3]	@ zero_extendqisi2
 383 0004 9B06     		lsls	r3, r3, #26
 384 0006 03D4     		bmi	.L1
  41:Generated_Source\PSoC5/CapSense_IdacCH0_PM.c ****     {
  42:Generated_Source\PSoC5/CapSense_IdacCH0_PM.c ****         CapSense_IdacCH0_backup.data_value = CapSense_IdacCH0_Data;
 385              		.loc 1 42 0
 386 0008 034A     		ldr	r2, .L4+4
 387 000a 044B     		ldr	r3, .L4+8
 388 000c 1278     		ldrb	r2, [r2]	@ zero_extendqisi2
 389 000e 5A70     		strb	r2, [r3, #1]
 390              	.L1:
 391 0010 7047     		bx	lr
 392              	.L5:
 393 0012 00BF     		.align	2
 394              	.L4:
 395 0014 21580040 		.word	1073764385
 396 0018 805B0040 		.word	1073765248
 397 001c 00000000 		.word	.LANCHOR0
 398              		.cfi_endproc
 399              	.LFE0:
 400              		.size	CapSense_IdacCH0_SaveConfig, .-CapSense_IdacCH0_SaveConfig
 401              		.section	.text.CapSense_IdacCH0_RestoreConfig,"ax",%progbits
 402              		.align	2
 403              		.global	CapSense_IdacCH0_RestoreConfig
 404              		.thumb
 405              		.thumb_func
 406              		.type	CapSense_IdacCH0_RestoreConfig, %function
ARM GAS  C:\Users\JEFFSN~1\AppData\Local\Temp\cc5UW9Hf.s 			page 27


 407              	CapSense_IdacCH0_RestoreConfig:
 408              	.LFB1:
  43:Generated_Source\PSoC5/CapSense_IdacCH0_PM.c ****     }
  44:Generated_Source\PSoC5/CapSense_IdacCH0_PM.c **** }
  45:Generated_Source\PSoC5/CapSense_IdacCH0_PM.c **** 
  46:Generated_Source\PSoC5/CapSense_IdacCH0_PM.c **** 
  47:Generated_Source\PSoC5/CapSense_IdacCH0_PM.c **** /*******************************************************************************
  48:Generated_Source\PSoC5/CapSense_IdacCH0_PM.c **** * Function Name: CapSense_IdacCH0_RestoreConfig
  49:Generated_Source\PSoC5/CapSense_IdacCH0_PM.c **** ********************************************************************************
  50:Generated_Source\PSoC5/CapSense_IdacCH0_PM.c **** *
  51:Generated_Source\PSoC5/CapSense_IdacCH0_PM.c **** * Summary:
  52:Generated_Source\PSoC5/CapSense_IdacCH0_PM.c **** *  Restores the current user configuration.
  53:Generated_Source\PSoC5/CapSense_IdacCH0_PM.c **** *
  54:Generated_Source\PSoC5/CapSense_IdacCH0_PM.c **** * Parameters:
  55:Generated_Source\PSoC5/CapSense_IdacCH0_PM.c **** *  void
  56:Generated_Source\PSoC5/CapSense_IdacCH0_PM.c **** *
  57:Generated_Source\PSoC5/CapSense_IdacCH0_PM.c **** * Return:
  58:Generated_Source\PSoC5/CapSense_IdacCH0_PM.c **** *  void
  59:Generated_Source\PSoC5/CapSense_IdacCH0_PM.c **** *
  60:Generated_Source\PSoC5/CapSense_IdacCH0_PM.c **** *******************************************************************************/
  61:Generated_Source\PSoC5/CapSense_IdacCH0_PM.c **** void CapSense_IdacCH0_RestoreConfig(void) 
  62:Generated_Source\PSoC5/CapSense_IdacCH0_PM.c **** {
 409              		.loc 1 62 0
 410              		.cfi_startproc
 411              		@ args = 0, pretend = 0, frame = 0
 412              		@ frame_needed = 0, uses_anonymous_args = 0
 413              		@ link register save eliminated.
  63:Generated_Source\PSoC5/CapSense_IdacCH0_PM.c ****     if (!((CapSense_IdacCH0_CR1 & CapSense_IdacCH0_SRC_MASK) == CapSense_IdacCH0_SRC_UDB))
 414              		.loc 1 63 0
 415 0000 0C4B     		ldr	r3, .L10
 416 0002 1B78     		ldrb	r3, [r3]	@ zero_extendqisi2
 417 0004 9906     		lsls	r1, r3, #26
 418 0006 07D4     		bmi	.L6
  64:Generated_Source\PSoC5/CapSense_IdacCH0_PM.c ****     {
  65:Generated_Source\PSoC5/CapSense_IdacCH0_PM.c ****         if((CapSense_IdacCH0_Strobe & CapSense_IdacCH0_STRB_MASK) == CapSense_IdacCH0_STRB_EN)
 419              		.loc 1 65 0
 420 0008 0B4B     		ldr	r3, .L10+4
 421 000a 1A78     		ldrb	r2, [r3]	@ zero_extendqisi2
 422 000c 1207     		lsls	r2, r2, #28
 423 000e 04D4     		bmi	.L9
  66:Generated_Source\PSoC5/CapSense_IdacCH0_PM.c ****         {
  67:Generated_Source\PSoC5/CapSense_IdacCH0_PM.c ****             CapSense_IdacCH0_Strobe &= (uint8)(~CapSense_IdacCH0_STRB_MASK);
  68:Generated_Source\PSoC5/CapSense_IdacCH0_PM.c ****             CapSense_IdacCH0_Data = CapSense_IdacCH0_backup.data_value;
  69:Generated_Source\PSoC5/CapSense_IdacCH0_PM.c ****             CapSense_IdacCH0_Strobe |= CapSense_IdacCH0_STRB_EN;
  70:Generated_Source\PSoC5/CapSense_IdacCH0_PM.c ****         }
  71:Generated_Source\PSoC5/CapSense_IdacCH0_PM.c ****         else
  72:Generated_Source\PSoC5/CapSense_IdacCH0_PM.c ****         {
  73:Generated_Source\PSoC5/CapSense_IdacCH0_PM.c ****             CapSense_IdacCH0_Data = CapSense_IdacCH0_backup.data_value;
 424              		.loc 1 73 0
 425 0010 0A4A     		ldr	r2, .L10+8
 426 0012 0B4B     		ldr	r3, .L10+12
 427 0014 5278     		ldrb	r2, [r2, #1]	@ zero_extendqisi2
 428 0016 1A70     		strb	r2, [r3]
 429              	.L6:
 430 0018 7047     		bx	lr
 431              	.L9:
 432              	.LBB6:
ARM GAS  C:\Users\JEFFSN~1\AppData\Local\Temp\cc5UW9Hf.s 			page 28


 433              	.LBB7:
  68:Generated_Source\PSoC5/CapSense_IdacCH0_PM.c ****             CapSense_IdacCH0_Strobe |= CapSense_IdacCH0_STRB_EN;
 434              		.loc 1 68 0
 435 001a 0849     		ldr	r1, .L10+8
  67:Generated_Source\PSoC5/CapSense_IdacCH0_PM.c ****             CapSense_IdacCH0_Data = CapSense_IdacCH0_backup.data_value;
 436              		.loc 1 67 0
 437 001c 1A78     		ldrb	r2, [r3]	@ zero_extendqisi2
  68:Generated_Source\PSoC5/CapSense_IdacCH0_PM.c ****             CapSense_IdacCH0_Strobe |= CapSense_IdacCH0_STRB_EN;
 438              		.loc 1 68 0
 439 001e 4878     		ldrb	r0, [r1, #1]	@ zero_extendqisi2
 440 0020 0749     		ldr	r1, .L10+12
  67:Generated_Source\PSoC5/CapSense_IdacCH0_PM.c ****             CapSense_IdacCH0_Data = CapSense_IdacCH0_backup.data_value;
 441              		.loc 1 67 0
 442 0022 02F0F702 		and	r2, r2, #247
 443 0026 1A70     		strb	r2, [r3]
  68:Generated_Source\PSoC5/CapSense_IdacCH0_PM.c ****             CapSense_IdacCH0_Strobe |= CapSense_IdacCH0_STRB_EN;
 444              		.loc 1 68 0
 445 0028 0870     		strb	r0, [r1]
  69:Generated_Source\PSoC5/CapSense_IdacCH0_PM.c ****         }
 446              		.loc 1 69 0
 447 002a 1A78     		ldrb	r2, [r3]	@ zero_extendqisi2
 448 002c 42F00802 		orr	r2, r2, #8
 449 0030 1A70     		strb	r2, [r3]
 450 0032 7047     		bx	lr
 451              	.L11:
 452              		.align	2
 453              	.L10:
 454 0034 21580040 		.word	1073764385
 455 0038 875A0040 		.word	1073764999
 456 003c 00000000 		.word	.LANCHOR0
 457 0040 805B0040 		.word	1073765248
 458              	.LBE7:
 459              	.LBE6:
 460              		.cfi_endproc
 461              	.LFE1:
 462              		.size	CapSense_IdacCH0_RestoreConfig, .-CapSense_IdacCH0_RestoreConfig
 463              		.section	.text.CapSense_IdacCH0_Sleep,"ax",%progbits
 464              		.align	2
 465              		.global	CapSense_IdacCH0_Sleep
 466              		.thumb
 467              		.thumb_func
 468              		.type	CapSense_IdacCH0_Sleep, %function
 469              	CapSense_IdacCH0_Sleep:
 470              	.LFB2:
  74:Generated_Source\PSoC5/CapSense_IdacCH0_PM.c ****         }
  75:Generated_Source\PSoC5/CapSense_IdacCH0_PM.c ****     }
  76:Generated_Source\PSoC5/CapSense_IdacCH0_PM.c **** }
  77:Generated_Source\PSoC5/CapSense_IdacCH0_PM.c **** 
  78:Generated_Source\PSoC5/CapSense_IdacCH0_PM.c **** 
  79:Generated_Source\PSoC5/CapSense_IdacCH0_PM.c **** /*******************************************************************************
  80:Generated_Source\PSoC5/CapSense_IdacCH0_PM.c **** * Function Name: CapSense_IdacCH0_Sleep
  81:Generated_Source\PSoC5/CapSense_IdacCH0_PM.c **** ********************************************************************************
  82:Generated_Source\PSoC5/CapSense_IdacCH0_PM.c **** * Summary:
  83:Generated_Source\PSoC5/CapSense_IdacCH0_PM.c **** *  Stop and Save the user configuration
  84:Generated_Source\PSoC5/CapSense_IdacCH0_PM.c **** *
  85:Generated_Source\PSoC5/CapSense_IdacCH0_PM.c **** * Parameters:
  86:Generated_Source\PSoC5/CapSense_IdacCH0_PM.c **** *  void:
ARM GAS  C:\Users\JEFFSN~1\AppData\Local\Temp\cc5UW9Hf.s 			page 29


  87:Generated_Source\PSoC5/CapSense_IdacCH0_PM.c **** *
  88:Generated_Source\PSoC5/CapSense_IdacCH0_PM.c **** * Return:
  89:Generated_Source\PSoC5/CapSense_IdacCH0_PM.c **** *  void
  90:Generated_Source\PSoC5/CapSense_IdacCH0_PM.c **** *
  91:Generated_Source\PSoC5/CapSense_IdacCH0_PM.c **** * Global variables:
  92:Generated_Source\PSoC5/CapSense_IdacCH0_PM.c **** *  CapSense_IdacCH0_backup.enableState: Is modified depending on the enable 
  93:Generated_Source\PSoC5/CapSense_IdacCH0_PM.c **** *  state of the block before entering sleep mode.
  94:Generated_Source\PSoC5/CapSense_IdacCH0_PM.c **** *
  95:Generated_Source\PSoC5/CapSense_IdacCH0_PM.c **** *******************************************************************************/
  96:Generated_Source\PSoC5/CapSense_IdacCH0_PM.c **** void CapSense_IdacCH0_Sleep(void) 
  97:Generated_Source\PSoC5/CapSense_IdacCH0_PM.c **** {
 471              		.loc 1 97 0
 472              		.cfi_startproc
 473              		@ args = 0, pretend = 0, frame = 0
 474              		@ frame_needed = 0, uses_anonymous_args = 0
 475 0000 10B5     		push	{r4, lr}
 476              		.cfi_def_cfa_offset 8
 477              		.cfi_offset 4, -8
 478              		.cfi_offset 14, -4
  98:Generated_Source\PSoC5/CapSense_IdacCH0_PM.c ****     if(CapSense_IdacCH0_ACT_PWR_EN == (CapSense_IdacCH0_PWRMGR & CapSense_IdacCH0_ACT_PWR_EN))
 479              		.loc 1 98 0
 480 0002 084B     		ldr	r3, .L15
 481 0004 084C     		ldr	r4, .L15+4
 482 0006 1B78     		ldrb	r3, [r3]	@ zero_extendqisi2
 483 0008 03F00103 		and	r3, r3, #1
 484 000c 2370     		strb	r3, [r4]
  99:Generated_Source\PSoC5/CapSense_IdacCH0_PM.c ****     {
 100:Generated_Source\PSoC5/CapSense_IdacCH0_PM.c ****         /* IDAC8 is enabled */
 101:Generated_Source\PSoC5/CapSense_IdacCH0_PM.c ****         CapSense_IdacCH0_backup.enableState = 1u;
 102:Generated_Source\PSoC5/CapSense_IdacCH0_PM.c ****     }
 103:Generated_Source\PSoC5/CapSense_IdacCH0_PM.c ****     else
 104:Generated_Source\PSoC5/CapSense_IdacCH0_PM.c ****     {
 105:Generated_Source\PSoC5/CapSense_IdacCH0_PM.c ****         /* IDAC8 is disabled */
 106:Generated_Source\PSoC5/CapSense_IdacCH0_PM.c ****         CapSense_IdacCH0_backup.enableState = 0u;
 107:Generated_Source\PSoC5/CapSense_IdacCH0_PM.c ****     }
 108:Generated_Source\PSoC5/CapSense_IdacCH0_PM.c **** 
 109:Generated_Source\PSoC5/CapSense_IdacCH0_PM.c ****     CapSense_IdacCH0_Stop();
 485              		.loc 1 109 0
 486 000e FFF7FEFF 		bl	CapSense_IdacCH0_Stop
 487              	.LVL0:
 488              	.LBB8:
 489              	.LBB9:
  40:Generated_Source\PSoC5/CapSense_IdacCH0_PM.c ****     {
 490              		.loc 1 40 0
 491 0012 064B     		ldr	r3, .L15+8
 492 0014 1B78     		ldrb	r3, [r3]	@ zero_extendqisi2
 493 0016 9B06     		lsls	r3, r3, #26
 494 0018 02D4     		bmi	.L12
  42:Generated_Source\PSoC5/CapSense_IdacCH0_PM.c ****     }
 495              		.loc 1 42 0
 496 001a 054B     		ldr	r3, .L15+12
 497 001c 1B78     		ldrb	r3, [r3]	@ zero_extendqisi2
 498 001e 6370     		strb	r3, [r4, #1]
 499              	.L12:
 500 0020 10BD     		pop	{r4, pc}
 501              	.L16:
 502 0022 00BF     		.align	2
ARM GAS  C:\Users\JEFFSN~1\AppData\Local\Temp\cc5UW9Hf.s 			page 30


 503              	.L15:
 504 0024 A8430040 		.word	1073759144
 505 0028 00000000 		.word	.LANCHOR0
 506 002c 21580040 		.word	1073764385
 507 0030 805B0040 		.word	1073765248
 508              	.LBE9:
 509              	.LBE8:
 510              		.cfi_endproc
 511              	.LFE2:
 512              		.size	CapSense_IdacCH0_Sleep, .-CapSense_IdacCH0_Sleep
 513              		.section	.text.CapSense_IdacCH0_Wakeup,"ax",%progbits
 514              		.align	2
 515              		.global	CapSense_IdacCH0_Wakeup
 516              		.thumb
 517              		.thumb_func
 518              		.type	CapSense_IdacCH0_Wakeup, %function
 519              	CapSense_IdacCH0_Wakeup:
 520              	.LFB3:
 110:Generated_Source\PSoC5/CapSense_IdacCH0_PM.c ****     CapSense_IdacCH0_SaveConfig();
 111:Generated_Source\PSoC5/CapSense_IdacCH0_PM.c **** }
 112:Generated_Source\PSoC5/CapSense_IdacCH0_PM.c **** 
 113:Generated_Source\PSoC5/CapSense_IdacCH0_PM.c **** 
 114:Generated_Source\PSoC5/CapSense_IdacCH0_PM.c **** /*******************************************************************************
 115:Generated_Source\PSoC5/CapSense_IdacCH0_PM.c **** * Function Name: CapSense_IdacCH0_Wakeup
 116:Generated_Source\PSoC5/CapSense_IdacCH0_PM.c **** ********************************************************************************
 117:Generated_Source\PSoC5/CapSense_IdacCH0_PM.c **** *
 118:Generated_Source\PSoC5/CapSense_IdacCH0_PM.c **** * Summary:
 119:Generated_Source\PSoC5/CapSense_IdacCH0_PM.c **** *  Restores and enables the user configuration
 120:Generated_Source\PSoC5/CapSense_IdacCH0_PM.c **** *  
 121:Generated_Source\PSoC5/CapSense_IdacCH0_PM.c **** * Parameters:
 122:Generated_Source\PSoC5/CapSense_IdacCH0_PM.c **** *  void
 123:Generated_Source\PSoC5/CapSense_IdacCH0_PM.c **** *
 124:Generated_Source\PSoC5/CapSense_IdacCH0_PM.c **** * Return:
 125:Generated_Source\PSoC5/CapSense_IdacCH0_PM.c **** *  void
 126:Generated_Source\PSoC5/CapSense_IdacCH0_PM.c **** *
 127:Generated_Source\PSoC5/CapSense_IdacCH0_PM.c **** * Global variables:
 128:Generated_Source\PSoC5/CapSense_IdacCH0_PM.c **** *  CapSense_IdacCH0_backup.enableState: Is used to restore the enable state of 
 129:Generated_Source\PSoC5/CapSense_IdacCH0_PM.c **** *  block on wakeup from sleep mode.
 130:Generated_Source\PSoC5/CapSense_IdacCH0_PM.c **** *
 131:Generated_Source\PSoC5/CapSense_IdacCH0_PM.c **** *******************************************************************************/
 132:Generated_Source\PSoC5/CapSense_IdacCH0_PM.c **** void CapSense_IdacCH0_Wakeup(void) 
 133:Generated_Source\PSoC5/CapSense_IdacCH0_PM.c **** {
 521              		.loc 1 133 0
 522              		.cfi_startproc
 523              		@ args = 0, pretend = 0, frame = 0
 524              		@ frame_needed = 0, uses_anonymous_args = 0
 525 0000 08B5     		push	{r3, lr}
 526              		.cfi_def_cfa_offset 8
 527              		.cfi_offset 3, -8
 528              		.cfi_offset 14, -4
 529              	.LBB16:
 530              	.LBB17:
  63:Generated_Source\PSoC5/CapSense_IdacCH0_PM.c ****     {
 531              		.loc 1 63 0
 532 0002 144B     		ldr	r3, .L27
 533 0004 1B78     		ldrb	r3, [r3]	@ zero_extendqisi2
 534 0006 9A06     		lsls	r2, r3, #26
ARM GAS  C:\Users\JEFFSN~1\AppData\Local\Temp\cc5UW9Hf.s 			page 31


 535 0008 22D4     		bmi	.L24
  65:Generated_Source\PSoC5/CapSense_IdacCH0_PM.c ****         {
 536              		.loc 1 65 0
 537 000a 134A     		ldr	r2, .L27+4
 538 000c 1378     		ldrb	r3, [r2]	@ zero_extendqisi2
 539 000e 1B07     		lsls	r3, r3, #28
 540 0010 07D4     		bmi	.L25
  73:Generated_Source\PSoC5/CapSense_IdacCH0_PM.c ****         }
 541              		.loc 1 73 0
 542 0012 124B     		ldr	r3, .L27+8
 543 0014 124A     		ldr	r2, .L27+12
 544 0016 5978     		ldrb	r1, [r3, #1]	@ zero_extendqisi2
 545 0018 1170     		strb	r1, [r2]
 546              	.L18:
 547              	.LBE17:
 548              	.LBE16:
 134:Generated_Source\PSoC5/CapSense_IdacCH0_PM.c ****     CapSense_IdacCH0_RestoreConfig();
 135:Generated_Source\PSoC5/CapSense_IdacCH0_PM.c ****     
 136:Generated_Source\PSoC5/CapSense_IdacCH0_PM.c ****     if(CapSense_IdacCH0_backup.enableState == 1u)
 549              		.loc 1 136 0
 550 001a 1B78     		ldrb	r3, [r3]	@ zero_extendqisi2
 551 001c 012B     		cmp	r3, #1
 552 001e 0FD0     		beq	.L26
 553              	.L17:
 554 0020 08BD     		pop	{r3, pc}
 555              	.L25:
 556              	.LBB21:
 557              	.LBB20:
 558              	.LBB18:
 559              	.LBB19:
  67:Generated_Source\PSoC5/CapSense_IdacCH0_PM.c ****             CapSense_IdacCH0_Data = CapSense_IdacCH0_backup.data_value;
 560              		.loc 1 67 0
 561 0022 1178     		ldrb	r1, [r2]	@ zero_extendqisi2
  68:Generated_Source\PSoC5/CapSense_IdacCH0_PM.c ****             CapSense_IdacCH0_Strobe |= CapSense_IdacCH0_STRB_EN;
 562              		.loc 1 68 0
 563 0024 0D4B     		ldr	r3, .L27+8
  67:Generated_Source\PSoC5/CapSense_IdacCH0_PM.c ****             CapSense_IdacCH0_Data = CapSense_IdacCH0_backup.data_value;
 564              		.loc 1 67 0
 565 0026 01F0F701 		and	r1, r1, #247
 566 002a 1170     		strb	r1, [r2]
  68:Generated_Source\PSoC5/CapSense_IdacCH0_PM.c ****             CapSense_IdacCH0_Strobe |= CapSense_IdacCH0_STRB_EN;
 567              		.loc 1 68 0
 568 002c 5878     		ldrb	r0, [r3, #1]	@ zero_extendqisi2
 569 002e 0C49     		ldr	r1, .L27+12
 570 0030 0870     		strb	r0, [r1]
  69:Generated_Source\PSoC5/CapSense_IdacCH0_PM.c ****         }
 571              		.loc 1 69 0
 572 0032 1178     		ldrb	r1, [r2]	@ zero_extendqisi2
 573 0034 41F00801 		orr	r1, r1, #8
 574 0038 1170     		strb	r1, [r2]
 575              	.LBE19:
 576              	.LBE18:
 577              	.LBE20:
 578              	.LBE21:
 579              		.loc 1 136 0
 580 003a 1B78     		ldrb	r3, [r3]	@ zero_extendqisi2
 581 003c 012B     		cmp	r3, #1
ARM GAS  C:\Users\JEFFSN~1\AppData\Local\Temp\cc5UW9Hf.s 			page 32


 582 003e EFD1     		bne	.L17
 583              	.L26:
 584              	.LBB22:
 585              	.LBB23:
 137:Generated_Source\PSoC5/CapSense_IdacCH0_PM.c ****     {
 138:Generated_Source\PSoC5/CapSense_IdacCH0_PM.c ****         /* Enable IDAC8's operation */
 139:Generated_Source\PSoC5/CapSense_IdacCH0_PM.c ****         CapSense_IdacCH0_Enable();
 586              		.loc 1 139 0
 587 0040 FFF7FEFF 		bl	CapSense_IdacCH0_Enable
 588              	.LVL1:
 140:Generated_Source\PSoC5/CapSense_IdacCH0_PM.c ****         
 141:Generated_Source\PSoC5/CapSense_IdacCH0_PM.c ****         /* Set the data register */
 142:Generated_Source\PSoC5/CapSense_IdacCH0_PM.c ****         CapSense_IdacCH0_SetValue(CapSense_IdacCH0_Data);
 589              		.loc 1 142 0
 590 0044 064B     		ldr	r3, .L27+12
 591 0046 1878     		ldrb	r0, [r3]	@ zero_extendqisi2
 592              	.LBE23:
 593              	.LBE22:
 143:Generated_Source\PSoC5/CapSense_IdacCH0_PM.c ****     } /* Do nothing if IDAC8 was disabled before */    
 144:Generated_Source\PSoC5/CapSense_IdacCH0_PM.c **** }
 594              		.loc 1 144 0
 595 0048 BDE80840 		pop	{r3, lr}
 596              		.cfi_remember_state
 597              		.cfi_restore 14
 598              		.cfi_restore 3
 599              		.cfi_def_cfa_offset 0
 600              	.LBB25:
 601              	.LBB24:
 142:Generated_Source\PSoC5/CapSense_IdacCH0_PM.c ****     } /* Do nothing if IDAC8 was disabled before */    
 602              		.loc 1 142 0
 603 004c FFF7FEBF 		b	CapSense_IdacCH0_SetValue
 604              	.LVL2:
 605              	.L24:
 606              		.cfi_restore_state
 607 0050 024B     		ldr	r3, .L27+8
 608 0052 E2E7     		b	.L18
 609              	.L28:
 610              		.align	2
 611              	.L27:
 612 0054 21580040 		.word	1073764385
 613 0058 875A0040 		.word	1073764999
 614 005c 00000000 		.word	.LANCHOR0
 615 0060 805B0040 		.word	1073765248
 616              	.LBE24:
 617              	.LBE25:
 618              		.cfi_endproc
 619              	.LFE3:
 620              		.size	CapSense_IdacCH0_Wakeup, .-CapSense_IdacCH0_Wakeup
 621              		.bss
 622              		.align	2
 623              		.set	.LANCHOR0,. + 0
 624              		.type	CapSense_IdacCH0_backup, %object
 625              		.size	CapSense_IdacCH0_backup, 2
 626              	CapSense_IdacCH0_backup:
 627 0000 0000     		.space	2
 628              		.text
 629              	.Letext0:
ARM GAS  C:\Users\JEFFSN~1\AppData\Local\Temp\cc5UW9Hf.s 			page 33


 630              		.file 2 "Generated_Source\\PSoC5\\cytypes.h"
 631              		.file 3 "Generated_Source\\PSoC5\\CapSense_IdacCH0.h"
 632              		.section	.debug_info,"",%progbits
 633              	.Ldebug_info0:
 634 0000 91010000 		.4byte	0x191
 635 0004 0400     		.2byte	0x4
 636 0006 00000000 		.4byte	.Ldebug_abbrev0
 637 000a 04       		.byte	0x4
 638 000b 01       		.uleb128 0x1
 639 000c 88000000 		.4byte	.LASF23
 640 0010 0C       		.byte	0xc
 641 0011 EC010000 		.4byte	.LASF24
 642 0015 2C020000 		.4byte	.LASF25
 643 0019 18000000 		.4byte	.Ldebug_ranges0+0x18
 644 001d 00000000 		.4byte	0
 645 0021 00000000 		.4byte	.Ldebug_line0
 646 0025 02       		.uleb128 0x2
 647 0026 01       		.byte	0x1
 648 0027 06       		.byte	0x6
 649 0028 D7020000 		.4byte	.LASF0
 650 002c 02       		.uleb128 0x2
 651 002d 01       		.byte	0x1
 652 002e 08       		.byte	0x8
 653 002f 7A000000 		.4byte	.LASF1
 654 0033 02       		.uleb128 0x2
 655 0034 02       		.byte	0x2
 656 0035 05       		.byte	0x5
 657 0036 9B020000 		.4byte	.LASF2
 658 003a 02       		.uleb128 0x2
 659 003b 02       		.byte	0x2
 660 003c 07       		.byte	0x7
 661 003d 41010000 		.4byte	.LASF3
 662 0041 02       		.uleb128 0x2
 663 0042 04       		.byte	0x4
 664 0043 05       		.byte	0x5
 665 0044 C2020000 		.4byte	.LASF4
 666 0048 02       		.uleb128 0x2
 667 0049 04       		.byte	0x4
 668 004a 07       		.byte	0x7
 669 004b 2F010000 		.4byte	.LASF5
 670 004f 02       		.uleb128 0x2
 671 0050 08       		.byte	0x8
 672 0051 05       		.byte	0x5
 673 0052 19020000 		.4byte	.LASF6
 674 0056 02       		.uleb128 0x2
 675 0057 08       		.byte	0x8
 676 0058 07       		.byte	0x7
 677 0059 9E010000 		.4byte	.LASF7
 678 005d 03       		.uleb128 0x3
 679 005e 04       		.byte	0x4
 680 005f 05       		.byte	0x5
 681 0060 696E7400 		.ascii	"int\000"
 682 0064 02       		.uleb128 0x2
 683 0065 04       		.byte	0x4
 684 0066 07       		.byte	0x7
 685 0067 79010000 		.4byte	.LASF8
 686 006b 04       		.uleb128 0x4
ARM GAS  C:\Users\JEFFSN~1\AppData\Local\Temp\cc5UW9Hf.s 			page 34


 687 006c A5020000 		.4byte	.LASF12
 688 0070 02       		.byte	0x2
 689 0071 E401     		.2byte	0x1e4
 690 0073 2C000000 		.4byte	0x2c
 691 0077 02       		.uleb128 0x2
 692 0078 04       		.byte	0x4
 693 0079 04       		.byte	0x4
 694 007a 74000000 		.4byte	.LASF9
 695 007e 02       		.uleb128 0x2
 696 007f 08       		.byte	0x8
 697 0080 04       		.byte	0x4
 698 0081 54010000 		.4byte	.LASF10
 699 0085 02       		.uleb128 0x2
 700 0086 01       		.byte	0x1
 701 0087 08       		.byte	0x8
 702 0088 27020000 		.4byte	.LASF11
 703 008c 04       		.uleb128 0x4
 704 008d CF010000 		.4byte	.LASF13
 705 0091 02       		.byte	0x2
 706 0092 8E02     		.2byte	0x28e
 707 0094 98000000 		.4byte	0x98
 708 0098 05       		.uleb128 0x5
 709 0099 6B000000 		.4byte	0x6b
 710 009d 06       		.uleb128 0x6
 711 009e 02       		.byte	0x2
 712 009f 03       		.byte	0x3
 713 00a0 25       		.byte	0x25
 714 00a1 BE000000 		.4byte	0xbe
 715 00a5 07       		.uleb128 0x7
 716 00a6 CB020000 		.4byte	.LASF14
 717 00aa 03       		.byte	0x3
 718 00ab 27       		.byte	0x27
 719 00ac 6B000000 		.4byte	0x6b
 720 00b0 00       		.byte	0
 721 00b1 07       		.uleb128 0x7
 722 00b2 16000000 		.4byte	.LASF15
 723 00b6 03       		.byte	0x3
 724 00b7 28       		.byte	0x28
 725 00b8 6B000000 		.4byte	0x6b
 726 00bc 01       		.byte	0x1
 727 00bd 00       		.byte	0
 728 00be 08       		.uleb128 0x8
 729 00bf 5B010000 		.4byte	.LASF16
 730 00c3 03       		.byte	0x3
 731 00c4 29       		.byte	0x29
 732 00c5 9D000000 		.4byte	0x9d
 733 00c9 09       		.uleb128 0x9
 734 00ca 55000000 		.4byte	.LASF17
 735 00ce 01       		.byte	0x1
 736 00cf 3D       		.byte	0x3d
 737 00d0 01       		.byte	0x1
 738 00d1 09       		.uleb128 0x9
 739 00d2 21000000 		.4byte	.LASF18
 740 00d6 01       		.byte	0x1
 741 00d7 26       		.byte	0x26
 742 00d8 01       		.byte	0x1
 743 00d9 09       		.uleb128 0x9
ARM GAS  C:\Users\JEFFSN~1\AppData\Local\Temp\cc5UW9Hf.s 			page 35


 744 00da D4010000 		.4byte	.LASF19
 745 00de 01       		.byte	0x1
 746 00df 84       		.byte	0x84
 747 00e0 01       		.byte	0x1
 748 00e1 0A       		.uleb128 0xa
 749 00e2 D1000000 		.4byte	0xd1
 750 00e6 00000000 		.4byte	.LFB0
 751 00ea 20000000 		.4byte	.LFE0-.LFB0
 752 00ee 01       		.uleb128 0x1
 753 00ef 9C       		.byte	0x9c
 754 00f0 0A       		.uleb128 0xa
 755 00f1 C9000000 		.4byte	0xc9
 756 00f5 00000000 		.4byte	.LFB1
 757 00f9 44000000 		.4byte	.LFE1-.LFB1
 758 00fd 01       		.uleb128 0x1
 759 00fe 9C       		.byte	0x9c
 760 00ff 0B       		.uleb128 0xb
 761 0100 AB020000 		.4byte	.LASF26
 762 0104 01       		.byte	0x1
 763 0105 60       		.byte	0x60
 764 0106 00000000 		.4byte	.LFB2
 765 010a 34000000 		.4byte	.LFE2-.LFB2
 766 010e 01       		.uleb128 0x1
 767 010f 9C       		.byte	0x9c
 768 0110 2D010000 		.4byte	0x12d
 769 0114 0C       		.uleb128 0xc
 770 0115 D1000000 		.4byte	0xd1
 771 0119 12000000 		.4byte	.LBB8
 772 011d 22000000 		.4byte	.LBE8-.LBB8
 773 0121 01       		.byte	0x1
 774 0122 6E       		.byte	0x6e
 775 0123 0D       		.uleb128 0xd
 776 0124 12000000 		.4byte	.LVL0
 777 0128 73010000 		.4byte	0x173
 778 012c 00       		.byte	0
 779 012d 0E       		.uleb128 0xe
 780 012e D9000000 		.4byte	0xd9
 781 0132 00000000 		.4byte	.LFB3
 782 0136 64000000 		.4byte	.LFE3-.LFB3
 783 013a 01       		.uleb128 0x1
 784 013b 9C       		.byte	0x9c
 785 013c 62010000 		.4byte	0x162
 786 0140 0F       		.uleb128 0xf
 787 0141 C9000000 		.4byte	0xc9
 788 0145 02000000 		.4byte	.LBB16
 789 0149 00000000 		.4byte	.Ldebug_ranges0+0
 790 014d 01       		.byte	0x1
 791 014e 86       		.byte	0x86
 792 014f 0D       		.uleb128 0xd
 793 0150 44000000 		.4byte	.LVL1
 794 0154 7E010000 		.4byte	0x17e
 795 0158 10       		.uleb128 0x10
 796 0159 50000000 		.4byte	.LVL2
 797 015d 89010000 		.4byte	0x189
 798 0161 00       		.byte	0
 799 0162 11       		.uleb128 0x11
 800 0163 86010000 		.4byte	.LASF27
ARM GAS  C:\Users\JEFFSN~1\AppData\Local\Temp\cc5UW9Hf.s 			page 36


 801 0167 01       		.byte	0x1
 802 0168 16       		.byte	0x16
 803 0169 BE000000 		.4byte	0xbe
 804 016d 05       		.uleb128 0x5
 805 016e 03       		.byte	0x3
 806 016f 00000000 		.4byte	CapSense_IdacCH0_backup
 807 0173 12       		.uleb128 0x12
 808 0174 00000000 		.4byte	.LASF20
 809 0178 00000000 		.4byte	.LASF20
 810 017c 03       		.byte	0x3
 811 017d 3D       		.byte	0x3d
 812 017e 12       		.uleb128 0x12
 813 017f 3D000000 		.4byte	.LASF21
 814 0183 3D000000 		.4byte	.LASF21
 815 0187 03       		.byte	0x3
 816 0188 46       		.byte	0x46
 817 0189 12       		.uleb128 0x12
 818 018a B5010000 		.4byte	.LASF22
 819 018e B5010000 		.4byte	.LASF22
 820 0192 03       		.byte	0x3
 821 0193 41       		.byte	0x41
 822 0194 00       		.byte	0
 823              		.section	.debug_abbrev,"",%progbits
 824              	.Ldebug_abbrev0:
 825 0000 01       		.uleb128 0x1
 826 0001 11       		.uleb128 0x11
 827 0002 01       		.byte	0x1
 828 0003 25       		.uleb128 0x25
 829 0004 0E       		.uleb128 0xe
 830 0005 13       		.uleb128 0x13
 831 0006 0B       		.uleb128 0xb
 832 0007 03       		.uleb128 0x3
 833 0008 0E       		.uleb128 0xe
 834 0009 1B       		.uleb128 0x1b
 835 000a 0E       		.uleb128 0xe
 836 000b 55       		.uleb128 0x55
 837 000c 17       		.uleb128 0x17
 838 000d 11       		.uleb128 0x11
 839 000e 01       		.uleb128 0x1
 840 000f 10       		.uleb128 0x10
 841 0010 17       		.uleb128 0x17
 842 0011 00       		.byte	0
 843 0012 00       		.byte	0
 844 0013 02       		.uleb128 0x2
 845 0014 24       		.uleb128 0x24
 846 0015 00       		.byte	0
 847 0016 0B       		.uleb128 0xb
 848 0017 0B       		.uleb128 0xb
 849 0018 3E       		.uleb128 0x3e
 850 0019 0B       		.uleb128 0xb
 851 001a 03       		.uleb128 0x3
 852 001b 0E       		.uleb128 0xe
 853 001c 00       		.byte	0
 854 001d 00       		.byte	0
 855 001e 03       		.uleb128 0x3
 856 001f 24       		.uleb128 0x24
 857 0020 00       		.byte	0
ARM GAS  C:\Users\JEFFSN~1\AppData\Local\Temp\cc5UW9Hf.s 			page 37


 858 0021 0B       		.uleb128 0xb
 859 0022 0B       		.uleb128 0xb
 860 0023 3E       		.uleb128 0x3e
 861 0024 0B       		.uleb128 0xb
 862 0025 03       		.uleb128 0x3
 863 0026 08       		.uleb128 0x8
 864 0027 00       		.byte	0
 865 0028 00       		.byte	0
 866 0029 04       		.uleb128 0x4
 867 002a 16       		.uleb128 0x16
 868 002b 00       		.byte	0
 869 002c 03       		.uleb128 0x3
 870 002d 0E       		.uleb128 0xe
 871 002e 3A       		.uleb128 0x3a
 872 002f 0B       		.uleb128 0xb
 873 0030 3B       		.uleb128 0x3b
 874 0031 05       		.uleb128 0x5
 875 0032 49       		.uleb128 0x49
 876 0033 13       		.uleb128 0x13
 877 0034 00       		.byte	0
 878 0035 00       		.byte	0
 879 0036 05       		.uleb128 0x5
 880 0037 35       		.uleb128 0x35
 881 0038 00       		.byte	0
 882 0039 49       		.uleb128 0x49
 883 003a 13       		.uleb128 0x13
 884 003b 00       		.byte	0
 885 003c 00       		.byte	0
 886 003d 06       		.uleb128 0x6
 887 003e 13       		.uleb128 0x13
 888 003f 01       		.byte	0x1
 889 0040 0B       		.uleb128 0xb
 890 0041 0B       		.uleb128 0xb
 891 0042 3A       		.uleb128 0x3a
 892 0043 0B       		.uleb128 0xb
 893 0044 3B       		.uleb128 0x3b
 894 0045 0B       		.uleb128 0xb
 895 0046 01       		.uleb128 0x1
 896 0047 13       		.uleb128 0x13
 897 0048 00       		.byte	0
 898 0049 00       		.byte	0
 899 004a 07       		.uleb128 0x7
 900 004b 0D       		.uleb128 0xd
 901 004c 00       		.byte	0
 902 004d 03       		.uleb128 0x3
 903 004e 0E       		.uleb128 0xe
 904 004f 3A       		.uleb128 0x3a
 905 0050 0B       		.uleb128 0xb
 906 0051 3B       		.uleb128 0x3b
 907 0052 0B       		.uleb128 0xb
 908 0053 49       		.uleb128 0x49
 909 0054 13       		.uleb128 0x13
 910 0055 38       		.uleb128 0x38
 911 0056 0B       		.uleb128 0xb
 912 0057 00       		.byte	0
 913 0058 00       		.byte	0
 914 0059 08       		.uleb128 0x8
ARM GAS  C:\Users\JEFFSN~1\AppData\Local\Temp\cc5UW9Hf.s 			page 38


 915 005a 16       		.uleb128 0x16
 916 005b 00       		.byte	0
 917 005c 03       		.uleb128 0x3
 918 005d 0E       		.uleb128 0xe
 919 005e 3A       		.uleb128 0x3a
 920 005f 0B       		.uleb128 0xb
 921 0060 3B       		.uleb128 0x3b
 922 0061 0B       		.uleb128 0xb
 923 0062 49       		.uleb128 0x49
 924 0063 13       		.uleb128 0x13
 925 0064 00       		.byte	0
 926 0065 00       		.byte	0
 927 0066 09       		.uleb128 0x9
 928 0067 2E       		.uleb128 0x2e
 929 0068 00       		.byte	0
 930 0069 3F       		.uleb128 0x3f
 931 006a 19       		.uleb128 0x19
 932 006b 03       		.uleb128 0x3
 933 006c 0E       		.uleb128 0xe
 934 006d 3A       		.uleb128 0x3a
 935 006e 0B       		.uleb128 0xb
 936 006f 3B       		.uleb128 0x3b
 937 0070 0B       		.uleb128 0xb
 938 0071 27       		.uleb128 0x27
 939 0072 19       		.uleb128 0x19
 940 0073 20       		.uleb128 0x20
 941 0074 0B       		.uleb128 0xb
 942 0075 00       		.byte	0
 943 0076 00       		.byte	0
 944 0077 0A       		.uleb128 0xa
 945 0078 2E       		.uleb128 0x2e
 946 0079 00       		.byte	0
 947 007a 31       		.uleb128 0x31
 948 007b 13       		.uleb128 0x13
 949 007c 11       		.uleb128 0x11
 950 007d 01       		.uleb128 0x1
 951 007e 12       		.uleb128 0x12
 952 007f 06       		.uleb128 0x6
 953 0080 40       		.uleb128 0x40
 954 0081 18       		.uleb128 0x18
 955 0082 9742     		.uleb128 0x2117
 956 0084 19       		.uleb128 0x19
 957 0085 00       		.byte	0
 958 0086 00       		.byte	0
 959 0087 0B       		.uleb128 0xb
 960 0088 2E       		.uleb128 0x2e
 961 0089 01       		.byte	0x1
 962 008a 3F       		.uleb128 0x3f
 963 008b 19       		.uleb128 0x19
 964 008c 03       		.uleb128 0x3
 965 008d 0E       		.uleb128 0xe
 966 008e 3A       		.uleb128 0x3a
 967 008f 0B       		.uleb128 0xb
 968 0090 3B       		.uleb128 0x3b
 969 0091 0B       		.uleb128 0xb
 970 0092 27       		.uleb128 0x27
 971 0093 19       		.uleb128 0x19
ARM GAS  C:\Users\JEFFSN~1\AppData\Local\Temp\cc5UW9Hf.s 			page 39


 972 0094 11       		.uleb128 0x11
 973 0095 01       		.uleb128 0x1
 974 0096 12       		.uleb128 0x12
 975 0097 06       		.uleb128 0x6
 976 0098 40       		.uleb128 0x40
 977 0099 18       		.uleb128 0x18
 978 009a 9742     		.uleb128 0x2117
 979 009c 19       		.uleb128 0x19
 980 009d 01       		.uleb128 0x1
 981 009e 13       		.uleb128 0x13
 982 009f 00       		.byte	0
 983 00a0 00       		.byte	0
 984 00a1 0C       		.uleb128 0xc
 985 00a2 1D       		.uleb128 0x1d
 986 00a3 00       		.byte	0
 987 00a4 31       		.uleb128 0x31
 988 00a5 13       		.uleb128 0x13
 989 00a6 11       		.uleb128 0x11
 990 00a7 01       		.uleb128 0x1
 991 00a8 12       		.uleb128 0x12
 992 00a9 06       		.uleb128 0x6
 993 00aa 58       		.uleb128 0x58
 994 00ab 0B       		.uleb128 0xb
 995 00ac 59       		.uleb128 0x59
 996 00ad 0B       		.uleb128 0xb
 997 00ae 00       		.byte	0
 998 00af 00       		.byte	0
 999 00b0 0D       		.uleb128 0xd
 1000 00b1 898201   		.uleb128 0x4109
 1001 00b4 00       		.byte	0
 1002 00b5 11       		.uleb128 0x11
 1003 00b6 01       		.uleb128 0x1
 1004 00b7 31       		.uleb128 0x31
 1005 00b8 13       		.uleb128 0x13
 1006 00b9 00       		.byte	0
 1007 00ba 00       		.byte	0
 1008 00bb 0E       		.uleb128 0xe
 1009 00bc 2E       		.uleb128 0x2e
 1010 00bd 01       		.byte	0x1
 1011 00be 31       		.uleb128 0x31
 1012 00bf 13       		.uleb128 0x13
 1013 00c0 11       		.uleb128 0x11
 1014 00c1 01       		.uleb128 0x1
 1015 00c2 12       		.uleb128 0x12
 1016 00c3 06       		.uleb128 0x6
 1017 00c4 40       		.uleb128 0x40
 1018 00c5 18       		.uleb128 0x18
 1019 00c6 9742     		.uleb128 0x2117
 1020 00c8 19       		.uleb128 0x19
 1021 00c9 01       		.uleb128 0x1
 1022 00ca 13       		.uleb128 0x13
 1023 00cb 00       		.byte	0
 1024 00cc 00       		.byte	0
 1025 00cd 0F       		.uleb128 0xf
 1026 00ce 1D       		.uleb128 0x1d
 1027 00cf 00       		.byte	0
 1028 00d0 31       		.uleb128 0x31
ARM GAS  C:\Users\JEFFSN~1\AppData\Local\Temp\cc5UW9Hf.s 			page 40


 1029 00d1 13       		.uleb128 0x13
 1030 00d2 52       		.uleb128 0x52
 1031 00d3 01       		.uleb128 0x1
 1032 00d4 55       		.uleb128 0x55
 1033 00d5 17       		.uleb128 0x17
 1034 00d6 58       		.uleb128 0x58
 1035 00d7 0B       		.uleb128 0xb
 1036 00d8 59       		.uleb128 0x59
 1037 00d9 0B       		.uleb128 0xb
 1038 00da 00       		.byte	0
 1039 00db 00       		.byte	0
 1040 00dc 10       		.uleb128 0x10
 1041 00dd 898201   		.uleb128 0x4109
 1042 00e0 00       		.byte	0
 1043 00e1 11       		.uleb128 0x11
 1044 00e2 01       		.uleb128 0x1
 1045 00e3 9542     		.uleb128 0x2115
 1046 00e5 19       		.uleb128 0x19
 1047 00e6 31       		.uleb128 0x31
 1048 00e7 13       		.uleb128 0x13
 1049 00e8 00       		.byte	0
 1050 00e9 00       		.byte	0
 1051 00ea 11       		.uleb128 0x11
 1052 00eb 34       		.uleb128 0x34
 1053 00ec 00       		.byte	0
 1054 00ed 03       		.uleb128 0x3
 1055 00ee 0E       		.uleb128 0xe
 1056 00ef 3A       		.uleb128 0x3a
 1057 00f0 0B       		.uleb128 0xb
 1058 00f1 3B       		.uleb128 0x3b
 1059 00f2 0B       		.uleb128 0xb
 1060 00f3 49       		.uleb128 0x49
 1061 00f4 13       		.uleb128 0x13
 1062 00f5 02       		.uleb128 0x2
 1063 00f6 18       		.uleb128 0x18
 1064 00f7 00       		.byte	0
 1065 00f8 00       		.byte	0
 1066 00f9 12       		.uleb128 0x12
 1067 00fa 2E       		.uleb128 0x2e
 1068 00fb 00       		.byte	0
 1069 00fc 3F       		.uleb128 0x3f
 1070 00fd 19       		.uleb128 0x19
 1071 00fe 3C       		.uleb128 0x3c
 1072 00ff 19       		.uleb128 0x19
 1073 0100 6E       		.uleb128 0x6e
 1074 0101 0E       		.uleb128 0xe
 1075 0102 03       		.uleb128 0x3
 1076 0103 0E       		.uleb128 0xe
 1077 0104 3A       		.uleb128 0x3a
 1078 0105 0B       		.uleb128 0xb
 1079 0106 3B       		.uleb128 0x3b
 1080 0107 0B       		.uleb128 0xb
 1081 0108 00       		.byte	0
 1082 0109 00       		.byte	0
 1083 010a 00       		.byte	0
 1084              		.section	.debug_aranges,"",%progbits
 1085 0000 34000000 		.4byte	0x34
ARM GAS  C:\Users\JEFFSN~1\AppData\Local\Temp\cc5UW9Hf.s 			page 41


 1086 0004 0200     		.2byte	0x2
 1087 0006 00000000 		.4byte	.Ldebug_info0
 1088 000a 04       		.byte	0x4
 1089 000b 00       		.byte	0
 1090 000c 0000     		.2byte	0
 1091 000e 0000     		.2byte	0
 1092 0010 00000000 		.4byte	.LFB0
 1093 0014 20000000 		.4byte	.LFE0-.LFB0
 1094 0018 00000000 		.4byte	.LFB1
 1095 001c 44000000 		.4byte	.LFE1-.LFB1
 1096 0020 00000000 		.4byte	.LFB2
 1097 0024 34000000 		.4byte	.LFE2-.LFB2
 1098 0028 00000000 		.4byte	.LFB3
 1099 002c 64000000 		.4byte	.LFE3-.LFB3
 1100 0030 00000000 		.4byte	0
 1101 0034 00000000 		.4byte	0
 1102              		.section	.debug_ranges,"",%progbits
 1103              	.Ldebug_ranges0:
 1104 0000 02000000 		.4byte	.LBB16
 1105 0004 1A000000 		.4byte	.LBE16
 1106 0008 22000000 		.4byte	.LBB21
 1107 000c 3A000000 		.4byte	.LBE21
 1108 0010 00000000 		.4byte	0
 1109 0014 00000000 		.4byte	0
 1110 0018 00000000 		.4byte	.LFB0
 1111 001c 20000000 		.4byte	.LFE0
 1112 0020 00000000 		.4byte	.LFB1
 1113 0024 44000000 		.4byte	.LFE1
 1114 0028 00000000 		.4byte	.LFB2
 1115 002c 34000000 		.4byte	.LFE2
 1116 0030 00000000 		.4byte	.LFB3
 1117 0034 64000000 		.4byte	.LFE3
 1118 0038 00000000 		.4byte	0
 1119 003c 00000000 		.4byte	0
 1120              		.section	.debug_line,"",%progbits
 1121              	.Ldebug_line0:
 1122 0000 D7000000 		.section	.debug_str,"MS",%progbits,1
 1122      02006600 
 1122      00000201 
 1122      FB0E0D00 
 1122      01010101 
 1123              	.LASF20:
 1124 0000 43617053 		.ascii	"CapSense_IdacCH0_Stop\000"
 1124      656E7365 
 1124      5F496461 
 1124      63434830 
 1124      5F53746F 
 1125              	.LASF15:
 1126 0016 64617461 		.ascii	"data_value\000"
 1126      5F76616C 
 1126      756500
 1127              	.LASF18:
 1128 0021 43617053 		.ascii	"CapSense_IdacCH0_SaveConfig\000"
 1128      656E7365 
 1128      5F496461 
 1128      63434830 
 1128      5F536176 
ARM GAS  C:\Users\JEFFSN~1\AppData\Local\Temp\cc5UW9Hf.s 			page 42


 1129              	.LASF21:
 1130 003d 43617053 		.ascii	"CapSense_IdacCH0_Enable\000"
 1130      656E7365 
 1130      5F496461 
 1130      63434830 
 1130      5F456E61 
 1131              	.LASF17:
 1132 0055 43617053 		.ascii	"CapSense_IdacCH0_RestoreConfig\000"
 1132      656E7365 
 1132      5F496461 
 1132      63434830 
 1132      5F526573 
 1133              	.LASF9:
 1134 0074 666C6F61 		.ascii	"float\000"
 1134      7400
 1135              	.LASF1:
 1136 007a 756E7369 		.ascii	"unsigned char\000"
 1136      676E6564 
 1136      20636861 
 1136      7200
 1137              	.LASF23:
 1138 0088 474E5520 		.ascii	"GNU C11 5.4.1 20160609 (release) [ARM/embedded-5-br"
 1138      43313120 
 1138      352E342E 
 1138      31203230 
 1138      31363036 
 1139 00bb 616E6368 		.ascii	"anch revision 237715] -mcpu=cortex-m3 -mthumb -g -O"
 1139      20726576 
 1139      6973696F 
 1139      6E203233 
 1139      37373135 
 1140 00ee 33202D66 		.ascii	"3 -ffunction-sections -ffat-lto-objects -finline-fu"
 1140      66756E63 
 1140      74696F6E 
 1140      2D736563 
 1140      74696F6E 
 1141 0121 6E637469 		.ascii	"nctions -flto\000"
 1141      6F6E7320 
 1141      2D666C74 
 1141      6F00
 1142              	.LASF5:
 1143 012f 6C6F6E67 		.ascii	"long unsigned int\000"
 1143      20756E73 
 1143      69676E65 
 1143      6420696E 
 1143      7400
 1144              	.LASF3:
 1145 0141 73686F72 		.ascii	"short unsigned int\000"
 1145      7420756E 
 1145      7369676E 
 1145      65642069 
 1145      6E7400
 1146              	.LASF10:
 1147 0154 646F7562 		.ascii	"double\000"
 1147      6C6500
 1148              	.LASF16:
 1149 015b 43617053 		.ascii	"CapSense_IdacCH0_backupStruct\000"
ARM GAS  C:\Users\JEFFSN~1\AppData\Local\Temp\cc5UW9Hf.s 			page 43


 1149      656E7365 
 1149      5F496461 
 1149      63434830 
 1149      5F626163 
 1150              	.LASF8:
 1151 0179 756E7369 		.ascii	"unsigned int\000"
 1151      676E6564 
 1151      20696E74 
 1151      00
 1152              	.LASF27:
 1153 0186 43617053 		.ascii	"CapSense_IdacCH0_backup\000"
 1153      656E7365 
 1153      5F496461 
 1153      63434830 
 1153      5F626163 
 1154              	.LASF7:
 1155 019e 6C6F6E67 		.ascii	"long long unsigned int\000"
 1155      206C6F6E 
 1155      6720756E 
 1155      7369676E 
 1155      65642069 
 1156              	.LASF22:
 1157 01b5 43617053 		.ascii	"CapSense_IdacCH0_SetValue\000"
 1157      656E7365 
 1157      5F496461 
 1157      63434830 
 1157      5F536574 
 1158              	.LASF13:
 1159 01cf 72656738 		.ascii	"reg8\000"
 1159      00
 1160              	.LASF19:
 1161 01d4 43617053 		.ascii	"CapSense_IdacCH0_Wakeup\000"
 1161      656E7365 
 1161      5F496461 
 1161      63434830 
 1161      5F57616B 
 1162              	.LASF24:
 1163 01ec 47656E65 		.ascii	"Generated_Source\\PSoC5\\CapSense_IdacCH0_PM.c\000"
 1163      72617465 
 1163      645F536F 
 1163      75726365 
 1163      5C50536F 
 1164              	.LASF6:
 1165 0219 6C6F6E67 		.ascii	"long long int\000"
 1165      206C6F6E 
 1165      6720696E 
 1165      7400
 1166              	.LASF11:
 1167 0227 63686172 		.ascii	"char\000"
 1167      00
 1168              	.LASF25:
 1169 022c 433A5C55 		.ascii	"C:\\Users\\JeffSnyder\\dev\\Electrobass_embedded\\P"
 1169      73657273 
 1169      5C4A6566 
 1169      66536E79 
 1169      6465725C 
 1170 025a 534F4335 		.ascii	"SOC5_electrobass_stringsensors\\CE210514_PSOC3_5_Th"
ARM GAS  C:\Users\JEFFSN~1\AppData\Local\Temp\cc5UW9Hf.s 			page 44


 1170      5F656C65 
 1170      6374726F 
 1170      62617373 
 1170      5F737472 
 1171 028c 65726D69 		.ascii	"ermistor.cydsn\000"
 1171      73746F72 
 1171      2E637964 
 1171      736E00
 1172              	.LASF2:
 1173 029b 73686F72 		.ascii	"short int\000"
 1173      7420696E 
 1173      7400
 1174              	.LASF12:
 1175 02a5 75696E74 		.ascii	"uint8\000"
 1175      3800
 1176              	.LASF26:
 1177 02ab 43617053 		.ascii	"CapSense_IdacCH0_Sleep\000"
 1177      656E7365 
 1177      5F496461 
 1177      63434830 
 1177      5F536C65 
 1178              	.LASF4:
 1179 02c2 6C6F6E67 		.ascii	"long int\000"
 1179      20696E74 
 1179      00
 1180              	.LASF14:
 1181 02cb 656E6162 		.ascii	"enableState\000"
 1181      6C655374 
 1181      61746500 
 1182              	.LASF0:
 1183 02d7 7369676E 		.ascii	"signed char\000"
 1183      65642063 
 1183      68617200 
 1184              		.comm	__gnu_lto_v1,1,1
 1185              		.ident	"GCC: (GNU Tools for ARM Embedded Processors) 5.4.1 20160609 (release) [ARM/embedded-5-bran
