ARM GAS  C:\Users\JEFFSN~1\AppData\Local\Temp\ccNd4Aeh.s 			page 1


   1              		.syntax unified
   2              		.cpu cortex-m3
   3              		.fpu softvfp
   4              		.eabi_attribute 20, 1
   5              		.eabi_attribute 21, 1
   6              		.eabi_attribute 23, 3
   7              		.eabi_attribute 24, 1
   8              		.eabi_attribute 25, 1
   9              		.eabi_attribute 26, 1
  10              		.eabi_attribute 30, 1
  11              		.eabi_attribute 34, 1
  12              		.eabi_attribute 18, 4
  13              		.thumb
  14              		.syntax unified
  15              		.file	"cv_pedal.c"
  16              		.text
  17              	.Ltext0:
  18              		.section	.gnu.lto_.profile.ed0dd54a,"",%progbits
  19 0000 789C6361 		.ascii	"x\234ca`d`a`\000\222\222\242\000\000\261\0009"
  19      60646061 
  19      60009292 
  19      A20000B1 
  19      0039
  20              		.text
  21              		.section	.gnu.lto_.inline.ed0dd54a,"",%progbits
  22 0000 789C6361 		.ascii	"x\234ca`d\000\001?\006\004`a`\340\344`d`\342y\020\313"
  22      60640001 
  22      3F060460 
  22      6160E0E4 
  22      606460E2 
  23 0017 C0B6409E 		.ascii	"\300\266@\236\011$\306\310\300\301\016\024\342\232\340"
  23      0924C6C8 
  23      C0C10E14 
  23      E29AE0
  24 0026 07176262 		.ascii	"\007\027bb`c\005\012\261}\320\203\0131c\0121\000\000"
  24      6063050A 
  24      B17DD083 
  24      0B31630A 
  24      310000
  25 0039 537C0835 		.ascii	"S|\0105"
  26              		.text
  27              		.section	.gnu.lto_.jmpfuncs.ed0dd54a,"",%progbits
  28 0000 789C6361 		.ascii	"x\234ca`d\000\001>\006\004`\001b\240(\023\003\0033\220"
  28      60640001 
  28      3E060460 
  28      0162A028 
  28      13030333 
  29 0015 05000292 		.ascii	"\005\000\002\222\000\036"
  29      001E
  30              		.text
  31              		.section	.gnu.lto_.pureconst.ed0dd54a,"",%progbits
  32 0000 789C6361 		.ascii	"x\234ca`d\340d```a\220b\224b\222b\226\002\000\002\261"
  32      6064E064 
  32      60606061 
  32      90629462 
  32      92629602 
  33 0017 0081     		.ascii	"\000\201"
ARM GAS  C:\Users\JEFFSN~1\AppData\Local\Temp\ccNd4Aeh.s 			page 2


  34              		.text
  35              		.section	.gnu.lto_cv_pedal_Write.ed0dd54a,"",%progbits
  36 0000 789C5551 		.ascii	"x\234UQ;K\034Q\024>\337\275\363\360\221\204\364\331"
  36      3B4B1C51 
  36      143EDFBD 
  36      F3F09184 
  36      F4D9
  37 0012 4284454C 		.ascii	"B\204EL \004\202\177 )l\203\266\013\262\254S\010\032"
  37      2004827F 
  37      20296C83 
  37      B60BB2AC 
  37      53081A
  38 0025 45575BEF 		.ascii	"EW[\357\270\017\301\312&.\202\017\330 \232\207\272j"
  38      B80FC1CA 
  38      262E820F 
  38      D8209A87 
  38      BA6A
  39 0037 1562314C 		.ascii	"\025b1L\031\305\020\260\311\203 \026\023H\221lH\026"
  39      19C510B0 
  39      C9832016 
  39      1348916C 
  39      4816
  40 0049 259A6CCE 		.ascii	"%\232l\316\231i\342\201\373\2303\337\367\235\357\234"
  40      9969E281 
  40      FB9833DF 
  40      F79DEF9C 
  41 0059 6B1148E2 		.ascii	"k\021H\342\266\"\352\341\363\026/h\202\232?\"\362[\024"
  41      B622EAE1 
  41      F3162F68 
  41      829A3F22 
  41      F25B14
  42 006c 2017D302 		.ascii	" \027\323\002\232V\230FC\375Q\010g\243W\252{\335p\234"
  42      9A569846 
  42      43FD5108 
  42      67A357AA 
  42      7BDD709C 
  43 0080 ACAD68B3 		.ascii	"\254\255h\263\021\240\244\211\232*V\"\254\243\233Q_"
  43      11A0A489 
  43      9A2A5622 
  43      ACA39B51 
  43      5F
  44 0091 F6678FA1 		.ascii	"\366g\217\241\323 \276\227\303F\275\275k\315\230\031"
  44      D320BE97 
  44      C346BDBD 
  44      6BCD9819 
  45 00a1 63CE3246 		.ascii	"c\3162F\2274\260\001\315\014\334O\341^\2128Ax\206.\001"
  45      9734B001 
  45      CD0CDC4F 
  45      E15E8A38 
  45      4178862E 
  46 00b6 9F7F38DE 		.ascii	"\237\1778\336\272\241\357\304\304y\023U\257\245\237"
  46      BAA1EFC4 
  46      C4791355 
  46      AFA59F
  47 00c5 0A31381B 		.ascii	"\01218\033\251\230\300\357\020\356\363\377\271\022\014"
  47      A998C0EF 
  47      10EEF3FF 
ARM GAS  C:\Users\JEFFSN~1\AppData\Local\Temp\ccNd4Aeh.s 			page 3


  47      B9120C
  48 00d4 3DDDF9FB 		.ascii	"=\335\371\373\344\272S\024W\035x\201t\342\007/\341p"
  48      E4BA5314 
  48      571D7881 
  48      74E2072F 
  48      E170
  49 00e6 8790CC76 		.ascii	"\207\220\314v_`\232\315\202\011\032vC\267*.\252\270"
  49      5F609ACD 
  49      82091A76 
  49      43B72A2E 
  49      AAB8
  50 00f8 53FE6141 		.ascii	"S\376aAj\333\222pdse#\252\363\222\356\177(%\247\216"
  50      6ADB9270 
  50      64736523 
  50      AAF392EE 
  50      7F2825A7 
  51 010d 10FE9EFB 		.ascii	"\020\376\236\373\\qE\263\240e\022\013\245\360\255\373"
  51      5C7145B3 
  51      A065120B 
  51      A5F0ADFB 
  52 011d 4B95B48E 		.ascii	"K\225\264\216\335\276\377\270\370\315I>kU\337X\234:"
  52      DDBEFFB8 
  52      F8CD493E 
  52      6B55DF58 
  52      9C3A
  53 012f 995BBA70 		.ascii	"\231[\272pW\261\354\027yF\026\266\220\302&\3303\266"
  53      57B1EC17 
  53      794616B6 
  53      90C226D8 
  53      33B6
  54 0141 B10A8A50 		.ascii	"\261\012\212P\270,\177B\"\250\023\315\352\233\345\260"
  54      B82C7F42 
  54      22A813CD 
  54      EA9BE5B0 
  55 0151 4D4480EF 		.ascii	"MD\200\357@\215\301\247Pq\033\354\224QB\252\227\243"
  55      408DC1A7 
  55      50711BEC 
  55      945142AA 
  55      97A3
  56 0163 4A6BC2B2 		.ascii	"Jk\302\262\013Z\352\274+\326\226\264\260lX\330aR,}\250"
  56      0B5AEABC 
  56      2BD696B4 
  56      B06C58D8 
  56      61522C7D 
  57 0178 1290E018 		.ascii	"\022\220\340\030\364\372\347\345\201\022\220\205\233"
  57      F4FAE7E5 
  57      81129085 
  57      9B
  58 0185 D84D40E7 		.ascii	"\330M@\347N\002qc\003\016\247\302\205\330\320\025\363"
  58      4E027163 
  58      030EA7C2 
  58      85D8D015 
  58      F3
  59 0196 BE31ED57 		.ascii	"\2761\355W\375\357\261\177f\321W\314\004\027\266\020"
  59      FDEFB17F 
  59      66D157CC 
  59      0417B610 
ARM GAS  C:\Users\JEFFSN~1\AppData\Local\Temp\ccNd4Aeh.s 			page 4


  60 01a6 E287A82B 		.ascii	"\342\207\250+\310\254xr\235\275\336co<\233\367\006\007"
  60      C8AC7872 
  60      9DBDDE63 
  60      6F3C9BF7 
  60      0607
  61 01b8 FA4727C7 		.ascii	"\372G'\307s^\346Q\377\350\303\236Lnj`\314\033\314\016"
  61      735EE651 
  61      FFE8C39E 
  61      4C6E6A60 
  61      CC1BCC0E 
  62 01cc DFCD913D 		.ascii	"\337\315\221=\225\035\236\364\332&\362\331\374P\356"
  62      951D9EF4 
  62      DA26F2D9 
  62      FC50EE
  63 01db C1507EE2 		.ascii	"\301P~\342\037\010\035\304\011"
  63      1F081DC4 
  63      09
  64              		.text
  65              		.section	.gnu.lto_cv_pedal_SetDriveMode.ed0dd54a,"",%progbits
  66 0000 789C7D51 		.ascii	"x\234}QMK\033Q\024\275\347\275\311L\2024\177\300,D\220"
  66      4D4B1B51 
  66      14BDE7BD 
  66      C94C8234 
  66      7FC02C44 
  67 0015 904D11C4 		.ascii	"\220M\021\304_ \350Vt\253\210$\263\263\215\212\272\365"
  67      5F20E856 
  67      74AB8824 
  67      B3B38D8A 
  67      BAF5
  68 0027 253108B6 		.ascii	"%1\010\266\213BQ\020\025\335\210\321\370Qq\325E!\035"
  68      8B425110 
  68      15DD88D1 
  68      F85171D5 
  68      45211D
  69 003a 48970A2E 		.ascii	"H\227\012.\\\270\320\322\305 \205J\254\212\342G\343"
  69      5CB8D0D2 
  69      C520854A 
  69      AC8AE247 
  69      E3
  70 004b BD335D64 		.ascii	"\2753]d\345c\336\3758\234s\270\367\215E 9\027\234R\234"
  70      E563DEFD 
  70      389C73B8 
  70      F78D4520 
  70      39179C52 
  71 0060 9BF94213 		.ascii	"\233\371B\023\324\247C\242\\T\001R\230(hZa\032\267\352"
  71      D4A743A2 
  71      5C540152 
  71      9828685A 
  71      611AB7EA 
  72 0074 59C19BF5 		.ascii	"Y\301\233\365\277\252\324\206\341\363\263z\331nJ\025"
  72      BFAAD486 
  72      E1F3B37A 
  72      D96E4A15 
  73 0084 1435515D 		.ascii	"\0245Q]\005N\204\015\244\230u}\260\376\271I\267\201"
  73      054E840D 
  73      A498757D 
  73      B0FEB949 
ARM GAS  C:\Users\JEFFSN~1\AppData\Local\Temp\ccNd4Aeh.s 			page 5


  73      B781
  74 0096 B8BE3AAC 		.ascii	"\270\276:\254\235\305\223\353\306\344\215\231\0374\272"
  74      9DC593EB 
  74      C6E48D99 
  74      1F34BA
  75 00a5 A8811234 		.ascii	"\250\201\0224+\320\221@{\202\030 l\")\344_\373\377\346"
  75      2BD09140 
  75      7B821820 
  75      6C2229E4 
  75      5FFBFFE6 
  76 00b9 DFD83362 		.ascii	"\337\3303b\337\022\232b\013\266\214\271\327W1\365z\301"
  76      DF129A62 
  76      0BB68CB9 
  76      D75731F5 
  76      7AC1
  77 00cb 54EEECEF 		.ascii	"T\356\354\357\017v\223b\231\322\034\264%!\002q\260\245"
  77      0F769362 
  77      99D21CB4 
  77      25210271 
  77      B0A5
  78 00dd 74244425 		.ascii	"t$D%\304\204CT\343+\213\\)%Y\373\360\036\346\374%K\234"
  78      C4844354 
  78      E32B8B5C 
  78      292559FB 
  78      F01EE6FC 
  79 00f4 0B5A965A 		.ascii	"\013Z\226Z(zG\316\215*j+\230\370\372x\361[<l\227\327"
  79      287A47CE 
  79      8D2A6A2B 
  79      98F8FA78 
  79      F15B3C6C 
  80 010a 72C662E8 		.ascii	"r\306b\350\343\371RU\255b%7\303\353F\260\215\004\312"
  80      E3F95255 
  80      AD622537 
  80      C3EB46B0 
  80      8D04CA
  81 011d 48F0743B 		.ascii	"H\360t;X\005\371\310\377uB;\315\216\334\027\236\354"
  81      5805F9C8 
  81      FF75423B 
  81      CD8EDC17 
  81      9EEC
  82 012f B0B71862 		.ascii	"\260\267\030b\375\351\217\017\3171\261\324\030\303."
  82      FDE98F0F 
  82      CF31B1D4 
  82      18C32E
  83 013e 2B1B24FC 		.ascii	"+\033$\374E\032%\016C,\371sR\336\326\241$\216\275@R"
  83      451A250E 
  83      432CF973 
  83      52DED6A1 
  83      248EBD40 
  84 0153 B8FF4F89 		.ascii	"\270\377O\211\006\306N\243K\214Q\356\275\005H\377\332"
  84      06C64EA3 
  84      4B8C51EE 
  84      BD0548FF 
  84      DA
  85 0164 C85F7864 		.ascii	"\310_xd\346\323o\344+\217\335\302\016~]MA\236\207\037"
  85      E6D36FE4 
  85      2B8FDDC2 
ARM GAS  C:\Users\JEFFSN~1\AppData\Local\Temp\ccNd4Aeh.s 			page 6


  85      0E7E5D4D 
  85      419E871F 
  86 0178 ABB5C77D 		.ascii	"\253\265\307}\357\216\017O\270\231\241\376\354\344x"
  86      EF8E0F4F 
  86      B899A1FE 
  86      ECE478
  87 0187 DA1DE8ED 		.ascii	"\332\035\350\355\317vu\016\244\247\206F\335\314\360"
  87      CF76750E 
  87      A4A78646 
  87      DDCCF0
  88 0196 C8DB3459 		.ascii	"\310\3334Y\357\262\031\367\005w\203\246\202"
  88      EFB219F7 
  88      057783A6 
  88      82
  89              		.text
  90              		.section	.gnu.lto_cv_pedal_Read.ed0dd54a,"",%progbits
  91 0000 789C354F 		.ascii	"x\2345O\315K\002Q\020\237\337{\253+E\321=\017\021]\274"
  91      CD4B0251 
  91      109FDF7B 
  91      AB2B45D1 
  91      3D0F115D 
  92 0015 44104174 		.ascii	"D\020At\015\352\032\011\235\004\021\335[dHuu\327u\013"
  92      0DEA1A09 
  92      9D0411DD 
  92      5B644875 
  92      75D7750B 
  93 0029 A24397EA 		.ascii	"\242C\227\352\222\011Ah_\224\377\201y\012\222\242/\010"
  93      92094168 
  93      5F94FF81 
  93      790A92A2 
  93      2F08
  94 003b 0A890883 		.ascii	"\012\211\010\203N&E \225\315sk\340\315\2747\357\367"
  94      4E264520 
  94      95CD736B 
  94      E0CDBC37 
  94      EFF7
  95 004d 31A31148 		.ascii	"1\243\021H\305\024\227>\256\335| \011b\365\234\310\362"
  95      C514973E 
  95      AEDD7C20 
  95      0962F59C 
  95      C8F2
  96 005f 09405D4C 		.ascii	"\011@]L\037()\220\304\207\370\0268\373<]i\013\344L3"
  96      1F282990 
  96      C487F816 
  96      38FB3C5D 
  96      690BE44C 
  97 0074 653EEE34 		.ascii	"e>\3564\2067\362E8\222\250)\010\203~\014\370\225D\016"
  97      8637F245 
  97      3892A829 
  97      08837E0C 
  97      F895440E 
  98 0088 0162E853 		.ascii	"\001b\350S\341g\255\303\23369z\024\200\177\362\360*"
  98      E167ADC3 
  98      9B36397A 
  98      14807FF2 
  98      F02A
  99 009a CBA3C9A2 		.ascii	"\313\243\311\242\331l\332f\361V?\271\323u\220#\331\227"
ARM GAS  C:\Users\JEFFSN~1\AppData\Local\Temp\ccNd4Aeh.s 			page 7


  99      D96CDA66 
  99      F1563FB9 
  99      D3759023 
  99      D997
 100 00ac 93C64978 		.ascii	"\223\306IxT\362\222\222\245\032\323\324\020oB\250*\253"
 100      54F29292 
 100      A51AD3D4 
 100      106F42A8 
 100      2AAB
 101 00be 2835962B 		.ascii	"(5\226+[#J\311\226\222]\326\235\322\205\376.\034)\241"
 101      5B234AC9 
 101      96925DD6 
 101      9DD285FE 
 101      2E1C29A1 
 102 00d2 4C532F95 		.ascii	"LS/\225\373v\367Y\330\266L\215[\216u\375\320\231E\306"
 102      FB76F759 
 102      D8B64C8D 
 102      5B8E75FD 
 102      D09945C6 
 103 00e6 4AF3A81A 		.ascii	"J\363\250\032\366\340\307.xP\354#\013\252\302\376\032"
 103      F6E0C72E 
 103      7850EC23 
 103      0BAAC2FE 
 103      1A
 104 00f7 235BC295 		.ascii	"#[\302\225\273\252\2253->\320\205\003\206U\221\252/"
 104      BBAA9533 
 104      2D3ED085 
 104      03865591 
 104      AA2F
 105 0109 95A56BA8 		.ascii	"\225\245k\2501N1\352\2137\036\267\343\341&\323.\323"
 105      314E31EA 
 105      8B371EB7 
 105      E3E126D3 
 105      2ED3
 106 011b C79B52D1 		.ascii	"\307\233R\321\0044\034\376\323\236\341\202\024\216^"
 106      04341CFE 
 106      D39EE182 
 106      148E5E
 107 012a 21FE5ED4 		.ascii	"!\376^\324Z\014j!^\257w\334\2301\022\2219#\026\016\306"
 107      5A0C6A21 
 107      5EAF77DC 
 107      98311291 
 107      3923160E 
 108 013f E7135123 		.ascii	"\347\023Q#4\021\214\217\016\205\242\013\341Y#\026\231"
 108      34118C8F 
 108      0E85A20B 
 108      E1592316 
 108      99
 109 0150 EE8FD22F 		.ascii	"\356\217\322/\032\317|\036"
 109      1ACF7C1E 
 110              		.text
 111              		.section	.gnu.lto_cv_pedal_ReadDataReg.ed0dd54a,"",%progbits
 112 0000 789C354F 		.ascii	"x\2345O\273K\202Q\024?\277{?\037\030A{\016\021-.\021"
 112      BB4B8251 
 112      143FBF7B 
 112      3F1F1841 
 112      7B0E112D 
ARM GAS  C:\Users\JEFFSN~1\AppData\Local\Temp\ccNd4Aeh.s 			page 8


 113 0016 4443AD41 		.ascii	"DC\255A\255\221\320$\210\350\267E\206T\253W?\277\002"
 113      AD91D024 
 113      88E8B745 
 113      8654AB57 
 113      3FBF02
 114 0029 6968A908 		.ascii	"ih\251\010\022!\010\265\007\331\037\020\230S\220\364"
 114      122108B5 
 114      07D91F10 
 114      985390F4 
 115 0039 A2255A24 		.ascii	"\242%Z$\302\241!L\212\240\207vn_\035\270\347\334{\356"
 115      C2A1214C 
 115      8AA08776 
 115      6E5F1DB8 
 115      E7DC7BEE 
 116 004d EF718E41 		.ascii	"\357q\216A \0353\\\006\270\366\362\201$\210\265\013"
 116      201D335C 
 116      06B8F6F2 
 116      812488B5 
 116      0B
 117 005e A2945700 		.ascii	"\242\224W\000\372\242\274\240\244@\022o\342[\340\374"
 117      FAA2BCA0 
 117      A440126F 
 117      E25BE0FC 
 118 006e FD6CD517 		.ascii	"\375l\325\027((\225V\365\335\302\350f\261\002[\022u"
 118      28289556 
 118      F5DDC2E8 
 118      66B1025B 
 118      1275
 119 0080 0461D88F 		.ascii	"\004a\330\217!\277\226( @\014}8n\257w\2733\212\243O"
 119      21BF9628 
 119      20400C7D 
 119      386EAF77 
 119      BB338AA3 
 120 0095 03F8A708 		.ascii	"\003\370\247\010\267\266<\232\256\250N\307R\225\023"
 120      B7B63C9A 
 120      AEA84EC7 
 120      529513
 121 00a4 DFE995CF 		.ascii	"\337\351\225\317\003\262%\373r28\011\227Nn\322\262\324"
 121      03B225FB 
 121      72323809 
 121      974E6ED2 
 121      B2D4
 122 00b6 649A1EE2 		.ascii	"d\232\036\342E\010]e\003\325\217l\2734\246\225,)\331"
 122      45085D65 
 122      03D58F6C 
 122      BB34A695 
 122      2C29D9
 123 00c9 65C3AE5E 		.ascii	"e\303\256^z^\205-%\264\351\335\375\326\263\333y\226"
 123      7A5E852D 
 123      25B4E9DD 
 123      FDD6B3DB 
 123      7996
 124 00db 7752CAE0 		.ascii	"wR\312\340V=\273\375\351\311#\227\312\360\250\006\366"
 124      563DBBFD 
 124      E9C92397 
 124      CAF0A806 
 124      F6
ARM GAS  C:\Users\JEFFSN~1\AppData\Local\Temp\ccNd4Aeh.s 			page 9


 125 00ec E047093C 		.ascii	"\340G\011<(\366\221\0075`}M\220%\341\310\3354k\271."
 125      28F69107 
 125      35607D4D 
 125      9025E1C8 
 125      DD346BB9 
 126 0101 CD077A70 		.ascii	"\315\007zp\300\260\006\322\255\225\232t\014\015\306"
 126      C0B006D2 
 126      AD959A74 
 126      0C0DC6
 127 0110 69466BF9 		.ascii	"iFk\371\326\345t\\\334d\332u\246\274-5M\300\300\341"
 127      D6E5745C 
 127      DC64DA75 
 127      A6BC2D35 
 127      4DC0C0E1 
 128 0124 3FED110E 		.ascii	"?\355\021\016H\343\350\011\342\357E\277\213A/\304\353"
 128      48E3E809 
 128      E2EF45BF 
 128      8B412FC4 
 128      EB
 129 0135 F54F9A73 		.ascii	"\365O\232sf\"\262`\306\302\301\370b\"j\206\246\202\361"
 129      6622B260 
 129      C6C2C1F8 
 129      62226A86 
 129      A682F1
 130 0148 F1915074 		.ascii	"\361\221Pt)<o\306\"\263\203Q\372\001\366\253|5"
 130      293C6FC6 
 130      22B38351 
 130      FA01F6AB 
 130      7C35
 131              		.text
 132              		.section	.gnu.lto_.symbol_nodes.ed0dd54a,"",%progbits
 133 0000 789C6361 		.ascii	"x\234ca`dpc\000\002&\206z\006\206\011\347\030@\324\252"
 133      60647063 
 133      00022686 
 133      7A068609 
 133      E71840D4 
 134 0015 0645A000 		.ascii	"\006E\240\000c=#\252\000S=\023\252\000s=3\212\000\003"
 134      633D23AA 
 134      00533D13 
 134      AA00733D 
 134      338A0003 
 135 0029 001ED60E 		.ascii	"\000\036\326\016\374"
 135      FC
 136              		.text
 137              		.section	.gnu.lto_.refs.ed0dd54a,"",%progbits
 138 0000 789C6361 		.ascii	"x\234ca`\004B \000\000\0009\000\007"
 138      60044220 
 138      00000039 
 138      0007
 139              		.text
 140              		.section	.gnu.lto_.decls.ed0dd54a,"",%progbits
 141 0000 789C8D92 		.ascii	"x\234\215\222]HTA\024\307\347\334{w\265\333j!\026\022"
 141      5D485441 
 141      14C7E7DC 
 141      7B77B5DB 
 141      6A211612 
 142 0014 FB603ED9 		.ascii	"\373`>\331\213$\021\370\320\027(\331K\031\212\366\""
ARM GAS  C:\Users\JEFFSN~1\AppData\Local\Temp\ccNd4Aeh.s 			page 10


 142      8B2411F8 
 142      D01728D9 
 142      4B198AF6 
 142      22
 143 0025 C8BA7B31 		.ascii	"\310\272{1!T\266U\220^&\335@\353E\005\015E\314\204J"
 143      2154B655 
 143      905E26DD 
 143      40EB4505 
 143      0D45CC84 
 144 003a 73752D5D 		.ascii	"su-]u\267\314U\323$\022\022A\012\203\014\365\301\262"
 144      75B7CC55 
 144      D3241212 
 144      410A830C 
 144      F5C1B2
 145 004d B0B20709 		.ascii	"\260\262\007\011\335\316\214\367\356\275\326\006\036"
 145      DDCE8CF7 
 145      EEBDD606 
 145      1E
 146 005a 983B7366 		.ascii	"\230;sf\316\377w\316\234;\022\001\302\354\264DH\007"
 146      CEFF77CE 
 146      9C3B1201 
 146      C2ECB444 
 146      4807
 147 006c CE567443 		.ascii	"\316VtCh&\\\347\021\335\360\230\364\343\360\341\030"
 147      68265CE7 
 147      11DDF098 
 147      F4E3F0E1 
 147      18
 148 007d C61120FF 		.ascii	"\306\021 \377\032;7\253\272^\306\3021\212c\004G\226"
 148      1A3B37AB 
 148      BA5EC6C2 
 148      318A6304 
 148      4796
 149 008f 1A036ADC 		.ascii	"\032\003j\334\337\346\213\240\015\032\364\232\326\027"
 149      DFE68BA0 
 149      0D1AF49A 
 149      D617
 150 009d 41CBEA31 		.ascii	"A\313\3521\031tY\021t\303\021t\201=\350\"\335sK\200"
 150      19745911 
 150      74C31174 
 150      813DE822 
 150      DD734B80 
 151 00b1 D6B1B609 		.ascii	"\326\261\266\011\323\002\274\007 \300\215\250}$lG\235"
 151      D302BC07 
 151      20C08DA8 
 151      7D246C47 
 151      9D
 152 00c2 D902761C 		.ascii	"\331\002v\034A\343\201\026\244\245\340\341@\004\036"
 152      41E38116 
 152      A4A5E0E1 
 152      40041E
 153 00d1 1FDED7E2 		.ascii	"\037\336\327\342\3029C\232\351[\0206-\022vC\031Uw\321"
 153      C239439A 
 153      E95B1036 
 153      2D127643 
 153      195577D1 
 154 00e5 17748181 		.ascii	"\027t\201\201\247V\257\346\007cZ\216\026\265K\273\327"
ARM GAS  C:\Users\JEFFSN~1\AppData\Local\Temp\ccNd4Aeh.s 			page 11


 154      A756AFE6 
 154      07635A8E 
 154      16B54BBB 
 154      D7
 155 00f6 DF7DB688 		.ascii	"\337}\266\210\310\304\365\307\315\316\363)\036\212V"
 155      C8C4F5C7 
 155      CDCEF329 
 155      1E8A56
 156 0105 47A9704C 		.ascii	"G\251pL\357\214\367\326rW\364\206\000V\031B\300\374"
 156      EF8CF7D6 
 156      7257F486 
 156      00561942 
 156      C0FC
 157 0117 35FF66CC 		.ascii	"5\377f\314\216\317\216\233\353\227\266\367\213G\330"
 157      8ECF8E9B 
 157      EB97B6F7 
 157      8B47D8
 158 0126 5A985BEA 		.ascii	"Z\230[\352^\225 Y~\3100\213\365+g\374\224\036\204^\220"
 158      5E952059 
 158      7EC8308B 
 158      F52B67FC 
 158      941E845E 
 159 013b C1032274 		.ascii	"\301\003\"tA\012\253\300*\343\267\206\322*\272\336A"
 159      410AABC0 
 159      2AE3B786 
 159      D22ABADE 
 159      41
 160 014c CD09044E 		.ascii	"\315\011\004NX\341\270\225@\017$3&\213\202n\260\302"
 160      58E1B895 
 160      400F2433 
 160      268B826E 
 160      B0C2
 161 015e 63B032FE 		.ascii	"c\2602\376\312\335{_\314\022\266\233s\012%\2667\353"
 161      CADD7B5F 
 161      CC12B69B 
 161      730A25B6 
 161      37EB
 162 0170 EE6B15B1 		.ascii	"\356k\025\261\2048\031$t\277\317\264,\305\242\033/C"
 162      84381924 
 162      74BFCFB4 
 162      2CC5A21B 
 162      2F43
 163 0182 22BA9EC0 		.ascii	"\"\272\236\300\2075sB\023\277J5M\224 \3570<A`\037\002"
 163      87357342 
 163      13BF4A35 
 163      4D9420EF 
 163      303C4160 
 164 0198 093C8504 		.ascii	"\011<\205\004\374zA\332\271\235g\241a^Jj\247\355}t\261"
 164      FC7A41DA 
 164      B99D67A1 
 164      615E4A6A 
 164      A7ED7D74 
 165 01ad 71EA5453 		.ascii	"q\352TS5\235F]\"\013\203N\275h\\\262\351\021,`C\373"
 165      359D465D 
 165      220B834E 
 165      BD685CB2 
 165      E9112C60 
ARM GAS  C:\Users\JEFFSN~1\AppData\Local\Temp\ccNd4Aeh.s 			page 12


 166 01c3 21099583 		.ascii	"!\011\225\203\277k\335fQ\341MX\376\321\332\256R\202"
 166      BF6BDD66 
 166      51E14D58 
 166      FED1DAAE 
 166      5282
 167 01d5 1B53165A 		.ascii	"\033S\026Zw\223\322s\2341\2403\006\214\014\037gx\247"
 167      7793D273 
 167      9C31A033 
 167      068C0C1F 
 167      6778A7
 168 01e8 3F6D4589 		.ascii	"?mE\21178\343\355\235\311\352\003\306\262\331}\365\272"
 168      3738E3ED 
 168      9DC9EA03 
 168      C6B2D97D 
 168      F5BA
 169 01fa 8778DD85 		.ascii	"\207x\335\205j\3313\223\015\3431j\302\271Wb3\015\272"
 169      6AD93393 
 169      0DE3316A 
 169      C2B95762 
 169      330DBA
 170 020d 5127B028 		.ascii	"Q'\260(\030\324S\016\032S\016\363\224\333S\253\017d"
 170      18D4530E 
 170      1A530EF3 
 170      94DB53AB 
 170      0F64
 171 021f B11678CE 		.ascii	"\261\026x\3167_\177\015\355S1\201\327Z\335\014\342\327"
 171      375F7F0D 
 171      ED533181 
 171      D75ADD0C 
 171      E2D7
 172 0231 217E2324 		.ascii	"!~#$\300!\033\356\237\363f\031\177b\365\336~\342\314"
 172      C0211BEE 
 172      9FF36619 
 172      7F62F5DE 
 172      7EE2CC
 173 0244 EAFD5094 		.ascii	"\352\375P\224\330\306\223\012\375\215\315\215Q 'G\220"
 173      D8C6930A 
 173      FD8DCD8D 
 173      51202747 
 173      90
 174 0255 BF882057 		.ascii	"\277\210 W\037SOn}-\273\341\010v\345\271^\3343\220w"
 174      1F534F6E 
 174      7D2DBBE1 
 174      0876E5B9 
 174      5EDC3390 
 175 026a 3AD2F56D 		.ascii	":\322\365m\"\010\226\333\354]a\373\342.\360@\275}\243"
 175      220896DB 
 175      EC5D61FB 
 175      E22EF040 
 175      BD7DA3
 176 027d 60E1EF1F 		.ascii	"`\341\357\037\347-A|9\347\035\225A\266\002\236C\015"
 176      E72D417C 
 176      39E71D95 
 176      41B6029E 
 176      430D
 177 028f 4BB05E65 		.ascii	"K\260^e\250\203@\220aa\014\217\307Q\336BY\314,\360m"
 177      A8834090 
ARM GAS  C:\Users\JEFFSN~1\AppData\Local\Temp\ccNd4Aeh.s 			page 13


 177      61610C8F 
 177      C751DE42 
 177      59CC2CF0 
 178 02a4 EEAC9FE5 		.ascii	"\356\254\237\345k\376\211\265W\024\224)\016\333\265"
 178      6BFE89B5 
 178      57149429 
 178      0EDBB5
 179 02b3 822BCE62 		.ascii	"\202+\316b\227\022\235y)71=5\225\230\312\213K\\iG3\225"
 179      97129D79 
 179      2937313D 
 179      359598CA 
 179      8B4B5C69 
 180 02ca 12C56973 		.ascii	"\022\305is)\216\202\234\322r\247]\311\277\234S\232~"
 180      298E829C 
 180      D272A75D 
 180      C9BF9C53 
 180      9A7E
 181 02dc 32DF5EE9 		.ascii	"2\337^\351\252,S\256\247\\%I\377\213P\261)vr(\234\""
 181      AA2C53AE 
 181      A75C2549 
 181      FF8B50B1 
 181      29767228 
 182 02f2 47716538 		.ascii	"Gqe8\213+\224\213\245\016%&\274\233\255\330\034\361"
 182      8B2B948B 
 182      A50E2526 
 182      BC9BADD8 
 182      1CF1
 183 0304 BBBC0C9B 		.ascii	"\273\274\014\233\313\226\255\024IN\245(\355\017+\340"
 183      CB96AD14 
 183      494EA528 
 183      ED0F2BE0 
 184 0314 6809     		.ascii	"h\011"
 185              		.text
 186              		.section	.gnu.lto_.symtab.ed0dd54a,"",%progbits
 187 0000 63765F70 		.ascii	"cv_pedal_Write\000"
 187      6564616C 
 187      5F577269 
 187      746500
 188 000f 00       		.ascii	"\000"
 189 0010 00       		.ascii	"\000"
 190 0011 00       		.ascii	"\000"
 191 0012 00000000 		.ascii	"\000\000\000\000\000\000\000\000"
 191      00000000 
 192 001a B3000000 		.ascii	"\263\000\000\000"
 193 001e 63765F70 		.ascii	"cv_pedal_SetDriveMode\000"
 193      6564616C 
 193      5F536574 
 193      44726976 
 193      654D6F64 
 194 0034 00       		.ascii	"\000"
 195 0035 00       		.ascii	"\000"
 196 0036 00       		.ascii	"\000"
 197 0037 00000000 		.ascii	"\000\000\000\000\000\000\000\000"
 197      00000000 
 198 003f B5000000 		.ascii	"\265\000\000\000"
 199 0043 63765F70 		.ascii	"cv_pedal_Read\000"
 199      6564616C 
ARM GAS  C:\Users\JEFFSN~1\AppData\Local\Temp\ccNd4Aeh.s 			page 14


 199      5F526561 
 199      6400
 200 0051 00       		.ascii	"\000"
 201 0052 00       		.ascii	"\000"
 202 0053 00       		.ascii	"\000"
 203 0054 00000000 		.ascii	"\000\000\000\000\000\000\000\000"
 203      00000000 
 204 005c B8000000 		.ascii	"\270\000\000\000"
 205 0060 63765F70 		.ascii	"cv_pedal_ReadDataReg\000"
 205      6564616C 
 205      5F526561 
 205      64446174 
 205      61526567 
 206 0075 00       		.ascii	"\000"
 207 0076 00       		.ascii	"\000"
 208 0077 00       		.ascii	"\000"
 209 0078 00000000 		.ascii	"\000\000\000\000\000\000\000\000"
 209      00000000 
 210 0080 BA000000 		.ascii	"\272\000\000\000"
 211              		.text
 212              		.section	.gnu.lto_.opts,"",%progbits
 213 0000 272D666D 		.ascii	"'-fmath-errno' '-fsigned-zeros' '-ftrapping-math' '"
 213      6174682D 
 213      6572726E 
 213      6F272027 
 213      2D667369 
 214 0033 2D666E6F 		.ascii	"-fno-trapv' '-fno-strict-overflow' '-fno-openmp' '-"
 214      2D747261 
 214      70762720 
 214      272D666E 
 214      6F2D7374 
 215 0066 666E6F2D 		.ascii	"fno-openacc' '-mcpu=cortex-m3' '-mthumb' '-g' '-Og'"
 215      6F70656E 
 215      61636327 
 215      20272D6D 
 215      6370753D 
 216 0099 20272D66 		.ascii	" '-ffunction-sections' '-ffat-lto-objects' '-finlin"
 216      66756E63 
 216      74696F6E 
 216      2D736563 
 216      74696F6E 
 217 00cc 652D6675 		.ascii	"e-functions' '-flto'\000"
 217      6E637469 
 217      6F6E7327 
 217      20272D66 
 217      6C746F27 
 218              		.text
 219              		.cfi_sections	.debug_frame
 220              		.section	.text.cv_pedal_Write,"ax",%progbits
 221              		.align	2
 222              		.global	cv_pedal_Write
 223              		.thumb
 224              		.thumb_func
 225              		.type	cv_pedal_Write, %function
 226              	cv_pedal_Write:
 227              	.LFB0:
 228              		.file 1 "Generated_Source\\PSoC5\\cv_pedal.c"
ARM GAS  C:\Users\JEFFSN~1\AppData\Local\Temp\ccNd4Aeh.s 			page 15


   1:Generated_Source\PSoC5/cv_pedal.c **** /*******************************************************************************
   2:Generated_Source\PSoC5/cv_pedal.c **** * File Name: cv_pedal.c  
   3:Generated_Source\PSoC5/cv_pedal.c **** * Version 2.20
   4:Generated_Source\PSoC5/cv_pedal.c **** *
   5:Generated_Source\PSoC5/cv_pedal.c **** * Description:
   6:Generated_Source\PSoC5/cv_pedal.c **** *  This file contains API to enable firmware control of a Pins component.
   7:Generated_Source\PSoC5/cv_pedal.c **** *
   8:Generated_Source\PSoC5/cv_pedal.c **** * Note:
   9:Generated_Source\PSoC5/cv_pedal.c **** *
  10:Generated_Source\PSoC5/cv_pedal.c **** ********************************************************************************
  11:Generated_Source\PSoC5/cv_pedal.c **** * Copyright 2008-2015, Cypress Semiconductor Corporation.  All rights reserved.
  12:Generated_Source\PSoC5/cv_pedal.c **** * You may use this file only in accordance with the license, terms, conditions, 
  13:Generated_Source\PSoC5/cv_pedal.c **** * disclaimers, and limitations in the end user license agreement accompanying 
  14:Generated_Source\PSoC5/cv_pedal.c **** * the software package with which this file was provided.
  15:Generated_Source\PSoC5/cv_pedal.c **** *******************************************************************************/
  16:Generated_Source\PSoC5/cv_pedal.c **** 
  17:Generated_Source\PSoC5/cv_pedal.c **** #include "cytypes.h"
  18:Generated_Source\PSoC5/cv_pedal.c **** #include "cv_pedal.h"
  19:Generated_Source\PSoC5/cv_pedal.c **** 
  20:Generated_Source\PSoC5/cv_pedal.c **** /* APIs are not generated for P15[7:6] on PSoC 5 */
  21:Generated_Source\PSoC5/cv_pedal.c **** #if !(CY_PSOC5A &&\
  22:Generated_Source\PSoC5/cv_pedal.c **** 	 cv_pedal__PORT == 15 && ((cv_pedal__MASK & 0xC0) != 0))
  23:Generated_Source\PSoC5/cv_pedal.c **** 
  24:Generated_Source\PSoC5/cv_pedal.c **** 
  25:Generated_Source\PSoC5/cv_pedal.c **** /*******************************************************************************
  26:Generated_Source\PSoC5/cv_pedal.c **** * Function Name: cv_pedal_Write
  27:Generated_Source\PSoC5/cv_pedal.c **** ****************************************************************************//**
  28:Generated_Source\PSoC5/cv_pedal.c **** *
  29:Generated_Source\PSoC5/cv_pedal.c **** * \brief Writes the value to the physical port (data output register), masking
  30:Generated_Source\PSoC5/cv_pedal.c **** *  and shifting the bits appropriately. 
  31:Generated_Source\PSoC5/cv_pedal.c **** *
  32:Generated_Source\PSoC5/cv_pedal.c **** * The data output register controls the signal applied to the physical pin in 
  33:Generated_Source\PSoC5/cv_pedal.c **** * conjunction with the drive mode parameter. This function avoids changing 
  34:Generated_Source\PSoC5/cv_pedal.c **** * other bits in the port by using the appropriate method (read-modify-write or
  35:Generated_Source\PSoC5/cv_pedal.c **** * bit banding).
  36:Generated_Source\PSoC5/cv_pedal.c **** *
  37:Generated_Source\PSoC5/cv_pedal.c **** * <b>Note</b> This function should not be used on a hardware digital output pin 
  38:Generated_Source\PSoC5/cv_pedal.c **** * as it is driven by the hardware signal attached to it.
  39:Generated_Source\PSoC5/cv_pedal.c **** *
  40:Generated_Source\PSoC5/cv_pedal.c **** * \param value
  41:Generated_Source\PSoC5/cv_pedal.c **** *  Value to write to the component instance.
  42:Generated_Source\PSoC5/cv_pedal.c **** *
  43:Generated_Source\PSoC5/cv_pedal.c **** * \return 
  44:Generated_Source\PSoC5/cv_pedal.c **** *  None 
  45:Generated_Source\PSoC5/cv_pedal.c **** *
  46:Generated_Source\PSoC5/cv_pedal.c **** * \sideeffect
  47:Generated_Source\PSoC5/cv_pedal.c **** *  If you use read-modify-write operations that are not atomic; the Interrupt 
  48:Generated_Source\PSoC5/cv_pedal.c **** *  Service Routines (ISR) can cause corruption of this function. An ISR that 
  49:Generated_Source\PSoC5/cv_pedal.c **** *  interrupts this function and performs writes to the Pins component data 
  50:Generated_Source\PSoC5/cv_pedal.c **** *  register can cause corrupted port data. To avoid this issue, you should 
  51:Generated_Source\PSoC5/cv_pedal.c **** *  either use the Per-Pin APIs (primary method) or disable interrupts around 
  52:Generated_Source\PSoC5/cv_pedal.c **** *  this function.
  53:Generated_Source\PSoC5/cv_pedal.c **** *
  54:Generated_Source\PSoC5/cv_pedal.c **** * \funcusage
  55:Generated_Source\PSoC5/cv_pedal.c **** *  \snippet cv_pedal_SUT.c usage_cv_pedal_Write
  56:Generated_Source\PSoC5/cv_pedal.c **** *******************************************************************************/
  57:Generated_Source\PSoC5/cv_pedal.c **** void cv_pedal_Write(uint8 value)
ARM GAS  C:\Users\JEFFSN~1\AppData\Local\Temp\ccNd4Aeh.s 			page 16


  58:Generated_Source\PSoC5/cv_pedal.c **** {
 229              		.loc 1 58 0
 230              		.cfi_startproc
 231              		@ args = 0, pretend = 0, frame = 0
 232              		@ frame_needed = 0, uses_anonymous_args = 0
 233              		@ link register save eliminated.
 234              	.LVL0:
  59:Generated_Source\PSoC5/cv_pedal.c ****     uint8 staticBits = (cv_pedal_DR & (uint8)(~cv_pedal_MASK));
 235              		.loc 1 59 0
 236 0000 044A     		ldr	r2, .L2
 237 0002 1378     		ldrb	r3, [r2]	@ zero_extendqisi2
 238 0004 03F0EF03 		and	r3, r3, #239
 239              	.LVL1:
  60:Generated_Source\PSoC5/cv_pedal.c ****     cv_pedal_DR = staticBits | ((uint8)(value << cv_pedal_SHIFT) & cv_pedal_MASK);
 240              		.loc 1 60 0
 241 0008 0001     		lsls	r0, r0, #4
 242              	.LVL2:
 243 000a 00F01000 		and	r0, r0, #16
 244 000e 1843     		orrs	r0, r0, r3
 245 0010 1070     		strb	r0, [r2]
 246 0012 7047     		bx	lr
 247              	.L3:
 248              		.align	2
 249              	.L2:
 250 0014 30510040 		.word	1073762608
 251              		.cfi_endproc
 252              	.LFE0:
 253              		.size	cv_pedal_Write, .-cv_pedal_Write
 254              		.section	.text.cv_pedal_SetDriveMode,"ax",%progbits
 255              		.align	2
 256              		.global	cv_pedal_SetDriveMode
 257              		.thumb
 258              		.thumb_func
 259              		.type	cv_pedal_SetDriveMode, %function
 260              	cv_pedal_SetDriveMode:
 261              	.LFB1:
  61:Generated_Source\PSoC5/cv_pedal.c **** }
  62:Generated_Source\PSoC5/cv_pedal.c **** 
  63:Generated_Source\PSoC5/cv_pedal.c **** 
  64:Generated_Source\PSoC5/cv_pedal.c **** /*******************************************************************************
  65:Generated_Source\PSoC5/cv_pedal.c **** * Function Name: cv_pedal_SetDriveMode
  66:Generated_Source\PSoC5/cv_pedal.c **** ****************************************************************************//**
  67:Generated_Source\PSoC5/cv_pedal.c **** *
  68:Generated_Source\PSoC5/cv_pedal.c **** * \brief Sets the drive mode for each of the Pins component's pins.
  69:Generated_Source\PSoC5/cv_pedal.c **** * 
  70:Generated_Source\PSoC5/cv_pedal.c **** * <b>Note</b> This affects all pins in the Pins component instance. Use the
  71:Generated_Source\PSoC5/cv_pedal.c **** * Per-Pin APIs if you wish to control individual pin's drive modes.
  72:Generated_Source\PSoC5/cv_pedal.c **** *
  73:Generated_Source\PSoC5/cv_pedal.c **** * \param mode
  74:Generated_Source\PSoC5/cv_pedal.c **** *  Mode for the selected signals. Valid options are documented in 
  75:Generated_Source\PSoC5/cv_pedal.c **** *  \ref driveMode.
  76:Generated_Source\PSoC5/cv_pedal.c **** *
  77:Generated_Source\PSoC5/cv_pedal.c **** * \return
  78:Generated_Source\PSoC5/cv_pedal.c **** *  None
  79:Generated_Source\PSoC5/cv_pedal.c **** *
  80:Generated_Source\PSoC5/cv_pedal.c **** * \sideeffect
  81:Generated_Source\PSoC5/cv_pedal.c **** *  If you use read-modify-write operations that are not atomic, the ISR can
ARM GAS  C:\Users\JEFFSN~1\AppData\Local\Temp\ccNd4Aeh.s 			page 17


  82:Generated_Source\PSoC5/cv_pedal.c **** *  cause corruption of this function. An ISR that interrupts this function 
  83:Generated_Source\PSoC5/cv_pedal.c **** *  and performs writes to the Pins component Drive Mode registers can cause 
  84:Generated_Source\PSoC5/cv_pedal.c **** *  corrupted port data. To avoid this issue, you should either use the Per-Pin
  85:Generated_Source\PSoC5/cv_pedal.c **** *  APIs (primary method) or disable interrupts around this function.
  86:Generated_Source\PSoC5/cv_pedal.c **** *
  87:Generated_Source\PSoC5/cv_pedal.c **** * \funcusage
  88:Generated_Source\PSoC5/cv_pedal.c **** *  \snippet cv_pedal_SUT.c usage_cv_pedal_SetDriveMode
  89:Generated_Source\PSoC5/cv_pedal.c **** *******************************************************************************/
  90:Generated_Source\PSoC5/cv_pedal.c **** void cv_pedal_SetDriveMode(uint8 mode)
  91:Generated_Source\PSoC5/cv_pedal.c **** {
 262              		.loc 1 91 0
 263              		.cfi_startproc
 264              		@ args = 0, pretend = 0, frame = 0
 265              		@ frame_needed = 0, uses_anonymous_args = 0
 266              		@ link register save eliminated.
 267              	.LVL3:
  92:Generated_Source\PSoC5/cv_pedal.c **** 	CyPins_SetPinDriveMode(cv_pedal_0, mode);
 268              		.loc 1 92 0
 269 0000 044A     		ldr	r2, .L5
 270 0002 1378     		ldrb	r3, [r2]	@ zero_extendqisi2
 271 0004 03F0F103 		and	r3, r3, #241
 272 0008 00F00E00 		and	r0, r0, #14
 273              	.LVL4:
 274 000c 1843     		orrs	r0, r0, r3
 275 000e 1070     		strb	r0, [r2]
 276 0010 7047     		bx	lr
 277              	.L6:
 278 0012 00BF     		.align	2
 279              	.L5:
 280 0014 1C500040 		.word	1073762332
 281              		.cfi_endproc
 282              	.LFE1:
 283              		.size	cv_pedal_SetDriveMode, .-cv_pedal_SetDriveMode
 284              		.section	.text.cv_pedal_Read,"ax",%progbits
 285              		.align	2
 286              		.global	cv_pedal_Read
 287              		.thumb
 288              		.thumb_func
 289              		.type	cv_pedal_Read, %function
 290              	cv_pedal_Read:
 291              	.LFB2:
  93:Generated_Source\PSoC5/cv_pedal.c **** }
  94:Generated_Source\PSoC5/cv_pedal.c **** 
  95:Generated_Source\PSoC5/cv_pedal.c **** 
  96:Generated_Source\PSoC5/cv_pedal.c **** /*******************************************************************************
  97:Generated_Source\PSoC5/cv_pedal.c **** * Function Name: cv_pedal_Read
  98:Generated_Source\PSoC5/cv_pedal.c **** ****************************************************************************//**
  99:Generated_Source\PSoC5/cv_pedal.c **** *
 100:Generated_Source\PSoC5/cv_pedal.c **** * \brief Reads the associated physical port (pin status register) and masks 
 101:Generated_Source\PSoC5/cv_pedal.c **** *  the required bits according to the width and bit position of the component
 102:Generated_Source\PSoC5/cv_pedal.c **** *  instance. 
 103:Generated_Source\PSoC5/cv_pedal.c **** *
 104:Generated_Source\PSoC5/cv_pedal.c **** * The pin's status register returns the current logic level present on the 
 105:Generated_Source\PSoC5/cv_pedal.c **** * physical pin.
 106:Generated_Source\PSoC5/cv_pedal.c **** *
 107:Generated_Source\PSoC5/cv_pedal.c **** * \return 
 108:Generated_Source\PSoC5/cv_pedal.c **** *  The current value for the pins in the component as a right justified number.
ARM GAS  C:\Users\JEFFSN~1\AppData\Local\Temp\ccNd4Aeh.s 			page 18


 109:Generated_Source\PSoC5/cv_pedal.c **** *
 110:Generated_Source\PSoC5/cv_pedal.c **** * \funcusage
 111:Generated_Source\PSoC5/cv_pedal.c **** *  \snippet cv_pedal_SUT.c usage_cv_pedal_Read  
 112:Generated_Source\PSoC5/cv_pedal.c **** *******************************************************************************/
 113:Generated_Source\PSoC5/cv_pedal.c **** uint8 cv_pedal_Read(void)
 114:Generated_Source\PSoC5/cv_pedal.c **** {
 292              		.loc 1 114 0
 293              		.cfi_startproc
 294              		@ args = 0, pretend = 0, frame = 0
 295              		@ frame_needed = 0, uses_anonymous_args = 0
 296              		@ link register save eliminated.
 115:Generated_Source\PSoC5/cv_pedal.c ****     return (cv_pedal_PS & cv_pedal_MASK) >> cv_pedal_SHIFT;
 297              		.loc 1 115 0
 298 0000 024B     		ldr	r3, .L8
 299 0002 1878     		ldrb	r0, [r3]	@ zero_extendqisi2
 116:Generated_Source\PSoC5/cv_pedal.c **** }
 300              		.loc 1 116 0
 301 0004 C0F30010 		ubfx	r0, r0, #4, #1
 302 0008 7047     		bx	lr
 303              	.L9:
 304 000a 00BF     		.align	2
 305              	.L8:
 306 000c 31510040 		.word	1073762609
 307              		.cfi_endproc
 308              	.LFE2:
 309              		.size	cv_pedal_Read, .-cv_pedal_Read
 310              		.section	.text.cv_pedal_ReadDataReg,"ax",%progbits
 311              		.align	2
 312              		.global	cv_pedal_ReadDataReg
 313              		.thumb
 314              		.thumb_func
 315              		.type	cv_pedal_ReadDataReg, %function
 316              	cv_pedal_ReadDataReg:
 317              	.LFB3:
 117:Generated_Source\PSoC5/cv_pedal.c **** 
 118:Generated_Source\PSoC5/cv_pedal.c **** 
 119:Generated_Source\PSoC5/cv_pedal.c **** /*******************************************************************************
 120:Generated_Source\PSoC5/cv_pedal.c **** * Function Name: cv_pedal_ReadDataReg
 121:Generated_Source\PSoC5/cv_pedal.c **** ****************************************************************************//**
 122:Generated_Source\PSoC5/cv_pedal.c **** *
 123:Generated_Source\PSoC5/cv_pedal.c **** * \brief Reads the associated physical port's data output register and masks 
 124:Generated_Source\PSoC5/cv_pedal.c **** *  the correct bits according to the width and bit position of the component 
 125:Generated_Source\PSoC5/cv_pedal.c **** *  instance. 
 126:Generated_Source\PSoC5/cv_pedal.c **** *
 127:Generated_Source\PSoC5/cv_pedal.c **** * The data output register controls the signal applied to the physical pin in 
 128:Generated_Source\PSoC5/cv_pedal.c **** * conjunction with the drive mode parameter. This is not the same as the 
 129:Generated_Source\PSoC5/cv_pedal.c **** * preferred cv_pedal_Read() API because the 
 130:Generated_Source\PSoC5/cv_pedal.c **** * cv_pedal_ReadDataReg() reads the data register instead of the status 
 131:Generated_Source\PSoC5/cv_pedal.c **** * register. For output pins this is a useful function to determine the value 
 132:Generated_Source\PSoC5/cv_pedal.c **** * just written to the pin.
 133:Generated_Source\PSoC5/cv_pedal.c **** *
 134:Generated_Source\PSoC5/cv_pedal.c **** * \return 
 135:Generated_Source\PSoC5/cv_pedal.c **** *  The current value of the data register masked and shifted into a right 
 136:Generated_Source\PSoC5/cv_pedal.c **** *  justified number for the component instance.
 137:Generated_Source\PSoC5/cv_pedal.c **** *
 138:Generated_Source\PSoC5/cv_pedal.c **** * \funcusage
 139:Generated_Source\PSoC5/cv_pedal.c **** *  \snippet cv_pedal_SUT.c usage_cv_pedal_ReadDataReg 
ARM GAS  C:\Users\JEFFSN~1\AppData\Local\Temp\ccNd4Aeh.s 			page 19


 140:Generated_Source\PSoC5/cv_pedal.c **** *******************************************************************************/
 141:Generated_Source\PSoC5/cv_pedal.c **** uint8 cv_pedal_ReadDataReg(void)
 142:Generated_Source\PSoC5/cv_pedal.c **** {
 318              		.loc 1 142 0
 319              		.cfi_startproc
 320              		@ args = 0, pretend = 0, frame = 0
 321              		@ frame_needed = 0, uses_anonymous_args = 0
 322              		@ link register save eliminated.
 143:Generated_Source\PSoC5/cv_pedal.c ****     return (cv_pedal_DR & cv_pedal_MASK) >> cv_pedal_SHIFT;
 323              		.loc 1 143 0
 324 0000 024B     		ldr	r3, .L11
 325 0002 1878     		ldrb	r0, [r3]	@ zero_extendqisi2
 144:Generated_Source\PSoC5/cv_pedal.c **** }
 326              		.loc 1 144 0
 327 0004 C0F30010 		ubfx	r0, r0, #4, #1
 328 0008 7047     		bx	lr
 329              	.L12:
 330 000a 00BF     		.align	2
 331              	.L11:
 332 000c 30510040 		.word	1073762608
 333              		.cfi_endproc
 334              	.LFE3:
 335              		.size	cv_pedal_ReadDataReg, .-cv_pedal_ReadDataReg
 336              		.text
 337              	.Letext0:
 338              		.file 2 "Generated_Source\\PSoC5\\cytypes.h"
 339              		.section	.debug_info,"",%progbits
 340              	.Ldebug_info0:
 341 0000 1B010000 		.4byte	0x11b
 342 0004 0400     		.2byte	0x4
 343 0006 00000000 		.4byte	.Ldebug_abbrev0
 344 000a 04       		.byte	0x4
 345 000b 01       		.uleb128 0x1
 346 000c B0000000 		.4byte	.LASF20
 347 0010 0C       		.byte	0xc
 348 0011 26000000 		.4byte	.LASF21
 349 0015 94010000 		.4byte	.LASF22
 350 0019 00000000 		.4byte	.Ldebug_ranges0+0
 351 001d 00000000 		.4byte	0
 352 0021 00000000 		.4byte	.Ldebug_line0
 353 0025 02       		.uleb128 0x2
 354 0026 01       		.byte	0x1
 355 0027 06       		.byte	0x6
 356 0028 2B020000 		.4byte	.LASF0
 357 002c 02       		.uleb128 0x2
 358 002d 01       		.byte	0x1
 359 002e 08       		.byte	0x8
 360 002f 4E000000 		.4byte	.LASF1
 361 0033 02       		.uleb128 0x2
 362 0034 02       		.byte	0x2
 363 0035 05       		.byte	0x5
 364 0036 03020000 		.4byte	.LASF2
 365 003a 02       		.uleb128 0x2
 366 003b 02       		.byte	0x2
 367 003c 07       		.byte	0x7
 368 003d 73000000 		.4byte	.LASF3
 369 0041 02       		.uleb128 0x2
ARM GAS  C:\Users\JEFFSN~1\AppData\Local\Temp\ccNd4Aeh.s 			page 20


 370 0042 04       		.byte	0x4
 371 0043 05       		.byte	0x5
 372 0044 13020000 		.4byte	.LASF4
 373 0048 02       		.uleb128 0x2
 374 0049 04       		.byte	0x4
 375 004a 07       		.byte	0x7
 376 004b 61000000 		.4byte	.LASF5
 377 004f 02       		.uleb128 0x2
 378 0050 08       		.byte	0x8
 379 0051 05       		.byte	0x5
 380 0052 81010000 		.4byte	.LASF6
 381 0056 02       		.uleb128 0x2
 382 0057 08       		.byte	0x8
 383 0058 07       		.byte	0x7
 384 0059 65010000 		.4byte	.LASF7
 385 005d 03       		.uleb128 0x3
 386 005e 04       		.byte	0x4
 387 005f 05       		.byte	0x5
 388 0060 696E7400 		.ascii	"int\000"
 389 0064 02       		.uleb128 0x2
 390 0065 04       		.byte	0x4
 391 0066 07       		.byte	0x7
 392 0067 A3000000 		.4byte	.LASF8
 393 006b 04       		.uleb128 0x4
 394 006c 0D020000 		.4byte	.LASF12
 395 0070 02       		.byte	0x2
 396 0071 E901     		.2byte	0x1e9
 397 0073 2C000000 		.4byte	0x2c
 398 0077 02       		.uleb128 0x2
 399 0078 04       		.byte	0x4
 400 0079 04       		.byte	0x4
 401 007a 48000000 		.4byte	.LASF9
 402 007e 02       		.uleb128 0x2
 403 007f 08       		.byte	0x8
 404 0080 04       		.byte	0x4
 405 0081 86000000 		.4byte	.LASF10
 406 0085 02       		.uleb128 0x2
 407 0086 01       		.byte	0x1
 408 0087 08       		.byte	0x8
 409 0088 8F010000 		.4byte	.LASF11
 410 008c 04       		.uleb128 0x4
 411 008d 5C000000 		.4byte	.LASF13
 412 0091 02       		.byte	0x2
 413 0092 9302     		.2byte	0x293
 414 0094 98000000 		.4byte	0x98
 415 0098 05       		.uleb128 0x5
 416 0099 6B000000 		.4byte	0x6b
 417 009d 06       		.uleb128 0x6
 418 009e 1C020000 		.4byte	.LASF14
 419 00a2 01       		.byte	0x1
 420 00a3 39       		.byte	0x39
 421 00a4 00000000 		.4byte	.LFB0
 422 00a8 18000000 		.4byte	.LFE0-.LFB0
 423 00ac 01       		.uleb128 0x1
 424 00ad 9C       		.byte	0x9c
 425 00ae CF000000 		.4byte	0xcf
 426 00b2 07       		.uleb128 0x7
ARM GAS  C:\Users\JEFFSN~1\AppData\Local\Temp\ccNd4Aeh.s 			page 21


 427 00b3 15000000 		.4byte	.LASF16
 428 00b7 01       		.byte	0x1
 429 00b8 39       		.byte	0x39
 430 00b9 6B000000 		.4byte	0x6b
 431 00bd 00000000 		.4byte	.LLST0
 432 00c1 08       		.uleb128 0x8
 433 00c2 1B000000 		.4byte	.LASF23
 434 00c6 01       		.byte	0x1
 435 00c7 3B       		.byte	0x3b
 436 00c8 6B000000 		.4byte	0x6b
 437 00cc 01       		.uleb128 0x1
 438 00cd 53       		.byte	0x53
 439 00ce 00       		.byte	0
 440 00cf 06       		.uleb128 0x6
 441 00d0 8D000000 		.4byte	.LASF15
 442 00d4 01       		.byte	0x1
 443 00d5 5A       		.byte	0x5a
 444 00d6 00000000 		.4byte	.LFB1
 445 00da 18000000 		.4byte	.LFE1-.LFB1
 446 00de 01       		.uleb128 0x1
 447 00df 9C       		.byte	0x9c
 448 00e0 F4000000 		.4byte	0xf4
 449 00e4 07       		.uleb128 0x7
 450 00e5 7C010000 		.4byte	.LASF17
 451 00e9 01       		.byte	0x1
 452 00ea 5A       		.byte	0x5a
 453 00eb 6B000000 		.4byte	0x6b
 454 00ef 21000000 		.4byte	.LLST1
 455 00f3 00       		.byte	0
 456 00f4 09       		.uleb128 0x9
 457 00f5 57010000 		.4byte	.LASF18
 458 00f9 01       		.byte	0x1
 459 00fa 71       		.byte	0x71
 460 00fb 6B000000 		.4byte	0x6b
 461 00ff 00000000 		.4byte	.LFB2
 462 0103 10000000 		.4byte	.LFE2-.LFB2
 463 0107 01       		.uleb128 0x1
 464 0108 9C       		.byte	0x9c
 465 0109 09       		.uleb128 0x9
 466 010a 00000000 		.4byte	.LASF19
 467 010e 01       		.byte	0x1
 468 010f 8D       		.byte	0x8d
 469 0110 6B000000 		.4byte	0x6b
 470 0114 00000000 		.4byte	.LFB3
 471 0118 10000000 		.4byte	.LFE3-.LFB3
 472 011c 01       		.uleb128 0x1
 473 011d 9C       		.byte	0x9c
 474 011e 00       		.byte	0
 475              		.section	.debug_abbrev,"",%progbits
 476              	.Ldebug_abbrev0:
 477 0000 01       		.uleb128 0x1
 478 0001 11       		.uleb128 0x11
 479 0002 01       		.byte	0x1
 480 0003 25       		.uleb128 0x25
 481 0004 0E       		.uleb128 0xe
 482 0005 13       		.uleb128 0x13
 483 0006 0B       		.uleb128 0xb
ARM GAS  C:\Users\JEFFSN~1\AppData\Local\Temp\ccNd4Aeh.s 			page 22


 484 0007 03       		.uleb128 0x3
 485 0008 0E       		.uleb128 0xe
 486 0009 1B       		.uleb128 0x1b
 487 000a 0E       		.uleb128 0xe
 488 000b 55       		.uleb128 0x55
 489 000c 17       		.uleb128 0x17
 490 000d 11       		.uleb128 0x11
 491 000e 01       		.uleb128 0x1
 492 000f 10       		.uleb128 0x10
 493 0010 17       		.uleb128 0x17
 494 0011 00       		.byte	0
 495 0012 00       		.byte	0
 496 0013 02       		.uleb128 0x2
 497 0014 24       		.uleb128 0x24
 498 0015 00       		.byte	0
 499 0016 0B       		.uleb128 0xb
 500 0017 0B       		.uleb128 0xb
 501 0018 3E       		.uleb128 0x3e
 502 0019 0B       		.uleb128 0xb
 503 001a 03       		.uleb128 0x3
 504 001b 0E       		.uleb128 0xe
 505 001c 00       		.byte	0
 506 001d 00       		.byte	0
 507 001e 03       		.uleb128 0x3
 508 001f 24       		.uleb128 0x24
 509 0020 00       		.byte	0
 510 0021 0B       		.uleb128 0xb
 511 0022 0B       		.uleb128 0xb
 512 0023 3E       		.uleb128 0x3e
 513 0024 0B       		.uleb128 0xb
 514 0025 03       		.uleb128 0x3
 515 0026 08       		.uleb128 0x8
 516 0027 00       		.byte	0
 517 0028 00       		.byte	0
 518 0029 04       		.uleb128 0x4
 519 002a 16       		.uleb128 0x16
 520 002b 00       		.byte	0
 521 002c 03       		.uleb128 0x3
 522 002d 0E       		.uleb128 0xe
 523 002e 3A       		.uleb128 0x3a
 524 002f 0B       		.uleb128 0xb
 525 0030 3B       		.uleb128 0x3b
 526 0031 05       		.uleb128 0x5
 527 0032 49       		.uleb128 0x49
 528 0033 13       		.uleb128 0x13
 529 0034 00       		.byte	0
 530 0035 00       		.byte	0
 531 0036 05       		.uleb128 0x5
 532 0037 35       		.uleb128 0x35
 533 0038 00       		.byte	0
 534 0039 49       		.uleb128 0x49
 535 003a 13       		.uleb128 0x13
 536 003b 00       		.byte	0
 537 003c 00       		.byte	0
 538 003d 06       		.uleb128 0x6
 539 003e 2E       		.uleb128 0x2e
 540 003f 01       		.byte	0x1
ARM GAS  C:\Users\JEFFSN~1\AppData\Local\Temp\ccNd4Aeh.s 			page 23


 541 0040 3F       		.uleb128 0x3f
 542 0041 19       		.uleb128 0x19
 543 0042 03       		.uleb128 0x3
 544 0043 0E       		.uleb128 0xe
 545 0044 3A       		.uleb128 0x3a
 546 0045 0B       		.uleb128 0xb
 547 0046 3B       		.uleb128 0x3b
 548 0047 0B       		.uleb128 0xb
 549 0048 27       		.uleb128 0x27
 550 0049 19       		.uleb128 0x19
 551 004a 11       		.uleb128 0x11
 552 004b 01       		.uleb128 0x1
 553 004c 12       		.uleb128 0x12
 554 004d 06       		.uleb128 0x6
 555 004e 40       		.uleb128 0x40
 556 004f 18       		.uleb128 0x18
 557 0050 9742     		.uleb128 0x2117
 558 0052 19       		.uleb128 0x19
 559 0053 01       		.uleb128 0x1
 560 0054 13       		.uleb128 0x13
 561 0055 00       		.byte	0
 562 0056 00       		.byte	0
 563 0057 07       		.uleb128 0x7
 564 0058 05       		.uleb128 0x5
 565 0059 00       		.byte	0
 566 005a 03       		.uleb128 0x3
 567 005b 0E       		.uleb128 0xe
 568 005c 3A       		.uleb128 0x3a
 569 005d 0B       		.uleb128 0xb
 570 005e 3B       		.uleb128 0x3b
 571 005f 0B       		.uleb128 0xb
 572 0060 49       		.uleb128 0x49
 573 0061 13       		.uleb128 0x13
 574 0062 02       		.uleb128 0x2
 575 0063 17       		.uleb128 0x17
 576 0064 00       		.byte	0
 577 0065 00       		.byte	0
 578 0066 08       		.uleb128 0x8
 579 0067 34       		.uleb128 0x34
 580 0068 00       		.byte	0
 581 0069 03       		.uleb128 0x3
 582 006a 0E       		.uleb128 0xe
 583 006b 3A       		.uleb128 0x3a
 584 006c 0B       		.uleb128 0xb
 585 006d 3B       		.uleb128 0x3b
 586 006e 0B       		.uleb128 0xb
 587 006f 49       		.uleb128 0x49
 588 0070 13       		.uleb128 0x13
 589 0071 02       		.uleb128 0x2
 590 0072 18       		.uleb128 0x18
 591 0073 00       		.byte	0
 592 0074 00       		.byte	0
 593 0075 09       		.uleb128 0x9
 594 0076 2E       		.uleb128 0x2e
 595 0077 00       		.byte	0
 596 0078 3F       		.uleb128 0x3f
 597 0079 19       		.uleb128 0x19
ARM GAS  C:\Users\JEFFSN~1\AppData\Local\Temp\ccNd4Aeh.s 			page 24


 598 007a 03       		.uleb128 0x3
 599 007b 0E       		.uleb128 0xe
 600 007c 3A       		.uleb128 0x3a
 601 007d 0B       		.uleb128 0xb
 602 007e 3B       		.uleb128 0x3b
 603 007f 0B       		.uleb128 0xb
 604 0080 27       		.uleb128 0x27
 605 0081 19       		.uleb128 0x19
 606 0082 49       		.uleb128 0x49
 607 0083 13       		.uleb128 0x13
 608 0084 11       		.uleb128 0x11
 609 0085 01       		.uleb128 0x1
 610 0086 12       		.uleb128 0x12
 611 0087 06       		.uleb128 0x6
 612 0088 40       		.uleb128 0x40
 613 0089 18       		.uleb128 0x18
 614 008a 9742     		.uleb128 0x2117
 615 008c 19       		.uleb128 0x19
 616 008d 00       		.byte	0
 617 008e 00       		.byte	0
 618 008f 00       		.byte	0
 619              		.section	.debug_loc,"",%progbits
 620              	.Ldebug_loc0:
 621              	.LLST0:
 622 0000 00000000 		.4byte	.LVL0
 623 0004 0A000000 		.4byte	.LVL2
 624 0008 0100     		.2byte	0x1
 625 000a 50       		.byte	0x50
 626 000b 0A000000 		.4byte	.LVL2
 627 000f 18000000 		.4byte	.LFE0
 628 0013 0400     		.2byte	0x4
 629 0015 F3       		.byte	0xf3
 630 0016 01       		.uleb128 0x1
 631 0017 50       		.byte	0x50
 632 0018 9F       		.byte	0x9f
 633 0019 00000000 		.4byte	0
 634 001d 00000000 		.4byte	0
 635              	.LLST1:
 636 0021 00000000 		.4byte	.LVL3
 637 0025 0C000000 		.4byte	.LVL4
 638 0029 0100     		.2byte	0x1
 639 002b 50       		.byte	0x50
 640 002c 0C000000 		.4byte	.LVL4
 641 0030 18000000 		.4byte	.LFE1
 642 0034 0400     		.2byte	0x4
 643 0036 F3       		.byte	0xf3
 644 0037 01       		.uleb128 0x1
 645 0038 50       		.byte	0x50
 646 0039 9F       		.byte	0x9f
 647 003a 00000000 		.4byte	0
 648 003e 00000000 		.4byte	0
 649              		.section	.debug_aranges,"",%progbits
 650 0000 34000000 		.4byte	0x34
 651 0004 0200     		.2byte	0x2
 652 0006 00000000 		.4byte	.Ldebug_info0
 653 000a 04       		.byte	0x4
 654 000b 00       		.byte	0
ARM GAS  C:\Users\JEFFSN~1\AppData\Local\Temp\ccNd4Aeh.s 			page 25


 655 000c 0000     		.2byte	0
 656 000e 0000     		.2byte	0
 657 0010 00000000 		.4byte	.LFB0
 658 0014 18000000 		.4byte	.LFE0-.LFB0
 659 0018 00000000 		.4byte	.LFB1
 660 001c 18000000 		.4byte	.LFE1-.LFB1
 661 0020 00000000 		.4byte	.LFB2
 662 0024 10000000 		.4byte	.LFE2-.LFB2
 663 0028 00000000 		.4byte	.LFB3
 664 002c 10000000 		.4byte	.LFE3-.LFB3
 665 0030 00000000 		.4byte	0
 666 0034 00000000 		.4byte	0
 667              		.section	.debug_ranges,"",%progbits
 668              	.Ldebug_ranges0:
 669 0000 00000000 		.4byte	.LFB0
 670 0004 18000000 		.4byte	.LFE0
 671 0008 00000000 		.4byte	.LFB1
 672 000c 18000000 		.4byte	.LFE1
 673 0010 00000000 		.4byte	.LFB2
 674 0014 10000000 		.4byte	.LFE2
 675 0018 00000000 		.4byte	.LFB3
 676 001c 10000000 		.4byte	.LFE3
 677 0020 00000000 		.4byte	0
 678 0024 00000000 		.4byte	0
 679              		.section	.debug_line,"",%progbits
 680              	.Ldebug_line0:
 681 0000 91000000 		.section	.debug_str,"MS",%progbits,1
 681      02004500 
 681      00000201 
 681      FB0E0D00 
 681      01010101 
 682              	.LASF19:
 683 0000 63765F70 		.ascii	"cv_pedal_ReadDataReg\000"
 683      6564616C 
 683      5F526561 
 683      64446174 
 683      61526567 
 684              	.LASF16:
 685 0015 76616C75 		.ascii	"value\000"
 685      6500
 686              	.LASF23:
 687 001b 73746174 		.ascii	"staticBits\000"
 687      69634269 
 687      747300
 688              	.LASF21:
 689 0026 47656E65 		.ascii	"Generated_Source\\PSoC5\\cv_pedal.c\000"
 689      72617465 
 689      645F536F 
 689      75726365 
 689      5C50536F 
 690              	.LASF9:
 691 0048 666C6F61 		.ascii	"float\000"
 691      7400
 692              	.LASF1:
 693 004e 756E7369 		.ascii	"unsigned char\000"
 693      676E6564 
 693      20636861 
ARM GAS  C:\Users\JEFFSN~1\AppData\Local\Temp\ccNd4Aeh.s 			page 26


 693      7200
 694              	.LASF13:
 695 005c 72656738 		.ascii	"reg8\000"
 695      00
 696              	.LASF5:
 697 0061 6C6F6E67 		.ascii	"long unsigned int\000"
 697      20756E73 
 697      69676E65 
 697      6420696E 
 697      7400
 698              	.LASF3:
 699 0073 73686F72 		.ascii	"short unsigned int\000"
 699      7420756E 
 699      7369676E 
 699      65642069 
 699      6E7400
 700              	.LASF10:
 701 0086 646F7562 		.ascii	"double\000"
 701      6C6500
 702              	.LASF15:
 703 008d 63765F70 		.ascii	"cv_pedal_SetDriveMode\000"
 703      6564616C 
 703      5F536574 
 703      44726976 
 703      654D6F64 
 704              	.LASF8:
 705 00a3 756E7369 		.ascii	"unsigned int\000"
 705      676E6564 
 705      20696E74 
 705      00
 706              	.LASF20:
 707 00b0 474E5520 		.ascii	"GNU C11 5.4.1 20160609 (release) [ARM/embedded-5-br"
 707      43313120 
 707      352E342E 
 707      31203230 
 707      31363036 
 708 00e3 616E6368 		.ascii	"anch revision 237715] -mcpu=cortex-m3 -mthumb -g -O"
 708      20726576 
 708      6973696F 
 708      6E203233 
 708      37373135 
 709 0116 67202D66 		.ascii	"g -ffunction-sections -ffat-lto-objects -finline-fu"
 709      66756E63 
 709      74696F6E 
 709      2D736563 
 709      74696F6E 
 710 0149 6E637469 		.ascii	"nctions -flto\000"
 710      6F6E7320 
 710      2D666C74 
 710      6F00
 711              	.LASF18:
 712 0157 63765F70 		.ascii	"cv_pedal_Read\000"
 712      6564616C 
 712      5F526561 
 712      6400
 713              	.LASF7:
 714 0165 6C6F6E67 		.ascii	"long long unsigned int\000"
ARM GAS  C:\Users\JEFFSN~1\AppData\Local\Temp\ccNd4Aeh.s 			page 27


 714      206C6F6E 
 714      6720756E 
 714      7369676E 
 714      65642069 
 715              	.LASF17:
 716 017c 6D6F6465 		.ascii	"mode\000"
 716      00
 717              	.LASF6:
 718 0181 6C6F6E67 		.ascii	"long long int\000"
 718      206C6F6E 
 718      6720696E 
 718      7400
 719              	.LASF11:
 720 018f 63686172 		.ascii	"char\000"
 720      00
 721              	.LASF22:
 722 0194 433A5C55 		.ascii	"C:\\Users\\JeffSnyder\\dev\\Electrobass_embedded\\P"
 722      73657273 
 722      5C4A6566 
 722      66536E79 
 722      6465725C 
 723 01c2 534F4335 		.ascii	"SOC5_electrobass_stringsensors\\CE210514_PSOC3_5_Th"
 723      5F656C65 
 723      6374726F 
 723      62617373 
 723      5F737472 
 724 01f4 65726D69 		.ascii	"ermistor.cydsn\000"
 724      73746F72 
 724      2E637964 
 724      736E00
 725              	.LASF2:
 726 0203 73686F72 		.ascii	"short int\000"
 726      7420696E 
 726      7400
 727              	.LASF12:
 728 020d 75696E74 		.ascii	"uint8\000"
 728      3800
 729              	.LASF4:
 730 0213 6C6F6E67 		.ascii	"long int\000"
 730      20696E74 
 730      00
 731              	.LASF14:
 732 021c 63765F70 		.ascii	"cv_pedal_Write\000"
 732      6564616C 
 732      5F577269 
 732      746500
 733              	.LASF0:
 734 022b 7369676E 		.ascii	"signed char\000"
 734      65642063 
 734      68617200 
 735              		.comm	__gnu_lto_v1,1,1
 736              		.ident	"GCC: (GNU Tools for ARM Embedded Processors) 5.4.1 20160609 (release) [ARM/embedded-5-bran
