ARM GAS  C:\Users\JEFFSN~1\AppData\Local\Temp\cc1mFkY8.s 			page 1


   1              		.syntax unified
   2              		.cpu cortex-m3
   3              		.fpu softvfp
   4              		.eabi_attribute 20, 1
   5              		.eabi_attribute 21, 1
   6              		.eabi_attribute 23, 3
   7              		.eabi_attribute 24, 1
   8              		.eabi_attribute 25, 1
   9              		.eabi_attribute 26, 1
  10              		.eabi_attribute 30, 2
  11              		.eabi_attribute 34, 1
  12              		.eabi_attribute 18, 4
  13              		.thumb
  14              		.syntax unified
  15              		.file	"CV_pedal_sense.c"
  16              		.text
  17              	.Ltext0:
  18              		.section	.gnu.lto_.profile.47c3267,"",%progbits
  19 0000 789C6361 		.ascii	"x\234ca`d`a`\000\222\222\242\000\000\261\0009"
  19      60646061 
  19      60009292 
  19      A20000B1 
  19      0039
  20              		.text
  21              		.section	.gnu.lto_.icf.47c3267,"",%progbits
  22 0000 789C6361 		.ascii	"x\234ca`d\000\001)\006\004`a8q\276\377\022?\343\372"
  22      60640001 
  22      29060460 
  22      613871BE 
  22      FF123FE3 
  23 0015 2927B6F2 		.ascii	")'\266\3621\275\335\335v\222\225y\306\363\346\353|\014"
  23      31BDDDDD 
  23      76929579 
  23      C6F3E6EB 
  23      7C0C
  24 0027 00A3FC0B 		.ascii	"\000\243\374\013\342"
  24      E2
  25              		.text
  26              		.section	.gnu.lto_.jmpfuncs.47c3267,"",%progbits
  27 0000 789C6361 		.ascii	"x\234ca`d\000\001!\006\004`a`dd\254g\004\021L\014\014"
  27      60640001 
  27      21060460 
  27      61606464 
  27      AC670411 
  28 0017 CC401100 		.ascii	"\314@\021\000\016\"\001&"
  28      0E220126 
  29              		.text
  30              		.section	.gnu.lto_.inline.47c3267,"",%progbits
  31 0000 789C6361 		.ascii	"x\234ca`d\000\201$\006\004`a`\340\344`dd\340\000J1s"
  31      60640081 
  31      24060460 
  31      6160E0E4 
  31      606464E0 
  32 0018 1CB06360 		.ascii	"\034\260c`[ \317\304\300\262@\236\005$\013\024g\307"
  32      5B20CFC4 
  32      C0B2409E 
  32      05240B14 
ARM GAS  C:\Users\JEFFSN~1\AppData\Local\Temp\cc1mFkY8.s 			page 2


  32      67C7
  33 002a 9064BAC0 		.ascii	"\220d\272\300\017\226db`ced`b\373\240\007\021\007\002"
  33      0F966462 
  33      60636564 
  33      6062FBA0 
  33      07110702 
  34 003e 664C2106 		.ascii	"fL!\006\000\346\332\011\346"
  34      00E6DA09 
  34      E6
  35              		.text
  36              		.section	.gnu.lto_.pureconst.47c3267,"",%progbits
  37 0000 789C6361 		.ascii	"x\234ca`d\340d```a\220b\224b\222b\226\002\000\002\261"
  37      6064E064 
  37      60606061 
  37      90629462 
  37      92629602 
  38 0017 0081     		.ascii	"\000\201"
  39              		.text
  40              		.section	.gnu.lto_CV_pedal_sense_Write.47c3267,"",%progbits
  41 0000 789C5551 		.ascii	"x\234UQMKTa\024>\317\373\336\017m\372\370\001\316\302"
  41      4D4B5461 
  41      143ECFFB 
  41      DE0F6DFA 
  41      F801CEC2 
  42 0014 8D980551 		.ascii	"\215\230\005QD\253v\271h+\011\255\214a\030\357B0\015"
  42      44AB76B9 
  42      682B09AD 
  42      8C6118EF 
  42      42300D
  43 0027 676CEB7B 		.ascii	"gl\353{\035g\004WB4\022d\202!\332\227_\255\202\026\267"
  43      1D670457 
  43      42341264 
  43      8221DA97 
  43      5FAD8216 
  44 003c 0B6E6B23 		.ascii	"\013nk#A\037\304\340\342\006-b\204\206\221\306\232\316"
  44      411FC4E0 
  44      E2062D62 
  44      848691C6 
  44      9ACE
  45 004e 79EF260F 		.ascii	"y\357&\017\274\037\367\334\347y\316s\316\353\020H\342"
  45      BC1FF7DC 
  45      E779CE73 
  45      CEEB1048 
  45      E2
  46 005f 8222BACE 		.ascii	"\202\"\272\316g\017/h\202Z|O\024v)@.\246\0134\2430\203"
  46      670F2F68 
  46      825A7C4F 
  46      14762940 
  46      2EA60B34 
  47 0076 A6FAA310 		.ascii	"\246\372\243\020\317'o\324\300\272\341\250\257=\321"
  47      CF276FD4 
  47      C0BAE1A8 
  47      AF3DD1
  48 0085 66234245 		.ascii	"f#BE\023u\224U\"\254c\200Q\337\337\316\357C_\004\361"
  48      13759455 
  48      22AC6380 
  48      51DFDFCE 
ARM GAS  C:\Users\JEFFSN~1\AppData\Local\Temp\cc1mFkY8.s 			page 3


  48      EF435F04 
  49 009a BD1A371B 		.ascii	"\275\0327\033\231\3765cf\215yp\307\350\212\0066\240"
  49      99FE3563 
  49      668D7970 
  49      C7E88A06 
  49      36A0
  50 00ac 9981AB59 		.ascii	"\231\201\253Y\\\316\022'\010\317\320/\340\243\317\373"
  50      5CCE1227 
  50      08CFD02F 
  50      E0A3CFFB 
  51 00bc 9B67F515 		.ascii	"\233g\365\025K\\4\311\352\351\276\247B\214Zw\227L\024"
  51      4B5C34C9 
  51      EAE9BEA7 
  51      428C5A77 
  51      974C14
  52 00cf F60AF7F9 		.ascii	"\366\012\367\371\377\\\011\206\036\354\374}x\306\233"
  52      FF5C0986 
  52      1EECFC7D 
  52      78C69B
  53 00de 1357BD78 		.ascii	"\023W\275x\201\276\324\017^\302\343\016!\231\255[\221"
  53      81BED40F 
  53      5EC2E30E 
  53      2199AD5B 
  53      91
  54 00ef E974CA26 		.ascii	"\351t\312&j\272M\335\255\270\250\342N\371\207\003\251"
  54      6ABA4DDD 
  54      ADB8A8E2 
  54      4EF98703 
  54      A9
  55 0100 ED4AC293 		.ascii	"\355J\302\223\315\227\215\250\301K\272?TJN\235 \376"
  55      CD978DA8 
  55      C14BBA3F 
  55      544A4E9D 
  55      20FE
  56 0112 BDF06DC9 		.ascii	"\275\360m\311\027\315\262\226I\324*\361\007\377\227"
  56      17CDB296 
  56      49D42AF1 
  56      07FF97
  57 0121 AA686DDD 		.ascii	"\252hm\335~\372\362\350\247\227~n\257\206\306\341T}"
  57      7EFAF2E8 
  57      A7977E6E 
  57      AF86C6E1 
  57      547D
  58 0133 E171DB5F 		.ascii	"\341q\333_\301r8\3073r\260\211,^\201=c\013+\240\004"
  58      C17238C7 
  58      3372B089 
  58      2C5E813D 
  58      630B2BA0 
  59 0148 E5E3EA57 		.ascii	"\345\343\352W\244\202:\325\374\270\274W\313\210\010"
  59      A4823AD5 
  59      FCB8BC57 
  59      CB8808
  60 0157 D006B619 		.ascii	"\320\006\266\031|\000e\333`\247\214\022R\243\232\264"
  60      7C0065DB 
  60      60A78C12 
  60      52A39AB4 
  61 0167 BA53965B 		.ascii	"\272S\226[\326Rg\257\323\212\316\011\313e\360\016\223"
ARM GAS  C:\Users\JEFFSN~1\AppData\Local\Temp\cc1mFkY8.s 			page 4


  61      D65267AF 
  61      D38ACE09 
  61      CB65F00E 
  61      93
  62 0178 ACF4B14A 		.ascii	"\254\364\261JA\202c\320\273\372\356\241\225v\340`7\005"
  62      418263D0 
  62      BBFAEEA1 
  62      9576E060 
  62      3705
  63 018a 1D7929C4 		.ascii	"\035y)\304\267\006<N\3055k\350\204\371\320\230\314I"
  63      B7063C4E 
  63      C5356BE8 
  63      84F9D098 
  63      CC49
  64 019c FFAFD93F 		.ascii	"\377\257\331?\263\350\007f\243\266+\004\373\020\015"
  64      B3E80766 
  64      A3B62B04 
  64      FB100D
  65 01ab 0599154F 		.ascii	"\005\231\025O\356\374\315`\"\230\312\227\202\321\334"
  65      EEFCCD60 
  65      2298CA97 
  65      82D1DC
  66 01ba F0E4F454 		.ascii	"\360\344\364T!\030\031\032\236\034\27462x;w/\030\315"
  66      2118191A 
  66      9E1CBC36 
  66      32783B77 
  66      2F18CD
  67 01cd 8FE78AC1 		.ascii	"\217\347\212\301D1\270T \367~~|:8U,\345Kc\205\033c\245"
  67      4431B854 
  67      20F77E7E 
  67      7C3A3855 
  67      2CE54B63 
  68 01e5 E23F171C 		.ascii	"\342?\027\034\307K"
  68      C74B
  69              		.text
  70              		.section	.gnu.lto_CV_pedal_sense_SetDriveMode.47c3267,"",%progbits
  71 0000 789C7D51 		.ascii	"x\234}Q\271J\003Q\024\275\347\275\311L\202\350\017\230"
  71      B94A0351 
  71      14BDE7BD 
  71      C94C82E8 
  71      0F98
  72 0012 C24E4550 		.ascii	"\302NEPA\374\002A[Q\260\212\0041\323\251q\255}I\014"
  72      41FC0241 
  72      5B51B08A 
  72      0431D3A9 
  72      71AD7D49 
  73 0027 823682A8 		.ascii	"\2026\202\250\340\202Z\210\373\206\225]\014\250\235"
  73      E0825A88 
  73      FB86955D 
  73      0CA89D
  74 0036 76161622 		.ascii	"v\026\026\"\026A\004%n(n\361\336\211E*\037\363\356r"
  74      16410425 
  74      6E286EF1 
  74      DE89452A 
  74      1FF3EE72 
  75 004a 38E770EF 		.ascii	"8\347p\357\033\213@rn9\325p.\345\013MP\023gD1\277\002"
  75      1B8B4072 
ARM GAS  C:\Users\JEFFSN~1\AppData\Local\Temp\cc1mFkY8.s 			page 5


  75      6E39D570 
  75      2EE50B4D 
  75      50136744 
  76 0061 A4307ED0 		.ascii	"\2440~\320\260\3020^\325\267Bz4s\250*W\015\237\353\343"
  76      B0C2305E 
  76      D5B7427A 
  76      3473A82A 
  76      570D9FEB 
  77 0076 875AB396 		.ascii	"\207Z\263\226BR\023\345\224\347DXE%\263\236\017V&\213"
  77      425213E5 
  77      94E74458 
  77      4525B39E 
  77      0F56268B 
  78 008a 741588EB 		.ascii	"t\025\210\353\307\263\354UI\371\2121qc\366\333\215N"
  78      C7B3EC55 
  78      49F98A31 
  78      7163F6DB 
  78      8D4E
  79 009c 6A600D9A 		.ascii	"j`\015\232\025\250\013\2426H\014\020\326Q.\344\233\375"
  79      15A80BA2 
  79      36480C10 
  79      D6512EE4 
  79      9BFD
  80 00ae 9FA9627B 		.ascii	"\237\251b{D\354\313\362\246\330\200-c\356\266\244L."
  80      44ECCBF2 
  80      A6D8802D 
  80      63EEB6A4 
  80      4C2E
  81 00c0 9730A937 		.ascii	"\2270\2517\373\350\303.R,S\232\203\266$\370 \016\266"
  81      FBE8C32E 
  81      522C539A 
  81      83B624F8 
  81      200EB6
  82 00d3 948E04BF 		.ascii	"\224\216\004\277\204\200p\210\262|e\221G\245$\353\014"
  82      84807088 
  82      B27C6591 
  82      47A524EB 
  82      0C
  83 00e4 D21F6399 		.ascii	"\322\037c\2319K\234\023Z\226\232N\246\317\235\027\225"
  83      394B9C13 
  83      5A969A4E 
  83      A6CF9D17 
  83      95
  84 00f5 D49637F1 		.ascii	"\324\2267\361\351\351\353\362_;\273\0243\026C\3633G"
  84      E9E9EBF2 
  84      5F3BBB14 
  84      331643F3 
  84      3347
  85 0107 EFF62216 		.ascii	"\357\366\"\026b#\274\256\017[\010b\023A\236n\033\213"
  85      6223BCAE 
  85      0F5B0862 
  85      13419E6E 
  85      1B8B
  86 0119 A00CE24F 		.ascii	"\240\014\342ON\336N\263#\367\211/;\337[\014\261\376"
  86      4EDE4EB3 
  86      23F7892F 
  86      3BDF5B0C 
ARM GAS  C:\Users\JEFFSN~1\AppData\Local\Temp\cc1mFkY8.s 			page 6


  86      B1FE
  87 012b F264FC3B 		.ascii	"\362d\374; \226\032}\330ae\201\204?_\241\304a\210%\367"
  87      20961A7D 
  87      D8616581 
  87      843F5FA1 
  87      C4618825 
  88 0140 179B5B3A 		.ascii	"\027\233[:/)\301\256'I\274\377Q\374\236\261S\350\022"
  88      2F29C1AE 
  88      2749BCFF 
  88      51FC9EB1 
  88      53E812
  89 0153 6094FBF4 		.ascii	"`\224\373\3644\244\377o\344=\036\231\371t\207x\352\263"
  89      34A4FF6F 
  89      E43D1E99 
  89      F9748778 
  89      EAB3
  90 0165 51D8DEAF 		.ascii	"Q\330\336\257\313*\310\363\360cU4\271=n\177\307\240"
  90      CB2AC8F3 
  90      F0635534 
  90      B93D6E7F 
  90      C7A0
  91 0177 1B09B746 		.ascii	"\033\011\267F\207\372;\335Psk\264\241>\324\320\026\356"
  91      87FA3BDD 
  91      50736BB4 
  91      A13ED4D0 
  91      16EE
  92 0189 75231D5D 		.ascii	"u#\035]\341\001\267g\300\255\356$\253;\032q\177\001"
  92      E101B767 
  92      C0ADEE24 
  92      AB3B1A71 
  92      7F01
  93 019b EC0BA937 		.ascii	"\354\013\2517"
  94              		.text
  95              		.section	.gnu.lto_CV_pedal_sense_Read.47c3267,"",%progbits
  96 0000 789C354F 		.ascii	"x\2345OMKBQ\020\235s\357\363\203\242\372\001\271h\231"
  96      4D4B4251 
  96      109D73EF 
  96      F383A2FA 
  96      01B96899 
  97 0014 2D228820 		.ascii	"-\"\210 \332\012\265\215\004W\202\210\276]hh\255}\317"
  97      DA0AB58D 
  97      04578288 
  97      BE5D6868 
  97      AD7DCF
  98 0027 E72B8816 		.ascii	"\347+\210\026m\252M%\004\241}Q\376\003\023\202 (\"\202"
  98      6DAA4D25 
  98      04A17D51 
  98      FE031382 
  98      20282282 
  99 003b A0908830 		.ascii	"\240\220\2100hUb\010b\275\346\366h\340\316\334\2319"
  99      68556208 
  99      62BDE6F6 
  99      68E0CEDC 
  99      9939
 100 004d 67CE8C46 		.ascii	"g\316\214F e\021\016#\034\007\371A\022\304\3725\221"
 100      2065110E 
 100      231C07F9 
ARM GAS  C:\Users\JEFFSN~1\AppData\Local\Temp\cc1mFkY8.s 			page 7


 100      4112C4FA 
 100      3591
 101 005f E91780FA 		.ascii	"\351\027\200\372\030~PN \207/\361-p\325\276\\\353\011"
 101      187E504E 
 101      20872FF1 
 101      2D70D5BE 
 101      5CEB09
 102 0072 960C236F 		.ascii	"\226\014#o<\357w&\267\312U\330\222\310\021\204\361\000"
 102      3CEF7726 
 102      B7CA55D8 
 102      92C81184 
 102      F100
 103 0084 C6026A44 		.ascii	"\306\002jD\011Ab\350K\345g\243\317[0\330\206\024\200"
 103      094162E8 
 103      4BE567A3 
 103      CF5B30D8 
 103      861480
 104 0097 3B657895 		.ascii	";ex\225\344\351\\\325p\034\313\250\336\373\316\037|"
 104      E4E95CD5 
 104      701CCBA8 
 104      DEFBCE1F 
 104      7C
 105 00a8 3E902D59 		.ascii	">\220-Y\227\235\306Nx\224\363\222\032K\037LSK|\012\241"
 105      979DC64E 
 105      7894F392 
 105      1A4B1F4C 
 105      534B7C0A 
 106 00bd A26CA0D6 		.ascii	"\242l\240\326Y\255\357N\251I\226\224\254\262i\327n|"
 106      59ADEF4E 
 106      A9499694 
 106      ACB269D7 
 106      6E7C
 107 00cf 2D614B09 		.ascii	"-aK\011%\232\177\253?\366\272ie\31744.\331\346\335S"
 107      259A7FAB 
 107      3FF6BA69 
 107      65CF3434 
 107      2ED9E6DD 
 108 00e4 7F113B66 		.ascii	"\177\021;f\201W\325p\210\000\016\300\213\342\010EP\003"
 108      8157D570 
 108      88000EC0 
 108      8BE20845 
 108      5003
 109 00f6 56779A2C 		.ascii	"Vw\232,\011w\334m\341l[*>\240\341\230a\015\344\233+"
 109      0977DC6D 
 109      E16C5B2A 
 109      3EA0E198 
 109      610DE49B 
 110 010b 5DE90A6A 		.ascii	"]\351\012j\214S\214\346r\313\353V<\\d\332\205\323\256"
 110      8C538CE6 
 110      72CBEB56 
 110      3C5C64DA 
 110      85D3AE
 111 011e 0E289A80 		.ascii	"\016(\232\200\300\311?\355\025.H\341\350\235;nF\177"
 111      C0C93FED 
 111      152E48E1 
 111      E89D3B6E 
 111      467F
ARM GAS  C:\Users\JEFFSN~1\AppData\Local\Temp\cc1mFkY8.s 			page 8


 112 0130 87411DC4 		.ascii	"\207A\035\304\347\015\317\350)=\023_\324\223\261pz)"
 112      E70DCFE8 
 112      293D135F 
 112      D493B170 
 112      7A29
 113 0142 93D0A3B3 		.ascii	"\223\320\243\263\341th\"\032\212\304\026\364d|>\226"
 113      E1746822 
 113      1A8AC416 
 113      F4647C3E 
 113      96
 114 0153 D553597D 		.ascii	"\325SY}4A\2777\357~\376"
 114      3441BF37 
 114      EF7EFE
 115              		.text
 116              		.section	.gnu.lto_CV_pedal_sense_ReadDataReg.47c3267,"",%progbits
 117 0000 789C354F 		.ascii	"x\2345OMKBQ\020\235s\357\363)B\364\003r\3212[D\020-"
 117      4D4B4251 
 117      109D73EF 
 117      F32942F4 
 117      0372D132 
 118 0018 6A2BD436 		.ascii	"j+\3246\022Z\011\"\372v\241\241\265\366\351\323\002"
 118      125A0922 
 118      FA76A1A1 
 118      B5F6E9D3 
 118      02
 119 0029 69D1A622 		.ascii	"i\321\246\"0\204 \324>\310~@\360\022\202 \350c\031m"
 119      308420D4 
 119      3EC87E40 
 119      F0128220 
 119      E863196D 
 120 003d 24C2458B 		.ascii	"$\302E\213(1\2042_s{4pg\356\314\2343gF#\220\262%\016"
 120      28318432 
 120      5F737B34 
 120      7067EECC 
 120      9C336746 
 121 0056 E31C47F8 		.ascii	"\343\034G\370A\022\304\326-Q\316'\000\3651}\240\254"
 121      4112C4D6 
 121      2D51CE27 
 121      00F5317D 
 121      A0AC
 122 0068 40169FE2 		.ascii	"@\026\237\342G\340\246w\275\351\017VM3o\266\016\253"
 122      47E0A677 
 122      BDE90F56 
 122      4D336FB6 
 122      0EAB
 123 007a 33BB351B 		.ascii	"3\2735\033EI\344\010\302T\000\223\0015\242\212 1\364"
 123      4549E408 
 123      C2540093 
 123      0135A28A 
 123      2031F4
 124 008d F97CB03D 		.ascii	"\371|\260=\244\027L\266Q\005\340N\015\272\222<[\264"
 124      A4174CB6 
 124      5105E04E 
 124      0DBA923C 
 124      5BB4
 125 009f 4DC7B14C 		.ascii	"M\307\261L\373\302\177y\357\367\202\212\222u\331i\354"
 125      FBC27F79 
ARM GAS  C:\Users\JEFFSN~1\AppData\Local\Temp\cc1mFkY8.s 			page 9


 125      EFF7828A 
 125      9275D969 
 125      EC
 126 00b0 8447399D 		.ascii	"\204G9\235\324Xzg\232Z\342C\010\025e\033\315\257\322"
 126      D4587A67 
 126      9A5AE243 
 126      0815651B 
 126      CDAFD2
 127 00c3 A03EAB26 		.ascii	"\240>\253&YR\262\312N\261y\347\355\212\242\224P\242"
 127      5952B2CA 
 127      4EB179E7 
 127      ED8AA294 
 127      50A2
 128 00d5 8F4F7B6F 		.ascii	"\217O{o\272\2336\016r\246\306\245V\251\374\355\255`"
 128      BA9B360E 
 128      72A6C6A5 
 128      56A9FCED 
 128      AD60
 129 00e7 3F57E055 		.ascii	"?W\340U5\034!\200:xQ\034\243\002j\303\352\317\221%\341"
 129      351C2180 
 129      3A78511C 
 129      A3026AC3 
 129      EACF9125 
 130 00fc 8E7B2834 		.ascii	"\216{(4\312R\361\001\015'\014k#\337\331\350KWPc\234"
 130      CA52F101 
 130      0D270C6B 
 130      23DFD9E8 
 130      4B575063 
 131 0111 6274D6BB 		.ascii	"bt\326\273\272[\361p\221iWN\317\036V4\001\201\323\177"
 131      BA5BF170 
 131      9169574E 
 131      CF1E5634 
 131      0181D37F 
 132 0125 DA0B5C90 		.ascii	"\332\013\\\220\302\321+w\334\214\376\016\203:\210\317"
 132      C2D12B77 
 132      DC8CFE0E 
 132      833A88CF 
 133 0135 1B9B3792 		.ascii	"\033\2337\222F:\266j$\242\341\324Z:nD\026\302\251\320"
 133      463AB66A 
 133      24A2E1D4 
 133      5A3A6E44 
 133      16C2A9D0 
 134 0149 7424B414 		.ascii	"t$\264\024]1\022\261\345h\306Hf\214\2118\375\002\024"
 134      5D3112B1 
 134      E568C648 
 134      668C8938 
 134      FD0214
 135 015c 647F15   		.ascii	"d\177\025"
 136              		.text
 137              		.section	.gnu.lto_.symbol_nodes.47c3267,"",%progbits
 138 0000 789C6361 		.ascii	"x\234ca`dpc\000\002&\206z\006\206\011\347\030@\324\256"
 138      60647063 
 138      00022686 
 138      7A068609 
 138      E71840D4 
 139 0015 0645A000 		.ascii	"\006E\240\000c=#\252\000S=\023\252\000s=3\212\000\003"
 139      633D23AA 
ARM GAS  C:\Users\JEFFSN~1\AppData\Local\Temp\cc1mFkY8.s 			page 10


 139      00533D13 
 139      AA00733D 
 139      338A0003 
 140 0029 0026B60F 		.ascii	"\000&\266\017<"
 140      3C
 141              		.text
 142              		.section	.gnu.lto_.refs.47c3267,"",%progbits
 143 0000 789C6361 		.ascii	"x\234ca`\004B \000\000\0009\000\007"
 143      60044220 
 143      00000039 
 143      0007
 144              		.text
 145              		.section	.gnu.lto_.decls.47c3267,"",%progbits
 146 0000 789C8D53 		.ascii	"x\234\215S]H\024Q\024\276gf\\e2\015\223\220\332\207"
 146      5D481451 
 146      14BE6766 
 146      5C65320D 
 146      9390DA87 
 147 0014 CDA77DB2 		.ascii	"\315\247}\262$\002\037\242\004%\237\312P\264\027aY\335"
 147      24021FA2 
 147      04259FCA 
 147      50B41761 
 147      59DD
 148 0026 C184505B 		.ascii	"\301\204P[\327\300\267\253kTF\244\201\232\177\251Q\246"
 148      D7C0B7AB 
 148      6B5446A4 
 148      819A7FA9 
 148      51A6
 149 0038 F99FABE9 		.ascii	"\371\237\253\351\346\317&d\022\030\212$\205E\202\031"
 149      E6CF2664 
 149      12188A24 
 149      85458219 
 150 0048 88065BF9 		.ascii	"\210\006[\371\342\203m\347\336\231i\266m\203\016sf\316"
 150      E2836DE7 
 150      DE9969B6 
 150      6D830E73 
 150      66CE
 151 005a B9F77CDF 		.ascii	"\271\367|\337\371\356\231\031\211\000a\226*\021\342"
 151      F9EE9919 
 151      89006196 
 151      2A11E2
 152 0069 C3A719D3 		.ascii	"\303\247\031\323\000Z\004\306\271\3040\334&#\350\243"
 152      005A04C6 
 152      B9C430DC 
 152      2623E8A3 
 153 0079 E8E3E85E 		.ascii	"\350\343\350^\362\267\261}\223\206\033`\\\3503\350S"
 153      F2B7B17D 
 153      93861B60 
 153      5CE833E8 
 153      53
 154 008a E8995A0D 		.ascii	"\350\231Z\015hu\2416\032\006;\033\204\327\261\243a\260"
 154      6875A136 
 154      1A063B1B 
 154      84D7B1A3 
 154      61B0
 155 009c 4C4F4410 		.ascii	"LOD\020.3\014n<\014\316\373\037\270p\347\334\023 \320"
 155      2E330C6E 
ARM GAS  C:\Users\JEFFSN~1\AppData\Local\Temp\cc1mFkY8.s 			page 11


 155      3C0CCEFB 
 155      1FB870E7 
 155      DC1320D0 
 156 00b0 EEB913B5 		.ascii	"\356\271\023\265\012\357A$\332\000\011\200z\007\356"
 156      0AEF4124 
 156      DA000980 
 156      7A07EE
 157 00bf 44759E62 		.ascii	"Du\236b \0205\320\227~\033\321J\004=4\310\370\245\341"
 157      201035D0 
 157      977E1BD1 
 157      4A043D34 
 157      C8F8A5E1 
 158 00d3 21A01B27 		.ascii	"!\240\033'1\330A\003\251\271\256[\003\201`4\0005\325"
 158      31D84103 
 158      A9B9AE5B 
 158      03816034 
 158      0035D5
 159 00e6 11417C21 		.ascii	"\021A|!\212t\315z\033\"\350\207\376\370h\2535R\024\200"
 159      8A74CD7A 
 159      1B22E887 
 159      FEF868AB 
 159      35521480 
 160 00fa C59F76BB 		.ascii	"\305\237v\273\317&\365Q\264ZJ\205c\306d\006\257}\356"
 160      CF26F551 
 160      B45A4A85 
 160      63C66406 
 160      AF7DEE
 161 010d 89DA11C0 		.ascii	"\211\332\021\300,C\000X\276=\261\273_\315\331vS\335"
 161      2C430058 
 161      BE3DB1BB 
 161      5FCDD976 
 161      53DD
 162 011f FACF7DA2 		.ascii	"\372\317}\242\205\305\302\362z\357\246\004V\271\213"
 162      85C5C2F2 
 162      7AEFA604 
 162      56B98B
 163 012e D1ACB56D 		.ascii	"\321\254\265m\234\236\240\364\000\014\200\014} B\017"
 163      9C9EA0F4 
 163      000C800C 
 163      7D20420F 
 164 013e 24310D66 		.ascii	"$1\015f\031\3577(\255\242\376\007\324\224@\340\204\031"
 164      19EF3728 
 164      ADA2FE07 
 164      D49440E0 
 164      8419
 165 0150 8E9B09F4 		.ascii	"\216\233\011\364\203\225q\262*\350\0053<\0013\343\337"
 165      839571B2 
 165      2AE80533 
 165      3C0133E3 
 165      DF
 166 0161 686CDF32 		.ascii	"hl\3372I(\231\363\344Klm\251z\250UD\011q2H\230~[h^\217"
 166      492899F3 
 166      E44B6C6D 
 166      A97AA855 
 166      44097132 
 167 017c C1345E06 		.ascii	"\3014^\006\013\246}\336\017\333\246\204\006~\0247\265"
 167      0BA67DDE 
ARM GAS  C:\Users\JEFFSN~1\AppData\Local\Temp\cc1mFkY8.s 			page 12


 167      0FDBA684 
 167      067E1437 
 167      B5
 168 018d 48907B08 		.ascii	"H\220{\010\206\221p\010\011\011<\205\004\274\017\202"
 168      86917008 
 168      09093C85 
 168      04BC0F82 
 169 019d A49E8EDE 		.ascii	"\244\236\216\336\275\376EN\354\240\035Ctmx\356T\203"
 169      BDFE454E 
 169      ECA01D43 
 169      746D78EE 
 169      5483
 170 01af 9BCE23CE 		.ascii	"\233\316#\316\302\312\240\333\020\335\315\276\013\002"
 170      C2CAA0DB 
 170      10DDCDBE 
 170      0B02
 171 01bd 8F611567 		.ascii	"\217a\025g8\002\211\210\364\373<\363\202x\205\017az"
 171      38028988 
 171      F4FB3CF3 
 171      8278850F 
 171      617A
 172 01cf 69B74650 		.ascii	"i\267FPY|;s\321\264\266\222\322T\316\34118<\301\034"
 172      597C3B73 
 172      D1B4B692 
 172      D254CEE1 
 172      31383CC1 
 173 01e4 A39CE36D 		.ascii	"\243\234\343mK\333\367X\3616p\222\305[/\335\261\301"
 173      4BDBF758 
 173      F1367092 
 173      C55B2FDD 
 173      B1C1
 174 01f6 BAD9810D 		.ascii	"\272\331\201\015\341\317\270\360|M\367jW\243[\322:."
 174      E1CFB8F0 
 174      7C4DF76A 
 174      57A35BD2 
 174      3A2E
 175 0208 BF129BA8 		.ascii	"\277\022\233\250\257\032q\002\253\2021\243\347Xp\317"
 175      AF1A7102 
 175      AB8231A3 
 175      E75870CF 
 176 0218 71DEB3ED 		.ascii	"q\336\263\355~\303CI\354T{\276y\327S\031\253\321x_\353"
 176      7EC34349 
 176      EC547BBE 
 176      79D75319 
 176      ABD1785F 
 177 022d C219C984 		.ascii	"\302\031\311\204A2\021L\342\345$;\325?VL2\276E\367\377"
 177      4132114C 
 177      E2E5243B 
 177      D53F564C 
 177      32BE45F7 
 178 0242 BDC585CD 		.ascii	"\275\305\205\315\316@\2448\311\233\012#\365M\365\221"
 178      CE40A438 
 178      C99B0A23 
 178      F54DF591 
 179 0252 205BC3C0 		.ascii	" [\303\300\247\303\300\265\257\251?\247\356&;\341\024"
 179      A7C3C0B5 
 179      AFA93FA7 
ARM GAS  C:\Users\JEFFSN~1\AppData\Local\Temp\cc1mFkY8.s 			page 13


 179      EE263BE1 
 179      14
 180 0263 4E65D210 		.ascii	"Ne\322\020\367\034du\"\236\305\257\203\021\3215\354"
 180      F71C6475 
 180      229EC5AF 
 180      8311D135 
 180      EC
 181 0274 C3C2F1C5 		.ascii	"\303\302\361\305\315\307\360Jc~3\020\315\377\001|\356"
 181      CDC7F04A 
 181      637E3310 
 181      CDFF017C 
 181      EE
 182 0285 09E2E44A 		.ascii	"\011\342\344JK\253\210{\354\222\233)J\241K\000\263H"
 182      4BAB887B 
 182      EC929B29 
 182      4AA14B00 
 182      B348
 183 0297 C613FF19 		.ascii	"\306\023\377\031\036\263e\352\257\242\246{1\272D\302"
 183      1EB365EA 
 183      AFA2A67B 
 183      31BA44C2 
 184 02a7 3708F810 		.ascii	"7\010\370\020\371\002\211y\032\237\226k+U\034\366\313"
 184      F9028979 
 184      1A9F966B 
 184      2B551CF6 
 184      CB
 185 02b8 B632A5B8 		.ascii	"\2662\245\270L\261]t\026\271\224\250\214\3639\226\264"
 185      4CB15D74 
 185      16B994A8 
 185      8CF33996 
 185      B4
 186 02c9 E4641251 		.ascii	"\344d\022Q^T\354J9\232\241\024+N\273Kq\330\262K\312"
 186      5E54EC4A 
 186      399AA114 
 186      2B4EBB4B 
 186      71D8B24B 
 187 02de 9D054ADE 		.ascii	"\235\005J\336\205\354\222\264\223y\005\025\256\212R"
 187      85EC92B4 
 187      93790515 
 187      AE8A52
 188 02ed A52CE912 		.ascii	"\245,\351\022\261\376\243\342O\362\244\002r$\244]\266"
 188      B1FEA3E2 
 188      4FF2A402 
 188      7224A45D 
 188      B6
 189 02fe E24A7716 		.ascii	"\342Jw\026]U\316\2258\224\203!{Y\212\335q8\314Z\272"
 189      5D55CE95 
 189      38948321 
 189      7B598ADD 
 189      7138CC5A 
 190 0313 DD65CF52 		.ascii	"\335e\317R\012%\247R\230\362\013\371\035s\007"
 190      0A25A752 
 190      98F20BF9 
 190      1D7307
 191              		.text
 192              		.section	.gnu.lto_.symtab.47c3267,"",%progbits
 193 0000 43565F70 		.ascii	"CV_pedal_sense_Write\000"
ARM GAS  C:\Users\JEFFSN~1\AppData\Local\Temp\cc1mFkY8.s 			page 14


 193      6564616C 
 193      5F73656E 
 193      73655F57 
 193      72697465 
 194 0015 00       		.ascii	"\000"
 195 0016 00       		.ascii	"\000"
 196 0017 00       		.ascii	"\000"
 197 0018 00000000 		.ascii	"\000\000\000\000\000\000\000\000"
 197      00000000 
 198 0020 B3000000 		.ascii	"\263\000\000\000"
 199 0024 43565F70 		.ascii	"CV_pedal_sense_SetDriveMode\000"
 199      6564616C 
 199      5F73656E 
 199      73655F53 
 199      65744472 
 200 0040 00       		.ascii	"\000"
 201 0041 00       		.ascii	"\000"
 202 0042 00       		.ascii	"\000"
 203 0043 00000000 		.ascii	"\000\000\000\000\000\000\000\000"
 203      00000000 
 204 004b B5000000 		.ascii	"\265\000\000\000"
 205 004f 43565F70 		.ascii	"CV_pedal_sense_Read\000"
 205      6564616C 
 205      5F73656E 
 205      73655F52 
 205      65616400 
 206 0063 00       		.ascii	"\000"
 207 0064 00       		.ascii	"\000"
 208 0065 00       		.ascii	"\000"
 209 0066 00000000 		.ascii	"\000\000\000\000\000\000\000\000"
 209      00000000 
 210 006e B8000000 		.ascii	"\270\000\000\000"
 211 0072 43565F70 		.ascii	"CV_pedal_sense_ReadDataReg\000"
 211      6564616C 
 211      5F73656E 
 211      73655F52 
 211      65616444 
 212 008d 00       		.ascii	"\000"
 213 008e 00       		.ascii	"\000"
 214 008f 00       		.ascii	"\000"
 215 0090 00000000 		.ascii	"\000\000\000\000\000\000\000\000"
 215      00000000 
 216 0098 BA000000 		.ascii	"\272\000\000\000"
 217              		.text
 218              		.section	.gnu.lto_.opts,"",%progbits
 219 0000 272D666D 		.ascii	"'-fmath-errno' '-fsigned-zeros' '-ftrapping-math' '"
 219      6174682D 
 219      6572726E 
 219      6F272027 
 219      2D667369 
 220 0033 2D666E6F 		.ascii	"-fno-trapv' '-fno-openmp' '-fno-openacc' '-mcpu=cor"
 220      2D747261 
 220      70762720 
 220      272D666E 
 220      6F2D6F70 
 221 0066 7465782D 		.ascii	"tex-m3' '-mthumb' '-g' '-O3' '-ffunction-sections' "
 221      6D332720 
ARM GAS  C:\Users\JEFFSN~1\AppData\Local\Temp\cc1mFkY8.s 			page 15


 221      272D6D74 
 221      68756D62 
 221      2720272D 
 222 0099 272D6666 		.ascii	"'-ffat-lto-objects' '-finline-functions' '-flto'\000"
 222      61742D6C 
 222      746F2D6F 
 222      626A6563 
 222      74732720 
 223              		.text
 224              		.cfi_sections	.debug_frame
 225              		.section	.text.CV_pedal_sense_Write,"ax",%progbits
 226              		.align	2
 227              		.global	CV_pedal_sense_Write
 228              		.thumb
 229              		.thumb_func
 230              		.type	CV_pedal_sense_Write, %function
 231              	CV_pedal_sense_Write:
 232              	.LFB0:
 233              		.file 1 "Generated_Source\\PSoC5\\CV_pedal_sense.c"
   1:Generated_Source\PSoC5/CV_pedal_sense.c **** /*******************************************************************************
   2:Generated_Source\PSoC5/CV_pedal_sense.c **** * File Name: CV_pedal_sense.c  
   3:Generated_Source\PSoC5/CV_pedal_sense.c **** * Version 2.20
   4:Generated_Source\PSoC5/CV_pedal_sense.c **** *
   5:Generated_Source\PSoC5/CV_pedal_sense.c **** * Description:
   6:Generated_Source\PSoC5/CV_pedal_sense.c **** *  This file contains API to enable firmware control of a Pins component.
   7:Generated_Source\PSoC5/CV_pedal_sense.c **** *
   8:Generated_Source\PSoC5/CV_pedal_sense.c **** * Note:
   9:Generated_Source\PSoC5/CV_pedal_sense.c **** *
  10:Generated_Source\PSoC5/CV_pedal_sense.c **** ********************************************************************************
  11:Generated_Source\PSoC5/CV_pedal_sense.c **** * Copyright 2008-2015, Cypress Semiconductor Corporation.  All rights reserved.
  12:Generated_Source\PSoC5/CV_pedal_sense.c **** * You may use this file only in accordance with the license, terms, conditions, 
  13:Generated_Source\PSoC5/CV_pedal_sense.c **** * disclaimers, and limitations in the end user license agreement accompanying 
  14:Generated_Source\PSoC5/CV_pedal_sense.c **** * the software package with which this file was provided.
  15:Generated_Source\PSoC5/CV_pedal_sense.c **** *******************************************************************************/
  16:Generated_Source\PSoC5/CV_pedal_sense.c **** 
  17:Generated_Source\PSoC5/CV_pedal_sense.c **** #include "cytypes.h"
  18:Generated_Source\PSoC5/CV_pedal_sense.c **** #include "CV_pedal_sense.h"
  19:Generated_Source\PSoC5/CV_pedal_sense.c **** 
  20:Generated_Source\PSoC5/CV_pedal_sense.c **** /* APIs are not generated for P15[7:6] on PSoC 5 */
  21:Generated_Source\PSoC5/CV_pedal_sense.c **** #if !(CY_PSOC5A &&\
  22:Generated_Source\PSoC5/CV_pedal_sense.c **** 	 CV_pedal_sense__PORT == 15 && ((CV_pedal_sense__MASK & 0xC0) != 0))
  23:Generated_Source\PSoC5/CV_pedal_sense.c **** 
  24:Generated_Source\PSoC5/CV_pedal_sense.c **** 
  25:Generated_Source\PSoC5/CV_pedal_sense.c **** /*******************************************************************************
  26:Generated_Source\PSoC5/CV_pedal_sense.c **** * Function Name: CV_pedal_sense_Write
  27:Generated_Source\PSoC5/CV_pedal_sense.c **** ****************************************************************************//**
  28:Generated_Source\PSoC5/CV_pedal_sense.c **** *
  29:Generated_Source\PSoC5/CV_pedal_sense.c **** * \brief Writes the value to the physical port (data output register), masking
  30:Generated_Source\PSoC5/CV_pedal_sense.c **** *  and shifting the bits appropriately. 
  31:Generated_Source\PSoC5/CV_pedal_sense.c **** *
  32:Generated_Source\PSoC5/CV_pedal_sense.c **** * The data output register controls the signal applied to the physical pin in 
  33:Generated_Source\PSoC5/CV_pedal_sense.c **** * conjunction with the drive mode parameter. This function avoids changing 
  34:Generated_Source\PSoC5/CV_pedal_sense.c **** * other bits in the port by using the appropriate method (read-modify-write or
  35:Generated_Source\PSoC5/CV_pedal_sense.c **** * bit banding).
  36:Generated_Source\PSoC5/CV_pedal_sense.c **** *
  37:Generated_Source\PSoC5/CV_pedal_sense.c **** * <b>Note</b> This function should not be used on a hardware digital output pin 
  38:Generated_Source\PSoC5/CV_pedal_sense.c **** * as it is driven by the hardware signal attached to it.
ARM GAS  C:\Users\JEFFSN~1\AppData\Local\Temp\cc1mFkY8.s 			page 16


  39:Generated_Source\PSoC5/CV_pedal_sense.c **** *
  40:Generated_Source\PSoC5/CV_pedal_sense.c **** * \param value
  41:Generated_Source\PSoC5/CV_pedal_sense.c **** *  Value to write to the component instance.
  42:Generated_Source\PSoC5/CV_pedal_sense.c **** *
  43:Generated_Source\PSoC5/CV_pedal_sense.c **** * \return 
  44:Generated_Source\PSoC5/CV_pedal_sense.c **** *  None 
  45:Generated_Source\PSoC5/CV_pedal_sense.c **** *
  46:Generated_Source\PSoC5/CV_pedal_sense.c **** * \sideeffect
  47:Generated_Source\PSoC5/CV_pedal_sense.c **** *  If you use read-modify-write operations that are not atomic; the Interrupt 
  48:Generated_Source\PSoC5/CV_pedal_sense.c **** *  Service Routines (ISR) can cause corruption of this function. An ISR that 
  49:Generated_Source\PSoC5/CV_pedal_sense.c **** *  interrupts this function and performs writes to the Pins component data 
  50:Generated_Source\PSoC5/CV_pedal_sense.c **** *  register can cause corrupted port data. To avoid this issue, you should 
  51:Generated_Source\PSoC5/CV_pedal_sense.c **** *  either use the Per-Pin APIs (primary method) or disable interrupts around 
  52:Generated_Source\PSoC5/CV_pedal_sense.c **** *  this function.
  53:Generated_Source\PSoC5/CV_pedal_sense.c **** *
  54:Generated_Source\PSoC5/CV_pedal_sense.c **** * \funcusage
  55:Generated_Source\PSoC5/CV_pedal_sense.c **** *  \snippet CV_pedal_sense_SUT.c usage_CV_pedal_sense_Write
  56:Generated_Source\PSoC5/CV_pedal_sense.c **** *******************************************************************************/
  57:Generated_Source\PSoC5/CV_pedal_sense.c **** void CV_pedal_sense_Write(uint8 value)
  58:Generated_Source\PSoC5/CV_pedal_sense.c **** {
 234              		.loc 1 58 0
 235              		.cfi_startproc
 236              		@ args = 0, pretend = 0, frame = 0
 237              		@ frame_needed = 0, uses_anonymous_args = 0
 238              		@ link register save eliminated.
 239              	.LVL0:
  59:Generated_Source\PSoC5/CV_pedal_sense.c ****     uint8 staticBits = (CV_pedal_sense_DR & (uint8)(~CV_pedal_sense_MASK));
 240              		.loc 1 59 0
 241 0000 044A     		ldr	r2, .L2
  60:Generated_Source\PSoC5/CV_pedal_sense.c ****     CV_pedal_sense_DR = staticBits | ((uint8)(value << CV_pedal_sense_SHIFT) & CV_pedal_sense_MASK)
 242              		.loc 1 60 0
 243 0002 8000     		lsls	r0, r0, #2
 244              	.LVL1:
  59:Generated_Source\PSoC5/CV_pedal_sense.c ****     uint8 staticBits = (CV_pedal_sense_DR & (uint8)(~CV_pedal_sense_MASK));
 245              		.loc 1 59 0
 246 0004 1378     		ldrb	r3, [r2]	@ zero_extendqisi2
 247              	.LVL2:
 248              		.loc 1 60 0
 249 0006 00F00400 		and	r0, r0, #4
 250 000a 03F0FB03 		and	r3, r3, #251
 251              	.LVL3:
 252 000e 1843     		orrs	r0, r0, r3
 253 0010 1070     		strb	r0, [r2]
 254 0012 7047     		bx	lr
 255              	.L3:
 256              		.align	2
 257              	.L2:
 258 0014 30510040 		.word	1073762608
 259              		.cfi_endproc
 260              	.LFE0:
 261              		.size	CV_pedal_sense_Write, .-CV_pedal_sense_Write
 262              		.section	.text.CV_pedal_sense_SetDriveMode,"ax",%progbits
 263              		.align	2
 264              		.global	CV_pedal_sense_SetDriveMode
 265              		.thumb
 266              		.thumb_func
 267              		.type	CV_pedal_sense_SetDriveMode, %function
ARM GAS  C:\Users\JEFFSN~1\AppData\Local\Temp\cc1mFkY8.s 			page 17


 268              	CV_pedal_sense_SetDriveMode:
 269              	.LFB1:
  61:Generated_Source\PSoC5/CV_pedal_sense.c **** }
  62:Generated_Source\PSoC5/CV_pedal_sense.c **** 
  63:Generated_Source\PSoC5/CV_pedal_sense.c **** 
  64:Generated_Source\PSoC5/CV_pedal_sense.c **** /*******************************************************************************
  65:Generated_Source\PSoC5/CV_pedal_sense.c **** * Function Name: CV_pedal_sense_SetDriveMode
  66:Generated_Source\PSoC5/CV_pedal_sense.c **** ****************************************************************************//**
  67:Generated_Source\PSoC5/CV_pedal_sense.c **** *
  68:Generated_Source\PSoC5/CV_pedal_sense.c **** * \brief Sets the drive mode for each of the Pins component's pins.
  69:Generated_Source\PSoC5/CV_pedal_sense.c **** * 
  70:Generated_Source\PSoC5/CV_pedal_sense.c **** * <b>Note</b> This affects all pins in the Pins component instance. Use the
  71:Generated_Source\PSoC5/CV_pedal_sense.c **** * Per-Pin APIs if you wish to control individual pin's drive modes.
  72:Generated_Source\PSoC5/CV_pedal_sense.c **** *
  73:Generated_Source\PSoC5/CV_pedal_sense.c **** * \param mode
  74:Generated_Source\PSoC5/CV_pedal_sense.c **** *  Mode for the selected signals. Valid options are documented in 
  75:Generated_Source\PSoC5/CV_pedal_sense.c **** *  \ref driveMode.
  76:Generated_Source\PSoC5/CV_pedal_sense.c **** *
  77:Generated_Source\PSoC5/CV_pedal_sense.c **** * \return
  78:Generated_Source\PSoC5/CV_pedal_sense.c **** *  None
  79:Generated_Source\PSoC5/CV_pedal_sense.c **** *
  80:Generated_Source\PSoC5/CV_pedal_sense.c **** * \sideeffect
  81:Generated_Source\PSoC5/CV_pedal_sense.c **** *  If you use read-modify-write operations that are not atomic, the ISR can
  82:Generated_Source\PSoC5/CV_pedal_sense.c **** *  cause corruption of this function. An ISR that interrupts this function 
  83:Generated_Source\PSoC5/CV_pedal_sense.c **** *  and performs writes to the Pins component Drive Mode registers can cause 
  84:Generated_Source\PSoC5/CV_pedal_sense.c **** *  corrupted port data. To avoid this issue, you should either use the Per-Pin
  85:Generated_Source\PSoC5/CV_pedal_sense.c **** *  APIs (primary method) or disable interrupts around this function.
  86:Generated_Source\PSoC5/CV_pedal_sense.c **** *
  87:Generated_Source\PSoC5/CV_pedal_sense.c **** * \funcusage
  88:Generated_Source\PSoC5/CV_pedal_sense.c **** *  \snippet CV_pedal_sense_SUT.c usage_CV_pedal_sense_SetDriveMode
  89:Generated_Source\PSoC5/CV_pedal_sense.c **** *******************************************************************************/
  90:Generated_Source\PSoC5/CV_pedal_sense.c **** void CV_pedal_sense_SetDriveMode(uint8 mode)
  91:Generated_Source\PSoC5/CV_pedal_sense.c **** {
 270              		.loc 1 91 0
 271              		.cfi_startproc
 272              		@ args = 0, pretend = 0, frame = 0
 273              		@ frame_needed = 0, uses_anonymous_args = 0
 274              		@ link register save eliminated.
 275              	.LVL4:
  92:Generated_Source\PSoC5/CV_pedal_sense.c **** 	CyPins_SetPinDriveMode(CV_pedal_sense_0, mode);
 276              		.loc 1 92 0
 277 0000 044A     		ldr	r2, .L5
 278 0002 00F00E00 		and	r0, r0, #14
 279              	.LVL5:
 280 0006 1378     		ldrb	r3, [r2]	@ zero_extendqisi2
 281 0008 03F0F103 		and	r3, r3, #241
 282 000c 1843     		orrs	r0, r0, r3
 283 000e 1070     		strb	r0, [r2]
 284 0010 7047     		bx	lr
 285              	.L6:
 286 0012 00BF     		.align	2
 287              	.L5:
 288 0014 1A500040 		.word	1073762330
 289              		.cfi_endproc
 290              	.LFE1:
 291              		.size	CV_pedal_sense_SetDriveMode, .-CV_pedal_sense_SetDriveMode
 292              		.section	.text.CV_pedal_sense_Read,"ax",%progbits
ARM GAS  C:\Users\JEFFSN~1\AppData\Local\Temp\cc1mFkY8.s 			page 18


 293              		.align	2
 294              		.global	CV_pedal_sense_Read
 295              		.thumb
 296              		.thumb_func
 297              		.type	CV_pedal_sense_Read, %function
 298              	CV_pedal_sense_Read:
 299              	.LFB2:
  93:Generated_Source\PSoC5/CV_pedal_sense.c **** }
  94:Generated_Source\PSoC5/CV_pedal_sense.c **** 
  95:Generated_Source\PSoC5/CV_pedal_sense.c **** 
  96:Generated_Source\PSoC5/CV_pedal_sense.c **** /*******************************************************************************
  97:Generated_Source\PSoC5/CV_pedal_sense.c **** * Function Name: CV_pedal_sense_Read
  98:Generated_Source\PSoC5/CV_pedal_sense.c **** ****************************************************************************//**
  99:Generated_Source\PSoC5/CV_pedal_sense.c **** *
 100:Generated_Source\PSoC5/CV_pedal_sense.c **** * \brief Reads the associated physical port (pin status register) and masks 
 101:Generated_Source\PSoC5/CV_pedal_sense.c **** *  the required bits according to the width and bit position of the component
 102:Generated_Source\PSoC5/CV_pedal_sense.c **** *  instance. 
 103:Generated_Source\PSoC5/CV_pedal_sense.c **** *
 104:Generated_Source\PSoC5/CV_pedal_sense.c **** * The pin's status register returns the current logic level present on the 
 105:Generated_Source\PSoC5/CV_pedal_sense.c **** * physical pin.
 106:Generated_Source\PSoC5/CV_pedal_sense.c **** *
 107:Generated_Source\PSoC5/CV_pedal_sense.c **** * \return 
 108:Generated_Source\PSoC5/CV_pedal_sense.c **** *  The current value for the pins in the component as a right justified number.
 109:Generated_Source\PSoC5/CV_pedal_sense.c **** *
 110:Generated_Source\PSoC5/CV_pedal_sense.c **** * \funcusage
 111:Generated_Source\PSoC5/CV_pedal_sense.c **** *  \snippet CV_pedal_sense_SUT.c usage_CV_pedal_sense_Read  
 112:Generated_Source\PSoC5/CV_pedal_sense.c **** *******************************************************************************/
 113:Generated_Source\PSoC5/CV_pedal_sense.c **** uint8 CV_pedal_sense_Read(void)
 114:Generated_Source\PSoC5/CV_pedal_sense.c **** {
 300              		.loc 1 114 0
 301              		.cfi_startproc
 302              		@ args = 0, pretend = 0, frame = 0
 303              		@ frame_needed = 0, uses_anonymous_args = 0
 304              		@ link register save eliminated.
 115:Generated_Source\PSoC5/CV_pedal_sense.c ****     return (CV_pedal_sense_PS & CV_pedal_sense_MASK) >> CV_pedal_sense_SHIFT;
 305              		.loc 1 115 0
 306 0000 024B     		ldr	r3, .L8
 307 0002 1878     		ldrb	r0, [r3]	@ zero_extendqisi2
 116:Generated_Source\PSoC5/CV_pedal_sense.c **** }
 308              		.loc 1 116 0
 309 0004 C0F38000 		ubfx	r0, r0, #2, #1
 310 0008 7047     		bx	lr
 311              	.L9:
 312 000a 00BF     		.align	2
 313              	.L8:
 314 000c 31510040 		.word	1073762609
 315              		.cfi_endproc
 316              	.LFE2:
 317              		.size	CV_pedal_sense_Read, .-CV_pedal_sense_Read
 318              		.section	.text.CV_pedal_sense_ReadDataReg,"ax",%progbits
 319              		.align	2
 320              		.global	CV_pedal_sense_ReadDataReg
 321              		.thumb
 322              		.thumb_func
 323              		.type	CV_pedal_sense_ReadDataReg, %function
 324              	CV_pedal_sense_ReadDataReg:
 325              	.LFB3:
ARM GAS  C:\Users\JEFFSN~1\AppData\Local\Temp\cc1mFkY8.s 			page 19


 117:Generated_Source\PSoC5/CV_pedal_sense.c **** 
 118:Generated_Source\PSoC5/CV_pedal_sense.c **** 
 119:Generated_Source\PSoC5/CV_pedal_sense.c **** /*******************************************************************************
 120:Generated_Source\PSoC5/CV_pedal_sense.c **** * Function Name: CV_pedal_sense_ReadDataReg
 121:Generated_Source\PSoC5/CV_pedal_sense.c **** ****************************************************************************//**
 122:Generated_Source\PSoC5/CV_pedal_sense.c **** *
 123:Generated_Source\PSoC5/CV_pedal_sense.c **** * \brief Reads the associated physical port's data output register and masks 
 124:Generated_Source\PSoC5/CV_pedal_sense.c **** *  the correct bits according to the width and bit position of the component 
 125:Generated_Source\PSoC5/CV_pedal_sense.c **** *  instance. 
 126:Generated_Source\PSoC5/CV_pedal_sense.c **** *
 127:Generated_Source\PSoC5/CV_pedal_sense.c **** * The data output register controls the signal applied to the physical pin in 
 128:Generated_Source\PSoC5/CV_pedal_sense.c **** * conjunction with the drive mode parameter. This is not the same as the 
 129:Generated_Source\PSoC5/CV_pedal_sense.c **** * preferred CV_pedal_sense_Read() API because the 
 130:Generated_Source\PSoC5/CV_pedal_sense.c **** * CV_pedal_sense_ReadDataReg() reads the data register instead of the status 
 131:Generated_Source\PSoC5/CV_pedal_sense.c **** * register. For output pins this is a useful function to determine the value 
 132:Generated_Source\PSoC5/CV_pedal_sense.c **** * just written to the pin.
 133:Generated_Source\PSoC5/CV_pedal_sense.c **** *
 134:Generated_Source\PSoC5/CV_pedal_sense.c **** * \return 
 135:Generated_Source\PSoC5/CV_pedal_sense.c **** *  The current value of the data register masked and shifted into a right 
 136:Generated_Source\PSoC5/CV_pedal_sense.c **** *  justified number for the component instance.
 137:Generated_Source\PSoC5/CV_pedal_sense.c **** *
 138:Generated_Source\PSoC5/CV_pedal_sense.c **** * \funcusage
 139:Generated_Source\PSoC5/CV_pedal_sense.c **** *  \snippet CV_pedal_sense_SUT.c usage_CV_pedal_sense_ReadDataReg 
 140:Generated_Source\PSoC5/CV_pedal_sense.c **** *******************************************************************************/
 141:Generated_Source\PSoC5/CV_pedal_sense.c **** uint8 CV_pedal_sense_ReadDataReg(void)
 142:Generated_Source\PSoC5/CV_pedal_sense.c **** {
 326              		.loc 1 142 0
 327              		.cfi_startproc
 328              		@ args = 0, pretend = 0, frame = 0
 329              		@ frame_needed = 0, uses_anonymous_args = 0
 330              		@ link register save eliminated.
 143:Generated_Source\PSoC5/CV_pedal_sense.c ****     return (CV_pedal_sense_DR & CV_pedal_sense_MASK) >> CV_pedal_sense_SHIFT;
 331              		.loc 1 143 0
 332 0000 024B     		ldr	r3, .L11
 333 0002 1878     		ldrb	r0, [r3]	@ zero_extendqisi2
 144:Generated_Source\PSoC5/CV_pedal_sense.c **** }
 334              		.loc 1 144 0
 335 0004 C0F38000 		ubfx	r0, r0, #2, #1
 336 0008 7047     		bx	lr
 337              	.L12:
 338 000a 00BF     		.align	2
 339              	.L11:
 340 000c 30510040 		.word	1073762608
 341              		.cfi_endproc
 342              	.LFE3:
 343              		.size	CV_pedal_sense_ReadDataReg, .-CV_pedal_sense_ReadDataReg
 344              		.text
 345              	.Letext0:
 346              		.file 2 "Generated_Source\\PSoC5\\cytypes.h"
 347              		.section	.debug_info,"",%progbits
 348              	.Ldebug_info0:
 349 0000 1D010000 		.4byte	0x11d
 350 0004 0400     		.2byte	0x4
 351 0006 00000000 		.4byte	.Ldebug_abbrev0
 352 000a 04       		.byte	0x4
 353 000b 01       		.uleb128 0x1
 354 000c 41000000 		.4byte	.LASF20
ARM GAS  C:\Users\JEFFSN~1\AppData\Local\Temp\cc1mFkY8.s 			page 20


 355 0010 0C       		.byte	0xc
 356 0011 0D010000 		.4byte	.LASF21
 357 0015 98010000 		.4byte	.LASF22
 358 0019 00000000 		.4byte	.Ldebug_ranges0+0
 359 001d 00000000 		.4byte	0
 360 0021 00000000 		.4byte	.Ldebug_line0
 361 0025 02       		.uleb128 0x2
 362 0026 01       		.byte	0x1
 363 0027 06       		.byte	0x6
 364 0028 35020000 		.4byte	.LASF0
 365 002c 02       		.uleb128 0x2
 366 002d 01       		.byte	0x1
 367 002e 08       		.byte	0x8
 368 002f 17000000 		.4byte	.LASF1
 369 0033 02       		.uleb128 0x2
 370 0034 02       		.byte	0x2
 371 0035 05       		.byte	0x5
 372 0036 1C020000 		.4byte	.LASF2
 373 003a 02       		.uleb128 0x2
 374 003b 02       		.byte	0x2
 375 003c 07       		.byte	0x7
 376 003d FA000000 		.4byte	.LASF3
 377 0041 02       		.uleb128 0x2
 378 0042 04       		.byte	0x4
 379 0043 05       		.byte	0x5
 380 0044 2C020000 		.4byte	.LASF4
 381 0048 02       		.uleb128 0x2
 382 0049 04       		.byte	0x4
 383 004a 07       		.byte	0x7
 384 004b E8000000 		.4byte	.LASF5
 385 004f 02       		.uleb128 0x2
 386 0050 08       		.byte	0x8
 387 0051 05       		.byte	0x5
 388 0052 85010000 		.4byte	.LASF6
 389 0056 02       		.uleb128 0x2
 390 0057 08       		.byte	0x8
 391 0058 07       		.byte	0x7
 392 0059 49010000 		.4byte	.LASF7
 393 005d 03       		.uleb128 0x3
 394 005e 04       		.byte	0x4
 395 005f 05       		.byte	0x5
 396 0060 696E7400 		.ascii	"int\000"
 397 0064 02       		.uleb128 0x2
 398 0065 04       		.byte	0x4
 399 0066 07       		.byte	0x7
 400 0067 3C010000 		.4byte	.LASF8
 401 006b 04       		.uleb128 0x4
 402 006c 26020000 		.4byte	.LASF12
 403 0070 02       		.byte	0x2
 404 0071 E901     		.2byte	0x1e9
 405 0073 2C000000 		.4byte	0x2c
 406 0077 02       		.uleb128 0x2
 407 0078 04       		.byte	0x4
 408 0079 04       		.byte	0x4
 409 007a 11000000 		.4byte	.LASF9
 410 007e 02       		.uleb128 0x2
 411 007f 08       		.byte	0x8
ARM GAS  C:\Users\JEFFSN~1\AppData\Local\Temp\cc1mFkY8.s 			page 21


 412 0080 04       		.byte	0x4
 413 0081 35010000 		.4byte	.LASF10
 414 0085 02       		.uleb128 0x2
 415 0086 01       		.byte	0x1
 416 0087 08       		.byte	0x8
 417 0088 93010000 		.4byte	.LASF11
 418 008c 04       		.uleb128 0x4
 419 008d 65010000 		.4byte	.LASF13
 420 0091 02       		.byte	0x2
 421 0092 9302     		.2byte	0x293
 422 0094 98000000 		.4byte	0x98
 423 0098 05       		.uleb128 0x5
 424 0099 6B000000 		.4byte	0x6b
 425 009d 06       		.uleb128 0x6
 426 009e 07020000 		.4byte	.LASF14
 427 00a2 01       		.byte	0x1
 428 00a3 39       		.byte	0x39
 429 00a4 00000000 		.4byte	.LFB0
 430 00a8 18000000 		.4byte	.LFE0-.LFB0
 431 00ac 01       		.uleb128 0x1
 432 00ad 9C       		.byte	0x9c
 433 00ae D1000000 		.4byte	0xd1
 434 00b2 07       		.uleb128 0x7
 435 00b3 00000000 		.4byte	.LASF16
 436 00b7 01       		.byte	0x1
 437 00b8 39       		.byte	0x39
 438 00b9 6B000000 		.4byte	0x6b
 439 00bd 00000000 		.4byte	.LLST0
 440 00c1 08       		.uleb128 0x8
 441 00c2 06000000 		.4byte	.LASF23
 442 00c6 01       		.byte	0x1
 443 00c7 3B       		.byte	0x3b
 444 00c8 6B000000 		.4byte	0x6b
 445 00cc 21000000 		.4byte	.LLST1
 446 00d0 00       		.byte	0
 447 00d1 06       		.uleb128 0x6
 448 00d2 25000000 		.4byte	.LASF15
 449 00d6 01       		.byte	0x1
 450 00d7 5A       		.byte	0x5a
 451 00d8 00000000 		.4byte	.LFB1
 452 00dc 18000000 		.4byte	.LFE1-.LFB1
 453 00e0 01       		.uleb128 0x1
 454 00e1 9C       		.byte	0x9c
 455 00e2 F6000000 		.4byte	0xf6
 456 00e6 07       		.uleb128 0x7
 457 00e7 60010000 		.4byte	.LASF17
 458 00eb 01       		.byte	0x1
 459 00ec 5A       		.byte	0x5a
 460 00ed 6B000000 		.4byte	0x6b
 461 00f1 39000000 		.4byte	.LLST2
 462 00f5 00       		.byte	0
 463 00f6 09       		.uleb128 0x9
 464 00f7 41020000 		.4byte	.LASF18
 465 00fb 01       		.byte	0x1
 466 00fc 71       		.byte	0x71
 467 00fd 6B000000 		.4byte	0x6b
 468 0101 00000000 		.4byte	.LFB2
ARM GAS  C:\Users\JEFFSN~1\AppData\Local\Temp\cc1mFkY8.s 			page 22


 469 0105 10000000 		.4byte	.LFE2-.LFB2
 470 0109 01       		.uleb128 0x1
 471 010a 9C       		.byte	0x9c
 472 010b 09       		.uleb128 0x9
 473 010c 6A010000 		.4byte	.LASF19
 474 0110 01       		.byte	0x1
 475 0111 8D       		.byte	0x8d
 476 0112 6B000000 		.4byte	0x6b
 477 0116 00000000 		.4byte	.LFB3
 478 011a 10000000 		.4byte	.LFE3-.LFB3
 479 011e 01       		.uleb128 0x1
 480 011f 9C       		.byte	0x9c
 481 0120 00       		.byte	0
 482              		.section	.debug_abbrev,"",%progbits
 483              	.Ldebug_abbrev0:
 484 0000 01       		.uleb128 0x1
 485 0001 11       		.uleb128 0x11
 486 0002 01       		.byte	0x1
 487 0003 25       		.uleb128 0x25
 488 0004 0E       		.uleb128 0xe
 489 0005 13       		.uleb128 0x13
 490 0006 0B       		.uleb128 0xb
 491 0007 03       		.uleb128 0x3
 492 0008 0E       		.uleb128 0xe
 493 0009 1B       		.uleb128 0x1b
 494 000a 0E       		.uleb128 0xe
 495 000b 55       		.uleb128 0x55
 496 000c 17       		.uleb128 0x17
 497 000d 11       		.uleb128 0x11
 498 000e 01       		.uleb128 0x1
 499 000f 10       		.uleb128 0x10
 500 0010 17       		.uleb128 0x17
 501 0011 00       		.byte	0
 502 0012 00       		.byte	0
 503 0013 02       		.uleb128 0x2
 504 0014 24       		.uleb128 0x24
 505 0015 00       		.byte	0
 506 0016 0B       		.uleb128 0xb
 507 0017 0B       		.uleb128 0xb
 508 0018 3E       		.uleb128 0x3e
 509 0019 0B       		.uleb128 0xb
 510 001a 03       		.uleb128 0x3
 511 001b 0E       		.uleb128 0xe
 512 001c 00       		.byte	0
 513 001d 00       		.byte	0
 514 001e 03       		.uleb128 0x3
 515 001f 24       		.uleb128 0x24
 516 0020 00       		.byte	0
 517 0021 0B       		.uleb128 0xb
 518 0022 0B       		.uleb128 0xb
 519 0023 3E       		.uleb128 0x3e
 520 0024 0B       		.uleb128 0xb
 521 0025 03       		.uleb128 0x3
 522 0026 08       		.uleb128 0x8
 523 0027 00       		.byte	0
 524 0028 00       		.byte	0
 525 0029 04       		.uleb128 0x4
ARM GAS  C:\Users\JEFFSN~1\AppData\Local\Temp\cc1mFkY8.s 			page 23


 526 002a 16       		.uleb128 0x16
 527 002b 00       		.byte	0
 528 002c 03       		.uleb128 0x3
 529 002d 0E       		.uleb128 0xe
 530 002e 3A       		.uleb128 0x3a
 531 002f 0B       		.uleb128 0xb
 532 0030 3B       		.uleb128 0x3b
 533 0031 05       		.uleb128 0x5
 534 0032 49       		.uleb128 0x49
 535 0033 13       		.uleb128 0x13
 536 0034 00       		.byte	0
 537 0035 00       		.byte	0
 538 0036 05       		.uleb128 0x5
 539 0037 35       		.uleb128 0x35
 540 0038 00       		.byte	0
 541 0039 49       		.uleb128 0x49
 542 003a 13       		.uleb128 0x13
 543 003b 00       		.byte	0
 544 003c 00       		.byte	0
 545 003d 06       		.uleb128 0x6
 546 003e 2E       		.uleb128 0x2e
 547 003f 01       		.byte	0x1
 548 0040 3F       		.uleb128 0x3f
 549 0041 19       		.uleb128 0x19
 550 0042 03       		.uleb128 0x3
 551 0043 0E       		.uleb128 0xe
 552 0044 3A       		.uleb128 0x3a
 553 0045 0B       		.uleb128 0xb
 554 0046 3B       		.uleb128 0x3b
 555 0047 0B       		.uleb128 0xb
 556 0048 27       		.uleb128 0x27
 557 0049 19       		.uleb128 0x19
 558 004a 11       		.uleb128 0x11
 559 004b 01       		.uleb128 0x1
 560 004c 12       		.uleb128 0x12
 561 004d 06       		.uleb128 0x6
 562 004e 40       		.uleb128 0x40
 563 004f 18       		.uleb128 0x18
 564 0050 9742     		.uleb128 0x2117
 565 0052 19       		.uleb128 0x19
 566 0053 01       		.uleb128 0x1
 567 0054 13       		.uleb128 0x13
 568 0055 00       		.byte	0
 569 0056 00       		.byte	0
 570 0057 07       		.uleb128 0x7
 571 0058 05       		.uleb128 0x5
 572 0059 00       		.byte	0
 573 005a 03       		.uleb128 0x3
 574 005b 0E       		.uleb128 0xe
 575 005c 3A       		.uleb128 0x3a
 576 005d 0B       		.uleb128 0xb
 577 005e 3B       		.uleb128 0x3b
 578 005f 0B       		.uleb128 0xb
 579 0060 49       		.uleb128 0x49
 580 0061 13       		.uleb128 0x13
 581 0062 02       		.uleb128 0x2
 582 0063 17       		.uleb128 0x17
ARM GAS  C:\Users\JEFFSN~1\AppData\Local\Temp\cc1mFkY8.s 			page 24


 583 0064 00       		.byte	0
 584 0065 00       		.byte	0
 585 0066 08       		.uleb128 0x8
 586 0067 34       		.uleb128 0x34
 587 0068 00       		.byte	0
 588 0069 03       		.uleb128 0x3
 589 006a 0E       		.uleb128 0xe
 590 006b 3A       		.uleb128 0x3a
 591 006c 0B       		.uleb128 0xb
 592 006d 3B       		.uleb128 0x3b
 593 006e 0B       		.uleb128 0xb
 594 006f 49       		.uleb128 0x49
 595 0070 13       		.uleb128 0x13
 596 0071 02       		.uleb128 0x2
 597 0072 17       		.uleb128 0x17
 598 0073 00       		.byte	0
 599 0074 00       		.byte	0
 600 0075 09       		.uleb128 0x9
 601 0076 2E       		.uleb128 0x2e
 602 0077 00       		.byte	0
 603 0078 3F       		.uleb128 0x3f
 604 0079 19       		.uleb128 0x19
 605 007a 03       		.uleb128 0x3
 606 007b 0E       		.uleb128 0xe
 607 007c 3A       		.uleb128 0x3a
 608 007d 0B       		.uleb128 0xb
 609 007e 3B       		.uleb128 0x3b
 610 007f 0B       		.uleb128 0xb
 611 0080 27       		.uleb128 0x27
 612 0081 19       		.uleb128 0x19
 613 0082 49       		.uleb128 0x49
 614 0083 13       		.uleb128 0x13
 615 0084 11       		.uleb128 0x11
 616 0085 01       		.uleb128 0x1
 617 0086 12       		.uleb128 0x12
 618 0087 06       		.uleb128 0x6
 619 0088 40       		.uleb128 0x40
 620 0089 18       		.uleb128 0x18
 621 008a 9742     		.uleb128 0x2117
 622 008c 19       		.uleb128 0x19
 623 008d 00       		.byte	0
 624 008e 00       		.byte	0
 625 008f 00       		.byte	0
 626              		.section	.debug_loc,"",%progbits
 627              	.Ldebug_loc0:
 628              	.LLST0:
 629 0000 00000000 		.4byte	.LVL0
 630 0004 04000000 		.4byte	.LVL1
 631 0008 0100     		.2byte	0x1
 632 000a 50       		.byte	0x50
 633 000b 04000000 		.4byte	.LVL1
 634 000f 18000000 		.4byte	.LFE0
 635 0013 0400     		.2byte	0x4
 636 0015 F3       		.byte	0xf3
 637 0016 01       		.uleb128 0x1
 638 0017 50       		.byte	0x50
 639 0018 9F       		.byte	0x9f
ARM GAS  C:\Users\JEFFSN~1\AppData\Local\Temp\cc1mFkY8.s 			page 25


 640 0019 00000000 		.4byte	0
 641 001d 00000000 		.4byte	0
 642              	.LLST1:
 643 0021 06000000 		.4byte	.LVL2
 644 0025 0E000000 		.4byte	.LVL3
 645 0029 0600     		.2byte	0x6
 646 002b 73       		.byte	0x73
 647 002c 00       		.sleb128 0
 648 002d 09       		.byte	0x9
 649 002e FB       		.byte	0xfb
 650 002f 1A       		.byte	0x1a
 651 0030 9F       		.byte	0x9f
 652 0031 00000000 		.4byte	0
 653 0035 00000000 		.4byte	0
 654              	.LLST2:
 655 0039 00000000 		.4byte	.LVL4
 656 003d 06000000 		.4byte	.LVL5
 657 0041 0100     		.2byte	0x1
 658 0043 50       		.byte	0x50
 659 0044 06000000 		.4byte	.LVL5
 660 0048 18000000 		.4byte	.LFE1
 661 004c 0400     		.2byte	0x4
 662 004e F3       		.byte	0xf3
 663 004f 01       		.uleb128 0x1
 664 0050 50       		.byte	0x50
 665 0051 9F       		.byte	0x9f
 666 0052 00000000 		.4byte	0
 667 0056 00000000 		.4byte	0
 668              		.section	.debug_aranges,"",%progbits
 669 0000 34000000 		.4byte	0x34
 670 0004 0200     		.2byte	0x2
 671 0006 00000000 		.4byte	.Ldebug_info0
 672 000a 04       		.byte	0x4
 673 000b 00       		.byte	0
 674 000c 0000     		.2byte	0
 675 000e 0000     		.2byte	0
 676 0010 00000000 		.4byte	.LFB0
 677 0014 18000000 		.4byte	.LFE0-.LFB0
 678 0018 00000000 		.4byte	.LFB1
 679 001c 18000000 		.4byte	.LFE1-.LFB1
 680 0020 00000000 		.4byte	.LFB2
 681 0024 10000000 		.4byte	.LFE2-.LFB2
 682 0028 00000000 		.4byte	.LFB3
 683 002c 10000000 		.4byte	.LFE3-.LFB3
 684 0030 00000000 		.4byte	0
 685 0034 00000000 		.4byte	0
 686              		.section	.debug_ranges,"",%progbits
 687              	.Ldebug_ranges0:
 688 0000 00000000 		.4byte	.LFB0
 689 0004 18000000 		.4byte	.LFE0
 690 0008 00000000 		.4byte	.LFB1
 691 000c 18000000 		.4byte	.LFE1
 692 0010 00000000 		.4byte	.LFB2
 693 0014 10000000 		.4byte	.LFE2
 694 0018 00000000 		.4byte	.LFB3
 695 001c 10000000 		.4byte	.LFE3
 696 0020 00000000 		.4byte	0
ARM GAS  C:\Users\JEFFSN~1\AppData\Local\Temp\cc1mFkY8.s 			page 26


 697 0024 00000000 		.4byte	0
 698              		.section	.debug_line,"",%progbits
 699              	.Ldebug_line0:
 700 0000 99000000 		.section	.debug_str,"MS",%progbits,1
 700      02004B00 
 700      00000201 
 700      FB0E0D00 
 700      01010101 
 701              	.LASF16:
 702 0000 76616C75 		.ascii	"value\000"
 702      6500
 703              	.LASF23:
 704 0006 73746174 		.ascii	"staticBits\000"
 704      69634269 
 704      747300
 705              	.LASF9:
 706 0011 666C6F61 		.ascii	"float\000"
 706      7400
 707              	.LASF1:
 708 0017 756E7369 		.ascii	"unsigned char\000"
 708      676E6564 
 708      20636861 
 708      7200
 709              	.LASF15:
 710 0025 43565F70 		.ascii	"CV_pedal_sense_SetDriveMode\000"
 710      6564616C 
 710      5F73656E 
 710      73655F53 
 710      65744472 
 711              	.LASF20:
 712 0041 474E5520 		.ascii	"GNU C11 5.4.1 20160609 (release) [ARM/embedded-5-br"
 712      43313120 
 712      352E342E 
 712      31203230 
 712      31363036 
 713 0074 616E6368 		.ascii	"anch revision 237715] -mcpu=cortex-m3 -mthumb -g -O"
 713      20726576 
 713      6973696F 
 713      6E203233 
 713      37373135 
 714 00a7 33202D66 		.ascii	"3 -ffunction-sections -ffat-lto-objects -finline-fu"
 714      66756E63 
 714      74696F6E 
 714      2D736563 
 714      74696F6E 
 715 00da 6E637469 		.ascii	"nctions -flto\000"
 715      6F6E7320 
 715      2D666C74 
 715      6F00
 716              	.LASF5:
 717 00e8 6C6F6E67 		.ascii	"long unsigned int\000"
 717      20756E73 
 717      69676E65 
 717      6420696E 
 717      7400
 718              	.LASF3:
 719 00fa 73686F72 		.ascii	"short unsigned int\000"
ARM GAS  C:\Users\JEFFSN~1\AppData\Local\Temp\cc1mFkY8.s 			page 27


 719      7420756E 
 719      7369676E 
 719      65642069 
 719      6E7400
 720              	.LASF21:
 721 010d 47656E65 		.ascii	"Generated_Source\\PSoC5\\CV_pedal_sense.c\000"
 721      72617465 
 721      645F536F 
 721      75726365 
 721      5C50536F 
 722              	.LASF10:
 723 0135 646F7562 		.ascii	"double\000"
 723      6C6500
 724              	.LASF8:
 725 013c 756E7369 		.ascii	"unsigned int\000"
 725      676E6564 
 725      20696E74 
 725      00
 726              	.LASF7:
 727 0149 6C6F6E67 		.ascii	"long long unsigned int\000"
 727      206C6F6E 
 727      6720756E 
 727      7369676E 
 727      65642069 
 728              	.LASF17:
 729 0160 6D6F6465 		.ascii	"mode\000"
 729      00
 730              	.LASF13:
 731 0165 72656738 		.ascii	"reg8\000"
 731      00
 732              	.LASF19:
 733 016a 43565F70 		.ascii	"CV_pedal_sense_ReadDataReg\000"
 733      6564616C 
 733      5F73656E 
 733      73655F52 
 733      65616444 
 734              	.LASF6:
 735 0185 6C6F6E67 		.ascii	"long long int\000"
 735      206C6F6E 
 735      6720696E 
 735      7400
 736              	.LASF11:
 737 0193 63686172 		.ascii	"char\000"
 737      00
 738              	.LASF22:
 739 0198 433A5C55 		.ascii	"C:\\Users\\JeffSnyder\\dev\\Electrobass_embedded\\P"
 739      73657273 
 739      5C4A6566 
 739      66536E79 
 739      6465725C 
 740 01c6 534F4335 		.ascii	"SOC5_electrobass_stringsensors\\CE210514_PSOC3_5_Th"
 740      5F656C65 
 740      6374726F 
 740      62617373 
 740      5F737472 
 741 01f8 65726D69 		.ascii	"ermistor.cydsn\000"
 741      73746F72 
ARM GAS  C:\Users\JEFFSN~1\AppData\Local\Temp\cc1mFkY8.s 			page 28


 741      2E637964 
 741      736E00
 742              	.LASF14:
 743 0207 43565F70 		.ascii	"CV_pedal_sense_Write\000"
 743      6564616C 
 743      5F73656E 
 743      73655F57 
 743      72697465 
 744              	.LASF2:
 745 021c 73686F72 		.ascii	"short int\000"
 745      7420696E 
 745      7400
 746              	.LASF12:
 747 0226 75696E74 		.ascii	"uint8\000"
 747      3800
 748              	.LASF4:
 749 022c 6C6F6E67 		.ascii	"long int\000"
 749      20696E74 
 749      00
 750              	.LASF0:
 751 0235 7369676E 		.ascii	"signed char\000"
 751      65642063 
 751      68617200 
 752              	.LASF18:
 753 0241 43565F70 		.ascii	"CV_pedal_sense_Read\000"
 753      6564616C 
 753      5F73656E 
 753      73655F52 
 753      65616400 
 754              		.comm	__gnu_lto_v1,1,1
 755              		.ident	"GCC: (GNU Tools for ARM Embedded Processors) 5.4.1 20160609 (release) [ARM/embedded-5-bran
