ARM GAS  C:\Users\JEFFSN~1\AppData\Local\Temp\ccCYp8Sa.s 			page 1


   1              		.syntax unified
   2              		.cpu cortex-m3
   3              		.fpu softvfp
   4              		.eabi_attribute 20, 1
   5              		.eabi_attribute 21, 1
   6              		.eabi_attribute 23, 3
   7              		.eabi_attribute 24, 1
   8              		.eabi_attribute 25, 1
   9              		.eabi_attribute 26, 1
  10              		.eabi_attribute 30, 2
  11              		.eabi_attribute 34, 1
  12              		.eabi_attribute 18, 4
  13              		.thumb
  14              		.syntax unified
  15              		.file	"DMA_1_TX_dma.c"
  16              		.text
  17              	.Ltext0:
  18              		.section	.gnu.lto_.profile.a80c9ffa,"",%progbits
  19 0000 789C6361 		.ascii	"x\234ca`d`a`\000\222\266\342\000\000\373\000_"
  19      60646061 
  19      600092B6 
  19      E20000FB 
  19      005F
  20              		.text
  21              		.section	.gnu.lto_.icf.a80c9ffa,"",%progbits
  22 0000 789C6361 		.ascii	"x\234ca`d\000\001\021\006\004`f\350o\334\374\221\205"
  22      60640001 
  22      11060460 
  22      66E86FDC 
  22      FC9185
  23 0013 B17B4EDB 		.ascii	"\261{N\333\015V\246\233\253\177M\347d\000\000XK\010"
  23      0D56A69B 
  23      AB7F4DE7 
  23      64000058 
  23      4B08
  24 0025 80       		.ascii	"\200"
  25              		.text
  26              		.section	.gnu.lto_.jmpfuncs.a80c9ffa,"",%progbits
  27 0000 789C6361 		.ascii	"x\234ca`d\000\201V\006\004`b`a\004\002~\020\301\002"
  27      60640081 
  27      56060460 
  27      62606104 
  27      027E10C1 
  28 0015 E433FE65 		.ascii	"\3443\376eb<\372\377\373\001\376/L\255\314\014\214L"
  28      623CFAFF 
  28      FB01FE2F 
  28      4CADCC0C 
  28      8C4C
  29 0027 8CCB1965 		.ascii	"\214\313\031e\030\030\330@*+\231\300$3\220\344\001)"
  29      1818D840 
  29      2A2B99C0 
  29      243390E4 
  29      0129
  30 0039 3BF469C3 		.ascii	";\364i\303r\036\2102f\306\025 eL\225`#+\031\241\006"
  30      721E8832 
  30      66C61520 
  30      654C9560 
ARM GAS  C:\Users\JEFFSN~1\AppData\Local\Temp\ccCYp8Sa.s 			page 2


  30      232B19A1 
  31 004e AD7FB3F3 		.ascii	"\255\177\263\363'/D\005\003\343J\220\012F\024\212\011"
  31      272F4405 
  31      03E34A90 
  31      0A46148A 
  31      09
  32 005f 8C181800 		.ascii	"\214\030\030\000\252l\030\026"
  32      AA6C1816 
  33              		.text
  34              		.section	.gnu.lto_.inline.a80c9ffa,"",%progbits
  35 0000 789C6361 		.ascii	"x\234ca`d\000\001\177\006\004`b`\020\325gd`\3428`\307"
  35      60640001 
  35      7F060460 
  35      626010D5 
  35      676460E2 
  36 0017 C0B6409E 		.ascii	"\300\266@\236\011$\306\314\003\024\237\340\307\300\302"
  36      0924C6CC 
  36      03149FE0 
  36      C7C0C2
  37 0026 0B644FF0 		.ascii	"\013dO\360\003Av\001\006\0066\006\020\013\254\207\215"
  37      03417601 
  37      06063606 
  37      100BAC87 
  37      8D
  38 0037 0FA885E9 		.ascii	"\017\250\205\351\002?\\\013\0237\003\003#P\022\000\264"
  38      023F5C0B 
  38      13370303 
  38      23501200 
  38      B4
  39 0048 960A8E   		.ascii	"\226\012\216"
  40              		.text
  41              		.section	.gnu.lto_.pureconst.a80c9ffa,"",%progbits
  42 0000 789C6361 		.ascii	"x\234ca`d`e```b\220`\222\000\000\000\347\000?"
  42      60646065 
  42      60606062 
  42      90609200 
  42      0000E700 
  43              		.text
  44              		.section	.gnu.lto_DMA_1_TX_DmaInitialize.a80c9ffa,"",%progbits
  45 0000 789C9592 		.ascii	"x\234\225\222OL\023A\024\306\347\315\224n]\332\302\315"
  45      4F4C1341 
  45      14C6E7CD 
  45      946E5DDA 
  45      C2CD
  46 0012 833D78B2 		.ascii	"\203=x\262r1\0325\361\212\220x2i\250&\0360\015i\367"
  46      72311A35 
  46      F18A9078 
  46      3269A826 
  46      1E300D69 
  47 0027 28E0B63D 		.ascii	"(\340\266=wJ\255J\342A\022@\211\301F\015\001\025\004"
  47      774AAD4A 
  47      E2411240 
  47      89C1460D 
  47      011504
  48 003a FC5F502C 		.ascii	"\374_P,\250\321D\"Q\360\244&\306Cc\010\011\245)\020"
  48      A8D14422 
  48      51F0A426 
ARM GAS  C:\Users\JEFFSN~1\AppData\Local\Temp\ccCYp8Sa.s 			page 3


  48      C6436308 
  48      09A52910 
  49 004e 4D707D6F 		.ascii	"Mp}o\272\242\011\\\272\311fw\336\276\357\367}ov\034"
  49      BAA2095C 
  49      BAC96677 
  49      DEBEEFF7 
  49      7D6F761C 
  50 0062 0C185D23 		.ascii	"\014\030]#\202\2610>w\341\015\202\001\277\374\236\261"
  50      82B1303E 
  50      77E10D82 
  50      01BFFC9E 
  50      B1
  51 0073 A48B03D0 		.ascii	"\244\213\003\320\213t\001KpH\300*\337\340\360n\375\355"
  51      8B74014B 
  51      7048C02A 
  51      DFE0F06E 
  51      FDED
  52 0085 25BD6E50 		.ascii	"%\275nP\312\016\371m\240x\344\312P\016\322(\2678\203"
  52      CA0EF96D 
  52      A078E4CA 
  52      500ED228 
  52      B73883
  53 0098 833ED8EF 		.ascii	"\203>\330\357#\304 \324a\347\302\360\\\247W\324\001"
  53      23C420D4 
  53      61E7C2F0 
  53      5CA757D4 
  53      01
  54 00a9 C3F7EBDD 		.ascii	"\303\367\353\335\263%\341\037 \225\354;-\005J`\010\304"
  54      B325E11F 
  54      2095EC3B 
  54      2D054A60 
  54      08C4
  55 00bb 3F1531E0 		.ascii	"?\0251\3406\370\261wy\376\346NqH\311\2722o\026\253l"
  55      36F8B177 
  55      79FEE64E 
  55      7148C9BA 
  55      326F16AB 
  56 00d0 D9575B76 		.ascii	"\331W[vg\213\354\256\222\275\266\326s5%\236\026\000"
  56      678BECAE 
  56      92BDB6D6 
  56      7335259E 
  56      1600
  57 00e2 94F36361 		.ascii	"\224\363ca\266\277\232\226\034jq\271t\353\306\202[4"
  57      B6BF9A96 
  57      1C6A71B9 
  57      74EBC682 
  57      5B34
  58 00f4 286AC746 		.ascii	"(j\307Fq\312kS'\317\273e -\004\334+cG\300\007\303@`"
  58      71CA6B53 
  58      27CFBB65 
  58      202D04DC 
  58      2B6347C0 
  59 010c B41A55E0 		.ascii	"\264\032U\340\211_\371e\257\010*i\367\313\254\3657\320"
  59      895FF965 
  59      AF082A69 
  59      F7CBACF5 
  59      37D0
ARM GAS  C:\Users\JEFFSN~1\AppData\Local\Temp\ccCYp8Sa.s 			page 4


  60 011e B50BB674 		.ascii	"\265\013\266tl\033\3518\370\251\377\373\370\357\036"
  60      6C1BE938 
  60      F8A9FFFB 
  60      F8EF1E
  61 012d 8FF39CC4 		.ascii	"\217\363\234\304k7\355\021\246\275\017N\332\365\321"
  61      6B37ED11 
  61      A6BD0F4E 
  61      DAF5D1
  62 013c A69CB4AC 		.ascii	"\246\234\264\254\224\314\365h\323_4\017\246\306\351"
  62      94CCF568 
  62      D35F340F 
  62      A6C6E9
  63 014b 1D40C338 		.ascii	"\035@\3038\021\341\320\200\354]@$\235\012n5,+ \204\376"
  63      11E1D080 
  63      EC5D4024 
  63      9D0A6E35 
  63      2C2B2084 
  64 0160 CA0AE7F4 		.ascii	"\312\012\347\364\024y\350(\025\362I\215\270h\330\233"
  64      1479E828 
  64      15F2498D 
  64      B868D89B 
  65 0170 9E99D368 		.ascii	"\236\231\323h\354*\2257\233]\372\254%6\344E)k\261\326"
  65      EC2A9537 
  65      9B5DFAAC 
  65      2536E445 
  65      296BB1D6 
  66 0184 49042C2F 		.ascii	"I\004,/\316~z\245g\240?)U\235\301C\374\275\0170;\203"
  66      CE7E7AA5 
  66      67A03F29 
  66      559DC143 
  66      FCBD0F30 
  67 019a 479001EC 		.ascii	"G\220\001\354\230)\216\015\272\211\343\000\001\217\361"
  67      98298E0D 
  67      BA89E300 
  67      018FF1
  68 01a9 CB0FE893 		.ascii	"\313\017\350\223W\327\366\222\315V\260\323\3428\023"
  68      57D7F692 
  68      CD56B0D3 
  68      E23813
  69 01b8 3C8104A3 		.ascii	"<\201\004\243\346\224\020)\341\300\256\321\245\354O"
  69      E6941029 
  69      E1C0AED1 
  69      A5EC4F
  70 01c7 4F99C2E0 		.ascii	"O\231\302\340)\356\217}\247\205\3060xoW\011\010\230"
  70      29EE8F7D 
  70      A785C630 
  70      786F5709 
  70      0898
  71 01d9 12CE0AB2 		.ascii	"\022\316\012\262f7\263N`V\014\346\334>\224\313\302-"
  71      6637B34E 
  71      60560CE6 
  71      DC3E94CB 
  71      C22D
  72 01eb 623089A1 		.ascii	"b0\211\241\320 %\264\224p\245\305\016e\374a\3256\326"
  72      D02025B4 
  72      9470A5C5 
  72      0E65FC61 
ARM GAS  C:\Users\JEFFSN~1\AppData\Local\Temp\ccCYp8Sa.s 			page 5


  72      D536D6
  73 01fe 2B307EB6 		.ascii	"+0~\266i\374\274l\\\265\275\261nq:\226S\312X\377\377"
  73      69FCBC6C 
  73      5CB5BDB1 
  73      6E713A96 
  73      53CA58FF 
  74 0213 683A80C3 		.ascii	"h:\200\303\013\032\277Z\245XY\233\026\345\030\356\012"
  74      0B1ABF5A 
  74      A558599B 
  74      16E518EE 
  74      0A
  75 0224 62E43663 		.ascii	"b\3446cLS\214Ed\226\031L\035\017\240c\201\203\3579f"
  75      4C538C45 
  75      6496194C 
  75      1D0FA063 
  75      8183EF39 
  76 0239 B41A664B 		.ascii	"\264\032fK\314\210\204\202mq3l4\007\202m\015\207\233"
  76      CC888482 
  76      6D71336C 
  76      3407826D 
  76      0D879B
  77 024c 1B8FD787 		.ascii	"\033\217\327\207\016\204N\234\012E\316\264\354\0133"
  77      0E844E9C 
  77      0A45CEB4 
  77      EC0B33
  78 025b FD68DC8C 		.ascii	"\375h\334\214\306\032\332\342\2551o\223q\326\210\306"
  78      C61ADAE2 
  78      AD316F93 
  78      71D688C6 
  79 026b 0286A96A 		.ascii	"\002\206\251j5'\333\333\0153h\206\353#\021\323\210F"
  79      3527DBDB 
  79      0D336886 
  79      EB2311D3 
  79      8846
  80 027d 6BD5BA11 		.ascii	"k\325\272\021;\354\302\037\351\331\\\321"
  80      3BECC21F 
  80      E9D95CD1 
  81              		.text
  82              		.section	.gnu.lto_DMA_1_TX_DmaRelease.a80c9ffa,"",%progbits
  83 0000 789C6361 		.ascii	"x\234ca`d\000\0016 \245\001\244\245\201\230\221\231"
  83      60640001 
  83      3620A501 
  83      A4A58198 
  83      9199
  84 0012 819169C2 		.ascii	"\201\221i\3029\006\206F\016&FF\020\243\201\203\221\241"
  84      39068646 
  84      0E264646 
  84      10A38183 
  84      91A1
  85 0024 9E89B19E 		.ascii	"\236\211\261\236\361+\323_&\306C\355\317v2i.o\000\202"
  85      F12BD35F 
  85      26C643ED 
  85      CF763269 
  85      2E6F0082 
  86 0038 07ADCB0C 		.ascii	"\007\255\313\014\033V\034`lef`\370\317\0046\211\201"
  86      1B561C60 
  86      6C656660 
ARM GAS  C:\Users\JEFFSN~1\AppData\Local\Temp\ccCYp8Sa.s 			page 6


  86      F8CF0436 
  86      8981
  87 004a 7139A326 		.ascii	"q9\243&\003P\331\243\215\377\246\362\262\265\200\224"
  87      0350D9A3 
  87      8DFFA6F2 
  87      B2B58094 
  88 005a 29402419 		.ascii	")@$\031W0\202\354aX\037t\240\341\377\377\346\206\003"
  88      573082EC 
  88      61581F74 
  88      A0E1FFFF 
  88      E68603
  89 006d 9BB90EEE 		.ascii	"\233\271\016\356\340babhe\006\012\177\000*\001Y\366"
  89      E0626162 
  89      6865060A 
  89      7F002A01 
  89      59F6
  90 007f 91890944 		.ascii	"\221\211\011D3?cl\232\366\361l\020HS33\310\336i\255"
  90      333F636C 
  90      9AF6F16C 
  90      10485333 
  90      33C8DE69 
  91 0094 87CEB37F 		.ascii	"\207\316\263\177ajefb\004\231\277s\347\233\333\354\365"
  91      616A6566 
  91      620499BF 
  91      73E79BDB 
  91      ECF5
  92 00a6 7F1B3A1A 		.ascii	"\177\033:\032\032\004\200b\235@'\200\204_\235\271z\204"
  92      1A048062 
  92      9D402780 
  92      845F9DB9 
  92      7A84
  93 00b8 6B3EE3DC 		.ascii	"k>\343\334\306\006\26083\343*\240\273W2\312\000\255"
  93      C606B038 
  93      33E32AA0 
  93      BB5732CA 
  93      00AD
  94 00ca 5FCD389F 		.ascii	"_\3158\237\221\341\005#\013\310HL\023X\376\003\315e"
  94      91E10523 
  94      0BC8484C 
  94      1358FE03 
  94      CD65
  95 00dc 605CC358 		.ascii	"`\\\303X\317\000\264\257\225\231\225\341\025c\323\201"
  95      CF00B4AF 
  95      959995E1 
  95      1563D381 
  96 00ec 9D5E60D5 		.ascii	"\235^`\325 \360\001(\017t\030\320\231j\356\251y\251"
  96      20F00128 
  96      0F7418D0 
  96      996AEEA9 
  96      79A9
  97 00fe 458925A9 		.ascii	"E\211%\251)\361\301\371\245E\311\2511\001\301\371\316"
  97      29F1C1F9 
  97      A545C9A9 
  97      3101C1F9 
  97      CE
  98 010f A6312EBE 		.ascii	"\2461.\276\216\361\206\361!\021\361)\271\211z\311\014"
  98      8EF186F1 
ARM GAS  C:\Users\JEFFSN~1\AppData\Local\Temp\ccCYp8Sa.s 			page 7


  98      2111F129 
  98      B9897AC9 
  98      0C
  99 0120 00FEFA69 		.ascii	"\000\376\372i\002"
  99      02
 100              		.text
 101              		.section	.gnu.lto_.symbol_nodes.a80c9ffa,"",%progbits
 102 0000 789C558C 		.ascii	"x\234U\214\261\015\2000\014\004\317q\222\001\230\000"
 102      B10D8030 
 102      0C04CF71 
 102      92019800 
 103 0010 26759028 		.ascii	"&u\220()\230\207:53\300\"\010'\025\371\346t\377\322"
 103      2998873A 
 103      3533C022 
 103      082715F9 
 103      E674FFD2 
 104 0024 47841D4F 		.ascii	"G\204\035O\020\203\343\002\307Y\026H\260Nm\010&\303"
 104      1083E302 
 104      C7591648 
 104      B04E6D08 
 104      26C3
 105 0036 20C9422F 		.ascii	" \311B/\240\224\331=\232\016\256\026\007\317\226\376"
 105      A094D93D 
 105      9A0EAE16 
 105      07CF96FE 
 106 0046 AE7E5DEF 		.ascii	"\256~]\357W\224\310\3664*\2651\344\336\363\001\314\364"
 106      5794C8F6 
 106      342AB531 
 106      E4DEF301 
 106      CCF4
 107 0058 1F26     		.ascii	"\037&"
 108              		.text
 109              		.section	.gnu.lto_.refs.a80c9ffa,"",%progbits
 110 0000 789C0DC7 		.ascii	"x\234\015\307I\021\000 \000\000!\326c,`\377\254\312"
 110      49110020 
 110      000021D6 
 110      632C60FF 
 110      ACCA
 111 0012 8F25174B 		.ascii	"\217%\027K\245\251\255\323\370\365\000\003\311\0008"
 111      A5A9ADD3 
 111      F8F50003 
 111      C90038
 112              		.text
 113              		.section	.gnu.lto_.decls.a80c9ffa,"",%progbits
 114 0000 789C8D54 		.ascii	"x\234\215TkL\024W\024\23633.\313\"`\250\261\232lRj\""
 114      6B4C1457 
 114      149E3333 
 114      2ECB2260 
 114      A8B19A6C 
 115 0017 F86B5BD2 		.ascii	"\370k[\322\264i\37741k\325\246\2611\305\23261!+;\255"
 115      B469FF34 
 115      316BD5A6 
 115      B131C59A 
 115      3631212B 
 116 002d 9BE0D2B0 		.ascii	"\233\340\322\260K\"\3755*\276\300\246\220\032Z\020\""
 116      4B22FD35 
 116      2ABEC0A6 
ARM GAS  C:\Users\JEFFSN~1\AppData\Local\Temp\ccCYp8Sa.s 			page 8


 116      901A5A10 
 116      22
 117 003e 62ABA0BC 		.ascii	"b\253\240\274A\305\027][\345)\362\364\261<\004YP\261"
 117      41C5175D 
 117      5BE529F2 
 117      F4B13C04 
 117      5950B1
 118 0051 9042D128 		.ascii	"\220B\321(\245@\317}\314\316\256)mo\366\354\334{\356"
 118      A540CF7D 
 118      CCCEAE29 
 118      6D6FF6EC 
 118      DC7BEE
 119 0064 77CE77BE 		.ascii	"w\316w\276s\357\214,\200@\306\343\020AX\205\323q\234"
 119      73EF8C2C 
 119      8040C6E3 
 119      10415885 
 119      D3719C
 120 0077 2FE090F0 		.ascii	"/\340\220\360\271\015\215\354\232\0056\014hW\321<h-"
 120      B90D8DEC 
 120      9A05360C 
 120      6857D13C 
 120      682D
 121 0089 681D685E 		.ascii	"h\035h^\264\001\216\033\022\202\007\301.E\273\200\026"
 121      B4018E1B 
 121      128207C1 
 121      2E45BB80 
 121      16
 122 009a 85B61CAD 		.ascii	"\205\266\034\255\202\347{\2006\214v\017\315\207\326"
 122      82E77B80 
 122      368C760F 
 122      CD87D6
 123 00a9 8E3682D6 		.ascii	"\2166\202\326\314ce\036\357\345<-\213pxx]\333\002\362"
 123      CC63651E 
 123      EFE53C2D 
 123      8B707878 
 123      5DDB02F2 
 124 00bd 12BE51B4 		.ascii	"\022\276Q\264~\216\0219n\261:\347DX8^\373\255\261\017"
 124      7E8E1139 
 124      6EB13AE7 
 124      4458385E 
 124      FBADB10F 
 125 00d1 BC2009BC 		.ascii	"\274 \011\274!\002\000\373\007j\0023\272\304\211(\260"
 125      210200FB 
 125      076A0233 
 125      BAC48928 
 125      B0
 126 00e2 89E6F20F 		.ascii	"\211\346\362\017\201CDm\252'\243?\036\017\013\332\240"
 126      8143446D 
 126      AA27A33F 
 126      1E0F0BDA 
 126      A0
 127 00f3 49F4ECC0 		.ascii	"I\364\354\300\203\330\232\007\013<\010D\235\000\330"
 127      83D89A07 
 127      0B3C0844 
 127      9D00D8
 128 0102 528B08C8 		.ascii	"R\213\010\310\367REZ\315\032\015m\007\025=\377\344\306"
 128      F752455A 
ARM GAS  C:\Users\JEFFSN~1\AppData\Local\Temp\ccCYp8Sa.s 			page 9


 128      CD1A0D6D 
 128      07153DFF 
 128      E4C6
 129 0114 1E491281 		.ascii	"\036I\022\201\314\007g\2127XJU\034Y\252*\276\247w\346"
 129      CC07678A 
 129      37584A55 
 129      1C59AA2A 
 129      BEA777E6 
 130 0128 A73F6727 		.ascii	"\247?g'\245\247\"\304\230\260f\011\035\025\343\027g"
 130      A5A722C4 
 130      98B06609 
 130      1D15E317 
 130      67
 131 0139 C29983EC 		.ascii	"\302\231\203\354\027\237h\2501I\253\351\374\306\302"
 131      179F68A8 
 131      3149ABE9 
 131      FCC6C2
 132 0148 734F246E 		.ascii	"sO$nE\231@\304e\327\344\315\2020\\.7\301\2629Q\314?"
 132      459940C4 
 132      65D7E4CD 
 132      82305C2E 
 132      37C1B239 
 133 015f 7AADCC00 		.ascii	"z\255\314\000\246\265\207Tu\257\252\356SM\305\021\002"
 133      A6B58754 
 133      75AFAAEE 
 133      534DC511 
 133      02
 134 0170 948319CA 		.ascii	"\224\203\031\312\300,@%\254%)K\300\"\300Yt\236A\347"
 134      C02C4025 
 134      AC25294B 
 134      C022C059 
 134      749E41E7 
 135 0184 2952CF50 		.ascii	")R\317P\315\330\373\027Uu\031T\200\011JA\242\020\024"
 135      CDD8FB17 
 135      55751954 
 135      80094A41 
 135      A21014
 136 0197 13636205 		.ascii	"\023cb\005\346t?\235\001\031EQ\300\016\231\370\212~"
 136      E6743F9D 
 136      01194551 
 136      C00E99F8 
 136      8A7E
 137 01a9 9FCE36FA 		.ascii	"\237\3166\372}U@\235\025\373GJ\214X\216\031\225@\200"
 137      7D55409D 
 137      15FB474A 
 137      8C588E19 
 137      954080
 138 01bc 10331392 		.ascii	"\0203\023\222\233\355\233\017\223>\"s\261\333wvL\206"
 138      9BED9B0F 
 138      933E2273 
 138      B1DB7776 
 138      4C86
 139 01ce B5265A80 		.ascii	"\265&Z\200\247\3725U\204\013\230\350\234\316n&\354T"
 139      A7FA3555 
 139      840B98E8 
 139      9CCE6E26 
 139      EC54
ARM GAS  C:\Users\JEFFSN~1\AppData\Local\Temp\ccCYp8Sa.s 			page 10


 140 01e0 C964916A 		.ascii	"\311d\221jX)\300[fx\023e\234G\031f.\243\026e\324\240"
 140      5829C05B 
 140      66781365 
 140      9C471966 
 140      2EA31665 
 141 01f6 0C4CEEF3 		.ascii	"\014L\356\363fO\207\321\202H\236jV\320\335\251\352\234"
 141      664F87D1 
 141      82489E6A 
 141      56D0DDA9 
 141      EA9C
 142 0208 48BFB38E 		.ascii	"H\277\263\2169;\323+\363%\326C\031\227Smy\276\010\326"
 142      393BD32B 
 142      F325D643 
 142      1997536D 
 142      79BE08D6 
 143 021c C368226C 		.ascii	"\303h\"l\317\343\211\320\2259\364\234\366\251\3212\215"
 143      CFE389D0 
 143      9539F49C 
 143      F6A9D132 
 143      8D
 144 022d BC8C3C97 		.ascii	"\274\214<\227\220G\200+\260\022\377/\202\314Z\323rf"
 144      9047802B 
 144      B012FF2F 
 144      82CC5AD3 
 144      7266
 145 023f 207DC9EA 		.ascii	" }\311\352B\265\260R\035\352n\260OU\253\352a\214\224"
 145      42B5B052 
 145      1DEA6EB0 
 145      4F55ABEA 
 145      618C94
 146 0252 090E8A75 		.ascii	"\011\016\212u1\305\344\332\013p\032\372\360\212\\\205"
 146      31C5E4DA 
 146      0B701AFA 
 146      F08A5C85 
 147 0262 D5E485A8 		.ascii	"\325\344\205\250}\362\\\226v\323\316\3145\037\313\023"
 147      7DF25C96 
 147      76D3CECC 
 147      351FCB13 
 148 0272 0349B7AD 		.ascii	"\003I\267\255\010\340\374\231r\356\340\224\336C?~\027"
 148      08E0FC99 
 148      72EEE094 
 148      DE433F7E 
 148      17
 149 0283 CA283D55 		.ascii	"\312(=U\031R\256\352I\3070\221\240\240^g\254\017d\364"
 149      1952AEEA 
 149      49C73091 
 149      A0A05E67 
 149      AC0F64F4 
 150 0297 50C6A6DC 		.ascii	"P\306\246\33435\262t\004(\345\350\367\307\1773\370["
 150      3335B274 
 150      0428E5E8 
 150      F7C77F33 
 150      F85B
 151 02a9 C30EF5C5 		.ascii	"\303\016\365\305\225\202^\321\357\373\205\265k\240\251"
 151      95825ED1 
 151      EFFB85B5 
 151      6BA0A9
ARM GAS  C:\Users\JEFFSN~1\AppData\Local\Temp\ccCYp8Sa.s 			page 11


 152 02b8 E42C6957 		.ascii	"\344,iW\254\211\276R\221\001\347\032\313\316\365\366"
 152      AC89BE52 
 152      9101E71A 
 152      CBCEF5F6 
 153 02c8 F9FDE361 		.ascii	"\371\375\343aR>\315+\226\2358R\341\277\203(&\252\011"
 153      523ECD2B 
 153      969D3852 
 153      E1BF8328 
 153      26AA09
 154 02db EFA0A605 		.ascii	"\357\240\246\005\232\360\360b\371\341\335@\347u\375"
 154      9AF0F062 
 154      F9E1DD40 
 154      E775FD
 155 02ea 0E4E6CAD 		.ascii	"\016Nl\255:Ht4\"u\203\256#\226_\302\361\236\373\252"
 155      3A487434 
 155      227583AE 
 155      23965FC2 
 155      F19EFBAA 
 156 02fe 31B0458D 		.ascii	"1\260E\215A\347\322L{\364\253v.u\275\337\344\210\330"
 156      41E7D24C 
 156      7BF4AB76 
 156      2E75BDDF 
 156      E488D8
 157 0311 A421CC7C 		.ascii	"\244!\314|,\323\222W\255\246\207\022\014\\\3233_\243"
 157      2CD39257 
 157      ADA68712 
 157      0C5CD333 
 157      5FA3
 158 0323 1DC2490B 		.ascii	"\035\302I\013\355\316\303\321g\336\020\251\201u\347"
 158      EDCEC3D1 
 158      67DE10A9 
 158      8175E7
 159 0332 BFAFFC4D 		.ascii	"\277\257\374M\326\235\340k\327\306\234\255\215\375e"
 159      D69DE06B 
 159      D7C69CAD 
 159      8DFD65
 160 0341 D2E2B5B6 		.ascii	"\322\342\265\266\323Zoi\265\356\275[wIf\265z.)X'\356"
 160      D35A6F69 
 160      B5EEBD5B 
 160      774966B5 
 160      7A2E2958 
 161 0357 43AB5E67 		.ascii	"C\253^g\253Vg\007\255\263\344\321\330D\2704\364\177"
 161      AB566707 
 161      ADB3E4D1 
 161      D844B834 
 161      F47F
 162 0369 4FB18B95 		.ascii	"O\261\213\225tx\337t\241\311\357\354f\316\246\336\322"
 162      7478DF74 
 162      A1C9EFEC 
 162      66CEA6DE 
 162      D2
 163 037a 591DD9C3 		.ascii	"Y\035\331\303\234meG7\373}\267\231\257\277\351\360e"
 163      9C6D6547 
 163      37FB7DB7 
 163      99AFBFE9 
 163      F065
 164 038c 3DFA0E7F 		.ascii	"=\372\016\177\333O\347\325\375\213\312{T\345]M\345\311"
ARM GAS  C:\Users\JEFFSN~1\AppData\Local\Temp\ccCYp8Sa.s 			page 12


 164      DB4FE7D5 
 164      FD8BCA7B 
 164      54E55D4D 
 164      E5C9
 165 039e AC1FB222 		.ascii	"\254\037\262\"\271\312;D%\356C\247\256\262SS\351\245"
 165      B9CA3B44 
 165      25EE43A7 
 165      AEB25353 
 165      E9A5
 166 03b0 2A1BAB3A 		.ascii	"*\033\253:&\302\244\027\213\253\234\275UY..\316\336"
 166      26C2A417 
 166      8BAB9CBD 
 166      55592E2E 
 166      CEDE
 167 03c2 4FD9FB34 		.ascii	"O\331\3734\366?\232\247\037\205p\366Z\302\216\373\320"
 167      F63F9AA7 
 167      1F8570F6 
 167      5AC28EFB 
 167      D0
 168 03d3 ABB3F76A 		.ascii	"\253\263\367j\354\003\224}0s\370\224\341)\373$\321/"
 168      EC03947D 
 168      3073F894 
 168      E129FB24 
 168      D12F
 169 03e5 D981D2B6 		.ascii	"\331\201\322\266\002Y:\310\276\344Y\007z\347\303\327"
 169      02593AC8 
 169      BEE45907 
 169      7AE7C3D7 
 170 03f5 9C540B8B 		.ascii	"\234T\013\213\310K\277a\252\\U%\012\035d\011\371\227"
 170      C84BBF61 
 170      AA5C5525 
 170      0A1D6409 
 170      F997
 171 0407 4AA0EBFB 		.ascii	"J\240\353\373\344\332\017\301\032\214\313\354\371k\335"
 171      E4DA0FC1 
 171      1A8CCBEC 
 171      F96BDD
 172 0416 D20CFDBD 		.ascii	"\322\014\375\275x\351\323\362\000\226\322\022\360\211"
 172      78E9D3F2 
 172      0096D212 
 172      F089
 173 0424 E043457D 		.ascii	"\340CE}m\341Ah\3220\035=\314\321\303\024}\375\331\275"
 173      6DE14168 
 173      D2301D3D 
 173      CCD1C314 
 173      7DFDD9BD 
 174 0438 7A4310BA 		.ascii	"zC\020\272=\010\355\343h\037E\317\244g\214\005\243\233"
 174      3D08EDE3 
 174      681F45CF 
 174      A4678C05 
 174      A39B
 175 044a 83D0231C 		.ascii	"\203\320#\034=B\321\017\233\273\346\214A\350\376 \364"
 175      3D42D10F 
 175      9BBBE68C 
 175      41E8FE20 
 175      F4
 176 045b 284793E7 		.ascii	"(G\223\347\212\365\233\327%\304%l\375,a\375.\333\207"
ARM GAS  C:\Users\JEFFSN~1\AppData\Local\Temp\ccCYp8Sa.s 			page 13


 176      8AF59BD7 
 176      25C4256C 
 176      FD2C61FD 
 176      2EDB87
 177 046e 4E87DB61 		.ascii	"N\207\333aKr|\255\0307~\374i\2645.N0\244:\234\356\270"
 177      4B727CAD 
 177      18377EFC 
 177      69B4352E 
 177      4E30A43A 
 178 0485 775EDFA8 		.ascii	"w^\337\2508\225\024\233[\261'\304'\247\246$*\333\267"
 178      3895149B 
 178      5BB127C4 
 178      27A7A624 
 178      2ADBB7
 179 0498 C4275BDF 		.ascii	"\304'[\337~#1\315\235\366\225\342\262\354\024\226\020"
 179      7E2331CD 
 179      9DF695E2 
 179      B2EC1496 
 179      10
 180 04a9 E0BB31FF 		.ascii	"\340\2731\377\214\333\356g\261\357\262Y\022\205W\002"
 180      8CDBEE67 
 180      B1EFB259 
 180      12855702 
 181 04b9 593F5192 		.ascii	"Y?Q\222\024\233K\211\264\246\341\302\272sK\212#9\305"
 181      149B4B89 
 181      B4A6E1C2 
 181      BA734B8A 
 181      2339C5
 182 04cc E14E3326 		.ascii	"\341N3&\246\271\3346w\252+z\021n\353\347\230\305j\331"
 182      A6B9DC36 
 182      77AA2B7A 
 182      116EEBE7 
 182      98C56AD9 
 183 04e0 24ACE291 		.ascii	"$\254\342\221\361\212\373\203\335n\305iW\354\353\354"
 183      F18AFB83 
 183      DD6EC569 
 183      57ECEBEC 
 184 04f0 F614C5E5 		.ascii	"\366\024\305\345zU\337\261&;\277p|\231\212y\034\311"
 184      7A55DFB1 
 184      263BBF70 
 184      7C998A79 
 184      1CC9
 185 0502 CE08EE5F 		.ascii	"\316\010\356_\357p\331v$)Q\201\345l\2629\355I\312\337"
 185      EF70D976 
 185      24295181 
 185      E56CB239 
 185      ED49CADF 
 186 0516 1507B111 		.ascii	"\025\007\261\021"
 187              		.text
 188              		.section	.gnu.lto_.symtab.a80c9ffa,"",%progbits
 189 0000 444D415F 		.ascii	"DMA_1_TX_DmaInitialize\000"
 189      315F5458 
 189      5F446D61 
 189      496E6974 
 189      69616C69 
 190 0017 00       		.ascii	"\000"
 191 0018 00       		.ascii	"\000"
ARM GAS  C:\Users\JEFFSN~1\AppData\Local\Temp\ccCYp8Sa.s 			page 14


 192 0019 00       		.ascii	"\000"
 193 001a 00000000 		.ascii	"\000\000\000\000\000\000\000\000"
 193      00000000 
 194 0022 BD000000 		.ascii	"\275\000\000\000"
 195 0026 444D415F 		.ascii	"DMA_1_TX_DmaHandle\000"
 195      315F5458 
 195      5F446D61 
 195      48616E64 
 195      6C6500
 196 0039 00       		.ascii	"\000"
 197 003a 00       		.ascii	"\000"
 198 003b 00       		.ascii	"\000"
 199 003c 00000000 		.ascii	"\000\000\000\000\000\000\000\000"
 199      00000000 
 200 0044 E0000000 		.ascii	"\340\000\000\000"
 201 0048 444D415F 		.ascii	"DMA_1_TX_DmaRelease\000"
 201      315F5458 
 201      5F446D61 
 201      52656C65 
 201      61736500 
 202 005c 00       		.ascii	"\000"
 203 005d 00       		.ascii	"\000"
 204 005e 00       		.ascii	"\000"
 205 005f 00000000 		.ascii	"\000\000\000\000\000\000\000\000"
 205      00000000 
 206 0067 C0000000 		.ascii	"\300\000\000\000"
 207 006b 4379446D 		.ascii	"CyDmaChPriority\000"
 207      61436850 
 207      72696F72 
 207      69747900 
 208 007b 00       		.ascii	"\000"
 209 007c 02       		.ascii	"\002"
 210 007d 00       		.ascii	"\000"
 211 007e 00000000 		.ascii	"\000\000\000\000\000\000\000\000"
 211      00000000 
 212 0086 CA000000 		.ascii	"\312\000\000\000"
 213 008a 4379446D 		.ascii	"CyDmaChSetExtendedAddress\000"
 213      61436853 
 213      65744578 
 213      74656E64 
 213      65644164 
 214 00a4 00       		.ascii	"\000"
 215 00a5 02       		.ascii	"\002"
 216 00a6 00       		.ascii	"\000"
 217 00a7 00000000 		.ascii	"\000\000\000\000\000\000\000\000"
 217      00000000 
 218 00af D0000000 		.ascii	"\320\000\000\000"
 219 00b3 4379446D 		.ascii	"CyDmaChSetConfiguration\000"
 219      61436853 
 219      6574436F 
 219      6E666967 
 219      75726174 
 220 00cb 00       		.ascii	"\000"
 221 00cc 02       		.ascii	"\002"
 222 00cd 00       		.ascii	"\000"
 223 00ce 00000000 		.ascii	"\000\000\000\000\000\000\000\000"
 223      00000000 
ARM GAS  C:\Users\JEFFSN~1\AppData\Local\Temp\ccCYp8Sa.s 			page 15


 224 00d6 D9000000 		.ascii	"\331\000\000\000"
 225 00da 4379446D 		.ascii	"CyDmaChDisable\000"
 225      61436844 
 225      69736162 
 225      6C6500
 226 00e9 00       		.ascii	"\000"
 227 00ea 02       		.ascii	"\002"
 228 00eb 00       		.ascii	"\000"
 229 00ec 00000000 		.ascii	"\000\000\000\000\000\000\000\000"
 229      00000000 
 230 00f4 DD000000 		.ascii	"\335\000\000\000"
 231              		.text
 232              		.section	.gnu.lto_.opts,"",%progbits
 233 0000 272D666D 		.ascii	"'-fmath-errno' '-fsigned-zeros' '-ftrapping-math' '"
 233      6174682D 
 233      6572726E 
 233      6F272027 
 233      2D667369 
 234 0033 2D666E6F 		.ascii	"-fno-trapv' '-fno-openmp' '-fno-openacc' '-mcpu=cor"
 234      2D747261 
 234      70762720 
 234      272D666E 
 234      6F2D6F70 
 235 0066 7465782D 		.ascii	"tex-m3' '-mthumb' '-g' '-O3' '-ffunction-sections' "
 235      6D332720 
 235      272D6D74 
 235      68756D62 
 235      2720272D 
 236 0099 272D6666 		.ascii	"'-ffat-lto-objects' '-finline-functions' '-flto'\000"
 236      61742D6C 
 236      746F2D6F 
 236      626A6563 
 236      74732720 
 237              		.text
 238              		.cfi_sections	.debug_frame
 239              		.section	.text.DMA_1_TX_DmaInitialize,"ax",%progbits
 240              		.align	2
 241              		.global	DMA_1_TX_DmaInitialize
 242              		.thumb
 243              		.thumb_func
 244              		.type	DMA_1_TX_DmaInitialize, %function
 245              	DMA_1_TX_DmaInitialize:
 246              	.LFB0:
 247              		.file 1 "Generated_Source\\PSoC5\\DMA_1_TX_dma.c"
   1:Generated_Source\PSoC5/DMA_1_TX_dma.c **** /***************************************************************************
   2:Generated_Source\PSoC5/DMA_1_TX_dma.c **** * File Name: DMA_1_TX_dma.c  
   3:Generated_Source\PSoC5/DMA_1_TX_dma.c **** * Version 1.70
   4:Generated_Source\PSoC5/DMA_1_TX_dma.c **** *
   5:Generated_Source\PSoC5/DMA_1_TX_dma.c **** *  Description:
   6:Generated_Source\PSoC5/DMA_1_TX_dma.c **** *   Provides an API for the DMAC component. The API includes functions
   7:Generated_Source\PSoC5/DMA_1_TX_dma.c **** *   for the DMA controller, DMA channels and Transfer Descriptors.
   8:Generated_Source\PSoC5/DMA_1_TX_dma.c **** *
   9:Generated_Source\PSoC5/DMA_1_TX_dma.c **** *
  10:Generated_Source\PSoC5/DMA_1_TX_dma.c **** *   Note:
  11:Generated_Source\PSoC5/DMA_1_TX_dma.c **** *     This module requires the developer to finish or fill in the auto
  12:Generated_Source\PSoC5/DMA_1_TX_dma.c **** *     generated funcions and setup the dma channel and TD's.
  13:Generated_Source\PSoC5/DMA_1_TX_dma.c **** *
ARM GAS  C:\Users\JEFFSN~1\AppData\Local\Temp\ccCYp8Sa.s 			page 16


  14:Generated_Source\PSoC5/DMA_1_TX_dma.c **** ********************************************************************************
  15:Generated_Source\PSoC5/DMA_1_TX_dma.c **** * Copyright 2008-2010, Cypress Semiconductor Corporation.  All rights reserved.
  16:Generated_Source\PSoC5/DMA_1_TX_dma.c **** * You may use this file only in accordance with the license, terms, conditions, 
  17:Generated_Source\PSoC5/DMA_1_TX_dma.c **** * disclaimers, and limitations in the end user license agreement accompanying 
  18:Generated_Source\PSoC5/DMA_1_TX_dma.c **** * the software package with which this file was provided.
  19:Generated_Source\PSoC5/DMA_1_TX_dma.c **** ********************************************************************************/
  20:Generated_Source\PSoC5/DMA_1_TX_dma.c **** #include <CYLIB.H>
  21:Generated_Source\PSoC5/DMA_1_TX_dma.c **** #include <CYDMAC.H>
  22:Generated_Source\PSoC5/DMA_1_TX_dma.c **** #include <DMA_1_TX_dma.H>
  23:Generated_Source\PSoC5/DMA_1_TX_dma.c **** 
  24:Generated_Source\PSoC5/DMA_1_TX_dma.c **** 
  25:Generated_Source\PSoC5/DMA_1_TX_dma.c **** 
  26:Generated_Source\PSoC5/DMA_1_TX_dma.c **** /****************************************************************************
  27:Generated_Source\PSoC5/DMA_1_TX_dma.c **** * 
  28:Generated_Source\PSoC5/DMA_1_TX_dma.c **** * The following defines are available in Cyfitter.h
  29:Generated_Source\PSoC5/DMA_1_TX_dma.c **** * 
  30:Generated_Source\PSoC5/DMA_1_TX_dma.c **** * 
  31:Generated_Source\PSoC5/DMA_1_TX_dma.c **** * 
  32:Generated_Source\PSoC5/DMA_1_TX_dma.c **** * DMA_1_TX__DRQ_CTL_REG
  33:Generated_Source\PSoC5/DMA_1_TX_dma.c **** * 
  34:Generated_Source\PSoC5/DMA_1_TX_dma.c **** * 
  35:Generated_Source\PSoC5/DMA_1_TX_dma.c **** * DMA_1_TX__DRQ_NUMBER
  36:Generated_Source\PSoC5/DMA_1_TX_dma.c **** * 
  37:Generated_Source\PSoC5/DMA_1_TX_dma.c **** * Number of TD's used by this channel.
  38:Generated_Source\PSoC5/DMA_1_TX_dma.c **** * DMA_1_TX__NUMBEROF_TDS
  39:Generated_Source\PSoC5/DMA_1_TX_dma.c **** * 
  40:Generated_Source\PSoC5/DMA_1_TX_dma.c **** * Priority of this channel.
  41:Generated_Source\PSoC5/DMA_1_TX_dma.c **** * DMA_1_TX__PRIORITY
  42:Generated_Source\PSoC5/DMA_1_TX_dma.c **** * 
  43:Generated_Source\PSoC5/DMA_1_TX_dma.c **** * True if DMA_1_TX_TERMIN_SEL is used.
  44:Generated_Source\PSoC5/DMA_1_TX_dma.c **** * DMA_1_TX__TERMIN_EN
  45:Generated_Source\PSoC5/DMA_1_TX_dma.c **** * 
  46:Generated_Source\PSoC5/DMA_1_TX_dma.c **** * TERMIN interrupt line to signal terminate.
  47:Generated_Source\PSoC5/DMA_1_TX_dma.c **** * DMA_1_TX__TERMIN_SEL
  48:Generated_Source\PSoC5/DMA_1_TX_dma.c **** * 
  49:Generated_Source\PSoC5/DMA_1_TX_dma.c **** * 
  50:Generated_Source\PSoC5/DMA_1_TX_dma.c **** * True if DMA_1_TX_TERMOUT0_SEL is used.
  51:Generated_Source\PSoC5/DMA_1_TX_dma.c **** * DMA_1_TX__TERMOUT0_EN
  52:Generated_Source\PSoC5/DMA_1_TX_dma.c **** * 
  53:Generated_Source\PSoC5/DMA_1_TX_dma.c **** * 
  54:Generated_Source\PSoC5/DMA_1_TX_dma.c **** * TERMOUT0 interrupt line to signal completion.
  55:Generated_Source\PSoC5/DMA_1_TX_dma.c **** * DMA_1_TX__TERMOUT0_SEL
  56:Generated_Source\PSoC5/DMA_1_TX_dma.c **** * 
  57:Generated_Source\PSoC5/DMA_1_TX_dma.c **** * 
  58:Generated_Source\PSoC5/DMA_1_TX_dma.c **** * True if DMA_1_TX_TERMOUT1_SEL is used.
  59:Generated_Source\PSoC5/DMA_1_TX_dma.c **** * DMA_1_TX__TERMOUT1_EN
  60:Generated_Source\PSoC5/DMA_1_TX_dma.c **** * 
  61:Generated_Source\PSoC5/DMA_1_TX_dma.c **** * 
  62:Generated_Source\PSoC5/DMA_1_TX_dma.c **** * TERMOUT1 interrupt line to signal completion.
  63:Generated_Source\PSoC5/DMA_1_TX_dma.c **** * DMA_1_TX__TERMOUT1_SEL
  64:Generated_Source\PSoC5/DMA_1_TX_dma.c **** * 
  65:Generated_Source\PSoC5/DMA_1_TX_dma.c **** ****************************************************************************/
  66:Generated_Source\PSoC5/DMA_1_TX_dma.c **** 
  67:Generated_Source\PSoC5/DMA_1_TX_dma.c **** 
  68:Generated_Source\PSoC5/DMA_1_TX_dma.c **** /* Zero based index of DMA_1_TX dma channel */
  69:Generated_Source\PSoC5/DMA_1_TX_dma.c **** uint8 DMA_1_TX_DmaHandle = DMA_INVALID_CHANNEL;
  70:Generated_Source\PSoC5/DMA_1_TX_dma.c **** 
ARM GAS  C:\Users\JEFFSN~1\AppData\Local\Temp\ccCYp8Sa.s 			page 17


  71:Generated_Source\PSoC5/DMA_1_TX_dma.c **** /*********************************************************************
  72:Generated_Source\PSoC5/DMA_1_TX_dma.c **** * Function Name: uint8 DMA_1_TX_DmaInitalize
  73:Generated_Source\PSoC5/DMA_1_TX_dma.c **** **********************************************************************
  74:Generated_Source\PSoC5/DMA_1_TX_dma.c **** * Summary:
  75:Generated_Source\PSoC5/DMA_1_TX_dma.c **** *   Allocates and initialises a channel of the DMAC to be used by the
  76:Generated_Source\PSoC5/DMA_1_TX_dma.c **** *   caller.
  77:Generated_Source\PSoC5/DMA_1_TX_dma.c **** *
  78:Generated_Source\PSoC5/DMA_1_TX_dma.c **** * Parameters:
  79:Generated_Source\PSoC5/DMA_1_TX_dma.c **** *   BurstCount.
  80:Generated_Source\PSoC5/DMA_1_TX_dma.c **** *       
  81:Generated_Source\PSoC5/DMA_1_TX_dma.c **** *       
  82:Generated_Source\PSoC5/DMA_1_TX_dma.c **** *   ReqestPerBurst.
  83:Generated_Source\PSoC5/DMA_1_TX_dma.c **** *       
  84:Generated_Source\PSoC5/DMA_1_TX_dma.c **** *       
  85:Generated_Source\PSoC5/DMA_1_TX_dma.c **** *   UpperSrcAddress.
  86:Generated_Source\PSoC5/DMA_1_TX_dma.c **** *       
  87:Generated_Source\PSoC5/DMA_1_TX_dma.c **** *       
  88:Generated_Source\PSoC5/DMA_1_TX_dma.c **** *   UpperDestAddress.
  89:Generated_Source\PSoC5/DMA_1_TX_dma.c **** *       
  90:Generated_Source\PSoC5/DMA_1_TX_dma.c **** *
  91:Generated_Source\PSoC5/DMA_1_TX_dma.c **** * Return:
  92:Generated_Source\PSoC5/DMA_1_TX_dma.c **** *   The channel that can be used by the caller for DMA activity.
  93:Generated_Source\PSoC5/DMA_1_TX_dma.c **** *   DMA_INVALID_CHANNEL (0xFF) if there are no channels left. 
  94:Generated_Source\PSoC5/DMA_1_TX_dma.c **** *
  95:Generated_Source\PSoC5/DMA_1_TX_dma.c **** *
  96:Generated_Source\PSoC5/DMA_1_TX_dma.c **** *******************************************************************/
  97:Generated_Source\PSoC5/DMA_1_TX_dma.c **** uint8 DMA_1_TX_DmaInitialize(uint8 BurstCount, uint8 ReqestPerBurst, uint16 UpperSrcAddress, uint16
  98:Generated_Source\PSoC5/DMA_1_TX_dma.c **** {
 248              		.loc 1 98 0
 249              		.cfi_startproc
 250              		@ args = 0, pretend = 0, frame = 0
 251              		@ frame_needed = 0, uses_anonymous_args = 0
 252              	.LVL0:
 253 0000 2DE9F041 		push	{r4, r5, r6, r7, r8, lr}
 254              		.cfi_def_cfa_offset 24
 255              		.cfi_offset 4, -24
 256              		.cfi_offset 5, -20
 257              		.cfi_offset 6, -16
 258              		.cfi_offset 7, -12
 259              		.cfi_offset 8, -8
 260              		.cfi_offset 14, -4
 261 0004 1746     		mov	r7, r2
 262 0006 9846     		mov	r8, r3
 263 0008 82B0     		sub	sp, sp, #8
 264              		.cfi_def_cfa_offset 32
  99:Generated_Source\PSoC5/DMA_1_TX_dma.c **** 
 100:Generated_Source\PSoC5/DMA_1_TX_dma.c ****     /* Allocate a DMA channel. */
 101:Generated_Source\PSoC5/DMA_1_TX_dma.c ****     DMA_1_TX_DmaHandle = (uint8)DMA_1_TX__DRQ_NUMBER;
 265              		.loc 1 101 0
 266 000a 0C4C     		ldr	r4, .L3
 102:Generated_Source\PSoC5/DMA_1_TX_dma.c **** 
 103:Generated_Source\PSoC5/DMA_1_TX_dma.c ****     /* Configure the channel. */
 104:Generated_Source\PSoC5/DMA_1_TX_dma.c ****     (void)CyDmaChSetConfiguration(DMA_1_TX_DmaHandle,
 267              		.loc 1 104 0
 268 000c 0025     		movs	r5, #0
 101:Generated_Source\PSoC5/DMA_1_TX_dma.c **** 
 269              		.loc 1 101 0
ARM GAS  C:\Users\JEFFSN~1\AppData\Local\Temp\ccCYp8Sa.s 			page 18


 270 000e 0326     		movs	r6, #3
 271              		.loc 1 104 0
 272 0010 2B46     		mov	r3, r5
 273              	.LVL1:
 274 0012 0A46     		mov	r2, r1
 275              	.LVL2:
 276 0014 0195     		str	r5, [sp, #4]
 277 0016 0146     		mov	r1, r0
 278              	.LVL3:
 279 0018 0095     		str	r5, [sp]
 280 001a 3046     		mov	r0, r6
 281              	.LVL4:
 101:Generated_Source\PSoC5/DMA_1_TX_dma.c **** 
 282              		.loc 1 101 0
 283 001c 2670     		strb	r6, [r4]
 284              		.loc 1 104 0
 285 001e FFF7FEFF 		bl	CyDmaChSetConfiguration
 286              	.LVL5:
 105:Generated_Source\PSoC5/DMA_1_TX_dma.c ****                                   BurstCount,
 106:Generated_Source\PSoC5/DMA_1_TX_dma.c ****                                   ReqestPerBurst,
 107:Generated_Source\PSoC5/DMA_1_TX_dma.c ****                                   (uint8)DMA_1_TX__TERMOUT0_SEL,
 108:Generated_Source\PSoC5/DMA_1_TX_dma.c ****                                   (uint8)DMA_1_TX__TERMOUT1_SEL,
 109:Generated_Source\PSoC5/DMA_1_TX_dma.c ****                                   (uint8)DMA_1_TX__TERMIN_SEL);
 110:Generated_Source\PSoC5/DMA_1_TX_dma.c **** 
 111:Generated_Source\PSoC5/DMA_1_TX_dma.c ****     /* Set the extended address for the transfers */
 112:Generated_Source\PSoC5/DMA_1_TX_dma.c ****     (void)CyDmaChSetExtendedAddress(DMA_1_TX_DmaHandle, UpperSrcAddress, UpperDestAddress);
 287              		.loc 1 112 0
 288 0022 4246     		mov	r2, r8
 289 0024 3946     		mov	r1, r7
 290 0026 2078     		ldrb	r0, [r4]	@ zero_extendqisi2
 291 0028 FFF7FEFF 		bl	CyDmaChSetExtendedAddress
 292              	.LVL6:
 113:Generated_Source\PSoC5/DMA_1_TX_dma.c **** 
 114:Generated_Source\PSoC5/DMA_1_TX_dma.c ****     /* Set the priority for this channel */
 115:Generated_Source\PSoC5/DMA_1_TX_dma.c ****     (void)CyDmaChPriority(DMA_1_TX_DmaHandle, (uint8)DMA_1_TX__PRIORITY);
 293              		.loc 1 115 0
 294 002c 2078     		ldrb	r0, [r4]	@ zero_extendqisi2
 295 002e 0221     		movs	r1, #2
 296 0030 FFF7FEFF 		bl	CyDmaChPriority
 297              	.LVL7:
 116:Generated_Source\PSoC5/DMA_1_TX_dma.c ****     
 117:Generated_Source\PSoC5/DMA_1_TX_dma.c ****     return DMA_1_TX_DmaHandle;
 118:Generated_Source\PSoC5/DMA_1_TX_dma.c **** }
 298              		.loc 1 118 0
 299 0034 2078     		ldrb	r0, [r4]	@ zero_extendqisi2
 300 0036 02B0     		add	sp, sp, #8
 301              		.cfi_def_cfa_offset 24
 302              		@ sp needed
 303 0038 BDE8F081 		pop	{r4, r5, r6, r7, r8, pc}
 304              	.L4:
 305              		.align	2
 306              	.L3:
 307 003c 00000000 		.word	.LANCHOR0
 308              		.cfi_endproc
 309              	.LFE0:
 310              		.size	DMA_1_TX_DmaInitialize, .-DMA_1_TX_DmaInitialize
 311              		.section	.text.DMA_1_TX_DmaRelease,"ax",%progbits
ARM GAS  C:\Users\JEFFSN~1\AppData\Local\Temp\ccCYp8Sa.s 			page 19


 312              		.align	2
 313              		.global	DMA_1_TX_DmaRelease
 314              		.thumb
 315              		.thumb_func
 316              		.type	DMA_1_TX_DmaRelease, %function
 317              	DMA_1_TX_DmaRelease:
 318              	.LFB1:
 119:Generated_Source\PSoC5/DMA_1_TX_dma.c **** 
 120:Generated_Source\PSoC5/DMA_1_TX_dma.c **** /*********************************************************************
 121:Generated_Source\PSoC5/DMA_1_TX_dma.c **** * Function Name: void DMA_1_TX_DmaRelease
 122:Generated_Source\PSoC5/DMA_1_TX_dma.c **** **********************************************************************
 123:Generated_Source\PSoC5/DMA_1_TX_dma.c **** * Summary:
 124:Generated_Source\PSoC5/DMA_1_TX_dma.c **** *   Frees the channel associated with DMA_1_TX.
 125:Generated_Source\PSoC5/DMA_1_TX_dma.c **** *
 126:Generated_Source\PSoC5/DMA_1_TX_dma.c **** *
 127:Generated_Source\PSoC5/DMA_1_TX_dma.c **** * Parameters:
 128:Generated_Source\PSoC5/DMA_1_TX_dma.c **** *   void.
 129:Generated_Source\PSoC5/DMA_1_TX_dma.c **** *
 130:Generated_Source\PSoC5/DMA_1_TX_dma.c **** *
 131:Generated_Source\PSoC5/DMA_1_TX_dma.c **** *
 132:Generated_Source\PSoC5/DMA_1_TX_dma.c **** * Return:
 133:Generated_Source\PSoC5/DMA_1_TX_dma.c **** *   void.
 134:Generated_Source\PSoC5/DMA_1_TX_dma.c **** *
 135:Generated_Source\PSoC5/DMA_1_TX_dma.c **** *******************************************************************/
 136:Generated_Source\PSoC5/DMA_1_TX_dma.c **** void DMA_1_TX_DmaRelease(void) 
 137:Generated_Source\PSoC5/DMA_1_TX_dma.c **** {
 319              		.loc 1 137 0
 320              		.cfi_startproc
 321              		@ args = 0, pretend = 0, frame = 0
 322              		@ frame_needed = 0, uses_anonymous_args = 0
 323              		@ link register save eliminated.
 138:Generated_Source\PSoC5/DMA_1_TX_dma.c ****     /* Disable the channel */
 139:Generated_Source\PSoC5/DMA_1_TX_dma.c ****     (void)CyDmaChDisable(DMA_1_TX_DmaHandle);
 324              		.loc 1 139 0
 325 0000 014B     		ldr	r3, .L6
 326 0002 1878     		ldrb	r0, [r3]	@ zero_extendqisi2
 327 0004 FFF7FEBF 		b	CyDmaChDisable
 328              	.LVL8:
 329              	.L7:
 330              		.align	2
 331              	.L6:
 332 0008 00000000 		.word	.LANCHOR0
 333              		.cfi_endproc
 334              	.LFE1:
 335              		.size	DMA_1_TX_DmaRelease, .-DMA_1_TX_DmaRelease
 336              		.global	DMA_1_TX_DmaHandle
 337              		.data
 338              		.set	.LANCHOR0,. + 0
 339              		.type	DMA_1_TX_DmaHandle, %object
 340              		.size	DMA_1_TX_DmaHandle, 1
 341              	DMA_1_TX_DmaHandle:
 342 0000 FF       		.byte	-1
 343              		.text
 344              	.Letext0:
 345              		.file 2 "Generated_Source\\PSoC5/cytypes.h"
 346              		.file 3 "Generated_Source\\PSoC5/CYDMAC.H"
 347              		.section	.debug_info,"",%progbits
ARM GAS  C:\Users\JEFFSN~1\AppData\Local\Temp\ccCYp8Sa.s 			page 20


 348              	.Ldebug_info0:
 349 0000 A6010000 		.4byte	0x1a6
 350 0004 0400     		.2byte	0x4
 351 0006 00000000 		.4byte	.Ldebug_abbrev0
 352 000a 04       		.byte	0x4
 353 000b 01       		.uleb128 0x1
 354 000c 87000000 		.4byte	.LASF24
 355 0010 0C       		.byte	0xc
 356 0011 00000000 		.4byte	.LASF25
 357 0015 D6010000 		.4byte	.LASF26
 358 0019 00000000 		.4byte	.Ldebug_ranges0+0
 359 001d 00000000 		.4byte	0
 360 0021 00000000 		.4byte	.Ldebug_line0
 361 0025 02       		.uleb128 0x2
 362 0026 04       		.byte	0x4
 363 0027 05       		.byte	0x5
 364 0028 696E7400 		.ascii	"int\000"
 365 002c 03       		.uleb128 0x3
 366 002d 04       		.byte	0x4
 367 002e 07       		.byte	0x7
 368 002f 6B010000 		.4byte	.LASF0
 369 0033 03       		.uleb128 0x3
 370 0034 08       		.byte	0x8
 371 0035 05       		.byte	0x5
 372 0036 A9010000 		.4byte	.LASF1
 373 003a 03       		.uleb128 0x3
 374 003b 08       		.byte	0x8
 375 003c 04       		.byte	0x4
 376 003d 6B020000 		.4byte	.LASF2
 377 0041 03       		.uleb128 0x3
 378 0042 01       		.byte	0x1
 379 0043 06       		.byte	0x6
 380 0044 8B020000 		.4byte	.LASF3
 381 0048 03       		.uleb128 0x3
 382 0049 01       		.byte	0x1
 383 004a 08       		.byte	0x8
 384 004b 6E000000 		.4byte	.LASF4
 385 004f 03       		.uleb128 0x3
 386 0050 02       		.byte	0x2
 387 0051 05       		.byte	0x5
 388 0052 45020000 		.4byte	.LASF5
 389 0056 03       		.uleb128 0x3
 390 0057 02       		.byte	0x2
 391 0058 07       		.byte	0x7
 392 0059 55000000 		.4byte	.LASF6
 393 005d 03       		.uleb128 0x3
 394 005e 04       		.byte	0x4
 395 005f 05       		.byte	0x5
 396 0060 62020000 		.4byte	.LASF7
 397 0064 03       		.uleb128 0x3
 398 0065 04       		.byte	0x4
 399 0066 07       		.byte	0x7
 400 0067 2E010000 		.4byte	.LASF8
 401 006b 03       		.uleb128 0x3
 402 006c 08       		.byte	0x8
 403 006d 07       		.byte	0x7
 404 006e 78010000 		.4byte	.LASF9
ARM GAS  C:\Users\JEFFSN~1\AppData\Local\Temp\ccCYp8Sa.s 			page 21


 405 0072 03       		.uleb128 0x3
 406 0073 04       		.byte	0x4
 407 0074 07       		.byte	0x7
 408 0075 A0010000 		.4byte	.LASF10
 409 0079 03       		.uleb128 0x3
 410 007a 01       		.byte	0x1
 411 007b 08       		.byte	0x8
 412 007c D1010000 		.4byte	.LASF11
 413 0080 04       		.uleb128 0x4
 414 0081 40010000 		.4byte	.LASF12
 415 0085 02       		.byte	0x2
 416 0086 E901     		.2byte	0x1e9
 417 0088 48000000 		.4byte	0x48
 418 008c 04       		.uleb128 0x4
 419 008d 4D010000 		.4byte	.LASF13
 420 0091 02       		.byte	0x2
 421 0092 EA01     		.2byte	0x1ea
 422 0094 56000000 		.4byte	0x56
 423 0098 03       		.uleb128 0x3
 424 0099 04       		.byte	0x4
 425 009a 04       		.byte	0x4
 426 009b 68000000 		.4byte	.LASF14
 427 009f 03       		.uleb128 0x3
 428 00a0 08       		.byte	0x8
 429 00a1 04       		.byte	0x4
 430 00a2 46010000 		.4byte	.LASF15
 431 00a6 05       		.uleb128 0x5
 432 00a7 54010000 		.4byte	.LASF27
 433 00ab 01       		.byte	0x1
 434 00ac 61       		.byte	0x61
 435 00ad 80000000 		.4byte	0x80
 436 00b1 00000000 		.4byte	.LFB0
 437 00b5 40000000 		.4byte	.LFE0-.LFB0
 438 00b9 01       		.uleb128 0x1
 439 00ba 9C       		.byte	0x9c
 440 00bb 4D010000 		.4byte	0x14d
 441 00bf 06       		.uleb128 0x6
 442 00c0 7C000000 		.4byte	.LASF16
 443 00c4 01       		.byte	0x1
 444 00c5 61       		.byte	0x61
 445 00c6 80000000 		.4byte	0x80
 446 00ca 00000000 		.4byte	.LLST0
 447 00ce 06       		.uleb128 0x6
 448 00cf 46000000 		.4byte	.LASF17
 449 00d3 01       		.byte	0x1
 450 00d4 61       		.byte	0x61
 451 00d5 80000000 		.4byte	0x80
 452 00d9 21000000 		.4byte	.LLST1
 453 00dd 06       		.uleb128 0x6
 454 00de 26000000 		.4byte	.LASF18
 455 00e2 01       		.byte	0x1
 456 00e3 61       		.byte	0x61
 457 00e4 8C000000 		.4byte	0x8c
 458 00e8 42000000 		.4byte	.LLST2
 459 00ec 06       		.uleb128 0x6
 460 00ed 8F010000 		.4byte	.LASF19
 461 00f1 01       		.byte	0x1
ARM GAS  C:\Users\JEFFSN~1\AppData\Local\Temp\ccCYp8Sa.s 			page 22


 462 00f2 61       		.byte	0x61
 463 00f3 8C000000 		.4byte	0x8c
 464 00f7 63000000 		.4byte	.LLST3
 465 00fb 07       		.uleb128 0x7
 466 00fc 22000000 		.4byte	.LVL5
 467 0100 7D010000 		.4byte	0x17d
 468 0104 23010000 		.4byte	0x123
 469 0108 08       		.uleb128 0x8
 470 0109 01       		.uleb128 0x1
 471 010a 50       		.byte	0x50
 472 010b 02       		.uleb128 0x2
 473 010c 76       		.byte	0x76
 474 010d 00       		.sleb128 0
 475 010e 08       		.uleb128 0x8
 476 010f 01       		.uleb128 0x1
 477 0110 53       		.byte	0x53
 478 0111 02       		.uleb128 0x2
 479 0112 75       		.byte	0x75
 480 0113 00       		.sleb128 0
 481 0114 08       		.uleb128 0x8
 482 0115 02       		.uleb128 0x2
 483 0116 7D       		.byte	0x7d
 484 0117 00       		.sleb128 0
 485 0118 02       		.uleb128 0x2
 486 0119 75       		.byte	0x75
 487 011a 00       		.sleb128 0
 488 011b 08       		.uleb128 0x8
 489 011c 02       		.uleb128 0x2
 490 011d 7D       		.byte	0x7d
 491 011e 04       		.sleb128 4
 492 011f 02       		.uleb128 0x2
 493 0120 75       		.byte	0x75
 494 0121 00       		.sleb128 0
 495 0122 00       		.byte	0
 496 0123 07       		.uleb128 0x7
 497 0124 2C000000 		.4byte	.LVL6
 498 0128 88010000 		.4byte	0x188
 499 012c 3D010000 		.4byte	0x13d
 500 0130 08       		.uleb128 0x8
 501 0131 01       		.uleb128 0x1
 502 0132 51       		.byte	0x51
 503 0133 02       		.uleb128 0x2
 504 0134 77       		.byte	0x77
 505 0135 00       		.sleb128 0
 506 0136 08       		.uleb128 0x8
 507 0137 01       		.uleb128 0x1
 508 0138 52       		.byte	0x52
 509 0139 02       		.uleb128 0x2
 510 013a 78       		.byte	0x78
 511 013b 00       		.sleb128 0
 512 013c 00       		.byte	0
 513 013d 09       		.uleb128 0x9
 514 013e 34000000 		.4byte	.LVL7
 515 0142 93010000 		.4byte	0x193
 516 0146 08       		.uleb128 0x8
 517 0147 01       		.uleb128 0x1
 518 0148 51       		.byte	0x51
ARM GAS  C:\Users\JEFFSN~1\AppData\Local\Temp\ccCYp8Sa.s 			page 23


 519 0149 01       		.uleb128 0x1
 520 014a 32       		.byte	0x32
 521 014b 00       		.byte	0
 522 014c 00       		.byte	0
 523 014d 0A       		.uleb128 0xa
 524 014e 77020000 		.4byte	.LASF28
 525 0152 01       		.byte	0x1
 526 0153 88       		.byte	0x88
 527 0154 00000000 		.4byte	.LFB1
 528 0158 0C000000 		.4byte	.LFE1-.LFB1
 529 015c 01       		.uleb128 0x1
 530 015d 9C       		.byte	0x9c
 531 015e 6C010000 		.4byte	0x16c
 532 0162 0B       		.uleb128 0xb
 533 0163 08000000 		.4byte	.LVL8
 534 0167 9E010000 		.4byte	0x19e
 535 016b 00       		.byte	0
 536 016c 0C       		.uleb128 0xc
 537 016d 4F020000 		.4byte	.LASF29
 538 0171 01       		.byte	0x1
 539 0172 45       		.byte	0x45
 540 0173 80000000 		.4byte	0x80
 541 0177 05       		.uleb128 0x5
 542 0178 03       		.byte	0x3
 543 0179 00000000 		.4byte	DMA_1_TX_DmaHandle
 544 017d 0D       		.uleb128 0xd
 545 017e A6020000 		.4byte	.LASF20
 546 0182 A6020000 		.4byte	.LASF20
 547 0186 03       		.byte	0x3
 548 0187 33       		.byte	0x33
 549 0188 0D       		.uleb128 0xd
 550 0189 B7010000 		.4byte	.LASF21
 551 018d B7010000 		.4byte	.LASF21
 552 0191 03       		.byte	0x3
 553 0192 2D       		.byte	0x2d
 554 0193 0D       		.uleb128 0xd
 555 0194 36000000 		.4byte	.LASF22
 556 0198 36000000 		.4byte	.LASF22
 557 019c 03       		.byte	0x3
 558 019d 2C       		.byte	0x2c
 559 019e 0D       		.uleb128 0xd
 560 019f 97020000 		.4byte	.LASF23
 561 01a3 97020000 		.4byte	.LASF23
 562 01a7 03       		.byte	0x3
 563 01a8 2A       		.byte	0x2a
 564 01a9 00       		.byte	0
 565              		.section	.debug_abbrev,"",%progbits
 566              	.Ldebug_abbrev0:
 567 0000 01       		.uleb128 0x1
 568 0001 11       		.uleb128 0x11
 569 0002 01       		.byte	0x1
 570 0003 25       		.uleb128 0x25
 571 0004 0E       		.uleb128 0xe
 572 0005 13       		.uleb128 0x13
 573 0006 0B       		.uleb128 0xb
 574 0007 03       		.uleb128 0x3
 575 0008 0E       		.uleb128 0xe
ARM GAS  C:\Users\JEFFSN~1\AppData\Local\Temp\ccCYp8Sa.s 			page 24


 576 0009 1B       		.uleb128 0x1b
 577 000a 0E       		.uleb128 0xe
 578 000b 55       		.uleb128 0x55
 579 000c 17       		.uleb128 0x17
 580 000d 11       		.uleb128 0x11
 581 000e 01       		.uleb128 0x1
 582 000f 10       		.uleb128 0x10
 583 0010 17       		.uleb128 0x17
 584 0011 00       		.byte	0
 585 0012 00       		.byte	0
 586 0013 02       		.uleb128 0x2
 587 0014 24       		.uleb128 0x24
 588 0015 00       		.byte	0
 589 0016 0B       		.uleb128 0xb
 590 0017 0B       		.uleb128 0xb
 591 0018 3E       		.uleb128 0x3e
 592 0019 0B       		.uleb128 0xb
 593 001a 03       		.uleb128 0x3
 594 001b 08       		.uleb128 0x8
 595 001c 00       		.byte	0
 596 001d 00       		.byte	0
 597 001e 03       		.uleb128 0x3
 598 001f 24       		.uleb128 0x24
 599 0020 00       		.byte	0
 600 0021 0B       		.uleb128 0xb
 601 0022 0B       		.uleb128 0xb
 602 0023 3E       		.uleb128 0x3e
 603 0024 0B       		.uleb128 0xb
 604 0025 03       		.uleb128 0x3
 605 0026 0E       		.uleb128 0xe
 606 0027 00       		.byte	0
 607 0028 00       		.byte	0
 608 0029 04       		.uleb128 0x4
 609 002a 16       		.uleb128 0x16
 610 002b 00       		.byte	0
 611 002c 03       		.uleb128 0x3
 612 002d 0E       		.uleb128 0xe
 613 002e 3A       		.uleb128 0x3a
 614 002f 0B       		.uleb128 0xb
 615 0030 3B       		.uleb128 0x3b
 616 0031 05       		.uleb128 0x5
 617 0032 49       		.uleb128 0x49
 618 0033 13       		.uleb128 0x13
 619 0034 00       		.byte	0
 620 0035 00       		.byte	0
 621 0036 05       		.uleb128 0x5
 622 0037 2E       		.uleb128 0x2e
 623 0038 01       		.byte	0x1
 624 0039 3F       		.uleb128 0x3f
 625 003a 19       		.uleb128 0x19
 626 003b 03       		.uleb128 0x3
 627 003c 0E       		.uleb128 0xe
 628 003d 3A       		.uleb128 0x3a
 629 003e 0B       		.uleb128 0xb
 630 003f 3B       		.uleb128 0x3b
 631 0040 0B       		.uleb128 0xb
 632 0041 27       		.uleb128 0x27
ARM GAS  C:\Users\JEFFSN~1\AppData\Local\Temp\ccCYp8Sa.s 			page 25


 633 0042 19       		.uleb128 0x19
 634 0043 49       		.uleb128 0x49
 635 0044 13       		.uleb128 0x13
 636 0045 11       		.uleb128 0x11
 637 0046 01       		.uleb128 0x1
 638 0047 12       		.uleb128 0x12
 639 0048 06       		.uleb128 0x6
 640 0049 40       		.uleb128 0x40
 641 004a 18       		.uleb128 0x18
 642 004b 9742     		.uleb128 0x2117
 643 004d 19       		.uleb128 0x19
 644 004e 01       		.uleb128 0x1
 645 004f 13       		.uleb128 0x13
 646 0050 00       		.byte	0
 647 0051 00       		.byte	0
 648 0052 06       		.uleb128 0x6
 649 0053 05       		.uleb128 0x5
 650 0054 00       		.byte	0
 651 0055 03       		.uleb128 0x3
 652 0056 0E       		.uleb128 0xe
 653 0057 3A       		.uleb128 0x3a
 654 0058 0B       		.uleb128 0xb
 655 0059 3B       		.uleb128 0x3b
 656 005a 0B       		.uleb128 0xb
 657 005b 49       		.uleb128 0x49
 658 005c 13       		.uleb128 0x13
 659 005d 02       		.uleb128 0x2
 660 005e 17       		.uleb128 0x17
 661 005f 00       		.byte	0
 662 0060 00       		.byte	0
 663 0061 07       		.uleb128 0x7
 664 0062 898201   		.uleb128 0x4109
 665 0065 01       		.byte	0x1
 666 0066 11       		.uleb128 0x11
 667 0067 01       		.uleb128 0x1
 668 0068 31       		.uleb128 0x31
 669 0069 13       		.uleb128 0x13
 670 006a 01       		.uleb128 0x1
 671 006b 13       		.uleb128 0x13
 672 006c 00       		.byte	0
 673 006d 00       		.byte	0
 674 006e 08       		.uleb128 0x8
 675 006f 8A8201   		.uleb128 0x410a
 676 0072 00       		.byte	0
 677 0073 02       		.uleb128 0x2
 678 0074 18       		.uleb128 0x18
 679 0075 9142     		.uleb128 0x2111
 680 0077 18       		.uleb128 0x18
 681 0078 00       		.byte	0
 682 0079 00       		.byte	0
 683 007a 09       		.uleb128 0x9
 684 007b 898201   		.uleb128 0x4109
 685 007e 01       		.byte	0x1
 686 007f 11       		.uleb128 0x11
 687 0080 01       		.uleb128 0x1
 688 0081 31       		.uleb128 0x31
 689 0082 13       		.uleb128 0x13
ARM GAS  C:\Users\JEFFSN~1\AppData\Local\Temp\ccCYp8Sa.s 			page 26


 690 0083 00       		.byte	0
 691 0084 00       		.byte	0
 692 0085 0A       		.uleb128 0xa
 693 0086 2E       		.uleb128 0x2e
 694 0087 01       		.byte	0x1
 695 0088 3F       		.uleb128 0x3f
 696 0089 19       		.uleb128 0x19
 697 008a 03       		.uleb128 0x3
 698 008b 0E       		.uleb128 0xe
 699 008c 3A       		.uleb128 0x3a
 700 008d 0B       		.uleb128 0xb
 701 008e 3B       		.uleb128 0x3b
 702 008f 0B       		.uleb128 0xb
 703 0090 27       		.uleb128 0x27
 704 0091 19       		.uleb128 0x19
 705 0092 11       		.uleb128 0x11
 706 0093 01       		.uleb128 0x1
 707 0094 12       		.uleb128 0x12
 708 0095 06       		.uleb128 0x6
 709 0096 40       		.uleb128 0x40
 710 0097 18       		.uleb128 0x18
 711 0098 9742     		.uleb128 0x2117
 712 009a 19       		.uleb128 0x19
 713 009b 01       		.uleb128 0x1
 714 009c 13       		.uleb128 0x13
 715 009d 00       		.byte	0
 716 009e 00       		.byte	0
 717 009f 0B       		.uleb128 0xb
 718 00a0 898201   		.uleb128 0x4109
 719 00a3 00       		.byte	0
 720 00a4 11       		.uleb128 0x11
 721 00a5 01       		.uleb128 0x1
 722 00a6 9542     		.uleb128 0x2115
 723 00a8 19       		.uleb128 0x19
 724 00a9 31       		.uleb128 0x31
 725 00aa 13       		.uleb128 0x13
 726 00ab 00       		.byte	0
 727 00ac 00       		.byte	0
 728 00ad 0C       		.uleb128 0xc
 729 00ae 34       		.uleb128 0x34
 730 00af 00       		.byte	0
 731 00b0 03       		.uleb128 0x3
 732 00b1 0E       		.uleb128 0xe
 733 00b2 3A       		.uleb128 0x3a
 734 00b3 0B       		.uleb128 0xb
 735 00b4 3B       		.uleb128 0x3b
 736 00b5 0B       		.uleb128 0xb
 737 00b6 49       		.uleb128 0x49
 738 00b7 13       		.uleb128 0x13
 739 00b8 3F       		.uleb128 0x3f
 740 00b9 19       		.uleb128 0x19
 741 00ba 02       		.uleb128 0x2
 742 00bb 18       		.uleb128 0x18
 743 00bc 00       		.byte	0
 744 00bd 00       		.byte	0
 745 00be 0D       		.uleb128 0xd
 746 00bf 2E       		.uleb128 0x2e
ARM GAS  C:\Users\JEFFSN~1\AppData\Local\Temp\ccCYp8Sa.s 			page 27


 747 00c0 00       		.byte	0
 748 00c1 3F       		.uleb128 0x3f
 749 00c2 19       		.uleb128 0x19
 750 00c3 3C       		.uleb128 0x3c
 751 00c4 19       		.uleb128 0x19
 752 00c5 6E       		.uleb128 0x6e
 753 00c6 0E       		.uleb128 0xe
 754 00c7 03       		.uleb128 0x3
 755 00c8 0E       		.uleb128 0xe
 756 00c9 3A       		.uleb128 0x3a
 757 00ca 0B       		.uleb128 0xb
 758 00cb 3B       		.uleb128 0x3b
 759 00cc 0B       		.uleb128 0xb
 760 00cd 00       		.byte	0
 761 00ce 00       		.byte	0
 762 00cf 00       		.byte	0
 763              		.section	.debug_loc,"",%progbits
 764              	.Ldebug_loc0:
 765              	.LLST0:
 766 0000 00000000 		.4byte	.LVL0
 767 0004 1C000000 		.4byte	.LVL4
 768 0008 0100     		.2byte	0x1
 769 000a 50       		.byte	0x50
 770 000b 1C000000 		.4byte	.LVL4
 771 000f 40000000 		.4byte	.LFE0
 772 0013 0400     		.2byte	0x4
 773 0015 F3       		.byte	0xf3
 774 0016 01       		.uleb128 0x1
 775 0017 50       		.byte	0x50
 776 0018 9F       		.byte	0x9f
 777 0019 00000000 		.4byte	0
 778 001d 00000000 		.4byte	0
 779              	.LLST1:
 780 0021 00000000 		.4byte	.LVL0
 781 0025 18000000 		.4byte	.LVL3
 782 0029 0100     		.2byte	0x1
 783 002b 51       		.byte	0x51
 784 002c 18000000 		.4byte	.LVL3
 785 0030 40000000 		.4byte	.LFE0
 786 0034 0400     		.2byte	0x4
 787 0036 F3       		.byte	0xf3
 788 0037 01       		.uleb128 0x1
 789 0038 51       		.byte	0x51
 790 0039 9F       		.byte	0x9f
 791 003a 00000000 		.4byte	0
 792 003e 00000000 		.4byte	0
 793              	.LLST2:
 794 0042 00000000 		.4byte	.LVL0
 795 0046 14000000 		.4byte	.LVL2
 796 004a 0100     		.2byte	0x1
 797 004c 52       		.byte	0x52
 798 004d 14000000 		.4byte	.LVL2
 799 0051 40000000 		.4byte	.LFE0
 800 0055 0400     		.2byte	0x4
 801 0057 F3       		.byte	0xf3
 802 0058 01       		.uleb128 0x1
 803 0059 52       		.byte	0x52
ARM GAS  C:\Users\JEFFSN~1\AppData\Local\Temp\ccCYp8Sa.s 			page 28


 804 005a 9F       		.byte	0x9f
 805 005b 00000000 		.4byte	0
 806 005f 00000000 		.4byte	0
 807              	.LLST3:
 808 0063 00000000 		.4byte	.LVL0
 809 0067 12000000 		.4byte	.LVL1
 810 006b 0100     		.2byte	0x1
 811 006d 53       		.byte	0x53
 812 006e 12000000 		.4byte	.LVL1
 813 0072 40000000 		.4byte	.LFE0
 814 0076 0400     		.2byte	0x4
 815 0078 F3       		.byte	0xf3
 816 0079 01       		.uleb128 0x1
 817 007a 53       		.byte	0x53
 818 007b 9F       		.byte	0x9f
 819 007c 00000000 		.4byte	0
 820 0080 00000000 		.4byte	0
 821              		.section	.debug_aranges,"",%progbits
 822 0000 24000000 		.4byte	0x24
 823 0004 0200     		.2byte	0x2
 824 0006 00000000 		.4byte	.Ldebug_info0
 825 000a 04       		.byte	0x4
 826 000b 00       		.byte	0
 827 000c 0000     		.2byte	0
 828 000e 0000     		.2byte	0
 829 0010 00000000 		.4byte	.LFB0
 830 0014 40000000 		.4byte	.LFE0-.LFB0
 831 0018 00000000 		.4byte	.LFB1
 832 001c 0C000000 		.4byte	.LFE1-.LFB1
 833 0020 00000000 		.4byte	0
 834 0024 00000000 		.4byte	0
 835              		.section	.debug_ranges,"",%progbits
 836              	.Ldebug_ranges0:
 837 0000 00000000 		.4byte	.LFB0
 838 0004 40000000 		.4byte	.LFE0
 839 0008 00000000 		.4byte	.LFB1
 840 000c 0C000000 		.4byte	.LFE1
 841 0010 00000000 		.4byte	0
 842 0014 00000000 		.4byte	0
 843              		.section	.debug_line,"",%progbits
 844              	.Ldebug_line0:
 845 0000 85000000 		.section	.debug_str,"MS",%progbits,1
 845      02005500 
 845      00000201 
 845      FB0E0D00 
 845      01010101 
 846              	.LASF25:
 847 0000 47656E65 		.ascii	"Generated_Source\\PSoC5\\DMA_1_TX_dma.c\000"
 847      72617465 
 847      645F536F 
 847      75726365 
 847      5C50536F 
 848              	.LASF18:
 849 0026 55707065 		.ascii	"UpperSrcAddress\000"
 849      72537263 
 849      41646472 
 849      65737300 
ARM GAS  C:\Users\JEFFSN~1\AppData\Local\Temp\ccCYp8Sa.s 			page 29


 850              	.LASF22:
 851 0036 4379446D 		.ascii	"CyDmaChPriority\000"
 851      61436850 
 851      72696F72 
 851      69747900 
 852              	.LASF17:
 853 0046 52657165 		.ascii	"ReqestPerBurst\000"
 853      73745065 
 853      72427572 
 853      737400
 854              	.LASF6:
 855 0055 73686F72 		.ascii	"short unsigned int\000"
 855      7420756E 
 855      7369676E 
 855      65642069 
 855      6E7400
 856              	.LASF14:
 857 0068 666C6F61 		.ascii	"float\000"
 857      7400
 858              	.LASF4:
 859 006e 756E7369 		.ascii	"unsigned char\000"
 859      676E6564 
 859      20636861 
 859      7200
 860              	.LASF16:
 861 007c 42757273 		.ascii	"BurstCount\000"
 861      74436F75 
 861      6E7400
 862              	.LASF24:
 863 0087 474E5520 		.ascii	"GNU C11 5.4.1 20160609 (release) [ARM/embedded-5-br"
 863      43313120 
 863      352E342E 
 863      31203230 
 863      31363036 
 864 00ba 616E6368 		.ascii	"anch revision 237715] -mcpu=cortex-m3 -mthumb -g -O"
 864      20726576 
 864      6973696F 
 864      6E203233 
 864      37373135 
 865 00ed 33202D66 		.ascii	"3 -ffunction-sections -ffat-lto-objects -finline-fu"
 865      66756E63 
 865      74696F6E 
 865      2D736563 
 865      74696F6E 
 866 0120 6E637469 		.ascii	"nctions -flto\000"
 866      6F6E7320 
 866      2D666C74 
 866      6F00
 867              	.LASF8:
 868 012e 6C6F6E67 		.ascii	"long unsigned int\000"
 868      20756E73 
 868      69676E65 
 868      6420696E 
 868      7400
 869              	.LASF12:
 870 0140 75696E74 		.ascii	"uint8\000"
 870      3800
ARM GAS  C:\Users\JEFFSN~1\AppData\Local\Temp\ccCYp8Sa.s 			page 30


 871              	.LASF15:
 872 0146 646F7562 		.ascii	"double\000"
 872      6C6500
 873              	.LASF13:
 874 014d 75696E74 		.ascii	"uint16\000"
 874      313600
 875              	.LASF27:
 876 0154 444D415F 		.ascii	"DMA_1_TX_DmaInitialize\000"
 876      315F5458 
 876      5F446D61 
 876      496E6974 
 876      69616C69 
 877              	.LASF0:
 878 016b 756E7369 		.ascii	"unsigned int\000"
 878      676E6564 
 878      20696E74 
 878      00
 879              	.LASF9:
 880 0178 6C6F6E67 		.ascii	"long long unsigned int\000"
 880      206C6F6E 
 880      6720756E 
 880      7369676E 
 880      65642069 
 881              	.LASF19:
 882 018f 55707065 		.ascii	"UpperDestAddress\000"
 882      72446573 
 882      74416464 
 882      72657373 
 882      00
 883              	.LASF10:
 884 01a0 73697A65 		.ascii	"sizetype\000"
 884      74797065 
 884      00
 885              	.LASF1:
 886 01a9 6C6F6E67 		.ascii	"long long int\000"
 886      206C6F6E 
 886      6720696E 
 886      7400
 887              	.LASF21:
 888 01b7 4379446D 		.ascii	"CyDmaChSetExtendedAddress\000"
 888      61436853 
 888      65744578 
 888      74656E64 
 888      65644164 
 889              	.LASF11:
 890 01d1 63686172 		.ascii	"char\000"
 890      00
 891              	.LASF26:
 892 01d6 433A5C55 		.ascii	"C:\\Users\\JeffSnyder\\dev\\Electrobass_embedded\\P"
 892      73657273 
 892      5C4A6566 
 892      66536E79 
 892      6465725C 
 893 0204 534F4335 		.ascii	"SOC5_electrobass_stringsensors\\CE210514_PSOC3_5_Th"
 893      5F656C65 
 893      6374726F 
 893      62617373 
ARM GAS  C:\Users\JEFFSN~1\AppData\Local\Temp\ccCYp8Sa.s 			page 31


 893      5F737472 
 894 0236 65726D69 		.ascii	"ermistor.cydsn\000"
 894      73746F72 
 894      2E637964 
 894      736E00
 895              	.LASF5:
 896 0245 73686F72 		.ascii	"short int\000"
 896      7420696E 
 896      7400
 897              	.LASF29:
 898 024f 444D415F 		.ascii	"DMA_1_TX_DmaHandle\000"
 898      315F5458 
 898      5F446D61 
 898      48616E64 
 898      6C6500
 899              	.LASF7:
 900 0262 6C6F6E67 		.ascii	"long int\000"
 900      20696E74 
 900      00
 901              	.LASF2:
 902 026b 6C6F6E67 		.ascii	"long double\000"
 902      20646F75 
 902      626C6500 
 903              	.LASF28:
 904 0277 444D415F 		.ascii	"DMA_1_TX_DmaRelease\000"
 904      315F5458 
 904      5F446D61 
 904      52656C65 
 904      61736500 
 905              	.LASF3:
 906 028b 7369676E 		.ascii	"signed char\000"
 906      65642063 
 906      68617200 
 907              	.LASF23:
 908 0297 4379446D 		.ascii	"CyDmaChDisable\000"
 908      61436844 
 908      69736162 
 908      6C6500
 909              	.LASF20:
 910 02a6 4379446D 		.ascii	"CyDmaChSetConfiguration\000"
 910      61436853 
 910      6574436F 
 910      6E666967 
 910      75726174 
 911              		.comm	__gnu_lto_v1,1,1
 912              		.ident	"GCC: (GNU Tools for ARM Embedded Processors) 5.4.1 20160609 (release) [ARM/embedded-5-bran
