ARM GAS  C:\Users\JEFFSN~1\AppData\Local\Temp\ccXmW2CD.s 			page 1


   1              		.syntax unified
   2              		.cpu cortex-m3
   3              		.fpu softvfp
   4              		.eabi_attribute 20, 1
   5              		.eabi_attribute 21, 1
   6              		.eabi_attribute 23, 3
   7              		.eabi_attribute 24, 1
   8              		.eabi_attribute 25, 1
   9              		.eabi_attribute 26, 1
  10              		.eabi_attribute 30, 1
  11              		.eabi_attribute 34, 1
  12              		.eabi_attribute 18, 4
  13              		.thumb
  14              		.syntax unified
  15              		.file	"DMA_2_RX_dma.c"
  16              		.text
  17              	.Ltext0:
  18              		.section	.gnu.lto_.profile.c72412e3,"",%progbits
  19 0000 789C6361 		.ascii	"x\234ca`d`a`\000\222\266\342\000\000\373\000_"
  19      60646061 
  19      600092B6 
  19      E20000FB 
  19      005F
  20              		.text
  21              		.section	.gnu.lto_.inline.c72412e3,"",%progbits
  22 0000 789C6361 		.ascii	"x\234ca`d\000\001\177\006\004`b`\020\325gd`\3428`\307"
  22      60640001 
  22      7F060460 
  22      626010D5 
  22      676460E2 
  23 0017 C0B6409E 		.ascii	"\300\266@\236\011$\306\314\003\024\237\340\307\300\302"
  23      0924C6CC 
  23      03149FE0 
  23      C7C0C2
  24 0026 0B644FF0 		.ascii	"\013dO\360\003Av\001\006\0066\006\020\013\254\207\215"
  24      03417601 
  24      06063606 
  24      100BAC87 
  24      8D
  25 0037 0FA885E9 		.ascii	"\017\250\205\351\002?\\\013\0237\003\003#P\022\000\264"
  25      023F5C0B 
  25      13370303 
  25      23501200 
  25      B4
  26 0048 960A8E   		.ascii	"\226\012\216"
  27              		.text
  28              		.section	.gnu.lto_.jmpfuncs.c72412e3,"",%progbits
  29 0000 789C6361 		.ascii	"x\234ca`d\000\001\036\006\004`B\242\000\002\000\000"
  29      60640001 
  29      1E060460 
  29      42A20002 
  29      0000
  30 0012 16       		.ascii	"\026"
  31              		.text
  32              		.section	.gnu.lto_.pureconst.c72412e3,"",%progbits
  33 0000 789C6361 		.ascii	"x\234ca`d`e```b\220`\222\000\000\000\347\000?"
  33      60646065 
ARM GAS  C:\Users\JEFFSN~1\AppData\Local\Temp\ccXmW2CD.s 			page 2


  33      60606062 
  33      90609200 
  33      0000E700 
  34              		.text
  35              		.section	.gnu.lto_DMA_2_RX_DmaInitialize.c72412e3,"",%progbits
  36 0000 789C9592 		.ascii	"x\234\225\222KL\023Q\024\206\357\271w\350\324\241-\354"
  36      4B4C1351 
  36      1486EFB9 
  36      77E8D4A1 
  36      2DEC
  37 0012 5CC8C295 		.ascii	"\\\310\302\225\330\2151>\022\267X\022W&\244\215\211"
  37      D88D313E 
  37      12B75812 
  37      5726A48D 
  37      89
  38 0023 0B4C43DA 		.ascii	"\013LC\332Y\0128-\353^(UI\\H\002(Q$j\010\250`\301wA"
  38      590A382D 
  38      EB5E2855 
  38      495C4802 
  38      2851246A 
  39 003d B1F88826 		.ascii	"\261\370\210&\022\011\212+51.\032C\232\360H\201hR\307"
  39      12098A2B 
  39      35312E1A 
  39      439AF048 
  39      816852C7 
  40 0051 736E4734 		.ascii	"snG4\201M'\231\314\3343\347\377\376\377\334\271\032"
  40      814D2799 
  40      CCDC33E7 
  40      FFFEFFDC 
  40      B91A
  41 0063 0346D798 		.ascii	"\003F\327\230`,\202\317]x\203`\300/\276g\254\335\315"
  41      602C82CF 
  41      5D788360 
  41      C02FBE67 
  41      ACDDCD
  42 0076 01E845BA 		.ascii	"\001\350E\272\201%8$`\215\0279\274\333x{\301\360\017"
  42      81253824 
  42      608D1739 
  42      BCDB787B 
  42      C1F00F
  43 0089 4BD921BF 		.ascii	"K\331!\277\015\255\036\2714\222\205\024\312m\316\340"
  43      0DAD1EB9 
  43      34928514 
  43      CA6DCEE0 
  44 0099 600DECAF 		.ascii	"`\015\354\257!\3040\370\261sat\256\313'\374\300\360"
  44      21C430F8 
  44      B1736174 
  44      AECB27FC 
  44      C0F0
  45 00ab FD5ACF6C 		.ascii	"\375Z\317lA\324\016\221J\366\237\222\002%0\002\342\237"
  45      41D40E91 
  45      4AF69F92 
  45      02253002 
  45      E29F
  46 00bd 8A18700B 		.ascii	"\212\030p\013j\261w\351\343\215\235\342\220\222u\017"
  46      6AB177E9 
  46      E38D9DE2 
ARM GAS  C:\Users\JEFFSN~1\AppData\Local\Temp\ccXmW2CD.s 			page 3


  46      9092750F 
  47 00cd BE59AC70 		.ascii	"\276Y\254pd_\035\331\355-\262;J\366\332\336\310V\025"
  47      645F1DD9 
  47      ED2DB23B 
  47      4AF6DADE 
  47      C85615
  48 00e0 784A0050 		.ascii	"xJ\000P\316\017\313\263\003\225\264\344P\215\313\374"
  48      CE0FCBB3 
  48      0395B4E4 
  48      508DCBFC 
  49 00f0 CDEB0B1E 		.ascii	"\315\353\013\036\021P\324\216\342\352\264\317\241N\235"
  49      1150D48E 
  49      E2EAB4CF 
  49      A14E9D
  50 00ff F5C88694 		.ascii	"\365\310\206\224\020p\267\204\035\203\032\030\005\002"
  50      1070B784 
  50      1D831A18 
  50      0502
  51 010d A3555A81 		.ascii	"\243UZ\201'\177\345\226|\"\244\244=/3\366\337@W\316"
  51      277FE596 
  51      7C22A4A4 
  51      3D2F33F6 
  51      DF4057CE 
  52 0121 39D2F16D 		.ascii	"9\322\361m\244\023PK\375\337'~\367z]\235\022\257\335"
  52      A413504B 
  52      FDDF277E 
  52      F77A5D9D 
  52      12AFDD
  53 0134 B44798F6 		.ascii	"\264G\230\366\036\270h\327\323\301\254\264\355\244\314"
  53      1EB868D7 
  53      D3C1ACB4 
  53      EDA4CC
  54 0143 F6EA335F 		.ascii	"\366\3523_t/\246\306\3515\240a\\\210\320t {7\020\311"
  54      742FA6C6 
  54      E935A061 
  54      5C88D074 
  54      207B3710 
  55 0158 A082470D 		.ascii	"\240\202G\015\313\226\021B\177e\205sz\212\034t\024\226"
  55      CB961142 
  55      7F658573 
  55      7A8A1C74 
  55      1496
  56 016a 73ED3A71 		.ascii	"s\355:q\321\260/\365bN\247\261+T\336L&\377YO\024\345"
  56      D1B02FF5 
  56      624EA7B1 
  56      2B54DE4C 
  56      26FF594F 
  57 0180 7929ABB1 		.ascii	"y)\253\261\326E\004,/\316~ze\014\302@\273Tu\006\017"
  57      D645042C 
  57      2FCE7E7A 
  57      650CC240 
  57      BB547506 
  58 0195 F0F7DEC7 		.ascii	"\360\367\336\307\354\014\036\302 `\307|\347\370UA\034"
  58      EC0C1EC2 
  58      2060C77C 
  58      E7F85541 
  58      1C
ARM GAS  C:\Users\JEFFSN~1\AppData\Local\Temp\ccXmW2CD.s 			page 4


  59 01a6 0D347884 		.ascii	"\0154x\204_~@\277\274\274\276\227l\266\202]6\307\231"
  59      5F7E40BF 
  59      BCBCBE97 
  59      6CB6825D 
  59      36C799
  60 01b9 E0312418 		.ascii	"\3401$\0305'\205H\012\015\273\322\371\314Oo\211\302"
  60      35278548 
  60      0A0DBBD2 
  60      F9CC4F6F 
  60      89C2
  61 01cb E009EE8F 		.ascii	"\340\011\356\217s\247\204\3160x_w\001\010\230\024\256"
  61      73A784CE 
  61      30785F77 
  61      01089814 
  61      AE
  62 01dc 32B26636 		.ascii	"2\262f6\263NbV\014\346\332>\224\333\306-b0\205\241\320"
  62      B34E6256 
  62      0CE6DA3E 
  62      94DBC62D 
  62      623085A1 
  63 01f1 2029F4A4 		.ascii	" )\364\244p\247\304\016e<\277\346\030\033e\030?\335"
  63      70A7C40E 
  63      653CBFE6 
  63      181B6518 
  63      3FDD
  64 0203 347E5632 		.ascii	"4~V2\256\330\336\330\2609\035\313iel\374\17745\340\360"
  64      AED8DED8 
  64      B0391DCB 
  64      69656CFC 
  64      7F3435E0 
  65 0218 9CC6AF54 		.ascii	"\234\306\257T)V\326gD)\206\247\214\030\331\315\0303"
  65      2956D667 
  65      442986A7 
  65      8C18D9CD 
  65      1833
  66 022a 14631199 		.ascii	"\024c\021\231%\006S\307\003\350X\340\340{\216\231\315"
  66      250653C7 
  66      03E858E0 
  66      E07B8E99 
  66      CD
  67 023b A6D51437 		.ascii	"\246\325\0247\243\341PK\233\0251\033\033B-\201\303\215"
  67      A3E1504B 
  67      9B15311B 
  67      1B422D81 
  67      C38D
  68 024d F5C7EBC2 		.ascii	"\365\307\353\302\007\302\301\223\341\350\351\246}\021"
  68      07C2C193 
  68      E1E8E9A6 
  68      7D11
  69 025b 661C6DB3 		.ascii	"f\034m\263b\361@K[s\334\0274\317\230\261x\203i\251Z"
  69      62F1404B 
  69      5B73DC17 
  69      34CF98B1 
  69      788369A9 
  70 0270 D589D656 		.ascii	"\325\211\326V\323\012Y\221\272h\3242c\261j\265\256\307"
  70      D30A5991 
  70      BA68D432 
ARM GAS  C:\Users\JEFFSN~1\AppData\Local\Temp\ccXmW2CD.s 			page 5


  70      63B16AB5 
  70      AEC7
  71 0282 0EA7F007 		.ascii	"\016\247\360\007\366(\\^"
  71      F6285C5E 
  72              		.text
  73              		.section	.gnu.lto_DMA_2_RX_DmaRelease.c72412e3,"",%progbits
  74 0000 789C654E 		.ascii	"x\234eN=K\003A\024|\363\366L\302\201`\257\205\225\230"
  74      3D4B0341 
  74      147CF3F6 
  74      4CC28160 
  74      AF859598 
  75 0014 4650F007 		.ascii	"FP\360\007\210\202 \010\2224\026\201#$Wj h}\233\304"
  75      88822008 
  75      92341681 
  75      2324576A 
  75      20687D9B 
  76 0029 45ED6C4C 		.ascii	"E\355lL'\351L\374\000\021\033\257;\203\245\037\225\225"
  76      27E94CFC 
  76      00111BAF 
  76      3B83A51F 
  76      9595
  77 003b 8D580409 		.ascii	"\215X\004\011\026\011h\031\317\267g\351\300\362\226"
  77      16096819 
  77      CFB767E9 
  77      C0F296
  78 004a 79F366C6 		.ascii	"y\363f\306!\220EJ\306\254\314IyP\004>z\"\252e\030\260"
  78      2190454A 
  78      C6ACCC49 
  78      7950043E 
  78      7A22AA65 
  79 0060 1F9D0105 		.ascii	"\037\235\001\005\214\000\337<bt\367{!g\333Z\360fN\347"
  79      8C00DF3C 
  79      6274F77B 
  79      2167DB5A 
  79      F0664EE7 
  80 0074 75278251 		.ascii	"u'\202QD1'N\2046\262$\262\367\353\237\343\361\324\236"
  80      4431274E 
  80      8436B224 
  80      B2F7EB9F 
  80      E3F1D49E 
  81 0088 954DFF2D 		.ascii	"\225M\377-\321\201\315\241\253\\\244\343\270\241\243"
  81      D181CDA1 
  81      AB5CA4E3 
  81      B8A1A3
  82 0097 1BF7EED6 		.ascii	"\033\367\356\326u\230\214\022z \022\0336d\266S\365P"
  82      75988C12 
  82      7A20121B 
  82      3664B653 
  82      F550
  83 00a9 6F0E1F73 		.ascii	"o\016\037s\366\250\241ln\323t\237\323_l\024\303\372"
  83      F6A8A16C 
  83      6ED3749F 
  83      D35F6C14 
  83      C3FA
  84 00bb 87E1E76B 		.ascii	"\207\341\347k:\030\351\003\255'\204;\224\012\226\356"
  84      3A18E903 
  84      AD27843B 
ARM GAS  C:\Users\JEFFSN~1\AppData\Local\Temp\ccXmW2CD.s 			page 6


  84      940A96EE 
  85 00cb 3FBCDCBB 		.ascii	"?\274\334\273-\234\324t\302+\234K\3573LI\374\005Z\240"
  85      2D9CD474 
  85      C22B9C4B 
  85      EF334C49 
  85      FC055AA0 
  86 00df 0F38D6F2 		.ascii	"\0178\326\362\277\203\023\213/\341\022\001I\236Qc\324"
  86      BF83138B 
  86      2FE11201 
  86      499E5163 
  86      D4
  87 00f0 473D0AD7 		.ascii	"G=\012\327\022\265\305@\366RLj\316\254\372\333~\265"
  87      12B5C540 
  87      F6524C6A 
  87      CEACFADB 
  87      7EB5
  88 0102 B8E397BD 		.ascii	"\270\343\227\275|e\267Z\362\013\033\371\312\362bae}"
  88      7C65B75A 
  88      F20B1BF9 
  88      CAF26261 
  88      657D
  89 0114 C95BF072 		.ascii	"\311[\360r\233^y\2538W\242_\376\363i\001"
  89      9B5E79AB 
  89      3857A25F 
  89      FEF36901 
  90              		.text
  91              		.section	.gnu.lto_.symbol_nodes.c72412e3,"",%progbits
  92 0000 789C558C 		.ascii	"x\234U\214\261\015\2000\014\004\317q\222\001\230\000"
  92      B10D8030 
  92      0C04CF71 
  92      92019800 
  93 0010 26759028 		.ascii	"&u\220()\230\2039R3\003,\202pR\221oN\367/}D\330\361"
  93      29988339 
  93      5233032C 
  93      82705291 
  93      6F4EF72F 
  94 0028 0431382E 		.ascii	"\00418.p\234e\201\004\353\324\206`2\014\222,\364\002"
  94      709C6581 
  94      04EBD486 
  94      60320C92 
  94      2CF402
  95 003b 4A99DDA3 		.ascii	"J\231\335\243\351\340jq\360l\351\357\352\327\365~E\211"
  95      E9E06A71 
  95      F06CE9EF 
  95      EAD7F57E 
  95      4589
  96 004d 6C4FA352 		.ascii	"lO\243R\033C\356=\037\276\244\037\006"
  96      1B43EE3D 
  96      1FBEA41F 
  96      06
  97              		.text
  98              		.section	.gnu.lto_.refs.c72412e3,"",%progbits
  99 0000 789C0DC7 		.ascii	"x\234\015\307I\021\000 \000\000!\326c,`\377\254\312"
  99      49110020 
  99      000021D6 
  99      632C60FF 
  99      ACCA
ARM GAS  C:\Users\JEFFSN~1\AppData\Local\Temp\ccXmW2CD.s 			page 7


 100 0012 8F25174B 		.ascii	"\217%\027K\245\251\255\323\370\365\000\003\311\0008"
 100      A5A9ADD3 
 100      F8F50003 
 100      C90038
 101              		.text
 102              		.section	.gnu.lto_.decls.c72412e3,"",%progbits
 103 0000 789C8D54 		.ascii	"x\234\215TkLTG\024\276\347\336\345\341\262\210\241\306"
 103      6B4C5447 
 103      14BEE7DE 
 103      E5E1B288 
 103      A1C6
 104 0012 62B249A9 		.ascii	"b\262I\251\211\302/Z\332\264i\37741K\325\246\2611\332"
 104      89C22F5A 
 104      DAB469FF 
 104      34314BD5 
 104      A6B131DA 
 105 0026 9A363121 		.ascii	"\23261!\013{\255\233\340\322\260K\"\375u[P\2536mmL-"
 105      0B7BAD9B 
 105      E0D2B04B 
 105      22FD755B 
 105      50AB366D 
 106 003d A0151FB5 		.ascii	"\240\025\037\265  \260\240\310C]\252\262\200 \240\242"
 106      2020B0A0 
 106      C8435DAA 
 106      B28020A0 
 106      A2
 107 004e B040595E 		.ascii	"\260@Y^ZD\024\252\006)\241\364\314\343\356\275\333t"
 107      5A4414AA 
 107      0629A1F4 
 107      CCE3EEBD 
 107      DB74
 108 0060 D30E9C9D 		.ascii	"\323\016\234\235\2313\337\234\357|g\346\216A\000\201"
 108      9933DF9C 
 108      EF7C67E6 
 108      8E410081 
 109 0070 B4A10841 		.ascii	"\264\241\010AX\211\303\337q\274\210M\302~\253\240\265"
 109      5889C3DF 
 109      71BC884D 
 109      C27EABA0 
 109      B5
 110 0081 70B48B68 		.ascii	"p\264\213h\036\2646\264.\264>\264A4\022\301/\0047\202"
 110      1EB436B4 
 110      2EB43EB4 
 110      413412C1 
 110      2F043782 
 111 0095 35A1D5A2 		.ascii	"5\241\325\242\305\242-G\253@3\243\015\243\215\240\365"
 111      C5A22D47 
 111      AB4033A3 
 111      0DA38DA0 
 111      F5
 112 00a6 A28DA275 		.ascii	"\242\215\242u\242\215\241\265\362\275\006\276\277\217"
 112      A28DA1B5 
 112      F2BD06BE 
 112      BF8F
 113 00b4 F3B485E0 		.ascii	"\363\264\205\340\360\360\274\266\352\342\022\276q\264"
 113      F0F0BCB6 
 113      EAE212BE 
ARM GAS  C:\Users\JEFFSN~1\AppData\Local\Temp\ccXmW2CD.s 			page 8


 113      71B4
 114 00c2 018E1139 		.ascii	"\001\216\0219.T\236\013\"\034i\372\351JX?\364\001\010"
 114      2E549E0B 
 114      221C69FA 
 114      E94A583F 
 114      F40108
 115 00d5 409BC06B 		.ascii	"@\233\300k\"\020\017\357\311\000\330D\024x,PA\034M\377"
 115      22100FEF 
 115      C900D844 
 115      14782C50 
 115      411C4DFF 
 116 00e9 F05FA4F8 		.ascii	"\360_\244\370\200_\305\0058\027\325\246\271 \320T$\004"
 116      805FC505 
 116      3817D5A6 
 116      B920D054 
 116      2404
 117 00fb 072551B5 		.ascii	"\007%Q\265)\316Em\203.\036\317\236\363\203\236\226\206"
 117      29CE456D 
 117      832E1ECF 
 117      9EF3839E 
 117      9686
 118 010d 9654D15F 		.ascii	"\226T\321_\224L=1I\030\023\307Cs\305\353\222\312\024"
 118      944C3D31 
 118      491813C7 
 118      4373C5EB 
 118      92CA14
 119 0120 6CDF298A 		.ascii	"l\337)\212\370\266V\231\237\377\234\237\226\236\212"
 119      F8B65699 
 119      9FFF9C9F 
 119      969E8A
 120 012f B0C60878 		.ascii	"\260\306\010x#\320Q\361\260n.\2329\310z\361\361\346"
 120      23D051F1 
 120      B06E2E9A 
 120      39C87AF1 
 120      F1E6
 121 0141 6AA3B48A 		.ascii	"j\243\264\212\216\257-\316zbp)\326\010\"NoN\267\037"
 121      8EAF2DCE 
 121      7A627029 
 121      D608224E 
 121      6F4EB71F 
 122 0155 8DC2E972 		.ascii	"\215\302\351r#,[\020\305G5\336\336h0&~\245(_*J\256b"
 122      232C5B10 
 122      C54735DE 
 122      DE683026 
 122      7EA5285F 
 123 016d 4C14E02C 		.ascii	"L\024\340,\230\241\034\314\002TB\"\211X\002I\002\224"
 123      98A11CCC 
 123      02544222 
 123      89580249 
 123      0294
 124 017f A2F30C3A 		.ascii	"\242\363\014:O\223t\374\325\023\357\324)\3122\250\000"
 124      4F9374FC 
 124      D513EFD4 
 124      29CA32A8 
 124      00
 125 0190 23948144 		.ascii	"#\224\201D!\250d\215\221\345\367\343\311o\023\015x\034"
 125      21A8648D 
ARM GAS  C:\Users\JEFFSN~1\AppData\Local\Temp\ccXmW2CD.s 			page 9


 125      91E5F7E3 
 125      C96F130D 
 125      781C
 126 01a2 743DCD40 		.ascii	"t=\315@\\M\345\367\332\215\001_\025Pg\305\356\261\222"
 126      5C4DE5F7 
 126      DA8D015F 
 126      155067C5 
 126      EEB192
 127 01b5 484CC68C 		.ascii	"HL\306\214:@'\303\314d\344\037\034\375+Jz\237\214\305"
 127      3A4027C3 
 127      CC64E41F 
 127      1CFD2B4A 
 127      7A9F8CC5 
 128 01c9 5BA3A513 		.ascii	"[\243\245\023\006H4R~\217\373%E\204Z\014tN#7\023r\252"
 128      06483452 
 128      7E8FFB25 
 128      45845A0C 
 128      744E2337 
 129 01e0 63FA8412 		.ascii	"c\372\204\022\036'\300\353fx\025U\234G\025f\256\242"
 129      1E27C0EB 
 129      66781555 
 129      9C471566 
 129      AEA2
 130 01f2 065554A3 		.ascii	"\006UT\243\012\014>\270\347\311\031\023M\210\304q\263"
 130      0A0C3EB8 
 130      E7C91913 
 130      4D88C471 
 130      B3
 131 0203 847A1ED7 		.ascii	"\204z\036\327y!\340\274\300\234\335y\225G$VA\003Ng:"
 131      7921E0BC 
 131      C09CDD79 
 131      95472456 
 131      41034E67 
 132 0218 0A4697B2 		.ascii	"\012F\227\262\012\306\223\003\273\355=\025\035\367\003"
 132      0AC69303 
 132      BBED3D15 
 132      1DF703
 133 0227 3DA55C25 		.ascii	"=\245\\%\336@w6 O=\362\010\320\010q\370[\007\006V\231"
 133      DE407736 
 133      204F3DF2 
 133      08D00871 
 133      F85B0706 
 134 023d FDF3C7C6 		.ascii	"\375\363\307\306\"V\025)E\225\212\377V\263m\306\255"
 134      22561529 
 134      45958AFF 
 134      56B36DC6 
 134      AD
 135 024e 28FB70A7 		.ascii	"(\373p\247\201\340\240X\023\203C\322\375\002\375x[."
 135      81E0A058 
 135      138343D2 
 135      FD02FD78 
 135      5B2E
 136 0260 C22ADC3A 		.ascii	"\302*\334:y\256\317\027&\355\242\225Yh-,\020\365\244"
 136      79AECF17 
 136      26EDA295 
 136      59682D2C 
 136      10F5A4
ARM GAS  C:\Users\JEFFSN~1\AppData\Local\Temp\ccXmW2CD.s 			page 10


 137 0273 5B57E838 		.ascii	"[W\3508/S\3164Ny0w\317\205%\214\322S\265_\312W<y\270"
 137      2F53CE34 
 137      4E793077 
 137      CF85258C 
 137      D253B55F 
 138 028c 4D2428B8 		.ascii	"M$(\270\2441^\3223z(cK\376\231j\203\3645P\312\361\303"
 138      A4315ED2 
 138      337A2863 
 138      4BFE996A 
 138      83F43550 
 139 02a3 C726C303 		.ascii	"\307&\303\003\245a\207\372\274\361\250O\014\370~e\345"
 139      A56187FA 
 139      BCF1A84F 
 139      0CF87E65 
 139      E5
 140 02b4 1A6C2929 		.ascii	"\032l))%\345J \227sq1Fw\256\011\354\\{\316\357~\030"
 140      25E54A20 
 140      97737131 
 140      4677AE09 
 140      EC5C7BCE 
 141 02cb 251DA171 		.ascii	"%\035\241q\305\307\247\212+#\325\033\210bb7\010\001"
 141      C5C7A78A 
 141      2B23D51B 
 141      88626237 
 141      0801
 142 02dd 29D08267 		.ascii	")\320\202g\227\300\317\356\032:\257j7p\352\303\252\275"
 142      97C0CFEE 
 142      1A3AAF6A 
 142      3770EAC3 
 142      AABD
 143 02ef 44861799 		.ascii	"D\206\027\231\2335\031\011\374\012\346\372\335m&}\205"
 143      9B351909 
 143      FC0AE6FA 
 143      DD6D267D 
 143      85
 144 0300 BC41C7D2 		.ascii	"\274A\307\322JKtE=\226\306\372\312\014,\221\037\003"
 144      4A4B7445 
 144      3D96C6FA 
 144      CA0C2C91 
 144      1F03
 145 0312 171E482A 		.ascii	"\027\036H*p+yK\010\004\232\264\300M\300\276Qh\243\265"
 145      702B794B 
 145      08049AB4 
 145      C04DC0BE 
 145      5168A3B5 
 146 0326 B937FEAC 		.ascii	"\2717\376\254/Bjf\265\371\317\373\336\316K\023t\347"
 146      2F426A66 
 146      B5F9CFFB 
 146      DECE4B13 
 146      74E7
 147 0338 3A98F39B 		.ascii	":\230\363\233\211?\026\245\320\231v\322Lo\250\231\226"
 147      893F16A5 
 147      D09976D2 
 147      4C6FA899 
 147      96
 148 0349 BB1F3C34 		.ascii	"\273\037<4\260T=\3652\246\211\353p]K\363\272\232f\027"
 148      B0543DF5 
ARM GAS  C:\Users\JEFFSN~1\AppData\Local\Temp\ccXmW2CD.s 			page 11


 148      32A689EB 
 148      705D4BF3 
 148      BA9A6617 
 149 035d 4DB3E4FE 		.ascii	"M\263\344\376\304T\264\344\377\277Gx\223\245\264/\367"
 149      C454B4E4 
 149      FFBF4778 
 149      93A5B42F 
 149      F7
 150 036e 499131E0 		.ascii	"I\2211\340\274\305\234-\276\262y\015y\2339;\312\017"
 150      BCC59C2D 
 150      BEB2790D 
 150      799B393B 
 150      CA0F
 151 0380 6D0CF87A 		.ascii	"m\014\370z\230o\240e_\203\266\373\016sV{\207\016E\207"
 151      986FA065 
 151      5F83B6FB 
 151      0E73567B 
 151      870E4587 
 152 0394 56D94B55 		.ascii	"V\331KU\336UU\336\030\270\1779\234\253\274CT\342:tk"
 152      DE5555DE 
 152      18B87F39 
 152      9CABBC43 
 152      54E23A74 
 153 03a9 2ABB5595 		.ascii	"*\273U\225}T\245\267\252k*Jz\036Z\345\211\231G\035\206"
 153      7D54A5B7 
 153      AA6B2A4A 
 153      7A1E5AE5 
 153      8999471D 
 154 03be D0EC0394 		.ascii	"\320\354\003\224\275_e?|\264\1772\222\263\327\020v\\"
 154      BD5F653F 
 154      7CB47F32 
 154      92B3D710 
 154      765C
 155 03d0 079FC6EE 		.ascii	"\007\237\306\356S\331\007)\373\320\201\221\323\341O"
 155      53D90729 
 155      FBD08191 
 155      D3E14F
 156 03df D97B449F 		.ascii	"\331{D\237\261\341\206\331\007\321\322^\366\210_uO\226"
 156      B1E186D9 
 156      07D1D25E 
 156      F6885F75 
 156      4F96
 157 03f1 86AD3EA9 		.ascii	"\206\255>\251\024\235 _\374\272\231\263\212\"Q\350\020"
 157      149D205F 
 157      FCBA99B3 
 157      8A2251E8 
 157      10
 158 0402 0BC89F29 		.ascii	"\013\310\237)\201\316\177#\227\336\017\253\311\273R"
 158      81CE7F23 
 158      97DE0FAB 
 158      C9BB52
 159 0411 78FCFB18 		.ascii	"x\374\373\030\323\376\300W\361\217we\030L4\005\354\021"
 159      D3FEC057 
 159      F18F7765 
 159      184C3405 
 159      EC11
 160 0423 7C7BDCE7 		.ascii	"|{\334\347\003=\230\324K\003\217p\360\010\005\317\335"
ARM GAS  C:\Users\JEFFSN~1\AppData\Local\Temp\ccXmW2CD.s 			page 12


 160      033D98D4 
 160      4B038F70 
 160      F00805CF 
 160      DD
 161 0434 7D566BD2 		.ascii	"}Vk\322\203;\203\300\243\034<J\301\235\276\206\3610"
 161      833B83C0 
 161      A31C3C4A 
 161      C19DBE86 
 161      F130
 162 0446 3DB83508 		.ascii	"=\2705\010<\306\301c\024\334V=\333 \352\301\003A\340"
 162      3CC6C163 
 162      14DC563D 
 162      DB20EAC1 
 162      0341E0
 163 0459 710E26FD 		.ascii	"q\016&\375\212\224\215kS_K\335\374qj\312N\353{\016\273"
 163      8A948D6B 
 163      535F4BDD 
 163      FC716ACA 
 163      4EEB7B0E 
 164 046e CB6ECDB0 		.ascii	"\313n\315\260\177.G\256\377\340\243xKr\262\020\236m"
 164      7F2E47AE 
 164      FFE0A378 
 164      4B72B210 
 164      9E6D
 165 0480 77B892DF 		.ascii	"w\270\222\337|y\275\354\220\263\254.\331\226\272%3;"
 165      7C79BDEC 
 165      90B3AC2E 
 165      D996BA25 
 165      333B
 166 0492 2B5DDEB6 		.ascii	"+]\336\266iK\246\345\215W\322s\\9\237\311\316\244\035"
 166      694BA6E5 
 166      8D57D273 
 166      5C399FC9 
 166      CEA41D
 167 04a5 421801BE 		.ascii	"B\030\001\276\265\346\337q\333\002,\266\235\326\244"
 167      B5E6DF71 
 167      DB022CB6 
 167      9DD6A4
 168 04b4 74E1053D 		.ascii	"t\341\005=\353f9C\266:\345\030K\016N,;6e\3313\263\354"
 168      EB663943 
 168      B63AE518 
 168      4B0E4E2C 
 168      3B3665D9 
 169 04cb AE9CC8F4 		.ascii	"\256\234\310\364\034\247\313\352\312v\306\207\340\266"
 169      1CA7CBEA 
 169      CA76C687 
 169      E0B6
 170 04d9 7C82512C 		.ascii	"|\202Q,I\033\204\225|\347\026\331\365\356.\227\354\260"
 170      491B8495 
 170      7CE716D9 
 170      F5EE2E97 
 170      ECB0
 171 04eb C9B6B536 		.ascii	"\311\266\2656[\226\354t\276\250\255X2\035\333\355\237"
 171      5B96EC74 
 171      BEA8AD58 
 171      321DDBED 
 171      9F
ARM GAS  C:\Users\JEFFSN~1\AppData\Local\Temp\ccXmW2CD.s 			page 13


 172 04fc 66631C7B 		.ascii	"fc\034{\246c)\367\247\330\235\326\264\0149V\237\316"
 172      A66329F7 
 172      A7D89DD6 
 172      B40C3956 
 172      9FCE
 173 050e 06ABC396 		.ascii	"\006\253\303\226!\377\015b\023\254\271"
 173      21FF0D62 
 173      13ACB9
 174              		.text
 175              		.section	.gnu.lto_.symtab.c72412e3,"",%progbits
 176 0000 444D415F 		.ascii	"DMA_2_RX_DmaInitialize\000"
 176      325F5258 
 176      5F446D61 
 176      496E6974 
 176      69616C69 
 177 0017 00       		.ascii	"\000"
 178 0018 00       		.ascii	"\000"
 179 0019 00       		.ascii	"\000"
 180 001a 00000000 		.ascii	"\000\000\000\000\000\000\000\000"
 180      00000000 
 181 0022 BD000000 		.ascii	"\275\000\000\000"
 182 0026 444D415F 		.ascii	"DMA_2_RX_DmaHandle\000"
 182      325F5258 
 182      5F446D61 
 182      48616E64 
 182      6C6500
 183 0039 00       		.ascii	"\000"
 184 003a 00       		.ascii	"\000"
 185 003b 00       		.ascii	"\000"
 186 003c 00000000 		.ascii	"\000\000\000\000\000\000\000\000"
 186      00000000 
 187 0044 E0000000 		.ascii	"\340\000\000\000"
 188 0048 444D415F 		.ascii	"DMA_2_RX_DmaRelease\000"
 188      325F5258 
 188      5F446D61 
 188      52656C65 
 188      61736500 
 189 005c 00       		.ascii	"\000"
 190 005d 00       		.ascii	"\000"
 191 005e 00       		.ascii	"\000"
 192 005f 00000000 		.ascii	"\000\000\000\000\000\000\000\000"
 192      00000000 
 193 0067 C0000000 		.ascii	"\300\000\000\000"
 194 006b 4379446D 		.ascii	"CyDmaChPriority\000"
 194      61436850 
 194      72696F72 
 194      69747900 
 195 007b 00       		.ascii	"\000"
 196 007c 02       		.ascii	"\002"
 197 007d 00       		.ascii	"\000"
 198 007e 00000000 		.ascii	"\000\000\000\000\000\000\000\000"
 198      00000000 
 199 0086 CA000000 		.ascii	"\312\000\000\000"
 200 008a 4379446D 		.ascii	"CyDmaChSetExtendedAddress\000"
 200      61436853 
 200      65744578 
 200      74656E64 
ARM GAS  C:\Users\JEFFSN~1\AppData\Local\Temp\ccXmW2CD.s 			page 14


 200      65644164 
 201 00a4 00       		.ascii	"\000"
 202 00a5 02       		.ascii	"\002"
 203 00a6 00       		.ascii	"\000"
 204 00a7 00000000 		.ascii	"\000\000\000\000\000\000\000\000"
 204      00000000 
 205 00af D0000000 		.ascii	"\320\000\000\000"
 206 00b3 4379446D 		.ascii	"CyDmaChSetConfiguration\000"
 206      61436853 
 206      6574436F 
 206      6E666967 
 206      75726174 
 207 00cb 00       		.ascii	"\000"
 208 00cc 02       		.ascii	"\002"
 209 00cd 00       		.ascii	"\000"
 210 00ce 00000000 		.ascii	"\000\000\000\000\000\000\000\000"
 210      00000000 
 211 00d6 D9000000 		.ascii	"\331\000\000\000"
 212 00da 4379446D 		.ascii	"CyDmaChDisable\000"
 212      61436844 
 212      69736162 
 212      6C6500
 213 00e9 00       		.ascii	"\000"
 214 00ea 02       		.ascii	"\002"
 215 00eb 00       		.ascii	"\000"
 216 00ec 00000000 		.ascii	"\000\000\000\000\000\000\000\000"
 216      00000000 
 217 00f4 DD000000 		.ascii	"\335\000\000\000"
 218              		.text
 219              		.section	.gnu.lto_.opts,"",%progbits
 220 0000 272D666D 		.ascii	"'-fmath-errno' '-fsigned-zeros' '-ftrapping-math' '"
 220      6174682D 
 220      6572726E 
 220      6F272027 
 220      2D667369 
 221 0033 2D666E6F 		.ascii	"-fno-trapv' '-fno-strict-overflow' '-fno-openmp' '-"
 221      2D747261 
 221      70762720 
 221      272D666E 
 221      6F2D7374 
 222 0066 666E6F2D 		.ascii	"fno-openacc' '-mcpu=cortex-m3' '-mthumb' '-g' '-Og'"
 222      6F70656E 
 222      61636327 
 222      20272D6D 
 222      6370753D 
 223 0099 20272D66 		.ascii	" '-ffunction-sections' '-ffat-lto-objects' '-finlin"
 223      66756E63 
 223      74696F6E 
 223      2D736563 
 223      74696F6E 
 224 00cc 652D6675 		.ascii	"e-functions' '-flto'\000"
 224      6E637469 
 224      6F6E7327 
 224      20272D66 
 224      6C746F27 
 225              		.text
 226              		.cfi_sections	.debug_frame
ARM GAS  C:\Users\JEFFSN~1\AppData\Local\Temp\ccXmW2CD.s 			page 15


 227              		.section	.text.DMA_2_RX_DmaInitialize,"ax",%progbits
 228              		.align	2
 229              		.global	DMA_2_RX_DmaInitialize
 230              		.thumb
 231              		.thumb_func
 232              		.type	DMA_2_RX_DmaInitialize, %function
 233              	DMA_2_RX_DmaInitialize:
 234              	.LFB0:
 235              		.file 1 "Generated_Source\\PSoC5\\DMA_2_RX_dma.c"
   1:Generated_Source\PSoC5/DMA_2_RX_dma.c **** /***************************************************************************
   2:Generated_Source\PSoC5/DMA_2_RX_dma.c **** * File Name: DMA_2_RX_dma.c  
   3:Generated_Source\PSoC5/DMA_2_RX_dma.c **** * Version 1.70
   4:Generated_Source\PSoC5/DMA_2_RX_dma.c **** *
   5:Generated_Source\PSoC5/DMA_2_RX_dma.c **** *  Description:
   6:Generated_Source\PSoC5/DMA_2_RX_dma.c **** *   Provides an API for the DMAC component. The API includes functions
   7:Generated_Source\PSoC5/DMA_2_RX_dma.c **** *   for the DMA controller, DMA channels and Transfer Descriptors.
   8:Generated_Source\PSoC5/DMA_2_RX_dma.c **** *
   9:Generated_Source\PSoC5/DMA_2_RX_dma.c **** *
  10:Generated_Source\PSoC5/DMA_2_RX_dma.c **** *   Note:
  11:Generated_Source\PSoC5/DMA_2_RX_dma.c **** *     This module requires the developer to finish or fill in the auto
  12:Generated_Source\PSoC5/DMA_2_RX_dma.c **** *     generated funcions and setup the dma channel and TD's.
  13:Generated_Source\PSoC5/DMA_2_RX_dma.c **** *
  14:Generated_Source\PSoC5/DMA_2_RX_dma.c **** ********************************************************************************
  15:Generated_Source\PSoC5/DMA_2_RX_dma.c **** * Copyright 2008-2010, Cypress Semiconductor Corporation.  All rights reserved.
  16:Generated_Source\PSoC5/DMA_2_RX_dma.c **** * You may use this file only in accordance with the license, terms, conditions, 
  17:Generated_Source\PSoC5/DMA_2_RX_dma.c **** * disclaimers, and limitations in the end user license agreement accompanying 
  18:Generated_Source\PSoC5/DMA_2_RX_dma.c **** * the software package with which this file was provided.
  19:Generated_Source\PSoC5/DMA_2_RX_dma.c **** ********************************************************************************/
  20:Generated_Source\PSoC5/DMA_2_RX_dma.c **** #include <CYLIB.H>
  21:Generated_Source\PSoC5/DMA_2_RX_dma.c **** #include <CYDMAC.H>
  22:Generated_Source\PSoC5/DMA_2_RX_dma.c **** #include <DMA_2_RX_dma.H>
  23:Generated_Source\PSoC5/DMA_2_RX_dma.c **** 
  24:Generated_Source\PSoC5/DMA_2_RX_dma.c **** 
  25:Generated_Source\PSoC5/DMA_2_RX_dma.c **** 
  26:Generated_Source\PSoC5/DMA_2_RX_dma.c **** /****************************************************************************
  27:Generated_Source\PSoC5/DMA_2_RX_dma.c **** * 
  28:Generated_Source\PSoC5/DMA_2_RX_dma.c **** * The following defines are available in Cyfitter.h
  29:Generated_Source\PSoC5/DMA_2_RX_dma.c **** * 
  30:Generated_Source\PSoC5/DMA_2_RX_dma.c **** * 
  31:Generated_Source\PSoC5/DMA_2_RX_dma.c **** * 
  32:Generated_Source\PSoC5/DMA_2_RX_dma.c **** * DMA_2_RX__DRQ_CTL_REG
  33:Generated_Source\PSoC5/DMA_2_RX_dma.c **** * 
  34:Generated_Source\PSoC5/DMA_2_RX_dma.c **** * 
  35:Generated_Source\PSoC5/DMA_2_RX_dma.c **** * DMA_2_RX__DRQ_NUMBER
  36:Generated_Source\PSoC5/DMA_2_RX_dma.c **** * 
  37:Generated_Source\PSoC5/DMA_2_RX_dma.c **** * Number of TD's used by this channel.
  38:Generated_Source\PSoC5/DMA_2_RX_dma.c **** * DMA_2_RX__NUMBEROF_TDS
  39:Generated_Source\PSoC5/DMA_2_RX_dma.c **** * 
  40:Generated_Source\PSoC5/DMA_2_RX_dma.c **** * Priority of this channel.
  41:Generated_Source\PSoC5/DMA_2_RX_dma.c **** * DMA_2_RX__PRIORITY
  42:Generated_Source\PSoC5/DMA_2_RX_dma.c **** * 
  43:Generated_Source\PSoC5/DMA_2_RX_dma.c **** * True if DMA_2_RX_TERMIN_SEL is used.
  44:Generated_Source\PSoC5/DMA_2_RX_dma.c **** * DMA_2_RX__TERMIN_EN
  45:Generated_Source\PSoC5/DMA_2_RX_dma.c **** * 
  46:Generated_Source\PSoC5/DMA_2_RX_dma.c **** * TERMIN interrupt line to signal terminate.
  47:Generated_Source\PSoC5/DMA_2_RX_dma.c **** * DMA_2_RX__TERMIN_SEL
  48:Generated_Source\PSoC5/DMA_2_RX_dma.c **** * 
ARM GAS  C:\Users\JEFFSN~1\AppData\Local\Temp\ccXmW2CD.s 			page 16


  49:Generated_Source\PSoC5/DMA_2_RX_dma.c **** * 
  50:Generated_Source\PSoC5/DMA_2_RX_dma.c **** * True if DMA_2_RX_TERMOUT0_SEL is used.
  51:Generated_Source\PSoC5/DMA_2_RX_dma.c **** * DMA_2_RX__TERMOUT0_EN
  52:Generated_Source\PSoC5/DMA_2_RX_dma.c **** * 
  53:Generated_Source\PSoC5/DMA_2_RX_dma.c **** * 
  54:Generated_Source\PSoC5/DMA_2_RX_dma.c **** * TERMOUT0 interrupt line to signal completion.
  55:Generated_Source\PSoC5/DMA_2_RX_dma.c **** * DMA_2_RX__TERMOUT0_SEL
  56:Generated_Source\PSoC5/DMA_2_RX_dma.c **** * 
  57:Generated_Source\PSoC5/DMA_2_RX_dma.c **** * 
  58:Generated_Source\PSoC5/DMA_2_RX_dma.c **** * True if DMA_2_RX_TERMOUT1_SEL is used.
  59:Generated_Source\PSoC5/DMA_2_RX_dma.c **** * DMA_2_RX__TERMOUT1_EN
  60:Generated_Source\PSoC5/DMA_2_RX_dma.c **** * 
  61:Generated_Source\PSoC5/DMA_2_RX_dma.c **** * 
  62:Generated_Source\PSoC5/DMA_2_RX_dma.c **** * TERMOUT1 interrupt line to signal completion.
  63:Generated_Source\PSoC5/DMA_2_RX_dma.c **** * DMA_2_RX__TERMOUT1_SEL
  64:Generated_Source\PSoC5/DMA_2_RX_dma.c **** * 
  65:Generated_Source\PSoC5/DMA_2_RX_dma.c **** ****************************************************************************/
  66:Generated_Source\PSoC5/DMA_2_RX_dma.c **** 
  67:Generated_Source\PSoC5/DMA_2_RX_dma.c **** 
  68:Generated_Source\PSoC5/DMA_2_RX_dma.c **** /* Zero based index of DMA_2_RX dma channel */
  69:Generated_Source\PSoC5/DMA_2_RX_dma.c **** uint8 DMA_2_RX_DmaHandle = DMA_INVALID_CHANNEL;
  70:Generated_Source\PSoC5/DMA_2_RX_dma.c **** 
  71:Generated_Source\PSoC5/DMA_2_RX_dma.c **** /*********************************************************************
  72:Generated_Source\PSoC5/DMA_2_RX_dma.c **** * Function Name: uint8 DMA_2_RX_DmaInitalize
  73:Generated_Source\PSoC5/DMA_2_RX_dma.c **** **********************************************************************
  74:Generated_Source\PSoC5/DMA_2_RX_dma.c **** * Summary:
  75:Generated_Source\PSoC5/DMA_2_RX_dma.c **** *   Allocates and initialises a channel of the DMAC to be used by the
  76:Generated_Source\PSoC5/DMA_2_RX_dma.c **** *   caller.
  77:Generated_Source\PSoC5/DMA_2_RX_dma.c **** *
  78:Generated_Source\PSoC5/DMA_2_RX_dma.c **** * Parameters:
  79:Generated_Source\PSoC5/DMA_2_RX_dma.c **** *   BurstCount.
  80:Generated_Source\PSoC5/DMA_2_RX_dma.c **** *       
  81:Generated_Source\PSoC5/DMA_2_RX_dma.c **** *       
  82:Generated_Source\PSoC5/DMA_2_RX_dma.c **** *   ReqestPerBurst.
  83:Generated_Source\PSoC5/DMA_2_RX_dma.c **** *       
  84:Generated_Source\PSoC5/DMA_2_RX_dma.c **** *       
  85:Generated_Source\PSoC5/DMA_2_RX_dma.c **** *   UpperSrcAddress.
  86:Generated_Source\PSoC5/DMA_2_RX_dma.c **** *       
  87:Generated_Source\PSoC5/DMA_2_RX_dma.c **** *       
  88:Generated_Source\PSoC5/DMA_2_RX_dma.c **** *   UpperDestAddress.
  89:Generated_Source\PSoC5/DMA_2_RX_dma.c **** *       
  90:Generated_Source\PSoC5/DMA_2_RX_dma.c **** *
  91:Generated_Source\PSoC5/DMA_2_RX_dma.c **** * Return:
  92:Generated_Source\PSoC5/DMA_2_RX_dma.c **** *   The channel that can be used by the caller for DMA activity.
  93:Generated_Source\PSoC5/DMA_2_RX_dma.c **** *   DMA_INVALID_CHANNEL (0xFF) if there are no channels left. 
  94:Generated_Source\PSoC5/DMA_2_RX_dma.c **** *
  95:Generated_Source\PSoC5/DMA_2_RX_dma.c **** *
  96:Generated_Source\PSoC5/DMA_2_RX_dma.c **** *******************************************************************/
  97:Generated_Source\PSoC5/DMA_2_RX_dma.c **** uint8 DMA_2_RX_DmaInitialize(uint8 BurstCount, uint8 ReqestPerBurst, uint16 UpperSrcAddress, uint16
  98:Generated_Source\PSoC5/DMA_2_RX_dma.c **** {
 236              		.loc 1 98 0
 237              		.cfi_startproc
 238              		@ args = 0, pretend = 0, frame = 0
 239              		@ frame_needed = 0, uses_anonymous_args = 0
 240              	.LVL0:
 241 0000 F0B5     		push	{r4, r5, r6, r7, lr}
 242              		.cfi_def_cfa_offset 20
ARM GAS  C:\Users\JEFFSN~1\AppData\Local\Temp\ccXmW2CD.s 			page 17


 243              		.cfi_offset 4, -20
 244              		.cfi_offset 5, -16
 245              		.cfi_offset 6, -12
 246              		.cfi_offset 7, -8
 247              		.cfi_offset 14, -4
 248 0002 83B0     		sub	sp, sp, #12
 249              		.cfi_def_cfa_offset 32
 250 0004 1646     		mov	r6, r2
 251 0006 1F46     		mov	r7, r3
  99:Generated_Source\PSoC5/DMA_2_RX_dma.c **** 
 100:Generated_Source\PSoC5/DMA_2_RX_dma.c ****     /* Allocate a DMA channel. */
 101:Generated_Source\PSoC5/DMA_2_RX_dma.c ****     DMA_2_RX_DmaHandle = (uint8)DMA_2_RX__DRQ_NUMBER;
 252              		.loc 1 101 0
 253 0008 0B4C     		ldr	r4, .L3
 254 000a 0425     		movs	r5, #4
 255 000c 2570     		strb	r5, [r4]
 102:Generated_Source\PSoC5/DMA_2_RX_dma.c **** 
 103:Generated_Source\PSoC5/DMA_2_RX_dma.c ****     /* Configure the channel. */
 104:Generated_Source\PSoC5/DMA_2_RX_dma.c ****     (void)CyDmaChSetConfiguration(DMA_2_RX_DmaHandle,
 256              		.loc 1 104 0
 257 000e 0023     		movs	r3, #0
 258              	.LVL1:
 259 0010 0193     		str	r3, [sp, #4]
 260 0012 0093     		str	r3, [sp]
 261 0014 0A46     		mov	r2, r1
 262              	.LVL2:
 263 0016 0146     		mov	r1, r0
 264              	.LVL3:
 265 0018 2846     		mov	r0, r5
 266              	.LVL4:
 267 001a FFF7FEFF 		bl	CyDmaChSetConfiguration
 268              	.LVL5:
 105:Generated_Source\PSoC5/DMA_2_RX_dma.c ****                                   BurstCount,
 106:Generated_Source\PSoC5/DMA_2_RX_dma.c ****                                   ReqestPerBurst,
 107:Generated_Source\PSoC5/DMA_2_RX_dma.c ****                                   (uint8)DMA_2_RX__TERMOUT0_SEL,
 108:Generated_Source\PSoC5/DMA_2_RX_dma.c ****                                   (uint8)DMA_2_RX__TERMOUT1_SEL,
 109:Generated_Source\PSoC5/DMA_2_RX_dma.c ****                                   (uint8)DMA_2_RX__TERMIN_SEL);
 110:Generated_Source\PSoC5/DMA_2_RX_dma.c **** 
 111:Generated_Source\PSoC5/DMA_2_RX_dma.c ****     /* Set the extended address for the transfers */
 112:Generated_Source\PSoC5/DMA_2_RX_dma.c ****     (void)CyDmaChSetExtendedAddress(DMA_2_RX_DmaHandle, UpperSrcAddress, UpperDestAddress);
 269              		.loc 1 112 0
 270 001e 3A46     		mov	r2, r7
 271 0020 3146     		mov	r1, r6
 272 0022 2078     		ldrb	r0, [r4]	@ zero_extendqisi2
 273 0024 FFF7FEFF 		bl	CyDmaChSetExtendedAddress
 274              	.LVL6:
 113:Generated_Source\PSoC5/DMA_2_RX_dma.c **** 
 114:Generated_Source\PSoC5/DMA_2_RX_dma.c ****     /* Set the priority for this channel */
 115:Generated_Source\PSoC5/DMA_2_RX_dma.c ****     (void)CyDmaChPriority(DMA_2_RX_DmaHandle, (uint8)DMA_2_RX__PRIORITY);
 275              		.loc 1 115 0
 276 0028 0221     		movs	r1, #2
 277 002a 2078     		ldrb	r0, [r4]	@ zero_extendqisi2
 278 002c FFF7FEFF 		bl	CyDmaChPriority
 279              	.LVL7:
 116:Generated_Source\PSoC5/DMA_2_RX_dma.c ****     
 117:Generated_Source\PSoC5/DMA_2_RX_dma.c ****     return DMA_2_RX_DmaHandle;
 118:Generated_Source\PSoC5/DMA_2_RX_dma.c **** }
ARM GAS  C:\Users\JEFFSN~1\AppData\Local\Temp\ccXmW2CD.s 			page 18


 280              		.loc 1 118 0
 281 0030 2078     		ldrb	r0, [r4]	@ zero_extendqisi2
 282 0032 03B0     		add	sp, sp, #12
 283              		.cfi_def_cfa_offset 20
 284              		@ sp needed
 285 0034 F0BD     		pop	{r4, r5, r6, r7, pc}
 286              	.L4:
 287 0036 00BF     		.align	2
 288              	.L3:
 289 0038 00000000 		.word	.LANCHOR0
 290              		.cfi_endproc
 291              	.LFE0:
 292              		.size	DMA_2_RX_DmaInitialize, .-DMA_2_RX_DmaInitialize
 293              		.section	.text.DMA_2_RX_DmaRelease,"ax",%progbits
 294              		.align	2
 295              		.global	DMA_2_RX_DmaRelease
 296              		.thumb
 297              		.thumb_func
 298              		.type	DMA_2_RX_DmaRelease, %function
 299              	DMA_2_RX_DmaRelease:
 300              	.LFB1:
 119:Generated_Source\PSoC5/DMA_2_RX_dma.c **** 
 120:Generated_Source\PSoC5/DMA_2_RX_dma.c **** /*********************************************************************
 121:Generated_Source\PSoC5/DMA_2_RX_dma.c **** * Function Name: void DMA_2_RX_DmaRelease
 122:Generated_Source\PSoC5/DMA_2_RX_dma.c **** **********************************************************************
 123:Generated_Source\PSoC5/DMA_2_RX_dma.c **** * Summary:
 124:Generated_Source\PSoC5/DMA_2_RX_dma.c **** *   Frees the channel associated with DMA_2_RX.
 125:Generated_Source\PSoC5/DMA_2_RX_dma.c **** *
 126:Generated_Source\PSoC5/DMA_2_RX_dma.c **** *
 127:Generated_Source\PSoC5/DMA_2_RX_dma.c **** * Parameters:
 128:Generated_Source\PSoC5/DMA_2_RX_dma.c **** *   void.
 129:Generated_Source\PSoC5/DMA_2_RX_dma.c **** *
 130:Generated_Source\PSoC5/DMA_2_RX_dma.c **** *
 131:Generated_Source\PSoC5/DMA_2_RX_dma.c **** *
 132:Generated_Source\PSoC5/DMA_2_RX_dma.c **** * Return:
 133:Generated_Source\PSoC5/DMA_2_RX_dma.c **** *   void.
 134:Generated_Source\PSoC5/DMA_2_RX_dma.c **** *
 135:Generated_Source\PSoC5/DMA_2_RX_dma.c **** *******************************************************************/
 136:Generated_Source\PSoC5/DMA_2_RX_dma.c **** void DMA_2_RX_DmaRelease(void) 
 137:Generated_Source\PSoC5/DMA_2_RX_dma.c **** {
 301              		.loc 1 137 0
 302              		.cfi_startproc
 303              		@ args = 0, pretend = 0, frame = 0
 304              		@ frame_needed = 0, uses_anonymous_args = 0
 305 0000 08B5     		push	{r3, lr}
 306              		.cfi_def_cfa_offset 8
 307              		.cfi_offset 3, -8
 308              		.cfi_offset 14, -4
 138:Generated_Source\PSoC5/DMA_2_RX_dma.c ****     /* Disable the channel */
 139:Generated_Source\PSoC5/DMA_2_RX_dma.c ****     (void)CyDmaChDisable(DMA_2_RX_DmaHandle);
 309              		.loc 1 139 0
 310 0002 024B     		ldr	r3, .L7
 311 0004 1878     		ldrb	r0, [r3]	@ zero_extendqisi2
 312 0006 FFF7FEFF 		bl	CyDmaChDisable
 313              	.LVL8:
 314 000a 08BD     		pop	{r3, pc}
 315              	.L8:
ARM GAS  C:\Users\JEFFSN~1\AppData\Local\Temp\ccXmW2CD.s 			page 19


 316              		.align	2
 317              	.L7:
 318 000c 00000000 		.word	.LANCHOR0
 319              		.cfi_endproc
 320              	.LFE1:
 321              		.size	DMA_2_RX_DmaRelease, .-DMA_2_RX_DmaRelease
 322              		.global	DMA_2_RX_DmaHandle
 323              		.data
 324              		.set	.LANCHOR0,. + 0
 325              		.type	DMA_2_RX_DmaHandle, %object
 326              		.size	DMA_2_RX_DmaHandle, 1
 327              	DMA_2_RX_DmaHandle:
 328 0000 FF       		.byte	-1
 329              		.text
 330              	.Letext0:
 331              		.file 2 "Generated_Source\\PSoC5/cytypes.h"
 332              		.file 3 "Generated_Source\\PSoC5/CYDMAC.H"
 333              		.section	.debug_info,"",%progbits
 334              	.Ldebug_info0:
 335 0000 A3010000 		.4byte	0x1a3
 336 0004 0400     		.2byte	0x4
 337 0006 00000000 		.4byte	.Ldebug_abbrev0
 338 000a 04       		.byte	0x4
 339 000b 01       		.uleb128 0x1
 340 000c F8000000 		.4byte	.LASF24
 341 0010 0C       		.byte	0xc
 342 0011 42000000 		.4byte	.LASF25
 343 0015 FD010000 		.4byte	.LASF26
 344 0019 00000000 		.4byte	.Ldebug_ranges0+0
 345 001d 00000000 		.4byte	0
 346 0021 00000000 		.4byte	.Ldebug_line0
 347 0025 02       		.uleb128 0x2
 348 0026 04       		.byte	0x4
 349 0027 05       		.byte	0x5
 350 0028 696E7400 		.ascii	"int\000"
 351 002c 03       		.uleb128 0x3
 352 002d 04       		.byte	0x4
 353 002e 07       		.byte	0x7
 354 002f EB000000 		.4byte	.LASF0
 355 0033 03       		.uleb128 0x3
 356 0034 08       		.byte	0x8
 357 0035 05       		.byte	0x5
 358 0036 D0010000 		.4byte	.LASF1
 359 003a 03       		.uleb128 0x3
 360 003b 08       		.byte	0x8
 361 003c 04       		.byte	0x4
 362 003d 7F020000 		.4byte	.LASF2
 363 0041 03       		.uleb128 0x3
 364 0042 01       		.byte	0x1
 365 0043 06       		.byte	0x6
 366 0044 8B020000 		.4byte	.LASF3
 367 0048 03       		.uleb128 0x3
 368 0049 01       		.byte	0x1
 369 004a 08       		.byte	0x8
 370 004b 82000000 		.4byte	.LASF4
 371 004f 03       		.uleb128 0x3
 372 0050 02       		.byte	0x2
ARM GAS  C:\Users\JEFFSN~1\AppData\Local\Temp\ccXmW2CD.s 			page 20


 373 0051 05       		.byte	0x5
 374 0052 6C020000 		.4byte	.LASF5
 375 0056 03       		.uleb128 0x3
 376 0057 02       		.byte	0x2
 377 0058 07       		.byte	0x7
 378 0059 2F000000 		.4byte	.LASF6
 379 005d 03       		.uleb128 0x3
 380 005e 04       		.byte	0x4
 381 005f 05       		.byte	0x5
 382 0060 76020000 		.4byte	.LASF7
 383 0064 03       		.uleb128 0x3
 384 0065 04       		.byte	0x4
 385 0066 07       		.byte	0x7
 386 0067 9B000000 		.4byte	.LASF8
 387 006b 03       		.uleb128 0x3
 388 006c 08       		.byte	0x8
 389 006d 07       		.byte	0x7
 390 006e 9F010000 		.4byte	.LASF9
 391 0072 03       		.uleb128 0x3
 392 0073 04       		.byte	0x4
 393 0074 07       		.byte	0x7
 394 0075 C7010000 		.4byte	.LASF10
 395 0079 03       		.uleb128 0x3
 396 007a 01       		.byte	0x1
 397 007b 08       		.byte	0x8
 398 007c F8010000 		.4byte	.LASF11
 399 0080 04       		.uleb128 0x4
 400 0081 AD000000 		.4byte	.LASF12
 401 0085 02       		.byte	0x2
 402 0086 E901     		.2byte	0x1e9
 403 0088 48000000 		.4byte	0x48
 404 008c 04       		.uleb128 0x4
 405 008d E4000000 		.4byte	.LASF13
 406 0091 02       		.byte	0x2
 407 0092 EA01     		.2byte	0x1ea
 408 0094 56000000 		.4byte	0x56
 409 0098 03       		.uleb128 0x3
 410 0099 04       		.byte	0x4
 411 009a 04       		.byte	0x4
 412 009b 68000000 		.4byte	.LASF14
 413 009f 03       		.uleb128 0x3
 414 00a0 08       		.byte	0x8
 415 00a1 04       		.byte	0x4
 416 00a2 DD000000 		.4byte	.LASF15
 417 00a6 05       		.uleb128 0x5
 418 00a7 C6000000 		.4byte	.LASF27
 419 00ab 01       		.byte	0x1
 420 00ac 61       		.byte	0x61
 421 00ad 80000000 		.4byte	0x80
 422 00b1 00000000 		.4byte	.LFB0
 423 00b5 3C000000 		.4byte	.LFE0-.LFB0
 424 00b9 01       		.uleb128 0x1
 425 00ba 9C       		.byte	0x9c
 426 00bb 4A010000 		.4byte	0x14a
 427 00bf 06       		.uleb128 0x6
 428 00c0 90000000 		.4byte	.LASF16
 429 00c4 01       		.byte	0x1
ARM GAS  C:\Users\JEFFSN~1\AppData\Local\Temp\ccXmW2CD.s 			page 21


 430 00c5 61       		.byte	0x61
 431 00c6 80000000 		.4byte	0x80
 432 00ca 00000000 		.4byte	.LLST0
 433 00ce 06       		.uleb128 0x6
 434 00cf 20000000 		.4byte	.LASF17
 435 00d3 01       		.byte	0x1
 436 00d4 61       		.byte	0x61
 437 00d5 80000000 		.4byte	0x80
 438 00d9 21000000 		.4byte	.LLST1
 439 00dd 06       		.uleb128 0x6
 440 00de 00000000 		.4byte	.LASF18
 441 00e2 01       		.byte	0x1
 442 00e3 61       		.byte	0x61
 443 00e4 8C000000 		.4byte	0x8c
 444 00e8 42000000 		.4byte	.LLST2
 445 00ec 06       		.uleb128 0x6
 446 00ed B6010000 		.4byte	.LASF19
 447 00f1 01       		.byte	0x1
 448 00f2 61       		.byte	0x61
 449 00f3 8C000000 		.4byte	0x8c
 450 00f7 63000000 		.4byte	.LLST3
 451 00fb 07       		.uleb128 0x7
 452 00fc 1E000000 		.4byte	.LVL5
 453 0100 7A010000 		.4byte	0x17a
 454 0104 20010000 		.4byte	0x120
 455 0108 08       		.uleb128 0x8
 456 0109 01       		.uleb128 0x1
 457 010a 50       		.byte	0x50
 458 010b 02       		.uleb128 0x2
 459 010c 75       		.byte	0x75
 460 010d 00       		.sleb128 0
 461 010e 08       		.uleb128 0x8
 462 010f 01       		.uleb128 0x1
 463 0110 53       		.byte	0x53
 464 0111 01       		.uleb128 0x1
 465 0112 30       		.byte	0x30
 466 0113 08       		.uleb128 0x8
 467 0114 02       		.uleb128 0x2
 468 0115 7D       		.byte	0x7d
 469 0116 00       		.sleb128 0
 470 0117 01       		.uleb128 0x1
 471 0118 30       		.byte	0x30
 472 0119 08       		.uleb128 0x8
 473 011a 02       		.uleb128 0x2
 474 011b 7D       		.byte	0x7d
 475 011c 04       		.sleb128 4
 476 011d 01       		.uleb128 0x1
 477 011e 30       		.byte	0x30
 478 011f 00       		.byte	0
 479 0120 07       		.uleb128 0x7
 480 0121 28000000 		.4byte	.LVL6
 481 0125 85010000 		.4byte	0x185
 482 0129 3A010000 		.4byte	0x13a
 483 012d 08       		.uleb128 0x8
 484 012e 01       		.uleb128 0x1
 485 012f 51       		.byte	0x51
 486 0130 02       		.uleb128 0x2
ARM GAS  C:\Users\JEFFSN~1\AppData\Local\Temp\ccXmW2CD.s 			page 22


 487 0131 76       		.byte	0x76
 488 0132 00       		.sleb128 0
 489 0133 08       		.uleb128 0x8
 490 0134 01       		.uleb128 0x1
 491 0135 52       		.byte	0x52
 492 0136 02       		.uleb128 0x2
 493 0137 77       		.byte	0x77
 494 0138 00       		.sleb128 0
 495 0139 00       		.byte	0
 496 013a 09       		.uleb128 0x9
 497 013b 30000000 		.4byte	.LVL7
 498 013f 90010000 		.4byte	0x190
 499 0143 08       		.uleb128 0x8
 500 0144 01       		.uleb128 0x1
 501 0145 51       		.byte	0x51
 502 0146 01       		.uleb128 0x1
 503 0147 32       		.byte	0x32
 504 0148 00       		.byte	0
 505 0149 00       		.byte	0
 506 014a 0A       		.uleb128 0xa
 507 014b 6E000000 		.4byte	.LASF28
 508 014f 01       		.byte	0x1
 509 0150 88       		.byte	0x88
 510 0151 00000000 		.4byte	.LFB1
 511 0155 10000000 		.4byte	.LFE1-.LFB1
 512 0159 01       		.uleb128 0x1
 513 015a 9C       		.byte	0x9c
 514 015b 69010000 		.4byte	0x169
 515 015f 0B       		.uleb128 0xb
 516 0160 0A000000 		.4byte	.LVL8
 517 0164 9B010000 		.4byte	0x19b
 518 0168 00       		.byte	0
 519 0169 0C       		.uleb128 0xc
 520 016a B3000000 		.4byte	.LASF29
 521 016e 01       		.byte	0x1
 522 016f 45       		.byte	0x45
 523 0170 80000000 		.4byte	0x80
 524 0174 05       		.uleb128 0x5
 525 0175 03       		.byte	0x3
 526 0176 00000000 		.4byte	DMA_2_RX_DmaHandle
 527 017a 0D       		.uleb128 0xd
 528 017b A6020000 		.4byte	.LASF20
 529 017f A6020000 		.4byte	.LASF20
 530 0183 03       		.byte	0x3
 531 0184 33       		.byte	0x33
 532 0185 0D       		.uleb128 0xd
 533 0186 DE010000 		.4byte	.LASF21
 534 018a DE010000 		.4byte	.LASF21
 535 018e 03       		.byte	0x3
 536 018f 2D       		.byte	0x2d
 537 0190 0D       		.uleb128 0xd
 538 0191 10000000 		.4byte	.LASF22
 539 0195 10000000 		.4byte	.LASF22
 540 0199 03       		.byte	0x3
 541 019a 2C       		.byte	0x2c
 542 019b 0D       		.uleb128 0xd
 543 019c 97020000 		.4byte	.LASF23
ARM GAS  C:\Users\JEFFSN~1\AppData\Local\Temp\ccXmW2CD.s 			page 23


 544 01a0 97020000 		.4byte	.LASF23
 545 01a4 03       		.byte	0x3
 546 01a5 2A       		.byte	0x2a
 547 01a6 00       		.byte	0
 548              		.section	.debug_abbrev,"",%progbits
 549              	.Ldebug_abbrev0:
 550 0000 01       		.uleb128 0x1
 551 0001 11       		.uleb128 0x11
 552 0002 01       		.byte	0x1
 553 0003 25       		.uleb128 0x25
 554 0004 0E       		.uleb128 0xe
 555 0005 13       		.uleb128 0x13
 556 0006 0B       		.uleb128 0xb
 557 0007 03       		.uleb128 0x3
 558 0008 0E       		.uleb128 0xe
 559 0009 1B       		.uleb128 0x1b
 560 000a 0E       		.uleb128 0xe
 561 000b 55       		.uleb128 0x55
 562 000c 17       		.uleb128 0x17
 563 000d 11       		.uleb128 0x11
 564 000e 01       		.uleb128 0x1
 565 000f 10       		.uleb128 0x10
 566 0010 17       		.uleb128 0x17
 567 0011 00       		.byte	0
 568 0012 00       		.byte	0
 569 0013 02       		.uleb128 0x2
 570 0014 24       		.uleb128 0x24
 571 0015 00       		.byte	0
 572 0016 0B       		.uleb128 0xb
 573 0017 0B       		.uleb128 0xb
 574 0018 3E       		.uleb128 0x3e
 575 0019 0B       		.uleb128 0xb
 576 001a 03       		.uleb128 0x3
 577 001b 08       		.uleb128 0x8
 578 001c 00       		.byte	0
 579 001d 00       		.byte	0
 580 001e 03       		.uleb128 0x3
 581 001f 24       		.uleb128 0x24
 582 0020 00       		.byte	0
 583 0021 0B       		.uleb128 0xb
 584 0022 0B       		.uleb128 0xb
 585 0023 3E       		.uleb128 0x3e
 586 0024 0B       		.uleb128 0xb
 587 0025 03       		.uleb128 0x3
 588 0026 0E       		.uleb128 0xe
 589 0027 00       		.byte	0
 590 0028 00       		.byte	0
 591 0029 04       		.uleb128 0x4
 592 002a 16       		.uleb128 0x16
 593 002b 00       		.byte	0
 594 002c 03       		.uleb128 0x3
 595 002d 0E       		.uleb128 0xe
 596 002e 3A       		.uleb128 0x3a
 597 002f 0B       		.uleb128 0xb
 598 0030 3B       		.uleb128 0x3b
 599 0031 05       		.uleb128 0x5
 600 0032 49       		.uleb128 0x49
ARM GAS  C:\Users\JEFFSN~1\AppData\Local\Temp\ccXmW2CD.s 			page 24


 601 0033 13       		.uleb128 0x13
 602 0034 00       		.byte	0
 603 0035 00       		.byte	0
 604 0036 05       		.uleb128 0x5
 605 0037 2E       		.uleb128 0x2e
 606 0038 01       		.byte	0x1
 607 0039 3F       		.uleb128 0x3f
 608 003a 19       		.uleb128 0x19
 609 003b 03       		.uleb128 0x3
 610 003c 0E       		.uleb128 0xe
 611 003d 3A       		.uleb128 0x3a
 612 003e 0B       		.uleb128 0xb
 613 003f 3B       		.uleb128 0x3b
 614 0040 0B       		.uleb128 0xb
 615 0041 27       		.uleb128 0x27
 616 0042 19       		.uleb128 0x19
 617 0043 49       		.uleb128 0x49
 618 0044 13       		.uleb128 0x13
 619 0045 11       		.uleb128 0x11
 620 0046 01       		.uleb128 0x1
 621 0047 12       		.uleb128 0x12
 622 0048 06       		.uleb128 0x6
 623 0049 40       		.uleb128 0x40
 624 004a 18       		.uleb128 0x18
 625 004b 9742     		.uleb128 0x2117
 626 004d 19       		.uleb128 0x19
 627 004e 01       		.uleb128 0x1
 628 004f 13       		.uleb128 0x13
 629 0050 00       		.byte	0
 630 0051 00       		.byte	0
 631 0052 06       		.uleb128 0x6
 632 0053 05       		.uleb128 0x5
 633 0054 00       		.byte	0
 634 0055 03       		.uleb128 0x3
 635 0056 0E       		.uleb128 0xe
 636 0057 3A       		.uleb128 0x3a
 637 0058 0B       		.uleb128 0xb
 638 0059 3B       		.uleb128 0x3b
 639 005a 0B       		.uleb128 0xb
 640 005b 49       		.uleb128 0x49
 641 005c 13       		.uleb128 0x13
 642 005d 02       		.uleb128 0x2
 643 005e 17       		.uleb128 0x17
 644 005f 00       		.byte	0
 645 0060 00       		.byte	0
 646 0061 07       		.uleb128 0x7
 647 0062 898201   		.uleb128 0x4109
 648 0065 01       		.byte	0x1
 649 0066 11       		.uleb128 0x11
 650 0067 01       		.uleb128 0x1
 651 0068 31       		.uleb128 0x31
 652 0069 13       		.uleb128 0x13
 653 006a 01       		.uleb128 0x1
 654 006b 13       		.uleb128 0x13
 655 006c 00       		.byte	0
 656 006d 00       		.byte	0
 657 006e 08       		.uleb128 0x8
ARM GAS  C:\Users\JEFFSN~1\AppData\Local\Temp\ccXmW2CD.s 			page 25


 658 006f 8A8201   		.uleb128 0x410a
 659 0072 00       		.byte	0
 660 0073 02       		.uleb128 0x2
 661 0074 18       		.uleb128 0x18
 662 0075 9142     		.uleb128 0x2111
 663 0077 18       		.uleb128 0x18
 664 0078 00       		.byte	0
 665 0079 00       		.byte	0
 666 007a 09       		.uleb128 0x9
 667 007b 898201   		.uleb128 0x4109
 668 007e 01       		.byte	0x1
 669 007f 11       		.uleb128 0x11
 670 0080 01       		.uleb128 0x1
 671 0081 31       		.uleb128 0x31
 672 0082 13       		.uleb128 0x13
 673 0083 00       		.byte	0
 674 0084 00       		.byte	0
 675 0085 0A       		.uleb128 0xa
 676 0086 2E       		.uleb128 0x2e
 677 0087 01       		.byte	0x1
 678 0088 3F       		.uleb128 0x3f
 679 0089 19       		.uleb128 0x19
 680 008a 03       		.uleb128 0x3
 681 008b 0E       		.uleb128 0xe
 682 008c 3A       		.uleb128 0x3a
 683 008d 0B       		.uleb128 0xb
 684 008e 3B       		.uleb128 0x3b
 685 008f 0B       		.uleb128 0xb
 686 0090 27       		.uleb128 0x27
 687 0091 19       		.uleb128 0x19
 688 0092 11       		.uleb128 0x11
 689 0093 01       		.uleb128 0x1
 690 0094 12       		.uleb128 0x12
 691 0095 06       		.uleb128 0x6
 692 0096 40       		.uleb128 0x40
 693 0097 18       		.uleb128 0x18
 694 0098 9742     		.uleb128 0x2117
 695 009a 19       		.uleb128 0x19
 696 009b 01       		.uleb128 0x1
 697 009c 13       		.uleb128 0x13
 698 009d 00       		.byte	0
 699 009e 00       		.byte	0
 700 009f 0B       		.uleb128 0xb
 701 00a0 898201   		.uleb128 0x4109
 702 00a3 00       		.byte	0
 703 00a4 11       		.uleb128 0x11
 704 00a5 01       		.uleb128 0x1
 705 00a6 31       		.uleb128 0x31
 706 00a7 13       		.uleb128 0x13
 707 00a8 00       		.byte	0
 708 00a9 00       		.byte	0
 709 00aa 0C       		.uleb128 0xc
 710 00ab 34       		.uleb128 0x34
 711 00ac 00       		.byte	0
 712 00ad 03       		.uleb128 0x3
 713 00ae 0E       		.uleb128 0xe
 714 00af 3A       		.uleb128 0x3a
ARM GAS  C:\Users\JEFFSN~1\AppData\Local\Temp\ccXmW2CD.s 			page 26


 715 00b0 0B       		.uleb128 0xb
 716 00b1 3B       		.uleb128 0x3b
 717 00b2 0B       		.uleb128 0xb
 718 00b3 49       		.uleb128 0x49
 719 00b4 13       		.uleb128 0x13
 720 00b5 3F       		.uleb128 0x3f
 721 00b6 19       		.uleb128 0x19
 722 00b7 02       		.uleb128 0x2
 723 00b8 18       		.uleb128 0x18
 724 00b9 00       		.byte	0
 725 00ba 00       		.byte	0
 726 00bb 0D       		.uleb128 0xd
 727 00bc 2E       		.uleb128 0x2e
 728 00bd 00       		.byte	0
 729 00be 3F       		.uleb128 0x3f
 730 00bf 19       		.uleb128 0x19
 731 00c0 3C       		.uleb128 0x3c
 732 00c1 19       		.uleb128 0x19
 733 00c2 6E       		.uleb128 0x6e
 734 00c3 0E       		.uleb128 0xe
 735 00c4 03       		.uleb128 0x3
 736 00c5 0E       		.uleb128 0xe
 737 00c6 3A       		.uleb128 0x3a
 738 00c7 0B       		.uleb128 0xb
 739 00c8 3B       		.uleb128 0x3b
 740 00c9 0B       		.uleb128 0xb
 741 00ca 00       		.byte	0
 742 00cb 00       		.byte	0
 743 00cc 00       		.byte	0
 744              		.section	.debug_loc,"",%progbits
 745              	.Ldebug_loc0:
 746              	.LLST0:
 747 0000 00000000 		.4byte	.LVL0
 748 0004 1A000000 		.4byte	.LVL4
 749 0008 0100     		.2byte	0x1
 750 000a 50       		.byte	0x50
 751 000b 1A000000 		.4byte	.LVL4
 752 000f 3C000000 		.4byte	.LFE0
 753 0013 0400     		.2byte	0x4
 754 0015 F3       		.byte	0xf3
 755 0016 01       		.uleb128 0x1
 756 0017 50       		.byte	0x50
 757 0018 9F       		.byte	0x9f
 758 0019 00000000 		.4byte	0
 759 001d 00000000 		.4byte	0
 760              	.LLST1:
 761 0021 00000000 		.4byte	.LVL0
 762 0025 18000000 		.4byte	.LVL3
 763 0029 0100     		.2byte	0x1
 764 002b 51       		.byte	0x51
 765 002c 18000000 		.4byte	.LVL3
 766 0030 3C000000 		.4byte	.LFE0
 767 0034 0400     		.2byte	0x4
 768 0036 F3       		.byte	0xf3
 769 0037 01       		.uleb128 0x1
 770 0038 51       		.byte	0x51
 771 0039 9F       		.byte	0x9f
ARM GAS  C:\Users\JEFFSN~1\AppData\Local\Temp\ccXmW2CD.s 			page 27


 772 003a 00000000 		.4byte	0
 773 003e 00000000 		.4byte	0
 774              	.LLST2:
 775 0042 00000000 		.4byte	.LVL0
 776 0046 16000000 		.4byte	.LVL2
 777 004a 0100     		.2byte	0x1
 778 004c 52       		.byte	0x52
 779 004d 16000000 		.4byte	.LVL2
 780 0051 3C000000 		.4byte	.LFE0
 781 0055 0400     		.2byte	0x4
 782 0057 F3       		.byte	0xf3
 783 0058 01       		.uleb128 0x1
 784 0059 52       		.byte	0x52
 785 005a 9F       		.byte	0x9f
 786 005b 00000000 		.4byte	0
 787 005f 00000000 		.4byte	0
 788              	.LLST3:
 789 0063 00000000 		.4byte	.LVL0
 790 0067 10000000 		.4byte	.LVL1
 791 006b 0100     		.2byte	0x1
 792 006d 53       		.byte	0x53
 793 006e 10000000 		.4byte	.LVL1
 794 0072 3C000000 		.4byte	.LFE0
 795 0076 0400     		.2byte	0x4
 796 0078 F3       		.byte	0xf3
 797 0079 01       		.uleb128 0x1
 798 007a 53       		.byte	0x53
 799 007b 9F       		.byte	0x9f
 800 007c 00000000 		.4byte	0
 801 0080 00000000 		.4byte	0
 802              		.section	.debug_aranges,"",%progbits
 803 0000 24000000 		.4byte	0x24
 804 0004 0200     		.2byte	0x2
 805 0006 00000000 		.4byte	.Ldebug_info0
 806 000a 04       		.byte	0x4
 807 000b 00       		.byte	0
 808 000c 0000     		.2byte	0
 809 000e 0000     		.2byte	0
 810 0010 00000000 		.4byte	.LFB0
 811 0014 3C000000 		.4byte	.LFE0-.LFB0
 812 0018 00000000 		.4byte	.LFB1
 813 001c 10000000 		.4byte	.LFE1-.LFB1
 814 0020 00000000 		.4byte	0
 815 0024 00000000 		.4byte	0
 816              		.section	.debug_ranges,"",%progbits
 817              	.Ldebug_ranges0:
 818 0000 00000000 		.4byte	.LFB0
 819 0004 3C000000 		.4byte	.LFE0
 820 0008 00000000 		.4byte	.LFB1
 821 000c 10000000 		.4byte	.LFE1
 822 0010 00000000 		.4byte	0
 823 0014 00000000 		.4byte	0
 824              		.section	.debug_line,"",%progbits
 825              	.Ldebug_line0:
 826 0000 81000000 		.section	.debug_str,"MS",%progbits,1
 826      02005500 
 826      00000201 
ARM GAS  C:\Users\JEFFSN~1\AppData\Local\Temp\ccXmW2CD.s 			page 28


 826      FB0E0D00 
 826      01010101 
 827              	.LASF18:
 828 0000 55707065 		.ascii	"UpperSrcAddress\000"
 828      72537263 
 828      41646472 
 828      65737300 
 829              	.LASF22:
 830 0010 4379446D 		.ascii	"CyDmaChPriority\000"
 830      61436850 
 830      72696F72 
 830      69747900 
 831              	.LASF17:
 832 0020 52657165 		.ascii	"ReqestPerBurst\000"
 832      73745065 
 832      72427572 
 832      737400
 833              	.LASF6:
 834 002f 73686F72 		.ascii	"short unsigned int\000"
 834      7420756E 
 834      7369676E 
 834      65642069 
 834      6E7400
 835              	.LASF25:
 836 0042 47656E65 		.ascii	"Generated_Source\\PSoC5\\DMA_2_RX_dma.c\000"
 836      72617465 
 836      645F536F 
 836      75726365 
 836      5C50536F 
 837              	.LASF14:
 838 0068 666C6F61 		.ascii	"float\000"
 838      7400
 839              	.LASF28:
 840 006e 444D415F 		.ascii	"DMA_2_RX_DmaRelease\000"
 840      325F5258 
 840      5F446D61 
 840      52656C65 
 840      61736500 
 841              	.LASF4:
 842 0082 756E7369 		.ascii	"unsigned char\000"
 842      676E6564 
 842      20636861 
 842      7200
 843              	.LASF16:
 844 0090 42757273 		.ascii	"BurstCount\000"
 844      74436F75 
 844      6E7400
 845              	.LASF8:
 846 009b 6C6F6E67 		.ascii	"long unsigned int\000"
 846      20756E73 
 846      69676E65 
 846      6420696E 
 846      7400
 847              	.LASF12:
 848 00ad 75696E74 		.ascii	"uint8\000"
 848      3800
 849              	.LASF29:
ARM GAS  C:\Users\JEFFSN~1\AppData\Local\Temp\ccXmW2CD.s 			page 29


 850 00b3 444D415F 		.ascii	"DMA_2_RX_DmaHandle\000"
 850      325F5258 
 850      5F446D61 
 850      48616E64 
 850      6C6500
 851              	.LASF27:
 852 00c6 444D415F 		.ascii	"DMA_2_RX_DmaInitialize\000"
 852      325F5258 
 852      5F446D61 
 852      496E6974 
 852      69616C69 
 853              	.LASF15:
 854 00dd 646F7562 		.ascii	"double\000"
 854      6C6500
 855              	.LASF13:
 856 00e4 75696E74 		.ascii	"uint16\000"
 856      313600
 857              	.LASF0:
 858 00eb 756E7369 		.ascii	"unsigned int\000"
 858      676E6564 
 858      20696E74 
 858      00
 859              	.LASF24:
 860 00f8 474E5520 		.ascii	"GNU C11 5.4.1 20160609 (release) [ARM/embedded-5-br"
 860      43313120 
 860      352E342E 
 860      31203230 
 860      31363036 
 861 012b 616E6368 		.ascii	"anch revision 237715] -mcpu=cortex-m3 -mthumb -g -O"
 861      20726576 
 861      6973696F 
 861      6E203233 
 861      37373135 
 862 015e 67202D66 		.ascii	"g -ffunction-sections -ffat-lto-objects -finline-fu"
 862      66756E63 
 862      74696F6E 
 862      2D736563 
 862      74696F6E 
 863 0191 6E637469 		.ascii	"nctions -flto\000"
 863      6F6E7320 
 863      2D666C74 
 863      6F00
 864              	.LASF9:
 865 019f 6C6F6E67 		.ascii	"long long unsigned int\000"
 865      206C6F6E 
 865      6720756E 
 865      7369676E 
 865      65642069 
 866              	.LASF19:
 867 01b6 55707065 		.ascii	"UpperDestAddress\000"
 867      72446573 
 867      74416464 
 867      72657373 
 867      00
 868              	.LASF10:
 869 01c7 73697A65 		.ascii	"sizetype\000"
 869      74797065 
ARM GAS  C:\Users\JEFFSN~1\AppData\Local\Temp\ccXmW2CD.s 			page 30


 869      00
 870              	.LASF1:
 871 01d0 6C6F6E67 		.ascii	"long long int\000"
 871      206C6F6E 
 871      6720696E 
 871      7400
 872              	.LASF21:
 873 01de 4379446D 		.ascii	"CyDmaChSetExtendedAddress\000"
 873      61436853 
 873      65744578 
 873      74656E64 
 873      65644164 
 874              	.LASF11:
 875 01f8 63686172 		.ascii	"char\000"
 875      00
 876              	.LASF26:
 877 01fd 433A5C55 		.ascii	"C:\\Users\\JeffSnyder\\dev\\Electrobass_embedded\\P"
 877      73657273 
 877      5C4A6566 
 877      66536E79 
 877      6465725C 
 878 022b 534F4335 		.ascii	"SOC5_electrobass_stringsensors\\CE210514_PSOC3_5_Th"
 878      5F656C65 
 878      6374726F 
 878      62617373 
 878      5F737472 
 879 025d 65726D69 		.ascii	"ermistor.cydsn\000"
 879      73746F72 
 879      2E637964 
 879      736E00
 880              	.LASF5:
 881 026c 73686F72 		.ascii	"short int\000"
 881      7420696E 
 881      7400
 882              	.LASF7:
 883 0276 6C6F6E67 		.ascii	"long int\000"
 883      20696E74 
 883      00
 884              	.LASF2:
 885 027f 6C6F6E67 		.ascii	"long double\000"
 885      20646F75 
 885      626C6500 
 886              	.LASF3:
 887 028b 7369676E 		.ascii	"signed char\000"
 887      65642063 
 887      68617200 
 888              	.LASF23:
 889 0297 4379446D 		.ascii	"CyDmaChDisable\000"
 889      61436844 
 889      69736162 
 889      6C6500
 890              	.LASF20:
 891 02a6 4379446D 		.ascii	"CyDmaChSetConfiguration\000"
 891      61436853 
 891      6574436F 
 891      6E666967 
 891      75726174 
ARM GAS  C:\Users\JEFFSN~1\AppData\Local\Temp\ccXmW2CD.s 			page 31


 892              		.comm	__gnu_lto_v1,1,1
 893              		.ident	"GCC: (GNU Tools for ARM Embedded Processors) 5.4.1 20160609 (release) [ARM/embedded-5-bran
