ARM GAS  C:\Users\JEFFSN~1\AppData\Local\Temp\ccpBBL5V.s 			page 1


   1              		.syntax unified
   2              		.cpu cortex-m3
   3              		.fpu softvfp
   4              		.eabi_attribute 20, 1
   5              		.eabi_attribute 21, 1
   6              		.eabi_attribute 23, 3
   7              		.eabi_attribute 24, 1
   8              		.eabi_attribute 25, 1
   9              		.eabi_attribute 26, 1
  10              		.eabi_attribute 30, 2
  11              		.eabi_attribute 34, 1
  12              		.eabi_attribute 18, 4
  13              		.thumb
  14              		.syntax unified
  15              		.file	"edit.c"
  16              		.text
  17              	.Ltext0:
  18              		.section	.gnu.lto_.profile.a80cc505,"",%progbits
  19 0000 789C6361 		.ascii	"x\234ca`d`a`\000\222\222\242\000\000\261\0009"
  19      60646061 
  19      60009292 
  19      A20000B1 
  19      0039
  20              		.text
  21              		.section	.gnu.lto_.icf.a80cc505,"",%progbits
  22 0000 789C6361 		.ascii	"x\234ca`d\000\001I\006\004`a\3705g\347i.\306\251w\237"
  22      60640001 
  22      49060460 
  22      61F83567 
  22      E7692EC6 
  23 0017 4C6161BA 		.ascii	"Laa\272\275\360\334{v\346I\247\377z1\000\000\236v\014"
  23      BDF0DC7B 
  23      76E649A7 
  23      FF7A3100 
  23      009E760C 
  24 002b 1F       		.ascii	"\037"
  25              		.text
  26              		.section	.gnu.lto_.jmpfuncs.a80cc505,"",%progbits
  27 0000 789C6361 		.ascii	"x\234ca`d\000\001!\006\004`a`dd\254g\004\021L\014\014"
  27      60640001 
  27      21060460 
  27      61606464 
  27      AC670411 
  28 0017 CC401100 		.ascii	"\314@\021\000\016\"\001&"
  28      0E220126 
  29              		.text
  30              		.section	.gnu.lto_.inline.a80cc505,"",%progbits
  31 0000 789C6361 		.ascii	"x\234ca`d\000\201$\006\004`a`\340\344`dd\340\000J1s"
  31      60640081 
  31      24060460 
  31      6160E0E4 
  31      606464E0 
  32 0018 1CB06360 		.ascii	"\034\260c`[ \317\304\300\262@\236\005$\013\024g\307"
  32      5B20CFC4 
  32      C0B2409E 
  32      05240B14 
  32      67C7
ARM GAS  C:\Users\JEFFSN~1\AppData\Local\Temp\ccpBBL5V.s 			page 2


  33 002a 9064BAC0 		.ascii	"\220d\272\300\017\226db`ced`b\373\240\007\021\007\002"
  33      0F966462 
  33      60636564 
  33      6062FBA0 
  33      07110702 
  34 003e 664C2106 		.ascii	"fL!\006\000\346\332\011\346"
  34      00E6DA09 
  34      E6
  35              		.text
  36              		.section	.gnu.lto_.pureconst.a80cc505,"",%progbits
  37 0000 789C6361 		.ascii	"x\234ca`d\340d```a\220b\224b\222b\226\002\000\002\261"
  37      6064E064 
  37      60606061 
  37      90629462 
  37      92629602 
  38 0017 0081     		.ascii	"\000\201"
  39              		.text
  40              		.section	.gnu.lto_edit_Write.a80cc505,"",%progbits
  41 0000 789C5551 		.ascii	"x\234UQ=k\024Q\024\275\347\275\231\331\350\372\361\003"
  41      3D6B1451 
  41      14BDE7BD 
  41      99D9E8FA 
  41      F103
  42 0012 5C241661 		.ascii	"\\$\026a\211\205(\342\037\320\302V\222vA\226\315\024"
  42      898528E2 
  42      1FD0C256 
  42      92764196 
  42      CD14
  43 0024 0B6A2099 		.ascii	"\013j \231\330\346M&\273\001\253\200dS\305\205\204\220"
  43      D8E64D26 
  43      BB01AB80 
  43      6453C585 
  43      8490
  44 0036 F8959808 		.ascii	"\370\225\230\010\202`1\016\244\325&\250\210hH1B\260"
  44      8260310E 
  44      A4D526A8 
  44      88684831 
  44      42B0
  45 0048 98804B16 		.ascii	"\230\200K\026\243\256\367\276Ia.\274\217\271s\316\271"
  45      A3AEF7BE 
  45      49612EBC 
  45      8FB973CE 
  45      B9
  46 0059 E7DEE710 		.ascii	"\347\336\347\020H\342\242\"\272\302\3479^\320\0045\373"
  46      48E2A222 
  46      BAC2E739 
  46      5ED00435 
  46      FB
  47 006a 8E28EC53 		.ascii	"\216(\354S\200\\L\037hRa\022\035\365G!\231I_\253\301"
  47      805C4C1F 
  47      68526112 
  47      1DF54721 
  47      99495FAB 
  48 007f 15C3B1B3 		.ascii	"\025\303\261\263\374H\233\325\030\015M\324SV\211\260"
  48      FC489BD5 
  48      180D4DD4 
  48      535689B0 
ARM GAS  C:\Users\JEFFSN~1\AppData\Local\Temp\ccpBBL5V.s 			page 3


  49 008f 8241467D 		.ascii	"\202AF}\1773\263\015}\001\304\367f\322\311\212\345e"
  49      7F33B30D 
  49      7D01C4F7 
  49      66D2C98A 
  49      E565
  50 00a1 63A68CF9 		.ascii	"c\246\214\371V1\272\241\201Uhf\340j\011\227K\304\011"
  50      5631BAA1 
  50      81556866 
  50      E06A0997 
  50      4BC409
  51 00b4 C2639405 		.ascii	"\302c\224\005\334\375\274\275vF\227-q\326\244\213\247"
  51      DCFDBCBD 
  51      7646972D 
  51      71D6A48B 
  51      A7
  52 00c5 06968418 		.ascii	"\006\226\204\030\037\334\2357q\330/\334'\377s%\030\272"
  52      1FDC9D37 
  52      71D82FDC 
  52      27FF7325 
  52      18BA
  53 00d7 BBF177EE 		.ascii	"\273\361w\356\2647-\256\372\361\024\003\271\037<\203"
  53      B4372DAE 
  53      FAF11403 
  53      B91F3C83 
  54 00e7 C71D4232 		.ascii	"\307\035B2\353C\261\351\365\"\023w\334\216>\241\270"
  54      EB43B1E9 
  54      F5221377 
  54      DC8E3EA1 
  54      B8
  55 00f8 A8E24EF9 		.ascii	"\250\342N\371\207\003\251\355J\302\223\255 \033Q\306"
  55      8703A9ED 
  55      4AC293AD 
  55      201B51C6 
  56 0108 4BBADF57 		.ascii	"K\272\337WJN\235\"\371\365\340\353|A4#-\223h5\222\367"
  56      4A4E9D22 
  56      F9F5E0EB 
  56      7C413423 
  56      2D936835 
  57 011e 859FAAA1 		.ascii	"\205\237\252\241\265u\373)jw\213\371g\266\024\032\207"
  57      B575FB29 
  57      6A778BF9 
  57      67B6141A 
  57      87
  58 012f 530F5FCD 		.ascii	"S\017_\315\3559m,\204\323<#\007k(\3419\3303\326\321"
  58      ED396D2C 
  58      84D33C23 
  58      076B28E1 
  58      39D833D6 
  59 0144 06A5887E 		.ascii	"\006\245\210~7\277 \027\324\271\346\207\205\255\226"
  59      37BF2017 
  59      D4B9E687 
  59      85AD96
  60 0153 15010E81 		.ascii	"\025\001\016\201\027\014\336\205\262m\260SF\011)k\246"
  60      170CDE85 
  60      B26DB053 
  60      4609296B 
  60      A6
ARM GAS  C:\Users\JEFFSN~1\AppData\Local\Temp\ccpBBL5V.s 			page 4


  61 0164 1F8F6CB8 		.ascii	"\037\217l\270\221\226:[\275\203\370\254\260\\\006o0"
  61      91963A5B 
  61      BD83F8AC 
  61      B05C066F 
  61      30
  62 0175 C94AFF38 		.ascii	"\311J\3778\222\026\034\203\336\356l\356[i\007\0166s"
  62      92161C83 
  62      DEEE6CEE 
  62      5B69070E 
  62      3673
  63 0187 50D7CB21 		.ascii	"P\327\313!\005k\300\343T\322\262\254c\346Cc\212\307"
  63      056BC0E3 
  63      54D2B2AC 
  63      63E64363 
  63      8AC7
  64 0199 FDBF64FF 		.ascii	"\375\277d\377\314\242=L\305\207\256\020\354Cd\0122+"
  64      CCA23D4C 
  64      C587AE10 
  64      EC43640A 
  64      322B
  65 01ab 9EDCF99B 		.ascii	"\236\334\371\233\376=\177\254\032\370#\267\207G'\306"
  65      FE3D7FAC 
  65      1AF823B7 
  65      874727C6 
  66 01bb 6A7EE5D6 		.ascii	"j~\345\326\360\350\215k\025\177\244\036\\\252\221{\277"
  66      F0E88D6B 
  66      157FA41E 
  66      5CAA917B 
  66      BF
  67 01cc 7A67C23F 		.ascii	"zg\302?9\036T\203z\355z=\030\377\007%e\302\353"
  67      391E5483 
  67      7AED7A3D 
  67      18FF0725 
  67      65C2EB
  68              		.text
  69              		.section	.gnu.lto_edit_SetDriveMode.a80cc505,"",%progbits
  70 0000 789C7D51 		.ascii	"x\234}QMk\023Q\024\275\347\275\311\314\244\301\374\001"
  70      4D6B1351 
  70      14BDE7BD 
  70      C9CCA4C1 
  70      FC01
  71 0012 07D18584 		.ascii	"\007\321\205\204nJ@\374\005\202n\305n\003E\222Y\270"
  71      6E4A40FC 
  71      05826EC5 
  71      6E034592 
  71      59B8
  72 0024 B0C112D7 		.ascii	"\260\301\022\327y\311d(\230\215 v\241H\273hI\264\325"
  72      79C96428 
  72      988D2076 
  72      A148BB68 
  72      49B4D5
  73 0037 28AE5C25 		.ascii	"(\256\\%\015(\270\211\273.\272\020\2610\024\301\222"
  73      0D28B889 
  73      BB2EBA10 
  73      B13014C1 
  73      92
  74 0048 D4164B34 		.ascii	"\324\026K4\306{g\\d\345c\336\3758\234s\270\367\215E"
ARM GAS  C:\Users\JEFFSN~1\AppData\Local\Temp\ccpBBL5V.s 			page 5


  74      C67B675C 
  74      64E563DE 
  74      FD389C73 
  74      B8F78D45 
  75 005c 2039879C 		.ascii	" 9\207\234.s>\317\027\232\240\036\016\210j\256\002\244"
  75      2E733ECF 
  75      179AA01E 
  75      0E886AAE 
  75      02A4
  76 006e 302EA8AA 		.ascii	"0.\250\252P\305\251\232(\364W\243wj\276e\370|y\177\224"
  76      50C5A99A 
  76      28F457A3 
  76      776ABE65 
  76      F87C797F 
  77 0083 37ED1E42 		.ascii	"7\355\036BM4U\261\023\241\205yf\375x\273\365(\243/\201"
  77      4D3455B1 
  77      13A18579 
  77      66FD78BB 
  77      F528A32F 
  78 0098 B81E0D86 		.ascii	"\270\036\015\206\237\263\271-c\352\306L\012F\207\032"
  78      9FB3B92D 
  78      63EAC64C 
  78      0A46871A 
  79 00a8 6843B302 		.ascii	"hC\263\002W<\344=b\200\360\0349!\177}\363\347\3619\273"
  79      573CE43D 
  79      6280F01C 
  79      39217F7D 
  79      F3E7F139 
  80 00bd 21F61713 		.ascii	"!\366\027\023S\274\200-cvn\365\314t\032\230\336O{wl"
  80      53BC802D 
  80      63766EF5 
  80      CC741A98 
  80      DE4F7B77 
  81 00d2 6714CB94 		.ascii	"g\024\313\224\346\240-\011)\210\203-\245#\301\225\220"
  81      E6A02D09 
  81      2988832D 
  81      A523C195 
  81      90
  82 00e3 160ED190 		.ascii	"\026\016\321\220\257,2RJ\262\216\320\037?\210\236Z\342"
  82      AF2C3252 
  82      4AB28ED0 
  82      1F3F889E 
  82      5AE2
  83 00f5 1C68596A 		.ascii	"\034hYj-\354\177rNT\250\255x\342\301f\367\343\\\322"
  83      2DEC7F72 
  83      4E54A8AD 
  83      78E2C166 
  83      F7E35CD2 
  84 0109 8E376AC6 		.ascii	"\2167j\306b\250\373\244y\340\254\343Y\255\301\353\246"
  84      62A8FBA4 
  84      79E0ACE3 
  84      59ADC1EB 
  84      A6
  85 011a B0030FDB 		.ascii	"\260\003\017\333\360x\272\227X\007E\250\037;\211\235"
  85      F078BA97 
  85      580745A8 
  85      1F3B899D 
ARM GAS  C:\Users\JEFFSN~1\AppData\Local\Temp\ccpBBL5V.s 			page 6


  86 012a 6647EE83 		.ascii	"fG\356\203\337v\322[\014\261~\377Cs\222\026K\215{x\305"
  86      DF76D25B 
  86      0CB17EFF 
  86      43739216 
  86      4B8D7B78 
  87 013f CA19097F 		.ascii	"\312\031\011\177\251Y\211\303\020K\276\357m\357\350"
  87      A95989C3 
  87      104BBEEF 
  87      6DEFE8
  88 014e 44924527 		.ascii	"D\222E'\226\004g\377(nl\354\314\272\244\031\345\276"
  88      960467FF 
  88      286E6CEC 
  88      CCBAA419 
  88      E5BE
  89 0160 BF06E9FF 		.ascii	"\277\006\351\3777\362k\036\231\371\364\015\365\336\257"
  89      37F26B1E 
  89      99F9F40D 
  89      F5DEAF
  90 016f EBC28E7F 		.ascii	"\353\302\216\177\335PA\236\207\037\353\302\015\177\331"
  90      DD50419E 
  90      871FEBC2 
  90      0D7FD9
  91 017e 5FB95DF1 		.ascii	"_\271]\361KK\213\345\373+E\277ps\261|\355j\301/\335"
  91      4B4B8BE5 
  91      FB2B45BF 
  91      7073B17C 
  91      ED6AC12F 
  92 0193 A92C14C9 		.ascii	"\251,\024\311\272[.\371\177\001\301\205\245\200"
  92      BA5B2EF9 
  92      7F01C185 
  92      A580
  93              		.text
  94              		.section	.gnu.lto_edit_Read.a80cc505,"",%progbits
  95 0000 789C354F 		.ascii	"x\2345O\315K\002Q\020\237\337{\353\256\004\321\037\220"
  95      CD4B0251 
  95      109FDF7B 
  95      EBAE04D1 
  95      1F90
  96 0012 84572F11 		.ascii	"\204W/\021D\020]\203\272F\322M\210\320%\272$\210\235"
  96      44105D83 
  96      BA46D24D 
  96      88D025BA 
  96      24889D
  97 0025 DD75DD82 		.ascii	"\335u\335\202(\360b]*\017!\332\027\325\177\260\011A"
  97      28F0625D 
  97      2A0F21DA 
  97      17D57FB0 
  97      0941
  98 0037 10144141 		.ascii	"\020\024AA\247\210\010\203\350\220R\010bm\363\332\032"
  98      A7880883 
  98      E8905208 
  98      626DF3DA 
  98      1A
  99 0048 7833EFCD 		.ascii	"x3\357\315\373}\314h\004R1\303%\312\265\237\017$A\024"
  99      FB7DCC68 
  99      045231C3 
  99      25CAB59F 
ARM GAS  C:\Users\JEFFSN~1\AppData\Local\Temp\ccpBBL5V.s 			page 7


  99      0F244114 
 100 005c AF88ECB0 		.ascii	"\257\210\354\260\000\324\305\012\203r\0029|\212/\201"
 100      00D4C50A 
 100      83720239 
 100      7C8A2F81 
 101 006c CBF6C55A 		.ascii	"\313\366\305ZO\254jYy\353\261\322\031\335\254yp%\221"
 101      4FAC6A59 
 101      79EBB1D2 
 101      19DDAC79 
 101      702591
 102 007f 2F08C311 		.ascii	"/\010\303\021\014E\224D\0251b\350\323\351w\251W/X\034"
 102      0C459444 
 102      153162E8 
 102      D3E977A9 
 102      572F581C 
 103 0093 5105E09F 		.ascii	"Q\005\340\237\032tey<\355Y\276\357X\336\235qvo\030 "
 103      1A746579 
 103      3CED59BE 
 103      EF58DE9D 
 103      71766F18 
 104 00a8 57B22F27 		.ascii	"W\262/'\215\223\010\251\244\223\222\245w\246\251!\232"
 104      8D9308A9 
 104      A49392A5 
 104      77A6A921 
 104      9A
 105 00b9 42A82A1B 		.ascii	"B\250*\033\250wV\037v\306\224\222#%\273l\270\365k\343"
 105      A877561F 
 105      76C69492 
 105      2325BB6C 
 105      B8F56BE3 
 106 00cd 43B85242 		.ascii	"C\270RB\231v\327K/\010\236\315]\333\322\270U)\332\363"
 106      9976D74B 
 106      2F089ECD 
 106      5DDBD2B8 
 106      5529DAF3 
 107 00e1 656CDB05 		.ascii	"el\333\005\236T\303>\"\330\003\317\211\003\224A\015"
 107      9E54C33E 
 107      22D803CF 
 107      89039441 
 107      0D
 108 00f2 38DD0972 		.ascii	"8\335\011r$\002\265\233\302\311\226Tt@\303!\303\032"
 108      2402B59B 
 108      C2C99654 
 108      7440C321 
 108      C31A
 109 0104 C8B756DE 		.ascii	"\310\267V\336D\340\2471N1Z\313\267Z\320\011q\223i\347"
 109      44E0A731 
 109      4E315ACB 
 109      B75AD009 
 109      719369E7 
 110 0118 7EDBEB53 		.ascii	"~\333\353S4\001\201\243\177\3323\002\220\302\321+\376"
 110      340181A3 
 110      7FDA3302 
 110      90C2D12B 
 110      FE
 111 0129 4474FADD 		.ascii	"Dt\372\335\013j\037\336n`\322\\43sY35\033O/e\222fb*"
 111      0B6A1FDE 
ARM GAS  C:\Users\JEFFSN~1\AppData\Local\Temp\ccpBBL5V.s 			page 8


 111      6E60D25C 
 111      34337359 
 111      33351B4F 
 112 0143 9E1E1F49 		.ascii	"\236\036\037I\230\251\205\354`\222~\000|\243zU"
 112      98A985EC 
 112      60927E00 
 112      7CA37A55 
 113              		.text
 114              		.section	.gnu.lto_edit_ReadDataReg.a80cc505,"",%progbits
 115 0000 789C354F 		.ascii	"x\2345O;K\003A\020\236ows\011\021\361\007\030$m\032"
 115      3B4B0341 
 115      109E6F77 
 115      730911F1 
 115      0718246D 
 116 0015 11C4425B 		.ascii	"\021\304B[A[1`\025\020I\256\2601\020b\235K.\247 \026"
 116      415B3160 
 116      151049AE 
 116      B0311062 
 116      9D4B2EA7 
 117 002b 82441B25 		.ascii	"\202D\033%\205H\022\037\250\215\235p\006\004A\360\001"
 117      8548121F 
 117      A88D9D70 
 117      060441F0 
 117      01
 118 003c 16962292 		.ascii	"\026\226\"\222\"X\304\240DDs\316z:\2603\273\263\337"
 118      2258C4A0 
 118      444473CE 
 118      7A3AB033 
 118      BBB3DF
 119 004f 63461148 		.ascii	"cF\021H\307\014\227(\327~>\220\004\261vM\224\017\011"
 119      C70C9728 
 119      D77E3E90 
 119      04B1764D 
 119      940F09
 120 0062 405FAC10 		.ascii	"@_\254\020('\220\303\273\370\026\270\352\\\256\206c"
 120      282790C3 
 120      BBF816B8 
 120      EA5CAE86 
 120      63
 121 0073 15CB2A58 		.ascii	"\025\313*X\217\273\225\321\315\252\013G\022y\2020\034"
 121      8FBB95D1 
 121      CDAA0B47 
 121      12798230 
 121      1C
 122 0084 C150444B 		.ascii	"\301PDKT\020#\206>\235tK\275F\321\342\210j\000\377T"
 122      54102386 
 122      3E9D744B 
 122      BD46D1E2 
 122      886A00FF 
 123 0099 6168CBA3 		.ascii	"ah\313\243i\327\362<\333r\317\302\347\267\341 \310\221"
 123      69D7F23C 
 123      DB72CFC2 
 123      E7B7E120 
 123      C891
 124 00ab ECCB4971 		.ascii	"\354\313Iq\022\001\235\014\322\262\324b\232\036\342"
 124      12019D0C 
 124      D2B2D462 
ARM GAS  C:\Users\JEFFSN~1\AppData\Local\Temp\ccpBBL5V.s 			page 9


 124      9A1EE2
 125 00ba 55085D65 		.ascii	"U\010]e\003\365\317\225nmL+\331R\262\313\206S\277\011"
 125      03F5CF95 
 125      6E6D4C2B 
 125      D952B2CB 
 125      8653BF09 
 126 00ce BE09474A 		.ascii	"\276\011GJh\323\007\273\374\321\343?[;yKqk\375\264\324"
 126      68D307BB 
 126      FCD1E33F 
 126      5B3B794B 
 126      716BFDB4 
 127 00e3 54656CE7 		.ascii	"Tel\347\213<\252\302\036\"\250\201\007\305>\312\240"
 127      8B3CAAC2 
 127      1E22A881 
 127      07C53ECA 
 127      A0
 128 00f4 06ECAF09 		.ascii	"\006\354\257\011\262%|\271\273\342\361\226\324|@\341"
 128      B2257CB9 
 128      BBE2F196 
 128      D47C40E1 
 129 0104 80610D14 		.ascii	"\200a\015\024\332\313/\3027T\214\323\214\366\322\275"
 129      DACB2FC2 
 129      37548CD3 
 129      8CF6D2BD 
 130 0114 F23B016E 		.ascii	"\362;\001n2\355\302\353\270}\232& p\370O{\206\017\322"
 130      32EDC2EB 
 130      B87D9A26 
 130      2070F84F 
 130      7B860FD2 
 131 0128 386AE24F 		.ascii	"8j\342O\304\240\337\305\240\027\342\365\006&\315\005"
 131      C4A0DFC5 
 131      A017E2F5 
 131      0626CD05 
 132 0138 33339735 		.ascii	"33\2275S\263\361\364b&i&\246\342\351\361\221\204\231"
 132      53B3F1F4 
 132      62266926 
 132      A6E2E9F1 
 132      918499
 133 014b 9ACF0E26 		.ascii	"\232\317\016&\351\007\322\001z\272"
 133      E907D201 
 133      7ABA
 134              		.text
 135              		.section	.gnu.lto_.symbol_nodes.a80cc505,"",%progbits
 136 0000 789C6361 		.ascii	"x\234ca`dpc\000\002&\206z\006\206\011\347\030@\324\256"
 136      60647063 
 136      00022686 
 136      7A068609 
 136      E71840D4 
 137 0015 0645A000 		.ascii	"\006E\240\000c=#\252\000S=\023\252\000s=3\212\000\003"
 137      633D23AA 
 137      00533D13 
 137      AA00733D 
 137      338A0003 
 138 0029 0026B60F 		.ascii	"\000&\266\017<"
 138      3C
 139              		.text
 140              		.section	.gnu.lto_.refs.a80cc505,"",%progbits
ARM GAS  C:\Users\JEFFSN~1\AppData\Local\Temp\ccpBBL5V.s 			page 10


 141 0000 789C6361 		.ascii	"x\234ca`\004B \000\000\0009\000\007"
 141      60044220 
 141      00000039 
 141      0007
 142              		.text
 143              		.section	.gnu.lto_.decls.a80cc505,"",%progbits
 144 0000 789C8D53 		.ascii	"x\234\215S]H\024Q\024\276gfv\325\3116\223\020\037\266"
 144      5D481451 
 144      14BE6766 
 144      76D5C936 
 144      93101FB6 
 145 0014 309F7C5A 		.ascii	"0\237|Z\022\011|\351\007\224|*C\321^\014Y\335\301\366"
 145      12097CE9 
 145      07947C2A 
 145      43D15E0C 
 145      59DDC1F6 
 146 0028 45635D03 		.ascii	"Ec]\003\337njT\012\245\220\225&h=\224\346\266k\271k"
 146      DF6E6A54 
 146      0AA59095 
 146      26683D94 
 146      E6B66BB9 
 147 003d EEA6F943 		.ascii	"\356\246\371C\177\210\202bXa?\302*$\031l\344\213\017"
 147      7F888262 
 147      58613FC2 
 147      2A24196C 
 147      E48B0F
 148 0050 DB76EE9D 		.ascii	"\333v\356\235\031g\261\015<\314\231=\347\336\363}\347"
 148      1967B10D 
 148      3CCC993D 
 148      E7DEF37D 
 148      E7
 149 0061 BB67EE4A 		.ascii	"\273g\356J\004\010\263c\022!7\360\327\212i\014\315\204"
 149      0408B363 
 149      122137F0 
 149      D78A690C 
 149      CD84
 150 0073 7139310C 		.ascii	"q91\014\267\3110z\000}\024=D\3765\266o\326p^\306\205"
 150      B7C9307A 
 150      007D143D 
 150      44FE35B6 
 150      6FD6705E 
 151 0089 3E813E8E 		.ascii	">\201>\216^\254\325\200V\267\323\002\011\260\323qx\035"
 151      5EACD580 
 151      56B7D302 
 151      09B0D371 
 151      781D
 152 009b 1B488065 		.ascii	"\033H\200ezLq\270\342\004\270\321\004\270\320.p\211"
 152      7A4C71B8 
 152      E204B8D1 
 152      04B8D02E 
 152      7089
 153 00ad CE191520 		.ascii	"\316\031\025 \326\353\277\231\274\014\237@$\332\000"
 153      D6EBBF99 
 153      BC0C9F40 
 153      24DA00
 154 00bc 0980FA06 		.ascii	"\011\200\372\006\356Du\236b \0205\320\227\266\215h%"
 154      EE44759E 
ARM GAS  C:\Users\JEFFSN~1\AppData\Local\Temp\ccpBBL5V.s 			page 11


 154      62201035 
 154      D097B68D 
 154      6825
 155 00ce 821E1A64 		.ascii	"\202\036\032d\374\321\360\020\323\215\223\030\354\240"
 155      FCD1F010 
 155      D38D9318 
 155      ECA0
 156 00dc 81D45CD7 		.ascii	"\201\324\\\327\255\201@0\032\200\232\352\2108\276\035"
 156      AD814030 
 156      1A809AEA 
 156      8838BE1D 
 157 00ec 8A74CD7A 		.ascii	"\212t\315z\033\"\350\207~?\033\371 \210\002\260\370"
 157      1B22E887 
 157      7E3F1BF9 
 157      208802B0 
 157      F8
 158 00fd DB56FF29 		.ascii	"\333V\377)\233\207\242\265S*\0344&\343\273\262:\220"
 158      9B87A2B5 
 158      532A1C34 
 158      26E3BBB2 
 158      3A90
 159 010f BC298055 		.ascii	"\274)\200U\206\030\260|#\270\265W\315\331vWG\370\317"
 159      8618B07C 
 159      23B8B557 
 159      CDD97657 
 159      47F8CF
 160 0122 1E3183C5 		.ascii	"\0361\203\305\302bxp]\202\034\371!\243Y\331Z=\036\244"
 160      C2627870 
 160      5D821CF9 
 160      21A359D9 
 160      5A3D1EA4 
 161 0136 340DBC20 		.ascii	"4\015\274 \203\007D\030\000\033\323`\225\361}\215\322"
 161      83074418 
 161      001BD360 
 161      95F17D8D 
 161      D2
 162 0147 261A7940 		.ascii	"&\032y@\315\231\004\362\254p\304J\340\011\3440NV\005"
 162      CD9904F2 
 162      AC70C44A 
 162      E009E430 
 162      4E5605
 163 015a 836085C7 		.ascii	"\203`\205\307`e\374kwz\177\230%\224\314y\252$\266\266"
 163      6065FC6B 
 163      777A7F98 
 163      2594CC79 
 163      AA24B6B6 
 164 016e D032D423 		.ascii	"\3202\324#\242\204t\031$L\177\315u\207-\230\036\220"
 164      A2847419 
 164      244C7FCD 
 164      75872D98 
 164      1E90
 165 0180 210B534F 		.ascii	"!\013SO\350\363\2069\3636?J3\315\222\240<\003\236\""
 165      E8F38639 
 165      F3363F4A 
 165      33CD92A0 
 165      3C039E22 
 166 0194 E1101212 		.ascii	"\341\020\022\022x\006\231\370\366\201\244\236n\274\303"
ARM GAS  C:\Users\JEFFSN~1\AppData\Local\Temp\ccpBBL5V.s 			page 12


 166      780699F8 
 166      F681A49E 
 166      6EBCC3
 167 01a3 DB64CAEE 		.ascii	"\333d\312\356\243}Ct%\272\226\327E'[\020'\2602\3507"
 167      A37D4374 
 167      25BA96D7 
 167      45275B10 
 167      27B032E8 
 168 01b8 44F7B37B 		.ascii	"D\367\263{A\340\021,\343\014\207!\033\221W?~\231J\021"
 168      41E0112C 
 168      E30C8721 
 168      1B91573F 
 168      7E994A11 
 169 01cc CFF3218C 		.ascii	"\317\363!\214\214\255\004\223U\226\311\3157\251\264"
 169      8CAD0493 
 169      5596C9CD 
 169      37A9B4
 170 01db FD32A527 		.ascii	"\3752\245'9\207\337\340\360\307s\0048\307-\357L\233"
 170      3987DFE0 
 170      F0C77304 
 170      38C72DEF 
 170      4C9B
 171 01ed 45ACE31C 		.ascii	"E\254\343\034\363m\257\233\367\305\313f\3475t?\347\272"
 171      F36DAF9B 
 171      F7C5CB66 
 171      E735743F 
 171      E7BA
 172 01ff AB34D98B 		.ascii	"\2534\331\213\013S>Qk\270\370V\334\226\215U0b\264\034"
 172      0B533E51 
 172      6BB8F856 
 172      DC968D55 
 172      3062B41C 
 173 0213 896F39CA 		.ascii	"\211o9\312[\276\212\206\353\305F\336qv\362\373W\213"
 173      5BBE8A86 
 173      EBC546DE 
 173      7176F2FB 
 173      578B
 174 0225 46129AD1 		.ascii	"F\022\232\321U3\212\240A\021\214\247\010q\212\315\226"
 174      55338AA0 
 174      41118CA7 
 174      08718ACD 
 174      96
 175 0236 DF4B6619 		.ascii	"\337Kf\031?a\363\356>\341\334\372\375X\222\330\012\374"
 175      3F61F3EE 
 175      3EE1DCFA 
 175      FD5892D8 
 175      0AFC
 176 0248 8E0C7776 		.ascii	"\216\014wvu&\201\234\223\000\3762\001\\\273J\236\262"
 176      7526819C 
 176      9300FE32 
 176      015CBB4A 
 176      9EB2
 177 025a 8EEBEC7C 		.ascii	"\216\353\354|\3438\2231C\334\013\220\325y\370\347\177"
 177      E3389331 
 177      43DC0B90 
 177      D579F8E7 
 177      7F
ARM GAS  C:\Users\JEFFSN~1\AppData\Local\Temp\ccpBBL5V.s 			page 13


 178 026b FA4CA9AD 		.ascii	"\372L\251\255\354V\341\360\322\337Yx\2451\275\011H\345"
 178      EC56E1F0 
 178      D2DF5978 
 178      A531BD09 
 178      48E5
 179 027d 7F00FC8D 		.ascii	"\177\000\374\215\012\342\330\322\275\036\021\367\330"
 179      0AE2D8D2 
 179      BD1E11F7 
 179      D8
 180 028a 23775394 		.ascii	"#wS\224B\027\000\246\221\214'\221\023<f\3134\322D\315"
 180      421700A6 
 180      918C2791 
 180      133C66CB 
 180      34D244CD 
 181 029e 772DBA44 		.ascii	"w-\272D\3027\010L\"r\012\211y*+\016\247\273\362\234"
 181      C237084C 
 181      22720A89 
 181      792A2B0E 
 181      A7BBF29C 
 182 02b2 CBE95692 		.ascii	"\313\351V\222\213\316\224e\025\344\346\022S\203\263"
 182      8BCE9465 
 182      15E4E612 
 182      5383B3
 183 02c1 D69D7FB8 		.ascii	"\326\235\177\270H\251U\\v\267\342\250,\255kpU+\025g"
 183      48A9555C 
 183      76B7E2A8 
 183      2CAD6B70 
 183      552B1567 
 184 02d5 4BEB0A8E 		.ascii	"K\353\012\216VT7\272\033/*\365\266\013\344\320\177*"
 184      565437BA 
 184      1B2F2AF5 
 184      B60BE4D0 
 184      7F2A
 185 02e7 18A5AD9A 		.ascii	"\030\245\255\232\354\347\324\245\212\273\320\345\274"
 185      ECE7D4A5 
 185      8ABBD0E5 
 185      BC
 186 02f4 A49CAE73 		.ascii	"\244\234\256s()|\245D\261;\322\266\243B\273\333^\242"
 186      28297CA5 
 186      44B13BD2 
 186      B6A342BB 
 186      DB5EA2
 187 0307 D4482EA5 		.ascii	"\324H.\245&\377/L\234a\033"
 187      26FF2F4C 
 187      9C611B
 188              		.text
 189              		.section	.gnu.lto_.symtab.a80cc505,"",%progbits
 190 0000 65646974 		.ascii	"edit_Write\000"
 190      5F577269 
 190      746500
 191 000b 00       		.ascii	"\000"
 192 000c 00       		.ascii	"\000"
 193 000d 00       		.ascii	"\000"
 194 000e 00000000 		.ascii	"\000\000\000\000\000\000\000\000"
 194      00000000 
 195 0016 B3000000 		.ascii	"\263\000\000\000"
 196 001a 65646974 		.ascii	"edit_SetDriveMode\000"
ARM GAS  C:\Users\JEFFSN~1\AppData\Local\Temp\ccpBBL5V.s 			page 14


 196      5F536574 
 196      44726976 
 196      654D6F64 
 196      6500
 197 002c 00       		.ascii	"\000"
 198 002d 00       		.ascii	"\000"
 199 002e 00       		.ascii	"\000"
 200 002f 00000000 		.ascii	"\000\000\000\000\000\000\000\000"
 200      00000000 
 201 0037 B5000000 		.ascii	"\265\000\000\000"
 202 003b 65646974 		.ascii	"edit_Read\000"
 202      5F526561 
 202      6400
 203 0045 00       		.ascii	"\000"
 204 0046 00       		.ascii	"\000"
 205 0047 00       		.ascii	"\000"
 206 0048 00000000 		.ascii	"\000\000\000\000\000\000\000\000"
 206      00000000 
 207 0050 B8000000 		.ascii	"\270\000\000\000"
 208 0054 65646974 		.ascii	"edit_ReadDataReg\000"
 208      5F526561 
 208      64446174 
 208      61526567 
 208      00
 209 0065 00       		.ascii	"\000"
 210 0066 00       		.ascii	"\000"
 211 0067 00       		.ascii	"\000"
 212 0068 00000000 		.ascii	"\000\000\000\000\000\000\000\000"
 212      00000000 
 213 0070 BA000000 		.ascii	"\272\000\000\000"
 214              		.text
 215              		.section	.gnu.lto_.opts,"",%progbits
 216 0000 272D666D 		.ascii	"'-fmath-errno' '-fsigned-zeros' '-ftrapping-math' '"
 216      6174682D 
 216      6572726E 
 216      6F272027 
 216      2D667369 
 217 0033 2D666E6F 		.ascii	"-fno-trapv' '-fno-openmp' '-fno-openacc' '-mcpu=cor"
 217      2D747261 
 217      70762720 
 217      272D666E 
 217      6F2D6F70 
 218 0066 7465782D 		.ascii	"tex-m3' '-mthumb' '-g' '-O3' '-ffunction-sections' "
 218      6D332720 
 218      272D6D74 
 218      68756D62 
 218      2720272D 
 219 0099 272D6666 		.ascii	"'-ffat-lto-objects' '-finline-functions' '-flto'\000"
 219      61742D6C 
 219      746F2D6F 
 219      626A6563 
 219      74732720 
 220              		.text
 221              		.cfi_sections	.debug_frame
 222              		.section	.text.edit_Write,"ax",%progbits
 223              		.align	2
 224              		.global	edit_Write
ARM GAS  C:\Users\JEFFSN~1\AppData\Local\Temp\ccpBBL5V.s 			page 15


 225              		.thumb
 226              		.thumb_func
 227              		.type	edit_Write, %function
 228              	edit_Write:
 229              	.LFB0:
 230              		.file 1 "Generated_Source\\PSoC5\\edit.c"
   1:Generated_Source\PSoC5/edit.c **** /*******************************************************************************
   2:Generated_Source\PSoC5/edit.c **** * File Name: edit.c  
   3:Generated_Source\PSoC5/edit.c **** * Version 2.20
   4:Generated_Source\PSoC5/edit.c **** *
   5:Generated_Source\PSoC5/edit.c **** * Description:
   6:Generated_Source\PSoC5/edit.c **** *  This file contains API to enable firmware control of a Pins component.
   7:Generated_Source\PSoC5/edit.c **** *
   8:Generated_Source\PSoC5/edit.c **** * Note:
   9:Generated_Source\PSoC5/edit.c **** *
  10:Generated_Source\PSoC5/edit.c **** ********************************************************************************
  11:Generated_Source\PSoC5/edit.c **** * Copyright 2008-2015, Cypress Semiconductor Corporation.  All rights reserved.
  12:Generated_Source\PSoC5/edit.c **** * You may use this file only in accordance with the license, terms, conditions, 
  13:Generated_Source\PSoC5/edit.c **** * disclaimers, and limitations in the end user license agreement accompanying 
  14:Generated_Source\PSoC5/edit.c **** * the software package with which this file was provided.
  15:Generated_Source\PSoC5/edit.c **** *******************************************************************************/
  16:Generated_Source\PSoC5/edit.c **** 
  17:Generated_Source\PSoC5/edit.c **** #include "cytypes.h"
  18:Generated_Source\PSoC5/edit.c **** #include "edit.h"
  19:Generated_Source\PSoC5/edit.c **** 
  20:Generated_Source\PSoC5/edit.c **** /* APIs are not generated for P15[7:6] on PSoC 5 */
  21:Generated_Source\PSoC5/edit.c **** #if !(CY_PSOC5A &&\
  22:Generated_Source\PSoC5/edit.c **** 	 edit__PORT == 15 && ((edit__MASK & 0xC0) != 0))
  23:Generated_Source\PSoC5/edit.c **** 
  24:Generated_Source\PSoC5/edit.c **** 
  25:Generated_Source\PSoC5/edit.c **** /*******************************************************************************
  26:Generated_Source\PSoC5/edit.c **** * Function Name: edit_Write
  27:Generated_Source\PSoC5/edit.c **** ****************************************************************************//**
  28:Generated_Source\PSoC5/edit.c **** *
  29:Generated_Source\PSoC5/edit.c **** * \brief Writes the value to the physical port (data output register), masking
  30:Generated_Source\PSoC5/edit.c **** *  and shifting the bits appropriately. 
  31:Generated_Source\PSoC5/edit.c **** *
  32:Generated_Source\PSoC5/edit.c **** * The data output register controls the signal applied to the physical pin in 
  33:Generated_Source\PSoC5/edit.c **** * conjunction with the drive mode parameter. This function avoids changing 
  34:Generated_Source\PSoC5/edit.c **** * other bits in the port by using the appropriate method (read-modify-write or
  35:Generated_Source\PSoC5/edit.c **** * bit banding).
  36:Generated_Source\PSoC5/edit.c **** *
  37:Generated_Source\PSoC5/edit.c **** * <b>Note</b> This function should not be used on a hardware digital output pin 
  38:Generated_Source\PSoC5/edit.c **** * as it is driven by the hardware signal attached to it.
  39:Generated_Source\PSoC5/edit.c **** *
  40:Generated_Source\PSoC5/edit.c **** * \param value
  41:Generated_Source\PSoC5/edit.c **** *  Value to write to the component instance.
  42:Generated_Source\PSoC5/edit.c **** *
  43:Generated_Source\PSoC5/edit.c **** * \return 
  44:Generated_Source\PSoC5/edit.c **** *  None 
  45:Generated_Source\PSoC5/edit.c **** *
  46:Generated_Source\PSoC5/edit.c **** * \sideeffect
  47:Generated_Source\PSoC5/edit.c **** *  If you use read-modify-write operations that are not atomic; the Interrupt 
  48:Generated_Source\PSoC5/edit.c **** *  Service Routines (ISR) can cause corruption of this function. An ISR that 
  49:Generated_Source\PSoC5/edit.c **** *  interrupts this function and performs writes to the Pins component data 
  50:Generated_Source\PSoC5/edit.c **** *  register can cause corrupted port data. To avoid this issue, you should 
  51:Generated_Source\PSoC5/edit.c **** *  either use the Per-Pin APIs (primary method) or disable interrupts around 
ARM GAS  C:\Users\JEFFSN~1\AppData\Local\Temp\ccpBBL5V.s 			page 16


  52:Generated_Source\PSoC5/edit.c **** *  this function.
  53:Generated_Source\PSoC5/edit.c **** *
  54:Generated_Source\PSoC5/edit.c **** * \funcusage
  55:Generated_Source\PSoC5/edit.c **** *  \snippet edit_SUT.c usage_edit_Write
  56:Generated_Source\PSoC5/edit.c **** *******************************************************************************/
  57:Generated_Source\PSoC5/edit.c **** void edit_Write(uint8 value)
  58:Generated_Source\PSoC5/edit.c **** {
 231              		.loc 1 58 0
 232              		.cfi_startproc
 233              		@ args = 0, pretend = 0, frame = 0
 234              		@ frame_needed = 0, uses_anonymous_args = 0
 235              		@ link register save eliminated.
 236              	.LVL0:
  59:Generated_Source\PSoC5/edit.c ****     uint8 staticBits = (edit_DR & (uint8)(~edit_MASK));
 237              		.loc 1 59 0
 238 0000 044A     		ldr	r2, .L2
  60:Generated_Source\PSoC5/edit.c ****     edit_DR = staticBits | ((uint8)(value << edit_SHIFT) & edit_MASK);
 239              		.loc 1 60 0
 240 0002 8000     		lsls	r0, r0, #2
 241              	.LVL1:
  59:Generated_Source\PSoC5/edit.c ****     uint8 staticBits = (edit_DR & (uint8)(~edit_MASK));
 242              		.loc 1 59 0
 243 0004 1378     		ldrb	r3, [r2]	@ zero_extendqisi2
 244              	.LVL2:
 245              		.loc 1 60 0
 246 0006 00F00400 		and	r0, r0, #4
 247 000a 03F0FB03 		and	r3, r3, #251
 248              	.LVL3:
 249 000e 1843     		orrs	r0, r0, r3
 250 0010 1070     		strb	r0, [r2]
 251 0012 7047     		bx	lr
 252              	.L3:
 253              		.align	2
 254              	.L2:
 255 0014 F0510040 		.word	1073762800
 256              		.cfi_endproc
 257              	.LFE0:
 258              		.size	edit_Write, .-edit_Write
 259              		.section	.text.edit_SetDriveMode,"ax",%progbits
 260              		.align	2
 261              		.global	edit_SetDriveMode
 262              		.thumb
 263              		.thumb_func
 264              		.type	edit_SetDriveMode, %function
 265              	edit_SetDriveMode:
 266              	.LFB1:
  61:Generated_Source\PSoC5/edit.c **** }
  62:Generated_Source\PSoC5/edit.c **** 
  63:Generated_Source\PSoC5/edit.c **** 
  64:Generated_Source\PSoC5/edit.c **** /*******************************************************************************
  65:Generated_Source\PSoC5/edit.c **** * Function Name: edit_SetDriveMode
  66:Generated_Source\PSoC5/edit.c **** ****************************************************************************//**
  67:Generated_Source\PSoC5/edit.c **** *
  68:Generated_Source\PSoC5/edit.c **** * \brief Sets the drive mode for each of the Pins component's pins.
  69:Generated_Source\PSoC5/edit.c **** * 
  70:Generated_Source\PSoC5/edit.c **** * <b>Note</b> This affects all pins in the Pins component instance. Use the
  71:Generated_Source\PSoC5/edit.c **** * Per-Pin APIs if you wish to control individual pin's drive modes.
ARM GAS  C:\Users\JEFFSN~1\AppData\Local\Temp\ccpBBL5V.s 			page 17


  72:Generated_Source\PSoC5/edit.c **** *
  73:Generated_Source\PSoC5/edit.c **** * \param mode
  74:Generated_Source\PSoC5/edit.c **** *  Mode for the selected signals. Valid options are documented in 
  75:Generated_Source\PSoC5/edit.c **** *  \ref driveMode.
  76:Generated_Source\PSoC5/edit.c **** *
  77:Generated_Source\PSoC5/edit.c **** * \return
  78:Generated_Source\PSoC5/edit.c **** *  None
  79:Generated_Source\PSoC5/edit.c **** *
  80:Generated_Source\PSoC5/edit.c **** * \sideeffect
  81:Generated_Source\PSoC5/edit.c **** *  If you use read-modify-write operations that are not atomic, the ISR can
  82:Generated_Source\PSoC5/edit.c **** *  cause corruption of this function. An ISR that interrupts this function 
  83:Generated_Source\PSoC5/edit.c **** *  and performs writes to the Pins component Drive Mode registers can cause 
  84:Generated_Source\PSoC5/edit.c **** *  corrupted port data. To avoid this issue, you should either use the Per-Pin
  85:Generated_Source\PSoC5/edit.c **** *  APIs (primary method) or disable interrupts around this function.
  86:Generated_Source\PSoC5/edit.c **** *
  87:Generated_Source\PSoC5/edit.c **** * \funcusage
  88:Generated_Source\PSoC5/edit.c **** *  \snippet edit_SUT.c usage_edit_SetDriveMode
  89:Generated_Source\PSoC5/edit.c **** *******************************************************************************/
  90:Generated_Source\PSoC5/edit.c **** void edit_SetDriveMode(uint8 mode)
  91:Generated_Source\PSoC5/edit.c **** {
 267              		.loc 1 91 0
 268              		.cfi_startproc
 269              		@ args = 0, pretend = 0, frame = 0
 270              		@ frame_needed = 0, uses_anonymous_args = 0
 271              		@ link register save eliminated.
 272              	.LVL4:
  92:Generated_Source\PSoC5/edit.c **** 	CyPins_SetPinDriveMode(edit_0, mode);
 273              		.loc 1 92 0
 274 0000 044A     		ldr	r2, .L5
 275 0002 00F00E00 		and	r0, r0, #14
 276              	.LVL5:
 277 0006 1378     		ldrb	r3, [r2]	@ zero_extendqisi2
 278 0008 03F0F103 		and	r3, r3, #241
 279 000c 1843     		orrs	r0, r0, r3
 280 000e 1070     		strb	r0, [r2]
 281 0010 7047     		bx	lr
 282              	.L6:
 283 0012 00BF     		.align	2
 284              	.L5:
 285 0014 7A500040 		.word	1073762426
 286              		.cfi_endproc
 287              	.LFE1:
 288              		.size	edit_SetDriveMode, .-edit_SetDriveMode
 289              		.section	.text.edit_Read,"ax",%progbits
 290              		.align	2
 291              		.global	edit_Read
 292              		.thumb
 293              		.thumb_func
 294              		.type	edit_Read, %function
 295              	edit_Read:
 296              	.LFB2:
  93:Generated_Source\PSoC5/edit.c **** }
  94:Generated_Source\PSoC5/edit.c **** 
  95:Generated_Source\PSoC5/edit.c **** 
  96:Generated_Source\PSoC5/edit.c **** /*******************************************************************************
  97:Generated_Source\PSoC5/edit.c **** * Function Name: edit_Read
  98:Generated_Source\PSoC5/edit.c **** ****************************************************************************//**
ARM GAS  C:\Users\JEFFSN~1\AppData\Local\Temp\ccpBBL5V.s 			page 18


  99:Generated_Source\PSoC5/edit.c **** *
 100:Generated_Source\PSoC5/edit.c **** * \brief Reads the associated physical port (pin status register) and masks 
 101:Generated_Source\PSoC5/edit.c **** *  the required bits according to the width and bit position of the component
 102:Generated_Source\PSoC5/edit.c **** *  instance. 
 103:Generated_Source\PSoC5/edit.c **** *
 104:Generated_Source\PSoC5/edit.c **** * The pin's status register returns the current logic level present on the 
 105:Generated_Source\PSoC5/edit.c **** * physical pin.
 106:Generated_Source\PSoC5/edit.c **** *
 107:Generated_Source\PSoC5/edit.c **** * \return 
 108:Generated_Source\PSoC5/edit.c **** *  The current value for the pins in the component as a right justified number.
 109:Generated_Source\PSoC5/edit.c **** *
 110:Generated_Source\PSoC5/edit.c **** * \funcusage
 111:Generated_Source\PSoC5/edit.c **** *  \snippet edit_SUT.c usage_edit_Read  
 112:Generated_Source\PSoC5/edit.c **** *******************************************************************************/
 113:Generated_Source\PSoC5/edit.c **** uint8 edit_Read(void)
 114:Generated_Source\PSoC5/edit.c **** {
 297              		.loc 1 114 0
 298              		.cfi_startproc
 299              		@ args = 0, pretend = 0, frame = 0
 300              		@ frame_needed = 0, uses_anonymous_args = 0
 301              		@ link register save eliminated.
 115:Generated_Source\PSoC5/edit.c ****     return (edit_PS & edit_MASK) >> edit_SHIFT;
 302              		.loc 1 115 0
 303 0000 024B     		ldr	r3, .L8
 304 0002 1878     		ldrb	r0, [r3]	@ zero_extendqisi2
 116:Generated_Source\PSoC5/edit.c **** }
 305              		.loc 1 116 0
 306 0004 C0F38000 		ubfx	r0, r0, #2, #1
 307 0008 7047     		bx	lr
 308              	.L9:
 309 000a 00BF     		.align	2
 310              	.L8:
 311 000c F1510040 		.word	1073762801
 312              		.cfi_endproc
 313              	.LFE2:
 314              		.size	edit_Read, .-edit_Read
 315              		.section	.text.edit_ReadDataReg,"ax",%progbits
 316              		.align	2
 317              		.global	edit_ReadDataReg
 318              		.thumb
 319              		.thumb_func
 320              		.type	edit_ReadDataReg, %function
 321              	edit_ReadDataReg:
 322              	.LFB3:
 117:Generated_Source\PSoC5/edit.c **** 
 118:Generated_Source\PSoC5/edit.c **** 
 119:Generated_Source\PSoC5/edit.c **** /*******************************************************************************
 120:Generated_Source\PSoC5/edit.c **** * Function Name: edit_ReadDataReg
 121:Generated_Source\PSoC5/edit.c **** ****************************************************************************//**
 122:Generated_Source\PSoC5/edit.c **** *
 123:Generated_Source\PSoC5/edit.c **** * \brief Reads the associated physical port's data output register and masks 
 124:Generated_Source\PSoC5/edit.c **** *  the correct bits according to the width and bit position of the component 
 125:Generated_Source\PSoC5/edit.c **** *  instance. 
 126:Generated_Source\PSoC5/edit.c **** *
 127:Generated_Source\PSoC5/edit.c **** * The data output register controls the signal applied to the physical pin in 
 128:Generated_Source\PSoC5/edit.c **** * conjunction with the drive mode parameter. This is not the same as the 
 129:Generated_Source\PSoC5/edit.c **** * preferred edit_Read() API because the 
ARM GAS  C:\Users\JEFFSN~1\AppData\Local\Temp\ccpBBL5V.s 			page 19


 130:Generated_Source\PSoC5/edit.c **** * edit_ReadDataReg() reads the data register instead of the status 
 131:Generated_Source\PSoC5/edit.c **** * register. For output pins this is a useful function to determine the value 
 132:Generated_Source\PSoC5/edit.c **** * just written to the pin.
 133:Generated_Source\PSoC5/edit.c **** *
 134:Generated_Source\PSoC5/edit.c **** * \return 
 135:Generated_Source\PSoC5/edit.c **** *  The current value of the data register masked and shifted into a right 
 136:Generated_Source\PSoC5/edit.c **** *  justified number for the component instance.
 137:Generated_Source\PSoC5/edit.c **** *
 138:Generated_Source\PSoC5/edit.c **** * \funcusage
 139:Generated_Source\PSoC5/edit.c **** *  \snippet edit_SUT.c usage_edit_ReadDataReg 
 140:Generated_Source\PSoC5/edit.c **** *******************************************************************************/
 141:Generated_Source\PSoC5/edit.c **** uint8 edit_ReadDataReg(void)
 142:Generated_Source\PSoC5/edit.c **** {
 323              		.loc 1 142 0
 324              		.cfi_startproc
 325              		@ args = 0, pretend = 0, frame = 0
 326              		@ frame_needed = 0, uses_anonymous_args = 0
 327              		@ link register save eliminated.
 143:Generated_Source\PSoC5/edit.c ****     return (edit_DR & edit_MASK) >> edit_SHIFT;
 328              		.loc 1 143 0
 329 0000 024B     		ldr	r3, .L11
 330 0002 1878     		ldrb	r0, [r3]	@ zero_extendqisi2
 144:Generated_Source\PSoC5/edit.c **** }
 331              		.loc 1 144 0
 332 0004 C0F38000 		ubfx	r0, r0, #2, #1
 333 0008 7047     		bx	lr
 334              	.L12:
 335 000a 00BF     		.align	2
 336              	.L11:
 337 000c F0510040 		.word	1073762800
 338              		.cfi_endproc
 339              	.LFE3:
 340              		.size	edit_ReadDataReg, .-edit_ReadDataReg
 341              		.text
 342              	.Letext0:
 343              		.file 2 "Generated_Source\\PSoC5\\cytypes.h"
 344              		.section	.debug_info,"",%progbits
 345              	.Ldebug_info0:
 346 0000 1D010000 		.4byte	0x11d
 347 0004 0400     		.2byte	0x4
 348 0006 00000000 		.4byte	.Ldebug_abbrev0
 349 000a 04       		.byte	0x4
 350 000b 01       		.uleb128 0x1
 351 000c 25000000 		.4byte	.LASF20
 352 0010 0C       		.byte	0xc
 353 0011 F9010000 		.4byte	.LASF21
 354 0015 71010000 		.4byte	.LASF22
 355 0019 00000000 		.4byte	.Ldebug_ranges0+0
 356 001d 00000000 		.4byte	0
 357 0021 00000000 		.4byte	.Ldebug_line0
 358 0025 02       		.uleb128 0x2
 359 0026 01       		.byte	0x1
 360 0027 06       		.byte	0x6
 361 0028 17020000 		.4byte	.LASF0
 362 002c 02       		.uleb128 0x2
 363 002d 01       		.byte	0x1
 364 002e 08       		.byte	0x8
ARM GAS  C:\Users\JEFFSN~1\AppData\Local\Temp\ccpBBL5V.s 			page 20


 365 002f 17000000 		.4byte	.LASF1
 366 0033 02       		.uleb128 0x2
 367 0034 02       		.byte	0x2
 368 0035 05       		.byte	0x5
 369 0036 E0010000 		.4byte	.LASF2
 370 003a 02       		.uleb128 0x2
 371 003b 02       		.byte	0x2
 372 003c 07       		.byte	0x7
 373 003d DE000000 		.4byte	.LASF3
 374 0041 02       		.uleb128 0x2
 375 0042 04       		.byte	0x4
 376 0043 05       		.byte	0x5
 377 0044 F0010000 		.4byte	.LASF4
 378 0048 02       		.uleb128 0x2
 379 0049 04       		.byte	0x4
 380 004a 07       		.byte	0x7
 381 004b CC000000 		.4byte	.LASF5
 382 004f 02       		.uleb128 0x2
 383 0050 08       		.byte	0x8
 384 0051 05       		.byte	0x5
 385 0052 5E010000 		.4byte	.LASF6
 386 0056 02       		.uleb128 0x2
 387 0057 08       		.byte	0x8
 388 0058 07       		.byte	0x7
 389 0059 2C010000 		.4byte	.LASF7
 390 005d 03       		.uleb128 0x3
 391 005e 04       		.byte	0x4
 392 005f 05       		.byte	0x5
 393 0060 696E7400 		.ascii	"int\000"
 394 0064 02       		.uleb128 0x2
 395 0065 04       		.byte	0x4
 396 0066 07       		.byte	0x7
 397 0067 1F010000 		.4byte	.LASF8
 398 006b 04       		.uleb128 0x4
 399 006c EA010000 		.4byte	.LASF12
 400 0070 02       		.byte	0x2
 401 0071 E901     		.2byte	0x1e9
 402 0073 2C000000 		.4byte	0x2c
 403 0077 02       		.uleb128 0x2
 404 0078 04       		.byte	0x4
 405 0079 04       		.byte	0x4
 406 007a 11000000 		.4byte	.LASF9
 407 007e 02       		.uleb128 0x2
 408 007f 08       		.byte	0x8
 409 0080 04       		.byte	0x4
 410 0081 FC000000 		.4byte	.LASF10
 411 0085 02       		.uleb128 0x2
 412 0086 01       		.byte	0x1
 413 0087 08       		.byte	0x8
 414 0088 6C010000 		.4byte	.LASF11
 415 008c 04       		.uleb128 0x4
 416 008d 48010000 		.4byte	.LASF13
 417 0091 02       		.byte	0x2
 418 0092 9302     		.2byte	0x293
 419 0094 98000000 		.4byte	0x98
 420 0098 05       		.uleb128 0x5
 421 0099 6B000000 		.4byte	0x6b
ARM GAS  C:\Users\JEFFSN~1\AppData\Local\Temp\ccpBBL5V.s 			page 21


 422 009d 06       		.uleb128 0x6
 423 009e F1000000 		.4byte	.LASF14
 424 00a2 01       		.byte	0x1
 425 00a3 39       		.byte	0x39
 426 00a4 00000000 		.4byte	.LFB0
 427 00a8 18000000 		.4byte	.LFE0-.LFB0
 428 00ac 01       		.uleb128 0x1
 429 00ad 9C       		.byte	0x9c
 430 00ae D1000000 		.4byte	0xd1
 431 00b2 07       		.uleb128 0x7
 432 00b3 00000000 		.4byte	.LASF16
 433 00b7 01       		.byte	0x1
 434 00b8 39       		.byte	0x39
 435 00b9 6B000000 		.4byte	0x6b
 436 00bd 00000000 		.4byte	.LLST0
 437 00c1 08       		.uleb128 0x8
 438 00c2 06000000 		.4byte	.LASF23
 439 00c6 01       		.byte	0x1
 440 00c7 3B       		.byte	0x3b
 441 00c8 6B000000 		.4byte	0x6b
 442 00cc 21000000 		.4byte	.LLST1
 443 00d0 00       		.byte	0
 444 00d1 06       		.uleb128 0x6
 445 00d2 0D010000 		.4byte	.LASF15
 446 00d6 01       		.byte	0x1
 447 00d7 5A       		.byte	0x5a
 448 00d8 00000000 		.4byte	.LFB1
 449 00dc 18000000 		.4byte	.LFE1-.LFB1
 450 00e0 01       		.uleb128 0x1
 451 00e1 9C       		.byte	0x9c
 452 00e2 F6000000 		.4byte	0xf6
 453 00e6 07       		.uleb128 0x7
 454 00e7 43010000 		.4byte	.LASF17
 455 00eb 01       		.byte	0x1
 456 00ec 5A       		.byte	0x5a
 457 00ed 6B000000 		.4byte	0x6b
 458 00f1 39000000 		.4byte	.LLST2
 459 00f5 00       		.byte	0
 460 00f6 09       		.uleb128 0x9
 461 00f7 03010000 		.4byte	.LASF18
 462 00fb 01       		.byte	0x1
 463 00fc 71       		.byte	0x71
 464 00fd 6B000000 		.4byte	0x6b
 465 0101 00000000 		.4byte	.LFB2
 466 0105 10000000 		.4byte	.LFE2-.LFB2
 467 0109 01       		.uleb128 0x1
 468 010a 9C       		.byte	0x9c
 469 010b 09       		.uleb128 0x9
 470 010c 4D010000 		.4byte	.LASF19
 471 0110 01       		.byte	0x1
 472 0111 8D       		.byte	0x8d
 473 0112 6B000000 		.4byte	0x6b
 474 0116 00000000 		.4byte	.LFB3
 475 011a 10000000 		.4byte	.LFE3-.LFB3
 476 011e 01       		.uleb128 0x1
 477 011f 9C       		.byte	0x9c
 478 0120 00       		.byte	0
ARM GAS  C:\Users\JEFFSN~1\AppData\Local\Temp\ccpBBL5V.s 			page 22


 479              		.section	.debug_abbrev,"",%progbits
 480              	.Ldebug_abbrev0:
 481 0000 01       		.uleb128 0x1
 482 0001 11       		.uleb128 0x11
 483 0002 01       		.byte	0x1
 484 0003 25       		.uleb128 0x25
 485 0004 0E       		.uleb128 0xe
 486 0005 13       		.uleb128 0x13
 487 0006 0B       		.uleb128 0xb
 488 0007 03       		.uleb128 0x3
 489 0008 0E       		.uleb128 0xe
 490 0009 1B       		.uleb128 0x1b
 491 000a 0E       		.uleb128 0xe
 492 000b 55       		.uleb128 0x55
 493 000c 17       		.uleb128 0x17
 494 000d 11       		.uleb128 0x11
 495 000e 01       		.uleb128 0x1
 496 000f 10       		.uleb128 0x10
 497 0010 17       		.uleb128 0x17
 498 0011 00       		.byte	0
 499 0012 00       		.byte	0
 500 0013 02       		.uleb128 0x2
 501 0014 24       		.uleb128 0x24
 502 0015 00       		.byte	0
 503 0016 0B       		.uleb128 0xb
 504 0017 0B       		.uleb128 0xb
 505 0018 3E       		.uleb128 0x3e
 506 0019 0B       		.uleb128 0xb
 507 001a 03       		.uleb128 0x3
 508 001b 0E       		.uleb128 0xe
 509 001c 00       		.byte	0
 510 001d 00       		.byte	0
 511 001e 03       		.uleb128 0x3
 512 001f 24       		.uleb128 0x24
 513 0020 00       		.byte	0
 514 0021 0B       		.uleb128 0xb
 515 0022 0B       		.uleb128 0xb
 516 0023 3E       		.uleb128 0x3e
 517 0024 0B       		.uleb128 0xb
 518 0025 03       		.uleb128 0x3
 519 0026 08       		.uleb128 0x8
 520 0027 00       		.byte	0
 521 0028 00       		.byte	0
 522 0029 04       		.uleb128 0x4
 523 002a 16       		.uleb128 0x16
 524 002b 00       		.byte	0
 525 002c 03       		.uleb128 0x3
 526 002d 0E       		.uleb128 0xe
 527 002e 3A       		.uleb128 0x3a
 528 002f 0B       		.uleb128 0xb
 529 0030 3B       		.uleb128 0x3b
 530 0031 05       		.uleb128 0x5
 531 0032 49       		.uleb128 0x49
 532 0033 13       		.uleb128 0x13
 533 0034 00       		.byte	0
 534 0035 00       		.byte	0
 535 0036 05       		.uleb128 0x5
ARM GAS  C:\Users\JEFFSN~1\AppData\Local\Temp\ccpBBL5V.s 			page 23


 536 0037 35       		.uleb128 0x35
 537 0038 00       		.byte	0
 538 0039 49       		.uleb128 0x49
 539 003a 13       		.uleb128 0x13
 540 003b 00       		.byte	0
 541 003c 00       		.byte	0
 542 003d 06       		.uleb128 0x6
 543 003e 2E       		.uleb128 0x2e
 544 003f 01       		.byte	0x1
 545 0040 3F       		.uleb128 0x3f
 546 0041 19       		.uleb128 0x19
 547 0042 03       		.uleb128 0x3
 548 0043 0E       		.uleb128 0xe
 549 0044 3A       		.uleb128 0x3a
 550 0045 0B       		.uleb128 0xb
 551 0046 3B       		.uleb128 0x3b
 552 0047 0B       		.uleb128 0xb
 553 0048 27       		.uleb128 0x27
 554 0049 19       		.uleb128 0x19
 555 004a 11       		.uleb128 0x11
 556 004b 01       		.uleb128 0x1
 557 004c 12       		.uleb128 0x12
 558 004d 06       		.uleb128 0x6
 559 004e 40       		.uleb128 0x40
 560 004f 18       		.uleb128 0x18
 561 0050 9742     		.uleb128 0x2117
 562 0052 19       		.uleb128 0x19
 563 0053 01       		.uleb128 0x1
 564 0054 13       		.uleb128 0x13
 565 0055 00       		.byte	0
 566 0056 00       		.byte	0
 567 0057 07       		.uleb128 0x7
 568 0058 05       		.uleb128 0x5
 569 0059 00       		.byte	0
 570 005a 03       		.uleb128 0x3
 571 005b 0E       		.uleb128 0xe
 572 005c 3A       		.uleb128 0x3a
 573 005d 0B       		.uleb128 0xb
 574 005e 3B       		.uleb128 0x3b
 575 005f 0B       		.uleb128 0xb
 576 0060 49       		.uleb128 0x49
 577 0061 13       		.uleb128 0x13
 578 0062 02       		.uleb128 0x2
 579 0063 17       		.uleb128 0x17
 580 0064 00       		.byte	0
 581 0065 00       		.byte	0
 582 0066 08       		.uleb128 0x8
 583 0067 34       		.uleb128 0x34
 584 0068 00       		.byte	0
 585 0069 03       		.uleb128 0x3
 586 006a 0E       		.uleb128 0xe
 587 006b 3A       		.uleb128 0x3a
 588 006c 0B       		.uleb128 0xb
 589 006d 3B       		.uleb128 0x3b
 590 006e 0B       		.uleb128 0xb
 591 006f 49       		.uleb128 0x49
 592 0070 13       		.uleb128 0x13
ARM GAS  C:\Users\JEFFSN~1\AppData\Local\Temp\ccpBBL5V.s 			page 24


 593 0071 02       		.uleb128 0x2
 594 0072 17       		.uleb128 0x17
 595 0073 00       		.byte	0
 596 0074 00       		.byte	0
 597 0075 09       		.uleb128 0x9
 598 0076 2E       		.uleb128 0x2e
 599 0077 00       		.byte	0
 600 0078 3F       		.uleb128 0x3f
 601 0079 19       		.uleb128 0x19
 602 007a 03       		.uleb128 0x3
 603 007b 0E       		.uleb128 0xe
 604 007c 3A       		.uleb128 0x3a
 605 007d 0B       		.uleb128 0xb
 606 007e 3B       		.uleb128 0x3b
 607 007f 0B       		.uleb128 0xb
 608 0080 27       		.uleb128 0x27
 609 0081 19       		.uleb128 0x19
 610 0082 49       		.uleb128 0x49
 611 0083 13       		.uleb128 0x13
 612 0084 11       		.uleb128 0x11
 613 0085 01       		.uleb128 0x1
 614 0086 12       		.uleb128 0x12
 615 0087 06       		.uleb128 0x6
 616 0088 40       		.uleb128 0x40
 617 0089 18       		.uleb128 0x18
 618 008a 9742     		.uleb128 0x2117
 619 008c 19       		.uleb128 0x19
 620 008d 00       		.byte	0
 621 008e 00       		.byte	0
 622 008f 00       		.byte	0
 623              		.section	.debug_loc,"",%progbits
 624              	.Ldebug_loc0:
 625              	.LLST0:
 626 0000 00000000 		.4byte	.LVL0
 627 0004 04000000 		.4byte	.LVL1
 628 0008 0100     		.2byte	0x1
 629 000a 50       		.byte	0x50
 630 000b 04000000 		.4byte	.LVL1
 631 000f 18000000 		.4byte	.LFE0
 632 0013 0400     		.2byte	0x4
 633 0015 F3       		.byte	0xf3
 634 0016 01       		.uleb128 0x1
 635 0017 50       		.byte	0x50
 636 0018 9F       		.byte	0x9f
 637 0019 00000000 		.4byte	0
 638 001d 00000000 		.4byte	0
 639              	.LLST1:
 640 0021 06000000 		.4byte	.LVL2
 641 0025 0E000000 		.4byte	.LVL3
 642 0029 0600     		.2byte	0x6
 643 002b 73       		.byte	0x73
 644 002c 00       		.sleb128 0
 645 002d 09       		.byte	0x9
 646 002e FB       		.byte	0xfb
 647 002f 1A       		.byte	0x1a
 648 0030 9F       		.byte	0x9f
 649 0031 00000000 		.4byte	0
ARM GAS  C:\Users\JEFFSN~1\AppData\Local\Temp\ccpBBL5V.s 			page 25


 650 0035 00000000 		.4byte	0
 651              	.LLST2:
 652 0039 00000000 		.4byte	.LVL4
 653 003d 06000000 		.4byte	.LVL5
 654 0041 0100     		.2byte	0x1
 655 0043 50       		.byte	0x50
 656 0044 06000000 		.4byte	.LVL5
 657 0048 18000000 		.4byte	.LFE1
 658 004c 0400     		.2byte	0x4
 659 004e F3       		.byte	0xf3
 660 004f 01       		.uleb128 0x1
 661 0050 50       		.byte	0x50
 662 0051 9F       		.byte	0x9f
 663 0052 00000000 		.4byte	0
 664 0056 00000000 		.4byte	0
 665              		.section	.debug_aranges,"",%progbits
 666 0000 34000000 		.4byte	0x34
 667 0004 0200     		.2byte	0x2
 668 0006 00000000 		.4byte	.Ldebug_info0
 669 000a 04       		.byte	0x4
 670 000b 00       		.byte	0
 671 000c 0000     		.2byte	0
 672 000e 0000     		.2byte	0
 673 0010 00000000 		.4byte	.LFB0
 674 0014 18000000 		.4byte	.LFE0-.LFB0
 675 0018 00000000 		.4byte	.LFB1
 676 001c 18000000 		.4byte	.LFE1-.LFB1
 677 0020 00000000 		.4byte	.LFB2
 678 0024 10000000 		.4byte	.LFE2-.LFB2
 679 0028 00000000 		.4byte	.LFB3
 680 002c 10000000 		.4byte	.LFE3-.LFB3
 681 0030 00000000 		.4byte	0
 682 0034 00000000 		.4byte	0
 683              		.section	.debug_ranges,"",%progbits
 684              	.Ldebug_ranges0:
 685 0000 00000000 		.4byte	.LFB0
 686 0004 18000000 		.4byte	.LFE0
 687 0008 00000000 		.4byte	.LFB1
 688 000c 18000000 		.4byte	.LFE1
 689 0010 00000000 		.4byte	.LFB2
 690 0014 10000000 		.4byte	.LFE2
 691 0018 00000000 		.4byte	.LFB3
 692 001c 10000000 		.4byte	.LFE3
 693 0020 00000000 		.4byte	0
 694 0024 00000000 		.4byte	0
 695              		.section	.debug_line,"",%progbits
 696              	.Ldebug_line0:
 697 0000 8F000000 		.section	.debug_str,"MS",%progbits,1
 697      02004100 
 697      00000201 
 697      FB0E0D00 
 697      01010101 
 698              	.LASF16:
 699 0000 76616C75 		.ascii	"value\000"
 699      6500
 700              	.LASF23:
 701 0006 73746174 		.ascii	"staticBits\000"
ARM GAS  C:\Users\JEFFSN~1\AppData\Local\Temp\ccpBBL5V.s 			page 26


 701      69634269 
 701      747300
 702              	.LASF9:
 703 0011 666C6F61 		.ascii	"float\000"
 703      7400
 704              	.LASF1:
 705 0017 756E7369 		.ascii	"unsigned char\000"
 705      676E6564 
 705      20636861 
 705      7200
 706              	.LASF20:
 707 0025 474E5520 		.ascii	"GNU C11 5.4.1 20160609 (release) [ARM/embedded-5-br"
 707      43313120 
 707      352E342E 
 707      31203230 
 707      31363036 
 708 0058 616E6368 		.ascii	"anch revision 237715] -mcpu=cortex-m3 -mthumb -g -O"
 708      20726576 
 708      6973696F 
 708      6E203233 
 708      37373135 
 709 008b 33202D66 		.ascii	"3 -ffunction-sections -ffat-lto-objects -finline-fu"
 709      66756E63 
 709      74696F6E 
 709      2D736563 
 709      74696F6E 
 710 00be 6E637469 		.ascii	"nctions -flto\000"
 710      6F6E7320 
 710      2D666C74 
 710      6F00
 711              	.LASF5:
 712 00cc 6C6F6E67 		.ascii	"long unsigned int\000"
 712      20756E73 
 712      69676E65 
 712      6420696E 
 712      7400
 713              	.LASF3:
 714 00de 73686F72 		.ascii	"short unsigned int\000"
 714      7420756E 
 714      7369676E 
 714      65642069 
 714      6E7400
 715              	.LASF14:
 716 00f1 65646974 		.ascii	"edit_Write\000"
 716      5F577269 
 716      746500
 717              	.LASF10:
 718 00fc 646F7562 		.ascii	"double\000"
 718      6C6500
 719              	.LASF18:
 720 0103 65646974 		.ascii	"edit_Read\000"
 720      5F526561 
 720      6400
 721              	.LASF15:
 722 010d 65646974 		.ascii	"edit_SetDriveMode\000"
 722      5F536574 
 722      44726976 
ARM GAS  C:\Users\JEFFSN~1\AppData\Local\Temp\ccpBBL5V.s 			page 27


 722      654D6F64 
 722      6500
 723              	.LASF8:
 724 011f 756E7369 		.ascii	"unsigned int\000"
 724      676E6564 
 724      20696E74 
 724      00
 725              	.LASF7:
 726 012c 6C6F6E67 		.ascii	"long long unsigned int\000"
 726      206C6F6E 
 726      6720756E 
 726      7369676E 
 726      65642069 
 727              	.LASF17:
 728 0143 6D6F6465 		.ascii	"mode\000"
 728      00
 729              	.LASF13:
 730 0148 72656738 		.ascii	"reg8\000"
 730      00
 731              	.LASF19:
 732 014d 65646974 		.ascii	"edit_ReadDataReg\000"
 732      5F526561 
 732      64446174 
 732      61526567 
 732      00
 733              	.LASF6:
 734 015e 6C6F6E67 		.ascii	"long long int\000"
 734      206C6F6E 
 734      6720696E 
 734      7400
 735              	.LASF11:
 736 016c 63686172 		.ascii	"char\000"
 736      00
 737              	.LASF22:
 738 0171 433A5C55 		.ascii	"C:\\Users\\JeffSnyder\\dev\\Electrobass_embedded\\P"
 738      73657273 
 738      5C4A6566 
 738      66536E79 
 738      6465725C 
 739 019f 534F4335 		.ascii	"SOC5_electrobass_stringsensors\\CE210514_PSOC3_5_Th"
 739      5F656C65 
 739      6374726F 
 739      62617373 
 739      5F737472 
 740 01d1 65726D69 		.ascii	"ermistor.cydsn\000"
 740      73746F72 
 740      2E637964 
 740      736E00
 741              	.LASF2:
 742 01e0 73686F72 		.ascii	"short int\000"
 742      7420696E 
 742      7400
 743              	.LASF12:
 744 01ea 75696E74 		.ascii	"uint8\000"
 744      3800
 745              	.LASF4:
 746 01f0 6C6F6E67 		.ascii	"long int\000"
ARM GAS  C:\Users\JEFFSN~1\AppData\Local\Temp\ccpBBL5V.s 			page 28


 746      20696E74 
 746      00
 747              	.LASF21:
 748 01f9 47656E65 		.ascii	"Generated_Source\\PSoC5\\edit.c\000"
 748      72617465 
 748      645F536F 
 748      75726365 
 748      5C50536F 
 749              	.LASF0:
 750 0217 7369676E 		.ascii	"signed char\000"
 750      65642063 
 750      68617200 
 751              		.comm	__gnu_lto_v1,1,1
 752              		.ident	"GCC: (GNU Tools for ARM Embedded Processors) 5.4.1 20160609 (release) [ARM/embedded-5-bran
