ARM GAS  C:\Users\JEFFSN~1\AppData\Local\Temp\ccEZs8uE.s 			page 1


   1              		.syntax unified
   2              		.cpu cortex-m3
   3              		.fpu softvfp
   4              		.eabi_attribute 20, 1
   5              		.eabi_attribute 21, 1
   6              		.eabi_attribute 23, 3
   7              		.eabi_attribute 24, 1
   8              		.eabi_attribute 25, 1
   9              		.eabi_attribute 26, 1
  10              		.eabi_attribute 30, 1
  11              		.eabi_attribute 34, 1
  12              		.eabi_attribute 18, 4
  13              		.thumb
  14              		.syntax unified
  15              		.file	"enter.c"
  16              		.text
  17              	.Ltext0:
  18              		.section	.gnu.lto_.profile.4235b721,"",%progbits
  19 0000 789C6361 		.ascii	"x\234ca`d`a`\000\222\222\242\000\000\261\0009"
  19      60646061 
  19      60009292 
  19      A20000B1 
  19      0039
  20              		.text
  21              		.section	.gnu.lto_.inline.4235b721,"",%progbits
  22 0000 789C6361 		.ascii	"x\234ca`d\000\001?\006\004`a`\340\344`d`\342y\020\313"
  22      60640001 
  22      3F060460 
  22      6160E0E4 
  22      606460E2 
  23 0017 C0B6409E 		.ascii	"\300\266@\236\011$\306\310\300\301\016\024\342\232\340"
  23      0924C6C8 
  23      C0C10E14 
  23      E29AE0
  24 0026 07176262 		.ascii	"\007\027bb`c\005\012\261}\320\203\0131c\0121\000\000"
  24      6063050A 
  24      B17DD083 
  24      0B31630A 
  24      310000
  25 0039 537C0835 		.ascii	"S|\0105"
  26              		.text
  27              		.section	.gnu.lto_.jmpfuncs.4235b721,"",%progbits
  28 0000 789C6361 		.ascii	"x\234ca`d\000\001>\006\004`\001b\240(\023\003\0033\220"
  28      60640001 
  28      3E060460 
  28      0162A028 
  28      13030333 
  29 0015 05000292 		.ascii	"\005\000\002\222\000\036"
  29      001E
  30              		.text
  31              		.section	.gnu.lto_.pureconst.4235b721,"",%progbits
  32 0000 789C6361 		.ascii	"x\234ca`d\340d```a\220b\224b\222b\226\002\000\002\261"
  32      6064E064 
  32      60606061 
  32      90629462 
  32      92629602 
  33 0017 0081     		.ascii	"\000\201"
ARM GAS  C:\Users\JEFFSN~1\AppData\Local\Temp\ccEZs8uE.s 			page 2


  34              		.text
  35              		.section	.gnu.lto_enter_Write.4235b721,"",%progbits
  36 0000 789C5551 		.ascii	"x\234UQ\317KTQ\024>\337\275\357\275\261\246\037\177"
  36      CF4B5451 
  36      143EDFBD 
  36      EFBDB1A6 
  36      1F7F
  37 0012 80034920 		.ascii	"\200\003I f\213\210\242\177\240\026m%\267\0031Lo!\224"
  37      668B88A2 
  37      7FA0166D 
  37      25B70331 
  37      4C6F2194 
  38 0026 C2F86CEB 		.ascii	"\302\370l\353}>g\204VB8\256l \021\355\227\246A\020\264"
  38      7D3E6784 
  38      564238AE 
  38      6C2011ED 
  38      97A64110 
  39 003b 783D705B 		.ascii	"x=p[\033\211\210\010q\361\004Wo\300\301!\253\351\234"
  39      1B898808 
  39      71F10457 
  39      6FC0C121 
  39      ABE99C
  40 004e FB5CE481 		.ascii	"\373\\\344\201\373\343\235\367}\337\371\316\271\016"
  40      FBE39DF7 
  40      7DDFF9CE 
  40      B90E
  41 005c 8124AE2A 		.ascii	"\201$\256*\242\033|\366\363\202&\250\371\317Da\237\002"
  41      A21B7CF6 
  41      F38226A8 
  41      F9CF4461 
  41      9F02
  42 006e E462FA40 		.ascii	"\344b\372@\323\012\323\350\250?\012\311\\\372A\015\257"
  42      D30AD3E8 
  42      A83F0AC9 
  42      5CFA410D 
  42      AF
  43 007f 1A8EDD95 		.ascii	"\032\216\335\225g\332\254\305\250k\242\236\262J\204"
  43      67DAACC5 
  43      A86BA29E 
  43      B24A84
  44 008e 550C336A 		.ascii	"U\0143j\377\343\334\016\364e\020\337\033I'+\016\255"
  44      FFE3DC0E 
  44      F46510DF 
  44      1B49272B 
  44      0EAD
  45 00a0 1833634C 		.ascii	"\0303cL\273lt]\003k\320\314\300\315\022\256\227\210"
  45      BB6C745D 
  45      036BD0CC 
  45      C0CD12AE 
  45      9788
  46 00b2 13841718 		.ascii	"\023\204\027\030\022p\367\373\316\372\005}\305\022\347"
  46      1270F7FB 
  46      CEFA057D 
  46      C512E7
  47 00c1 4DFAFCDC 		.ascii	"M\372\374\334\340\262\020\343\243G\213&\016\007\204"
  47      E0B210E3 
  47      A3478B26 
ARM GAS  C:\Users\JEFFSN~1\AppData\Local\Temp\ccEZs8uE.s 			page 3


  47      0E0784
  48 00d0 FBF27FAE 		.ascii	"\373\362\177\256\004C\3676\377.\234\367f\305\325\000"
  48      0443F736 
  48      FF2E9CF7 
  48      66C5D500 
  49 00e0 5E6130F7 		.ascii	"^a0\367\203\327\360\270CHf\343^lz\275\310\304\035\267"
  49      83D7F0B8 
  49      434866E3 
  49      5E6C7ABD 
  49      C8C41DB7 
  50 00f4 A3CF282E 		.ascii	"\243\317(.\252\270S\376\341@j\273\222\360d+\310F\224"
  50      AAB853FE 
  50      E1406ABB 
  50      92F0642B 
  50      C84694
  51 0107 F192EEDB 		.ascii	"\361\222\356\333J\311\251S$\277\236\374\\,\210f\244"
  51      4AC9A953 
  51      24BF9EFC 
  51      5C2C8866 
  51      A4
  52 0118 6512CD7A 		.ascii	"e\022\315z\362\245p\250\352Z[\267\337\242V\267\230\177"
  52      F2A570A8 
  52      EA5A5BB7 
  52      DFA256B7 
  52      987F
  53 012a 66CBA171 		.ascii	"f\313\241q8\365\364\375\302\201\323\302R8\3133r\260"
  53      38F5F4FD 
  53      C281D3C2 
  53      5238CB33 
  53      72B0
  54 013c 8E12DE80 		.ascii	"\216\022\336\200=c\003-P\212\350w\343\007rA\235k~]\332"
  54      3D63032D 
  54      508AE877 
  54      E3077241 
  54      9D6B7E5D 
  55 0151 6E5A11E0 		.ascii	"nZ\021\340\030x\313\340=(\333\006;e\224\220\262F\272"
  55      1878CBE0 
  55      3D28DB06 
  55      3B659490 
  55      B246BA
  56 0164 7F62C38D 		.ascii	"\177b\303\215\264\324\331\356\035\305\027\205\3452x"
  56      B4D4D9EE 
  56      1DC51785 
  56      E53278
  57 0173 934956FA 		.ascii	"\223IV\372\360DZp\014\372\264\273\325\266\322\016\034"
  57      F0445A70 
  57      0CFAB4BB 
  57      D5B6D20E 
  57      1C
  58 0184 6CE5A0AE 		.ascii	"l\345\240\256\227C\012\326\200\307\251\244iY\247\314"
  58      97430AD6 
  58      80C7A9A4 
  58      6959A7CC 
  59 0194 87C6144F 		.ascii	"\207\306\024O\373\177\307\376\231E\007\230\211\217]"
  59      FB7FC7FE 
  59      99450798 
  59      898F5D
ARM GAS  C:\Users\JEFFSN~1\AppData\Local\Temp\ccEZs8uE.s 			page 4


  60 01a3 21D887C8 		.ascii	"!\330\207\310\024dV<\271Kw\375q\277V\011\374\007\367"
  60      1464563C 
  60      B94B77FD 
  60      71BF5609 
  60      FC07F7
  61 01b6 4727A66A 		.ascii	"G'\246jU\277<2:q\347V\331\037\017\374\332\265*\271\217"
  61      55BF3C32 
  61      3A71E756 
  61      D91F0FFC 
  61      DAB52AB9 
  62 01cb 2B0FA7FC 		.ascii	"+\017\247\374\263\223A%\030\253\336\036\013&\377\001"
  62      B3934125 
  62      18ABDE1E 
  62      0B26FF01 
  63 01db 2A9CC391 		.ascii	"*\234\303\221"
  64              		.text
  65              		.section	.gnu.lto_enter_SetDriveMode.4235b721,"",%progbits
  66 0000 789C7D51 		.ascii	"x\234}QM+DQ\030~\237s\356\334;C\374\001SdA6R\362\013"
  66      4D2B4451 
  66      187E9F73 
  66      EEDC3B43 
  66      FC015364 
  67 0019 145B99ED 		.ascii	"\024[\231\355\224\304]2\231X;3cRl\224X\220X\220\357"
  67      94C45D32 
  67      99583B33 
  67      63526C94 
  67      58905890 
  68 002e AFACAC8C 		.ascii	"\257\254\254\214)\312f\354,,$j\222\242\361\025\215\217"
  68      29CA66EC 
  68      2C2C246A 
  68      92A2F115 
  68      8D8F
  69 0040 F1BEF75A 		.ascii	"\361\276\367Z\314\312\351\236\367\343\351y\236\336\367"
  69      CCCAE99E 
  69      F7E3E979 
  69      9EDEF7
  70 004f 5C8B4072 		.ascii	"\\\213@r\35685p\256\341\013MPS9\242DP\001R\230 hTa\024"
  70      EE383570 
  70      AEE10B4D 
  70      505339A2 
  70      44500152 
  71 0069 6FEA5B21 		.ascii	"o\352[!;\236?TM\253\206\317\365\311c\213Y\313 \255\211"
  71      3B9E3F54 
  71      4DAB86CF 
  71      F5C9638B 
  71      59CB20AD 
  72 007e 4ACA7322 		.ascii	"J\312s\"\254\242\211Y/\007+\323\225\272\036\304\365"
  72      ACA28959 
  72      2F072BD3 
  72      95BA1EC4 
  72      F5
  73 008f 53AE7055 		.ascii	"S\256pU\335\270bL\322\230R\324\350\264\006\326\240Y"
  73      DDB8624C 
  73      D29852D4 
  73      E8B406D6 
  73      A059
  74 00a1 81D6305A 		.ascii	"\201\3260Z\302\304\000a\035\215B\276\331\377\231\251"
ARM GAS  C:\Users\JEFFSN~1\AppData\Local\Temp\ccEZs8uE.s 			page 5


  74      C2C40061 
  74      1D8D42BE 
  74      D9FF99A9 
  75 00b1 B2C7C4BE 		.ascii	"\262\307\304\276\3167\305\006l\031s\267;cJ\245\224\311"
  75      CE37C506 
  75      6C1973B7 
  75      3B634AA5 
  75      94C9
  76 00c3 BCDBC745 		.ascii	"\274\333\307E\273R\261Li\016\332\222\020\2008\330R:"
  76      BB52B14C 
  76      690EDA92 
  76      108038D8 
  76      523A
  77 00d5 12821242 		.ascii	"\022\202\022B\302!*\360\225E\236\224\222\254\363\310"
  77      C2212AF0 
  77      95459E94 
  77      92ACF3C8 
  78 00e5 1627F2F3 		.ascii	"\026'\362\363\2268\247\264,5\233\316\236;\257*\255-"
  78      9638A7B4 
  78      2C359BCE 
  78      9E3BAF2A 
  78      AD2D
  79 00f7 6FE2DCF2 		.ascii	"o\342\334\362\321Y\205\337\026\227\022\306b\350hn\362"
  79      D15985DF 
  79      169712C6 
  79      62E8686E 
  79      F2
  80 0108 D659C442 		.ascii	"\326Y\304Bb\214\327\015`\013al\"\314\323mc\021\224G"
  80      628CD70D 
  80      600B616C 
  80      22CCD36D 
  80      63119447 
  81 011c F2D9F1ED 		.ascii	"\362\331\361\3554;r\237\372\262\375\336b\210\365\227"
  81      343B729F 
  81      FAB2FDDE 
  81      6288F597 
  82 012c A793DF21 		.ascii	"\247\223\337!\261\324\030\302\016+\313$\374\005\312"
  82      B1D418C2 
  82      0E2BCB24 
  82      FC05CA
  83 013b 250E432C 		.ascii	"%\016C,y\270\330\334\322\276\244\032\273\236$\365\361"
  83      79B8D8DC 
  83      D2BEA41A 
  83      BB9E24F5 
  83      F1
  84 014c 47097AC6 		.ascii	"G\011z\306N\271K\210Q\356\263\263\220\376\277\221\367"
  84      4EB94B88 
  84      51EEB3B3 
  84      90FEBF91 
  84      F7
  85 015d 7864E6D3 		.ascii	"xd\346\323=\222\231\317\016a{\277\256\240 \317\303\217"
  85      3D9299CF 
  85      0E617BBF 
  85      AEA020CF 
  85      C38F
  86 016f 55DBE90E 		.ascii	"U\333\351\016\272\361\336a\267\277'\022\033\211\367"
  86      BAF1DE61 
ARM GAS  C:\Users\JEFFSN~1\AppData\Local\Temp\ccEZs8uE.s 			page 6


  86      B7BF2712 
  86      1B89F7
  87 017e B9D1AE48 		.ascii	"\271\321\256H\254\275-\352\016\016\273\361\346>\262"
  87      ACBD2DEA 
  87      0E0EBBF1 
  87      E63EB2
  88 018d 0662FDEE 		.ascii	"\006b\375\356/q\000\245\375"
  88      2F7100A5 
  88      FD
  89              		.text
  90              		.section	.gnu.lto_enter_Read.4235b721,"",%progbits
  91 0000 789C354F 		.ascii	"x\2345O\315K\002A\024\177\277\231uW\202\350\017H\250"
  91      CD4B0241 
  91      147FBF99 
  91      755782E8 
  91      0F48A8
  92 0013 8E5E2288 		.ascii	"\216^\"\210 \272\006u\215\244\233\020aK7\005\261\263"
  92      20BA0675 
  92      8DA49B10 
  92      614B3705 
  92      B1B3
  93 0025 B3EA1644 		.ascii	"\263\352\026D\201\027\353\322\307!D\373\242\372\017"
  93      8117EBD2 
  93      C72144FB 
  93      A2FA0F
  94 0034 36210882 		.ascii	"6!\010\202\242C\320)\"\304\240S\212!\210\265\275i\353"
  94      A243D029 
  94      22C4A053 
  94      8A2188B5 
  94      BD69EB
  95 0047 C1BC37F3 		.ascii	"\301\2747\363\346\367\361\236A \035\013\\F\270\016\362"
  95      E6F7F19E 
  95      41201D0B 
  95      5C46B80E 
  95      F2
  96 0058 812488E2 		.ascii	"\201$\210\342\035\221\023\026\200\276\2500(+\220\305"
  96      1D911316 
  96      80BEA830 
  96      282B90C5 
  97 0068 A7F812B8 		.ascii	"\247\370\022\270\355\334l\366E+J\345\324K\271;\271S"
  97      EDDC6CF6 
  97      452B4AE5 
  97      D44BB93B 
  97      B953
  98 007a F5E04A22 		.ascii	"\365\340J\"_\020\306#\030\213h\211\012\242\304\320\327"
  98      5F10C623 
  98      188B6889 
  98      0AA2C4D0 
  98      D7
  99 008b CBEF52BF 		.ascii	"\313\357R\277YP\034\303\032\300?U\230\332\362|\336S"
  99      59501CC3 
  99      1AC03F55 
  99      98DAF27C 
  99      DE53
 100 009d BE9F57DE 		.ascii	"\276\237W\336\243u\365dY W\262/'\203\223\010\351d\222"
 100      A375F564 
 100      592057B2 
ARM GAS  C:\Users\JEFFSN~1\AppData\Local\Temp\ccEZs8uE.s 			page 7


 100      2F278393 
 100      08E96492 
 101 00b1 96A50FA6 		.ascii	"\226\245\017\246\351!\232B\350*\033\250u7\236\367\247"
 101      E9219A42 
 101      E82A1BA8 
 101      75379EF7 
 101      A7
 102 00c2 B4525E4A 		.ascii	"\264R^Jv\331vk\367V[\270RB\233\366\266Jo\010\236\315"
 102      76D9766B 
 102      F7565BB8 
 102      52429BF6 
 102      B64A6F08 
 103 00d8 434719DC 		.ascii	"CG\031\334*\027\235\225\003\3549\005\236\324\3001\""
 103      2A179D95 
 103      03EC3905 
 103      9ED4C031 
 103      22
 104 00e9 3802CF89 		.ascii	"8\002\317\211\023\034\200\032\310\367f(/\021\250=\024"
 104      131C801A 
 104      C8F76628 
 104      2F11A83D 
 104      14
 105 00fa 2E76A5A6 		.ascii	".v\245\246\003\006N\031\326@\256\265\336\026\201\237"
 105      03064E19 
 105      D640AEB5 
 105      DE16819F 
 106 010a C138CD68 		.ascii	"\3018\315h\255\325\215\240\023\342&\323\256\375\216"
 106      ADD58DA0 
 106      13E226D3 
 106      AEFD8E
 107 0119 37A06902 		.ascii	"7\240i\002\002g\377\264:\002\220\306\321;\376DL\372"
 107      0267FFB4 
 107      3A0290C6 
 107      D13BFE44 
 107      4CFA
 108 012b DD0B7A1F 		.ascii	"\335\013z\037\336nh\326N\332\351\245\214\275\274\030"
 108      DE6E68D6 
 108      4EDAE9A5 
 108      8CBDBC18 
 109 013b 4BADA613 		.ascii	"K\255\246\023v|.\226\232\236\210\333\311\214\235\036"
 109      767C2E96 
 109      9A9E88DB 
 109      C98C9D1E 
 110 014b 4DD00F04 		.ascii	"M\320\017\004\264z\347"
 110      B47AE7
 111              		.text
 112              		.section	.gnu.lto_enter_ReadDataReg.4235b721,"",%progbits
 113 0000 789C354F 		.ascii	"x\2345O\315KBA\020\237\337\356\246bD\177@Bu\364\022"
 113      CD4B4241 
 113      109FDFEE 
 113      A662447F 
 113      404275F4 
 114 0015 4174A86B 		.ascii	"At\250kP\327H\350$D\330\273*\210\235]}\276\202\350\020"
 114      50D748E8 
 114      2444D8BB 
 114      2A889D5D 
 114      7DBE82E8 
ARM GAS  C:\Users\JEFFSN~1\AppData\Local\Temp\ccEZs8uE.s 			page 8


 115 002a 8475293C 		.ascii	"\204u)<D\250}P]\272\005/!\010\202>n\035#\304\203'\023"
 115      44A87D50 
 115      5DBA052F 
 115      2108823E 
 115      6E1D23C4 
 116 0041 C388F235 		.ascii	"\303\210\3625\333\253\201\235\331\235\375}\314(\002"
 116      DBAB819D 
 116      D99DFD7D 
 116      CC2802
 117 0050 9958E432 		.ascii	"\231X\3442\312u\210\017$Al\335\023\345B\0020\027\035"
 117      CA75880F 
 117      24416CDD 
 117      13E54202 
 117      30171D
 118 0063 026505B2 		.ascii	"\002e\005\262x\027\337\002w\335\333\315p\264\254u^\277"
 118      7817DF02 
 118      77DDDBCD 
 118      70B4AC75 
 118      5EBF
 119 0075 1C96A776 		.ascii	"\034\226\247v+.\034I\344\011\302D\004\343\021#QF\224"
 119      2B2E1C49 
 119      E409C244 
 119      04E31123 
 119      514694
 120 0088 18FA7AD1 		.ascii	"\030\372z\321+\016\004\012\232c\304\000\370\247\202"
 120      2B0E040A 
 120      9A63C400 
 120      F8A782
 121 0097 80B13C5B 		.ascii	"\200\261<[p\265\347\331\332\275\012_?\206\203 G\262"
 121      70B5E7D9 
 121      DABD0A5F 
 121      3F868320 
 121      47B2
 122 00a9 2F27C549 		.ascii	"/'\305I\364\231\024 #K-\246\231!\336\2040U6P\373\334"
 122      F4991420 
 122      234B2DA6 
 122      9921DE84 
 122      30553650 
 123 00bf E855A78D 		.ascii	"\350U\247\215\222-%\273\3548\265\207`G8R\302\230>\333"
 123      922D25BB 
 123      EC38B587 
 123      60473852 
 123      C2983EDB 
 124 00d3 A58F7EFF 		.ascii	"\245\217~\377\331:\310i\305\255\355\313bS\225\260\237"
 124      D93AC869 
 124      C5ADEDCB 
 124      625395B0 
 124      9F
 125 00e4 2BF0A80A 		.ascii	"+\360\250\012G\210\240\012\036\024\307(\201\032\260"
 125      4788A00A 
 125      1E14C728 
 125      811AB0
 126 00f3 BF66C996 		.ascii	"\277f\311\226\360\345\236\012\347{\322\360\001\205\023"
 126      F0E59E0A 
 126      E77BD2F0 
 126      018513
 127 0102 8635906F 		.ascii	"\2065\220o\257w\204o\250\030g\030\355\265\272\362;}"
ARM GAS  C:\Users\JEFFSN~1\AppData\Local\Temp\ccEZs8uE.s 			page 9


 127      AF77846F 
 127      A8186718 
 127      EDB5BAF2 
 127      3B7D
 128 0114 DC64DA8D 		.ascii	"\334d\332\215\327u\007\015M@\340\364\237V\207\01728"
 128      D775070D 
 128      4D40E0F4 
 128      9F56870F 
 128      3238
 129 0126 6AE24F24 		.ascii	"j\342O$@\277\213\301,\304\353\015\317YI+\275\234\261"
 129      40BF8BC1 
 129      2CC4EB0D 
 129      CF59492B 
 129      BD9CB1
 130 0139 569662A9 		.ascii	"V\226b\251\325t\302\212\317\307R3\223q+\231\261\322"
 130      D574C28A 
 130      CFC75233 
 130      93712B99 
 130      B1D2
 131 014b 6309FA01 		.ascii	"c\011\372\001Zx{L"
 131      5A787B4C 
 132              		.text
 133              		.section	.gnu.lto_.symbol_nodes.4235b721,"",%progbits
 134 0000 789C6361 		.ascii	"x\234ca`dpc\000\002&\206z\006\206\011\347\030@\324\252"
 134      60647063 
 134      00022686 
 134      7A068609 
 134      E71840D4 
 135 0015 0645A000 		.ascii	"\006E\240\000c=#\252\000S=\023\252\000s=3\212\000\003"
 135      633D23AA 
 135      00533D13 
 135      AA00733D 
 135      338A0003 
 136 0029 001ED60E 		.ascii	"\000\036\326\016\374"
 136      FC
 137              		.text
 138              		.section	.gnu.lto_.refs.4235b721,"",%progbits
 139 0000 789C6361 		.ascii	"x\234ca`\004B \000\000\0009\000\007"
 139      60044220 
 139      00000039 
 139      0007
 140              		.text
 141              		.section	.gnu.lto_.decls.4235b721,"",%progbits
 142 0000 789C8D92 		.ascii	"x\234\215\222]H\024Q\024\307\357\231\231]e\334\276D"
 142      5D481451 
 142      14C7EF99 
 142      995D65DC 
 142      BE44
 143 0012 CA87A1CC 		.ascii	"\312\207\241\314'\237\226D\002!\250@\311^\312P\264\027"
 143      279F9644 
 143      0221A840 
 143      C95ECA50 
 143      B417
 144 0024 41561DCC 		.ascii	"AV\035\314\027\215m\015|\010\256\256\201\026\224\022"
 144      178D6D0D 
 144      7C08AEAE 
 144      81169412 
ARM GAS  C:\Users\JEFFSN~1\AppData\Local\Temp\ccEZs8uE.s 			page 10


 145 0034 568A9416 		.ascii	"V\212\224\026\224\346\346j\353\232\273e\256Y\012\201"
 145      94E6E66A 
 145      EB9ABB65 
 145      AE590A81 
 146 0044 9008826E 		.ascii	"\220\010\202n\220\241>X\022F\373ba\333\271wgv\246\332"
 146      90A13E58 
 146      1246FB62 
 146      61DBB977 
 146      6776A6DA 
 147 0058 C00377EE 		.ascii	"\300\003w\356=\367\236\377\357\234{\346J\004\010\263"
 147      3DF79EFF 
 147      EF9C7BE6 
 147      4A0408B3 
 148 0068 631221B7 		.ascii	"c\022!\267pV\320\215\242Yp]J\014\303c\342\303\341\307"
 148      7056D08D 
 148      A259705D 
 148      4A0CC363 
 148      E2C3E1C7 
 149 007c 31862348 		.ascii	"1\206#H\3765vn\325t\203\214\205c\002\3078\216B-\006"
 149      FE35766E 
 149      D574838C 
 149      856302C7 
 149      388E422D 
 150 0091 B4B8BFCD 		.ascii	"\264\270\277\315\237@\0332\351u\255?\201\226\325c1\351"
 150      9F401B32 
 150      E975AD3F 
 150      8196D563 
 150      31E9
 151 00a3 0A13E8C6 		.ascii	"\012\023\350\306\022\350\202;\320%\272\347\266\000\335"
 151      12E8823B 
 151      D025BAE7 
 151      B600DD
 152 00b2 93F7A62C 		.ascii	"\223\367\246,aX\004 \300\215h}$lG\233\331\002b\216\240"
 152      61580420 
 152      C08D687D 
 152      246C479B 
 152      D902628E 
 153 00c7 F3400FD2 		.ascii	"\363@\017\322S\360p \002\217\217\357\353q\361\234Q\335"
 153      53F07020 
 153      028F8FEF 
 153      EB71F19C 
 153      51DD
 154 00d9 8C2D889B 		.ascii	"\214-\210\233\036\011\177B\031\325p\321\027\014\201"
 154      1E097F42 
 154      19D570D1 
 154      170C81
 155 00e8 89A755AF 		.ascii	"\211\247U\257\345\007sZ\216\026\365KO\0076\266m\"2q"
 155      E507735A 
 155      8E16F54B 
 155      4F0736B6 
 155      6D223271 
 156 00fc FD71ABEF 		.ascii	"\375q\253\357\224\335C\321\332(\025\016\032\235\361"
 156      94DD43D1 
 156      DA28150E 
 156      1A9DF1
 157 010b 5E5DED4F 		.ascii	"^]\355O\216\010\240\310\020\005\346o\004\266v\305|v"
 157      8E08A0C8 
ARM GAS  C:\Users\JEFFSN~1\AppData\Local\Temp\ccEZs8uE.s 			page 11


 157      1005E66F 
 157      04B676C5 
 157      7C76
 158 011d DCD9BEF2 		.ascii	"\334\331\276\362+E<\300\326\302\374\312\300\272\004"
 158      2B453CC0 
 158      D6C2FCCA 
 158      C0BA04
 159 012c 59F22386 		.ascii	"Y\362#\206Y\376\271z<@\351^\030\004\031< B?\330Y\005"
 159      59FEB97A 
 159      3C40E95E 
 159      1804193C 
 159      20423FD8 
 160 0142 8A8CDF16 		.ascii	"\212\214\337\026J\233\350\346\003jM'\220\243\300\021"
 160      4A9BE8E6 
 160      036A4D27 
 160      90A3C011 
 161 0152 85C053C8 		.ascii	"\205\300S\310bL\026\005\003\240\300\023P\030\177\355"
 161      624C1605 
 161      03A0C013 
 161      50187FED 
 162 0162 CEFD2F56 		.ascii	"\316\375/V\011\333\3159\025\022\333\233k\036\352\026"
 162      09DBCD39 
 162      1512DB9B 
 162      6B1EEA16 
 163 0172 B1845419 		.ascii	"\261\204T\031$t\277\315v\255\354F7M\206\014t=\301\017"
 163      2474BFCD 
 163      76ADEC46 
 163      374D860C 
 163      743DC10F 
 164 0186 1BD6F4DB 		.ascii	"\033\326\364\333\374*n\232!A\351~\030F\340\020\002\011"
 164      FC2A6E9A 
 164      2141E97E 
 164      1846E010 
 164      0209
 165 0198 3C8374FC 		.ascii	"<\203t\374zA\212\335\356\306\335\245%9\263\207\366\014"
 165      7A418ADD 
 165      EEC6DDA5 
 165      2539B387 
 165      F60C
 166 01aa D1E5E85A 		.ascii	"\321\345\350ZN'\0155\243N`a\320g\024\215K6=\20606\324"
 166      4E270D35 
 166      A34E6061 
 166      D067148D 
 166      4B363D86 
 167 01c1 0799A8FC 		.ascii	"\007\231\250\374\2640\023\266\210\345\274\011\341\037"
 167      B43013B6 
 167      88E5BC09 
 167      E11F
 168 01cf 0F23B618 		.ascii	"\017#\266\030%\024\231\266\321\266FJOr\306\210\301\030"
 168      251499B6 
 168      D1B6464A 
 168      4F72C688 
 168      C118
 169 01e1 3133FC9C 		.ascii	"13\374\234\321\321;\353\267\211N\316x\177\375\255{\217"
 169      D1D13BEB 
 169      B7894ECE 
 169      787FFDAD 
ARM GAS  C:\Users\JEFFSN~1\AppData\Local\Temp\ccEZs8uE.s 			page 12


 169      7B8F
 170 01f3 B96C765F 		.ascii	"\271lv_\243\356\347\274\356\012\255\354\341\336Vw\222"
 170      A3EEE7BC 
 170      EE0AADEC 
 170      E1DE5677 
 170      92
 171 0204 96707E46 		.ascii	"\226p~F\214\227\215Q0j\244\0345\247\034\343)\275\301"
 171      8C978D51 
 171      306AA41C 
 171      35A71CE3 
 171      29BDC1
 172 0217 C5CF205E 		.ascii	"\305\317 ^\341)\033}Mi\032$\370N\257\232!\002\006\""
 172      E1291B7D 
 172      4D691A24 
 172      F84EAF9A 
 172      21020622 
 173 022b 60460439 		.ascii	"`F\0049\"\322\374}\301*\343/t\357\354\027\316\256\367"
 173      22D2FC7D 
 173      C12AE32F 
 173      74EFEC17 
 173      CEAEF7
 174 023e 4693C49B 		.ascii	"F\223\304\233\300\337\210\257\243\263#\011\344\254\004"
 174      C0DF88AF 
 174      A3B32309 
 174      E4AC04
 175 024d F25709E4 		.ascii	"\362W\011\344\332S\362\224\264\267\262\373\215cO^\032"
 175      DA53F294 
 175      B4B7B2FB 
 175      8D634F5E 
 175      1A
 176 025e C5BD0039 		.ascii	"\305\275\0009\326\217\376\257S!\260]c\257\012\233\227"
 176      D68FFEAF 
 176      5321B05D 
 176      63AF0A9B 
 176      97
 177 026f 7A9A071A 		.ascii	"z\232\007\032\315\233\000\033\177\3758o\013\342\233"
 177      CD9B001B 
 177      7FFD386F 
 177      0BE29B
 178 027e 79EF840C 		.ascii	"y\357\204\014\262\002x\016-,\301f\223\251\016\002!\206"
 178      B202780E 
 178      2D2CC166 
 178      93A90E02 
 178      2186
 179 0290 85493C7E 		.ascii	"\205I<~\215\362.\312b\346\200osg\363\004_\363O\212Z"
 179      8DF22ECA 
 179      62E6806F 
 179      7367F304 
 179      5FF34F8A 
 180 02a5 EB529DE5 		.ascii	"\353R\235\345\347\2355.5\271\340lIF^v6\261\324\327\324"
 180      E79D352E 
 180      35B9E06C 
 180      49465E76 
 180      36B1D4D7 
 181 02ba BA720F17 		.ascii	"\272r\017\027\250\265\252\323\341R\253\312\213\353\352"
 181      A8B5AAD3 
 181      E152ABCA 
ARM GAS  C:\Users\JEFFSN~1\AppData\Local\Temp\ccEZs8uE.s 			page 13


 181      8BEBEA
 182 02c9 9D956AD9 		.ascii	"\235\225j\331\271\342\272\274\243e\225\015\256\206\213"
 182      B9E2BABC 
 182      A365950D 
 182      AE868B
 183 02d8 EA25FB05 		.ascii	"\352%\373\005r\350?\021\234i\257$\2511x\261\352\312"
 183      72E83F11 
 183      9C69AF24 
 183      A93178B1 
 183      EACA
 184 02ea 77D65C56 		.ascii	"w\326\\V\317\324U\251rl\253HuT\3553\226\371\016\227"
 184      CFD455A9 
 184      726CAB48 
 184      7554ED33 
 184      96F90E97 
 185 02fe A348AD96 		.ascii	"\243H\255\226\234ju\356o\273\201af"
 185      9C6A75EE 
 185      6FBB8161 
 185      66
 186              		.text
 187              		.section	.gnu.lto_.symtab.4235b721,"",%progbits
 188 0000 656E7465 		.ascii	"enter_Write\000"
 188      725F5772 
 188      69746500 
 189 000c 00       		.ascii	"\000"
 190 000d 00       		.ascii	"\000"
 191 000e 00       		.ascii	"\000"
 192 000f 00000000 		.ascii	"\000\000\000\000\000\000\000\000"
 192      00000000 
 193 0017 B3000000 		.ascii	"\263\000\000\000"
 194 001b 656E7465 		.ascii	"enter_SetDriveMode\000"
 194      725F5365 
 194      74447269 
 194      76654D6F 
 194      646500
 195 002e 00       		.ascii	"\000"
 196 002f 00       		.ascii	"\000"
 197 0030 00       		.ascii	"\000"
 198 0031 00000000 		.ascii	"\000\000\000\000\000\000\000\000"
 198      00000000 
 199 0039 B5000000 		.ascii	"\265\000\000\000"
 200 003d 656E7465 		.ascii	"enter_Read\000"
 200      725F5265 
 200      616400
 201 0048 00       		.ascii	"\000"
 202 0049 00       		.ascii	"\000"
 203 004a 00       		.ascii	"\000"
 204 004b 00000000 		.ascii	"\000\000\000\000\000\000\000\000"
 204      00000000 
 205 0053 B8000000 		.ascii	"\270\000\000\000"
 206 0057 656E7465 		.ascii	"enter_ReadDataReg\000"
 206      725F5265 
 206      61644461 
 206      74615265 
 206      6700
 207 0069 00       		.ascii	"\000"
 208 006a 00       		.ascii	"\000"
ARM GAS  C:\Users\JEFFSN~1\AppData\Local\Temp\ccEZs8uE.s 			page 14


 209 006b 00       		.ascii	"\000"
 210 006c 00000000 		.ascii	"\000\000\000\000\000\000\000\000"
 210      00000000 
 211 0074 BA000000 		.ascii	"\272\000\000\000"
 212              		.text
 213              		.section	.gnu.lto_.opts,"",%progbits
 214 0000 272D666D 		.ascii	"'-fmath-errno' '-fsigned-zeros' '-ftrapping-math' '"
 214      6174682D 
 214      6572726E 
 214      6F272027 
 214      2D667369 
 215 0033 2D666E6F 		.ascii	"-fno-trapv' '-fno-strict-overflow' '-fno-openmp' '-"
 215      2D747261 
 215      70762720 
 215      272D666E 
 215      6F2D7374 
 216 0066 666E6F2D 		.ascii	"fno-openacc' '-mcpu=cortex-m3' '-mthumb' '-g' '-Og'"
 216      6F70656E 
 216      61636327 
 216      20272D6D 
 216      6370753D 
 217 0099 20272D66 		.ascii	" '-ffunction-sections' '-ffat-lto-objects' '-finlin"
 217      66756E63 
 217      74696F6E 
 217      2D736563 
 217      74696F6E 
 218 00cc 652D6675 		.ascii	"e-functions' '-flto'\000"
 218      6E637469 
 218      6F6E7327 
 218      20272D66 
 218      6C746F27 
 219              		.text
 220              		.cfi_sections	.debug_frame
 221              		.section	.text.enter_Write,"ax",%progbits
 222              		.align	2
 223              		.global	enter_Write
 224              		.thumb
 225              		.thumb_func
 226              		.type	enter_Write, %function
 227              	enter_Write:
 228              	.LFB0:
 229              		.file 1 "Generated_Source\\PSoC5\\enter.c"
   1:Generated_Source\PSoC5/enter.c **** /*******************************************************************************
   2:Generated_Source\PSoC5/enter.c **** * File Name: enter.c  
   3:Generated_Source\PSoC5/enter.c **** * Version 2.20
   4:Generated_Source\PSoC5/enter.c **** *
   5:Generated_Source\PSoC5/enter.c **** * Description:
   6:Generated_Source\PSoC5/enter.c **** *  This file contains API to enable firmware control of a Pins component.
   7:Generated_Source\PSoC5/enter.c **** *
   8:Generated_Source\PSoC5/enter.c **** * Note:
   9:Generated_Source\PSoC5/enter.c **** *
  10:Generated_Source\PSoC5/enter.c **** ********************************************************************************
  11:Generated_Source\PSoC5/enter.c **** * Copyright 2008-2015, Cypress Semiconductor Corporation.  All rights reserved.
  12:Generated_Source\PSoC5/enter.c **** * You may use this file only in accordance with the license, terms, conditions, 
  13:Generated_Source\PSoC5/enter.c **** * disclaimers, and limitations in the end user license agreement accompanying 
  14:Generated_Source\PSoC5/enter.c **** * the software package with which this file was provided.
  15:Generated_Source\PSoC5/enter.c **** *******************************************************************************/
ARM GAS  C:\Users\JEFFSN~1\AppData\Local\Temp\ccEZs8uE.s 			page 15


  16:Generated_Source\PSoC5/enter.c **** 
  17:Generated_Source\PSoC5/enter.c **** #include "cytypes.h"
  18:Generated_Source\PSoC5/enter.c **** #include "enter.h"
  19:Generated_Source\PSoC5/enter.c **** 
  20:Generated_Source\PSoC5/enter.c **** /* APIs are not generated for P15[7:6] on PSoC 5 */
  21:Generated_Source\PSoC5/enter.c **** #if !(CY_PSOC5A &&\
  22:Generated_Source\PSoC5/enter.c **** 	 enter__PORT == 15 && ((enter__MASK & 0xC0) != 0))
  23:Generated_Source\PSoC5/enter.c **** 
  24:Generated_Source\PSoC5/enter.c **** 
  25:Generated_Source\PSoC5/enter.c **** /*******************************************************************************
  26:Generated_Source\PSoC5/enter.c **** * Function Name: enter_Write
  27:Generated_Source\PSoC5/enter.c **** ****************************************************************************//**
  28:Generated_Source\PSoC5/enter.c **** *
  29:Generated_Source\PSoC5/enter.c **** * \brief Writes the value to the physical port (data output register), masking
  30:Generated_Source\PSoC5/enter.c **** *  and shifting the bits appropriately. 
  31:Generated_Source\PSoC5/enter.c **** *
  32:Generated_Source\PSoC5/enter.c **** * The data output register controls the signal applied to the physical pin in 
  33:Generated_Source\PSoC5/enter.c **** * conjunction with the drive mode parameter. This function avoids changing 
  34:Generated_Source\PSoC5/enter.c **** * other bits in the port by using the appropriate method (read-modify-write or
  35:Generated_Source\PSoC5/enter.c **** * bit banding).
  36:Generated_Source\PSoC5/enter.c **** *
  37:Generated_Source\PSoC5/enter.c **** * <b>Note</b> This function should not be used on a hardware digital output pin 
  38:Generated_Source\PSoC5/enter.c **** * as it is driven by the hardware signal attached to it.
  39:Generated_Source\PSoC5/enter.c **** *
  40:Generated_Source\PSoC5/enter.c **** * \param value
  41:Generated_Source\PSoC5/enter.c **** *  Value to write to the component instance.
  42:Generated_Source\PSoC5/enter.c **** *
  43:Generated_Source\PSoC5/enter.c **** * \return 
  44:Generated_Source\PSoC5/enter.c **** *  None 
  45:Generated_Source\PSoC5/enter.c **** *
  46:Generated_Source\PSoC5/enter.c **** * \sideeffect
  47:Generated_Source\PSoC5/enter.c **** *  If you use read-modify-write operations that are not atomic; the Interrupt 
  48:Generated_Source\PSoC5/enter.c **** *  Service Routines (ISR) can cause corruption of this function. An ISR that 
  49:Generated_Source\PSoC5/enter.c **** *  interrupts this function and performs writes to the Pins component data 
  50:Generated_Source\PSoC5/enter.c **** *  register can cause corrupted port data. To avoid this issue, you should 
  51:Generated_Source\PSoC5/enter.c **** *  either use the Per-Pin APIs (primary method) or disable interrupts around 
  52:Generated_Source\PSoC5/enter.c **** *  this function.
  53:Generated_Source\PSoC5/enter.c **** *
  54:Generated_Source\PSoC5/enter.c **** * \funcusage
  55:Generated_Source\PSoC5/enter.c **** *  \snippet enter_SUT.c usage_enter_Write
  56:Generated_Source\PSoC5/enter.c **** *******************************************************************************/
  57:Generated_Source\PSoC5/enter.c **** void enter_Write(uint8 value)
  58:Generated_Source\PSoC5/enter.c **** {
 230              		.loc 1 58 0
 231              		.cfi_startproc
 232              		@ args = 0, pretend = 0, frame = 0
 233              		@ frame_needed = 0, uses_anonymous_args = 0
 234              		@ link register save eliminated.
 235              	.LVL0:
  59:Generated_Source\PSoC5/enter.c ****     uint8 staticBits = (enter_DR & (uint8)(~enter_MASK));
 236              		.loc 1 59 0
 237 0000 044A     		ldr	r2, .L2
 238 0002 1378     		ldrb	r3, [r2]	@ zero_extendqisi2
 239 0004 03F0FB03 		and	r3, r3, #251
 240              	.LVL1:
  60:Generated_Source\PSoC5/enter.c ****     enter_DR = staticBits | ((uint8)(value << enter_SHIFT) & enter_MASK);
 241              		.loc 1 60 0
ARM GAS  C:\Users\JEFFSN~1\AppData\Local\Temp\ccEZs8uE.s 			page 16


 242 0008 8000     		lsls	r0, r0, #2
 243              	.LVL2:
 244 000a 00F00400 		and	r0, r0, #4
 245 000e 1843     		orrs	r0, r0, r3
 246 0010 1070     		strb	r0, [r2]
 247 0012 7047     		bx	lr
 248              	.L3:
 249              		.align	2
 250              	.L2:
 251 0014 F0510040 		.word	1073762800
 252              		.cfi_endproc
 253              	.LFE0:
 254              		.size	enter_Write, .-enter_Write
 255              		.section	.text.enter_SetDriveMode,"ax",%progbits
 256              		.align	2
 257              		.global	enter_SetDriveMode
 258              		.thumb
 259              		.thumb_func
 260              		.type	enter_SetDriveMode, %function
 261              	enter_SetDriveMode:
 262              	.LFB1:
  61:Generated_Source\PSoC5/enter.c **** }
  62:Generated_Source\PSoC5/enter.c **** 
  63:Generated_Source\PSoC5/enter.c **** 
  64:Generated_Source\PSoC5/enter.c **** /*******************************************************************************
  65:Generated_Source\PSoC5/enter.c **** * Function Name: enter_SetDriveMode
  66:Generated_Source\PSoC5/enter.c **** ****************************************************************************//**
  67:Generated_Source\PSoC5/enter.c **** *
  68:Generated_Source\PSoC5/enter.c **** * \brief Sets the drive mode for each of the Pins component's pins.
  69:Generated_Source\PSoC5/enter.c **** * 
  70:Generated_Source\PSoC5/enter.c **** * <b>Note</b> This affects all pins in the Pins component instance. Use the
  71:Generated_Source\PSoC5/enter.c **** * Per-Pin APIs if you wish to control individual pin's drive modes.
  72:Generated_Source\PSoC5/enter.c **** *
  73:Generated_Source\PSoC5/enter.c **** * \param mode
  74:Generated_Source\PSoC5/enter.c **** *  Mode for the selected signals. Valid options are documented in 
  75:Generated_Source\PSoC5/enter.c **** *  \ref driveMode.
  76:Generated_Source\PSoC5/enter.c **** *
  77:Generated_Source\PSoC5/enter.c **** * \return
  78:Generated_Source\PSoC5/enter.c **** *  None
  79:Generated_Source\PSoC5/enter.c **** *
  80:Generated_Source\PSoC5/enter.c **** * \sideeffect
  81:Generated_Source\PSoC5/enter.c **** *  If you use read-modify-write operations that are not atomic, the ISR can
  82:Generated_Source\PSoC5/enter.c **** *  cause corruption of this function. An ISR that interrupts this function 
  83:Generated_Source\PSoC5/enter.c **** *  and performs writes to the Pins component Drive Mode registers can cause 
  84:Generated_Source\PSoC5/enter.c **** *  corrupted port data. To avoid this issue, you should either use the Per-Pin
  85:Generated_Source\PSoC5/enter.c **** *  APIs (primary method) or disable interrupts around this function.
  86:Generated_Source\PSoC5/enter.c **** *
  87:Generated_Source\PSoC5/enter.c **** * \funcusage
  88:Generated_Source\PSoC5/enter.c **** *  \snippet enter_SUT.c usage_enter_SetDriveMode
  89:Generated_Source\PSoC5/enter.c **** *******************************************************************************/
  90:Generated_Source\PSoC5/enter.c **** void enter_SetDriveMode(uint8 mode)
  91:Generated_Source\PSoC5/enter.c **** {
 263              		.loc 1 91 0
 264              		.cfi_startproc
 265              		@ args = 0, pretend = 0, frame = 0
 266              		@ frame_needed = 0, uses_anonymous_args = 0
 267              		@ link register save eliminated.
ARM GAS  C:\Users\JEFFSN~1\AppData\Local\Temp\ccEZs8uE.s 			page 17


 268              	.LVL3:
  92:Generated_Source\PSoC5/enter.c **** 	CyPins_SetPinDriveMode(enter_0, mode);
 269              		.loc 1 92 0
 270 0000 044A     		ldr	r2, .L5
 271 0002 1378     		ldrb	r3, [r2]	@ zero_extendqisi2
 272 0004 03F0F103 		and	r3, r3, #241
 273 0008 00F00E00 		and	r0, r0, #14
 274              	.LVL4:
 275 000c 1843     		orrs	r0, r0, r3
 276 000e 1070     		strb	r0, [r2]
 277 0010 7047     		bx	lr
 278              	.L6:
 279 0012 00BF     		.align	2
 280              	.L5:
 281 0014 7A500040 		.word	1073762426
 282              		.cfi_endproc
 283              	.LFE1:
 284              		.size	enter_SetDriveMode, .-enter_SetDriveMode
 285              		.section	.text.enter_Read,"ax",%progbits
 286              		.align	2
 287              		.global	enter_Read
 288              		.thumb
 289              		.thumb_func
 290              		.type	enter_Read, %function
 291              	enter_Read:
 292              	.LFB2:
  93:Generated_Source\PSoC5/enter.c **** }
  94:Generated_Source\PSoC5/enter.c **** 
  95:Generated_Source\PSoC5/enter.c **** 
  96:Generated_Source\PSoC5/enter.c **** /*******************************************************************************
  97:Generated_Source\PSoC5/enter.c **** * Function Name: enter_Read
  98:Generated_Source\PSoC5/enter.c **** ****************************************************************************//**
  99:Generated_Source\PSoC5/enter.c **** *
 100:Generated_Source\PSoC5/enter.c **** * \brief Reads the associated physical port (pin status register) and masks 
 101:Generated_Source\PSoC5/enter.c **** *  the required bits according to the width and bit position of the component
 102:Generated_Source\PSoC5/enter.c **** *  instance. 
 103:Generated_Source\PSoC5/enter.c **** *
 104:Generated_Source\PSoC5/enter.c **** * The pin's status register returns the current logic level present on the 
 105:Generated_Source\PSoC5/enter.c **** * physical pin.
 106:Generated_Source\PSoC5/enter.c **** *
 107:Generated_Source\PSoC5/enter.c **** * \return 
 108:Generated_Source\PSoC5/enter.c **** *  The current value for the pins in the component as a right justified number.
 109:Generated_Source\PSoC5/enter.c **** *
 110:Generated_Source\PSoC5/enter.c **** * \funcusage
 111:Generated_Source\PSoC5/enter.c **** *  \snippet enter_SUT.c usage_enter_Read  
 112:Generated_Source\PSoC5/enter.c **** *******************************************************************************/
 113:Generated_Source\PSoC5/enter.c **** uint8 enter_Read(void)
 114:Generated_Source\PSoC5/enter.c **** {
 293              		.loc 1 114 0
 294              		.cfi_startproc
 295              		@ args = 0, pretend = 0, frame = 0
 296              		@ frame_needed = 0, uses_anonymous_args = 0
 297              		@ link register save eliminated.
 115:Generated_Source\PSoC5/enter.c ****     return (enter_PS & enter_MASK) >> enter_SHIFT;
 298              		.loc 1 115 0
 299 0000 024B     		ldr	r3, .L8
 300 0002 1878     		ldrb	r0, [r3]	@ zero_extendqisi2
ARM GAS  C:\Users\JEFFSN~1\AppData\Local\Temp\ccEZs8uE.s 			page 18


 116:Generated_Source\PSoC5/enter.c **** }
 301              		.loc 1 116 0
 302 0004 C0F38000 		ubfx	r0, r0, #2, #1
 303 0008 7047     		bx	lr
 304              	.L9:
 305 000a 00BF     		.align	2
 306              	.L8:
 307 000c F1510040 		.word	1073762801
 308              		.cfi_endproc
 309              	.LFE2:
 310              		.size	enter_Read, .-enter_Read
 311              		.section	.text.enter_ReadDataReg,"ax",%progbits
 312              		.align	2
 313              		.global	enter_ReadDataReg
 314              		.thumb
 315              		.thumb_func
 316              		.type	enter_ReadDataReg, %function
 317              	enter_ReadDataReg:
 318              	.LFB3:
 117:Generated_Source\PSoC5/enter.c **** 
 118:Generated_Source\PSoC5/enter.c **** 
 119:Generated_Source\PSoC5/enter.c **** /*******************************************************************************
 120:Generated_Source\PSoC5/enter.c **** * Function Name: enter_ReadDataReg
 121:Generated_Source\PSoC5/enter.c **** ****************************************************************************//**
 122:Generated_Source\PSoC5/enter.c **** *
 123:Generated_Source\PSoC5/enter.c **** * \brief Reads the associated physical port's data output register and masks 
 124:Generated_Source\PSoC5/enter.c **** *  the correct bits according to the width and bit position of the component 
 125:Generated_Source\PSoC5/enter.c **** *  instance. 
 126:Generated_Source\PSoC5/enter.c **** *
 127:Generated_Source\PSoC5/enter.c **** * The data output register controls the signal applied to the physical pin in 
 128:Generated_Source\PSoC5/enter.c **** * conjunction with the drive mode parameter. This is not the same as the 
 129:Generated_Source\PSoC5/enter.c **** * preferred enter_Read() API because the 
 130:Generated_Source\PSoC5/enter.c **** * enter_ReadDataReg() reads the data register instead of the status 
 131:Generated_Source\PSoC5/enter.c **** * register. For output pins this is a useful function to determine the value 
 132:Generated_Source\PSoC5/enter.c **** * just written to the pin.
 133:Generated_Source\PSoC5/enter.c **** *
 134:Generated_Source\PSoC5/enter.c **** * \return 
 135:Generated_Source\PSoC5/enter.c **** *  The current value of the data register masked and shifted into a right 
 136:Generated_Source\PSoC5/enter.c **** *  justified number for the component instance.
 137:Generated_Source\PSoC5/enter.c **** *
 138:Generated_Source\PSoC5/enter.c **** * \funcusage
 139:Generated_Source\PSoC5/enter.c **** *  \snippet enter_SUT.c usage_enter_ReadDataReg 
 140:Generated_Source\PSoC5/enter.c **** *******************************************************************************/
 141:Generated_Source\PSoC5/enter.c **** uint8 enter_ReadDataReg(void)
 142:Generated_Source\PSoC5/enter.c **** {
 319              		.loc 1 142 0
 320              		.cfi_startproc
 321              		@ args = 0, pretend = 0, frame = 0
 322              		@ frame_needed = 0, uses_anonymous_args = 0
 323              		@ link register save eliminated.
 143:Generated_Source\PSoC5/enter.c ****     return (enter_DR & enter_MASK) >> enter_SHIFT;
 324              		.loc 1 143 0
 325 0000 024B     		ldr	r3, .L11
 326 0002 1878     		ldrb	r0, [r3]	@ zero_extendqisi2
 144:Generated_Source\PSoC5/enter.c **** }
 327              		.loc 1 144 0
 328 0004 C0F38000 		ubfx	r0, r0, #2, #1
ARM GAS  C:\Users\JEFFSN~1\AppData\Local\Temp\ccEZs8uE.s 			page 19


 329 0008 7047     		bx	lr
 330              	.L12:
 331 000a 00BF     		.align	2
 332              	.L11:
 333 000c F0510040 		.word	1073762800
 334              		.cfi_endproc
 335              	.LFE3:
 336              		.size	enter_ReadDataReg, .-enter_ReadDataReg
 337              		.text
 338              	.Letext0:
 339              		.file 2 "Generated_Source\\PSoC5\\cytypes.h"
 340              		.section	.debug_info,"",%progbits
 341              	.Ldebug_info0:
 342 0000 1B010000 		.4byte	0x11b
 343 0004 0400     		.2byte	0x4
 344 0006 00000000 		.4byte	.Ldebug_abbrev0
 345 000a 04       		.byte	0x4
 346 000b 01       		.uleb128 0x1
 347 000c 81000000 		.4byte	.LASF20
 348 0010 0C       		.byte	0xc
 349 0011 09020000 		.4byte	.LASF21
 350 0015 81010000 		.4byte	.LASF22
 351 0019 00000000 		.4byte	.Ldebug_ranges0+0
 352 001d 00000000 		.4byte	0
 353 0021 00000000 		.4byte	.Ldebug_line0
 354 0025 02       		.uleb128 0x2
 355 0026 01       		.byte	0x1
 356 0027 06       		.byte	0x6
 357 0028 17000000 		.4byte	.LASF0
 358 002c 02       		.uleb128 0x2
 359 002d 01       		.byte	0x1
 360 002e 08       		.byte	0x8
 361 002f 23000000 		.4byte	.LASF1
 362 0033 02       		.uleb128 0x2
 363 0034 02       		.byte	0x2
 364 0035 05       		.byte	0x5
 365 0036 F0010000 		.4byte	.LASF2
 366 003a 02       		.uleb128 0x2
 367 003b 02       		.byte	0x2
 368 003c 07       		.byte	0x7
 369 003d 48000000 		.4byte	.LASF3
 370 0041 02       		.uleb128 0x2
 371 0042 04       		.byte	0x4
 372 0043 05       		.byte	0x5
 373 0044 00020000 		.4byte	.LASF4
 374 0048 02       		.uleb128 0x2
 375 0049 04       		.byte	0x4
 376 004a 07       		.byte	0x7
 377 004b 36000000 		.4byte	.LASF5
 378 004f 02       		.uleb128 0x2
 379 0050 08       		.byte	0x8
 380 0051 05       		.byte	0x5
 381 0052 5B010000 		.4byte	.LASF6
 382 0056 02       		.uleb128 0x2
 383 0057 08       		.byte	0x8
 384 0058 07       		.byte	0x7
 385 0059 34010000 		.4byte	.LASF7
ARM GAS  C:\Users\JEFFSN~1\AppData\Local\Temp\ccEZs8uE.s 			page 20


 386 005d 03       		.uleb128 0x3
 387 005e 04       		.byte	0x4
 388 005f 05       		.byte	0x5
 389 0060 696E7400 		.ascii	"int\000"
 390 0064 02       		.uleb128 0x2
 391 0065 04       		.byte	0x4
 392 0066 07       		.byte	0x7
 393 0067 74000000 		.4byte	.LASF8
 394 006b 04       		.uleb128 0x4
 395 006c FA010000 		.4byte	.LASF12
 396 0070 02       		.byte	0x2
 397 0071 E901     		.2byte	0x1e9
 398 0073 2C000000 		.4byte	0x2c
 399 0077 02       		.uleb128 0x2
 400 0078 04       		.byte	0x4
 401 0079 04       		.byte	0x4
 402 007a 11000000 		.4byte	.LASF9
 403 007e 02       		.uleb128 0x2
 404 007f 08       		.byte	0x8
 405 0080 04       		.byte	0x4
 406 0081 6D000000 		.4byte	.LASF10
 407 0085 02       		.uleb128 0x2
 408 0086 01       		.byte	0x1
 409 0087 08       		.byte	0x8
 410 0088 69010000 		.4byte	.LASF11
 411 008c 04       		.uleb128 0x4
 412 008d 31000000 		.4byte	.LASF13
 413 0091 02       		.byte	0x2
 414 0092 9302     		.2byte	0x293
 415 0094 98000000 		.4byte	0x98
 416 0098 05       		.uleb128 0x5
 417 0099 6B000000 		.4byte	0x6b
 418 009d 06       		.uleb128 0x6
 419 009e 28010000 		.4byte	.LASF14
 420 00a2 01       		.byte	0x1
 421 00a3 39       		.byte	0x39
 422 00a4 00000000 		.4byte	.LFB0
 423 00a8 18000000 		.4byte	.LFE0-.LFB0
 424 00ac 01       		.uleb128 0x1
 425 00ad 9C       		.byte	0x9c
 426 00ae CF000000 		.4byte	0xcf
 427 00b2 07       		.uleb128 0x7
 428 00b3 00000000 		.4byte	.LASF16
 429 00b7 01       		.byte	0x1
 430 00b8 39       		.byte	0x39
 431 00b9 6B000000 		.4byte	0x6b
 432 00bd 00000000 		.4byte	.LLST0
 433 00c1 08       		.uleb128 0x8
 434 00c2 06000000 		.4byte	.LASF23
 435 00c6 01       		.byte	0x1
 436 00c7 3B       		.byte	0x3b
 437 00c8 6B000000 		.4byte	0x6b
 438 00cc 01       		.uleb128 0x1
 439 00cd 53       		.byte	0x53
 440 00ce 00       		.byte	0
 441 00cf 06       		.uleb128 0x6
 442 00d0 6E010000 		.4byte	.LASF15
ARM GAS  C:\Users\JEFFSN~1\AppData\Local\Temp\ccEZs8uE.s 			page 21


 443 00d4 01       		.byte	0x1
 444 00d5 5A       		.byte	0x5a
 445 00d6 00000000 		.4byte	.LFB1
 446 00da 18000000 		.4byte	.LFE1-.LFB1
 447 00de 01       		.uleb128 0x1
 448 00df 9C       		.byte	0x9c
 449 00e0 F4000000 		.4byte	0xf4
 450 00e4 07       		.uleb128 0x7
 451 00e5 4B010000 		.4byte	.LASF17
 452 00e9 01       		.byte	0x1
 453 00ea 5A       		.byte	0x5a
 454 00eb 6B000000 		.4byte	0x6b
 455 00ef 21000000 		.4byte	.LLST1
 456 00f3 00       		.byte	0
 457 00f4 09       		.uleb128 0x9
 458 00f5 50010000 		.4byte	.LASF18
 459 00f9 01       		.byte	0x1
 460 00fa 71       		.byte	0x71
 461 00fb 6B000000 		.4byte	0x6b
 462 00ff 00000000 		.4byte	.LFB2
 463 0103 10000000 		.4byte	.LFE2-.LFB2
 464 0107 01       		.uleb128 0x1
 465 0108 9C       		.byte	0x9c
 466 0109 09       		.uleb128 0x9
 467 010a 5B000000 		.4byte	.LASF19
 468 010e 01       		.byte	0x1
 469 010f 8D       		.byte	0x8d
 470 0110 6B000000 		.4byte	0x6b
 471 0114 00000000 		.4byte	.LFB3
 472 0118 10000000 		.4byte	.LFE3-.LFB3
 473 011c 01       		.uleb128 0x1
 474 011d 9C       		.byte	0x9c
 475 011e 00       		.byte	0
 476              		.section	.debug_abbrev,"",%progbits
 477              	.Ldebug_abbrev0:
 478 0000 01       		.uleb128 0x1
 479 0001 11       		.uleb128 0x11
 480 0002 01       		.byte	0x1
 481 0003 25       		.uleb128 0x25
 482 0004 0E       		.uleb128 0xe
 483 0005 13       		.uleb128 0x13
 484 0006 0B       		.uleb128 0xb
 485 0007 03       		.uleb128 0x3
 486 0008 0E       		.uleb128 0xe
 487 0009 1B       		.uleb128 0x1b
 488 000a 0E       		.uleb128 0xe
 489 000b 55       		.uleb128 0x55
 490 000c 17       		.uleb128 0x17
 491 000d 11       		.uleb128 0x11
 492 000e 01       		.uleb128 0x1
 493 000f 10       		.uleb128 0x10
 494 0010 17       		.uleb128 0x17
 495 0011 00       		.byte	0
 496 0012 00       		.byte	0
 497 0013 02       		.uleb128 0x2
 498 0014 24       		.uleb128 0x24
 499 0015 00       		.byte	0
ARM GAS  C:\Users\JEFFSN~1\AppData\Local\Temp\ccEZs8uE.s 			page 22


 500 0016 0B       		.uleb128 0xb
 501 0017 0B       		.uleb128 0xb
 502 0018 3E       		.uleb128 0x3e
 503 0019 0B       		.uleb128 0xb
 504 001a 03       		.uleb128 0x3
 505 001b 0E       		.uleb128 0xe
 506 001c 00       		.byte	0
 507 001d 00       		.byte	0
 508 001e 03       		.uleb128 0x3
 509 001f 24       		.uleb128 0x24
 510 0020 00       		.byte	0
 511 0021 0B       		.uleb128 0xb
 512 0022 0B       		.uleb128 0xb
 513 0023 3E       		.uleb128 0x3e
 514 0024 0B       		.uleb128 0xb
 515 0025 03       		.uleb128 0x3
 516 0026 08       		.uleb128 0x8
 517 0027 00       		.byte	0
 518 0028 00       		.byte	0
 519 0029 04       		.uleb128 0x4
 520 002a 16       		.uleb128 0x16
 521 002b 00       		.byte	0
 522 002c 03       		.uleb128 0x3
 523 002d 0E       		.uleb128 0xe
 524 002e 3A       		.uleb128 0x3a
 525 002f 0B       		.uleb128 0xb
 526 0030 3B       		.uleb128 0x3b
 527 0031 05       		.uleb128 0x5
 528 0032 49       		.uleb128 0x49
 529 0033 13       		.uleb128 0x13
 530 0034 00       		.byte	0
 531 0035 00       		.byte	0
 532 0036 05       		.uleb128 0x5
 533 0037 35       		.uleb128 0x35
 534 0038 00       		.byte	0
 535 0039 49       		.uleb128 0x49
 536 003a 13       		.uleb128 0x13
 537 003b 00       		.byte	0
 538 003c 00       		.byte	0
 539 003d 06       		.uleb128 0x6
 540 003e 2E       		.uleb128 0x2e
 541 003f 01       		.byte	0x1
 542 0040 3F       		.uleb128 0x3f
 543 0041 19       		.uleb128 0x19
 544 0042 03       		.uleb128 0x3
 545 0043 0E       		.uleb128 0xe
 546 0044 3A       		.uleb128 0x3a
 547 0045 0B       		.uleb128 0xb
 548 0046 3B       		.uleb128 0x3b
 549 0047 0B       		.uleb128 0xb
 550 0048 27       		.uleb128 0x27
 551 0049 19       		.uleb128 0x19
 552 004a 11       		.uleb128 0x11
 553 004b 01       		.uleb128 0x1
 554 004c 12       		.uleb128 0x12
 555 004d 06       		.uleb128 0x6
 556 004e 40       		.uleb128 0x40
ARM GAS  C:\Users\JEFFSN~1\AppData\Local\Temp\ccEZs8uE.s 			page 23


 557 004f 18       		.uleb128 0x18
 558 0050 9742     		.uleb128 0x2117
 559 0052 19       		.uleb128 0x19
 560 0053 01       		.uleb128 0x1
 561 0054 13       		.uleb128 0x13
 562 0055 00       		.byte	0
 563 0056 00       		.byte	0
 564 0057 07       		.uleb128 0x7
 565 0058 05       		.uleb128 0x5
 566 0059 00       		.byte	0
 567 005a 03       		.uleb128 0x3
 568 005b 0E       		.uleb128 0xe
 569 005c 3A       		.uleb128 0x3a
 570 005d 0B       		.uleb128 0xb
 571 005e 3B       		.uleb128 0x3b
 572 005f 0B       		.uleb128 0xb
 573 0060 49       		.uleb128 0x49
 574 0061 13       		.uleb128 0x13
 575 0062 02       		.uleb128 0x2
 576 0063 17       		.uleb128 0x17
 577 0064 00       		.byte	0
 578 0065 00       		.byte	0
 579 0066 08       		.uleb128 0x8
 580 0067 34       		.uleb128 0x34
 581 0068 00       		.byte	0
 582 0069 03       		.uleb128 0x3
 583 006a 0E       		.uleb128 0xe
 584 006b 3A       		.uleb128 0x3a
 585 006c 0B       		.uleb128 0xb
 586 006d 3B       		.uleb128 0x3b
 587 006e 0B       		.uleb128 0xb
 588 006f 49       		.uleb128 0x49
 589 0070 13       		.uleb128 0x13
 590 0071 02       		.uleb128 0x2
 591 0072 18       		.uleb128 0x18
 592 0073 00       		.byte	0
 593 0074 00       		.byte	0
 594 0075 09       		.uleb128 0x9
 595 0076 2E       		.uleb128 0x2e
 596 0077 00       		.byte	0
 597 0078 3F       		.uleb128 0x3f
 598 0079 19       		.uleb128 0x19
 599 007a 03       		.uleb128 0x3
 600 007b 0E       		.uleb128 0xe
 601 007c 3A       		.uleb128 0x3a
 602 007d 0B       		.uleb128 0xb
 603 007e 3B       		.uleb128 0x3b
 604 007f 0B       		.uleb128 0xb
 605 0080 27       		.uleb128 0x27
 606 0081 19       		.uleb128 0x19
 607 0082 49       		.uleb128 0x49
 608 0083 13       		.uleb128 0x13
 609 0084 11       		.uleb128 0x11
 610 0085 01       		.uleb128 0x1
 611 0086 12       		.uleb128 0x12
 612 0087 06       		.uleb128 0x6
 613 0088 40       		.uleb128 0x40
ARM GAS  C:\Users\JEFFSN~1\AppData\Local\Temp\ccEZs8uE.s 			page 24


 614 0089 18       		.uleb128 0x18
 615 008a 9742     		.uleb128 0x2117
 616 008c 19       		.uleb128 0x19
 617 008d 00       		.byte	0
 618 008e 00       		.byte	0
 619 008f 00       		.byte	0
 620              		.section	.debug_loc,"",%progbits
 621              	.Ldebug_loc0:
 622              	.LLST0:
 623 0000 00000000 		.4byte	.LVL0
 624 0004 0A000000 		.4byte	.LVL2
 625 0008 0100     		.2byte	0x1
 626 000a 50       		.byte	0x50
 627 000b 0A000000 		.4byte	.LVL2
 628 000f 18000000 		.4byte	.LFE0
 629 0013 0400     		.2byte	0x4
 630 0015 F3       		.byte	0xf3
 631 0016 01       		.uleb128 0x1
 632 0017 50       		.byte	0x50
 633 0018 9F       		.byte	0x9f
 634 0019 00000000 		.4byte	0
 635 001d 00000000 		.4byte	0
 636              	.LLST1:
 637 0021 00000000 		.4byte	.LVL3
 638 0025 0C000000 		.4byte	.LVL4
 639 0029 0100     		.2byte	0x1
 640 002b 50       		.byte	0x50
 641 002c 0C000000 		.4byte	.LVL4
 642 0030 18000000 		.4byte	.LFE1
 643 0034 0400     		.2byte	0x4
 644 0036 F3       		.byte	0xf3
 645 0037 01       		.uleb128 0x1
 646 0038 50       		.byte	0x50
 647 0039 9F       		.byte	0x9f
 648 003a 00000000 		.4byte	0
 649 003e 00000000 		.4byte	0
 650              		.section	.debug_aranges,"",%progbits
 651 0000 34000000 		.4byte	0x34
 652 0004 0200     		.2byte	0x2
 653 0006 00000000 		.4byte	.Ldebug_info0
 654 000a 04       		.byte	0x4
 655 000b 00       		.byte	0
 656 000c 0000     		.2byte	0
 657 000e 0000     		.2byte	0
 658 0010 00000000 		.4byte	.LFB0
 659 0014 18000000 		.4byte	.LFE0-.LFB0
 660 0018 00000000 		.4byte	.LFB1
 661 001c 18000000 		.4byte	.LFE1-.LFB1
 662 0020 00000000 		.4byte	.LFB2
 663 0024 10000000 		.4byte	.LFE2-.LFB2
 664 0028 00000000 		.4byte	.LFB3
 665 002c 10000000 		.4byte	.LFE3-.LFB3
 666 0030 00000000 		.4byte	0
 667 0034 00000000 		.4byte	0
 668              		.section	.debug_ranges,"",%progbits
 669              	.Ldebug_ranges0:
 670 0000 00000000 		.4byte	.LFB0
ARM GAS  C:\Users\JEFFSN~1\AppData\Local\Temp\ccEZs8uE.s 			page 25


 671 0004 18000000 		.4byte	.LFE0
 672 0008 00000000 		.4byte	.LFB1
 673 000c 18000000 		.4byte	.LFE1
 674 0010 00000000 		.4byte	.LFB2
 675 0014 10000000 		.4byte	.LFE2
 676 0018 00000000 		.4byte	.LFB3
 677 001c 10000000 		.4byte	.LFE3
 678 0020 00000000 		.4byte	0
 679 0024 00000000 		.4byte	0
 680              		.section	.debug_line,"",%progbits
 681              	.Ldebug_line0:
 682 0000 8E000000 		.section	.debug_str,"MS",%progbits,1
 682      02004200 
 682      00000201 
 682      FB0E0D00 
 682      01010101 
 683              	.LASF16:
 684 0000 76616C75 		.ascii	"value\000"
 684      6500
 685              	.LASF23:
 686 0006 73746174 		.ascii	"staticBits\000"
 686      69634269 
 686      747300
 687              	.LASF9:
 688 0011 666C6F61 		.ascii	"float\000"
 688      7400
 689              	.LASF0:
 690 0017 7369676E 		.ascii	"signed char\000"
 690      65642063 
 690      68617200 
 691              	.LASF1:
 692 0023 756E7369 		.ascii	"unsigned char\000"
 692      676E6564 
 692      20636861 
 692      7200
 693              	.LASF13:
 694 0031 72656738 		.ascii	"reg8\000"
 694      00
 695              	.LASF5:
 696 0036 6C6F6E67 		.ascii	"long unsigned int\000"
 696      20756E73 
 696      69676E65 
 696      6420696E 
 696      7400
 697              	.LASF3:
 698 0048 73686F72 		.ascii	"short unsigned int\000"
 698      7420756E 
 698      7369676E 
 698      65642069 
 698      6E7400
 699              	.LASF19:
 700 005b 656E7465 		.ascii	"enter_ReadDataReg\000"
 700      725F5265 
 700      61644461 
 700      74615265 
 700      6700
 701              	.LASF10:
ARM GAS  C:\Users\JEFFSN~1\AppData\Local\Temp\ccEZs8uE.s 			page 26


 702 006d 646F7562 		.ascii	"double\000"
 702      6C6500
 703              	.LASF8:
 704 0074 756E7369 		.ascii	"unsigned int\000"
 704      676E6564 
 704      20696E74 
 704      00
 705              	.LASF20:
 706 0081 474E5520 		.ascii	"GNU C11 5.4.1 20160609 (release) [ARM/embedded-5-br"
 706      43313120 
 706      352E342E 
 706      31203230 
 706      31363036 
 707 00b4 616E6368 		.ascii	"anch revision 237715] -mcpu=cortex-m3 -mthumb -g -O"
 707      20726576 
 707      6973696F 
 707      6E203233 
 707      37373135 
 708 00e7 67202D66 		.ascii	"g -ffunction-sections -ffat-lto-objects -finline-fu"
 708      66756E63 
 708      74696F6E 
 708      2D736563 
 708      74696F6E 
 709 011a 6E637469 		.ascii	"nctions -flto\000"
 709      6F6E7320 
 709      2D666C74 
 709      6F00
 710              	.LASF14:
 711 0128 656E7465 		.ascii	"enter_Write\000"
 711      725F5772 
 711      69746500 
 712              	.LASF7:
 713 0134 6C6F6E67 		.ascii	"long long unsigned int\000"
 713      206C6F6E 
 713      6720756E 
 713      7369676E 
 713      65642069 
 714              	.LASF17:
 715 014b 6D6F6465 		.ascii	"mode\000"
 715      00
 716              	.LASF18:
 717 0150 656E7465 		.ascii	"enter_Read\000"
 717      725F5265 
 717      616400
 718              	.LASF6:
 719 015b 6C6F6E67 		.ascii	"long long int\000"
 719      206C6F6E 
 719      6720696E 
 719      7400
 720              	.LASF11:
 721 0169 63686172 		.ascii	"char\000"
 721      00
 722              	.LASF15:
 723 016e 656E7465 		.ascii	"enter_SetDriveMode\000"
 723      725F5365 
 723      74447269 
 723      76654D6F 
ARM GAS  C:\Users\JEFFSN~1\AppData\Local\Temp\ccEZs8uE.s 			page 27


 723      646500
 724              	.LASF22:
 725 0181 433A5C55 		.ascii	"C:\\Users\\JeffSnyder\\dev\\Electrobass_embedded\\P"
 725      73657273 
 725      5C4A6566 
 725      66536E79 
 725      6465725C 
 726 01af 534F4335 		.ascii	"SOC5_electrobass_stringsensors\\CE210514_PSOC3_5_Th"
 726      5F656C65 
 726      6374726F 
 726      62617373 
 726      5F737472 
 727 01e1 65726D69 		.ascii	"ermistor.cydsn\000"
 727      73746F72 
 727      2E637964 
 727      736E00
 728              	.LASF2:
 729 01f0 73686F72 		.ascii	"short int\000"
 729      7420696E 
 729      7400
 730              	.LASF12:
 731 01fa 75696E74 		.ascii	"uint8\000"
 731      3800
 732              	.LASF4:
 733 0200 6C6F6E67 		.ascii	"long int\000"
 733      20696E74 
 733      00
 734              	.LASF21:
 735 0209 47656E65 		.ascii	"Generated_Source\\PSoC5\\enter.c\000"
 735      72617465 
 735      645F536F 
 735      75726365 
 735      5C50536F 
 736              		.comm	__gnu_lto_v1,1,1
 737              		.ident	"GCC: (GNU Tools for ARM Embedded Processors) 5.4.1 20160609 (release) [ARM/embedded-5-bran
