ARM GAS  C:\Users\JEFFSN~1\AppData\Local\Temp\ccZPLFy4.s 			page 1


   1              		.syntax unified
   2              		.cpu cortex-m3
   3              		.fpu softvfp
   4              		.eabi_attribute 20, 1
   5              		.eabi_attribute 21, 1
   6              		.eabi_attribute 23, 3
   7              		.eabi_attribute 24, 1
   8              		.eabi_attribute 25, 1
   9              		.eabi_attribute 26, 1
  10              		.eabi_attribute 30, 2
  11              		.eabi_attribute 34, 1
  12              		.eabi_attribute 18, 4
  13              		.thumb
  14              		.syntax unified
  15              		.file	"ExtMUX_EN.c"
  16              		.text
  17              	.Ltext0:
  18              		.section	.gnu.lto_.profile.807cbcd4,"",%progbits
  19 0000 789C6361 		.ascii	"x\234ca`d`a`\000\222\222\242\000\000\261\0009"
  19      60646061 
  19      60009292 
  19      A20000B1 
  19      0039
  20              		.text
  21              		.section	.gnu.lto_.icf.807cbcd4,"",%progbits
  22 0000 789C6361 		.ascii	"x\234ca`d\000\001I\006\004`a8u{\226\035\343\311\255"
  22      60640001 
  22      49060460 
  22      6138757B 
  22      961DE3C9 
  23 0015 6F5FB130 		.ascii	"o_\2610\335\374tw\017\033\363\223\303\253\21713\000"
  23      DDFC7477 
  23      0F1BF393 
  23      C3AB8F31 
  23      3300
  24 0027 00A4D10C 		.ascii	"\000\244\321\014\204"
  24      84
  25              		.text
  26              		.section	.gnu.lto_.jmpfuncs.807cbcd4,"",%progbits
  27 0000 789C6361 		.ascii	"x\234ca`d\000\001!\006\004`a`dd\254g\004\021L\014\014"
  27      60640001 
  27      21060460 
  27      61606464 
  27      AC670411 
  28 0017 CC401100 		.ascii	"\314@\021\000\016\"\001&"
  28      0E220126 
  29              		.text
  30              		.section	.gnu.lto_.inline.807cbcd4,"",%progbits
  31 0000 789C6361 		.ascii	"x\234ca`d\000\201$\006\004`a`\340\344`dd\340\000J1s"
  31      60640081 
  31      24060460 
  31      6160E0E4 
  31      606464E0 
  32 0018 1CB06360 		.ascii	"\034\260c`[ \317\304\300\262@\236\005$\013\024g\307"
  32      5B20CFC4 
  32      C0B2409E 
  32      05240B14 
ARM GAS  C:\Users\JEFFSN~1\AppData\Local\Temp\ccZPLFy4.s 			page 2


  32      67C7
  33 002a 9064BAC0 		.ascii	"\220d\272\300\017\226db`ced`b\373\240\007\021\007\002"
  33      0F966462 
  33      60636564 
  33      6062FBA0 
  33      07110702 
  34 003e 664C2106 		.ascii	"fL!\006\000\346\332\011\346"
  34      00E6DA09 
  34      E6
  35              		.text
  36              		.section	.gnu.lto_.pureconst.807cbcd4,"",%progbits
  37 0000 789C6361 		.ascii	"x\234ca`d\340d```a\220b\224b\222b\226\002\000\002\261"
  37      6064E064 
  37      60606061 
  37      90629462 
  37      92629602 
  38 0017 0081     		.ascii	"\000\201"
  39              		.text
  40              		.section	.gnu.lto_ExtMUX_EN_Write.807cbcd4,"",%progbits
  41 0000 789C5551 		.ascii	"x\234UQMk\023Q\024\275\347\275\231Ik\252\177\300,\002"
  41      4D6B1351 
  41      14BDE7BD 
  41      99496BAA 
  41      7FC02C02 
  42 0014 524B4544 		.ascii	"RKED\020\375\001JqU\021\213\340\"PB\234EA-\264Sq\327"
  42      10FD014A 
  42      7155118B 
  42      E0225042 
  42      9C45412D 
  43 002c 379D2601 		.ascii	"7\235&\001W\205\322v\245\001kI\375j\255\202\240(\014"
  43      5785D276 
  43      A5016B49 
  43      FD6AAD82 
  43      A0280C
  44 003f B373A320 		.ascii	"\263s\243 Y\210\210J\026#\326\315\010\006\243V\343\275"
  44      5988884A 
  44      1623D6CD 
  44      0806A356 
  44      E3BD
  45 0051 331B7BE1 		.ascii	"3\033{\341}\314\235s\316=\367>\213@\022\207\024\321"
  45      7DCC9D73 
  45      CE3DF73E 
  45      8B401287 
  45      14D1
  46 0063 093EF7F3 		.ascii	"\011>\367\363\202&\250\205WD~\237\002\344b\372@\263"
  46      8226A885 
  46      57447E9F 
  46      02E462FA 
  46      40B3
  47 0075 0AB3E8A8 		.ascii	"\012\263\350\250?\012Q=~\252\206\233\206\343\323\332"
  47      3F0A513D 
  47      7EAA869B 
  47      86E3D3DA 
  48 0085 4D6DD643 		.ascii	"Mm\326CT5QO\245J\204&\206\031\365\371y\275\005}\020"
  48      5435514F 
  48      A54A8426 
  48      8619F5F9 
ARM GAS  C:\Users\JEFFSN~1\AppData\Local\Temp\ccZPLFy4.s 			page 3


  48      79BD057D 
  49 009a C4F75AD4 		.ascii	"\304\367Z\324I\362Ck\306\314\031\363\263dtU\003\353"
  49      49F2436B 
  49      C6CC19F3 
  49      B3647455 
  49      03EB
  50 00ac D0CCC0B1 		.ascii	"\320\314\300\261\002\216\026\210\023\204;\030\022p\367"
  50      028E1688 
  50      13843B18 
  50      1270F7
  51 00bb 5D6B639F 		.ascii	"]kc\237>\234\022\027L|k`pU\210\341\217\313+&\364\213"
  51      3E9C1217 
  51      4C7C6B60 
  51      705588E1 
  51      8FCB2B26 
  52 00d1 C2BDFB3F 		.ascii	"\302\275\373?W\202\241\355\255\277K{\235yqU\304=\014"
  52      5782A1ED 
  52      ADBF4B7B 
  52      9D797155 
  52      C43D0C
  53 00e4 667E701F 		.ascii	"f~p\037\016w\010\311l\236\013M\257\027\230\260cwt\277"
  53      0E7708C9 
  53      6C9E0B4D 
  53      AF1798B0 
  53      637774BF 
  54 00f8 E2A28A3B 		.ascii	"\342\242\212;\345\037\026\244\266-\011G\266\234lD\011"
  54      E51F16A4 
  54      B62D0947 
  54      B69C6C44 
  54      09
  55 0109 2FE9FE9B 		.ascii	"/\351\376\233Rr\352\030\321\257\353\037Vr\242\031h\231"
  55      5272EA18 
  55      D1AFEB1F 
  55      5672A219 
  55      6899
  56 011b C472357A 		.ascii	"\304r5z\235\373\256\252Z\247n\337\006\215n>\373LV}c"
  56      9DFBAEAA 
  56      5AA76EDF 
  56      068D6E3E 
  56      FB4C567D 
  57 0130 716AF1C9 		.ascii	"qj\361\311\322\266\325\300\015\177\236gda\003\005<\000"
  57      D2B6D5C0 
  57      0D7F9E67 
  57      64610305 
  57      3C00
  58 0142 7BC6261A 		.ascii	"{\306&\032\240\030\301N\355=2A\235i~}\323\016S\021\340"
  58      A018C14E 
  58      ED3D3241 
  58      9D697E7D 
  58      D30E5311 
  59 0157 23F090C1 		.ascii	"#\360\220\301m\250\264\015v\312(!%\265\270\331\237\261"
  59      6DA8B40D 
  59      76CA2821 
  59      25B5B8D9 
  59      9FB1
  60 0169 EC404B9D 		.ascii	"\354@K\235\227\267\237\355\014\010\313\206\215-&\245"
  60      97B79FED 
ARM GAS  C:\Users\JEFFSN~1\AppData\Local\Temp\ccZPLFy4.s 			page 4


  60      0C08CB86 
  60      8D2D26A5 
  61 0179 D22D9581 		.ascii	"\322-\225\201\004\307\240\372\027\363\302\022\220\205"
  61      04C7A0FA 
  61      17F3C212 
  61      9085
  62 0187 221E65A0 		.ascii	"\"\036e\240\256\223Ar\251\001\207S\321rjh\227y\337\230"
  62      AE934172 
  62      A9018753 
  62      D1726A68 
  62      9779DF98 
  63 019b FC6EFF8F 		.ascii	"\374n\377\217\331?\263h\033s\341o[\010\351C$\0122+\236"
  63      D93FB368 
  63      1B73E16F 
  63      5B08E943 
  63      240A322B 
  64 01b0 DC81D3EE 		.ascii	"\334\201\323\356\025w\252\354\271\027\307\307&g\246"
  64      1577AAEC 
  64      B917C7C7 
  64      2667A6
  65 01bf 2A6EE9EC 		.ascii	"*n\351\354\330\344\251\343\245\221k\336\350\371\013"
  65      D8E4A9E3 
  65      A5916BDE 
  65      E8F90B
  66 01ce E323678E 		.ascii	"\343#g\216T\310\276Z\2764\343\356\231\366\312\336D\345"
  66      54C8BE5A 
  66      BE34E3EE 
  66      99F6CADE 
  66      44E5
  67 01e0 E48437FD 		.ascii	"\344\2047\375\017\363/\303\346"
  67      0FF32FC3 
  67      E6
  68              		.text
  69              		.section	.gnu.lto_ExtMUX_EN_SetDriveMode.807cbcd4,"",%progbits
  70 0000 789C7D51 		.ascii	"x\234}QMK\033Q\024\275\347\275\311L\2025\177\240Y\010"
  70      4D4B1B51 
  70      14BDE7BD 
  70      C94C8235 
  70      7FA05908 
  71 0014 82922E8A 		.ascii	"\202\222.\212P\372\013$\272R\244\"\270\210\210\350,"
  71      50FA0B24 
  71      BA52A422 
  71      B88888E8 
  71      2C
  72 0025 DB505170 		.ascii	"\333PQp\347K&\241`7Bi\024J\253\0331~+.\264\2734\320"
  72      E74B26A1 
  72      60374269 
  72      144AAB1B 
  72      317E2B2E 
  73 003d 2ED35D29 		.ascii	".\323]).\244\024\011Rh\211_(\321\230\336;\323EV}\314"
  73      2EA41409 
  73      5268895F 
  73      28D198DE 
  73      3BD34556 
  74 0053 BB1F8773 		.ascii	"\273\037\207s\016\367\276\261\010$\347\224\323#\316"
  74      0EF7BEB1 
  74      0824E794 
ARM GAS  C:\Users\JEFFSN~1\AppData\Local\Temp\ccZPLFy4.s 			page 5


  74      D323CE
  75 0062 0FF94213 		.ascii	"\017\371B\023\324|\231(\035V\200\024&\014\232U\230\305"
  75      D47C9928 
  75      1D568014 
  75      260C9A55 
  75      98C5
  76 0074 95AA2B94 		.ascii	"\225\252+\224^U>\252\370\252\341\363\343\363\237.S("
  76      5E553EAA 
  76      F8AAE1F3 
  76      E3F39F2E 
  76      5328
  77 0086 22A7891A 		.ascii	"\"\247\211\032\312w\"\254\"\316\254\213\375\2257-\272"
  77      CA7722AC 
  77      22CEAC8B 
  77      FD95372D 
  77      BA
  78 0097 03C4F559 		.ascii	"\003\304\365Y\271z\034\355\\1&c\314\302\210\3219\015"
  78      B97A1CED 
  78      5C312663 
  78      CCC288D1 
  78      390D
  79 00a9 14A05981 		.ascii	"\024\240Y\201'1t\305\210\001\302\032:\205\374s\357\376"
  79      273174C5 
  79      8801C21A 
  79      3A85FC73 
  79      EFFE
  80 00bb 6DAB9D15 		.ascii	"m\253\235\025\373\266\300\024\353\260e\314\235gE\323"
  80      FBB6C014 
  80      EBB065CC 
  80      9D6745D3 
  81 00cb 6878A678 		.ascii	"hx\246xm\177\252\331-\212eJs\320\226\204\020\304\301"
  81      6D7FAAD9 
  81      2D8A654A 
  81      73D09684 
  81      10C4C1
  82 00de 96D29110 		.ascii	"\226\322\221\020\226\020\021\016Q\225\257,r\246\224"
  82      9610110E 
  82      5195AF2C 
  82      72A694
  83 00ed 645D41A9 		.ascii	"d]A\2516Wyg\211\263\247e\251|\256\364\325\271T9m\371"
  83      36577967 
  83      89B3A765 
  83      A97CAEF4 
  83      D5B95439 
  84 0103 131F7EF8 		.ascii	"\023\037~\370~\360 h\353\313ic1t\262\350\355[Kx\237"
  84      7EF02068 
  84      EBCB6963 
  84      3174B2E8 
  84      ED5B4B78 
  85 0118 CEF2BA21 		.ascii	"\316\362\272!l\"\206\015\304x\272-,\201*\310\234;\201"
  85      6C22860D 
  85      C478BA2D 
  85      2C812AC8 
  85      9C3B81
  86 012b 9D6647EE 		.ascii	"\235fG\356\275;;\350-\206X\177\364\345u=\"\226\032/"
  86      BD3B3BE8 
  86      2D86587F 
ARM GAS  C:\Users\JEFFSN~1\AppData\Local\Temp\ccZPLFy4.s 			page 6


  86      F4E5753D 
  86      22961A2F 
  87 013f B1CDCA26 		.ascii	"\261\315\312&\011\177\241f\211\303\020K~\177\333\330"
  87      097FA166 
  87      89C3104B 
  87      7E7FDBD8 
  88 014f D481248A 		.ascii	"\324\201$\212\035_\342\335\374\243\204}c\247\331%\302"
  88      1D5FE2DD 
  88      FCA3847D 
  88      63A7D925 
  88      C2
  89 0160 28F7A53C 		.ascii	"(\367\245<\244\377\337\310\273<2\363\351\0272\305\333"
  89      A4FFDFC8 
  89      BB3C32F3 
  89      E91732C5 
  89      DB
  90 0171 1E61FBBF 		.ascii	"\036a\373\277\256\252 \317\303\217\325\336\353\276p"
  90      AEAA20CF 
  90      C38FD5DE 
  90      EBBE70
  91 0180 27C7A6DC 		.ascii	"'\307\246\334\211\321\301\324\364\344\270\233\034\030"
  91      89D1C1D4 
  91      F4E4B89B 
  91      1C18
  92 018e 4C753F4D 		.ascii	"Lu?M&f\246\372\206\206G\023\375\217\307\311z\236\232"
  92      2666A6FA 
  92      86864713 
  92      FD8FC7C9 
  92      7A9E9A
  93 01a1 70FF022B 		.ascii	"p\377\002+\215\246a"
  93      8DA661
  94              		.text
  95              		.section	.gnu.lto_ExtMUX_EN_Read.807cbcd4,"",%progbits
  96 0000 789C354F 		.ascii	"x\2345O\313K\202A\020\237\337\356\347\203\250\376\201"
  96      CB4B8241 
  96      109FDFEE 
  96      E783A8FE 
  96      81
  97 0011 3C08D1C1 		.ascii	"<\010\321\301K\004\021D\327\260NE$B\007A\302>\272%\210"
  97      4B041144 
  97      D7B04E45 
  97      24420741 
  97      C23EBA25 
  98 0026 4137F7F3 		.ascii	"A7\367\363Q\020\005^*\010\312C\211\366\"\272v2OET\227"
  98      5110055E 
  98      2A08CA43 
  98      89F622BA 
  98      76324F45 
  99 003c 824E1125 		.ascii	"\202N\021%\006\235R\212@,\233\355\253\201\235\331\235"
  99      069D528A 
  99      402C9BED 
  99      AB819DD9 
  99      9D
 100 004d FD3D660C 		.ascii	"\375=f\014\002\351\010r\351\341\332\305\007\222 \262"
 100      02E90872 
 100      E9E1DAC5 
 100      079220B2 
ARM GAS  C:\Users\JEFFSN~1\AppData\Local\Temp\ccZPLFy4.s 			page 7


 101 005d D744965B 		.ascii	"\327D\226[\000\372\242\334\240\204@\002\037\342K\340"
 101      00FAA2DC 
 101      A0844002 
 101      1FE24BE0 
 102 006d F2F37CA5 		.ascii	"\362\363|\245\315WP*\251\036\363\215\301\215b\011\031"
 102      CD57502A 
 102      A91EF38D 
 102      C18D6209 
 102      19
 103 007e 49D41284 		.ascii	"I\324\022\204~\017\372<Z\242\000\0371\364\351\344{\255"
 103      7E0FFA3C 
 103      5AA2001F 
 103      31F4E9E4 
 103      7BAD
 104 0090 C399561C 		.ascii	"\303\231V\034^\015\340\237\"\234\332\362x\262\244Z\255"
 104      5E0DE09F 
 104      229CDAF2 
 104      78B2A45A 
 104      AD
 105 00a1 942ADDB9 		.ascii	"\224*\335\271\316\356].PF\262/'\203\223p\350\344$-K"
 105      CEEE5D2E 
 105      5046B22F 
 105      27839370 
 105      E8E4242D 
 106 00b6 6F4CD343 		.ascii	"oL\323C\324\204\320UVQn,?l\017i\245\224\224\354\262"
 106      D484D055 
 106      56516E2C 
 106      3F6C0F69 
 106      A59494EC 
 107 00cb 9E29DFB8 		.ascii	"\236)\337\270\336EFJh\323\346\352\332\013\354gm\307"
 107      DE45464A 
 107      68D3E6EA 
 107      DA0BEC67 
 107      6DC7
 108 00dd 5206B7F2 		.ascii	"R\006\267\362Yk6\207-+\315\223\032\330\207\007{\340"
 108      596B3687 
 108      2D2BCD93 
 108      1AD88707 
 108      7BE0
 109 00ef 3971801C 		.ascii	"9q\200\034\250\212Ts\204R\022\266Z\355j\363\271S\323"
 109      A88A5473 
 109      845212B6 
 109      5AED6AF3 
 109      B953D3
 110 0102 012F0E19 		.ascii	"\001/\016\031VE\262\276t+m?\203q\232Q_\2548\354\216"
 110      5645B2BE 
 110      742B6D3F 
 110      83719A51 
 110      5FAC38EC 
 111 0117 839B4CBB 		.ascii	"\203\233L\273\330=m\266k\232\200\003G\377\264\012l\220"
 111      D83D6DB6 
 111      6B9A8003 
 111      47FFB40A 
 111      6C90
 112 0129 C6D12BC4 		.ascii	"\306\321+\304\337\213~\367\202\336\207\267\353\0365"
 112      DF8B7EF7 
 112      82DE87B7 
ARM GAS  C:\Users\JEFFSN~1\AppData\Local\Temp\ccZPLFy4.s 			page 8


 112      EB1E35
 113 0138 E7CCD874 		.ascii	"\347\314\330t\334\234\011\007\242\363\261\210\031\232"
 113      DC9C0907 
 113      A2F3B188 
 113      199A
 114 0146 08448707 		.ascii	"\010D\207\007B\376\205\370Xp*\354\037\357\215\320\017"
 114      42FE85F8 
 114      58702AEC 
 114      1FEF8DD0 
 114      0F
 115 0157 38A37C39 		.ascii	"8\243|9"
 116              		.text
 117              		.section	.gnu.lto_ExtMUX_EN_ReadDataReg.807cbcd4,"",%progbits
 118 0000 789C354F 		.ascii	"x\2345O\275KBQ\024?\277{\337S\261\217\177 \007!\032"
 118      BD4B4251 
 118      143FBF7B 
 118      DF53B18F 
 118      7F200721 
 119 0015 5C228886 		.ascii	"\\\"\210\206Z\243\232\212H\212\006A\302\336\232 \006"
 119      5AA39A8A 
 119      488A0641 
 119      C2DE9A20 
 119      06
 120 0026 6D3E7D5A 		.ascii	"m>}Z\020\015AX\020\204C\205\332\007\321\322\020\004"
 120      100D4158 
 120      10844385 
 120      DA07D1D2 
 120      1004
 121 0038 E654441F 		.ascii	"\346TD\037CCc\22488\251\024E\230vn\257\016\334s\356"
 121      43436394 
 121      3838A914 
 121      4598766E 
 121      AF0EDC73 
 122 004d 3DF7F771 		.ascii	"=\367\367q\216F \0253\\z\270v\361\201$\210\365;\242"
 122      8E462015 
 122      335C7AB8 
 122      76F18124 
 122      88F53BA2 
 123 0061 B84B00EA 		.ascii	"\270K\000\352b\272@1\201\030\336\305\267\300\315\307"
 123      62BA4031 
 123      8118DEC5 
 123      B7C0CDC7 
 124 0071 D59ADB97 		.ascii	"\325\232\333\2275\315\204\371\274\237\035\334\312\025"
 124      35CD84F9 
 124      BC9F1DDC 
 124      CA15
 125 007f 9092442D 		.ascii	"\220\222D-A\350\367\240\317\243$\262\360\021C_N\233"
 125      41E8F7A0 
 125      CFA324B2 
 125      F011435F 
 125      4E9B
 126 0091 E90E47D2 		.ascii	"\351\016G\322\344\360*\000\377\344\340P\226'S\005\263"
 126      E4F02A00 
 126      FFE4E050 
 126      96275305 
 126      B3
 127 00a2 D5B2CCC2 		.ascii	"\325\262\314\302\205\373\362\301\355\004\245$\373r\322"
ARM GAS  C:\Users\JEFFSN~1\AppData\Local\Temp\ccZPLFy4.s 			page 9


 127      85FBF2C1 
 127      ED04A524 
 127      FB72D2
 128 00b1 38095D25 		.ascii	"8\011]%\007)Y\2522M\015Q\023BUYF\361k\265\231\037RJ"
 128      072959AA 
 128      324D0D51 
 128      13425559 
 128      46F16BB5 
 129 00c9 9694ECB2 		.ascii	"\226\224\354\262\231*\336;\337DJJ(\323'+\363\331f?\253"
 129      992ADE3B 
 129      DF444A4A 
 129      28D3272B 
 129      F3D9663F 
 130 00de BB7153E3 		.ascii	"\273qS\343\326\306Y\272\242e\260\023O\362\250\032\016"
 130      D6C659BA 
 130      A265B013 
 130      4FF2A81A 
 130      0E
 131 00ef E0411E3C 		.ascii	"\340A\036<(\016\221\001\225a5F\311\222\260\345j\267"
 131      280E9101 
 131      95613546 
 131      C992B0E5 
 131      6AB7
 132 0101 DBAF9D8A 		.ascii	"\333\257\235\212\017xq\304\2602\022\365\225Gi\033j\214"
 132      0F7871C4 
 132      B03212F5 
 132      9547691B 
 132      6A8C
 133 0113 538CFA72 		.ascii	"S\214\372rI\267;:7\231v\275w\336hW4\001\035\307\377"
 133      49B73B3A 
 133      379976BD 
 133      77DE6857 
 133      34011DC7 
 134 0128 B4126C90 		.ascii	"\264\022l\220\302Q\005\342\357E\277\213A-\304\353u\217"
 134      C25105E2 
 134      EF45BF8B 
 134      412DC4EB 
 134      758F
 135 013a 190B4664 		.ascii	"\031\013Fd.j\314\007\375\341\305H\310\010L\372\303\303"
 135      2E6ACC07 
 135      FDE1C548 
 135      C8084CFA 
 135      C3C3
 136 014c 038191A5 		.ascii	"\003\201\221\245\350\370\364lpd\2427D?\217\377|\236"
 136      E8F8F46C 
 136      7064A237 
 136      443F8FFF 
 136      7C9E
 137              		.text
 138              		.section	.gnu.lto_.symbol_nodes.807cbcd4,"",%progbits
 139 0000 789C6361 		.ascii	"x\234ca`dpc\000\002&\206z\006\206\011\347\030@\324\256"
 139      60647063 
 139      00022686 
 139      7A068609 
 139      E71840D4 
 140 0015 0645A000 		.ascii	"\006E\240\000c=#\252\000S=\023\252\000s=3\212\000\003"
 140      633D23AA 
ARM GAS  C:\Users\JEFFSN~1\AppData\Local\Temp\ccZPLFy4.s 			page 10


 140      00533D13 
 140      AA00733D 
 140      338A0003 
 141 0029 0026B60F 		.ascii	"\000&\266\017<"
 141      3C
 142              		.text
 143              		.section	.gnu.lto_.refs.807cbcd4,"",%progbits
 144 0000 789C6361 		.ascii	"x\234ca`\004B \000\000\0009\000\007"
 144      60044220 
 144      00000039 
 144      0007
 145              		.text
 146              		.section	.gnu.lto_.decls.807cbcd4,"",%progbits
 147 0000 789C8D53 		.ascii	"x\234\215S]H\024Q\024\276gfv\225Q\327\220\022\241}\330"
 147      5D481451 
 147      14BE6766 
 147      769551D7 
 147      9012A17D 
 148 0015 EC457A90 		.ascii	"\354Ez\220$\002\037\302\0025\237\324\3204\037\004\361"
 148      24021FC2 
 148      02359FD4 
 148      D0341F04 
 148      F1
 149 0026 67305F34 		.ascii	"g0_4\2665\362%\256\256\201&\221\022j\232\240\026\244"
 149      B635F225 
 149      AEAE8126 
 149      91126A9A 
 149      A016A4
 150 0039 E67FFEE4 		.ascii	"\346\177\376\344n\232&i\022Y\212 \204\202\202\005\212"
 150      6E9A2669 
 150      12598A20 
 150      84828205 
 150      8A
 151 004a 068A52F8 		.ascii	"\006\212R\370`\333\271wf\234\3156\3600g\346\234{\317"
 151      60DBB977 
 151      669CCD36 
 151      F03067E6 
 151      9C7BCF
 152 005d F79DEF9E 		.ascii	"\367\235\357\236\231\221\010\020f1\022!m\370\264b\352"
 152      99910810 
 152      66311221 
 152      6DF8B462 
 152      EA
 153 006e 4133619C 		.ascii	"A3a\234N\014\303m2\200>\204>\202\356&\377\032\3337k"
 153      4E0CC36D 
 153      32803E84 
 153      3E82EE26 
 153      FF1ADB37 
 154 0083 B81EC685 		.ascii	"\270\036\306\205>\216>\206\236\254\325\200Vw\324\206"
 154      3E8E3E86 
 154      9EACD580 
 154      5677D486 
 155 0093 7C6027BD 		.ascii	"|`'\275\360:v\310\007\226\3511y\341\222}\340F|\340\334"
 155      F03A76C8 
 155      0796E931 
 155      79E1927D 
 155      E0467CE0 
ARM GAS  C:\Users\JEFFSN~1\AppData\Local\Temp\ccZPLFy4.s 			page 11


 156 00a8 C7C0F93A 		.ascii	"\307\300\371:\347\201\000\236\346\301G\376K\360\025"
 156      E781009E 
 156      E6C147FE 
 156      4BF015
 157 00b7 44A20D90 		.ascii	"D\242\015\220\000\250w\340NT\347)\006\002Q\003}\351"
 157      00A877E0 
 157      4E54E729 
 157      06025103 
 157      7DE9
 158 00c9 D0885622 		.ascii	"\320\210V\"\350\241A\306/\015\017\036\3358\211\301\016"
 158      E8A141C6 
 158      2F0D0F1E 
 158      DD3889C1 
 158      0E
 159 00da 1A48CD75 		.ascii	"\032H\315u\335\032\010\004\243\001\250\251\216\360\342"
 159      DD1A0804 
 159      A301A8A9 
 159      8EF0E2
 160 00e9 3BA248D7 		.ascii	";\242H\327\254\267!\202~h\272\2634%\213\002\260xe\277"
 160      ACB72182 
 160      7E68BAB3 
 160      34258B02 
 160      B07865BF 
 161 00fd FD6A6417 		.ascii	"\375jd\027E\253\246T8gL\246\367\376\267\016\377=\001"
 161      45ABA654 
 161      38674CA6 
 161      F7FEB70E 
 161      FF3D01
 162 0110 AC327880 		.ascii	"\2542x\200\345[\256\375 5g\333\0155k\277\003\304\323"
 162      E55BAEFD 
 162      203567DB 
 162      0D356BBF 
 162      03C4D3
 163 0123 2C1616D6 		.ascii	",\026\026\326:7$\210\220_0\232\325\307\3751.JO@\017"
 163      3A372488 
 163      905F309A 
 163      D5C7FD31 
 163      2E4A4F40 
 164 0138 C8D00522 		.ascii	"\310\320\005\"t@$\323`\225\361^Ai\031\335~F\315a\004"
 164      744024D3 
 164      6095F15E 
 164      416919DD 
 164      7E46CD61 
 165 014d 2E58E1BC 		.ascii	".X\341\274\225@7D0NV\005\235`\205\227`e\374\337\353"
 165      95403744 
 165      304E5605 
 165      9D608597 
 165      6065FCDF 
 166 0162 9B37CD12 		.ascii	"\2337\315\022J\346<9\022[\233/\357k\022QB\210\014\022"
 166      4AE63C39 
 166      125B9B2F 
 166      EF6B1251 
 166      42880C12 
 167 0176 A63BB38D 		.ascii	"\246;\263\215k\026LO\312`\303\264\313\275\274e\016\253"
 167      6B164C4F 
 167      CA60C3B4 
 167      CBBDBC65 
ARM GAS  C:\Users\JEFFSN~1\AppData\Local\Temp\ccZPLFy4.s 			page 12


 167      0EAB
 168 0188 E3477152 		.ascii	"\343GqR\233\004\351\241\320\217\204}HH\340\025\204\341"
 168      9B04E9A1 
 168      D08F847D 
 168      4848E015 
 168      84E1
 169 019a BD1724F5 		.ascii	"\275\027$\365t\025?\3273\302[hK\037]\255\237\276T\347"
 169      74153FD7 
 169      33C25B68 
 169      4B1F5DAD 
 169      9FBE54E7 
 170 01ae A43308B3 		.ascii	"\2443\010\263\261*h74\267\263\317\202@\033,\341\010"
 170      B12A6837 
 170      34B7B3CF 
 170      82401B2C 
 170      E108
 171 01c0 07201C81 		.ascii	"\007 \034\201\253\035\3355Ab>\237\201\253n\267RTY&\366"
 171      AB1DDD35 
 171      41623E9F 
 171      81AB6EB7 
 171      52545926 
 172 01d5 A6036975 		.ascii	"\246\003iu)\245W8\307\240\3011\350\3151\3049\326\235"
 172      29A55738 
 172      C7A0C131 
 172      E8CD31C4 
 172      39D69D
 173 01e8 9F7B02C4 		.ascii	"\237{\002\304{\234c\256j\312\031\354\255\232\035\327"
 173      7B9C63AE 
 173      6ACA19EC 
 173      AD9A1DD7 
 174 01f8 90FD9ACB 		.ascii	"\220\375\232\313\316\321T\267V\225~\221\264\206\013"
 174      CED154B7 
 174      56957E91 
 174      B4860B
 175 0207 1FC4063A 		.ascii	"\037\304\006:Q\2168\201U\301\260\321r\330\273\345\010"
 175      518E3881 
 175      55C1B0D1 
 175      72D8BBE5 
 175      08
 176 0218 6F39BFB2 		.ascii	"o9\277\262\374\311O|\010\274\347\257\335\315\367f\215"
 176      FCC94F7C 
 176      08BCE7AF 
 176      DDCDF766 
 176      8D
 177 0229 C6FD51D7 		.ascii	"\306\375Q\327\315H\\\006\211\313\233\304\315I\366\312"
 177      CD485C06 
 177      89CB9BC4 
 177      CD49F6CA 
 178 0239 7717CD32 		.ascii	"w\027\3152\276C\347\361\336\341\354F\253\307O|\316\233"
 178      BE43E7F1 
 178      DEE1EC46 
 178      ABC74F7C 
 178      CE9B
 179 024b 0A03B50D 		.ascii	"\012\003\265\015\265~ G\370\200\277\365\001\327\276"
 179      B57E2047 
 179      F880BFF5 
 179      01D7BE
ARM GAS  C:\Users\JEFFSN~1\AppData\Local\Temp\ccZPLFy4.s 			page 13


 180 025a A5FDEB35 		.ascii	"\245\375\3535\225\354\204c8\225QC\334\033\220\325\211"
 180      95EC8463 
 180      38955143 
 180      DC1B90D5 
 180      89
 181 026b 0CCEFDE8 		.ascii	"\014\316\375\3505\005>`\237\025\216/d\306\302+\215\371"
 181      35053E60 
 181      9F158E2F 
 181      64C6C22B 
 181      8DF9
 182 027d 8D4320FF 		.ascii	"\215C \377\003\360y \210\243\213O\233D\334c\227\334"
 182      03F07920 
 182      88A38B4F 
 182      9B44DC63 
 182      97DC
 183 028f 48510A9D 		.ascii	"HQ\012\235\007\230D2\236l_\3461[\246\333e\324\374\304"
 183      07984432 
 183      9E6C5FE6 
 183      315BA6DB 
 183      65D4FCC4 
 184 02a3 A24B247C 		.ascii	"\242K$|\203\300\004\"\337!1O\203\343\357:\022\3232\262"
 184      83C00422 
 184      DF21314F 
 184      83E3EF3A 
 184      12D332B2 
 185 02b7 E293B26E 		.ascii	"\342\223\262n\330\013\034\212\177BR\232-6*\212\230\212"
 185      D80B1C8A 
 185      7F42529A 
 185      2D362A8A 
 185      988A
 186 02c9 0B0A1DD1 		.ascii	"\013\012\035\321g\022\224B\305\236\355P\362\262R\213"
 186      67129442 
 186      C59EED50 
 186      F2B2528B 
 187 02d9 8AEDB94A 		.ascii	"\212\355\271J\346\265\324\242\330\213\231\271%\216\222"
 187      E6B5D4A2 
 187      D88B99B9 
 187      258E92
 188 02e8 5BCAEDC8 		.ascii	"[\312\355\310\233\344\354\177*\016y#sI\250\321$Uq\304"
 188      9BE4EC7F 
 188      2A0E7923 
 188      7349A8D1 
 188      245571C4 
 189 02fc D90BEE28 		.ascii	"\331\013\356(\211Ey\212\305XNQ\262\363N\375\235\306"
 189      8945798A 
 189      C5584E51 
 189      B2F34EFD 
 189      9DC6
 190 030e 653BB253 		.ascii	"e;\262S\224|\311\256\344G\377\001\326-g\240"
 190      947CC9AE 
 190      E447FF01 
 190      D62D67A0 
 191              		.text
 192              		.section	.gnu.lto_.symtab.807cbcd4,"",%progbits
 193 0000 4578744D 		.ascii	"ExtMUX_EN_Write\000"
 193      55585F45 
 193      4E5F5772 
ARM GAS  C:\Users\JEFFSN~1\AppData\Local\Temp\ccZPLFy4.s 			page 14


 193      69746500 
 194 0010 00       		.ascii	"\000"
 195 0011 00       		.ascii	"\000"
 196 0012 00       		.ascii	"\000"
 197 0013 00000000 		.ascii	"\000\000\000\000\000\000\000\000"
 197      00000000 
 198 001b B3000000 		.ascii	"\263\000\000\000"
 199 001f 4578744D 		.ascii	"ExtMUX_EN_SetDriveMode\000"
 199      55585F45 
 199      4E5F5365 
 199      74447269 
 199      76654D6F 
 200 0036 00       		.ascii	"\000"
 201 0037 00       		.ascii	"\000"
 202 0038 00       		.ascii	"\000"
 203 0039 00000000 		.ascii	"\000\000\000\000\000\000\000\000"
 203      00000000 
 204 0041 B5000000 		.ascii	"\265\000\000\000"
 205 0045 4578744D 		.ascii	"ExtMUX_EN_Read\000"
 205      55585F45 
 205      4E5F5265 
 205      616400
 206 0054 00       		.ascii	"\000"
 207 0055 00       		.ascii	"\000"
 208 0056 00       		.ascii	"\000"
 209 0057 00000000 		.ascii	"\000\000\000\000\000\000\000\000"
 209      00000000 
 210 005f B8000000 		.ascii	"\270\000\000\000"
 211 0063 4578744D 		.ascii	"ExtMUX_EN_ReadDataReg\000"
 211      55585F45 
 211      4E5F5265 
 211      61644461 
 211      74615265 
 212 0079 00       		.ascii	"\000"
 213 007a 00       		.ascii	"\000"
 214 007b 00       		.ascii	"\000"
 215 007c 00000000 		.ascii	"\000\000\000\000\000\000\000\000"
 215      00000000 
 216 0084 BA000000 		.ascii	"\272\000\000\000"
 217              		.text
 218              		.section	.gnu.lto_.opts,"",%progbits
 219 0000 272D666D 		.ascii	"'-fmath-errno' '-fsigned-zeros' '-ftrapping-math' '"
 219      6174682D 
 219      6572726E 
 219      6F272027 
 219      2D667369 
 220 0033 2D666E6F 		.ascii	"-fno-trapv' '-fno-openmp' '-fno-openacc' '-mcpu=cor"
 220      2D747261 
 220      70762720 
 220      272D666E 
 220      6F2D6F70 
 221 0066 7465782D 		.ascii	"tex-m3' '-mthumb' '-g' '-O3' '-ffunction-sections' "
 221      6D332720 
 221      272D6D74 
 221      68756D62 
 221      2720272D 
 222 0099 272D6666 		.ascii	"'-ffat-lto-objects' '-finline-functions' '-flto'\000"
ARM GAS  C:\Users\JEFFSN~1\AppData\Local\Temp\ccZPLFy4.s 			page 15


 222      61742D6C 
 222      746F2D6F 
 222      626A6563 
 222      74732720 
 223              		.text
 224              		.cfi_sections	.debug_frame
 225              		.section	.text.ExtMUX_EN_Write,"ax",%progbits
 226              		.align	2
 227              		.global	ExtMUX_EN_Write
 228              		.thumb
 229              		.thumb_func
 230              		.type	ExtMUX_EN_Write, %function
 231              	ExtMUX_EN_Write:
 232              	.LFB0:
 233              		.file 1 "Generated_Source\\PSoC5\\ExtMUX_EN.c"
   1:Generated_Source\PSoC5/ExtMUX_EN.c **** /*******************************************************************************
   2:Generated_Source\PSoC5/ExtMUX_EN.c **** * File Name: ExtMUX_EN.c  
   3:Generated_Source\PSoC5/ExtMUX_EN.c **** * Version 2.20
   4:Generated_Source\PSoC5/ExtMUX_EN.c **** *
   5:Generated_Source\PSoC5/ExtMUX_EN.c **** * Description:
   6:Generated_Source\PSoC5/ExtMUX_EN.c **** *  This file contains API to enable firmware control of a Pins component.
   7:Generated_Source\PSoC5/ExtMUX_EN.c **** *
   8:Generated_Source\PSoC5/ExtMUX_EN.c **** * Note:
   9:Generated_Source\PSoC5/ExtMUX_EN.c **** *
  10:Generated_Source\PSoC5/ExtMUX_EN.c **** ********************************************************************************
  11:Generated_Source\PSoC5/ExtMUX_EN.c **** * Copyright 2008-2015, Cypress Semiconductor Corporation.  All rights reserved.
  12:Generated_Source\PSoC5/ExtMUX_EN.c **** * You may use this file only in accordance with the license, terms, conditions, 
  13:Generated_Source\PSoC5/ExtMUX_EN.c **** * disclaimers, and limitations in the end user license agreement accompanying 
  14:Generated_Source\PSoC5/ExtMUX_EN.c **** * the software package with which this file was provided.
  15:Generated_Source\PSoC5/ExtMUX_EN.c **** *******************************************************************************/
  16:Generated_Source\PSoC5/ExtMUX_EN.c **** 
  17:Generated_Source\PSoC5/ExtMUX_EN.c **** #include "cytypes.h"
  18:Generated_Source\PSoC5/ExtMUX_EN.c **** #include "ExtMUX_EN.h"
  19:Generated_Source\PSoC5/ExtMUX_EN.c **** 
  20:Generated_Source\PSoC5/ExtMUX_EN.c **** /* APIs are not generated for P15[7:6] on PSoC 5 */
  21:Generated_Source\PSoC5/ExtMUX_EN.c **** #if !(CY_PSOC5A &&\
  22:Generated_Source\PSoC5/ExtMUX_EN.c **** 	 ExtMUX_EN__PORT == 15 && ((ExtMUX_EN__MASK & 0xC0) != 0))
  23:Generated_Source\PSoC5/ExtMUX_EN.c **** 
  24:Generated_Source\PSoC5/ExtMUX_EN.c **** 
  25:Generated_Source\PSoC5/ExtMUX_EN.c **** /*******************************************************************************
  26:Generated_Source\PSoC5/ExtMUX_EN.c **** * Function Name: ExtMUX_EN_Write
  27:Generated_Source\PSoC5/ExtMUX_EN.c **** ****************************************************************************//**
  28:Generated_Source\PSoC5/ExtMUX_EN.c **** *
  29:Generated_Source\PSoC5/ExtMUX_EN.c **** * \brief Writes the value to the physical port (data output register), masking
  30:Generated_Source\PSoC5/ExtMUX_EN.c **** *  and shifting the bits appropriately. 
  31:Generated_Source\PSoC5/ExtMUX_EN.c **** *
  32:Generated_Source\PSoC5/ExtMUX_EN.c **** * The data output register controls the signal applied to the physical pin in 
  33:Generated_Source\PSoC5/ExtMUX_EN.c **** * conjunction with the drive mode parameter. This function avoids changing 
  34:Generated_Source\PSoC5/ExtMUX_EN.c **** * other bits in the port by using the appropriate method (read-modify-write or
  35:Generated_Source\PSoC5/ExtMUX_EN.c **** * bit banding).
  36:Generated_Source\PSoC5/ExtMUX_EN.c **** *
  37:Generated_Source\PSoC5/ExtMUX_EN.c **** * <b>Note</b> This function should not be used on a hardware digital output pin 
  38:Generated_Source\PSoC5/ExtMUX_EN.c **** * as it is driven by the hardware signal attached to it.
  39:Generated_Source\PSoC5/ExtMUX_EN.c **** *
  40:Generated_Source\PSoC5/ExtMUX_EN.c **** * \param value
  41:Generated_Source\PSoC5/ExtMUX_EN.c **** *  Value to write to the component instance.
  42:Generated_Source\PSoC5/ExtMUX_EN.c **** *
ARM GAS  C:\Users\JEFFSN~1\AppData\Local\Temp\ccZPLFy4.s 			page 16


  43:Generated_Source\PSoC5/ExtMUX_EN.c **** * \return 
  44:Generated_Source\PSoC5/ExtMUX_EN.c **** *  None 
  45:Generated_Source\PSoC5/ExtMUX_EN.c **** *
  46:Generated_Source\PSoC5/ExtMUX_EN.c **** * \sideeffect
  47:Generated_Source\PSoC5/ExtMUX_EN.c **** *  If you use read-modify-write operations that are not atomic; the Interrupt 
  48:Generated_Source\PSoC5/ExtMUX_EN.c **** *  Service Routines (ISR) can cause corruption of this function. An ISR that 
  49:Generated_Source\PSoC5/ExtMUX_EN.c **** *  interrupts this function and performs writes to the Pins component data 
  50:Generated_Source\PSoC5/ExtMUX_EN.c **** *  register can cause corrupted port data. To avoid this issue, you should 
  51:Generated_Source\PSoC5/ExtMUX_EN.c **** *  either use the Per-Pin APIs (primary method) or disable interrupts around 
  52:Generated_Source\PSoC5/ExtMUX_EN.c **** *  this function.
  53:Generated_Source\PSoC5/ExtMUX_EN.c **** *
  54:Generated_Source\PSoC5/ExtMUX_EN.c **** * \funcusage
  55:Generated_Source\PSoC5/ExtMUX_EN.c **** *  \snippet ExtMUX_EN_SUT.c usage_ExtMUX_EN_Write
  56:Generated_Source\PSoC5/ExtMUX_EN.c **** *******************************************************************************/
  57:Generated_Source\PSoC5/ExtMUX_EN.c **** void ExtMUX_EN_Write(uint8 value)
  58:Generated_Source\PSoC5/ExtMUX_EN.c **** {
 234              		.loc 1 58 0
 235              		.cfi_startproc
 236              		@ args = 0, pretend = 0, frame = 0
 237              		@ frame_needed = 0, uses_anonymous_args = 0
 238              		@ link register save eliminated.
 239              	.LVL0:
  59:Generated_Source\PSoC5/ExtMUX_EN.c ****     uint8 staticBits = (ExtMUX_EN_DR & (uint8)(~ExtMUX_EN_MASK));
 240              		.loc 1 59 0
 241 0000 044A     		ldr	r2, .L2
  60:Generated_Source\PSoC5/ExtMUX_EN.c ****     ExtMUX_EN_DR = staticBits | ((uint8)(value << ExtMUX_EN_SHIFT) & ExtMUX_EN_MASK);
 242              		.loc 1 60 0
 243 0002 4001     		lsls	r0, r0, #5
 244              	.LVL1:
  59:Generated_Source\PSoC5/ExtMUX_EN.c ****     uint8 staticBits = (ExtMUX_EN_DR & (uint8)(~ExtMUX_EN_MASK));
 245              		.loc 1 59 0
 246 0004 1378     		ldrb	r3, [r2]	@ zero_extendqisi2
 247              	.LVL2:
 248              		.loc 1 60 0
 249 0006 00F02000 		and	r0, r0, #32
 250 000a 03F0DF03 		and	r3, r3, #223
 251              	.LVL3:
 252 000e 1843     		orrs	r0, r0, r3
 253 0010 1070     		strb	r0, [r2]
 254 0012 7047     		bx	lr
 255              	.L3:
 256              		.align	2
 257              	.L2:
 258 0014 F0510040 		.word	1073762800
 259              		.cfi_endproc
 260              	.LFE0:
 261              		.size	ExtMUX_EN_Write, .-ExtMUX_EN_Write
 262              		.section	.text.ExtMUX_EN_SetDriveMode,"ax",%progbits
 263              		.align	2
 264              		.global	ExtMUX_EN_SetDriveMode
 265              		.thumb
 266              		.thumb_func
 267              		.type	ExtMUX_EN_SetDriveMode, %function
 268              	ExtMUX_EN_SetDriveMode:
 269              	.LFB1:
  61:Generated_Source\PSoC5/ExtMUX_EN.c **** }
  62:Generated_Source\PSoC5/ExtMUX_EN.c **** 
ARM GAS  C:\Users\JEFFSN~1\AppData\Local\Temp\ccZPLFy4.s 			page 17


  63:Generated_Source\PSoC5/ExtMUX_EN.c **** 
  64:Generated_Source\PSoC5/ExtMUX_EN.c **** /*******************************************************************************
  65:Generated_Source\PSoC5/ExtMUX_EN.c **** * Function Name: ExtMUX_EN_SetDriveMode
  66:Generated_Source\PSoC5/ExtMUX_EN.c **** ****************************************************************************//**
  67:Generated_Source\PSoC5/ExtMUX_EN.c **** *
  68:Generated_Source\PSoC5/ExtMUX_EN.c **** * \brief Sets the drive mode for each of the Pins component's pins.
  69:Generated_Source\PSoC5/ExtMUX_EN.c **** * 
  70:Generated_Source\PSoC5/ExtMUX_EN.c **** * <b>Note</b> This affects all pins in the Pins component instance. Use the
  71:Generated_Source\PSoC5/ExtMUX_EN.c **** * Per-Pin APIs if you wish to control individual pin's drive modes.
  72:Generated_Source\PSoC5/ExtMUX_EN.c **** *
  73:Generated_Source\PSoC5/ExtMUX_EN.c **** * \param mode
  74:Generated_Source\PSoC5/ExtMUX_EN.c **** *  Mode for the selected signals. Valid options are documented in 
  75:Generated_Source\PSoC5/ExtMUX_EN.c **** *  \ref driveMode.
  76:Generated_Source\PSoC5/ExtMUX_EN.c **** *
  77:Generated_Source\PSoC5/ExtMUX_EN.c **** * \return
  78:Generated_Source\PSoC5/ExtMUX_EN.c **** *  None
  79:Generated_Source\PSoC5/ExtMUX_EN.c **** *
  80:Generated_Source\PSoC5/ExtMUX_EN.c **** * \sideeffect
  81:Generated_Source\PSoC5/ExtMUX_EN.c **** *  If you use read-modify-write operations that are not atomic, the ISR can
  82:Generated_Source\PSoC5/ExtMUX_EN.c **** *  cause corruption of this function. An ISR that interrupts this function 
  83:Generated_Source\PSoC5/ExtMUX_EN.c **** *  and performs writes to the Pins component Drive Mode registers can cause 
  84:Generated_Source\PSoC5/ExtMUX_EN.c **** *  corrupted port data. To avoid this issue, you should either use the Per-Pin
  85:Generated_Source\PSoC5/ExtMUX_EN.c **** *  APIs (primary method) or disable interrupts around this function.
  86:Generated_Source\PSoC5/ExtMUX_EN.c **** *
  87:Generated_Source\PSoC5/ExtMUX_EN.c **** * \funcusage
  88:Generated_Source\PSoC5/ExtMUX_EN.c **** *  \snippet ExtMUX_EN_SUT.c usage_ExtMUX_EN_SetDriveMode
  89:Generated_Source\PSoC5/ExtMUX_EN.c **** *******************************************************************************/
  90:Generated_Source\PSoC5/ExtMUX_EN.c **** void ExtMUX_EN_SetDriveMode(uint8 mode)
  91:Generated_Source\PSoC5/ExtMUX_EN.c **** {
 270              		.loc 1 91 0
 271              		.cfi_startproc
 272              		@ args = 0, pretend = 0, frame = 0
 273              		@ frame_needed = 0, uses_anonymous_args = 0
 274              		@ link register save eliminated.
 275              	.LVL4:
  92:Generated_Source\PSoC5/ExtMUX_EN.c **** 	CyPins_SetPinDriveMode(ExtMUX_EN_0, mode);
 276              		.loc 1 92 0
 277 0000 044A     		ldr	r2, .L5
 278 0002 00F00E00 		and	r0, r0, #14
 279              	.LVL5:
 280 0006 1378     		ldrb	r3, [r2]	@ zero_extendqisi2
 281 0008 03F0F103 		and	r3, r3, #241
 282 000c 1843     		orrs	r0, r0, r3
 283 000e 1070     		strb	r0, [r2]
 284 0010 7047     		bx	lr
 285              	.L6:
 286 0012 00BF     		.align	2
 287              	.L5:
 288 0014 7D500040 		.word	1073762429
 289              		.cfi_endproc
 290              	.LFE1:
 291              		.size	ExtMUX_EN_SetDriveMode, .-ExtMUX_EN_SetDriveMode
 292              		.section	.text.ExtMUX_EN_Read,"ax",%progbits
 293              		.align	2
 294              		.global	ExtMUX_EN_Read
 295              		.thumb
 296              		.thumb_func
ARM GAS  C:\Users\JEFFSN~1\AppData\Local\Temp\ccZPLFy4.s 			page 18


 297              		.type	ExtMUX_EN_Read, %function
 298              	ExtMUX_EN_Read:
 299              	.LFB2:
  93:Generated_Source\PSoC5/ExtMUX_EN.c **** }
  94:Generated_Source\PSoC5/ExtMUX_EN.c **** 
  95:Generated_Source\PSoC5/ExtMUX_EN.c **** 
  96:Generated_Source\PSoC5/ExtMUX_EN.c **** /*******************************************************************************
  97:Generated_Source\PSoC5/ExtMUX_EN.c **** * Function Name: ExtMUX_EN_Read
  98:Generated_Source\PSoC5/ExtMUX_EN.c **** ****************************************************************************//**
  99:Generated_Source\PSoC5/ExtMUX_EN.c **** *
 100:Generated_Source\PSoC5/ExtMUX_EN.c **** * \brief Reads the associated physical port (pin status register) and masks 
 101:Generated_Source\PSoC5/ExtMUX_EN.c **** *  the required bits according to the width and bit position of the component
 102:Generated_Source\PSoC5/ExtMUX_EN.c **** *  instance. 
 103:Generated_Source\PSoC5/ExtMUX_EN.c **** *
 104:Generated_Source\PSoC5/ExtMUX_EN.c **** * The pin's status register returns the current logic level present on the 
 105:Generated_Source\PSoC5/ExtMUX_EN.c **** * physical pin.
 106:Generated_Source\PSoC5/ExtMUX_EN.c **** *
 107:Generated_Source\PSoC5/ExtMUX_EN.c **** * \return 
 108:Generated_Source\PSoC5/ExtMUX_EN.c **** *  The current value for the pins in the component as a right justified number.
 109:Generated_Source\PSoC5/ExtMUX_EN.c **** *
 110:Generated_Source\PSoC5/ExtMUX_EN.c **** * \funcusage
 111:Generated_Source\PSoC5/ExtMUX_EN.c **** *  \snippet ExtMUX_EN_SUT.c usage_ExtMUX_EN_Read  
 112:Generated_Source\PSoC5/ExtMUX_EN.c **** *******************************************************************************/
 113:Generated_Source\PSoC5/ExtMUX_EN.c **** uint8 ExtMUX_EN_Read(void)
 114:Generated_Source\PSoC5/ExtMUX_EN.c **** {
 300              		.loc 1 114 0
 301              		.cfi_startproc
 302              		@ args = 0, pretend = 0, frame = 0
 303              		@ frame_needed = 0, uses_anonymous_args = 0
 304              		@ link register save eliminated.
 115:Generated_Source\PSoC5/ExtMUX_EN.c ****     return (ExtMUX_EN_PS & ExtMUX_EN_MASK) >> ExtMUX_EN_SHIFT;
 305              		.loc 1 115 0
 306 0000 024B     		ldr	r3, .L8
 307 0002 1878     		ldrb	r0, [r3]	@ zero_extendqisi2
 116:Generated_Source\PSoC5/ExtMUX_EN.c **** }
 308              		.loc 1 116 0
 309 0004 C0F34010 		ubfx	r0, r0, #5, #1
 310 0008 7047     		bx	lr
 311              	.L9:
 312 000a 00BF     		.align	2
 313              	.L8:
 314 000c F1510040 		.word	1073762801
 315              		.cfi_endproc
 316              	.LFE2:
 317              		.size	ExtMUX_EN_Read, .-ExtMUX_EN_Read
 318              		.section	.text.ExtMUX_EN_ReadDataReg,"ax",%progbits
 319              		.align	2
 320              		.global	ExtMUX_EN_ReadDataReg
 321              		.thumb
 322              		.thumb_func
 323              		.type	ExtMUX_EN_ReadDataReg, %function
 324              	ExtMUX_EN_ReadDataReg:
 325              	.LFB3:
 117:Generated_Source\PSoC5/ExtMUX_EN.c **** 
 118:Generated_Source\PSoC5/ExtMUX_EN.c **** 
 119:Generated_Source\PSoC5/ExtMUX_EN.c **** /*******************************************************************************
 120:Generated_Source\PSoC5/ExtMUX_EN.c **** * Function Name: ExtMUX_EN_ReadDataReg
ARM GAS  C:\Users\JEFFSN~1\AppData\Local\Temp\ccZPLFy4.s 			page 19


 121:Generated_Source\PSoC5/ExtMUX_EN.c **** ****************************************************************************//**
 122:Generated_Source\PSoC5/ExtMUX_EN.c **** *
 123:Generated_Source\PSoC5/ExtMUX_EN.c **** * \brief Reads the associated physical port's data output register and masks 
 124:Generated_Source\PSoC5/ExtMUX_EN.c **** *  the correct bits according to the width and bit position of the component 
 125:Generated_Source\PSoC5/ExtMUX_EN.c **** *  instance. 
 126:Generated_Source\PSoC5/ExtMUX_EN.c **** *
 127:Generated_Source\PSoC5/ExtMUX_EN.c **** * The data output register controls the signal applied to the physical pin in 
 128:Generated_Source\PSoC5/ExtMUX_EN.c **** * conjunction with the drive mode parameter. This is not the same as the 
 129:Generated_Source\PSoC5/ExtMUX_EN.c **** * preferred ExtMUX_EN_Read() API because the 
 130:Generated_Source\PSoC5/ExtMUX_EN.c **** * ExtMUX_EN_ReadDataReg() reads the data register instead of the status 
 131:Generated_Source\PSoC5/ExtMUX_EN.c **** * register. For output pins this is a useful function to determine the value 
 132:Generated_Source\PSoC5/ExtMUX_EN.c **** * just written to the pin.
 133:Generated_Source\PSoC5/ExtMUX_EN.c **** *
 134:Generated_Source\PSoC5/ExtMUX_EN.c **** * \return 
 135:Generated_Source\PSoC5/ExtMUX_EN.c **** *  The current value of the data register masked and shifted into a right 
 136:Generated_Source\PSoC5/ExtMUX_EN.c **** *  justified number for the component instance.
 137:Generated_Source\PSoC5/ExtMUX_EN.c **** *
 138:Generated_Source\PSoC5/ExtMUX_EN.c **** * \funcusage
 139:Generated_Source\PSoC5/ExtMUX_EN.c **** *  \snippet ExtMUX_EN_SUT.c usage_ExtMUX_EN_ReadDataReg 
 140:Generated_Source\PSoC5/ExtMUX_EN.c **** *******************************************************************************/
 141:Generated_Source\PSoC5/ExtMUX_EN.c **** uint8 ExtMUX_EN_ReadDataReg(void)
 142:Generated_Source\PSoC5/ExtMUX_EN.c **** {
 326              		.loc 1 142 0
 327              		.cfi_startproc
 328              		@ args = 0, pretend = 0, frame = 0
 329              		@ frame_needed = 0, uses_anonymous_args = 0
 330              		@ link register save eliminated.
 143:Generated_Source\PSoC5/ExtMUX_EN.c ****     return (ExtMUX_EN_DR & ExtMUX_EN_MASK) >> ExtMUX_EN_SHIFT;
 331              		.loc 1 143 0
 332 0000 024B     		ldr	r3, .L11
 333 0002 1878     		ldrb	r0, [r3]	@ zero_extendqisi2
 144:Generated_Source\PSoC5/ExtMUX_EN.c **** }
 334              		.loc 1 144 0
 335 0004 C0F34010 		ubfx	r0, r0, #5, #1
 336 0008 7047     		bx	lr
 337              	.L12:
 338 000a 00BF     		.align	2
 339              	.L11:
 340 000c F0510040 		.word	1073762800
 341              		.cfi_endproc
 342              	.LFE3:
 343              		.size	ExtMUX_EN_ReadDataReg, .-ExtMUX_EN_ReadDataReg
 344              		.text
 345              	.Letext0:
 346              		.file 2 "Generated_Source\\PSoC5\\cytypes.h"
 347              		.section	.debug_info,"",%progbits
 348              	.Ldebug_info0:
 349 0000 1D010000 		.4byte	0x11d
 350 0004 0400     		.2byte	0x4
 351 0006 00000000 		.4byte	.Ldebug_abbrev0
 352 000a 04       		.byte	0x4
 353 000b 01       		.uleb128 0x1
 354 000c 55000000 		.4byte	.LASF20
 355 0010 0C       		.byte	0xc
 356 0011 F7010000 		.4byte	.LASF21
 357 0015 78010000 		.4byte	.LASF22
 358 0019 00000000 		.4byte	.Ldebug_ranges0+0
ARM GAS  C:\Users\JEFFSN~1\AppData\Local\Temp\ccZPLFy4.s 			page 20


 359 001d 00000000 		.4byte	0
 360 0021 00000000 		.4byte	.Ldebug_line0
 361 0025 02       		.uleb128 0x2
 362 0026 01       		.byte	0x1
 363 0027 06       		.byte	0x6
 364 0028 1A020000 		.4byte	.LASF0
 365 002c 02       		.uleb128 0x2
 366 002d 01       		.byte	0x1
 367 002e 08       		.byte	0x8
 368 002f 47000000 		.4byte	.LASF1
 369 0033 02       		.uleb128 0x2
 370 0034 02       		.byte	0x2
 371 0035 05       		.byte	0x5
 372 0036 E7010000 		.4byte	.LASF2
 373 003a 02       		.uleb128 0x2
 374 003b 02       		.byte	0x2
 375 003c 07       		.byte	0x7
 376 003d 0E010000 		.4byte	.LASF3
 377 0041 02       		.uleb128 0x2
 378 0042 04       		.byte	0x4
 379 0043 05       		.byte	0x5
 380 0044 21000000 		.4byte	.LASF4
 381 0048 02       		.uleb128 0x2
 382 0049 04       		.byte	0x4
 383 004a 07       		.byte	0x7
 384 004b FC000000 		.4byte	.LASF5
 385 004f 02       		.uleb128 0x2
 386 0050 08       		.byte	0x8
 387 0051 05       		.byte	0x5
 388 0052 65010000 		.4byte	.LASF6
 389 0056 02       		.uleb128 0x2
 390 0057 08       		.byte	0x8
 391 0058 07       		.byte	0x7
 392 0059 35010000 		.4byte	.LASF7
 393 005d 03       		.uleb128 0x3
 394 005e 04       		.byte	0x4
 395 005f 05       		.byte	0x5
 396 0060 696E7400 		.ascii	"int\000"
 397 0064 02       		.uleb128 0x2
 398 0065 04       		.byte	0x4
 399 0066 07       		.byte	0x7
 400 0067 28010000 		.4byte	.LASF8
 401 006b 04       		.uleb128 0x4
 402 006c F1010000 		.4byte	.LASF12
 403 0070 02       		.byte	0x2
 404 0071 E401     		.2byte	0x1e4
 405 0073 2C000000 		.4byte	0x2c
 406 0077 02       		.uleb128 0x2
 407 0078 04       		.byte	0x4
 408 0079 04       		.byte	0x4
 409 007a 41000000 		.4byte	.LASF9
 410 007e 02       		.uleb128 0x2
 411 007f 08       		.byte	0x8
 412 0080 04       		.byte	0x4
 413 0081 21010000 		.4byte	.LASF10
 414 0085 02       		.uleb128 0x2
 415 0086 01       		.byte	0x1
ARM GAS  C:\Users\JEFFSN~1\AppData\Local\Temp\ccZPLFy4.s 			page 21


 416 0087 08       		.byte	0x8
 417 0088 73010000 		.4byte	.LASF11
 418 008c 04       		.uleb128 0x4
 419 008d 60010000 		.4byte	.LASF13
 420 0091 02       		.byte	0x2
 421 0092 8E02     		.2byte	0x28e
 422 0094 98000000 		.4byte	0x98
 423 0098 05       		.uleb128 0x5
 424 0099 6B000000 		.4byte	0x6b
 425 009d 06       		.uleb128 0x6
 426 009e 00000000 		.4byte	.LASF14
 427 00a2 01       		.byte	0x1
 428 00a3 39       		.byte	0x39
 429 00a4 00000000 		.4byte	.LFB0
 430 00a8 18000000 		.4byte	.LFE0-.LFB0
 431 00ac 01       		.uleb128 0x1
 432 00ad 9C       		.byte	0x9c
 433 00ae D1000000 		.4byte	0xd1
 434 00b2 07       		.uleb128 0x7
 435 00b3 10000000 		.4byte	.LASF16
 436 00b7 01       		.byte	0x1
 437 00b8 39       		.byte	0x39
 438 00b9 6B000000 		.4byte	0x6b
 439 00bd 00000000 		.4byte	.LLST0
 440 00c1 08       		.uleb128 0x8
 441 00c2 16000000 		.4byte	.LASF23
 442 00c6 01       		.byte	0x1
 443 00c7 3B       		.byte	0x3b
 444 00c8 6B000000 		.4byte	0x6b
 445 00cc 21000000 		.4byte	.LLST1
 446 00d0 00       		.byte	0
 447 00d1 06       		.uleb128 0x6
 448 00d2 2A000000 		.4byte	.LASF15
 449 00d6 01       		.byte	0x1
 450 00d7 5A       		.byte	0x5a
 451 00d8 00000000 		.4byte	.LFB1
 452 00dc 18000000 		.4byte	.LFE1-.LFB1
 453 00e0 01       		.uleb128 0x1
 454 00e1 9C       		.byte	0x9c
 455 00e2 F6000000 		.4byte	0xf6
 456 00e6 07       		.uleb128 0x7
 457 00e7 5B010000 		.4byte	.LASF17
 458 00eb 01       		.byte	0x1
 459 00ec 5A       		.byte	0x5a
 460 00ed 6B000000 		.4byte	0x6b
 461 00f1 39000000 		.4byte	.LLST2
 462 00f5 00       		.byte	0
 463 00f6 09       		.uleb128 0x9
 464 00f7 4C010000 		.4byte	.LASF18
 465 00fb 01       		.byte	0x1
 466 00fc 71       		.byte	0x71
 467 00fd 6B000000 		.4byte	0x6b
 468 0101 00000000 		.4byte	.LFB2
 469 0105 10000000 		.4byte	.LFE2-.LFB2
 470 0109 01       		.uleb128 0x1
 471 010a 9C       		.byte	0x9c
 472 010b 09       		.uleb128 0x9
ARM GAS  C:\Users\JEFFSN~1\AppData\Local\Temp\ccZPLFy4.s 			page 22


 473 010c 26020000 		.4byte	.LASF19
 474 0110 01       		.byte	0x1
 475 0111 8D       		.byte	0x8d
 476 0112 6B000000 		.4byte	0x6b
 477 0116 00000000 		.4byte	.LFB3
 478 011a 10000000 		.4byte	.LFE3-.LFB3
 479 011e 01       		.uleb128 0x1
 480 011f 9C       		.byte	0x9c
 481 0120 00       		.byte	0
 482              		.section	.debug_abbrev,"",%progbits
 483              	.Ldebug_abbrev0:
 484 0000 01       		.uleb128 0x1
 485 0001 11       		.uleb128 0x11
 486 0002 01       		.byte	0x1
 487 0003 25       		.uleb128 0x25
 488 0004 0E       		.uleb128 0xe
 489 0005 13       		.uleb128 0x13
 490 0006 0B       		.uleb128 0xb
 491 0007 03       		.uleb128 0x3
 492 0008 0E       		.uleb128 0xe
 493 0009 1B       		.uleb128 0x1b
 494 000a 0E       		.uleb128 0xe
 495 000b 55       		.uleb128 0x55
 496 000c 17       		.uleb128 0x17
 497 000d 11       		.uleb128 0x11
 498 000e 01       		.uleb128 0x1
 499 000f 10       		.uleb128 0x10
 500 0010 17       		.uleb128 0x17
 501 0011 00       		.byte	0
 502 0012 00       		.byte	0
 503 0013 02       		.uleb128 0x2
 504 0014 24       		.uleb128 0x24
 505 0015 00       		.byte	0
 506 0016 0B       		.uleb128 0xb
 507 0017 0B       		.uleb128 0xb
 508 0018 3E       		.uleb128 0x3e
 509 0019 0B       		.uleb128 0xb
 510 001a 03       		.uleb128 0x3
 511 001b 0E       		.uleb128 0xe
 512 001c 00       		.byte	0
 513 001d 00       		.byte	0
 514 001e 03       		.uleb128 0x3
 515 001f 24       		.uleb128 0x24
 516 0020 00       		.byte	0
 517 0021 0B       		.uleb128 0xb
 518 0022 0B       		.uleb128 0xb
 519 0023 3E       		.uleb128 0x3e
 520 0024 0B       		.uleb128 0xb
 521 0025 03       		.uleb128 0x3
 522 0026 08       		.uleb128 0x8
 523 0027 00       		.byte	0
 524 0028 00       		.byte	0
 525 0029 04       		.uleb128 0x4
 526 002a 16       		.uleb128 0x16
 527 002b 00       		.byte	0
 528 002c 03       		.uleb128 0x3
 529 002d 0E       		.uleb128 0xe
ARM GAS  C:\Users\JEFFSN~1\AppData\Local\Temp\ccZPLFy4.s 			page 23


 530 002e 3A       		.uleb128 0x3a
 531 002f 0B       		.uleb128 0xb
 532 0030 3B       		.uleb128 0x3b
 533 0031 05       		.uleb128 0x5
 534 0032 49       		.uleb128 0x49
 535 0033 13       		.uleb128 0x13
 536 0034 00       		.byte	0
 537 0035 00       		.byte	0
 538 0036 05       		.uleb128 0x5
 539 0037 35       		.uleb128 0x35
 540 0038 00       		.byte	0
 541 0039 49       		.uleb128 0x49
 542 003a 13       		.uleb128 0x13
 543 003b 00       		.byte	0
 544 003c 00       		.byte	0
 545 003d 06       		.uleb128 0x6
 546 003e 2E       		.uleb128 0x2e
 547 003f 01       		.byte	0x1
 548 0040 3F       		.uleb128 0x3f
 549 0041 19       		.uleb128 0x19
 550 0042 03       		.uleb128 0x3
 551 0043 0E       		.uleb128 0xe
 552 0044 3A       		.uleb128 0x3a
 553 0045 0B       		.uleb128 0xb
 554 0046 3B       		.uleb128 0x3b
 555 0047 0B       		.uleb128 0xb
 556 0048 27       		.uleb128 0x27
 557 0049 19       		.uleb128 0x19
 558 004a 11       		.uleb128 0x11
 559 004b 01       		.uleb128 0x1
 560 004c 12       		.uleb128 0x12
 561 004d 06       		.uleb128 0x6
 562 004e 40       		.uleb128 0x40
 563 004f 18       		.uleb128 0x18
 564 0050 9742     		.uleb128 0x2117
 565 0052 19       		.uleb128 0x19
 566 0053 01       		.uleb128 0x1
 567 0054 13       		.uleb128 0x13
 568 0055 00       		.byte	0
 569 0056 00       		.byte	0
 570 0057 07       		.uleb128 0x7
 571 0058 05       		.uleb128 0x5
 572 0059 00       		.byte	0
 573 005a 03       		.uleb128 0x3
 574 005b 0E       		.uleb128 0xe
 575 005c 3A       		.uleb128 0x3a
 576 005d 0B       		.uleb128 0xb
 577 005e 3B       		.uleb128 0x3b
 578 005f 0B       		.uleb128 0xb
 579 0060 49       		.uleb128 0x49
 580 0061 13       		.uleb128 0x13
 581 0062 02       		.uleb128 0x2
 582 0063 17       		.uleb128 0x17
 583 0064 00       		.byte	0
 584 0065 00       		.byte	0
 585 0066 08       		.uleb128 0x8
 586 0067 34       		.uleb128 0x34
ARM GAS  C:\Users\JEFFSN~1\AppData\Local\Temp\ccZPLFy4.s 			page 24


 587 0068 00       		.byte	0
 588 0069 03       		.uleb128 0x3
 589 006a 0E       		.uleb128 0xe
 590 006b 3A       		.uleb128 0x3a
 591 006c 0B       		.uleb128 0xb
 592 006d 3B       		.uleb128 0x3b
 593 006e 0B       		.uleb128 0xb
 594 006f 49       		.uleb128 0x49
 595 0070 13       		.uleb128 0x13
 596 0071 02       		.uleb128 0x2
 597 0072 17       		.uleb128 0x17
 598 0073 00       		.byte	0
 599 0074 00       		.byte	0
 600 0075 09       		.uleb128 0x9
 601 0076 2E       		.uleb128 0x2e
 602 0077 00       		.byte	0
 603 0078 3F       		.uleb128 0x3f
 604 0079 19       		.uleb128 0x19
 605 007a 03       		.uleb128 0x3
 606 007b 0E       		.uleb128 0xe
 607 007c 3A       		.uleb128 0x3a
 608 007d 0B       		.uleb128 0xb
 609 007e 3B       		.uleb128 0x3b
 610 007f 0B       		.uleb128 0xb
 611 0080 27       		.uleb128 0x27
 612 0081 19       		.uleb128 0x19
 613 0082 49       		.uleb128 0x49
 614 0083 13       		.uleb128 0x13
 615 0084 11       		.uleb128 0x11
 616 0085 01       		.uleb128 0x1
 617 0086 12       		.uleb128 0x12
 618 0087 06       		.uleb128 0x6
 619 0088 40       		.uleb128 0x40
 620 0089 18       		.uleb128 0x18
 621 008a 9742     		.uleb128 0x2117
 622 008c 19       		.uleb128 0x19
 623 008d 00       		.byte	0
 624 008e 00       		.byte	0
 625 008f 00       		.byte	0
 626              		.section	.debug_loc,"",%progbits
 627              	.Ldebug_loc0:
 628              	.LLST0:
 629 0000 00000000 		.4byte	.LVL0
 630 0004 04000000 		.4byte	.LVL1
 631 0008 0100     		.2byte	0x1
 632 000a 50       		.byte	0x50
 633 000b 04000000 		.4byte	.LVL1
 634 000f 18000000 		.4byte	.LFE0
 635 0013 0400     		.2byte	0x4
 636 0015 F3       		.byte	0xf3
 637 0016 01       		.uleb128 0x1
 638 0017 50       		.byte	0x50
 639 0018 9F       		.byte	0x9f
 640 0019 00000000 		.4byte	0
 641 001d 00000000 		.4byte	0
 642              	.LLST1:
 643 0021 06000000 		.4byte	.LVL2
ARM GAS  C:\Users\JEFFSN~1\AppData\Local\Temp\ccZPLFy4.s 			page 25


 644 0025 0E000000 		.4byte	.LVL3
 645 0029 0600     		.2byte	0x6
 646 002b 73       		.byte	0x73
 647 002c 00       		.sleb128 0
 648 002d 09       		.byte	0x9
 649 002e DF       		.byte	0xdf
 650 002f 1A       		.byte	0x1a
 651 0030 9F       		.byte	0x9f
 652 0031 00000000 		.4byte	0
 653 0035 00000000 		.4byte	0
 654              	.LLST2:
 655 0039 00000000 		.4byte	.LVL4
 656 003d 06000000 		.4byte	.LVL5
 657 0041 0100     		.2byte	0x1
 658 0043 50       		.byte	0x50
 659 0044 06000000 		.4byte	.LVL5
 660 0048 18000000 		.4byte	.LFE1
 661 004c 0400     		.2byte	0x4
 662 004e F3       		.byte	0xf3
 663 004f 01       		.uleb128 0x1
 664 0050 50       		.byte	0x50
 665 0051 9F       		.byte	0x9f
 666 0052 00000000 		.4byte	0
 667 0056 00000000 		.4byte	0
 668              		.section	.debug_aranges,"",%progbits
 669 0000 34000000 		.4byte	0x34
 670 0004 0200     		.2byte	0x2
 671 0006 00000000 		.4byte	.Ldebug_info0
 672 000a 04       		.byte	0x4
 673 000b 00       		.byte	0
 674 000c 0000     		.2byte	0
 675 000e 0000     		.2byte	0
 676 0010 00000000 		.4byte	.LFB0
 677 0014 18000000 		.4byte	.LFE0-.LFB0
 678 0018 00000000 		.4byte	.LFB1
 679 001c 18000000 		.4byte	.LFE1-.LFB1
 680 0020 00000000 		.4byte	.LFB2
 681 0024 10000000 		.4byte	.LFE2-.LFB2
 682 0028 00000000 		.4byte	.LFB3
 683 002c 10000000 		.4byte	.LFE3-.LFB3
 684 0030 00000000 		.4byte	0
 685 0034 00000000 		.4byte	0
 686              		.section	.debug_ranges,"",%progbits
 687              	.Ldebug_ranges0:
 688 0000 00000000 		.4byte	.LFB0
 689 0004 18000000 		.4byte	.LFE0
 690 0008 00000000 		.4byte	.LFB1
 691 000c 18000000 		.4byte	.LFE1
 692 0010 00000000 		.4byte	.LFB2
 693 0014 10000000 		.4byte	.LFE2
 694 0018 00000000 		.4byte	.LFB3
 695 001c 10000000 		.4byte	.LFE3
 696 0020 00000000 		.4byte	0
 697 0024 00000000 		.4byte	0
 698              		.section	.debug_line,"",%progbits
 699              	.Ldebug_line0:
 700 0000 94000000 		.section	.debug_str,"MS",%progbits,1
ARM GAS  C:\Users\JEFFSN~1\AppData\Local\Temp\ccZPLFy4.s 			page 26


 700      02004600 
 700      00000201 
 700      FB0E0D00 
 700      01010101 
 701              	.LASF14:
 702 0000 4578744D 		.ascii	"ExtMUX_EN_Write\000"
 702      55585F45 
 702      4E5F5772 
 702      69746500 
 703              	.LASF16:
 704 0010 76616C75 		.ascii	"value\000"
 704      6500
 705              	.LASF23:
 706 0016 73746174 		.ascii	"staticBits\000"
 706      69634269 
 706      747300
 707              	.LASF4:
 708 0021 6C6F6E67 		.ascii	"long int\000"
 708      20696E74 
 708      00
 709              	.LASF15:
 710 002a 4578744D 		.ascii	"ExtMUX_EN_SetDriveMode\000"
 710      55585F45 
 710      4E5F5365 
 710      74447269 
 710      76654D6F 
 711              	.LASF9:
 712 0041 666C6F61 		.ascii	"float\000"
 712      7400
 713              	.LASF1:
 714 0047 756E7369 		.ascii	"unsigned char\000"
 714      676E6564 
 714      20636861 
 714      7200
 715              	.LASF20:
 716 0055 474E5520 		.ascii	"GNU C11 5.4.1 20160609 (release) [ARM/embedded-5-br"
 716      43313120 
 716      352E342E 
 716      31203230 
 716      31363036 
 717 0088 616E6368 		.ascii	"anch revision 237715] -mcpu=cortex-m3 -mthumb -g -O"
 717      20726576 
 717      6973696F 
 717      6E203233 
 717      37373135 
 718 00bb 33202D66 		.ascii	"3 -ffunction-sections -ffat-lto-objects -finline-fu"
 718      66756E63 
 718      74696F6E 
 718      2D736563 
 718      74696F6E 
 719 00ee 6E637469 		.ascii	"nctions -flto\000"
 719      6F6E7320 
 719      2D666C74 
 719      6F00
 720              	.LASF5:
 721 00fc 6C6F6E67 		.ascii	"long unsigned int\000"
 721      20756E73 
ARM GAS  C:\Users\JEFFSN~1\AppData\Local\Temp\ccZPLFy4.s 			page 27


 721      69676E65 
 721      6420696E 
 721      7400
 722              	.LASF3:
 723 010e 73686F72 		.ascii	"short unsigned int\000"
 723      7420756E 
 723      7369676E 
 723      65642069 
 723      6E7400
 724              	.LASF10:
 725 0121 646F7562 		.ascii	"double\000"
 725      6C6500
 726              	.LASF8:
 727 0128 756E7369 		.ascii	"unsigned int\000"
 727      676E6564 
 727      20696E74 
 727      00
 728              	.LASF7:
 729 0135 6C6F6E67 		.ascii	"long long unsigned int\000"
 729      206C6F6E 
 729      6720756E 
 729      7369676E 
 729      65642069 
 730              	.LASF18:
 731 014c 4578744D 		.ascii	"ExtMUX_EN_Read\000"
 731      55585F45 
 731      4E5F5265 
 731      616400
 732              	.LASF17:
 733 015b 6D6F6465 		.ascii	"mode\000"
 733      00
 734              	.LASF13:
 735 0160 72656738 		.ascii	"reg8\000"
 735      00
 736              	.LASF6:
 737 0165 6C6F6E67 		.ascii	"long long int\000"
 737      206C6F6E 
 737      6720696E 
 737      7400
 738              	.LASF11:
 739 0173 63686172 		.ascii	"char\000"
 739      00
 740              	.LASF22:
 741 0178 433A5C55 		.ascii	"C:\\Users\\JeffSnyder\\dev\\Electrobass_embedded\\P"
 741      73657273 
 741      5C4A6566 
 741      66536E79 
 741      6465725C 
 742 01a6 534F4335 		.ascii	"SOC5_electrobass_stringsensors\\CE210514_PSOC3_5_Th"
 742      5F656C65 
 742      6374726F 
 742      62617373 
 742      5F737472 
 743 01d8 65726D69 		.ascii	"ermistor.cydsn\000"
 743      73746F72 
 743      2E637964 
 743      736E00
ARM GAS  C:\Users\JEFFSN~1\AppData\Local\Temp\ccZPLFy4.s 			page 28


 744              	.LASF2:
 745 01e7 73686F72 		.ascii	"short int\000"
 745      7420696E 
 745      7400
 746              	.LASF12:
 747 01f1 75696E74 		.ascii	"uint8\000"
 747      3800
 748              	.LASF21:
 749 01f7 47656E65 		.ascii	"Generated_Source\\PSoC5\\ExtMUX_EN.c\000"
 749      72617465 
 749      645F536F 
 749      75726365 
 749      5C50536F 
 750              	.LASF0:
 751 021a 7369676E 		.ascii	"signed char\000"
 751      65642063 
 751      68617200 
 752              	.LASF19:
 753 0226 4578744D 		.ascii	"ExtMUX_EN_ReadDataReg\000"
 753      55585F45 
 753      4E5F5265 
 753      61644461 
 753      74615265 
 754              		.comm	__gnu_lto_v1,1,1
 755              		.ident	"GCC: (GNU Tools for ARM Embedded Processors) 5.4.1 20160609 (release) [ARM/embedded-5-bran
