ARM GAS  C:\Users\JEFFSN~1\AppData\Local\Temp\ccF7LVNT.s 			page 1


   1              		.syntax unified
   2              		.cpu cortex-m3
   3              		.fpu softvfp
   4              		.eabi_attribute 20, 1
   5              		.eabi_attribute 21, 1
   6              		.eabi_attribute 23, 3
   7              		.eabi_attribute 24, 1
   8              		.eabi_attribute 25, 1
   9              		.eabi_attribute 26, 1
  10              		.eabi_attribute 30, 2
  11              		.eabi_attribute 34, 1
  12              		.eabi_attribute 18, 4
  13              		.thumb
  14              		.syntax unified
  15              		.file	"ExtMUXS0.c"
  16              		.text
  17              	.Ltext0:
  18              		.section	.gnu.lto_.profile.807cbda6,"",%progbits
  19 0000 789C6361 		.ascii	"x\234ca`d`a`\000\222bB\000\000\250\0003"
  19      60646061 
  19      60009262 
  19      420000A8 
  19      0033
  20              		.text
  21              		.section	.gnu.lto_.icf.807cbda6,"",%progbits
  22 0000 789C6361 		.ascii	"x\234ca`d\000\001I\006\004`a\230z\342\002\037\343\244"
  22      60640001 
  22      49060460 
  22      61987AE2 
  22      021FE3A4 
  23 0014 C3D31672 		.ascii	"\303\323\026r2\235\374\360j;?\363\334U3\266\2600\000"
  23      329DFCF0 
  23      6A3B3FF3 
  23      DC5533B6 
  23      B03000
  24 0027 008FD90A 		.ascii	"\000\217\331\012\371"
  24      F9
  25              		.text
  26              		.section	.gnu.lto_.jmpfuncs.807cbda6,"",%progbits
  27 0000 789C6361 		.ascii	"x\234ca`d\000\001!\006\004`a`dd\254g\004\021L\014\014"
  27      60640001 
  27      21060460 
  27      61606464 
  27      AC670411 
  28 0017 CC401100 		.ascii	"\314@\021\000\016\"\001&"
  28      0E220126 
  29              		.text
  30              		.section	.gnu.lto_.inline.807cbda6,"",%progbits
  31 0000 789C6361 		.ascii	"x\234ca`d\000\201$\006\004`a`\340`gdd\340\000J1s\034"
  31      60640081 
  31      24060460 
  31      6160E060 
  31      676464E0 
  32 0019 B063605B 		.ascii	"\260c`[ \317\304\300t\201\237\005$\313\210O\222\211"
  32      20CFC4C0 
  32      74819F05 
  32      24CB884F 
ARM GAS  C:\Users\JEFFSN~1\AppData\Local\Temp\ccF7LVNT.s 			page 2


  32      9289
  33 002b 81958591 		.ascii	"\201\225\205\221\201\211e\201<D\034\010\2301\205\030"
  33      81896581 
  33      3C441C08 
  33      98318518 
  34 003b 00DE5809 		.ascii	"\000\336X\011<"
  34      3C
  35              		.text
  36              		.section	.gnu.lto_.pureconst.807cbda6,"",%progbits
  37 0000 789C6361 		.ascii	"x\234ca`d\340d```a\220b\224b\222b\226\002\000\002\261"
  37      6064E064 
  37      60606061 
  37      90629462 
  37      92629602 
  38 0017 0081     		.ascii	"\000\201"
  39              		.text
  40              		.section	.gnu.lto_ExtMUXS0_Write.807cbda6,"",%progbits
  41 0000 789C5550 		.ascii	"x\234UP\317KTQ\024>\337\275\357\215\203\223\375\003"
  41      CF4B5451 
  41      143EDFBD 
  41      EF8D8393 
  41      FD03
  42 0012 CD428241 		.ascii	"\315B\202AD\020!\374\007\222h\025DC\320b \206\351-\004"
  42      441021FC 
  42      07926815 
  42      4443D062 
  42      2086E92D 
  43 0027 4DD067B4 		.ascii	"M\320g\264\363>\237\343@m\204\322Y\325@\"\332/m\002"
  43      F33E9FE3 
  43      406D84D2 
  43      59D54022 
  43      DA2F6D02 
  44 003b 83A0C5E3 		.ascii	"\203\240\305\343\255E7\022\241\021\341\342\005\256&"
  44      AD453712 
  44      A111E1E2 
  44      05AE26
  45 004a 7070E887 		.ascii	"pp\350\207\3239\357n\362\300\375u\356\367}\347;\307"
  45      D339EF6E 
  45      F2C0FD75 
  45      EEF77DE7 
  45      3BC7
  46 005c 21501A8A 		.ascii	"!P\032\212h\224\217K\274\240\011ji\227(\310*@.&\013"
  46      68948F4B 
  46      BCA0096A 
  46      699728C8 
  46      2A402E26 
  47 0071 9A539843 		.ascii	"\232S\230C[\375U\210k\311G5\270n8\276\257=\327f#BU\023"
  47      5BFD5588 
  47      6BC94735 
  47      B86E38BE 
  47      AF3DD766 
  48 0089 759555C2 		.ascii	"u\225U\302:\006\031\365\343Sm\037\272\000\342\373b\334"
  48      3A0619F5 
  48      E3536D1F 
  48      BA00E2FB 
  48      62DC
  49 009b 6EE506D6 		.ascii	"n\345\006\326\214\2317\346\264dtU\003\033\320\314\300"
ARM GAS  C:\Users\JEFFSN~1\AppData\Local\Temp\ccF7LVNT.s 			page 3


  49      8C9937E6 
  49      B4647455 
  49      031BD0CC 
  49      C0
  50 00ac 953C46F2 		.ascii	"\225<F\362\304\011\302K\014\010\270s\260\277yQ\017\245"
  50      C409C24B 
  50      0C08B873 
  50      B0BF7951 
  50      0FA5
  51 00be C42593BC 		.ascii	"\304%\223\274\270PX\025bt:Y7Q\320/\334W\377s%\030z\324"
  51      B8505815 
  51      62743A59 
  51      3751D02F 
  51      DC57FF73 
  52 00d6 3C5BEECB 		.ascii	"<[\356\313,\210\253~\274F\301\372\301\033d\270CHf\353"
  52      2C88AB7E 
  52      BC46C1FA 
  52      C11B64B8 
  52      434866EB 
  53 00ea 5664BADD 		.ascii	"Vd\272\335\320Dm\267\255\263\212\213*\356\224?\034H"
  53      D0446DB7 
  53      ADB38A8B 
  53      2AEE943F 
  53      1C48
  54 00fc 6D571219 		.ascii	"mW\022\031\331\210Z\274\244\361\237J\311\251\023\304"
  54      D9885ABC 
  54      A4F19F4A 
  54      C9A913C4 
  55 010c BF1E7DAB 		.ascii	"\277\036}\253\367\210\\\250e\010+\325x\257\347DU\265"
  55      F7885CA8 
  55      65082BD5 
  55      78AFE744 
  55      55B5
  56 011e 4E8D7E09 		.ascii	"N\215~\011\033\235\234}\266V\003\343p\352\311\207\345"
  56      1B9D9C7D 
  56      B65603E3 
  56      70EAC987 
  56      E5
  57 012f 63A78167 		.ascii	"c\247\201g\301\002\217\307\301&\362x\013\266\213-4@"
  57      C1028FC7 
  57      C126F278 
  57      0BB68B2D 
  57      3440
  58 0141 09C23F8B 		.ascii	"\011\302?\213_a\005\265\325<|\374\371i\237\210\000g"
  58      5F6105B5 
  58      D53C7CFC 
  58      F9699F88 
  58      0067
  59 0153 C03B061F 		.ascii	"\300;\006\037A\245\035\260IFYRRw-\313\015\265\324\331"
  59      41A51DB0 
  59      49465952 
  59      52772DCB 
  59      0DB5D4D9 
  60 0167 AEED347B 		.ascii	"\256\3554{\205\305m\240\311$Fu2\026b\265]N\305+i\255"
  60      85C56DA0 
  60      C9244675 
  60      321662B5 
ARM GAS  C:\Users\JEFFSN~1\AppData\Local\Temp\ccF7LVNT.s 			page 4


  60      5D4EC52B 
  61 017d 73BE0263 		.ascii	"s\276\002cr\347\255\275gk\314\242c\314G\277\3232\351"
  61      72E7ADBD 
  61      676BCCA2 
  61      63CC47BF 
  61      D332E9
  62 0190 785B0A32 		.ascii	"x[\0122\006\036\312\345\353\336}o\272\354{\367\356\026"
  62      061ECAE5 
  62      EBDE7D6F 
  62      BAEC7BF7 
  62      EE16
  63 01a2 A766A72B 		.ascii	"\247f\247+^\351fqjl\264t\355\241\177\343\366\235\342"
  63      5EE96671 
  63      6A6CB474 
  63      EDA17FE3 
  63      F69DE2
  64 01b5 C87085DC 		.ascii	"\310p\205\334\007\345\211Y\257w\306/\373\343\225\253"
  64      07E58959 
  64      AF77C62F 
  64      FBE395AB 
  65 01c5 E3FECC3F 		.ascii	"\343\376\314?\001\025\266\031"
  65      0115B619 
  66              		.text
  67              		.section	.gnu.lto_ExtMUXS0_SetDriveMode.807cbda6,"",%progbits
  68 0000 789C7D51 		.ascii	"x\234}Q=K#Q\024\275\347\275\311L\202\253\177\300\024"
  68      3D4B2351 
  68      14BDE7BD 
  68      C94C82AB 
  68      7FC014
  69 0013 CB82489A 		.ascii	"\313\202H\232% \373\013D\255\0041\010[\270\210\350\224"
  69      2520FB0B 
  69      44AD0431 
  69      085BB888 
  69      E894
  70 0025 1A5614EC 		.ascii	"\032V\024\354\362\2228\010\332,HlD\264\221\370\375\201"
  70      F2923808 
  70      DA2C486C 
  70      44B491F8 
  70      FD81
  71 0037 955D0C68 		.ascii	"\225]\014h\031;\213-DV\210\260\260\022\315.\206\370"
  71      193B8B2D 
  71      445688B0 
  71      B012CD2E 
  71      86F8
  72 0049 11EF9DB1 		.ascii	"\021\357\235\261H\265\217y\367\343p\316\341\3367\026"
  72      48B58F79 
  72      F7E370CE 
  72      E1DE3716 
  73 0059 81E4DC72 		.ascii	"\201\344\334r\212qn\347\013MP?JD\351\260\002\2440aP"
  73      8A716EE7 
  73      0B4D503F 
  73      4A44E9B0 
  73      02A43061 
  74 006e 4A21857F 		.ascii	"J!\205\177\352E\2418_>Q\261\274\341s}v\0277\233\005"
  74      EA45A138 
  74      5F3E51B1 
  74      BCE1737D 
ARM GAS  C:\Users\JEFFSN~1\AppData\Local\Temp\ccF7LVNT.s 			page 5


  74      7617379B 
  75 0083 789AA8A1 		.ascii	"x\232\250\241|'B\0361fU\2177\226Zt\007\210\353\373R"
  75      7C27421E 
  75      3166558F 
  75      37965A74 
  75      0788EBFB 
  76 0098 E5AAAD73 		.ascii	"\345\252\255s\303\230\2141\271oF{\032\330\204f\005\272"
  76      C3988C31 
  76      B96F467B 
  76      1AD88466 
  76      05BA
  77 00aa A2884789 		.ascii	"\242\210G\211\001\302\026:\205\374\353\3505\327j\317"
  77      01C2163A 
  77      85FCEBE8 
  77      35D76ACF 
  78 00ba 89FDC7C0 		.ascii	"\211\375\307\300\024\333\260e\314\203\301\202i4\262"
  78      14DBB065 
  78      CC83C182 
  78      6934B2
  79 00c9 A6F0689F 		.ascii	"\246\360h\237\326\355\026\3052\2459hKB\010\342`K\351"
  79      D6ED16C5 
  79      32A53968 
  79      4B4208E2 
  79      604BE9
  80 00dc 48084B88 		.ascii	"H\010K\210\010\207\250\302W\026\271WJ\262.\243X_(\257"
  80      0887A8C2 
  80      5716B957 
  80      4AB22EA3 
  80      585F28AF 
  81 00f0 58E29CD5 		.ascii	"X\342\234\325\262\324\262W\274p\376*O[\376\304\271R"
  81      B2D4B257 
  81      BC70FE2A 
  81      4F5BFEC4 
  81      B952
  82 0102 7526E86A 		.ascii	"u&\350j\353ic\011\222\277\361>\254a5=\307\333\206\260"
  82      EB696309 
  82      92BFF13E 
  82      AC61353D 
  82      C7DB86B0 
  83 0116 8B287610 		.ascii	"\213(v\020\345\341\366\260\006*#\363\340\004n\232\015"
  83      E5E1F6B0 
  83      062A23F3 
  83      E0046E9A 
  83      0D
  84 0127 B9CF3EDB 		.ascii	"\271\317>\333Ao1\304\372\237\347\213/\021\261\324\370"
  84      416F31C4 
  84      FA9FE78B 
  84      2F11B1D4 
  84      F8
  85 0138 8E7D5636 		.ascii	"\216}V6I\370\0135K\034\206X\362\347rgW\007\2226\034"
  85      49F80B35 
  85      4B1C8658 
  85      F2E77267 
  85      57079236 
  86 014d F8926CED 		.ascii	"\370\222l\355\235\022\366\215\235f\227\010\243\334\027"
  86      9D12F68D 
  86      9D669708 
ARM GAS  C:\Users\JEFFSN~1\AppData\Local\Temp\ccF7LVNT.s 			page 6


  86      A3DC17
  87 015c 9721FDFF 		.ascii	"\227!\375\377F>\344\221\231O\277\221)<\365\012\333\377"
  87      463EE491 
  87      994FBF91 
  87      293CF50A 
  87      DBFF
  88 016e 73150579 		.ascii	"s\025\005y\035~\253O}\356\244;5:\355\216\217$\2223S"
  88      1D7EAB4F 
  88      7DEEA43B 
  88      353AED8E 
  88      8F249233 
  89 0183 63EEF040 		.ascii	"c\356\360@\"\331\375e\270gv\272\177\350k\"\376y\214"
  89      22D9FD65 
  89      B86776BA 
  89      7FE86B22 
  89      FE798C
  90 0196 AC89E4B8 		.ascii	"\254\211\344\270\373\006\356\361\245\265"
  90      FB06EEF1 
  90      A5B5
  91              		.text
  92              		.section	.gnu.lto_ExtMUXS0_Read.807cbda6,"",%progbits
  93 0000 789C6361 		.ascii	"x\234ca`d\000\001& \245\002\244\245\201\230\221\231"
  93      60640001 
  93      2620A502 
  93      A4A58198 
  93      9199
  94 0012 819169C2 		.ascii	"\201\221i\3029\006\206F\016&FF\020\243\201\203\221\241"
  94      39068646 
  94      0E264646 
  94      10A38183 
  94      91A1
  95 0024 9E89B19E 		.ascii	"\236\211\261\236\361+\323_&\306\323\337O\364pi.ohhj"
  95      F12BD35F 
  95      26C6D3DF 
  95      4FF47069 
  95      2E6F6868 
  96 0039 78B0F497 		.ascii	"x\260\364\227\305\364\025\007\030[\231\031\030\3763"
  96      C5F41507 
  96      185B9919 
  96      18FE33
  97 0048 31301ACB 		.ascii	"10\032\3130\032\310\200\214X\316\250\311\000T\372h\343"
  97      301AC880 
  97      8C58CEA8 
  97      C90054FA 
  97      68E3
  98 005a BFA9BC6C 		.ascii	"\277\251\274l-\015@\240\000R\000\224Y\301\310\006\262"
  98      2D0D40A0 
  98      00520094 
  98      59C1C806 
  98      B2
  99 006b 727DD081 		.ascii	"r}\320\201\206\377\377\233\033\016\\e?x\203\235\205"
  99      86FFFF9B 
  99      1B0E5C65 
  99      3F78839D 
  99      85
 100 007c 89A19519 		.ascii	"\211\241\225\031h/\310\034\206\017@u [?21\201h\346g"
 100      682FC81C 
ARM GAS  C:\Users\JEFFSN~1\AppData\Local\Temp\ccF7LVNT.s 			page 7


 100      860F4075 
 100      205B3F32 
 100      318168E6 
 101 0091 8C877E75 		.ascii	"\214\207~u\335\233g\005\322\332\314\014r\301\264\326"
 101      DD9B6705 
 101      D2DACC0C 
 101      72C1B4D6 
 102 00a1 43E7D9BF 		.ascii	"C\347\331\2770\2652\003\235\015\344\376\351\235\372"
 102      30B53203 
 102      9D0DE4FE 
 102      E99DFA
 103 00b0 9C11C2FD 		.ascii	"\234\021\302\375\270\270\261\201\005(\264tBc\372|\306"
 103      B8B8B181 
 103      0528B474 
 103      4263FA7C 
 103      C6
 104 00c1 B98D2D40 		.ascii	"\271\215-@\24713\256b\224a\\\311\010t\030\343j\306\371"
 104      A73133AE 
 104      6294615C 
 104      C9087418 
 104      E36AC6F9 
 105 00d5 8C0CCF18 		.ascii	"\214\014\317\030\233\377\264=a\204\230\307\0141rk\373"
 105      9BFFB43D 
 105      618498C7 
 105      0C31726B 
 105      FB
 106 00e6 998D5C20 		.ascii	"\231\215\\ 3\030\030\031\031\327\000\325\276bd\202*"
 106      33181819 
 106      19D700D5 
 106      BE626482 
 106      2A
 107 00f7 6000BB89 		.ascii	"`\000\273\211\021\344\026\240\313\224\334S\363R\213"
 107      11E416A0 
 107      CB94DC53 
 107      F3528B
 108 0106 124B5253 		.ascii	"\022KRS\342\203\363K\213\222Sc\002\202\363\235Mc\\+"
 108      E283F34B 
 108      8B925363 
 108      0282F39D 
 108      4D635C2B 
 109 011a 4A7C4323 		.ascii	"J|C#\202\015\364\222\031\000\253\267c\330"
 109      820DF492 
 109      1900ABB7 
 109      63D8
 110              		.text
 111              		.section	.gnu.lto_ExtMUXS0_ReadDataReg.807cbda6,"",%progbits
 112 0000 789C6361 		.ascii	"x\234ca`d\000\001f \245\002\244\245\201\230\221\231"
 112      60640001 
 112      6620A502 
 112      A4A58198 
 112      9199
 113 0012 819169C2 		.ascii	"\201\221i\3029\006\206F\016&FF\020\243\201\203\221\241"
 113      39068646 
 113      0E264646 
 113      10A38183 
 113      91A1
 114 0024 9E89B19E 		.ascii	"\236\211\261\236\361+\323_&\306\323\337O\364pi.ohhj"
ARM GAS  C:\Users\JEFFSN~1\AppData\Local\Temp\ccF7LVNT.s 			page 8


 114      F12BD35F 
 114      26C6D3DF 
 114      4FF47069 
 114      2E6F6868 
 115 0039 78B074B9 		.ascii	"x\260t\271\345\364\025\007\030[\231\031\030\376310\032"
 115      E5F41507 
 115      185B9919 
 115      18FE3331 
 115      301A
 116 004b CB301AC8 		.ascii	"\3130\032\310\200\214X\316\250\311\000T\372h\343\277"
 116      808C58CE 
 116      A8C90054 
 116      FA68E3BF 
 117 005b A9BC6C2D 		.ascii	"\251\274l-\015@\240\000R\000\224Y\301\310\006\262r}"
 117      0D40A000 
 117      52009459 
 117      C1C806B2 
 117      727D
 118 006d D08186FF 		.ascii	"\320\201\206\377\377\233\033\016\354\345:x\201\213\205"
 118      FF9B1B0E 
 118      ECE53A78 
 118      818B85
 119 007c 89A19519 		.ascii	"\211\241\225\031h/\310\034\206\017@u [?21\201h\346g"
 119      682FC81C 
 119      860F4075 
 119      205B3F32 
 119      318168E6 
 120 0091 8C877E75 		.ascii	"\214\207~u\375[i\005\322\332\314\014r\301\264\326C\347"
 120      FD5B6905 
 120      D2DACC0C 
 120      72C1B4D6 
 120      43E7
 121 00a3 D9BF30B5 		.ascii	"\331\2770\265231\202l\271\321<\377\0077\204\373aqc\003"
 121      32333182 
 121      6CB9D13C 
 121      FF073784 
 121      FB617163 
 122 00b8 0B5068F2 		.ascii	"\013Ph\362\266\251\257X\3463\316ml\001\272\215\231q"
 122      B6A9AF58 
 122      E633CE6D 
 122      6C01BA8D 
 122      9971
 123 00ca 15A30CE3 		.ascii	"\025\243\014\343JF\240\313\030W3\316gdx\306\330\374"
 123      4A46A0CB 
 123      185733CE 
 123      676478C6 
 123      D8FC
 124 00dc A7ED0923 		.ascii	"\247\355\011#\304@f\210\231[\333\317l\344\002\031\302"
 124      C4406688 
 124      995BDBCF 
 124      6CE40219 
 124      C2
 125 00ed C0C8C8B8 		.ascii	"\300\310\310\270\006\250\366\025#\023T\001\003\330Q"
 125      06A8F615 
 125      23135401 
 125      03D851
 126 00fc 8C20C700 		.ascii	"\214 \307\000\235\246\344\236\232\227Z\224X\222\232"
ARM GAS  C:\Users\JEFFSN~1\AppData\Local\Temp\ccF7LVNT.s 			page 9


 126      9DA6E49E 
 126      9A975A94 
 126      58929A
 127 010b 121F9C5F 		.ascii	"\022\037\234_Z\224\234\032\023\020\234\357l\032\343"
 127      5A949C1A 
 127      13109CEF 
 127      6C1AE3
 128 011a 5A51E21B 		.ascii	"ZQ\342\033\032\021l\240\227\314\000\000\354\032d="
 128      1A116CA0 
 128      97CC0000 
 128      EC1A643D 
 129              		.text
 130              		.section	.gnu.lto_.symbol_nodes.807cbda6,"",%progbits
 131 0000 789C6361 		.ascii	"x\234ca`dpc\000\002&\206z\006\206\011\347\030@\324\256"
 131      60647063 
 131      00022686 
 131      7A068609 
 131      E71840D4 
 132 0015 0645A000 		.ascii	"\006E\240\000c=#\252\000S=\023\252\000s=3\212\000\003"
 132      633D23AA 
 132      00533D13 
 132      AA00733D 
 132      338A0003 
 133 0029 0026B60F 		.ascii	"\000&\266\017<"
 133      3C
 134              		.text
 135              		.section	.gnu.lto_.refs.807cbda6,"",%progbits
 136 0000 789C6361 		.ascii	"x\234ca`\004B \000\000\0009\000\007"
 136      60044220 
 136      00000039 
 136      0007
 137              		.text
 138              		.section	.gnu.lto_.decls.807cbda6,"",%progbits
 139 0000 789C8D53 		.ascii	"x\234\215S]H\024Q\024\276gf\\\227Q7\021\013\211}\330"
 139      5D481451 
 139      14BE6766 
 139      5C975137 
 139      110B897D 
 140 0015 7CB297C5 		.ascii	"|\262\227\305\210\300\207\310@\313'#\334\264\036\004"
 140      88C087C8 
 140      40CB2723 
 140      DCB41E04 
 141 0025 F167305F 		.ascii	"\361g0_4\2665\222^n\256AZ\320\372\240\245I\232\017\245"
 141      34B63592 
 141      5E6EAE41 
 141      5AD0FAA0 
 141      A5499A0F 
 142 003a 69BAE66A 		.ascii	"i\272\346j\356\252\371\003\231\204\202\"\030a\240`E"
 142      EEAAF903 
 142      99848222 
 142      1861A060 
 142      45
 143 004b A2A59106 		.ascii	"\242\245\221\006>\330v\356\235\031g\263\225:\314\231"
 143      3ED876EE 
 143      9D1967B3 
 143      953ACC99 
 144 005b 39E7DEF3 		.ascii	"9\347\336\363}\347\273gf$\002\204Y\252DH+>c1\015\242"
ARM GAS  C:\Users\JEFFSN~1\AppData\Local\Temp\ccF7LVNT.s 			page 10


 144      7DE7BB67 
 144      66240284 
 144      59AA4448 
 144      2B3E6331 
 145 0071 45609C43 		.ascii	"E`\234C\014\303m\322\213\336\207>\200\036 \177\033\333"
 145      0CC36DD2 
 145      8BDE873E 
 145      801E207F 
 145      1BDB
 146 0083 D7715DE8 		.ascii	"\327q]\350V\364\021\364am\037\264\232\275\3068M{p\343"
 146      56F411F4 
 146      616D1FB4 
 146      9ABDC638 
 146      4D7B70E3 
 147 0097 61B07D61 		.ascii	"a\260}a\260\003\232\266\375\372\015\204\301\004\376"
 147      B0039AB6 
 147      FDFA0D84 
 147      C104FE
 148 00a6 810977B6 		.ascii	"\201\011w\266\035\001\202\315\276{\346\005x\017\"\321"
 148      1D0182CD 
 148      BE7BE605 
 148      780F22D1 
 149 00b6 864600D4 		.ascii	"\206F\000\324;p'\252\363\024\003\201\250\201\276\264"
 149      3B7027AA 
 149      F3140381 
 149      A881BEB4 
 150 00c6 6B442B11 		.ascii	"kD+\021\364\320 \343\227\206\207\240n\234\304`\007\015"
 150      F4D020E3 
 150      978687A0 
 150      6E9CC460 
 150      070D
 151 00d8 A4E6BA6E 		.ascii	"\244\346\272n\015\004\202\321\000\324TG\204\360\355"
 151      0D0482D1 
 151      00D45447 
 151      84F0ED
 152 00e7 51A46BD6 		.ascii	"Q\244k\326\333\020A?\364\360\324`\255I\024\200\305\213"
 152      DB10413F 
 152      F4F0D460 
 152      AD491480 
 152      C58B
 153 00f9 DB6D67ED 		.ascii	"\333mg\355\235\024\315C\251p\324\230L\367\255\217\355"
 153      9D14CD43 
 153      A970D498 
 153      4CF7AD8F 
 153      ED
 154 010a E64D01AC 		.ascii	"\346M\001\2542\004\201\345k\376\355\0305g\333\015\265"
 154      320481E5 
 154      6BFEED18 
 154      3567DB0D 
 154      B5
 155 011b CBBFA2C4 		.ascii	"\313\277\242\304\303,\026\346\226;V$H\222\2370\232\245"
 155      C32C16E6 
 155      963B5624 
 155      48929F30 
 155      9AA5
 156 012d DA9E537E 		.ascii	"\332\236S~Jc\241\013d\350\004\021\332\301\3164Xe\274"
 156      4A63A10B 
ARM GAS  C:\Users\JEFFSN~1\AppData\Local\Temp\ccF7LVNT.s 			page 11


 156      64E80411 
 156      DAC1CE34 
 156      5865BC
 157 0140 DFA6B492 		.ascii	"\337\246\264\222n\264RS\002\201\343VH\266\022x\016I"
 157      6EB45253 
 157      0281E356 
 157      48B61278 
 157      0E49
 158 0152 8C935541 		.ascii	"\214\223UA\007X\341\031X\031\377\247\373\315\253&\011"
 158      0758E119 
 158      5819FFA7 
 158      FBCDAB26 
 158      09
 159 0163 25739E02 		.ascii	"%s\236\002\211\255\315Vy\233D\224\020'\203\204\351\367"
 159      89ADCD56 
 159      799B4494 
 159      10278384 
 159      E9F7
 160 0175 E9C6650B 		.ascii	"\351\306e\013\246\3612\3300\355\014|X3%\324\363\243"
 160      A6F132D8 
 160      30ED0C7C 
 160      583325D4 
 160      F3A3
 161 0187 B8A94D82 		.ascii	"\270\251M\202\234C\320\203\204^$$\360\002\022\360\336"
 161      9C43D083 
 161      845E2424 
 161      F00212F0 
 161      DE
 162 0198 0D927A3A 		.ascii	"\015\222z:\357\335\261-sb\013m\361\322\245\272\211\223"
 162      EFDDB12D 
 162      73620B6D 
 162      F1D2A5BA 
 162      8993
 163 01aa F56E3A89 		.ascii	"\365n:\2118\033+\2036Ct\033\373.\010<\205\005\234a/"
 163      381B2B83 
 163      3643741B 
 163      FB2E083C 
 163      85059C61 
 164 01bf 24B239D4 		.ascii	"$\2629\324\004:,\242\302\207\340\371\262\276\030\245"
 164      043A2CA2 
 164      C287E0F9 
 164      B2BE18A5 
 165 01cf B28C6E4E 		.ascii	"\262\214nNDS\317MJOs\016\237\301\341\013\345\350\343"
 165      4453CF4D 
 165      4A4F730E 
 165      9FC1E10B 
 165      E5E8E3
 166 01e2 1C835B23 		.ascii	"\034\203[#\036A\274\3019f\356\274v\037\010\225\315\316"
 166      1E41BCC1 
 166      3966EEBC 
 166      761F0895 
 166      CDCE
 167 01f4 6BE87EC9 		.ascii	"k\350~\311u\027h\262\247:\247\327c\264\206so\304\006"
 167      751768B2 
 167      A73AA7D7 
 167      63B48673 
 167      6FC406
ARM GAS  C:\Users\JEFFSN~1\AppData\Local\Temp\ccF7LVNT.s 			page 12


 168 0207 3A5A8538 		.ascii	":Z\2058\201UA\277\321\262?\264\345\000o96\376\356\263"
 168      815541BF 
 168      D1B23FB4 
 168      E5006F39 
 168      36FEEEB3 
 169 021b 59AC06DE 		.ascii	"Y\254\006\336s\325\363\363\233\244\321\004\336\352\272"
 169      73D5F3F3 
 169      9BA4D104 
 169      DEEABA
 170 022a 1989DF20 		.ascii	"\031\211\337 \361\207\222\0048\311f\325\217y\223\214"
 170      F1879204 
 170      38C966D5 
 170      8F79938C 
 171 023a 2FD1FD7F 		.ascii	"/\321\375\177/qz\345q0R|\304\233\012\275u\015u\221 "
 171      2F717AE5 
 171      7130527C 
 171      C49B0ABD 
 171      750D7591 
 172 024f 278581BF 		.ascii	"'\205\201\277\012\003\327>\246\355\013\265\325\354\204"
 172      0A03D73E 
 172      A6ED0BB5 
 172      D5EC84
 173 025e C3389521 		.ascii	"\3038\225!C\334 \310\352D|3_\273#\242k\330w\205\343"
 173      43DC20C8 
 173      EA447C33 
 173      5FBB23A2 
 173      6BD87785 
 174 0273 8B9BB4F0 		.ascii	"\213\233\264\360Jc~#\020\315\177\001|\356\010\342\320"
 174      4A637E23 
 174      10CD7F01 
 174      7CEE08E2 
 174      D0
 175 0284 FCC32611 		.ascii	"\374\303&\021\367\330%7R\224Bg\001\306\221\214'\033"
 175      F7D82537 
 175      52944267 
 175      01C6918C 
 175      271B
 176 0296 A93C66CB 		.ascii	"\251<f\313t\243\222\232\036Xt\211\204o\020\030E\344"
 176      74A3929A 
 176      1E587489 
 176      846F1018 
 176      45E4
 177 02a8 1812F3D4 		.ascii	"\030\022\363\324r\346\272+3\373\222#9\357\242\263\304"
 177      72E6BA2B 
 177      33FB9223 
 177      39EFA2B3 
 177      C4
 178 02b9 A59833CE 		.ascii	"\245\2303\316e\333\322\216\035#\021\345%\245\256\224"
 178      65DBD28E 
 178      1D2311E5 
 178      25A5AE94 
 179 02c9 23194AA9 		.ascii	"#\031J\251\342\314w)Ey\216\262rg\241\222{\336Q\226v"
 179      E2CC7729 
 179      45798EB2 
 179      7267A192 
 179      7BDE5196 
 180 02de 22B7B0C2 		.ascii	"\"\267\260\302UqE\271j\277L\022\367\251\320i\355\205"
ARM GAS  C:\Users\JEFFSN~1\AppData\Local\Temp\ccF7LVNT.s 			page 13


 180      557145B9 
 180      6ABF4C12 
 180      F7A9D069 
 180      ED85
 181 02f0 E4E06E0B 		.ascii	"\344\340n\013\207\342Jw\226\\S2\313\212\224\230\335"
 181      87E24A77 
 181      965C5332 
 181      CB8A9498 
 181      DD
 182 0301 D52C25BF 		.ascii	"\325,%\277(\376\217,=\337\225\237\245\024KN\2458\345"
 182      28FE8F2C 
 182      3DDF959F 
 182      A5144B4E 
 182      A538E5
 183 0314 379D4D65 		.ascii	"7\235Me."
 183      2E
 184              		.text
 185              		.section	.gnu.lto_.symtab.807cbda6,"",%progbits
 186 0000 4578744D 		.ascii	"ExtMUXS0_Write\000"
 186      55585330 
 186      5F577269 
 186      746500
 187 000f 00       		.ascii	"\000"
 188 0010 00       		.ascii	"\000"
 189 0011 00       		.ascii	"\000"
 190 0012 00000000 		.ascii	"\000\000\000\000\000\000\000\000"
 190      00000000 
 191 001a B3000000 		.ascii	"\263\000\000\000"
 192 001e 4578744D 		.ascii	"ExtMUXS0_SetDriveMode\000"
 192      55585330 
 192      5F536574 
 192      44726976 
 192      654D6F64 
 193 0034 00       		.ascii	"\000"
 194 0035 00       		.ascii	"\000"
 195 0036 00       		.ascii	"\000"
 196 0037 00000000 		.ascii	"\000\000\000\000\000\000\000\000"
 196      00000000 
 197 003f B5000000 		.ascii	"\265\000\000\000"
 198 0043 4578744D 		.ascii	"ExtMUXS0_Read\000"
 198      55585330 
 198      5F526561 
 198      6400
 199 0051 00       		.ascii	"\000"
 200 0052 00       		.ascii	"\000"
 201 0053 00       		.ascii	"\000"
 202 0054 00000000 		.ascii	"\000\000\000\000\000\000\000\000"
 202      00000000 
 203 005c B8000000 		.ascii	"\270\000\000\000"
 204 0060 4578744D 		.ascii	"ExtMUXS0_ReadDataReg\000"
 204      55585330 
 204      5F526561 
 204      64446174 
 204      61526567 
 205 0075 00       		.ascii	"\000"
 206 0076 00       		.ascii	"\000"
 207 0077 00       		.ascii	"\000"
ARM GAS  C:\Users\JEFFSN~1\AppData\Local\Temp\ccF7LVNT.s 			page 14


 208 0078 00000000 		.ascii	"\000\000\000\000\000\000\000\000"
 208      00000000 
 209 0080 BA000000 		.ascii	"\272\000\000\000"
 210              		.text
 211              		.section	.gnu.lto_.opts,"",%progbits
 212 0000 272D666D 		.ascii	"'-fmath-errno' '-fsigned-zeros' '-ftrapping-math' '"
 212      6174682D 
 212      6572726E 
 212      6F272027 
 212      2D667369 
 213 0033 2D666E6F 		.ascii	"-fno-trapv' '-fno-openmp' '-fno-openacc' '-mcpu=cor"
 213      2D747261 
 213      70762720 
 213      272D666E 
 213      6F2D6F70 
 214 0066 7465782D 		.ascii	"tex-m3' '-mthumb' '-g' '-O3' '-ffunction-sections' "
 214      6D332720 
 214      272D6D74 
 214      68756D62 
 214      2720272D 
 215 0099 272D6666 		.ascii	"'-ffat-lto-objects' '-finline-functions' '-flto'\000"
 215      61742D6C 
 215      746F2D6F 
 215      626A6563 
 215      74732720 
 216              		.text
 217              		.cfi_sections	.debug_frame
 218              		.section	.text.ExtMUXS0_Write,"ax",%progbits
 219              		.align	2
 220              		.global	ExtMUXS0_Write
 221              		.thumb
 222              		.thumb_func
 223              		.type	ExtMUXS0_Write, %function
 224              	ExtMUXS0_Write:
 225              	.LFB0:
 226              		.file 1 "Generated_Source\\PSoC5\\ExtMUXS0.c"
   1:Generated_Source\PSoC5/ExtMUXS0.c **** /*******************************************************************************
   2:Generated_Source\PSoC5/ExtMUXS0.c **** * File Name: ExtMUXS0.c  
   3:Generated_Source\PSoC5/ExtMUXS0.c **** * Version 2.20
   4:Generated_Source\PSoC5/ExtMUXS0.c **** *
   5:Generated_Source\PSoC5/ExtMUXS0.c **** * Description:
   6:Generated_Source\PSoC5/ExtMUXS0.c **** *  This file contains API to enable firmware control of a Pins component.
   7:Generated_Source\PSoC5/ExtMUXS0.c **** *
   8:Generated_Source\PSoC5/ExtMUXS0.c **** * Note:
   9:Generated_Source\PSoC5/ExtMUXS0.c **** *
  10:Generated_Source\PSoC5/ExtMUXS0.c **** ********************************************************************************
  11:Generated_Source\PSoC5/ExtMUXS0.c **** * Copyright 2008-2015, Cypress Semiconductor Corporation.  All rights reserved.
  12:Generated_Source\PSoC5/ExtMUXS0.c **** * You may use this file only in accordance with the license, terms, conditions, 
  13:Generated_Source\PSoC5/ExtMUXS0.c **** * disclaimers, and limitations in the end user license agreement accompanying 
  14:Generated_Source\PSoC5/ExtMUXS0.c **** * the software package with which this file was provided.
  15:Generated_Source\PSoC5/ExtMUXS0.c **** *******************************************************************************/
  16:Generated_Source\PSoC5/ExtMUXS0.c **** 
  17:Generated_Source\PSoC5/ExtMUXS0.c **** #include "cytypes.h"
  18:Generated_Source\PSoC5/ExtMUXS0.c **** #include "ExtMUXS0.h"
  19:Generated_Source\PSoC5/ExtMUXS0.c **** 
  20:Generated_Source\PSoC5/ExtMUXS0.c **** /* APIs are not generated for P15[7:6] on PSoC 5 */
  21:Generated_Source\PSoC5/ExtMUXS0.c **** #if !(CY_PSOC5A &&\
ARM GAS  C:\Users\JEFFSN~1\AppData\Local\Temp\ccF7LVNT.s 			page 15


  22:Generated_Source\PSoC5/ExtMUXS0.c **** 	 ExtMUXS0__PORT == 15 && ((ExtMUXS0__MASK & 0xC0) != 0))
  23:Generated_Source\PSoC5/ExtMUXS0.c **** 
  24:Generated_Source\PSoC5/ExtMUXS0.c **** 
  25:Generated_Source\PSoC5/ExtMUXS0.c **** /*******************************************************************************
  26:Generated_Source\PSoC5/ExtMUXS0.c **** * Function Name: ExtMUXS0_Write
  27:Generated_Source\PSoC5/ExtMUXS0.c **** ****************************************************************************//**
  28:Generated_Source\PSoC5/ExtMUXS0.c **** *
  29:Generated_Source\PSoC5/ExtMUXS0.c **** * \brief Writes the value to the physical port (data output register), masking
  30:Generated_Source\PSoC5/ExtMUXS0.c **** *  and shifting the bits appropriately. 
  31:Generated_Source\PSoC5/ExtMUXS0.c **** *
  32:Generated_Source\PSoC5/ExtMUXS0.c **** * The data output register controls the signal applied to the physical pin in 
  33:Generated_Source\PSoC5/ExtMUXS0.c **** * conjunction with the drive mode parameter. This function avoids changing 
  34:Generated_Source\PSoC5/ExtMUXS0.c **** * other bits in the port by using the appropriate method (read-modify-write or
  35:Generated_Source\PSoC5/ExtMUXS0.c **** * bit banding).
  36:Generated_Source\PSoC5/ExtMUXS0.c **** *
  37:Generated_Source\PSoC5/ExtMUXS0.c **** * <b>Note</b> This function should not be used on a hardware digital output pin 
  38:Generated_Source\PSoC5/ExtMUXS0.c **** * as it is driven by the hardware signal attached to it.
  39:Generated_Source\PSoC5/ExtMUXS0.c **** *
  40:Generated_Source\PSoC5/ExtMUXS0.c **** * \param value
  41:Generated_Source\PSoC5/ExtMUXS0.c **** *  Value to write to the component instance.
  42:Generated_Source\PSoC5/ExtMUXS0.c **** *
  43:Generated_Source\PSoC5/ExtMUXS0.c **** * \return 
  44:Generated_Source\PSoC5/ExtMUXS0.c **** *  None 
  45:Generated_Source\PSoC5/ExtMUXS0.c **** *
  46:Generated_Source\PSoC5/ExtMUXS0.c **** * \sideeffect
  47:Generated_Source\PSoC5/ExtMUXS0.c **** *  If you use read-modify-write operations that are not atomic; the Interrupt 
  48:Generated_Source\PSoC5/ExtMUXS0.c **** *  Service Routines (ISR) can cause corruption of this function. An ISR that 
  49:Generated_Source\PSoC5/ExtMUXS0.c **** *  interrupts this function and performs writes to the Pins component data 
  50:Generated_Source\PSoC5/ExtMUXS0.c **** *  register can cause corrupted port data. To avoid this issue, you should 
  51:Generated_Source\PSoC5/ExtMUXS0.c **** *  either use the Per-Pin APIs (primary method) or disable interrupts around 
  52:Generated_Source\PSoC5/ExtMUXS0.c **** *  this function.
  53:Generated_Source\PSoC5/ExtMUXS0.c **** *
  54:Generated_Source\PSoC5/ExtMUXS0.c **** * \funcusage
  55:Generated_Source\PSoC5/ExtMUXS0.c **** *  \snippet ExtMUXS0_SUT.c usage_ExtMUXS0_Write
  56:Generated_Source\PSoC5/ExtMUXS0.c **** *******************************************************************************/
  57:Generated_Source\PSoC5/ExtMUXS0.c **** void ExtMUXS0_Write(uint8 value)
  58:Generated_Source\PSoC5/ExtMUXS0.c **** {
 227              		.loc 1 58 0
 228              		.cfi_startproc
 229              		@ args = 0, pretend = 0, frame = 0
 230              		@ frame_needed = 0, uses_anonymous_args = 0
 231              		@ link register save eliminated.
 232              	.LVL0:
  59:Generated_Source\PSoC5/ExtMUXS0.c ****     uint8 staticBits = (ExtMUXS0_DR & (uint8)(~ExtMUXS0_MASK));
 233              		.loc 1 59 0
 234 0000 044A     		ldr	r2, .L2
  60:Generated_Source\PSoC5/ExtMUXS0.c ****     ExtMUXS0_DR = staticBits | ((uint8)(value << ExtMUXS0_SHIFT) & ExtMUXS0_MASK);
 235              		.loc 1 60 0
 236 0002 00F00100 		and	r0, r0, #1
 237              	.LVL1:
  59:Generated_Source\PSoC5/ExtMUXS0.c ****     uint8 staticBits = (ExtMUXS0_DR & (uint8)(~ExtMUXS0_MASK));
 238              		.loc 1 59 0
 239 0006 1378     		ldrb	r3, [r2]	@ zero_extendqisi2
 240              	.LVL2:
 241              		.loc 1 60 0
 242 0008 03F0FE03 		and	r3, r3, #254
 243              	.LVL3:
ARM GAS  C:\Users\JEFFSN~1\AppData\Local\Temp\ccF7LVNT.s 			page 16


 244 000c 1843     		orrs	r0, r0, r3
 245 000e 1070     		strb	r0, [r2]
 246 0010 7047     		bx	lr
 247              	.L3:
 248 0012 00BF     		.align	2
 249              	.L2:
 250 0014 F0510040 		.word	1073762800
 251              		.cfi_endproc
 252              	.LFE0:
 253              		.size	ExtMUXS0_Write, .-ExtMUXS0_Write
 254              		.section	.text.ExtMUXS0_SetDriveMode,"ax",%progbits
 255              		.align	2
 256              		.global	ExtMUXS0_SetDriveMode
 257              		.thumb
 258              		.thumb_func
 259              		.type	ExtMUXS0_SetDriveMode, %function
 260              	ExtMUXS0_SetDriveMode:
 261              	.LFB1:
  61:Generated_Source\PSoC5/ExtMUXS0.c **** }
  62:Generated_Source\PSoC5/ExtMUXS0.c **** 
  63:Generated_Source\PSoC5/ExtMUXS0.c **** 
  64:Generated_Source\PSoC5/ExtMUXS0.c **** /*******************************************************************************
  65:Generated_Source\PSoC5/ExtMUXS0.c **** * Function Name: ExtMUXS0_SetDriveMode
  66:Generated_Source\PSoC5/ExtMUXS0.c **** ****************************************************************************//**
  67:Generated_Source\PSoC5/ExtMUXS0.c **** *
  68:Generated_Source\PSoC5/ExtMUXS0.c **** * \brief Sets the drive mode for each of the Pins component's pins.
  69:Generated_Source\PSoC5/ExtMUXS0.c **** * 
  70:Generated_Source\PSoC5/ExtMUXS0.c **** * <b>Note</b> This affects all pins in the Pins component instance. Use the
  71:Generated_Source\PSoC5/ExtMUXS0.c **** * Per-Pin APIs if you wish to control individual pin's drive modes.
  72:Generated_Source\PSoC5/ExtMUXS0.c **** *
  73:Generated_Source\PSoC5/ExtMUXS0.c **** * \param mode
  74:Generated_Source\PSoC5/ExtMUXS0.c **** *  Mode for the selected signals. Valid options are documented in 
  75:Generated_Source\PSoC5/ExtMUXS0.c **** *  \ref driveMode.
  76:Generated_Source\PSoC5/ExtMUXS0.c **** *
  77:Generated_Source\PSoC5/ExtMUXS0.c **** * \return
  78:Generated_Source\PSoC5/ExtMUXS0.c **** *  None
  79:Generated_Source\PSoC5/ExtMUXS0.c **** *
  80:Generated_Source\PSoC5/ExtMUXS0.c **** * \sideeffect
  81:Generated_Source\PSoC5/ExtMUXS0.c **** *  If you use read-modify-write operations that are not atomic, the ISR can
  82:Generated_Source\PSoC5/ExtMUXS0.c **** *  cause corruption of this function. An ISR that interrupts this function 
  83:Generated_Source\PSoC5/ExtMUXS0.c **** *  and performs writes to the Pins component Drive Mode registers can cause 
  84:Generated_Source\PSoC5/ExtMUXS0.c **** *  corrupted port data. To avoid this issue, you should either use the Per-Pin
  85:Generated_Source\PSoC5/ExtMUXS0.c **** *  APIs (primary method) or disable interrupts around this function.
  86:Generated_Source\PSoC5/ExtMUXS0.c **** *
  87:Generated_Source\PSoC5/ExtMUXS0.c **** * \funcusage
  88:Generated_Source\PSoC5/ExtMUXS0.c **** *  \snippet ExtMUXS0_SUT.c usage_ExtMUXS0_SetDriveMode
  89:Generated_Source\PSoC5/ExtMUXS0.c **** *******************************************************************************/
  90:Generated_Source\PSoC5/ExtMUXS0.c **** void ExtMUXS0_SetDriveMode(uint8 mode)
  91:Generated_Source\PSoC5/ExtMUXS0.c **** {
 262              		.loc 1 91 0
 263              		.cfi_startproc
 264              		@ args = 0, pretend = 0, frame = 0
 265              		@ frame_needed = 0, uses_anonymous_args = 0
 266              		@ link register save eliminated.
 267              	.LVL4:
  92:Generated_Source\PSoC5/ExtMUXS0.c **** 	CyPins_SetPinDriveMode(ExtMUXS0_0, mode);
 268              		.loc 1 92 0
ARM GAS  C:\Users\JEFFSN~1\AppData\Local\Temp\ccF7LVNT.s 			page 17


 269 0000 044A     		ldr	r2, .L5
 270 0002 00F00E00 		and	r0, r0, #14
 271              	.LVL5:
 272 0006 1378     		ldrb	r3, [r2]	@ zero_extendqisi2
 273 0008 03F0F103 		and	r3, r3, #241
 274 000c 1843     		orrs	r0, r0, r3
 275 000e 1070     		strb	r0, [r2]
 276 0010 7047     		bx	lr
 277              	.L6:
 278 0012 00BF     		.align	2
 279              	.L5:
 280 0014 78500040 		.word	1073762424
 281              		.cfi_endproc
 282              	.LFE1:
 283              		.size	ExtMUXS0_SetDriveMode, .-ExtMUXS0_SetDriveMode
 284              		.section	.text.ExtMUXS0_Read,"ax",%progbits
 285              		.align	2
 286              		.global	ExtMUXS0_Read
 287              		.thumb
 288              		.thumb_func
 289              		.type	ExtMUXS0_Read, %function
 290              	ExtMUXS0_Read:
 291              	.LFB2:
  93:Generated_Source\PSoC5/ExtMUXS0.c **** }
  94:Generated_Source\PSoC5/ExtMUXS0.c **** 
  95:Generated_Source\PSoC5/ExtMUXS0.c **** 
  96:Generated_Source\PSoC5/ExtMUXS0.c **** /*******************************************************************************
  97:Generated_Source\PSoC5/ExtMUXS0.c **** * Function Name: ExtMUXS0_Read
  98:Generated_Source\PSoC5/ExtMUXS0.c **** ****************************************************************************//**
  99:Generated_Source\PSoC5/ExtMUXS0.c **** *
 100:Generated_Source\PSoC5/ExtMUXS0.c **** * \brief Reads the associated physical port (pin status register) and masks 
 101:Generated_Source\PSoC5/ExtMUXS0.c **** *  the required bits according to the width and bit position of the component
 102:Generated_Source\PSoC5/ExtMUXS0.c **** *  instance. 
 103:Generated_Source\PSoC5/ExtMUXS0.c **** *
 104:Generated_Source\PSoC5/ExtMUXS0.c **** * The pin's status register returns the current logic level present on the 
 105:Generated_Source\PSoC5/ExtMUXS0.c **** * physical pin.
 106:Generated_Source\PSoC5/ExtMUXS0.c **** *
 107:Generated_Source\PSoC5/ExtMUXS0.c **** * \return 
 108:Generated_Source\PSoC5/ExtMUXS0.c **** *  The current value for the pins in the component as a right justified number.
 109:Generated_Source\PSoC5/ExtMUXS0.c **** *
 110:Generated_Source\PSoC5/ExtMUXS0.c **** * \funcusage
 111:Generated_Source\PSoC5/ExtMUXS0.c **** *  \snippet ExtMUXS0_SUT.c usage_ExtMUXS0_Read  
 112:Generated_Source\PSoC5/ExtMUXS0.c **** *******************************************************************************/
 113:Generated_Source\PSoC5/ExtMUXS0.c **** uint8 ExtMUXS0_Read(void)
 114:Generated_Source\PSoC5/ExtMUXS0.c **** {
 292              		.loc 1 114 0
 293              		.cfi_startproc
 294              		@ args = 0, pretend = 0, frame = 0
 295              		@ frame_needed = 0, uses_anonymous_args = 0
 296              		@ link register save eliminated.
 115:Generated_Source\PSoC5/ExtMUXS0.c ****     return (ExtMUXS0_PS & ExtMUXS0_MASK) >> ExtMUXS0_SHIFT;
 297              		.loc 1 115 0
 298 0000 024B     		ldr	r3, .L8
 299 0002 1878     		ldrb	r0, [r3]	@ zero_extendqisi2
 116:Generated_Source\PSoC5/ExtMUXS0.c **** }
 300              		.loc 1 116 0
 301 0004 00F00100 		and	r0, r0, #1
ARM GAS  C:\Users\JEFFSN~1\AppData\Local\Temp\ccF7LVNT.s 			page 18


 302 0008 7047     		bx	lr
 303              	.L9:
 304 000a 00BF     		.align	2
 305              	.L8:
 306 000c F1510040 		.word	1073762801
 307              		.cfi_endproc
 308              	.LFE2:
 309              		.size	ExtMUXS0_Read, .-ExtMUXS0_Read
 310              		.section	.text.ExtMUXS0_ReadDataReg,"ax",%progbits
 311              		.align	2
 312              		.global	ExtMUXS0_ReadDataReg
 313              		.thumb
 314              		.thumb_func
 315              		.type	ExtMUXS0_ReadDataReg, %function
 316              	ExtMUXS0_ReadDataReg:
 317              	.LFB3:
 117:Generated_Source\PSoC5/ExtMUXS0.c **** 
 118:Generated_Source\PSoC5/ExtMUXS0.c **** 
 119:Generated_Source\PSoC5/ExtMUXS0.c **** /*******************************************************************************
 120:Generated_Source\PSoC5/ExtMUXS0.c **** * Function Name: ExtMUXS0_ReadDataReg
 121:Generated_Source\PSoC5/ExtMUXS0.c **** ****************************************************************************//**
 122:Generated_Source\PSoC5/ExtMUXS0.c **** *
 123:Generated_Source\PSoC5/ExtMUXS0.c **** * \brief Reads the associated physical port's data output register and masks 
 124:Generated_Source\PSoC5/ExtMUXS0.c **** *  the correct bits according to the width and bit position of the component 
 125:Generated_Source\PSoC5/ExtMUXS0.c **** *  instance. 
 126:Generated_Source\PSoC5/ExtMUXS0.c **** *
 127:Generated_Source\PSoC5/ExtMUXS0.c **** * The data output register controls the signal applied to the physical pin in 
 128:Generated_Source\PSoC5/ExtMUXS0.c **** * conjunction with the drive mode parameter. This is not the same as the 
 129:Generated_Source\PSoC5/ExtMUXS0.c **** * preferred ExtMUXS0_Read() API because the 
 130:Generated_Source\PSoC5/ExtMUXS0.c **** * ExtMUXS0_ReadDataReg() reads the data register instead of the status 
 131:Generated_Source\PSoC5/ExtMUXS0.c **** * register. For output pins this is a useful function to determine the value 
 132:Generated_Source\PSoC5/ExtMUXS0.c **** * just written to the pin.
 133:Generated_Source\PSoC5/ExtMUXS0.c **** *
 134:Generated_Source\PSoC5/ExtMUXS0.c **** * \return 
 135:Generated_Source\PSoC5/ExtMUXS0.c **** *  The current value of the data register masked and shifted into a right 
 136:Generated_Source\PSoC5/ExtMUXS0.c **** *  justified number for the component instance.
 137:Generated_Source\PSoC5/ExtMUXS0.c **** *
 138:Generated_Source\PSoC5/ExtMUXS0.c **** * \funcusage
 139:Generated_Source\PSoC5/ExtMUXS0.c **** *  \snippet ExtMUXS0_SUT.c usage_ExtMUXS0_ReadDataReg 
 140:Generated_Source\PSoC5/ExtMUXS0.c **** *******************************************************************************/
 141:Generated_Source\PSoC5/ExtMUXS0.c **** uint8 ExtMUXS0_ReadDataReg(void)
 142:Generated_Source\PSoC5/ExtMUXS0.c **** {
 318              		.loc 1 142 0
 319              		.cfi_startproc
 320              		@ args = 0, pretend = 0, frame = 0
 321              		@ frame_needed = 0, uses_anonymous_args = 0
 322              		@ link register save eliminated.
 143:Generated_Source\PSoC5/ExtMUXS0.c ****     return (ExtMUXS0_DR & ExtMUXS0_MASK) >> ExtMUXS0_SHIFT;
 323              		.loc 1 143 0
 324 0000 024B     		ldr	r3, .L11
 325 0002 1878     		ldrb	r0, [r3]	@ zero_extendqisi2
 144:Generated_Source\PSoC5/ExtMUXS0.c **** }
 326              		.loc 1 144 0
 327 0004 00F00100 		and	r0, r0, #1
 328 0008 7047     		bx	lr
 329              	.L12:
 330 000a 00BF     		.align	2
ARM GAS  C:\Users\JEFFSN~1\AppData\Local\Temp\ccF7LVNT.s 			page 19


 331              	.L11:
 332 000c F0510040 		.word	1073762800
 333              		.cfi_endproc
 334              	.LFE3:
 335              		.size	ExtMUXS0_ReadDataReg, .-ExtMUXS0_ReadDataReg
 336              		.text
 337              	.Letext0:
 338              		.file 2 "Generated_Source\\PSoC5\\cytypes.h"
 339              		.section	.debug_info,"",%progbits
 340              	.Ldebug_info0:
 341 0000 1D010000 		.4byte	0x11d
 342 0004 0400     		.2byte	0x4
 343 0006 00000000 		.4byte	.Ldebug_abbrev0
 344 000a 04       		.byte	0x4
 345 000b 01       		.uleb128 0x1
 346 000c 4F000000 		.4byte	.LASF20
 347 0010 0C       		.byte	0xc
 348 0011 1B010000 		.4byte	.LASF21
 349 0015 A3010000 		.4byte	.LASF22
 350 0019 00000000 		.4byte	.Ldebug_ranges0+0
 351 001d 00000000 		.4byte	0
 352 0021 00000000 		.4byte	.Ldebug_line0
 353 0025 02       		.uleb128 0x2
 354 0026 01       		.byte	0x1
 355 0027 06       		.byte	0x6
 356 0028 2B020000 		.4byte	.LASF0
 357 002c 02       		.uleb128 0x2
 358 002d 01       		.byte	0x1
 359 002e 08       		.byte	0x8
 360 002f 41000000 		.4byte	.LASF1
 361 0033 02       		.uleb128 0x2
 362 0034 02       		.byte	0x2
 363 0035 05       		.byte	0x5
 364 0036 12020000 		.4byte	.LASF2
 365 003a 02       		.uleb128 0x2
 366 003b 02       		.byte	0x2
 367 003c 07       		.byte	0x7
 368 003d 08010000 		.4byte	.LASF3
 369 0041 02       		.uleb128 0x2
 370 0042 04       		.byte	0x4
 371 0043 05       		.byte	0x5
 372 0044 22020000 		.4byte	.LASF4
 373 0048 02       		.uleb128 0x2
 374 0049 04       		.byte	0x4
 375 004a 07       		.byte	0x7
 376 004b F6000000 		.4byte	.LASF5
 377 004f 02       		.uleb128 0x2
 378 0050 08       		.byte	0x8
 379 0051 05       		.byte	0x5
 380 0052 90010000 		.4byte	.LASF6
 381 0056 02       		.uleb128 0x2
 382 0057 08       		.byte	0x8
 383 0058 07       		.byte	0x7
 384 0059 6F010000 		.4byte	.LASF7
 385 005d 03       		.uleb128 0x3
 386 005e 04       		.byte	0x4
 387 005f 05       		.byte	0x5
ARM GAS  C:\Users\JEFFSN~1\AppData\Local\Temp\ccF7LVNT.s 			page 20


 388 0060 696E7400 		.ascii	"int\000"
 389 0064 02       		.uleb128 0x2
 390 0065 04       		.byte	0x4
 391 0066 07       		.byte	0x7
 392 0067 62010000 		.4byte	.LASF8
 393 006b 04       		.uleb128 0x4
 394 006c 1C020000 		.4byte	.LASF12
 395 0070 02       		.byte	0x2
 396 0071 E401     		.2byte	0x1e4
 397 0073 2C000000 		.4byte	0x2c
 398 0077 02       		.uleb128 0x2
 399 0078 04       		.byte	0x4
 400 0079 04       		.byte	0x4
 401 007a 3B000000 		.4byte	.LASF9
 402 007e 02       		.uleb128 0x2
 403 007f 08       		.byte	0x8
 404 0080 04       		.byte	0x4
 405 0081 34000000 		.4byte	.LASF10
 406 0085 02       		.uleb128 0x2
 407 0086 01       		.byte	0x1
 408 0087 08       		.byte	0x8
 409 0088 9E010000 		.4byte	.LASF11
 410 008c 04       		.uleb128 0x4
 411 008d 8B010000 		.4byte	.LASF13
 412 0091 02       		.byte	0x2
 413 0092 8E02     		.2byte	0x28e
 414 0094 98000000 		.4byte	0x98
 415 0098 05       		.uleb128 0x5
 416 0099 6B000000 		.4byte	0x6b
 417 009d 06       		.uleb128 0x6
 418 009e 3D010000 		.4byte	.LASF14
 419 00a2 01       		.byte	0x1
 420 00a3 39       		.byte	0x39
 421 00a4 00000000 		.4byte	.LFB0
 422 00a8 18000000 		.4byte	.LFE0-.LFB0
 423 00ac 01       		.uleb128 0x1
 424 00ad 9C       		.byte	0x9c
 425 00ae D1000000 		.4byte	0xd1
 426 00b2 07       		.uleb128 0x7
 427 00b3 0E000000 		.4byte	.LASF16
 428 00b7 01       		.byte	0x1
 429 00b8 39       		.byte	0x39
 430 00b9 6B000000 		.4byte	0x6b
 431 00bd 00000000 		.4byte	.LLST0
 432 00c1 08       		.uleb128 0x8
 433 00c2 29000000 		.4byte	.LASF23
 434 00c6 01       		.byte	0x1
 435 00c7 3B       		.byte	0x3b
 436 00c8 6B000000 		.4byte	0x6b
 437 00cc 21000000 		.4byte	.LLST1
 438 00d0 00       		.byte	0
 439 00d1 06       		.uleb128 0x6
 440 00d2 4C010000 		.4byte	.LASF15
 441 00d6 01       		.byte	0x1
 442 00d7 5A       		.byte	0x5a
 443 00d8 00000000 		.4byte	.LFB1
 444 00dc 18000000 		.4byte	.LFE1-.LFB1
ARM GAS  C:\Users\JEFFSN~1\AppData\Local\Temp\ccF7LVNT.s 			page 21


 445 00e0 01       		.uleb128 0x1
 446 00e1 9C       		.byte	0x9c
 447 00e2 F6000000 		.4byte	0xf6
 448 00e6 07       		.uleb128 0x7
 449 00e7 86010000 		.4byte	.LASF17
 450 00eb 01       		.byte	0x1
 451 00ec 5A       		.byte	0x5a
 452 00ed 6B000000 		.4byte	0x6b
 453 00f1 39000000 		.4byte	.LLST2
 454 00f5 00       		.byte	0
 455 00f6 09       		.uleb128 0x9
 456 00f7 00000000 		.4byte	.LASF18
 457 00fb 01       		.byte	0x1
 458 00fc 71       		.byte	0x71
 459 00fd 6B000000 		.4byte	0x6b
 460 0101 00000000 		.4byte	.LFB2
 461 0105 10000000 		.4byte	.LFE2-.LFB2
 462 0109 01       		.uleb128 0x1
 463 010a 9C       		.byte	0x9c
 464 010b 09       		.uleb128 0x9
 465 010c 14000000 		.4byte	.LASF19
 466 0110 01       		.byte	0x1
 467 0111 8D       		.byte	0x8d
 468 0112 6B000000 		.4byte	0x6b
 469 0116 00000000 		.4byte	.LFB3
 470 011a 10000000 		.4byte	.LFE3-.LFB3
 471 011e 01       		.uleb128 0x1
 472 011f 9C       		.byte	0x9c
 473 0120 00       		.byte	0
 474              		.section	.debug_abbrev,"",%progbits
 475              	.Ldebug_abbrev0:
 476 0000 01       		.uleb128 0x1
 477 0001 11       		.uleb128 0x11
 478 0002 01       		.byte	0x1
 479 0003 25       		.uleb128 0x25
 480 0004 0E       		.uleb128 0xe
 481 0005 13       		.uleb128 0x13
 482 0006 0B       		.uleb128 0xb
 483 0007 03       		.uleb128 0x3
 484 0008 0E       		.uleb128 0xe
 485 0009 1B       		.uleb128 0x1b
 486 000a 0E       		.uleb128 0xe
 487 000b 55       		.uleb128 0x55
 488 000c 17       		.uleb128 0x17
 489 000d 11       		.uleb128 0x11
 490 000e 01       		.uleb128 0x1
 491 000f 10       		.uleb128 0x10
 492 0010 17       		.uleb128 0x17
 493 0011 00       		.byte	0
 494 0012 00       		.byte	0
 495 0013 02       		.uleb128 0x2
 496 0014 24       		.uleb128 0x24
 497 0015 00       		.byte	0
 498 0016 0B       		.uleb128 0xb
 499 0017 0B       		.uleb128 0xb
 500 0018 3E       		.uleb128 0x3e
 501 0019 0B       		.uleb128 0xb
ARM GAS  C:\Users\JEFFSN~1\AppData\Local\Temp\ccF7LVNT.s 			page 22


 502 001a 03       		.uleb128 0x3
 503 001b 0E       		.uleb128 0xe
 504 001c 00       		.byte	0
 505 001d 00       		.byte	0
 506 001e 03       		.uleb128 0x3
 507 001f 24       		.uleb128 0x24
 508 0020 00       		.byte	0
 509 0021 0B       		.uleb128 0xb
 510 0022 0B       		.uleb128 0xb
 511 0023 3E       		.uleb128 0x3e
 512 0024 0B       		.uleb128 0xb
 513 0025 03       		.uleb128 0x3
 514 0026 08       		.uleb128 0x8
 515 0027 00       		.byte	0
 516 0028 00       		.byte	0
 517 0029 04       		.uleb128 0x4
 518 002a 16       		.uleb128 0x16
 519 002b 00       		.byte	0
 520 002c 03       		.uleb128 0x3
 521 002d 0E       		.uleb128 0xe
 522 002e 3A       		.uleb128 0x3a
 523 002f 0B       		.uleb128 0xb
 524 0030 3B       		.uleb128 0x3b
 525 0031 05       		.uleb128 0x5
 526 0032 49       		.uleb128 0x49
 527 0033 13       		.uleb128 0x13
 528 0034 00       		.byte	0
 529 0035 00       		.byte	0
 530 0036 05       		.uleb128 0x5
 531 0037 35       		.uleb128 0x35
 532 0038 00       		.byte	0
 533 0039 49       		.uleb128 0x49
 534 003a 13       		.uleb128 0x13
 535 003b 00       		.byte	0
 536 003c 00       		.byte	0
 537 003d 06       		.uleb128 0x6
 538 003e 2E       		.uleb128 0x2e
 539 003f 01       		.byte	0x1
 540 0040 3F       		.uleb128 0x3f
 541 0041 19       		.uleb128 0x19
 542 0042 03       		.uleb128 0x3
 543 0043 0E       		.uleb128 0xe
 544 0044 3A       		.uleb128 0x3a
 545 0045 0B       		.uleb128 0xb
 546 0046 3B       		.uleb128 0x3b
 547 0047 0B       		.uleb128 0xb
 548 0048 27       		.uleb128 0x27
 549 0049 19       		.uleb128 0x19
 550 004a 11       		.uleb128 0x11
 551 004b 01       		.uleb128 0x1
 552 004c 12       		.uleb128 0x12
 553 004d 06       		.uleb128 0x6
 554 004e 40       		.uleb128 0x40
 555 004f 18       		.uleb128 0x18
 556 0050 9742     		.uleb128 0x2117
 557 0052 19       		.uleb128 0x19
 558 0053 01       		.uleb128 0x1
ARM GAS  C:\Users\JEFFSN~1\AppData\Local\Temp\ccF7LVNT.s 			page 23


 559 0054 13       		.uleb128 0x13
 560 0055 00       		.byte	0
 561 0056 00       		.byte	0
 562 0057 07       		.uleb128 0x7
 563 0058 05       		.uleb128 0x5
 564 0059 00       		.byte	0
 565 005a 03       		.uleb128 0x3
 566 005b 0E       		.uleb128 0xe
 567 005c 3A       		.uleb128 0x3a
 568 005d 0B       		.uleb128 0xb
 569 005e 3B       		.uleb128 0x3b
 570 005f 0B       		.uleb128 0xb
 571 0060 49       		.uleb128 0x49
 572 0061 13       		.uleb128 0x13
 573 0062 02       		.uleb128 0x2
 574 0063 17       		.uleb128 0x17
 575 0064 00       		.byte	0
 576 0065 00       		.byte	0
 577 0066 08       		.uleb128 0x8
 578 0067 34       		.uleb128 0x34
 579 0068 00       		.byte	0
 580 0069 03       		.uleb128 0x3
 581 006a 0E       		.uleb128 0xe
 582 006b 3A       		.uleb128 0x3a
 583 006c 0B       		.uleb128 0xb
 584 006d 3B       		.uleb128 0x3b
 585 006e 0B       		.uleb128 0xb
 586 006f 49       		.uleb128 0x49
 587 0070 13       		.uleb128 0x13
 588 0071 02       		.uleb128 0x2
 589 0072 17       		.uleb128 0x17
 590 0073 00       		.byte	0
 591 0074 00       		.byte	0
 592 0075 09       		.uleb128 0x9
 593 0076 2E       		.uleb128 0x2e
 594 0077 00       		.byte	0
 595 0078 3F       		.uleb128 0x3f
 596 0079 19       		.uleb128 0x19
 597 007a 03       		.uleb128 0x3
 598 007b 0E       		.uleb128 0xe
 599 007c 3A       		.uleb128 0x3a
 600 007d 0B       		.uleb128 0xb
 601 007e 3B       		.uleb128 0x3b
 602 007f 0B       		.uleb128 0xb
 603 0080 27       		.uleb128 0x27
 604 0081 19       		.uleb128 0x19
 605 0082 49       		.uleb128 0x49
 606 0083 13       		.uleb128 0x13
 607 0084 11       		.uleb128 0x11
 608 0085 01       		.uleb128 0x1
 609 0086 12       		.uleb128 0x12
 610 0087 06       		.uleb128 0x6
 611 0088 40       		.uleb128 0x40
 612 0089 18       		.uleb128 0x18
 613 008a 9742     		.uleb128 0x2117
 614 008c 19       		.uleb128 0x19
 615 008d 00       		.byte	0
ARM GAS  C:\Users\JEFFSN~1\AppData\Local\Temp\ccF7LVNT.s 			page 24


 616 008e 00       		.byte	0
 617 008f 00       		.byte	0
 618              		.section	.debug_loc,"",%progbits
 619              	.Ldebug_loc0:
 620              	.LLST0:
 621 0000 00000000 		.4byte	.LVL0
 622 0004 06000000 		.4byte	.LVL1
 623 0008 0100     		.2byte	0x1
 624 000a 50       		.byte	0x50
 625 000b 06000000 		.4byte	.LVL1
 626 000f 18000000 		.4byte	.LFE0
 627 0013 0400     		.2byte	0x4
 628 0015 F3       		.byte	0xf3
 629 0016 01       		.uleb128 0x1
 630 0017 50       		.byte	0x50
 631 0018 9F       		.byte	0x9f
 632 0019 00000000 		.4byte	0
 633 001d 00000000 		.4byte	0
 634              	.LLST1:
 635 0021 08000000 		.4byte	.LVL2
 636 0025 0C000000 		.4byte	.LVL3
 637 0029 0600     		.2byte	0x6
 638 002b 73       		.byte	0x73
 639 002c 00       		.sleb128 0
 640 002d 09       		.byte	0x9
 641 002e FE       		.byte	0xfe
 642 002f 1A       		.byte	0x1a
 643 0030 9F       		.byte	0x9f
 644 0031 00000000 		.4byte	0
 645 0035 00000000 		.4byte	0
 646              	.LLST2:
 647 0039 00000000 		.4byte	.LVL4
 648 003d 06000000 		.4byte	.LVL5
 649 0041 0100     		.2byte	0x1
 650 0043 50       		.byte	0x50
 651 0044 06000000 		.4byte	.LVL5
 652 0048 18000000 		.4byte	.LFE1
 653 004c 0400     		.2byte	0x4
 654 004e F3       		.byte	0xf3
 655 004f 01       		.uleb128 0x1
 656 0050 50       		.byte	0x50
 657 0051 9F       		.byte	0x9f
 658 0052 00000000 		.4byte	0
 659 0056 00000000 		.4byte	0
 660              		.section	.debug_aranges,"",%progbits
 661 0000 34000000 		.4byte	0x34
 662 0004 0200     		.2byte	0x2
 663 0006 00000000 		.4byte	.Ldebug_info0
 664 000a 04       		.byte	0x4
 665 000b 00       		.byte	0
 666 000c 0000     		.2byte	0
 667 000e 0000     		.2byte	0
 668 0010 00000000 		.4byte	.LFB0
 669 0014 18000000 		.4byte	.LFE0-.LFB0
 670 0018 00000000 		.4byte	.LFB1
 671 001c 18000000 		.4byte	.LFE1-.LFB1
 672 0020 00000000 		.4byte	.LFB2
ARM GAS  C:\Users\JEFFSN~1\AppData\Local\Temp\ccF7LVNT.s 			page 25


 673 0024 10000000 		.4byte	.LFE2-.LFB2
 674 0028 00000000 		.4byte	.LFB3
 675 002c 10000000 		.4byte	.LFE3-.LFB3
 676 0030 00000000 		.4byte	0
 677 0034 00000000 		.4byte	0
 678              		.section	.debug_ranges,"",%progbits
 679              	.Ldebug_ranges0:
 680 0000 00000000 		.4byte	.LFB0
 681 0004 18000000 		.4byte	.LFE0
 682 0008 00000000 		.4byte	.LFB1
 683 000c 18000000 		.4byte	.LFE1
 684 0010 00000000 		.4byte	.LFB2
 685 0014 10000000 		.4byte	.LFE2
 686 0018 00000000 		.4byte	.LFB3
 687 001c 10000000 		.4byte	.LFE3
 688 0020 00000000 		.4byte	0
 689 0024 00000000 		.4byte	0
 690              		.section	.debug_line,"",%progbits
 691              	.Ldebug_line0:
 692 0000 93000000 		.section	.debug_str,"MS",%progbits,1
 692      02004500 
 692      00000201 
 692      FB0E0D00 
 692      01010101 
 693              	.LASF18:
 694 0000 4578744D 		.ascii	"ExtMUXS0_Read\000"
 694      55585330 
 694      5F526561 
 694      6400
 695              	.LASF16:
 696 000e 76616C75 		.ascii	"value\000"
 696      6500
 697              	.LASF19:
 698 0014 4578744D 		.ascii	"ExtMUXS0_ReadDataReg\000"
 698      55585330 
 698      5F526561 
 698      64446174 
 698      61526567 
 699              	.LASF23:
 700 0029 73746174 		.ascii	"staticBits\000"
 700      69634269 
 700      747300
 701              	.LASF10:
 702 0034 646F7562 		.ascii	"double\000"
 702      6C6500
 703              	.LASF9:
 704 003b 666C6F61 		.ascii	"float\000"
 704      7400
 705              	.LASF1:
 706 0041 756E7369 		.ascii	"unsigned char\000"
 706      676E6564 
 706      20636861 
 706      7200
 707              	.LASF20:
 708 004f 474E5520 		.ascii	"GNU C11 5.4.1 20160609 (release) [ARM/embedded-5-br"
 708      43313120 
 708      352E342E 
ARM GAS  C:\Users\JEFFSN~1\AppData\Local\Temp\ccF7LVNT.s 			page 26


 708      31203230 
 708      31363036 
 709 0082 616E6368 		.ascii	"anch revision 237715] -mcpu=cortex-m3 -mthumb -g -O"
 709      20726576 
 709      6973696F 
 709      6E203233 
 709      37373135 
 710 00b5 33202D66 		.ascii	"3 -ffunction-sections -ffat-lto-objects -finline-fu"
 710      66756E63 
 710      74696F6E 
 710      2D736563 
 710      74696F6E 
 711 00e8 6E637469 		.ascii	"nctions -flto\000"
 711      6F6E7320 
 711      2D666C74 
 711      6F00
 712              	.LASF5:
 713 00f6 6C6F6E67 		.ascii	"long unsigned int\000"
 713      20756E73 
 713      69676E65 
 713      6420696E 
 713      7400
 714              	.LASF3:
 715 0108 73686F72 		.ascii	"short unsigned int\000"
 715      7420756E 
 715      7369676E 
 715      65642069 
 715      6E7400
 716              	.LASF21:
 717 011b 47656E65 		.ascii	"Generated_Source\\PSoC5\\ExtMUXS0.c\000"
 717      72617465 
 717      645F536F 
 717      75726365 
 717      5C50536F 
 718              	.LASF14:
 719 013d 4578744D 		.ascii	"ExtMUXS0_Write\000"
 719      55585330 
 719      5F577269 
 719      746500
 720              	.LASF15:
 721 014c 4578744D 		.ascii	"ExtMUXS0_SetDriveMode\000"
 721      55585330 
 721      5F536574 
 721      44726976 
 721      654D6F64 
 722              	.LASF8:
 723 0162 756E7369 		.ascii	"unsigned int\000"
 723      676E6564 
 723      20696E74 
 723      00
 724              	.LASF7:
 725 016f 6C6F6E67 		.ascii	"long long unsigned int\000"
 725      206C6F6E 
 725      6720756E 
 725      7369676E 
 725      65642069 
 726              	.LASF17:
ARM GAS  C:\Users\JEFFSN~1\AppData\Local\Temp\ccF7LVNT.s 			page 27


 727 0186 6D6F6465 		.ascii	"mode\000"
 727      00
 728              	.LASF13:
 729 018b 72656738 		.ascii	"reg8\000"
 729      00
 730              	.LASF6:
 731 0190 6C6F6E67 		.ascii	"long long int\000"
 731      206C6F6E 
 731      6720696E 
 731      7400
 732              	.LASF11:
 733 019e 63686172 		.ascii	"char\000"
 733      00
 734              	.LASF22:
 735 01a3 433A5C55 		.ascii	"C:\\Users\\JeffSnyder\\dev\\Electrobass_embedded\\P"
 735      73657273 
 735      5C4A6566 
 735      66536E79 
 735      6465725C 
 736 01d1 534F4335 		.ascii	"SOC5_electrobass_stringsensors\\CE210514_PSOC3_5_Th"
 736      5F656C65 
 736      6374726F 
 736      62617373 
 736      5F737472 
 737 0203 65726D69 		.ascii	"ermistor.cydsn\000"
 737      73746F72 
 737      2E637964 
 737      736E00
 738              	.LASF2:
 739 0212 73686F72 		.ascii	"short int\000"
 739      7420696E 
 739      7400
 740              	.LASF12:
 741 021c 75696E74 		.ascii	"uint8\000"
 741      3800
 742              	.LASF4:
 743 0222 6C6F6E67 		.ascii	"long int\000"
 743      20696E74 
 743      00
 744              	.LASF0:
 745 022b 7369676E 		.ascii	"signed char\000"
 745      65642063 
 745      68617200 
 746              		.comm	__gnu_lto_v1,1,1
 747              		.ident	"GCC: (GNU Tools for ARM Embedded Processors) 5.4.1 20160609 (release) [ARM/embedded-5-bran
