ARM GAS  C:\Users\JEFFSN~1\AppData\Local\Temp\cczYELtg.s 			page 1


   1              		.syntax unified
   2              		.cpu cortex-m3
   3              		.fpu softvfp
   4              		.eabi_attribute 20, 1
   5              		.eabi_attribute 21, 1
   6              		.eabi_attribute 23, 3
   7              		.eabi_attribute 24, 1
   8              		.eabi_attribute 25, 1
   9              		.eabi_attribute 26, 1
  10              		.eabi_attribute 30, 2
  11              		.eabi_attribute 34, 1
  12              		.eabi_attribute 18, 4
  13              		.thumb
  14              		.syntax unified
  15              		.file	"ExtMUXS1.c"
  16              		.text
  17              	.Ltext0:
  18              		.section	.gnu.lto_.profile.807cbba1,"",%progbits
  19 0000 789C6361 		.ascii	"x\234ca`d`a`\000\222\222\242\000\000\261\0009"
  19      60646061 
  19      60009292 
  19      A20000B1 
  19      0039
  20              		.text
  21              		.section	.gnu.lto_.icf.807cbba1,"",%progbits
  22 0000 789C6361 		.ascii	"x\234ca`d\000\001)\006\004`aX\267\371\327#6\306S;'\237"
  22      60640001 
  22      29060460 
  22      6158B7F9 
  22      D72336C6 
  23 0018 63636A7D 		.ascii	"ccj}\371n\036'\363\242\366\327\267\270\031\000\252\256"
  23      F96E1E27 
  23      F3A2F6D7 
  23      B7B81900 
  23      AAAE
  24 002a 0C53     		.ascii	"\014S"
  25              		.text
  26              		.section	.gnu.lto_.jmpfuncs.807cbba1,"",%progbits
  27 0000 789C6361 		.ascii	"x\234ca`d\000\001!\006\004`a`dd\254g\004\021L\014\014"
  27      60640001 
  27      21060460 
  27      61606464 
  27      AC670411 
  28 0017 CC401100 		.ascii	"\314@\021\000\016\"\001&"
  28      0E220126 
  29              		.text
  30              		.section	.gnu.lto_.inline.807cbba1,"",%progbits
  31 0000 789C6361 		.ascii	"x\234ca`d\000\201$\006\004`a`\340\344`dd\340\000J1s"
  31      60640081 
  31      24060460 
  31      6160E0E4 
  31      606464E0 
  32 0018 1CB06360 		.ascii	"\034\260c`[ \317\304\300\262@\236\005$\013\024g\307"
  32      5B20CFC4 
  32      C0B2409E 
  32      05240B14 
  32      67C7
ARM GAS  C:\Users\JEFFSN~1\AppData\Local\Temp\cczYELtg.s 			page 2


  33 002a 9064BAC0 		.ascii	"\220d\272\300\017\226db`ced`b\373\240\007\021\007\002"
  33      0F966462 
  33      60636564 
  33      6062FBA0 
  33      07110702 
  34 003e 664C2106 		.ascii	"fL!\006\000\346\332\011\346"
  34      00E6DA09 
  34      E6
  35              		.text
  36              		.section	.gnu.lto_.pureconst.807cbba1,"",%progbits
  37 0000 789C6361 		.ascii	"x\234ca`d\340d```a\220b\224b\222b\226\002\000\002\261"
  37      6064E064 
  37      60606061 
  37      90629462 
  37      92629602 
  38 0017 0081     		.ascii	"\000\201"
  39              		.text
  40              		.section	.gnu.lto_ExtMUXS1_Write.807cbba1,"",%progbits
  41 0000 789C5551 		.ascii	"x\234UQMk\324P\024\275\347\275$3\355\250\177\240\263"
  41      4D6BD450 
  41      14BDE7BD 
  41      2433EDA8 
  41      7FA0B3
  42 0013 28C250AA 		.ascii	"(\302P\252 \212\364\017(\342J\020\007\301\305\200\014"
  42      208AF40F 
  42      28E24A10 
  42      07C1C580 
  42      0C
  43 0024 631605B5 		.ascii	"c\026\005\265\320\246\342\256/M'\005qQ(\355\254t\300"
  43      D0A6E2AE 
  43      2F4D2705 
  43      715128ED 
  43      AC74C0
  44 0037 52DAFAD1 		.ascii	"R\332\372\321Z\025A\350\"\004\301\215(H\027\"\"\322"
  44      5A1541E8 
  44      2204C18D 
  44      28481722 
  44      22D2
  45 0049 45848210 		.ascii	"E\204\202\020\301\241\203Z\307{\223\215\275\360>rs\316"
  45      C1A1835A 
  45      C77B938D 
  45      BDF03E72 
  45      73CE
  46 005b B9E7DE67 		.ascii	"\271\347\336g\021H\342\230\"\032\341s\200\0274A\315"
  46      1148E298 
  46      221AE173 
  46      80173441 
  46      CD
  47 006c BD23F28B 		.ascii	"\275#\362\213\012\220\213)\202\246\024\246\320Q\373"
  47      0A908B29 
  47      82A614A6 
  47      D051FB
  48 007b 0AF16CF2 		.ascii	"\012\361l\362J\015\257\030\216\257\313\367\265Y\215"
  48      4A0DAF18 
  48      8EAFCBF7 
  48      B5598D
  49 008a D0D4443D 		.ascii	"\320\324D=\225)\021V0\314\250o[\263\333\320\025\020"
ARM GAS  C:\Users\JEFFSN~1\AppData\Local\Temp\cczYELtg.s 			page 3


  49      95291156 
  49      30CCA86F 
  49      5BB3DBD0 
  49      1510
  50 009c DFC3B893 		.ascii	"\337\303\270\223\226\206\226\215\2316f\257ftS\003\253"
  50      9686968D 
  50      993666AF 
  50      66745303 
  50      AB
  51 00ad D0CCC0E9 		.ascii	"\320\314\300\3512N\226\211\023\2045\014\011\270\373"
  51      324E9689 
  51      1384350C 
  51      09B8FB
  52 00bc 697BFD88 		.ascii	"i{\375\210>\236\021\347L\362\340PeI\210\321\336\215"
  52      3E9E11E7 
  52      4CF2E050 
  52      654988D1 
  52      DE8D
  53 00ce 9689FC41 		.ascii	"\226\211\374A\341>\374\237+\301\320\235\315\277\013"
  53      E13EFC9F 
  53      2BC1D09D 
  53      CDBF0B
  54 00dd 879D1971 		.ascii	"\207\235\031q5\210G\250\344~\360\030\016w\010\311l\\"
  54      358847A8 
  54      E47EF018 
  54      0E7708C9 
  54      6C5C
  55 00ef 8A4CAF17 		.ascii	"\212L\257\027\230\250cwt\237\342\242\212;\345\037\026"
  55      98A86377 
  55      749FE2A2 
  55      8A3BE51F 
  55      16
  56 0100 A4B62D09 		.ascii	"\244\266-\011G\266\202lD)/\351\376\207Rr\352\004\361"
  56      47B6826C 
  56      44292FE9 
  56      FE875272 
  56      EA04F1
  57 0113 AF3B5F5A 		.ascii	"\257;_Z\005\321\014\264Lb\261\031\277/\374TM\2553\267"
  57      05D10CB4 
  57      4C62B119 
  57      BF2FFC54 
  57      4DAD33B7 
  58 0127 1F8376B7 		.ascii	"\037\203v\267\224\177\246K\276\26185\377ra\327j\343"
  58      947FA64B 
  58      BEB13835 
  58      FF7261D7 
  58      6AE3
  59 0139 9E3FC333 		.ascii	"\236?\3033\262\260\2162\236\200=c\003mP\202\340O\370"
  59      B2B08E32 
  59      9E803D63 
  59      036D5082 
  59      E04FF8
  60 014c 19B9A0CE 		.ascii	"\031\271\240\3165\375\357\341\207\242\210\000\373\300"
  60      35FDEFE1 
  60      87A28800 
  60      FBC0
  61 015a 5306EF40 		.ascii	"S\006\357@em\260SF\011)\015\223V_\316\262\003-u^\274"
ARM GAS  C:\Users\JEFFSN~1\AppData\Local\Temp\cczYELtg.s 			page 4


  61      656DB053 
  61      4609290D 
  61      93565FCE 
  61      B2032D75 
  62 0170 7E13662C 		.ascii	"~\023f,\033\300&\2232\351\267*\007\011\216A[\355\273"
  62      1BC02693 
  62      32E9B72A 
  62      07098E41 
  62      5BEDBB
  63 0183 6BFD02B2 		.ascii	"k\375\002\262X\361Y\016\352:9\244\220\031p8\025/f\206"
  63      58F1590E 
  63      EA3A39A4 
  63      90197038 
  63      152F6686 
  64 0197 0E98F78D 		.ascii	"\016\230\367\215)\035\364\377\234\3753\213v1\035\375"
  64      291DF4FF 
  64      9CFD338B 
  64      76311DFD 
  65 01a7 B685903D 		.ascii	"\266\205\220=D\252 \263\342\311\035=\357\336t\307\353"
  65      44AA20B3 
  65      E2C91D3D 
  65      EFDE74C7 
  65      EB
  66 01b8 9E7BED6A 		.ascii	"\236{\355julr\274\341\326.V\307\316\216\324\316\335"
  66      756C72BC 
  66      E1D62E56 
  66      C7CE8ED4 
  66      CEDD
  67 01ca F62E5CBE 		.ascii	"\366.\\\276R=u\242A\366\255\372\365I\267\177\302\253"
  67      523D75A2 
  67      41F6ADFA 
  67      F549B77F 
  67      C2AB
  68 01dc 7BA38D33 		.ascii	"{\243\2153\243\336\304?%X\302A"
  68      A3DEC43F 
  68      2558C241 
  69              		.text
  70              		.section	.gnu.lto_ExtMUXS1_SetDriveMode.807cbba1,"",%progbits
  71 0000 789C7D51 		.ascii	"x\234}Q\277K[Q\024>\337\275/\357%\006\375\007\314 \005"
  71      BF4B5B51 
  71      143EDFBD 
  71      2FEF2506 
  71      FD07CC20 
  72 0015 09594429 		.ascii	"\011YD)\376\005b;\011\305 8D\244$o\254\241b\301-7\277"
  72      FE05623B 
  72      09C52038 
  72      44A4246F 
  72      ACA162C1 
  73 002c 5A5007A1 		.ascii	"ZP\007\241\350\"\022\227\220X\265i\351\324-\015\264"
  73      E8221297 
  73      9058B569 
  73      E9D42D0D 
  73      B4
  74 003d 83836E0E 		.ascii	"\203\203n\016\035D\034B)T\222\332\322\032\265\3519\357"
  74      1D441C42 
  74      295492DA 
  74      D21AB5E9 
ARM GAS  C:\Users\JEFFSN~1\AppData\Local\Temp\cczYELtg.s 			page 5


  74      39EF
  75 004f 3964F272 		.ascii	"9d\362r\357\371\305\367}\367\234{-\002\311\372\306."
  75      EFF9C5F7 
  75      7DF79C7B 
  75      2D02C9FA 
  75      C62E
  76 0061 C67E900F 		.ascii	"\306~\220\0174A\255\037\021e\203\012\220\300\004A\031"
  76      3441AD1F 
  76      1165830A 
  76      90C00441 
  76      19
  77 0072 850C7EAB 		.ascii	"\205\014~\253[\205\306\253\346G\025\253\030^g\237/F"
  77      5B85C6AB 
  77      E64715AB 
  77      185E679F 
  77      2F46
  78 0084 4DB58EA2 		.ascii	"M\265\216\242&\352*O\211PA\214Q\227\037\312\257\303"
  78      26EA2A4F 
  78      8950418C 
  78      51971FCA 
  78      AFC3
  79 0096 7A18C471 		.ascii	"z\030\304q\373\250u:\020-\033\2233fc\316\350\242\006"
  79      FBA8753A 
  79      102D1B93 
  79      336663CE 
  79      E8A206
  80 00a9 AAD0CCC0 		.ascii	"\252\320\314\300\303\010F#\304\005\302.\242\002>\177"
  80      C3084623 
  80      C405C22E 
  80      A2023E7F 
  81 00b9 FF6FA3DF 		.ascii	"\377o\243\337.\210\374\220/\2127\260\245\315\332t\335"
  81      2E88FC90 
  81      2F8A37B0 
  81      A5CDDA74 
  81      DD
  82 00ca 74BB7953 		.ascii	"t\273yS\377c\177\352\330a\3054\245\331hKL\000\242`K"
  82      FF637FEA 
  82      D861C534 
  82      A5D9684B 
  82      4C00A260 
  83 00df E888098A 		.ascii	"\350\210\011\212\011\011\206\250\305G\006i+%^7\321\350"
  83      090986A8 
  83      C5470669 
  83      2B255E37 
  83      D1E8
  84 00f1 AC34B72C 		.ascii	"\2544\267,Q\316k\031j\263\3308v~\251\242\266\274\216"
  84      51CE6B19 
  84      6AB3D838 
  84      767EA9A2 
  84      B6BC8E
  85 0104 8F4B6B2F 		.ascii	"\217Kk/\373\374\364j'k,.\375X9;\014\227\260\235-\360"
  85      FBFCF46A 
  85      276B2C2E 
  85      FD58393B 
  85      0C97B09D 
  86 011a B801EC23 		.ascii	"\270\001\354#\202=D\270\273\003\224@M\344~:\276\234"
  86      823D44B8 
ARM GAS  C:\Users\JEFFSN~1\AppData\Local\Temp\cczYELtg.s 			page 6


  86      BB039440 
  86      4DE47E3A 
  86      BE9C
  87 012c 6645CEF3 		.ascii	"fE\316\3637\266\237[\\b\376\327/\253\267!\221\324x\216"
  87      37B69F5B 
  87      5C62FED7 
  87      2FABB721 
  87      91D4788E 
  88 0140 B7CCECA1 		.ascii	"\267\314\354\241\360\016\364R\034.\311\225'{\373\332"
  88      F00EF452 
  88      1C2EC995 
  88      277BFBDA 
  89 0150 A70CA0E6 		.ascii	"\247\014\240\346Q\362\177\357 AO\330\351U\011q\225\363"
  89      51F27FEF 
  89      20414FD8 
  89      E9550971 
  89      95F3
  90 0162 C62624BF 		.ascii	"\306&$\277\257\345w\3342\343\351;r\365\353G\202\366"
  90      AFE577DC 
  90      32E3E93B 
  90      72F5EB47 
  90      82F6
  91 0174 BEAEA520 		.ascii	"\276\256\245 \317\303\217\365\340\261\273\340.>]rS\363"
  91      CFC38FF5 
  91      E0B1BBE0 
  91      2E3E5D72 
  91      53F3
  92 0186 F1F48BC5 		.ascii	"\361\364\213\305\244\233x\022OO\214'&\227\227\246ff"
  92      A49B7812 
  92      4F4F8C27 
  92      269797A6 
  92      6666
  93 0198 E3632349 		.ascii	"\343c#I\262\236\245S\356\177\254I\246o"
  93      B29EA553 
  93      EE7FAC49 
  93      A66F
  94              		.text
  95              		.section	.gnu.lto_ExtMUXS1_Read.807cbba1,"",%progbits
  96 0000 789C3550 		.ascii	"x\2345P\315K\002A\024\177\277\231\325\225 \372\003\362"
  96      CD4B0241 
  96      147FBF99 
  96      D59520FA 
  96      03F2
  97 0012 10D1C54B 		.ascii	"\020\321\305K\024\021D\327\250NA$B\007!\302\226n\011"
  97      141144D7 
  97      A84E4124 
  97      420721C2 
  97      966E09
  98 0025 62D0CD5D 		.ascii	"b\320\315]W\015\242\300\213u*\017!\332\027\021\364\007"
  98      570DA2C0 
  98      8B752A0F 
  98      21DA1711 
  98      F407
  99 0037 6C521414 		.ascii	"lR\024\024u)\350\024\021a\320)\245\020\304\332\336\264"
  99      7529E814 
  99      1161D029 
  99      A510C4DA 
ARM GAS  C:\Users\JEFFSN~1\AppData\Local\Temp\cczYELtg.s 			page 7


  99      DEB4
 100 0049 3430EFCD 		.ascii	"40\357\315\274\371}\2747\032\201\324\212p\352\343\334"
 100      BCF97DBC 
 100      371A81D4 
 100      8A70EAE3 
 100      DC
 101 005a CD1B9220 		.ascii	"\315\033\222 \362\267DV@\000\352`\006@)\201\024\276"
 101      F2B74456 
 101      4000EA60 
 101      06402981 
 101      14BE
 102 006c C4B7C075 		.ascii	"\304\267\300u\363j\275#T6\315\264\371\\j\215lU\034d"
 102      F36ABD23 
 102      5436CDB4 
 102      F95C6A8D 
 102      6C551C64 
 103 0080 25912B08 		.ascii	"%\221+\010CA\014\004\225D\031!b\350\313\311O\241\323"
 103      43410C04 
 103      95441921 
 103      62E8CBC9 
 103      4FA1D3
 104 0093 9F3179F5 		.ascii	"\2371y\365(\000\277T\340W\226\3073\216\351\272\266\351"
 104      2800BF54 
 104      E05796C7 
 104      338EE9BA 
 104      B6E9
 105 00a5 3CE8678F 		.ascii	"<\350g\217\272\016\312J\366\345\240q\020>\025\374\244"
 105      BA0ECA4A 
 105      F6E5A071 
 105      103E15FC 
 105      A4
 106 00b6 64E98369 		.ascii	"d\351\203i\252\211\272\020*\313\032\252\255\265\247"
 106      AA89BA10 
 106      2ACB1AAA 
 106      ADB5A7
 107 00c5 9D51A564 		.ascii	"\235Q\245dK\311.\233\331\352\235\376)\262RB\231\266"
 107      4BC92E9B 
 107      D9EA9DFE 
 107      29B25242 
 107      99B6
 108 00d7 370A6FF0 		.ascii	"7\012o\360\256\365]\313\324\270T\312[\213El[\031\356"
 108      AEF55DCB 
 108      D4B854CA 
 108      5B8B456C 
 108      5B19EE
 109 00ea 54C33E82 		.ascii	"T\303>\202\330\003\367\211\003\024A5\330\355\011\262"
 109      D803F789 
 109      03144135 
 109      D8ED09B2 
 110 00fa 253CB50B 		.ascii	"%<\265\013\267\351t): p\310\260\032\322\215\325\033"
 110      B7E97429 
 110      3A2070C8 
 110      B01AD28D 
 110      D51B
 111 010c E9F9698C 		.ascii	"\351\371i\214S\214F\356\336\347U|\\d\332\351\371e.\240"
 111      538C46EE 
 111      DEE7557C 
ARM GAS  C:\Users\JEFFSN~1\AppData\Local\Temp\cczYELtg.s 			page 8


 111      5C64DAE9 
 111      F9652EA0 
 112 0120 68FC6738 		.ascii	"h\374g8\372\247\275\302\003)\034\275\263\240w\243\277"
 112      FAA7BDC2 
 112      03291CBD 
 112      B3A077A3 
 112      BF
 113 0131 B9A0E6E1 		.ascii	"\271\240\346\341\351z'\215%#1\2374\026\346\302\361\345"
 113      E97A278D 
 113      2523319F 
 113      3416E6C2 
 113      F1E5
 114 0143 44CC884E 		.ascii	"D\314\210N\207\343c\303\321\361\225\344Td6<\330\037"
 114      87E363C3 
 114      D1F195E4 
 114      5464363C 
 114      D81F
 115 0155 A35FA001 		.ascii	"\243_\240\001{n"
 115      7B6E
 116              		.text
 117              		.section	.gnu.lto_ExtMUXS1_ReadDataReg.807cbba1,"",%progbits
 118 0000 789C3550 		.ascii	"x\2345P;K\003A\020\236o\367\362 \"\376\000S\210\330"
 118      3B4B0341 
 118      109E6FF7 
 118      F22022FE 
 118      005388D8 
 119 0014 A411452C 		.ascii	"\244\021E,\264\025\265\022\304\240X\004D\342\265\006"
 119      B415B512 
 119      C4A05804 
 119      44E2B506 
 120 0024 4204BB6C 		.ascii	"B\004\273lrI\004\261\020$ZI\012\221$>\020A\354\2043"
 120      724904B1 
 120      10245A49 
 120      0A91243E 
 120      1041EC84 
 121 0039 280A8A5A 		.ascii	"(\012\212ZXX\212H\212T1(\021\321\234\263\036.\354\314"
 121      58588A48 
 121      8A543128 
 121      11D19CB3 
 121      1E2EECCC 
 122 004d EEECF798 		.ascii	"\356\354\367\230Y\203@z\315p\352\341\334\311\033\222"
 122      5983407A 
 122      CD70EAE1 
 122      DCC91B92 
 123 005d 20D6EF88 		.ascii	" \326\357\210R~\001\350\203\362\203\222\002I|\210\037"
 123      527E01E8 
 123      83F28392 
 123      02497C88 
 123      1F
 124 006e 819BE6F5 		.ascii	"\201\233\346\365Z TT*\255\236w\213C[%\033YI\344\010"
 124      5A205454 
 124      2AAD9E77 
 124      8B435B25 
 124      1B5949E4 
 125 0083 C240107D 		.ascii	"\302@\020}A-QD\210\030\372r\334\312\267{3\212W\227\006"
 125      412D5144 
 125      8818FA72 
ARM GAS  C:\Users\JEFFSN~1\AppData\Local\Temp\cczYELtg.s 			page 9


 125      DCCAB77B 
 125      338A5797 
 126 0098 F04B095E 		.ascii	"\360K\011^my4e+\307\261\224}\0268\177\010\370@Y\311"
 126      6D793465 
 126      2BC7B194 
 126      7D16387F 
 126      08F84059 
 127 00ad BE1C0C0E 		.ascii	"\276\034\014\016\302\243\203\227\264,\325\231\246\233"
 127      C2A38397 
 127      B42CD599 
 127      A69B
 128 00bb 78134267 		.ascii	"x\023BgYE\345k\265U\036\326J\226\224\354\262\231\255"
 128      5945E56B 
 128      B5551ED6 
 128      4A9694EC 
 128      B299AD
 129 00ce DCFBDE45 		.ascii	"\334\373\336EVJh\323'\253\360\331\346^\353;)epi\343"
 129      564A68D3 
 129      27ABF0D9 
 129      E65EEB3B 
 129      29657069 
 130 00e3 345F330A 		.ascii	"4_3\012\330Ne\270U\003{\010\242\014n\024\373(\200\252"
 130      D84E65B8 
 130      55037B08 
 130      A20C6E14 
 130      FB2880AA 
 131 00f7 B0BEC7C8 		.ascii	"\260\276\307\310\222p\345.\235\246\335\241\371\200\300"
 131      9270E52E 
 131      9DA6DDA1 
 131      F980C0
 132 0106 01C3AA48 		.ascii	"\001\303\252H7Vn\245kh0N3\032\271G\217[\361p\221i'\027"
 132      37566EA5 
 132      6B68304E 
 132      331AB947 
 132      8F5BF170 
 133 011e 5739BFA6 		.ascii	"W9\277\246\361\247\341\360\237\366\012\027\244qTcA\367"
 133      F1A7E1F0 
 133      9FF60A17 
 133      A4715463 
 133      41F7
 134 0130 467F8341 		.ascii	"F\177\203A\017\304\343u\217\233\213f|>a.\314\205cK\361"
 134      0FC4E375 
 134      8F9B8B66 
 134      7C3E612E 
 134      CC85634B 
 135 0145 A819990C 		.ascii	"\250\031\231\014\307F\006#\243\313\211\211\351\331p"
 135      C7460623 
 135      A3CB8989 
 135      E9D970
 136 0154 7F6F947E 		.ascii	"\177o\224~\001\366\367{\323"
 136      01F6F77B 
 136      D3
 137              		.text
 138              		.section	.gnu.lto_.symbol_nodes.807cbba1,"",%progbits
 139 0000 789C6361 		.ascii	"x\234ca`dpc\000\002&\206z\006\206\011\347\030@\324\256"
 139      60647063 
 139      00022686 
ARM GAS  C:\Users\JEFFSN~1\AppData\Local\Temp\cczYELtg.s 			page 10


 139      7A068609 
 139      E71840D4 
 140 0015 0645A000 		.ascii	"\006E\240\000c=#\252\000S=\023\252\000s=3\212\000\003"
 140      633D23AA 
 140      00533D13 
 140      AA00733D 
 140      338A0003 
 141 0029 0026B60F 		.ascii	"\000&\266\017<"
 141      3C
 142              		.text
 143              		.section	.gnu.lto_.refs.807cbba1,"",%progbits
 144 0000 789C6361 		.ascii	"x\234ca`\004B \000\000\0009\000\007"
 144      60044220 
 144      00000039 
 144      0007
 145              		.text
 146              		.section	.gnu.lto_.decls.807cbba1,"",%progbits
 147 0000 789C8D53 		.ascii	"x\234\215S]H\024Q\024\276gfv\225Q\267\020\013\211}\330"
 147      5D481451 
 147      14BE6766 
 147      769551B7 
 147      100B897D 
 148 0015 7CB29725 		.ascii	"|\262\227%\211\300\207\260@\313'3\334\264\036\004\361"
 148      89C087B0 
 148      40CB2733 
 148      DCB41E04 
 148      F1
 149 0026 67307BD0 		.ascii	"g0{\320\330\326Hz\271\272FY\017\272\204\232&i\022\265"
 149      D8D6487A 
 149      B9BA4659 
 149      0FBA849A 
 149      266912B5 
 150 003a A6B99AAB 		.ascii	"\246\271\232\253\351\246iF&\201\240HB\030hX\201ea\344"
 150      E9A66946 
 150      2681A048 
 150      42186858 
 150      816561E4 
 151 004e 8B926DE7 		.ascii	"\213\222m\347\336\231q6\333\300\303\234\231s\356=\337"
 151      DE997136 
 151      DBC0C39C 
 151      9973EE3D 
 151      DF
 152 005f 77BE7B66 		.ascii	"w\276{fF\"@\230\245H\204\264\343\323\212i\020\315\204"
 152      46224098 
 152      A54884B4 
 152      E3D38A69 
 152      10CD84
 153 0072 710E310C 		.ascii	"q\0161\014\267I\037z?\372 z\200\374kl\337\254\341\272"
 153      B7491F7A 
 153      3FFA207A 
 153      80FC6B6C 
 153      DFACE1BA 
 154 0086 1917FA28 		.ascii	"\031\027\372(\372\010z\246V\003Z\335v\353\017\203\035"
 154      FA087AA6 
 154      56035ADD 
 154      76EB0F83 
 154      1D
ARM GAS  C:\Users\JEFFSN~1\AppData\Local\Temp\cczYELtg.s 			page 11


 155 0097 0FC1EBD8 		.ascii	"\017\301\353\330\3760X\246\307\024\202\313\014\203\033"
 155      FE3058A6 
 155      C71482CB 
 155      0C831B
 156 00a6 0C830BEC 		.ascii	"\014\203\013\354\000\027\356\234\233\002\004[\375\265"
 156      0017EE9C 
 156      9B02045B 
 156      FDB5
 157 00b4 91F3F00E 		.ascii	"\221\363\360\016D\242\015\220\000\250w\340NT\347)\006"
 157      44A20D90 
 157      00A877E0 
 157      4E54E729 
 157      06
 158 00c5 0251037D 		.ascii	"\002Q\003}i\313\210V\"\350\241A\306/\015\017A\3358\211"
 158      69CB8856 
 158      22E8A141 
 158      C62F0D0F 
 158      41DD3889 
 159 00d9 C10E1A48 		.ascii	"\301\016\032H\315u\335\032\010\004\243\001\250\251\216"
 159      CD75DD1A 
 159      0804A301 
 159      A8A98E
 160 00e8 08E1DBA6 		.ascii	"\010\341\333\246H\327\254\267!\202~\350\215Mo\243,\012"
 160      48D7ACB7 
 160      21827EE8 
 160      8D4D6FA3 
 160      2C0A
 161 00fa C0E28575 		.ascii	"\300\342\205u\357\011{\027E\253\243T8`L\306w\365cG\344"
 161      EF097B17 
 161      45ABA354 
 161      38604CC6 
 161      77F56347 
 162 010f 9A005619 		.ascii	"\232\000V\031\202\300\362\225\241\365\0305g\333M\236"
 162      82C0F295 
 162      A1F51835 
 162      67DB4D9E 
 163 011f A5DF51E2 		.ascii	"\245\337Q\342>\026\013\263K\235\313\022$\312\017\030"
 163      3E160BB3 
 163      4B9DCB12 
 163      24CA0F18 
 164 012f CDA2A737 		.ascii	"\315\242\2477e\210\322\335\320\0152t\201\010\035`g\032"
 164      6588D2DD 
 164      D00D3274 
 164      81081D60 
 164      671A
 165 0141 AC32DEAF 		.ascii	"\2542\336\257SZEW\333\2519\236\300!+\034\264\022x\014"
 165      535A4557 
 165      DBA9399E 
 165      C0212B1C 
 165      B412780C 
 166 0155 898C9355 		.ascii	"\211\214\223UA'X\341\021X\031\377\247\306\326\257f\011"
 166      412758E1 
 166      115819FF 
 166      A7C6D6AF 
 166      6609
 167 0167 25739E02 		.ascii	"%s\236\002\211\255\315T\367\264\210(!V\006\011\323\037"
 167      89ADCD54 
ARM GAS  C:\Users\JEFFSN~1\AppData\Local\Temp\cczYELtg.s 			page 12


 167      F7B48828 
 167      21560609 
 167      D31F
 168 0179 53CD4B16 		.ascii	"S\315K\026L\343d\260a\332\025x\277b\216o\340GqS\233"
 168      4CE364B0 
 168      61DA1578 
 168      BF628E6F 
 168      E0477153 
 169 018e 04397BA1 		.ascii	"\0049{\241\027\011{\220\220\300\023\210\307\273\017"
 169      17097B90 
 169      90C01388 
 169      C7BB0F
 170 019d 24F57423 		.ascii	"$\365t#\236/\347\023\332h[\017]\254\2378\322\340\246"
 170      9E2FE713 
 170      DA685B0F 
 170      5DAC9F38 
 170      D2E0A6
 171 01b0 9308B3B1 		.ascii	"\223\010\263\261*\360\032\232\275\354\263 \360\020\346"
 171      2AF01A9A 
 171      BDECB320 
 171      F010E6
 172 01bf 71847D90 		.ascii	"q\204}\220\200\300\373/\347\332DQ\3413\250l\3605F\251"
 172      80C0FB2F 
 172      E7DA4451 
 172      E133A86C 
 172      F03546A9 
 173 01d3 2C636B13 		.ascii	",ck\023\321\264\256\222\322c\234\303op\370C9\3729\307"
 173      D1B4AE92 
 173      D2639CC3 
 173      6F70F843 
 173      39FA39C7 
 174 01e7 AFFACFB7 		.ascii	"\257\372\317\267\314\342\025\3161}\363\225{W\250jv\\"
 174      CCE215CE 
 174      317DF395 
 174      7B57A86A 
 174      765C
 175 01f9 43F6532E 		.ascii	"C\366S.\273@S\375v\303\267`\321\032\316\276\026\233"
 175      BB4053FD 
 175      76C3B760 
 175      D11ACEBE 
 175      169B
 176 020b E85835E2 		.ascii	"\350X5\342\004V\005\003F\313\201\320\226\203\274\345"
 176      04560503 
 176      46CB81D0 
 176      9683BCE5 
 177 021b CAB50FDF 		.ascii	"\312\265\017\337Mb\015\360\236S\301\332\325]\032M\340"
 177      4D620DF0 
 177      9E53C1DA 
 177      D55D1A4D 
 177      E0
 178 022c 8DAE9B91 		.ascii	"\215\256\233\221\014\031$C\241$\001N\262V\375s\316,"
 178      0C192443 
 178      A124014E 
 178      B256FD73 
 178      CE2C
 179 023e E33B74EF 		.ascii	"\343;t\357\354\035N-\337\013F\210wyS\241\257\276\251"
 179      EC1D4E2D 
ARM GAS  C:\Users\JEFFSN~1\AppData\Local\Temp\cczYELtg.s 			page 13


 179      DF0B4688 
 179      777953A1 
 179      AFBEA9
 180 0251 3E02E4C4 		.ascii	">\002\344\3040\360\347a\340\332\267\264~\332S\303N8"
 180      30F0E761 
 180      E0DAB7B4 
 180      7EDA53C3 
 180      4E38
 181 0263 82531936 		.ascii	"\202S\0316\304=\003Y\235\210\177\372\233\317\024}\203"
 181      C43D0359 
 181      9D887FFA 
 181      9BCF147D 
 181      83
 182 0274 7D5638BE 		.ascii	"}V8\276\330I\013\2574\3467\012\321\374\017\300\347\246"
 182      D8490BAF 
 182      34E6370A 
 182      D1FC0FC0 
 182      E7A6
 183 0286 200ECFDD 		.ascii	" \016\317\335i\021q\217]r3E)t\006`\034\311x\262z\224"
 183      6911718F 
 183      5D723345 
 183      29740660 
 183      1CC978B2 
 184 029c C76C99AE 		.ascii	"\307l\231\256VQ\363m\213.\221\360\015\002c\210|\201"
 184      5651F36D 
 184      8B2E91F0 
 184      0D026388 
 184      7C81
 185 02ae C43CB51C 		.ascii	"\304<\265\034\277\354\312\310>\353H\312;\343,q)\221"
 185      BFECCAC8 
 185      3EEB48CA 
 185      3BE32C71 
 185      2991
 186 02c0 E927B36D 		.ascii	"\351'\263m\251II\304T^R\352J\336\237\256\224*\316|\227"
 186      A94949C4 
 186      545E52EA 
 186      4ADE9FAE 
 186      942ACE7C 
 187 02d5 5294E728 		.ascii	"R\224\347(+w\026*\271\247\034e\251\207s\013+\\\025\027"
 187      2B77162A 
 187      B9A71C65 
 187      A987730B 
 187      2B5C1517 
 188 02e9 948BF673 		.ascii	"\224\213\366s$\341?\025:\255\275\220\354\331j\341P\\"
 188      24E13F15 
 188      3AADBD90 
 188      ECD96AE1 
 188      505C
 189 02fb 69CE924B 		.ascii	"i\316\222KJFY\221\022\263\265\232\245\344\027\305\375"
 189      4A465991 
 189      12B3B59A 
 189      A5E417C5 
 189      FD
 190 030c 95A5E5BB 		.ascii	"\225\245\345\273\362\263\224b\311\251\024'\377\001O"
 190      F2B39462 
 190      C9A91427 
 190      FF014F
ARM GAS  C:\Users\JEFFSN~1\AppData\Local\Temp\cczYELtg.s 			page 14


 191 031b 6965B5   		.ascii	"ie\265"
 192              		.text
 193              		.section	.gnu.lto_.symtab.807cbba1,"",%progbits
 194 0000 4578744D 		.ascii	"ExtMUXS1_Write\000"
 194      55585331 
 194      5F577269 
 194      746500
 195 000f 00       		.ascii	"\000"
 196 0010 00       		.ascii	"\000"
 197 0011 00       		.ascii	"\000"
 198 0012 00000000 		.ascii	"\000\000\000\000\000\000\000\000"
 198      00000000 
 199 001a B3000000 		.ascii	"\263\000\000\000"
 200 001e 4578744D 		.ascii	"ExtMUXS1_SetDriveMode\000"
 200      55585331 
 200      5F536574 
 200      44726976 
 200      654D6F64 
 201 0034 00       		.ascii	"\000"
 202 0035 00       		.ascii	"\000"
 203 0036 00       		.ascii	"\000"
 204 0037 00000000 		.ascii	"\000\000\000\000\000\000\000\000"
 204      00000000 
 205 003f B5000000 		.ascii	"\265\000\000\000"
 206 0043 4578744D 		.ascii	"ExtMUXS1_Read\000"
 206      55585331 
 206      5F526561 
 206      6400
 207 0051 00       		.ascii	"\000"
 208 0052 00       		.ascii	"\000"
 209 0053 00       		.ascii	"\000"
 210 0054 00000000 		.ascii	"\000\000\000\000\000\000\000\000"
 210      00000000 
 211 005c B8000000 		.ascii	"\270\000\000\000"
 212 0060 4578744D 		.ascii	"ExtMUXS1_ReadDataReg\000"
 212      55585331 
 212      5F526561 
 212      64446174 
 212      61526567 
 213 0075 00       		.ascii	"\000"
 214 0076 00       		.ascii	"\000"
 215 0077 00       		.ascii	"\000"
 216 0078 00000000 		.ascii	"\000\000\000\000\000\000\000\000"
 216      00000000 
 217 0080 BA000000 		.ascii	"\272\000\000\000"
 218              		.text
 219              		.section	.gnu.lto_.opts,"",%progbits
 220 0000 272D666D 		.ascii	"'-fmath-errno' '-fsigned-zeros' '-ftrapping-math' '"
 220      6174682D 
 220      6572726E 
 220      6F272027 
 220      2D667369 
 221 0033 2D666E6F 		.ascii	"-fno-trapv' '-fno-openmp' '-fno-openacc' '-mcpu=cor"
 221      2D747261 
 221      70762720 
 221      272D666E 
 221      6F2D6F70 
ARM GAS  C:\Users\JEFFSN~1\AppData\Local\Temp\cczYELtg.s 			page 15


 222 0066 7465782D 		.ascii	"tex-m3' '-mthumb' '-g' '-O3' '-ffunction-sections' "
 222      6D332720 
 222      272D6D74 
 222      68756D62 
 222      2720272D 
 223 0099 272D6666 		.ascii	"'-ffat-lto-objects' '-finline-functions' '-flto'\000"
 223      61742D6C 
 223      746F2D6F 
 223      626A6563 
 223      74732720 
 224              		.text
 225              		.cfi_sections	.debug_frame
 226              		.section	.text.ExtMUXS1_Write,"ax",%progbits
 227              		.align	2
 228              		.global	ExtMUXS1_Write
 229              		.thumb
 230              		.thumb_func
 231              		.type	ExtMUXS1_Write, %function
 232              	ExtMUXS1_Write:
 233              	.LFB0:
 234              		.file 1 "Generated_Source\\PSoC5\\ExtMUXS1.c"
   1:Generated_Source\PSoC5/ExtMUXS1.c **** /*******************************************************************************
   2:Generated_Source\PSoC5/ExtMUXS1.c **** * File Name: ExtMUXS1.c  
   3:Generated_Source\PSoC5/ExtMUXS1.c **** * Version 2.20
   4:Generated_Source\PSoC5/ExtMUXS1.c **** *
   5:Generated_Source\PSoC5/ExtMUXS1.c **** * Description:
   6:Generated_Source\PSoC5/ExtMUXS1.c **** *  This file contains API to enable firmware control of a Pins component.
   7:Generated_Source\PSoC5/ExtMUXS1.c **** *
   8:Generated_Source\PSoC5/ExtMUXS1.c **** * Note:
   9:Generated_Source\PSoC5/ExtMUXS1.c **** *
  10:Generated_Source\PSoC5/ExtMUXS1.c **** ********************************************************************************
  11:Generated_Source\PSoC5/ExtMUXS1.c **** * Copyright 2008-2015, Cypress Semiconductor Corporation.  All rights reserved.
  12:Generated_Source\PSoC5/ExtMUXS1.c **** * You may use this file only in accordance with the license, terms, conditions, 
  13:Generated_Source\PSoC5/ExtMUXS1.c **** * disclaimers, and limitations in the end user license agreement accompanying 
  14:Generated_Source\PSoC5/ExtMUXS1.c **** * the software package with which this file was provided.
  15:Generated_Source\PSoC5/ExtMUXS1.c **** *******************************************************************************/
  16:Generated_Source\PSoC5/ExtMUXS1.c **** 
  17:Generated_Source\PSoC5/ExtMUXS1.c **** #include "cytypes.h"
  18:Generated_Source\PSoC5/ExtMUXS1.c **** #include "ExtMUXS1.h"
  19:Generated_Source\PSoC5/ExtMUXS1.c **** 
  20:Generated_Source\PSoC5/ExtMUXS1.c **** /* APIs are not generated for P15[7:6] on PSoC 5 */
  21:Generated_Source\PSoC5/ExtMUXS1.c **** #if !(CY_PSOC5A &&\
  22:Generated_Source\PSoC5/ExtMUXS1.c **** 	 ExtMUXS1__PORT == 15 && ((ExtMUXS1__MASK & 0xC0) != 0))
  23:Generated_Source\PSoC5/ExtMUXS1.c **** 
  24:Generated_Source\PSoC5/ExtMUXS1.c **** 
  25:Generated_Source\PSoC5/ExtMUXS1.c **** /*******************************************************************************
  26:Generated_Source\PSoC5/ExtMUXS1.c **** * Function Name: ExtMUXS1_Write
  27:Generated_Source\PSoC5/ExtMUXS1.c **** ****************************************************************************//**
  28:Generated_Source\PSoC5/ExtMUXS1.c **** *
  29:Generated_Source\PSoC5/ExtMUXS1.c **** * \brief Writes the value to the physical port (data output register), masking
  30:Generated_Source\PSoC5/ExtMUXS1.c **** *  and shifting the bits appropriately. 
  31:Generated_Source\PSoC5/ExtMUXS1.c **** *
  32:Generated_Source\PSoC5/ExtMUXS1.c **** * The data output register controls the signal applied to the physical pin in 
  33:Generated_Source\PSoC5/ExtMUXS1.c **** * conjunction with the drive mode parameter. This function avoids changing 
  34:Generated_Source\PSoC5/ExtMUXS1.c **** * other bits in the port by using the appropriate method (read-modify-write or
  35:Generated_Source\PSoC5/ExtMUXS1.c **** * bit banding).
  36:Generated_Source\PSoC5/ExtMUXS1.c **** *
ARM GAS  C:\Users\JEFFSN~1\AppData\Local\Temp\cczYELtg.s 			page 16


  37:Generated_Source\PSoC5/ExtMUXS1.c **** * <b>Note</b> This function should not be used on a hardware digital output pin 
  38:Generated_Source\PSoC5/ExtMUXS1.c **** * as it is driven by the hardware signal attached to it.
  39:Generated_Source\PSoC5/ExtMUXS1.c **** *
  40:Generated_Source\PSoC5/ExtMUXS1.c **** * \param value
  41:Generated_Source\PSoC5/ExtMUXS1.c **** *  Value to write to the component instance.
  42:Generated_Source\PSoC5/ExtMUXS1.c **** *
  43:Generated_Source\PSoC5/ExtMUXS1.c **** * \return 
  44:Generated_Source\PSoC5/ExtMUXS1.c **** *  None 
  45:Generated_Source\PSoC5/ExtMUXS1.c **** *
  46:Generated_Source\PSoC5/ExtMUXS1.c **** * \sideeffect
  47:Generated_Source\PSoC5/ExtMUXS1.c **** *  If you use read-modify-write operations that are not atomic; the Interrupt 
  48:Generated_Source\PSoC5/ExtMUXS1.c **** *  Service Routines (ISR) can cause corruption of this function. An ISR that 
  49:Generated_Source\PSoC5/ExtMUXS1.c **** *  interrupts this function and performs writes to the Pins component data 
  50:Generated_Source\PSoC5/ExtMUXS1.c **** *  register can cause corrupted port data. To avoid this issue, you should 
  51:Generated_Source\PSoC5/ExtMUXS1.c **** *  either use the Per-Pin APIs (primary method) or disable interrupts around 
  52:Generated_Source\PSoC5/ExtMUXS1.c **** *  this function.
  53:Generated_Source\PSoC5/ExtMUXS1.c **** *
  54:Generated_Source\PSoC5/ExtMUXS1.c **** * \funcusage
  55:Generated_Source\PSoC5/ExtMUXS1.c **** *  \snippet ExtMUXS1_SUT.c usage_ExtMUXS1_Write
  56:Generated_Source\PSoC5/ExtMUXS1.c **** *******************************************************************************/
  57:Generated_Source\PSoC5/ExtMUXS1.c **** void ExtMUXS1_Write(uint8 value)
  58:Generated_Source\PSoC5/ExtMUXS1.c **** {
 235              		.loc 1 58 0
 236              		.cfi_startproc
 237              		@ args = 0, pretend = 0, frame = 0
 238              		@ frame_needed = 0, uses_anonymous_args = 0
 239              		@ link register save eliminated.
 240              	.LVL0:
  59:Generated_Source\PSoC5/ExtMUXS1.c ****     uint8 staticBits = (ExtMUXS1_DR & (uint8)(~ExtMUXS1_MASK));
 241              		.loc 1 59 0
 242 0000 044A     		ldr	r2, .L2
  60:Generated_Source\PSoC5/ExtMUXS1.c ****     ExtMUXS1_DR = staticBits | ((uint8)(value << ExtMUXS1_SHIFT) & ExtMUXS1_MASK);
 243              		.loc 1 60 0
 244 0002 4000     		lsls	r0, r0, #1
 245              	.LVL1:
  59:Generated_Source\PSoC5/ExtMUXS1.c ****     uint8 staticBits = (ExtMUXS1_DR & (uint8)(~ExtMUXS1_MASK));
 246              		.loc 1 59 0
 247 0004 1378     		ldrb	r3, [r2]	@ zero_extendqisi2
 248              	.LVL2:
 249              		.loc 1 60 0
 250 0006 00F00200 		and	r0, r0, #2
 251 000a 03F0FD03 		and	r3, r3, #253
 252              	.LVL3:
 253 000e 1843     		orrs	r0, r0, r3
 254 0010 1070     		strb	r0, [r2]
 255 0012 7047     		bx	lr
 256              	.L3:
 257              		.align	2
 258              	.L2:
 259 0014 F0510040 		.word	1073762800
 260              		.cfi_endproc
 261              	.LFE0:
 262              		.size	ExtMUXS1_Write, .-ExtMUXS1_Write
 263              		.section	.text.ExtMUXS1_SetDriveMode,"ax",%progbits
 264              		.align	2
 265              		.global	ExtMUXS1_SetDriveMode
 266              		.thumb
ARM GAS  C:\Users\JEFFSN~1\AppData\Local\Temp\cczYELtg.s 			page 17


 267              		.thumb_func
 268              		.type	ExtMUXS1_SetDriveMode, %function
 269              	ExtMUXS1_SetDriveMode:
 270              	.LFB1:
  61:Generated_Source\PSoC5/ExtMUXS1.c **** }
  62:Generated_Source\PSoC5/ExtMUXS1.c **** 
  63:Generated_Source\PSoC5/ExtMUXS1.c **** 
  64:Generated_Source\PSoC5/ExtMUXS1.c **** /*******************************************************************************
  65:Generated_Source\PSoC5/ExtMUXS1.c **** * Function Name: ExtMUXS1_SetDriveMode
  66:Generated_Source\PSoC5/ExtMUXS1.c **** ****************************************************************************//**
  67:Generated_Source\PSoC5/ExtMUXS1.c **** *
  68:Generated_Source\PSoC5/ExtMUXS1.c **** * \brief Sets the drive mode for each of the Pins component's pins.
  69:Generated_Source\PSoC5/ExtMUXS1.c **** * 
  70:Generated_Source\PSoC5/ExtMUXS1.c **** * <b>Note</b> This affects all pins in the Pins component instance. Use the
  71:Generated_Source\PSoC5/ExtMUXS1.c **** * Per-Pin APIs if you wish to control individual pin's drive modes.
  72:Generated_Source\PSoC5/ExtMUXS1.c **** *
  73:Generated_Source\PSoC5/ExtMUXS1.c **** * \param mode
  74:Generated_Source\PSoC5/ExtMUXS1.c **** *  Mode for the selected signals. Valid options are documented in 
  75:Generated_Source\PSoC5/ExtMUXS1.c **** *  \ref driveMode.
  76:Generated_Source\PSoC5/ExtMUXS1.c **** *
  77:Generated_Source\PSoC5/ExtMUXS1.c **** * \return
  78:Generated_Source\PSoC5/ExtMUXS1.c **** *  None
  79:Generated_Source\PSoC5/ExtMUXS1.c **** *
  80:Generated_Source\PSoC5/ExtMUXS1.c **** * \sideeffect
  81:Generated_Source\PSoC5/ExtMUXS1.c **** *  If you use read-modify-write operations that are not atomic, the ISR can
  82:Generated_Source\PSoC5/ExtMUXS1.c **** *  cause corruption of this function. An ISR that interrupts this function 
  83:Generated_Source\PSoC5/ExtMUXS1.c **** *  and performs writes to the Pins component Drive Mode registers can cause 
  84:Generated_Source\PSoC5/ExtMUXS1.c **** *  corrupted port data. To avoid this issue, you should either use the Per-Pin
  85:Generated_Source\PSoC5/ExtMUXS1.c **** *  APIs (primary method) or disable interrupts around this function.
  86:Generated_Source\PSoC5/ExtMUXS1.c **** *
  87:Generated_Source\PSoC5/ExtMUXS1.c **** * \funcusage
  88:Generated_Source\PSoC5/ExtMUXS1.c **** *  \snippet ExtMUXS1_SUT.c usage_ExtMUXS1_SetDriveMode
  89:Generated_Source\PSoC5/ExtMUXS1.c **** *******************************************************************************/
  90:Generated_Source\PSoC5/ExtMUXS1.c **** void ExtMUXS1_SetDriveMode(uint8 mode)
  91:Generated_Source\PSoC5/ExtMUXS1.c **** {
 271              		.loc 1 91 0
 272              		.cfi_startproc
 273              		@ args = 0, pretend = 0, frame = 0
 274              		@ frame_needed = 0, uses_anonymous_args = 0
 275              		@ link register save eliminated.
 276              	.LVL4:
  92:Generated_Source\PSoC5/ExtMUXS1.c **** 	CyPins_SetPinDriveMode(ExtMUXS1_0, mode);
 277              		.loc 1 92 0
 278 0000 044A     		ldr	r2, .L5
 279 0002 00F00E00 		and	r0, r0, #14
 280              	.LVL5:
 281 0006 1378     		ldrb	r3, [r2]	@ zero_extendqisi2
 282 0008 03F0F103 		and	r3, r3, #241
 283 000c 1843     		orrs	r0, r0, r3
 284 000e 1070     		strb	r0, [r2]
 285 0010 7047     		bx	lr
 286              	.L6:
 287 0012 00BF     		.align	2
 288              	.L5:
 289 0014 79500040 		.word	1073762425
 290              		.cfi_endproc
 291              	.LFE1:
ARM GAS  C:\Users\JEFFSN~1\AppData\Local\Temp\cczYELtg.s 			page 18


 292              		.size	ExtMUXS1_SetDriveMode, .-ExtMUXS1_SetDriveMode
 293              		.section	.text.ExtMUXS1_Read,"ax",%progbits
 294              		.align	2
 295              		.global	ExtMUXS1_Read
 296              		.thumb
 297              		.thumb_func
 298              		.type	ExtMUXS1_Read, %function
 299              	ExtMUXS1_Read:
 300              	.LFB2:
  93:Generated_Source\PSoC5/ExtMUXS1.c **** }
  94:Generated_Source\PSoC5/ExtMUXS1.c **** 
  95:Generated_Source\PSoC5/ExtMUXS1.c **** 
  96:Generated_Source\PSoC5/ExtMUXS1.c **** /*******************************************************************************
  97:Generated_Source\PSoC5/ExtMUXS1.c **** * Function Name: ExtMUXS1_Read
  98:Generated_Source\PSoC5/ExtMUXS1.c **** ****************************************************************************//**
  99:Generated_Source\PSoC5/ExtMUXS1.c **** *
 100:Generated_Source\PSoC5/ExtMUXS1.c **** * \brief Reads the associated physical port (pin status register) and masks 
 101:Generated_Source\PSoC5/ExtMUXS1.c **** *  the required bits according to the width and bit position of the component
 102:Generated_Source\PSoC5/ExtMUXS1.c **** *  instance. 
 103:Generated_Source\PSoC5/ExtMUXS1.c **** *
 104:Generated_Source\PSoC5/ExtMUXS1.c **** * The pin's status register returns the current logic level present on the 
 105:Generated_Source\PSoC5/ExtMUXS1.c **** * physical pin.
 106:Generated_Source\PSoC5/ExtMUXS1.c **** *
 107:Generated_Source\PSoC5/ExtMUXS1.c **** * \return 
 108:Generated_Source\PSoC5/ExtMUXS1.c **** *  The current value for the pins in the component as a right justified number.
 109:Generated_Source\PSoC5/ExtMUXS1.c **** *
 110:Generated_Source\PSoC5/ExtMUXS1.c **** * \funcusage
 111:Generated_Source\PSoC5/ExtMUXS1.c **** *  \snippet ExtMUXS1_SUT.c usage_ExtMUXS1_Read  
 112:Generated_Source\PSoC5/ExtMUXS1.c **** *******************************************************************************/
 113:Generated_Source\PSoC5/ExtMUXS1.c **** uint8 ExtMUXS1_Read(void)
 114:Generated_Source\PSoC5/ExtMUXS1.c **** {
 301              		.loc 1 114 0
 302              		.cfi_startproc
 303              		@ args = 0, pretend = 0, frame = 0
 304              		@ frame_needed = 0, uses_anonymous_args = 0
 305              		@ link register save eliminated.
 115:Generated_Source\PSoC5/ExtMUXS1.c ****     return (ExtMUXS1_PS & ExtMUXS1_MASK) >> ExtMUXS1_SHIFT;
 306              		.loc 1 115 0
 307 0000 024B     		ldr	r3, .L8
 308 0002 1878     		ldrb	r0, [r3]	@ zero_extendqisi2
 116:Generated_Source\PSoC5/ExtMUXS1.c **** }
 309              		.loc 1 116 0
 310 0004 C0F34000 		ubfx	r0, r0, #1, #1
 311 0008 7047     		bx	lr
 312              	.L9:
 313 000a 00BF     		.align	2
 314              	.L8:
 315 000c F1510040 		.word	1073762801
 316              		.cfi_endproc
 317              	.LFE2:
 318              		.size	ExtMUXS1_Read, .-ExtMUXS1_Read
 319              		.section	.text.ExtMUXS1_ReadDataReg,"ax",%progbits
 320              		.align	2
 321              		.global	ExtMUXS1_ReadDataReg
 322              		.thumb
 323              		.thumb_func
 324              		.type	ExtMUXS1_ReadDataReg, %function
ARM GAS  C:\Users\JEFFSN~1\AppData\Local\Temp\cczYELtg.s 			page 19


 325              	ExtMUXS1_ReadDataReg:
 326              	.LFB3:
 117:Generated_Source\PSoC5/ExtMUXS1.c **** 
 118:Generated_Source\PSoC5/ExtMUXS1.c **** 
 119:Generated_Source\PSoC5/ExtMUXS1.c **** /*******************************************************************************
 120:Generated_Source\PSoC5/ExtMUXS1.c **** * Function Name: ExtMUXS1_ReadDataReg
 121:Generated_Source\PSoC5/ExtMUXS1.c **** ****************************************************************************//**
 122:Generated_Source\PSoC5/ExtMUXS1.c **** *
 123:Generated_Source\PSoC5/ExtMUXS1.c **** * \brief Reads the associated physical port's data output register and masks 
 124:Generated_Source\PSoC5/ExtMUXS1.c **** *  the correct bits according to the width and bit position of the component 
 125:Generated_Source\PSoC5/ExtMUXS1.c **** *  instance. 
 126:Generated_Source\PSoC5/ExtMUXS1.c **** *
 127:Generated_Source\PSoC5/ExtMUXS1.c **** * The data output register controls the signal applied to the physical pin in 
 128:Generated_Source\PSoC5/ExtMUXS1.c **** * conjunction with the drive mode parameter. This is not the same as the 
 129:Generated_Source\PSoC5/ExtMUXS1.c **** * preferred ExtMUXS1_Read() API because the 
 130:Generated_Source\PSoC5/ExtMUXS1.c **** * ExtMUXS1_ReadDataReg() reads the data register instead of the status 
 131:Generated_Source\PSoC5/ExtMUXS1.c **** * register. For output pins this is a useful function to determine the value 
 132:Generated_Source\PSoC5/ExtMUXS1.c **** * just written to the pin.
 133:Generated_Source\PSoC5/ExtMUXS1.c **** *
 134:Generated_Source\PSoC5/ExtMUXS1.c **** * \return 
 135:Generated_Source\PSoC5/ExtMUXS1.c **** *  The current value of the data register masked and shifted into a right 
 136:Generated_Source\PSoC5/ExtMUXS1.c **** *  justified number for the component instance.
 137:Generated_Source\PSoC5/ExtMUXS1.c **** *
 138:Generated_Source\PSoC5/ExtMUXS1.c **** * \funcusage
 139:Generated_Source\PSoC5/ExtMUXS1.c **** *  \snippet ExtMUXS1_SUT.c usage_ExtMUXS1_ReadDataReg 
 140:Generated_Source\PSoC5/ExtMUXS1.c **** *******************************************************************************/
 141:Generated_Source\PSoC5/ExtMUXS1.c **** uint8 ExtMUXS1_ReadDataReg(void)
 142:Generated_Source\PSoC5/ExtMUXS1.c **** {
 327              		.loc 1 142 0
 328              		.cfi_startproc
 329              		@ args = 0, pretend = 0, frame = 0
 330              		@ frame_needed = 0, uses_anonymous_args = 0
 331              		@ link register save eliminated.
 143:Generated_Source\PSoC5/ExtMUXS1.c ****     return (ExtMUXS1_DR & ExtMUXS1_MASK) >> ExtMUXS1_SHIFT;
 332              		.loc 1 143 0
 333 0000 024B     		ldr	r3, .L11
 334 0002 1878     		ldrb	r0, [r3]	@ zero_extendqisi2
 144:Generated_Source\PSoC5/ExtMUXS1.c **** }
 335              		.loc 1 144 0
 336 0004 C0F34000 		ubfx	r0, r0, #1, #1
 337 0008 7047     		bx	lr
 338              	.L12:
 339 000a 00BF     		.align	2
 340              	.L11:
 341 000c F0510040 		.word	1073762800
 342              		.cfi_endproc
 343              	.LFE3:
 344              		.size	ExtMUXS1_ReadDataReg, .-ExtMUXS1_ReadDataReg
 345              		.text
 346              	.Letext0:
 347              		.file 2 "Generated_Source\\PSoC5\\cytypes.h"
 348              		.section	.debug_info,"",%progbits
 349              	.Ldebug_info0:
 350 0000 1D010000 		.4byte	0x11d
 351 0004 0400     		.2byte	0x4
 352 0006 00000000 		.4byte	.Ldebug_abbrev0
 353 000a 04       		.byte	0x4
ARM GAS  C:\Users\JEFFSN~1\AppData\Local\Temp\cczYELtg.s 			page 20


 354 000b 01       		.uleb128 0x1
 355 000c 49000000 		.4byte	.LASF20
 356 0010 0C       		.byte	0xc
 357 0011 D6010000 		.4byte	.LASF21
 358 0015 67010000 		.4byte	.LASF22
 359 0019 00000000 		.4byte	.Ldebug_ranges0+0
 360 001d 00000000 		.4byte	0
 361 0021 00000000 		.4byte	.Ldebug_line0
 362 0025 02       		.uleb128 0x2
 363 0026 01       		.byte	0x1
 364 0027 06       		.byte	0x6
 365 0028 2B020000 		.4byte	.LASF0
 366 002c 02       		.uleb128 0x2
 367 002d 01       		.byte	0x1
 368 002e 08       		.byte	0x8
 369 002f 3B000000 		.4byte	.LASF1
 370 0033 02       		.uleb128 0x2
 371 0034 02       		.byte	0x2
 372 0035 05       		.byte	0x5
 373 0036 1C010000 		.4byte	.LASF2
 374 003a 02       		.uleb128 0x2
 375 003b 02       		.byte	0x2
 376 003c 07       		.byte	0x7
 377 003d 02010000 		.4byte	.LASF3
 378 0041 02       		.uleb128 0x2
 379 0042 04       		.byte	0x4
 380 0043 05       		.byte	0x5
 381 0044 22020000 		.4byte	.LASF4
 382 0048 02       		.uleb128 0x2
 383 0049 04       		.byte	0x4
 384 004a 07       		.byte	0x7
 385 004b F0000000 		.4byte	.LASF5
 386 004f 02       		.uleb128 0x2
 387 0050 08       		.byte	0x8
 388 0051 05       		.byte	0x5
 389 0052 54010000 		.4byte	.LASF6
 390 0056 02       		.uleb128 0x2
 391 0057 08       		.byte	0x8
 392 0058 07       		.byte	0x7
 393 0059 33010000 		.4byte	.LASF7
 394 005d 03       		.uleb128 0x3
 395 005e 04       		.byte	0x4
 396 005f 05       		.byte	0x5
 397 0060 696E7400 		.ascii	"int\000"
 398 0064 02       		.uleb128 0x2
 399 0065 04       		.byte	0x4
 400 0066 07       		.byte	0x7
 401 0067 26010000 		.4byte	.LASF8
 402 006b 04       		.uleb128 0x4
 403 006c F8010000 		.4byte	.LASF12
 404 0070 02       		.byte	0x2
 405 0071 E401     		.2byte	0x1e4
 406 0073 2C000000 		.4byte	0x2c
 407 0077 02       		.uleb128 0x2
 408 0078 04       		.byte	0x4
 409 0079 04       		.byte	0x4
 410 007a 35000000 		.4byte	.LASF9
ARM GAS  C:\Users\JEFFSN~1\AppData\Local\Temp\cczYELtg.s 			page 21


 411 007e 02       		.uleb128 0x2
 412 007f 08       		.byte	0x8
 413 0080 04       		.byte	0x4
 414 0081 15010000 		.4byte	.LASF10
 415 0085 02       		.uleb128 0x2
 416 0086 01       		.byte	0x1
 417 0087 08       		.byte	0x8
 418 0088 62010000 		.4byte	.LASF11
 419 008c 04       		.uleb128 0x4
 420 008d 4F010000 		.4byte	.LASF13
 421 0091 02       		.byte	0x2
 422 0092 8E02     		.2byte	0x28e
 423 0094 98000000 		.4byte	0x98
 424 0098 05       		.uleb128 0x5
 425 0099 6B000000 		.4byte	0x6b
 426 009d 06       		.uleb128 0x6
 427 009e 13020000 		.4byte	.LASF14
 428 00a2 01       		.byte	0x1
 429 00a3 39       		.byte	0x39
 430 00a4 00000000 		.4byte	.LFB0
 431 00a8 18000000 		.4byte	.LFE0-.LFB0
 432 00ac 01       		.uleb128 0x1
 433 00ad 9C       		.byte	0x9c
 434 00ae D1000000 		.4byte	0xd1
 435 00b2 07       		.uleb128 0x7
 436 00b3 16000000 		.4byte	.LASF16
 437 00b7 01       		.byte	0x1
 438 00b8 39       		.byte	0x39
 439 00b9 6B000000 		.4byte	0x6b
 440 00bd 00000000 		.4byte	.LLST0
 441 00c1 08       		.uleb128 0x8
 442 00c2 1C000000 		.4byte	.LASF23
 443 00c6 01       		.byte	0x1
 444 00c7 3B       		.byte	0x3b
 445 00c8 6B000000 		.4byte	0x6b
 446 00cc 21000000 		.4byte	.LLST1
 447 00d0 00       		.byte	0
 448 00d1 06       		.uleb128 0x6
 449 00d2 00000000 		.4byte	.LASF15
 450 00d6 01       		.byte	0x1
 451 00d7 5A       		.byte	0x5a
 452 00d8 00000000 		.4byte	.LFB1
 453 00dc 18000000 		.4byte	.LFE1-.LFB1
 454 00e0 01       		.uleb128 0x1
 455 00e1 9C       		.byte	0x9c
 456 00e2 F6000000 		.4byte	0xf6
 457 00e6 07       		.uleb128 0x7
 458 00e7 4A010000 		.4byte	.LASF17
 459 00eb 01       		.byte	0x1
 460 00ec 5A       		.byte	0x5a
 461 00ed 6B000000 		.4byte	0x6b
 462 00f1 39000000 		.4byte	.LLST2
 463 00f5 00       		.byte	0
 464 00f6 09       		.uleb128 0x9
 465 00f7 27000000 		.4byte	.LASF18
 466 00fb 01       		.byte	0x1
 467 00fc 71       		.byte	0x71
ARM GAS  C:\Users\JEFFSN~1\AppData\Local\Temp\cczYELtg.s 			page 22


 468 00fd 6B000000 		.4byte	0x6b
 469 0101 00000000 		.4byte	.LFB2
 470 0105 10000000 		.4byte	.LFE2-.LFB2
 471 0109 01       		.uleb128 0x1
 472 010a 9C       		.byte	0x9c
 473 010b 09       		.uleb128 0x9
 474 010c FE010000 		.4byte	.LASF19
 475 0110 01       		.byte	0x1
 476 0111 8D       		.byte	0x8d
 477 0112 6B000000 		.4byte	0x6b
 478 0116 00000000 		.4byte	.LFB3
 479 011a 10000000 		.4byte	.LFE3-.LFB3
 480 011e 01       		.uleb128 0x1
 481 011f 9C       		.byte	0x9c
 482 0120 00       		.byte	0
 483              		.section	.debug_abbrev,"",%progbits
 484              	.Ldebug_abbrev0:
 485 0000 01       		.uleb128 0x1
 486 0001 11       		.uleb128 0x11
 487 0002 01       		.byte	0x1
 488 0003 25       		.uleb128 0x25
 489 0004 0E       		.uleb128 0xe
 490 0005 13       		.uleb128 0x13
 491 0006 0B       		.uleb128 0xb
 492 0007 03       		.uleb128 0x3
 493 0008 0E       		.uleb128 0xe
 494 0009 1B       		.uleb128 0x1b
 495 000a 0E       		.uleb128 0xe
 496 000b 55       		.uleb128 0x55
 497 000c 17       		.uleb128 0x17
 498 000d 11       		.uleb128 0x11
 499 000e 01       		.uleb128 0x1
 500 000f 10       		.uleb128 0x10
 501 0010 17       		.uleb128 0x17
 502 0011 00       		.byte	0
 503 0012 00       		.byte	0
 504 0013 02       		.uleb128 0x2
 505 0014 24       		.uleb128 0x24
 506 0015 00       		.byte	0
 507 0016 0B       		.uleb128 0xb
 508 0017 0B       		.uleb128 0xb
 509 0018 3E       		.uleb128 0x3e
 510 0019 0B       		.uleb128 0xb
 511 001a 03       		.uleb128 0x3
 512 001b 0E       		.uleb128 0xe
 513 001c 00       		.byte	0
 514 001d 00       		.byte	0
 515 001e 03       		.uleb128 0x3
 516 001f 24       		.uleb128 0x24
 517 0020 00       		.byte	0
 518 0021 0B       		.uleb128 0xb
 519 0022 0B       		.uleb128 0xb
 520 0023 3E       		.uleb128 0x3e
 521 0024 0B       		.uleb128 0xb
 522 0025 03       		.uleb128 0x3
 523 0026 08       		.uleb128 0x8
 524 0027 00       		.byte	0
ARM GAS  C:\Users\JEFFSN~1\AppData\Local\Temp\cczYELtg.s 			page 23


 525 0028 00       		.byte	0
 526 0029 04       		.uleb128 0x4
 527 002a 16       		.uleb128 0x16
 528 002b 00       		.byte	0
 529 002c 03       		.uleb128 0x3
 530 002d 0E       		.uleb128 0xe
 531 002e 3A       		.uleb128 0x3a
 532 002f 0B       		.uleb128 0xb
 533 0030 3B       		.uleb128 0x3b
 534 0031 05       		.uleb128 0x5
 535 0032 49       		.uleb128 0x49
 536 0033 13       		.uleb128 0x13
 537 0034 00       		.byte	0
 538 0035 00       		.byte	0
 539 0036 05       		.uleb128 0x5
 540 0037 35       		.uleb128 0x35
 541 0038 00       		.byte	0
 542 0039 49       		.uleb128 0x49
 543 003a 13       		.uleb128 0x13
 544 003b 00       		.byte	0
 545 003c 00       		.byte	0
 546 003d 06       		.uleb128 0x6
 547 003e 2E       		.uleb128 0x2e
 548 003f 01       		.byte	0x1
 549 0040 3F       		.uleb128 0x3f
 550 0041 19       		.uleb128 0x19
 551 0042 03       		.uleb128 0x3
 552 0043 0E       		.uleb128 0xe
 553 0044 3A       		.uleb128 0x3a
 554 0045 0B       		.uleb128 0xb
 555 0046 3B       		.uleb128 0x3b
 556 0047 0B       		.uleb128 0xb
 557 0048 27       		.uleb128 0x27
 558 0049 19       		.uleb128 0x19
 559 004a 11       		.uleb128 0x11
 560 004b 01       		.uleb128 0x1
 561 004c 12       		.uleb128 0x12
 562 004d 06       		.uleb128 0x6
 563 004e 40       		.uleb128 0x40
 564 004f 18       		.uleb128 0x18
 565 0050 9742     		.uleb128 0x2117
 566 0052 19       		.uleb128 0x19
 567 0053 01       		.uleb128 0x1
 568 0054 13       		.uleb128 0x13
 569 0055 00       		.byte	0
 570 0056 00       		.byte	0
 571 0057 07       		.uleb128 0x7
 572 0058 05       		.uleb128 0x5
 573 0059 00       		.byte	0
 574 005a 03       		.uleb128 0x3
 575 005b 0E       		.uleb128 0xe
 576 005c 3A       		.uleb128 0x3a
 577 005d 0B       		.uleb128 0xb
 578 005e 3B       		.uleb128 0x3b
 579 005f 0B       		.uleb128 0xb
 580 0060 49       		.uleb128 0x49
 581 0061 13       		.uleb128 0x13
ARM GAS  C:\Users\JEFFSN~1\AppData\Local\Temp\cczYELtg.s 			page 24


 582 0062 02       		.uleb128 0x2
 583 0063 17       		.uleb128 0x17
 584 0064 00       		.byte	0
 585 0065 00       		.byte	0
 586 0066 08       		.uleb128 0x8
 587 0067 34       		.uleb128 0x34
 588 0068 00       		.byte	0
 589 0069 03       		.uleb128 0x3
 590 006a 0E       		.uleb128 0xe
 591 006b 3A       		.uleb128 0x3a
 592 006c 0B       		.uleb128 0xb
 593 006d 3B       		.uleb128 0x3b
 594 006e 0B       		.uleb128 0xb
 595 006f 49       		.uleb128 0x49
 596 0070 13       		.uleb128 0x13
 597 0071 02       		.uleb128 0x2
 598 0072 17       		.uleb128 0x17
 599 0073 00       		.byte	0
 600 0074 00       		.byte	0
 601 0075 09       		.uleb128 0x9
 602 0076 2E       		.uleb128 0x2e
 603 0077 00       		.byte	0
 604 0078 3F       		.uleb128 0x3f
 605 0079 19       		.uleb128 0x19
 606 007a 03       		.uleb128 0x3
 607 007b 0E       		.uleb128 0xe
 608 007c 3A       		.uleb128 0x3a
 609 007d 0B       		.uleb128 0xb
 610 007e 3B       		.uleb128 0x3b
 611 007f 0B       		.uleb128 0xb
 612 0080 27       		.uleb128 0x27
 613 0081 19       		.uleb128 0x19
 614 0082 49       		.uleb128 0x49
 615 0083 13       		.uleb128 0x13
 616 0084 11       		.uleb128 0x11
 617 0085 01       		.uleb128 0x1
 618 0086 12       		.uleb128 0x12
 619 0087 06       		.uleb128 0x6
 620 0088 40       		.uleb128 0x40
 621 0089 18       		.uleb128 0x18
 622 008a 9742     		.uleb128 0x2117
 623 008c 19       		.uleb128 0x19
 624 008d 00       		.byte	0
 625 008e 00       		.byte	0
 626 008f 00       		.byte	0
 627              		.section	.debug_loc,"",%progbits
 628              	.Ldebug_loc0:
 629              	.LLST0:
 630 0000 00000000 		.4byte	.LVL0
 631 0004 04000000 		.4byte	.LVL1
 632 0008 0100     		.2byte	0x1
 633 000a 50       		.byte	0x50
 634 000b 04000000 		.4byte	.LVL1
 635 000f 18000000 		.4byte	.LFE0
 636 0013 0400     		.2byte	0x4
 637 0015 F3       		.byte	0xf3
 638 0016 01       		.uleb128 0x1
ARM GAS  C:\Users\JEFFSN~1\AppData\Local\Temp\cczYELtg.s 			page 25


 639 0017 50       		.byte	0x50
 640 0018 9F       		.byte	0x9f
 641 0019 00000000 		.4byte	0
 642 001d 00000000 		.4byte	0
 643              	.LLST1:
 644 0021 06000000 		.4byte	.LVL2
 645 0025 0E000000 		.4byte	.LVL3
 646 0029 0600     		.2byte	0x6
 647 002b 73       		.byte	0x73
 648 002c 00       		.sleb128 0
 649 002d 09       		.byte	0x9
 650 002e FD       		.byte	0xfd
 651 002f 1A       		.byte	0x1a
 652 0030 9F       		.byte	0x9f
 653 0031 00000000 		.4byte	0
 654 0035 00000000 		.4byte	0
 655              	.LLST2:
 656 0039 00000000 		.4byte	.LVL4
 657 003d 06000000 		.4byte	.LVL5
 658 0041 0100     		.2byte	0x1
 659 0043 50       		.byte	0x50
 660 0044 06000000 		.4byte	.LVL5
 661 0048 18000000 		.4byte	.LFE1
 662 004c 0400     		.2byte	0x4
 663 004e F3       		.byte	0xf3
 664 004f 01       		.uleb128 0x1
 665 0050 50       		.byte	0x50
 666 0051 9F       		.byte	0x9f
 667 0052 00000000 		.4byte	0
 668 0056 00000000 		.4byte	0
 669              		.section	.debug_aranges,"",%progbits
 670 0000 34000000 		.4byte	0x34
 671 0004 0200     		.2byte	0x2
 672 0006 00000000 		.4byte	.Ldebug_info0
 673 000a 04       		.byte	0x4
 674 000b 00       		.byte	0
 675 000c 0000     		.2byte	0
 676 000e 0000     		.2byte	0
 677 0010 00000000 		.4byte	.LFB0
 678 0014 18000000 		.4byte	.LFE0-.LFB0
 679 0018 00000000 		.4byte	.LFB1
 680 001c 18000000 		.4byte	.LFE1-.LFB1
 681 0020 00000000 		.4byte	.LFB2
 682 0024 10000000 		.4byte	.LFE2-.LFB2
 683 0028 00000000 		.4byte	.LFB3
 684 002c 10000000 		.4byte	.LFE3-.LFB3
 685 0030 00000000 		.4byte	0
 686 0034 00000000 		.4byte	0
 687              		.section	.debug_ranges,"",%progbits
 688              	.Ldebug_ranges0:
 689 0000 00000000 		.4byte	.LFB0
 690 0004 18000000 		.4byte	.LFE0
 691 0008 00000000 		.4byte	.LFB1
 692 000c 18000000 		.4byte	.LFE1
 693 0010 00000000 		.4byte	.LFB2
 694 0014 10000000 		.4byte	.LFE2
 695 0018 00000000 		.4byte	.LFB3
ARM GAS  C:\Users\JEFFSN~1\AppData\Local\Temp\cczYELtg.s 			page 26


 696 001c 10000000 		.4byte	.LFE3
 697 0020 00000000 		.4byte	0
 698 0024 00000000 		.4byte	0
 699              		.section	.debug_line,"",%progbits
 700              	.Ldebug_line0:
 701 0000 93000000 		.section	.debug_str,"MS",%progbits,1
 701      02004500 
 701      00000201 
 701      FB0E0D00 
 701      01010101 
 702              	.LASF15:
 703 0000 4578744D 		.ascii	"ExtMUXS1_SetDriveMode\000"
 703      55585331 
 703      5F536574 
 703      44726976 
 703      654D6F64 
 704              	.LASF16:
 705 0016 76616C75 		.ascii	"value\000"
 705      6500
 706              	.LASF23:
 707 001c 73746174 		.ascii	"staticBits\000"
 707      69634269 
 707      747300
 708              	.LASF18:
 709 0027 4578744D 		.ascii	"ExtMUXS1_Read\000"
 709      55585331 
 709      5F526561 
 709      6400
 710              	.LASF9:
 711 0035 666C6F61 		.ascii	"float\000"
 711      7400
 712              	.LASF1:
 713 003b 756E7369 		.ascii	"unsigned char\000"
 713      676E6564 
 713      20636861 
 713      7200
 714              	.LASF20:
 715 0049 474E5520 		.ascii	"GNU C11 5.4.1 20160609 (release) [ARM/embedded-5-br"
 715      43313120 
 715      352E342E 
 715      31203230 
 715      31363036 
 716 007c 616E6368 		.ascii	"anch revision 237715] -mcpu=cortex-m3 -mthumb -g -O"
 716      20726576 
 716      6973696F 
 716      6E203233 
 716      37373135 
 717 00af 33202D66 		.ascii	"3 -ffunction-sections -ffat-lto-objects -finline-fu"
 717      66756E63 
 717      74696F6E 
 717      2D736563 
 717      74696F6E 
 718 00e2 6E637469 		.ascii	"nctions -flto\000"
 718      6F6E7320 
 718      2D666C74 
 718      6F00
 719              	.LASF5:
ARM GAS  C:\Users\JEFFSN~1\AppData\Local\Temp\cczYELtg.s 			page 27


 720 00f0 6C6F6E67 		.ascii	"long unsigned int\000"
 720      20756E73 
 720      69676E65 
 720      6420696E 
 720      7400
 721              	.LASF3:
 722 0102 73686F72 		.ascii	"short unsigned int\000"
 722      7420756E 
 722      7369676E 
 722      65642069 
 722      6E7400
 723              	.LASF10:
 724 0115 646F7562 		.ascii	"double\000"
 724      6C6500
 725              	.LASF2:
 726 011c 73686F72 		.ascii	"short int\000"
 726      7420696E 
 726      7400
 727              	.LASF8:
 728 0126 756E7369 		.ascii	"unsigned int\000"
 728      676E6564 
 728      20696E74 
 728      00
 729              	.LASF7:
 730 0133 6C6F6E67 		.ascii	"long long unsigned int\000"
 730      206C6F6E 
 730      6720756E 
 730      7369676E 
 730      65642069 
 731              	.LASF17:
 732 014a 6D6F6465 		.ascii	"mode\000"
 732      00
 733              	.LASF13:
 734 014f 72656738 		.ascii	"reg8\000"
 734      00
 735              	.LASF6:
 736 0154 6C6F6E67 		.ascii	"long long int\000"
 736      206C6F6E 
 736      6720696E 
 736      7400
 737              	.LASF11:
 738 0162 63686172 		.ascii	"char\000"
 738      00
 739              	.LASF22:
 740 0167 433A5C55 		.ascii	"C:\\Users\\JeffSnyder\\dev\\Electrobass_embedded\\P"
 740      73657273 
 740      5C4A6566 
 740      66536E79 
 740      6465725C 
 741 0195 534F4335 		.ascii	"SOC5_electrobass_stringsensors\\CE210514_PSOC3_5_Th"
 741      5F656C65 
 741      6374726F 
 741      62617373 
 741      5F737472 
 742 01c7 65726D69 		.ascii	"ermistor.cydsn\000"
 742      73746F72 
 742      2E637964 
ARM GAS  C:\Users\JEFFSN~1\AppData\Local\Temp\cczYELtg.s 			page 28


 742      736E00
 743              	.LASF21:
 744 01d6 47656E65 		.ascii	"Generated_Source\\PSoC5\\ExtMUXS1.c\000"
 744      72617465 
 744      645F536F 
 744      75726365 
 744      5C50536F 
 745              	.LASF12:
 746 01f8 75696E74 		.ascii	"uint8\000"
 746      3800
 747              	.LASF19:
 748 01fe 4578744D 		.ascii	"ExtMUXS1_ReadDataReg\000"
 748      55585331 
 748      5F526561 
 748      64446174 
 748      61526567 
 749              	.LASF14:
 750 0213 4578744D 		.ascii	"ExtMUXS1_Write\000"
 750      55585331 
 750      5F577269 
 750      746500
 751              	.LASF4:
 752 0222 6C6F6E67 		.ascii	"long int\000"
 752      20696E74 
 752      00
 753              	.LASF0:
 754 022b 7369676E 		.ascii	"signed char\000"
 754      65642063 
 754      68617200 
 755              		.comm	__gnu_lto_v1,1,1
 756              		.ident	"GCC: (GNU Tools for ARM Embedded Processors) 5.4.1 20160609 (release) [ARM/embedded-5-bran
