ARM GAS  C:\Users\JEFFSN~1\AppData\Local\Temp\cc8ddSxU.s 			page 1


   1              		.syntax unified
   2              		.cpu cortex-m3
   3              		.fpu softvfp
   4              		.eabi_attribute 20, 1
   5              		.eabi_attribute 21, 1
   6              		.eabi_attribute 23, 3
   7              		.eabi_attribute 24, 1
   8              		.eabi_attribute 25, 1
   9              		.eabi_attribute 26, 1
  10              		.eabi_attribute 30, 2
  11              		.eabi_attribute 34, 1
  12              		.eabi_attribute 18, 4
  13              		.thumb
  14              		.syntax unified
  15              		.file	"IDAC_OUT.c"
  16              		.text
  17              	.Ltext0:
  18              		.section	.gnu.lto_.profile.807d5a0f,"",%progbits
  19 0000 789C6361 		.ascii	"x\234ca`d`a`\000\222\022\"\000\000\256\0007"
  19      60646061 
  19      60009212 
  19      220000AE 
  19      0037
  20              		.text
  21              		.section	.gnu.lto_.icf.807d5a0f,"",%progbits
  22 0000 789C6361 		.ascii	"x\234ca`d\000\001I\006\004`a\270\3221G\235\361\341\326"
  22      60640001 
  22      49060460 
  22      61B8D231 
  22      479DF1E1 
  23 0015 BF333998 		.ascii	"\27739\230\326\355;r\232\231\371\371\362\316>\016\006"
  23      D6ED3B72 
  23      9A99F9F9 
  23      F2CE3E0E 
  23      06
  24 0026 0094B10B 		.ascii	"\000\224\261\013'"
  24      27
  25              		.text
  26              		.section	.gnu.lto_.jmpfuncs.807d5a0f,"",%progbits
  27 0000 789C6361 		.ascii	"x\234ca`d\000\001!\006\004`a`dd\254g\004\021L\014\014"
  27      60640001 
  27      21060460 
  27      61606464 
  27      AC670411 
  28 0017 CC401100 		.ascii	"\314@\021\000\016\"\001&"
  28      0E220126 
  29              		.text
  30              		.section	.gnu.lto_.inline.807d5a0f,"",%progbits
  31 0000 789C6361 		.ascii	"x\234ca`d\000\201$\006\004`a`\340`gdd\340\000J1s\034"
  31      60640081 
  31      24060460 
  31      6160E060 
  31      676464E0 
  32 0019 B063605B 		.ascii	"\260c`[ \317\304\300t\201\237\005$\313\210O\222\211"
  32      20CFC4C0 
  32      74819F05 
  32      24CB884F 
ARM GAS  C:\Users\JEFFSN~1\AppData\Local\Temp\cc8ddSxU.s 			page 2


  32      9289
  33 002b 818D9591 		.ascii	"\201\215\225\221\201\211\355\203\036D\034\010\2301\205"
  33      8189ED83 
  33      1E441C08 
  33      983185
  34 003a 1800EEF5 		.ascii	"\030\000\356\365\012\002"
  34      0A02
  35              		.text
  36              		.section	.gnu.lto_.pureconst.807d5a0f,"",%progbits
  37 0000 789C6361 		.ascii	"x\234ca`d\340d```a\220b\224b\222b\226\002\000\002\261"
  37      6064E064 
  37      60606061 
  37      90629462 
  37      92629602 
  38 0017 0081     		.ascii	"\000\201"
  39              		.text
  40              		.section	.gnu.lto_IDAC_OUT_Write.807d5a0f,"",%progbits
  41 0000 789C5550 		.ascii	"x\234UPAKTQ\024>\337\275\363f&\315\372\001\315B\202"
  41      414B5451 
  41      143EDFBD 
  41      F36626CD 
  41      FA01CD42 
  42 0015 41240841 		.ascii	"A$\010A\374\001e\020\256\224\254\335\200\014\323[\010"
  42      FC016510 
  42      AE94ACDD 
  42      800CD35B 
  42      08
  43 0026 95A0635B 		.ascii	"\225\240c[\317s|#\270\311M\316*\015C4-\315v\211\340"
  43      CF737C23 
  43      B8C94DCE 
  43      2A0D4334 
  43      2DCD7689 
  44 003b E3AD5C44 		.ascii	"\343\255\\Dn\\E\204\270xA\253\021\034F\263\232\316y"
  44      6E5C4584 
  44      B87841AB 
  44      111C46B3 
  44      9ACE79
  45 004e 6F9317EE 		.ascii	"o\223\027\356\273\367\235\373}\337\371\316\227\"\220"
  45      BBF79DFB 
  45      7DDFF9CE 
  45      972290
  46 005d 2E6388FA 		.ascii	".c\210\372\344\274!\033\226`\346\277\020yY\003\350\205"
  46      E4BC211B 
  46      9660E6BF 
  46      10795903 
  46      E885
  47 006f B3A02983 		.ascii	"\263\240)\203)4\314\037\203p6\372d\272WY\326\321\312"
  47      2934CC1F 
  47      837036FA 
  47      64BA5759 
  47      D6D1CA
  48 0082 A2E5B500 		.ascii	"\242\345\265\000\276%j\231X\211\260\212nA\375\330\235"
  48      BE256A99 
  48      5889B08A 
  48      6E41FDD8 
  48      9D
  49 0093 3D84CD83 		.ascii	"=\204\315\203\344^\015\033\365\366\256\025\346i\346"
ARM GAS  C:\Users\JEFFSN~1\AppData\Local\Temp\cc8ddSxU.s 			page 3


  49      E45E0D1B 
  49      F5F6AE15 
  49      E669E6
  50 00a2 6681AD6F 		.ascii	"f\201\255o\2015Xa\2407\207\236\034I\201\360\026]\012"
  50      81355861 
  50      A037879E 
  50      1C4981F0 
  50      165D0A
  51 00b5 3EFB7AB8 		.ascii	">\373z\270y\315\336\212\211\363\034-_\315\277Qb\320"
  51      79CDDE8A 
  51      89F31C2D 
  51      5FCDBF51 
  51      62D0
  52 00c7 7C5AE3C0 		.ascii	"|Z\343\300\353T\356\372\377\\]\002=\336\376\373\262"
  52      EB54EEFA 
  52      FF5C5D02 
  52      3DDEFEFB 
  52      B2
  53 00d8 233DA3AE 		.ascii	"#=\243\256:\261\201|\342\007\357\220\226\011\241\225"
  53      3AB1817C 
  53      E207EF90 
  53      9609A195 
  54 00e8 AD0701B7 		.ascii	"\255\007\001\267Z\025\016\032N\303f\215452\251<\244"
  54      5A150E1A 
  54      4EC3668D 
  54      343532A9 
  54      3CA4
  55 00fa A0BD1D2D 		.ascii	"\240\275\035-\244\365CT\227\255\203\237H.r\332\010\341"
  55      A4F54354 
  55      97AD839F 
  55      482E72DA 
  55      08E1
  56 010c AFB9EFB5 		.ascii	"\257\271\357\265\214\312U\254\206\260\340\207\007\231"
  56      8CCA55AC 
  56      86B0E087 
  56      0799
  57 011a 53E35B1B 		.ascii	"S\343[\033\033\345\327/\316\235\344\227\227=NI\351\374"
  57      1BE5D72F 
  57      CE9DE497 
  57      973D4E49 
  57      E9FC
  58 012c 6067B763 		.ascii	"`g\267c\011\257\274\031\211'\205M\344\360\036b\027["
  58      09AFBC19 
  58      8927854D 
  58      E4F01E62 
  58      175B
  59 013e 580245A8 		.ascii	"X\002E\250\374\256~C\"h\023\315\213\375h\357\272\212"
  59      FCAE7E43 
  59      226813CD 
  59      8BFD68EF 
  59      BA8A
  60 0150 002DC207 		.ascii	"\000-\302\007\001\037\303\304\023\210IA)\251^\215jW"
  60      011FC3C4 
  60      13884941 
  60      29A95E8D 
  60      6A57
  61 0162 129653B1 		.ascii	"\022\226S\261\332\347t\316oZe9\310`[H\202:\253~6\011"
ARM GAS  C:\Users\JEFFSN~1\AppData\Local\Temp\cc8ddSxU.s 			page 4


  61      DAE774CE 
  61      6F5A6539 
  61      C8605B48 
  61      823AAB7E 
  62 0178 285177A4 		.ascii	"(Qw\244\030.\304\335.9\363\230\333/\233\373(\346\204"
  62      182EC4DD 
  62      2E39F398 
  62      DB2F9BFB 
  62      28E684
  63 018b 453F311D 		.ascii	"E?1\035\\8J\210\003\256\033h\020\022\313\315\373\356"
  63      5C384A88 
  63      03AE1B68 
  63      1012CBCD 
  63      FBEE
  64 019d 3377BC58 		.ascii	"3w\274Xv\037\217\014\217M\216\227\334\302\320\360X\177"
  64      761F8F0C 
  64      8F4D8E97 
  64      DCC2D0F0 
  64      587F
  65 01af 5F61E0DE 		.ascii	"_a\340\336\235\376\221\301G\017o\227\310y^|2\351\266"
  65      9DFE91C1 
  65      470F6F97 
  65      C8795E7C 
  65      32E9B6
  66 01c2 4D948BE5 		.ascii	"M\224\213\345\321\322\335\321\362\304?^\232\2703"
  66      D1D2DDD1 
  66      F2C43F5E 
  66      9AB833
  67              		.text
  68              		.section	.gnu.lto_IDAC_OUT_SetDriveMode.807d5a0f,"",%progbits
  69 0000 789C7D51 		.ascii	"x\234}QMK\033Q\024\275\347\275\311Lbl\376\200Y\210P"
  69      4D4B1B51 
  69      14BDE7BD 
  69      C94C626C 
  69      FE805988 
  70 0015 241B114A 		.ascii	"$\033\021J\177\200XZ\\U\374\330E\244$\263\254\241\241"
  70      7F80585A 
  70      5C55FCD8 
  70      45A424B3 
  70      ACA1A1
  71 0028 AE7D490C 		.ascii	"\256}I\014\001\273)H\262)\022]\210\037\211\306\322n"
  71      01BB2948 
  71      B229125D 
  71      881F89C6 
  71      D26E
  72 003a 0A5DA481 		.ascii	"\012]\244\201viw.\\\210\270\010EPbU\264\266i\274w\246"
  72      7669772E 
  72      5C88B808 
  72      45506255 
  72      B4B669BC 
  73 0050 8BACFA98 		.ascii	"\213\254\372\230w?\016\347\034\356}c\021H\316\017N1"
  73      773F0EE7 
  73      1CEE7D63 
  73      1148CE0F 
  73      4E31
  74 0062 CE7D7CA1 		.ascii	"\316}|\241\011\352\355>Q&\250\000)L\020\264\240\260"
  74      09EAED3E 
ARM GAS  C:\Users\JEFFSN~1\AppData\Local\Temp\cc8ddSxU.s 			page 5


  74      5126A800 
  74      294C10B4 
  74      A0B0
  75 0074 806BD556 		.ascii	"\200k\325Vh\024\232\237Tl\303\3609\376z>l6\353\310k"
  75      68149A9F 
  75      546CC3F0 
  75      39FE7A3E 
  75      6C36EBC8 
  76 0089 A28EF29C 		.ascii	"\242\216\362\234\010\033\2101\353\362\303\372rX?\004"
  76      081B8831 
  76      EBF2C3FA 
  76      72583F04 
  77 0099 717DB1DF 		.ascii	"q}\261\337:\212\014\256\033\2235\2468ct^\003\233\320"
  77      3A8A0CAE 
  77      1B9335A6 
  77      3863745E 
  77      039BD0
  78 00ac ACC0A328 		.ascii	"\254\300\243(\206\243\304\000a\013\203B>y\377\267\370"
  78      86A3C400 
  78      610B8342 
  78      3E79FFB7 
  78      F8
  79 00bd C05E14FB 		.ascii	"\300^\024\373~\337\024\333\260e\314\332D\335t:9S\277"
  79      7EDF14DB 
  79      B065CCDA 
  79      44DD743A 
  79      3953BF
  80 00d0 B1BFDCD9 		.ascii	"\261\277\334\331a\3052\2459hKB\000\342`K\351H\010J\010"
  80      61C532A5 
  80      39684B42 
  80      00E2604B 
  80      E948084A 
  81 00e5 0987A8C5 		.ascii	"\011\207\250\305W\026\271PJ\262n\242q\267\324|g\211"
  81      5716B950 
  81      4AB26EA2 
  81      71B7D47C 
  81      6789
  82 00f7 734ECB52 		.ascii	"sN\313R\245|\343\273s\245\362\332\362&^;8\374\334\343"
  82      A57CE3BB 
  82      73A5F2DA 
  82      F2265E3B 
  82      38FCDCE3 
  83 010b B785D58C 		.ascii	"\267\205\325\214\261\030\372\370\253}\331[\306Jf\221"
  83      B118FAF8 
  83      AB7DD95B 
  83      C64A6691 
  84 011b D70DA08A 		.ascii	"\327\015\240\212(*\210\362t;(\203\232\310\376t|;\315"
  84      282A88F2 
  84      743B2883 
  84      9AC8FE74 
  84      7C3BCD
  85 012e 8EDCE7FE 		.ascii	"\216\334\347\376\330~o1\304\372\303oo\332!\261\324x"
  85      D87E6F31 
  85      C4FAC36F 
  85      6FDA21B1 
  85      D478
  86 0140 855D5676 		.ascii	"\205]VvI\370\013tK\034\206XrvP\251j_\022A\315\223\344"
ARM GAS  C:\Users\JEFFSN~1\AppData\Local\Temp\cc8ddSxU.s 			page 6


  86      49F80B74 
  86      4B1C8658 
  86      727650A9 
  86      6A5F1241 
  87 0157 6EFF5182 		.ascii	"n\377Q\202\236\261\323\355\022b\224\373F\011\322\377"
  87      9EB1D3ED 
  87      126294FB 
  87      4609D2FF 
  88 0167 6FE43D1E 		.ascii	"o\344=\036\231\371t\212l\375\367Sa{\277\256\245 \317"
  88      99F9748A 
  88      6CFDF753 
  88      617BBFAE 
  88      A520CF
  89 017a C38F35F0 		.ascii	"\303\2175\360\314\235s\323/^\273\311\331\311\324|:\341"
  89      CC9D73D3 
  89      2F5EBBC9 
  89      D9C9D47C 
  89      3AE1
  90 018c C6C72753 		.ascii	"\306\307'S\243\217\343cOFFg\237OO\015%\310z\231J\272"
  90      A38FE363 
  90      4F464667 
  90      9F4F4F0D 
  90      25C87A99 
  91 01a2 F77F18A7 		.ascii	"\367\177\030\247="
  91      3D
  92              		.text
  93              		.section	.gnu.lto_IDAC_OUT_Read.807d5a0f,"",%progbits
  94 0000 789C354F 		.ascii	"x\2345OA+DQ\024>\337\275\357\315\233\246\374\002\263"
  94      412B4451 
  94      143EDFBD 
  94      EFCD9BA6 
  94      FC02B3
  95 0013 906C6623 		.ascii	"\220lf#%%;\215\310\212\014\331LM\032\26355\261\236;"
  95      25253B8D 
  95      C88A0CD9 
  95      4C4D1AB3 
  95      3535B19E 
  96 0028 F3E651B2 		.ascii	"\363\346Q\262\260\301\012\2454\303\0206,\215I\"bCYI"
  96      B0C10AA5 
  96      34C31036 
  96      2C8D4922 
  96      62435949 
  97 003c D25B5831 		.ascii	"\322[X1\215F\023\306\271\036\247\3569\367~\367\373\316"
  97      8D4613C6 
  97      B91EA7EE 
  97      39F77EF7 
  97      FBCE
  98 004e 778E4120 		.ascii	"w\216A \035\343\\\332\2706\363\201$\210\305k\242\214"
  98      1DE35CDA 
  98      B836F381 
  98      2488C56B 
  98      A28C
  99 0060 5F00FAA2 		.ascii	"_\000\372\242\374\240\264@\032\357\342K\340\262v\276"
  99      FCA0B440 
  99      1AEFE24B 
  99      E0B276BE 
 100 0070 1008E595 		.ascii	"\020\010\345\225\312\252\307\315z\367J\241\004G\022"
ARM GAS  C:\Users\JEFFSN~1\AppData\Local\Temp\cc8ddSxU.s 			page 7


 100      CAAAC7CD 
 100      7AF74AA1 
 100      044712
 101 007f 3504A133 		.ascii	"5\004\2413\210\216\240n\221G\210\230\372t\360\275\324"
 101      888EA06E 
 101      91478898 
 101      FA74F0BD 
 101      D4
 102 0090 E4CB298E 		.ascii	"\344\313)\216\026M\340\237\002|\332ro\244\244\032\015"
 102      164DE09F 
 102      027CDA72 
 102      6FA4A41A 
 102      0D
 103 00a1 5B95EEAC 		.ascii	"[\225\356\254\223{\313\0029\222}9\031\234\204\251\223"
 103      937BCB02 
 103      39927D39 
 103      199C84A9 
 103      93
 104 00b2 8F745B7A 		.ascii	"\217t[ze\231\036\342M\010]\245\213r}\376a\255Gw\262"
 104      65991EE2 
 104      4D085DA5 
 104      8B727DFE 
 104      61AD4777 
 105 00c7 A5649765 		.ascii	"\245d\227e\247|cU\205#%\264i\361\324\311\231\3363\263"
 105      A77C6355 
 105      852325B4 
 105      69F1D4C9 
 105      99DE33B3 
 106 00db 91510643 		.ascii	"\221Q\006CG\037\373\307X\307j&\307\243\032\330F\020"
 106      471FFBC7 
 106      58C76A26 
 106      C7A31AD8 
 106      4610
 107 00ed 5BE04151 		.ascii	"[\340AQd\224\\\330\237\375dKx\355\016\335\213\263\200"
 107      64945CD8 
 107      9FFD644B 
 107      78ED0EDD 
 107      8BB380
 108 0100 D6030AD8 		.ascii	"\326\003\012\330a\236\213le\356Jz\216\006\023\265\244"
 108      619E8B6C 
 108      65EE4A7A 
 108      8E0613B5 
 108      A4
 109 0111 327B6B7A 		.ascii	"2{kz\210\311 \353\252\363NMj\235\200\205\335\177\331"
 109      88C920EB 
 109      AAF34E4D 
 109      6A9D8085 
 109      DD7FD9
 110 0124 333C92E6 		.ascii	"3<\222\346\321\013\304\337\213~7\203\336\210\367k\035"
 110      D10BC4DF 
 110      8B7E3783 
 110      DE88F76B 
 110      1D
 111 0135 484C2552 		.ascii	"HL%R\023\323\211\311X$9\223\212'\242\303\221d\270+:"
 111      13D389C9 
 111      58243993 
 111      8A27A2C3 
ARM GAS  C:\Users\JEFFSN~1\AppData\Local\Temp\cc8ddSxU.s 			page 8


 111      9164B82B 
 112 014a D8D71B8E 		.ascii	"\330\327\033\216\015\215\215\266\307\351\007U\352{\221"
 112      0D8D8DB6 
 112      C7E90755 
 112      EA7B91
 113              		.text
 114              		.section	.gnu.lto_IDAC_OUT_ReadDataReg.807d5a0f,"",%progbits
 115 0000 789C354F 		.ascii	"x\2345O\275KBQ\024?\277{\337S\021\374\013r\210hq\211"
 115      BD4B4251 
 115      143FBF7B 
 115      DF5311FC 
 115      0B728868 
 116 0016 201A6A0B 		.ascii	" \032j\013\243h*\262h\021$\354\255\011R\263W\237\257"
 116      A3682AB2 
 116      681124EC 
 116      AD0952B3 
 116      579FAF
 117 0029 20825AAA 		.ascii	" \202Z\252)\214 \324>\210\226\206(0\207(\212l\350\017"
 117      298C20D4 
 117      3E889686 
 117      28308728 
 117      8A6CE80F 
 118 003d 880887A6 		.ascii	"\210\010\207\246\022C\214\322\316\355\325\201{\316\275"
 118      12438CD2 
 118      CEEDD581 
 118      7BCEBD
 119 004c E7FE3ECE 		.ascii	"\347\376>\3161\010\244c\206K7\327\016>\220\004\261~"
 119      3108A463 
 119      864B37D7 
 119      0E3E9004 
 119      B17E
 120 005e 4F94F609 		.ascii	"O\224\366\011@_\224\017\224\022H\341C|\013\3346\256"
 120      405F940F 
 120      941248E1 
 120      437C0BDC 
 120      36AE
 121 0070 57FDA1BC 		.ascii	"W\375\241\274R\031\365\264\227\037\330*\224\340H\242"
 121      5219F5B4 
 121      971FD82A 
 121      94E048A2 
 122 0080 B620F405 		.ascii	"\266 \364\005\321\033\324\022y\204\210\241\317'\255"
 122      D11BD412 
 122      798488A1 
 122      CF27AD
 123 008f 8D8027AB 		.ascii	"\215\200'\2538:5\200\177\012\360h\313\343\311\222j\267"
 123      383A3580 
 123      7F0AF068 
 123      CBE3C992 
 123      6AB7
 124 00a1 6D55BAF0 		.ascii	"mU\272\360_>\370\275 G\262/'\203\2230u\362\220\226\245"
 124      5F3EF8BD 
 124      2047B22F 
 124      27839330 
 124      75F29096 
 125 00b6 37A6E921 		.ascii	"7\246\351!\336\205\320UVQ\376\\i\025\007\265\222-%\273"
 125      DE85D055 
 125      5651FE5C 
ARM GAS  C:\Users\JEFFSN~1\AppData\Local\Temp\cc8ddSxU.s 			page 9


 125      691507B5 
 125      922D25BB 
 126 00ca 6C3AE58A 		.ascii	"l:\345\212\267.\034)\241M\325\316Z\323t\237j7\255\014"
 126      B72E1C29 
 126      A14DD5CE 
 126      5AD3749F 
 126      6A37AD0C 
 127 00de 6E352B67 		.ascii	"n5+g\347\201\034\266\323Y\036\325\300>\202(\202\007"
 127      E7811CB6 
 127      D3591ED5 
 127      C03E8228 
 127      8207
 128 00f0 C50172A0 		.ascii	"\305\001r\240*\354\257\021\262%\\\271\323\352\315\225"
 128      2AECAF11 
 128      B2255CB9 
 128      D3EACD95 
 129 0100 5FF30105 		.ascii	"_\363\001\005\0342\256\212Lm\371N\272\216\006\0035\245"
 129      1C32AE8A 
 129      4C6DF94E 
 129      BA8E0603 
 129      35A5
 130 0112 B6F468BA 		.ascii	"\266\364h\272\035\223\233\314\253\2578\015\251y\002"
 130      1D939BCC 
 130      ABAF380D 
 130      A97902
 131 0121 5E1CFDD3 		.ascii	"^\034\375\323^\340\2024\216^!\376^\364\273\031\364F"
 131      5EE08234 
 131      8E5E21FE 
 131      5EF4BB19 
 131      F446
 132 0133 BC5FD7A8 		.ascii	"\274_\327\2505o%g\027\254\271X$\261\230\214[\321\211"
 132      356F2567 
 132      17ACB958 
 132      24B1988C 
 132      5BD189
 133 0146 4822DC1F 		.ascii	"H\"\334\037\035\033\036\012\307\306\247\247z\342\364"
 133      1D1B1E0A 
 133      C7C6A7A7 
 133      7AE2F4
 134 0155 0334537B 		.ascii	"\0034S{\253"
 134      AB
 135              		.text
 136              		.section	.gnu.lto_.symbol_nodes.807d5a0f,"",%progbits
 137 0000 789C6361 		.ascii	"x\234ca`dpc\000\002&\206z\006\206\011\347\030@\324\256"
 137      60647063 
 137      00022686 
 137      7A068609 
 137      E71840D4 
 138 0015 0645A000 		.ascii	"\006E\240\000c=#\252\000S=\023\252\000s=3\212\000\003"
 138      633D23AA 
 138      00533D13 
 138      AA00733D 
 138      338A0003 
 139 0029 0026B60F 		.ascii	"\000&\266\017<"
 139      3C
 140              		.text
 141              		.section	.gnu.lto_.refs.807d5a0f,"",%progbits
ARM GAS  C:\Users\JEFFSN~1\AppData\Local\Temp\cc8ddSxU.s 			page 10


 142 0000 789C6361 		.ascii	"x\234ca`\004B \000\000\0009\000\007"
 142      60044220 
 142      00000039 
 142      0007
 143              		.text
 144              		.section	.gnu.lto_.decls.807d5a0f,"",%progbits
 145 0000 789C8D53 		.ascii	"x\234\215S]H\024Q\024\276gfv]&\335B,$\366a\363\311^"
 145      5D481451 
 145      14BE6766 
 145      765D26DD 
 145      422C24F6 
 146 0018 B624021F 		.ascii	"\266$\002\037\302\012%\351\241\014\377z\021d\325\301"
 146      C20A25E9 
 146      A10CFF7A 
 146      1164D5C1 
 147 0028 7CD1D8D6 		.ascii	"|\321\330\326@z\271\271FY\017\352\303Z\232\344\317C"
 147      407AB9B9 
 147      46590FEA 
 147      C35A9AE4 
 147      CF43
 148 003a 69FEAEBB 		.ascii	"i\376\256\273k\356\246iB&\201\240\031BY(Y\017\222\201"
 148      6BEEA669 
 148      422681A0 
 148      19425928 
 148      590F9281 
 149 004e 91103ED8 		.ascii	"\221\020>\330v\356\235\031g\263\015<\314\2319\347\336"
 149      76EE9D19 
 149      67B30D3C 
 149      CC9939E7 
 149      DE
 150 005f F37DE7BB 		.ascii	"\363}\347\273gf$\002\204Y\206DH\027>m\230F\320L\030"
 150      67662402 
 150      84598644 
 150      48173E6D 
 150      9846D04C 
 151 0074 1712C370 		.ascii	"\027\022\303p\233\370\321\203\350\243\350a\362\257\261"
 151      9BF8D183 
 151      E8A3E861 
 151      F2AFB1
 152 0083 7DB3861B 		.ascii	"}\263\206\033`\\\350\023\350\343\3509Z\015hu\273-\030"
 152      605CE813 
 152      E8E3E839 
 152      5A0D6875 
 152      BB2D18
 153 0096 033B1585 		.ascii	"\003;\025\205\327\261\301\030X\246\307\024\205\313\211"
 153      D7B1C118 
 153      58A6C714 
 153      85CB89
 154 00a5 811B8D81 		.ascii	"\201\033\215\201\013\357\001\027\353\234\333\002D\332"
 154      0BEF0117 
 154      EB9CDB02 
 154      44DA
 155 00b3 030D9625 		.ascii	"\003\015\226%x\017\"\321\006H\000\324;p'\252\363\024"
 155      780F22D1 
 155      064800D4 
 155      3B7027AA 
 155      F314
ARM GAS  C:\Users\JEFFSN~1\AppData\Local\Temp\cc8ddSxU.s 			page 11


 156 00c5 0381A881 		.ascii	"\003\201\250\201\276\264cD+\021\364\320 \343\227\206"
 156      BEB46344 
 156      2B11F4D0 
 156      20E39786 
 157 00d5 87886E9C 		.ascii	"\207\210n\234\304`\007\015\244\346\272n\015\004\202"
 157      C460070D 
 157      A4E6BA6E 
 157      0D0482
 158 00e4 D100D454 		.ascii	"\321\000\324TGD\361\355R\244k\326\333\020A?\364[\337"
 158      4744F1ED 
 158      52A46BD6 
 158      DB10413F 
 158      F45BDF
 159 00f7 67BF240A 		.ascii	"g\277$\012\300\342\345\255\356s\216>\212\326H\251p\324"
 159      C0E2E5AD 
 159      EE738E3E 
 159      8AD648A9 
 159      70D4
 160 0109 98CCE0AD 		.ascii	"\230\314\340\255/=\226M\001l2D\200\345\353\241\255\004"
 160      2F3D964D 
 160      016C3244 
 160      80E5EBA1 
 160      AD04
 161 011b 3567DB2D 		.ascii	"5g\333-M\253\277\367\211\207Y,,\254\366\256I\220*?f"
 161      4DABBFF7 
 161      8987592C 
 161      2CACF6AE 
 161      49902A3F 
 162 0130 342B4DBE 		.ascii	"4+M\276\214\020\245\007`\000d\350\003\021z\300\3014"
 162      8C10A507 
 162      600064E8 
 162      03117AC0 
 162      C134
 163 0142 D864BCDF 		.ascii	"\330d\274\337\241\264\226ntQs2\201\02368n#\320\017\251"
 163      A1B4966E 
 163      74517332 
 163      81133638 
 163      6E23D00F 
 164 0157 8C935541 		.ascii	"\214\223UA/\330\340)\330\030\377\327\373\355\337\314"
 164      2FD8E029 
 164      D818FFD7 
 164      FBEDDFCC 
 165 0167 124AE63C 		.ascii	"\022J\346<%\022[\233\257\033j\023QB\242\014\022\246"
 165      25125B9B 
 165      AF1B6A13 
 165      5142A20C 
 165      12A6
 166 0179 3F665B57 		.ascii	"?f[W\255\230&\311`\307\264/\374q\335\234\334\314\217"
 166      AD9826C9 
 166      60C7B42F 
 166      FC71DD9C 
 166      DCCC8F
 167 018c E2A17609 		.ascii	"\342\241v\011\012\017\201\017\011\207\220\220\3000$"
 167      0A0F810F 
 167      09879090 
 167      C03024
 168 019b E37D1024 		.ascii	"\343}\020$\365t\313\277\206\273\366\247t\320\216!\272"
ARM GAS  C:\Users\JEFFSN~1\AppData\Local\Temp\cc8ddSxU.s 			page 12


 168      F574CBBF 
 168      86BBF6A7 
 168      74D08E21 
 168      BA
 169 01ac E29D3ED5 		.ascii	"\342\235>\325\354\2413\210\263\2632\3506Dw\263\357\202"
 169      ECA13388 
 169      B3B332E8 
 169      364477B3 
 169      EF82
 170 01be C01358C2 		.ascii	"\300\023X\302\031\372!\005\221\343\341\265O\026Q\341"
 170      19FA2105 
 170      91E3E1B5 
 170      4F1651E1 
 171 01ce 4318D95E 		.ascii	"C\030\331^\371\220\240\262LnN\307\323\306\233\224\236"
 171      F990A0B2 
 171      4C6E4EC7 
 171      D3C69B94 
 171      9E
 172 01df E11C0183 		.ascii	"\341\034\001\203#\020\315\021\344\034\276\001_\275$"
 172      2310CD11 
 172      E41CBE01 
 172      5FBD24
 173 01ee DEE01C73 		.ascii	"\336\340\034s\367^y\366G\313f\3475t?\343\272K4\331\336"
 173      F75E79F6 
 173      47CB66E7 
 173      35743FE3 
 173      BA4B34D9 
 174 0203 779EDB71 		.ascii	"w\236\333qZ\303\205\327b\013\235\254C\234\300\252`\304"
 174      5AC385D7 
 174      620B9DAC 
 174      439CC0AA 
 174      60C4
 175 0215 683912DD 		.ascii	"h9\022\335r\224\267\034\356\367\036\023\353\201\267"
 175      7294B71C 
 175      EEF71E13 
 175      EB81B7
 176 0224 6CEE9C69 		.ascii	"l\356\234i\320Y\302ot\331\214#dp\204\2429\302\234c\263"
 176      D059C26F 
 176      74D98C23 
 176      647084A2 
 176      39C29C63 
 177 0239 EEE7A259 		.ascii	"\356\347\242Y\306w\350\331\333;\234]\353\214\304\211"
 177      C677E8D9 
 177      DB3B9C5D 
 177      EB8CC489 
 178 0249 8F7853C1 		.ascii	"\217xS\301\357m\361\306\201\234\032\003\376\"\006\\"
 178      EF6DF1C6 
 178      819C1A03 
 178      FE22065C 
 179 0259 FB96B6F2 		.ascii	"\373\226\266\362\233\352\331\001\307q(c\206\270\347"
 179      9BEAD901 
 179      C7712863 
 179      86B8E7
 180 0268 20AB0309 		.ascii	" \253\003\011\314}\0374\305\337e\237\025N/q\306\312"
 180      CC7D1F34 
 180      C5DF659F 
 180      154E2F71 
ARM GAS  C:\Users\JEFFSN~1\AppData\Local\Temp\cc8ddSxU.s 			page 13


 180      C6CA
 181 027a 2B8DF14D 		.ascii	"+\215\361M@<\377\003\360\271-\210c\213\017\333D\334"
 181      403CFF03 
 181      F0B92D88 
 181      638B0FDB 
 181      44DC
 182 028c 6397DC4A 		.ascii	"c\227\334JQ\012\235\007\230B2\236l\234\3461[\246\033"
 182      510A9D07 
 182      9842329E 
 182      6C9CE631 
 182      5BA61B
 183 029f B5D4FCC0 		.ascii	"\265\324\374\300\252K$|\203\300$\"_\"1O\255\347\263"
 183      AA4B247C 
 183      83C02422 
 183      5F22314F 
 183      ADE7B3
 184 02b2 CE6616E7 		.ascii	"\316f\026\347\024\344\027_vU\270\025K\366\305\002{f"
 184      14E4175F 
 184      7655B815 
 184      4BF6C502 
 184      7B66
 185 02c4 5A1A3155 		.ascii	"Z\0321UWT\272\323\217d+\225\212\313\351V\312\212\363"
 185      5754BAD3 
 185      8F642B95 
 185      8ACBE956 
 185      CA8AF3
 186 02d7 AAAA5DA5 		.ascii	"\252\252]\245J\321\245\274\252\314\223E\2455\356\232"
 186      4AD1A5BC 
 186      AACC9345 
 186      A535EE9A 
 187 02e7 ABCA35C7 		.ascii	"\253\3125\307\025\222\362\237\012\235\326QJ\016\356"
 187      1592F29F 
 187      0A9DD651 
 187      4A0EEE
 188 02f6 B4C853DC 		.ascii	"\264\310S\334Y\256\212\353\312\205\2522%ag5Wq\226%\375"
 188      59AE8AEB 
 188      CA85AA32 
 188      25616735 
 188      57719625 
 189 030b 956539DD 		.ascii	"\225e9\335\316\\\245\\r)\345\351\177\000\321lb\357"
 189      CE5CA55C 
 189      7229E5E9 
 189      7F00D16C 
 189      62EF
 190              		.text
 191              		.section	.gnu.lto_.symtab.807d5a0f,"",%progbits
 192 0000 49444143 		.ascii	"IDAC_OUT_Write\000"
 192      5F4F5554 
 192      5F577269 
 192      746500
 193 000f 00       		.ascii	"\000"
 194 0010 00       		.ascii	"\000"
 195 0011 00       		.ascii	"\000"
 196 0012 00000000 		.ascii	"\000\000\000\000\000\000\000\000"
 196      00000000 
 197 001a B3000000 		.ascii	"\263\000\000\000"
 198 001e 49444143 		.ascii	"IDAC_OUT_SetDriveMode\000"
ARM GAS  C:\Users\JEFFSN~1\AppData\Local\Temp\cc8ddSxU.s 			page 14


 198      5F4F5554 
 198      5F536574 
 198      44726976 
 198      654D6F64 
 199 0034 00       		.ascii	"\000"
 200 0035 00       		.ascii	"\000"
 201 0036 00       		.ascii	"\000"
 202 0037 00000000 		.ascii	"\000\000\000\000\000\000\000\000"
 202      00000000 
 203 003f B5000000 		.ascii	"\265\000\000\000"
 204 0043 49444143 		.ascii	"IDAC_OUT_Read\000"
 204      5F4F5554 
 204      5F526561 
 204      6400
 205 0051 00       		.ascii	"\000"
 206 0052 00       		.ascii	"\000"
 207 0053 00       		.ascii	"\000"
 208 0054 00000000 		.ascii	"\000\000\000\000\000\000\000\000"
 208      00000000 
 209 005c B8000000 		.ascii	"\270\000\000\000"
 210 0060 49444143 		.ascii	"IDAC_OUT_ReadDataReg\000"
 210      5F4F5554 
 210      5F526561 
 210      64446174 
 210      61526567 
 211 0075 00       		.ascii	"\000"
 212 0076 00       		.ascii	"\000"
 213 0077 00       		.ascii	"\000"
 214 0078 00000000 		.ascii	"\000\000\000\000\000\000\000\000"
 214      00000000 
 215 0080 BA000000 		.ascii	"\272\000\000\000"
 216              		.text
 217              		.section	.gnu.lto_.opts,"",%progbits
 218 0000 272D666D 		.ascii	"'-fmath-errno' '-fsigned-zeros' '-ftrapping-math' '"
 218      6174682D 
 218      6572726E 
 218      6F272027 
 218      2D667369 
 219 0033 2D666E6F 		.ascii	"-fno-trapv' '-fno-openmp' '-fno-openacc' '-mcpu=cor"
 219      2D747261 
 219      70762720 
 219      272D666E 
 219      6F2D6F70 
 220 0066 7465782D 		.ascii	"tex-m3' '-mthumb' '-g' '-O3' '-ffunction-sections' "
 220      6D332720 
 220      272D6D74 
 220      68756D62 
 220      2720272D 
 221 0099 272D6666 		.ascii	"'-ffat-lto-objects' '-finline-functions' '-flto'\000"
 221      61742D6C 
 221      746F2D6F 
 221      626A6563 
 221      74732720 
 222              		.text
 223              		.cfi_sections	.debug_frame
 224              		.section	.text.IDAC_OUT_Write,"ax",%progbits
 225              		.align	2
ARM GAS  C:\Users\JEFFSN~1\AppData\Local\Temp\cc8ddSxU.s 			page 15


 226              		.global	IDAC_OUT_Write
 227              		.thumb
 228              		.thumb_func
 229              		.type	IDAC_OUT_Write, %function
 230              	IDAC_OUT_Write:
 231              	.LFB0:
 232              		.file 1 "Generated_Source\\PSoC5\\IDAC_OUT.c"
   1:Generated_Source\PSoC5/IDAC_OUT.c **** /*******************************************************************************
   2:Generated_Source\PSoC5/IDAC_OUT.c **** * File Name: IDAC_OUT.c  
   3:Generated_Source\PSoC5/IDAC_OUT.c **** * Version 2.20
   4:Generated_Source\PSoC5/IDAC_OUT.c **** *
   5:Generated_Source\PSoC5/IDAC_OUT.c **** * Description:
   6:Generated_Source\PSoC5/IDAC_OUT.c **** *  This file contains API to enable firmware control of a Pins component.
   7:Generated_Source\PSoC5/IDAC_OUT.c **** *
   8:Generated_Source\PSoC5/IDAC_OUT.c **** * Note:
   9:Generated_Source\PSoC5/IDAC_OUT.c **** *
  10:Generated_Source\PSoC5/IDAC_OUT.c **** ********************************************************************************
  11:Generated_Source\PSoC5/IDAC_OUT.c **** * Copyright 2008-2015, Cypress Semiconductor Corporation.  All rights reserved.
  12:Generated_Source\PSoC5/IDAC_OUT.c **** * You may use this file only in accordance with the license, terms, conditions, 
  13:Generated_Source\PSoC5/IDAC_OUT.c **** * disclaimers, and limitations in the end user license agreement accompanying 
  14:Generated_Source\PSoC5/IDAC_OUT.c **** * the software package with which this file was provided.
  15:Generated_Source\PSoC5/IDAC_OUT.c **** *******************************************************************************/
  16:Generated_Source\PSoC5/IDAC_OUT.c **** 
  17:Generated_Source\PSoC5/IDAC_OUT.c **** #include "cytypes.h"
  18:Generated_Source\PSoC5/IDAC_OUT.c **** #include "IDAC_OUT.h"
  19:Generated_Source\PSoC5/IDAC_OUT.c **** 
  20:Generated_Source\PSoC5/IDAC_OUT.c **** /* APIs are not generated for P15[7:6] on PSoC 5 */
  21:Generated_Source\PSoC5/IDAC_OUT.c **** #if !(CY_PSOC5A &&\
  22:Generated_Source\PSoC5/IDAC_OUT.c **** 	 IDAC_OUT__PORT == 15 && ((IDAC_OUT__MASK & 0xC0) != 0))
  23:Generated_Source\PSoC5/IDAC_OUT.c **** 
  24:Generated_Source\PSoC5/IDAC_OUT.c **** 
  25:Generated_Source\PSoC5/IDAC_OUT.c **** /*******************************************************************************
  26:Generated_Source\PSoC5/IDAC_OUT.c **** * Function Name: IDAC_OUT_Write
  27:Generated_Source\PSoC5/IDAC_OUT.c **** ****************************************************************************//**
  28:Generated_Source\PSoC5/IDAC_OUT.c **** *
  29:Generated_Source\PSoC5/IDAC_OUT.c **** * \brief Writes the value to the physical port (data output register), masking
  30:Generated_Source\PSoC5/IDAC_OUT.c **** *  and shifting the bits appropriately. 
  31:Generated_Source\PSoC5/IDAC_OUT.c **** *
  32:Generated_Source\PSoC5/IDAC_OUT.c **** * The data output register controls the signal applied to the physical pin in 
  33:Generated_Source\PSoC5/IDAC_OUT.c **** * conjunction with the drive mode parameter. This function avoids changing 
  34:Generated_Source\PSoC5/IDAC_OUT.c **** * other bits in the port by using the appropriate method (read-modify-write or
  35:Generated_Source\PSoC5/IDAC_OUT.c **** * bit banding).
  36:Generated_Source\PSoC5/IDAC_OUT.c **** *
  37:Generated_Source\PSoC5/IDAC_OUT.c **** * <b>Note</b> This function should not be used on a hardware digital output pin 
  38:Generated_Source\PSoC5/IDAC_OUT.c **** * as it is driven by the hardware signal attached to it.
  39:Generated_Source\PSoC5/IDAC_OUT.c **** *
  40:Generated_Source\PSoC5/IDAC_OUT.c **** * \param value
  41:Generated_Source\PSoC5/IDAC_OUT.c **** *  Value to write to the component instance.
  42:Generated_Source\PSoC5/IDAC_OUT.c **** *
  43:Generated_Source\PSoC5/IDAC_OUT.c **** * \return 
  44:Generated_Source\PSoC5/IDAC_OUT.c **** *  None 
  45:Generated_Source\PSoC5/IDAC_OUT.c **** *
  46:Generated_Source\PSoC5/IDAC_OUT.c **** * \sideeffect
  47:Generated_Source\PSoC5/IDAC_OUT.c **** *  If you use read-modify-write operations that are not atomic; the Interrupt 
  48:Generated_Source\PSoC5/IDAC_OUT.c **** *  Service Routines (ISR) can cause corruption of this function. An ISR that 
  49:Generated_Source\PSoC5/IDAC_OUT.c **** *  interrupts this function and performs writes to the Pins component data 
  50:Generated_Source\PSoC5/IDAC_OUT.c **** *  register can cause corrupted port data. To avoid this issue, you should 
ARM GAS  C:\Users\JEFFSN~1\AppData\Local\Temp\cc8ddSxU.s 			page 16


  51:Generated_Source\PSoC5/IDAC_OUT.c **** *  either use the Per-Pin APIs (primary method) or disable interrupts around 
  52:Generated_Source\PSoC5/IDAC_OUT.c **** *  this function.
  53:Generated_Source\PSoC5/IDAC_OUT.c **** *
  54:Generated_Source\PSoC5/IDAC_OUT.c **** * \funcusage
  55:Generated_Source\PSoC5/IDAC_OUT.c **** *  \snippet IDAC_OUT_SUT.c usage_IDAC_OUT_Write
  56:Generated_Source\PSoC5/IDAC_OUT.c **** *******************************************************************************/
  57:Generated_Source\PSoC5/IDAC_OUT.c **** void IDAC_OUT_Write(uint8 value)
  58:Generated_Source\PSoC5/IDAC_OUT.c **** {
 233              		.loc 1 58 0
 234              		.cfi_startproc
 235              		@ args = 0, pretend = 0, frame = 0
 236              		@ frame_needed = 0, uses_anonymous_args = 0
 237              		@ link register save eliminated.
 238              	.LVL0:
  59:Generated_Source\PSoC5/IDAC_OUT.c ****     uint8 staticBits = (IDAC_OUT_DR & (uint8)(~IDAC_OUT_MASK));
 239              		.loc 1 59 0
 240 0000 044A     		ldr	r2, .L2
 241 0002 1378     		ldrb	r3, [r2]	@ zero_extendqisi2
 242              	.LVL1:
  60:Generated_Source\PSoC5/IDAC_OUT.c ****     IDAC_OUT_DR = staticBits | ((uint8)(value << IDAC_OUT_SHIFT) & IDAC_OUT_MASK);
 243              		.loc 1 60 0
 244 0004 03F07F03 		and	r3, r3, #127
 245              	.LVL2:
 246 0008 43EAC010 		orr	r0, r3, r0, lsl #7
 247              	.LVL3:
 248 000c C0B2     		uxtb	r0, r0
 249 000e 1070     		strb	r0, [r2]
 250 0010 7047     		bx	lr
 251              	.L3:
 252 0012 00BF     		.align	2
 253              	.L2:
 254 0014 00510040 		.word	1073762560
 255              		.cfi_endproc
 256              	.LFE0:
 257              		.size	IDAC_OUT_Write, .-IDAC_OUT_Write
 258              		.section	.text.IDAC_OUT_SetDriveMode,"ax",%progbits
 259              		.align	2
 260              		.global	IDAC_OUT_SetDriveMode
 261              		.thumb
 262              		.thumb_func
 263              		.type	IDAC_OUT_SetDriveMode, %function
 264              	IDAC_OUT_SetDriveMode:
 265              	.LFB1:
  61:Generated_Source\PSoC5/IDAC_OUT.c **** }
  62:Generated_Source\PSoC5/IDAC_OUT.c **** 
  63:Generated_Source\PSoC5/IDAC_OUT.c **** 
  64:Generated_Source\PSoC5/IDAC_OUT.c **** /*******************************************************************************
  65:Generated_Source\PSoC5/IDAC_OUT.c **** * Function Name: IDAC_OUT_SetDriveMode
  66:Generated_Source\PSoC5/IDAC_OUT.c **** ****************************************************************************//**
  67:Generated_Source\PSoC5/IDAC_OUT.c **** *
  68:Generated_Source\PSoC5/IDAC_OUT.c **** * \brief Sets the drive mode for each of the Pins component's pins.
  69:Generated_Source\PSoC5/IDAC_OUT.c **** * 
  70:Generated_Source\PSoC5/IDAC_OUT.c **** * <b>Note</b> This affects all pins in the Pins component instance. Use the
  71:Generated_Source\PSoC5/IDAC_OUT.c **** * Per-Pin APIs if you wish to control individual pin's drive modes.
  72:Generated_Source\PSoC5/IDAC_OUT.c **** *
  73:Generated_Source\PSoC5/IDAC_OUT.c **** * \param mode
  74:Generated_Source\PSoC5/IDAC_OUT.c **** *  Mode for the selected signals. Valid options are documented in 
ARM GAS  C:\Users\JEFFSN~1\AppData\Local\Temp\cc8ddSxU.s 			page 17


  75:Generated_Source\PSoC5/IDAC_OUT.c **** *  \ref driveMode.
  76:Generated_Source\PSoC5/IDAC_OUT.c **** *
  77:Generated_Source\PSoC5/IDAC_OUT.c **** * \return
  78:Generated_Source\PSoC5/IDAC_OUT.c **** *  None
  79:Generated_Source\PSoC5/IDAC_OUT.c **** *
  80:Generated_Source\PSoC5/IDAC_OUT.c **** * \sideeffect
  81:Generated_Source\PSoC5/IDAC_OUT.c **** *  If you use read-modify-write operations that are not atomic, the ISR can
  82:Generated_Source\PSoC5/IDAC_OUT.c **** *  cause corruption of this function. An ISR that interrupts this function 
  83:Generated_Source\PSoC5/IDAC_OUT.c **** *  and performs writes to the Pins component Drive Mode registers can cause 
  84:Generated_Source\PSoC5/IDAC_OUT.c **** *  corrupted port data. To avoid this issue, you should either use the Per-Pin
  85:Generated_Source\PSoC5/IDAC_OUT.c **** *  APIs (primary method) or disable interrupts around this function.
  86:Generated_Source\PSoC5/IDAC_OUT.c **** *
  87:Generated_Source\PSoC5/IDAC_OUT.c **** * \funcusage
  88:Generated_Source\PSoC5/IDAC_OUT.c **** *  \snippet IDAC_OUT_SUT.c usage_IDAC_OUT_SetDriveMode
  89:Generated_Source\PSoC5/IDAC_OUT.c **** *******************************************************************************/
  90:Generated_Source\PSoC5/IDAC_OUT.c **** void IDAC_OUT_SetDriveMode(uint8 mode)
  91:Generated_Source\PSoC5/IDAC_OUT.c **** {
 266              		.loc 1 91 0
 267              		.cfi_startproc
 268              		@ args = 0, pretend = 0, frame = 0
 269              		@ frame_needed = 0, uses_anonymous_args = 0
 270              		@ link register save eliminated.
 271              	.LVL4:
  92:Generated_Source\PSoC5/IDAC_OUT.c **** 	CyPins_SetPinDriveMode(IDAC_OUT_0, mode);
 272              		.loc 1 92 0
 273 0000 044A     		ldr	r2, .L5
 274 0002 00F00E00 		and	r0, r0, #14
 275              	.LVL5:
 276 0006 1378     		ldrb	r3, [r2]	@ zero_extendqisi2
 277 0008 03F0F103 		and	r3, r3, #241
 278 000c 1843     		orrs	r0, r0, r3
 279 000e 1070     		strb	r0, [r2]
 280 0010 7047     		bx	lr
 281              	.L6:
 282 0012 00BF     		.align	2
 283              	.L5:
 284 0014 07500040 		.word	1073762311
 285              		.cfi_endproc
 286              	.LFE1:
 287              		.size	IDAC_OUT_SetDriveMode, .-IDAC_OUT_SetDriveMode
 288              		.section	.text.IDAC_OUT_Read,"ax",%progbits
 289              		.align	2
 290              		.global	IDAC_OUT_Read
 291              		.thumb
 292              		.thumb_func
 293              		.type	IDAC_OUT_Read, %function
 294              	IDAC_OUT_Read:
 295              	.LFB2:
  93:Generated_Source\PSoC5/IDAC_OUT.c **** }
  94:Generated_Source\PSoC5/IDAC_OUT.c **** 
  95:Generated_Source\PSoC5/IDAC_OUT.c **** 
  96:Generated_Source\PSoC5/IDAC_OUT.c **** /*******************************************************************************
  97:Generated_Source\PSoC5/IDAC_OUT.c **** * Function Name: IDAC_OUT_Read
  98:Generated_Source\PSoC5/IDAC_OUT.c **** ****************************************************************************//**
  99:Generated_Source\PSoC5/IDAC_OUT.c **** *
 100:Generated_Source\PSoC5/IDAC_OUT.c **** * \brief Reads the associated physical port (pin status register) and masks 
 101:Generated_Source\PSoC5/IDAC_OUT.c **** *  the required bits according to the width and bit position of the component
ARM GAS  C:\Users\JEFFSN~1\AppData\Local\Temp\cc8ddSxU.s 			page 18


 102:Generated_Source\PSoC5/IDAC_OUT.c **** *  instance. 
 103:Generated_Source\PSoC5/IDAC_OUT.c **** *
 104:Generated_Source\PSoC5/IDAC_OUT.c **** * The pin's status register returns the current logic level present on the 
 105:Generated_Source\PSoC5/IDAC_OUT.c **** * physical pin.
 106:Generated_Source\PSoC5/IDAC_OUT.c **** *
 107:Generated_Source\PSoC5/IDAC_OUT.c **** * \return 
 108:Generated_Source\PSoC5/IDAC_OUT.c **** *  The current value for the pins in the component as a right justified number.
 109:Generated_Source\PSoC5/IDAC_OUT.c **** *
 110:Generated_Source\PSoC5/IDAC_OUT.c **** * \funcusage
 111:Generated_Source\PSoC5/IDAC_OUT.c **** *  \snippet IDAC_OUT_SUT.c usage_IDAC_OUT_Read  
 112:Generated_Source\PSoC5/IDAC_OUT.c **** *******************************************************************************/
 113:Generated_Source\PSoC5/IDAC_OUT.c **** uint8 IDAC_OUT_Read(void)
 114:Generated_Source\PSoC5/IDAC_OUT.c **** {
 296              		.loc 1 114 0
 297              		.cfi_startproc
 298              		@ args = 0, pretend = 0, frame = 0
 299              		@ frame_needed = 0, uses_anonymous_args = 0
 300              		@ link register save eliminated.
 115:Generated_Source\PSoC5/IDAC_OUT.c ****     return (IDAC_OUT_PS & IDAC_OUT_MASK) >> IDAC_OUT_SHIFT;
 301              		.loc 1 115 0
 302 0000 014B     		ldr	r3, .L8
 303 0002 1878     		ldrb	r0, [r3]	@ zero_extendqisi2
 116:Generated_Source\PSoC5/IDAC_OUT.c **** }
 304              		.loc 1 116 0
 305 0004 C009     		lsrs	r0, r0, #7
 306 0006 7047     		bx	lr
 307              	.L9:
 308              		.align	2
 309              	.L8:
 310 0008 01510040 		.word	1073762561
 311              		.cfi_endproc
 312              	.LFE2:
 313              		.size	IDAC_OUT_Read, .-IDAC_OUT_Read
 314              		.section	.text.IDAC_OUT_ReadDataReg,"ax",%progbits
 315              		.align	2
 316              		.global	IDAC_OUT_ReadDataReg
 317              		.thumb
 318              		.thumb_func
 319              		.type	IDAC_OUT_ReadDataReg, %function
 320              	IDAC_OUT_ReadDataReg:
 321              	.LFB3:
 117:Generated_Source\PSoC5/IDAC_OUT.c **** 
 118:Generated_Source\PSoC5/IDAC_OUT.c **** 
 119:Generated_Source\PSoC5/IDAC_OUT.c **** /*******************************************************************************
 120:Generated_Source\PSoC5/IDAC_OUT.c **** * Function Name: IDAC_OUT_ReadDataReg
 121:Generated_Source\PSoC5/IDAC_OUT.c **** ****************************************************************************//**
 122:Generated_Source\PSoC5/IDAC_OUT.c **** *
 123:Generated_Source\PSoC5/IDAC_OUT.c **** * \brief Reads the associated physical port's data output register and masks 
 124:Generated_Source\PSoC5/IDAC_OUT.c **** *  the correct bits according to the width and bit position of the component 
 125:Generated_Source\PSoC5/IDAC_OUT.c **** *  instance. 
 126:Generated_Source\PSoC5/IDAC_OUT.c **** *
 127:Generated_Source\PSoC5/IDAC_OUT.c **** * The data output register controls the signal applied to the physical pin in 
 128:Generated_Source\PSoC5/IDAC_OUT.c **** * conjunction with the drive mode parameter. This is not the same as the 
 129:Generated_Source\PSoC5/IDAC_OUT.c **** * preferred IDAC_OUT_Read() API because the 
 130:Generated_Source\PSoC5/IDAC_OUT.c **** * IDAC_OUT_ReadDataReg() reads the data register instead of the status 
 131:Generated_Source\PSoC5/IDAC_OUT.c **** * register. For output pins this is a useful function to determine the value 
 132:Generated_Source\PSoC5/IDAC_OUT.c **** * just written to the pin.
ARM GAS  C:\Users\JEFFSN~1\AppData\Local\Temp\cc8ddSxU.s 			page 19


 133:Generated_Source\PSoC5/IDAC_OUT.c **** *
 134:Generated_Source\PSoC5/IDAC_OUT.c **** * \return 
 135:Generated_Source\PSoC5/IDAC_OUT.c **** *  The current value of the data register masked and shifted into a right 
 136:Generated_Source\PSoC5/IDAC_OUT.c **** *  justified number for the component instance.
 137:Generated_Source\PSoC5/IDAC_OUT.c **** *
 138:Generated_Source\PSoC5/IDAC_OUT.c **** * \funcusage
 139:Generated_Source\PSoC5/IDAC_OUT.c **** *  \snippet IDAC_OUT_SUT.c usage_IDAC_OUT_ReadDataReg 
 140:Generated_Source\PSoC5/IDAC_OUT.c **** *******************************************************************************/
 141:Generated_Source\PSoC5/IDAC_OUT.c **** uint8 IDAC_OUT_ReadDataReg(void)
 142:Generated_Source\PSoC5/IDAC_OUT.c **** {
 322              		.loc 1 142 0
 323              		.cfi_startproc
 324              		@ args = 0, pretend = 0, frame = 0
 325              		@ frame_needed = 0, uses_anonymous_args = 0
 326              		@ link register save eliminated.
 143:Generated_Source\PSoC5/IDAC_OUT.c ****     return (IDAC_OUT_DR & IDAC_OUT_MASK) >> IDAC_OUT_SHIFT;
 327              		.loc 1 143 0
 328 0000 014B     		ldr	r3, .L11
 329 0002 1878     		ldrb	r0, [r3]	@ zero_extendqisi2
 144:Generated_Source\PSoC5/IDAC_OUT.c **** }
 330              		.loc 1 144 0
 331 0004 C009     		lsrs	r0, r0, #7
 332 0006 7047     		bx	lr
 333              	.L12:
 334              		.align	2
 335              	.L11:
 336 0008 00510040 		.word	1073762560
 337              		.cfi_endproc
 338              	.LFE3:
 339              		.size	IDAC_OUT_ReadDataReg, .-IDAC_OUT_ReadDataReg
 340              		.text
 341              	.Letext0:
 342              		.file 2 "Generated_Source\\PSoC5\\cytypes.h"
 343              		.section	.debug_info,"",%progbits
 344              	.Ldebug_info0:
 345 0000 1D010000 		.4byte	0x11d
 346 0004 0400     		.2byte	0x4
 347 0006 00000000 		.4byte	.Ldebug_abbrev0
 348 000a 04       		.byte	0x4
 349 000b 01       		.uleb128 0x1
 350 000c 42000000 		.4byte	.LASF20
 351 0010 0C       		.byte	0xc
 352 0011 0E010000 		.4byte	.LASF21
 353 0015 78010000 		.4byte	.LASF22
 354 0019 00000000 		.4byte	.Ldebug_ranges0+0
 355 001d 00000000 		.4byte	0
 356 0021 00000000 		.4byte	.Ldebug_line0
 357 0025 02       		.uleb128 0x2
 358 0026 01       		.byte	0x1
 359 0027 06       		.byte	0x6
 360 0028 16020000 		.4byte	.LASF0
 361 002c 02       		.uleb128 0x2
 362 002d 01       		.byte	0x1
 363 002e 08       		.byte	0x8
 364 002f 34000000 		.4byte	.LASF1
 365 0033 02       		.uleb128 0x2
 366 0034 02       		.byte	0x2
ARM GAS  C:\Users\JEFFSN~1\AppData\Local\Temp\cc8ddSxU.s 			page 20


 367 0035 05       		.byte	0x5
 368 0036 FD010000 		.4byte	.LASF2
 369 003a 02       		.uleb128 0x2
 370 003b 02       		.byte	0x2
 371 003c 07       		.byte	0x7
 372 003d FB000000 		.4byte	.LASF3
 373 0041 02       		.uleb128 0x2
 374 0042 04       		.byte	0x4
 375 0043 05       		.byte	0x5
 376 0044 0D020000 		.4byte	.LASF4
 377 0048 02       		.uleb128 0x2
 378 0049 04       		.byte	0x4
 379 004a 07       		.byte	0x7
 380 004b E9000000 		.4byte	.LASF5
 381 004f 02       		.uleb128 0x2
 382 0050 08       		.byte	0x8
 383 0051 05       		.byte	0x5
 384 0052 65010000 		.4byte	.LASF6
 385 0056 02       		.uleb128 0x2
 386 0057 08       		.byte	0x8
 387 0058 07       		.byte	0x7
 388 0059 44010000 		.4byte	.LASF7
 389 005d 03       		.uleb128 0x3
 390 005e 04       		.byte	0x4
 391 005f 05       		.byte	0x5
 392 0060 696E7400 		.ascii	"int\000"
 393 0064 02       		.uleb128 0x2
 394 0065 04       		.byte	0x4
 395 0066 07       		.byte	0x7
 396 0067 37010000 		.4byte	.LASF8
 397 006b 04       		.uleb128 0x4
 398 006c 07020000 		.4byte	.LASF12
 399 0070 02       		.byte	0x2
 400 0071 E401     		.2byte	0x1e4
 401 0073 2C000000 		.4byte	0x2c
 402 0077 02       		.uleb128 0x2
 403 0078 04       		.byte	0x4
 404 0079 04       		.byte	0x4
 405 007a 2E000000 		.4byte	.LASF9
 406 007e 02       		.uleb128 0x2
 407 007f 08       		.byte	0x8
 408 0080 04       		.byte	0x4
 409 0081 30010000 		.4byte	.LASF10
 410 0085 02       		.uleb128 0x2
 411 0086 01       		.byte	0x1
 412 0087 08       		.byte	0x8
 413 0088 73010000 		.4byte	.LASF11
 414 008c 04       		.uleb128 0x4
 415 008d 60010000 		.4byte	.LASF13
 416 0091 02       		.byte	0x2
 417 0092 8E02     		.2byte	0x28e
 418 0094 98000000 		.4byte	0x98
 419 0098 05       		.uleb128 0x5
 420 0099 6B000000 		.4byte	0x6b
 421 009d 06       		.uleb128 0x6
 422 009e 00000000 		.4byte	.LASF14
 423 00a2 01       		.byte	0x1
ARM GAS  C:\Users\JEFFSN~1\AppData\Local\Temp\cc8ddSxU.s 			page 21


 424 00a3 39       		.byte	0x39
 425 00a4 00000000 		.4byte	.LFB0
 426 00a8 18000000 		.4byte	.LFE0-.LFB0
 427 00ac 01       		.uleb128 0x1
 428 00ad 9C       		.byte	0x9c
 429 00ae D1000000 		.4byte	0xd1
 430 00b2 07       		.uleb128 0x7
 431 00b3 0F000000 		.4byte	.LASF16
 432 00b7 01       		.byte	0x1
 433 00b8 39       		.byte	0x39
 434 00b9 6B000000 		.4byte	0x6b
 435 00bd 00000000 		.4byte	.LLST0
 436 00c1 08       		.uleb128 0x8
 437 00c2 15000000 		.4byte	.LASF23
 438 00c6 01       		.byte	0x1
 439 00c7 3B       		.byte	0x3b
 440 00c8 6B000000 		.4byte	0x6b
 441 00cc 21000000 		.4byte	.LLST1
 442 00d0 00       		.byte	0
 443 00d1 06       		.uleb128 0x6
 444 00d2 E7010000 		.4byte	.LASF15
 445 00d6 01       		.byte	0x1
 446 00d7 5A       		.byte	0x5a
 447 00d8 00000000 		.4byte	.LFB1
 448 00dc 18000000 		.4byte	.LFE1-.LFB1
 449 00e0 01       		.uleb128 0x1
 450 00e1 9C       		.byte	0x9c
 451 00e2 F6000000 		.4byte	0xf6
 452 00e6 07       		.uleb128 0x7
 453 00e7 5B010000 		.4byte	.LASF17
 454 00eb 01       		.byte	0x1
 455 00ec 5A       		.byte	0x5a
 456 00ed 6B000000 		.4byte	0x6b
 457 00f1 39000000 		.4byte	.LLST2
 458 00f5 00       		.byte	0
 459 00f6 09       		.uleb128 0x9
 460 00f7 20000000 		.4byte	.LASF18
 461 00fb 01       		.byte	0x1
 462 00fc 71       		.byte	0x71
 463 00fd 6B000000 		.4byte	0x6b
 464 0101 00000000 		.4byte	.LFB2
 465 0105 0C000000 		.4byte	.LFE2-.LFB2
 466 0109 01       		.uleb128 0x1
 467 010a 9C       		.byte	0x9c
 468 010b 09       		.uleb128 0x9
 469 010c 22020000 		.4byte	.LASF19
 470 0110 01       		.byte	0x1
 471 0111 8D       		.byte	0x8d
 472 0112 6B000000 		.4byte	0x6b
 473 0116 00000000 		.4byte	.LFB3
 474 011a 0C000000 		.4byte	.LFE3-.LFB3
 475 011e 01       		.uleb128 0x1
 476 011f 9C       		.byte	0x9c
 477 0120 00       		.byte	0
 478              		.section	.debug_abbrev,"",%progbits
 479              	.Ldebug_abbrev0:
 480 0000 01       		.uleb128 0x1
ARM GAS  C:\Users\JEFFSN~1\AppData\Local\Temp\cc8ddSxU.s 			page 22


 481 0001 11       		.uleb128 0x11
 482 0002 01       		.byte	0x1
 483 0003 25       		.uleb128 0x25
 484 0004 0E       		.uleb128 0xe
 485 0005 13       		.uleb128 0x13
 486 0006 0B       		.uleb128 0xb
 487 0007 03       		.uleb128 0x3
 488 0008 0E       		.uleb128 0xe
 489 0009 1B       		.uleb128 0x1b
 490 000a 0E       		.uleb128 0xe
 491 000b 55       		.uleb128 0x55
 492 000c 17       		.uleb128 0x17
 493 000d 11       		.uleb128 0x11
 494 000e 01       		.uleb128 0x1
 495 000f 10       		.uleb128 0x10
 496 0010 17       		.uleb128 0x17
 497 0011 00       		.byte	0
 498 0012 00       		.byte	0
 499 0013 02       		.uleb128 0x2
 500 0014 24       		.uleb128 0x24
 501 0015 00       		.byte	0
 502 0016 0B       		.uleb128 0xb
 503 0017 0B       		.uleb128 0xb
 504 0018 3E       		.uleb128 0x3e
 505 0019 0B       		.uleb128 0xb
 506 001a 03       		.uleb128 0x3
 507 001b 0E       		.uleb128 0xe
 508 001c 00       		.byte	0
 509 001d 00       		.byte	0
 510 001e 03       		.uleb128 0x3
 511 001f 24       		.uleb128 0x24
 512 0020 00       		.byte	0
 513 0021 0B       		.uleb128 0xb
 514 0022 0B       		.uleb128 0xb
 515 0023 3E       		.uleb128 0x3e
 516 0024 0B       		.uleb128 0xb
 517 0025 03       		.uleb128 0x3
 518 0026 08       		.uleb128 0x8
 519 0027 00       		.byte	0
 520 0028 00       		.byte	0
 521 0029 04       		.uleb128 0x4
 522 002a 16       		.uleb128 0x16
 523 002b 00       		.byte	0
 524 002c 03       		.uleb128 0x3
 525 002d 0E       		.uleb128 0xe
 526 002e 3A       		.uleb128 0x3a
 527 002f 0B       		.uleb128 0xb
 528 0030 3B       		.uleb128 0x3b
 529 0031 05       		.uleb128 0x5
 530 0032 49       		.uleb128 0x49
 531 0033 13       		.uleb128 0x13
 532 0034 00       		.byte	0
 533 0035 00       		.byte	0
 534 0036 05       		.uleb128 0x5
 535 0037 35       		.uleb128 0x35
 536 0038 00       		.byte	0
 537 0039 49       		.uleb128 0x49
ARM GAS  C:\Users\JEFFSN~1\AppData\Local\Temp\cc8ddSxU.s 			page 23


 538 003a 13       		.uleb128 0x13
 539 003b 00       		.byte	0
 540 003c 00       		.byte	0
 541 003d 06       		.uleb128 0x6
 542 003e 2E       		.uleb128 0x2e
 543 003f 01       		.byte	0x1
 544 0040 3F       		.uleb128 0x3f
 545 0041 19       		.uleb128 0x19
 546 0042 03       		.uleb128 0x3
 547 0043 0E       		.uleb128 0xe
 548 0044 3A       		.uleb128 0x3a
 549 0045 0B       		.uleb128 0xb
 550 0046 3B       		.uleb128 0x3b
 551 0047 0B       		.uleb128 0xb
 552 0048 27       		.uleb128 0x27
 553 0049 19       		.uleb128 0x19
 554 004a 11       		.uleb128 0x11
 555 004b 01       		.uleb128 0x1
 556 004c 12       		.uleb128 0x12
 557 004d 06       		.uleb128 0x6
 558 004e 40       		.uleb128 0x40
 559 004f 18       		.uleb128 0x18
 560 0050 9742     		.uleb128 0x2117
 561 0052 19       		.uleb128 0x19
 562 0053 01       		.uleb128 0x1
 563 0054 13       		.uleb128 0x13
 564 0055 00       		.byte	0
 565 0056 00       		.byte	0
 566 0057 07       		.uleb128 0x7
 567 0058 05       		.uleb128 0x5
 568 0059 00       		.byte	0
 569 005a 03       		.uleb128 0x3
 570 005b 0E       		.uleb128 0xe
 571 005c 3A       		.uleb128 0x3a
 572 005d 0B       		.uleb128 0xb
 573 005e 3B       		.uleb128 0x3b
 574 005f 0B       		.uleb128 0xb
 575 0060 49       		.uleb128 0x49
 576 0061 13       		.uleb128 0x13
 577 0062 02       		.uleb128 0x2
 578 0063 17       		.uleb128 0x17
 579 0064 00       		.byte	0
 580 0065 00       		.byte	0
 581 0066 08       		.uleb128 0x8
 582 0067 34       		.uleb128 0x34
 583 0068 00       		.byte	0
 584 0069 03       		.uleb128 0x3
 585 006a 0E       		.uleb128 0xe
 586 006b 3A       		.uleb128 0x3a
 587 006c 0B       		.uleb128 0xb
 588 006d 3B       		.uleb128 0x3b
 589 006e 0B       		.uleb128 0xb
 590 006f 49       		.uleb128 0x49
 591 0070 13       		.uleb128 0x13
 592 0071 02       		.uleb128 0x2
 593 0072 17       		.uleb128 0x17
 594 0073 00       		.byte	0
ARM GAS  C:\Users\JEFFSN~1\AppData\Local\Temp\cc8ddSxU.s 			page 24


 595 0074 00       		.byte	0
 596 0075 09       		.uleb128 0x9
 597 0076 2E       		.uleb128 0x2e
 598 0077 00       		.byte	0
 599 0078 3F       		.uleb128 0x3f
 600 0079 19       		.uleb128 0x19
 601 007a 03       		.uleb128 0x3
 602 007b 0E       		.uleb128 0xe
 603 007c 3A       		.uleb128 0x3a
 604 007d 0B       		.uleb128 0xb
 605 007e 3B       		.uleb128 0x3b
 606 007f 0B       		.uleb128 0xb
 607 0080 27       		.uleb128 0x27
 608 0081 19       		.uleb128 0x19
 609 0082 49       		.uleb128 0x49
 610 0083 13       		.uleb128 0x13
 611 0084 11       		.uleb128 0x11
 612 0085 01       		.uleb128 0x1
 613 0086 12       		.uleb128 0x12
 614 0087 06       		.uleb128 0x6
 615 0088 40       		.uleb128 0x40
 616 0089 18       		.uleb128 0x18
 617 008a 9742     		.uleb128 0x2117
 618 008c 19       		.uleb128 0x19
 619 008d 00       		.byte	0
 620 008e 00       		.byte	0
 621 008f 00       		.byte	0
 622              		.section	.debug_loc,"",%progbits
 623              	.Ldebug_loc0:
 624              	.LLST0:
 625 0000 00000000 		.4byte	.LVL0
 626 0004 0C000000 		.4byte	.LVL3
 627 0008 0100     		.2byte	0x1
 628 000a 50       		.byte	0x50
 629 000b 0C000000 		.4byte	.LVL3
 630 000f 18000000 		.4byte	.LFE0
 631 0013 0400     		.2byte	0x4
 632 0015 F3       		.byte	0xf3
 633 0016 01       		.uleb128 0x1
 634 0017 50       		.byte	0x50
 635 0018 9F       		.byte	0x9f
 636 0019 00000000 		.4byte	0
 637 001d 00000000 		.4byte	0
 638              	.LLST1:
 639 0021 04000000 		.4byte	.LVL1
 640 0025 08000000 		.4byte	.LVL2
 641 0029 0600     		.2byte	0x6
 642 002b 73       		.byte	0x73
 643 002c 00       		.sleb128 0
 644 002d 08       		.byte	0x8
 645 002e 7F       		.byte	0x7f
 646 002f 1A       		.byte	0x1a
 647 0030 9F       		.byte	0x9f
 648 0031 00000000 		.4byte	0
 649 0035 00000000 		.4byte	0
 650              	.LLST2:
 651 0039 00000000 		.4byte	.LVL4
ARM GAS  C:\Users\JEFFSN~1\AppData\Local\Temp\cc8ddSxU.s 			page 25


 652 003d 06000000 		.4byte	.LVL5
 653 0041 0100     		.2byte	0x1
 654 0043 50       		.byte	0x50
 655 0044 06000000 		.4byte	.LVL5
 656 0048 18000000 		.4byte	.LFE1
 657 004c 0400     		.2byte	0x4
 658 004e F3       		.byte	0xf3
 659 004f 01       		.uleb128 0x1
 660 0050 50       		.byte	0x50
 661 0051 9F       		.byte	0x9f
 662 0052 00000000 		.4byte	0
 663 0056 00000000 		.4byte	0
 664              		.section	.debug_aranges,"",%progbits
 665 0000 34000000 		.4byte	0x34
 666 0004 0200     		.2byte	0x2
 667 0006 00000000 		.4byte	.Ldebug_info0
 668 000a 04       		.byte	0x4
 669 000b 00       		.byte	0
 670 000c 0000     		.2byte	0
 671 000e 0000     		.2byte	0
 672 0010 00000000 		.4byte	.LFB0
 673 0014 18000000 		.4byte	.LFE0-.LFB0
 674 0018 00000000 		.4byte	.LFB1
 675 001c 18000000 		.4byte	.LFE1-.LFB1
 676 0020 00000000 		.4byte	.LFB2
 677 0024 0C000000 		.4byte	.LFE2-.LFB2
 678 0028 00000000 		.4byte	.LFB3
 679 002c 0C000000 		.4byte	.LFE3-.LFB3
 680 0030 00000000 		.4byte	0
 681 0034 00000000 		.4byte	0
 682              		.section	.debug_ranges,"",%progbits
 683              	.Ldebug_ranges0:
 684 0000 00000000 		.4byte	.LFB0
 685 0004 18000000 		.4byte	.LFE0
 686 0008 00000000 		.4byte	.LFB1
 687 000c 18000000 		.4byte	.LFE1
 688 0010 00000000 		.4byte	.LFB2
 689 0014 0C000000 		.4byte	.LFE2
 690 0018 00000000 		.4byte	.LFB3
 691 001c 0C000000 		.4byte	.LFE3
 692 0020 00000000 		.4byte	0
 693 0024 00000000 		.4byte	0
 694              		.section	.debug_line,"",%progbits
 695              	.Ldebug_line0:
 696 0000 91000000 		.section	.debug_str,"MS",%progbits,1
 696      02004500 
 696      00000201 
 696      FB0E0D00 
 696      01010101 
 697              	.LASF14:
 698 0000 49444143 		.ascii	"IDAC_OUT_Write\000"
 698      5F4F5554 
 698      5F577269 
 698      746500
 699              	.LASF16:
 700 000f 76616C75 		.ascii	"value\000"
 700      6500
ARM GAS  C:\Users\JEFFSN~1\AppData\Local\Temp\cc8ddSxU.s 			page 26


 701              	.LASF23:
 702 0015 73746174 		.ascii	"staticBits\000"
 702      69634269 
 702      747300
 703              	.LASF18:
 704 0020 49444143 		.ascii	"IDAC_OUT_Read\000"
 704      5F4F5554 
 704      5F526561 
 704      6400
 705              	.LASF9:
 706 002e 666C6F61 		.ascii	"float\000"
 706      7400
 707              	.LASF1:
 708 0034 756E7369 		.ascii	"unsigned char\000"
 708      676E6564 
 708      20636861 
 708      7200
 709              	.LASF20:
 710 0042 474E5520 		.ascii	"GNU C11 5.4.1 20160609 (release) [ARM/embedded-5-br"
 710      43313120 
 710      352E342E 
 710      31203230 
 710      31363036 
 711 0075 616E6368 		.ascii	"anch revision 237715] -mcpu=cortex-m3 -mthumb -g -O"
 711      20726576 
 711      6973696F 
 711      6E203233 
 711      37373135 
 712 00a8 33202D66 		.ascii	"3 -ffunction-sections -ffat-lto-objects -finline-fu"
 712      66756E63 
 712      74696F6E 
 712      2D736563 
 712      74696F6E 
 713 00db 6E637469 		.ascii	"nctions -flto\000"
 713      6F6E7320 
 713      2D666C74 
 713      6F00
 714              	.LASF5:
 715 00e9 6C6F6E67 		.ascii	"long unsigned int\000"
 715      20756E73 
 715      69676E65 
 715      6420696E 
 715      7400
 716              	.LASF3:
 717 00fb 73686F72 		.ascii	"short unsigned int\000"
 717      7420756E 
 717      7369676E 
 717      65642069 
 717      6E7400
 718              	.LASF21:
 719 010e 47656E65 		.ascii	"Generated_Source\\PSoC5\\IDAC_OUT.c\000"
 719      72617465 
 719      645F536F 
 719      75726365 
 719      5C50536F 
 720              	.LASF10:
 721 0130 646F7562 		.ascii	"double\000"
ARM GAS  C:\Users\JEFFSN~1\AppData\Local\Temp\cc8ddSxU.s 			page 27


 721      6C6500
 722              	.LASF8:
 723 0137 756E7369 		.ascii	"unsigned int\000"
 723      676E6564 
 723      20696E74 
 723      00
 724              	.LASF7:
 725 0144 6C6F6E67 		.ascii	"long long unsigned int\000"
 725      206C6F6E 
 725      6720756E 
 725      7369676E 
 725      65642069 
 726              	.LASF17:
 727 015b 6D6F6465 		.ascii	"mode\000"
 727      00
 728              	.LASF13:
 729 0160 72656738 		.ascii	"reg8\000"
 729      00
 730              	.LASF6:
 731 0165 6C6F6E67 		.ascii	"long long int\000"
 731      206C6F6E 
 731      6720696E 
 731      7400
 732              	.LASF11:
 733 0173 63686172 		.ascii	"char\000"
 733      00
 734              	.LASF22:
 735 0178 433A5C55 		.ascii	"C:\\Users\\JeffSnyder\\dev\\Electrobass_embedded\\P"
 735      73657273 
 735      5C4A6566 
 735      66536E79 
 735      6465725C 
 736 01a6 534F4335 		.ascii	"SOC5_electrobass_stringsensors\\CE210514_PSOC3_5_Th"
 736      5F656C65 
 736      6374726F 
 736      62617373 
 736      5F737472 
 737 01d8 65726D69 		.ascii	"ermistor.cydsn\000"
 737      73746F72 
 737      2E637964 
 737      736E00
 738              	.LASF15:
 739 01e7 49444143 		.ascii	"IDAC_OUT_SetDriveMode\000"
 739      5F4F5554 
 739      5F536574 
 739      44726976 
 739      654D6F64 
 740              	.LASF2:
 741 01fd 73686F72 		.ascii	"short int\000"
 741      7420696E 
 741      7400
 742              	.LASF12:
 743 0207 75696E74 		.ascii	"uint8\000"
 743      3800
 744              	.LASF4:
 745 020d 6C6F6E67 		.ascii	"long int\000"
 745      20696E74 
ARM GAS  C:\Users\JEFFSN~1\AppData\Local\Temp\cc8ddSxU.s 			page 28


 745      00
 746              	.LASF0:
 747 0216 7369676E 		.ascii	"signed char\000"
 747      65642063 
 747      68617200 
 748              	.LASF19:
 749 0222 49444143 		.ascii	"IDAC_OUT_ReadDataReg\000"
 749      5F4F5554 
 749      5F526561 
 749      64446174 
 749      61526567 
 750              		.comm	__gnu_lto_v1,1,1
 751              		.ident	"GCC: (GNU Tools for ARM Embedded Processors) 5.4.1 20160609 (release) [ARM/embedded-5-bran
