ARM GAS  C:\Users\JEFFSN~1\AppData\Local\Temp\ccd9QLub.s 			page 1


   1              		.syntax unified
   2              		.cpu cortex-m3
   3              		.fpu softvfp
   4              		.eabi_attribute 20, 1
   5              		.eabi_attribute 21, 1
   6              		.eabi_attribute 23, 3
   7              		.eabi_attribute 24, 1
   8              		.eabi_attribute 25, 1
   9              		.eabi_attribute 26, 1
  10              		.eabi_attribute 30, 2
  11              		.eabi_attribute 34, 1
  12              		.eabi_attribute 18, 4
  13              		.thumb
  14              		.syntax unified
  15              		.file	"IDAC8_1_PM.c"
  16              		.text
  17              	.Ltext0:
  18              		.section	.gnu.lto_.profile.807d53bb,"",%progbits
  19 0000 789C6361 		.ascii	"x\234ca`d`a`\000\222\205\246\000\001\201\000\261"
  19      60646061 
  19      60009285 
  19      A6000181 
  19      00B1
  20              		.text
  21              		.section	.gnu.lto_.icf.807d53bb,"",%progbits
  22 0000 789C6361 		.ascii	"x\234ca`d\000\001\035\006\004`gxr\350\351+.\3063_/m"
  22      60640001 
  22      1D060460 
  22      677872E8 
  22      E92B2EC6 
  23 0018 E6607A74 		.ascii	"\346`zt\370\306z.\346\367\033\236\036\344gy\326\370"
  23      F8C67A2E 
  23      E6F71B9E 
  23      1EE46779 
  23      D6F8
  24 002a ED3D376B 		.ascii	"\355=7k\337\214\273\347\230\331\316\365-\\\300\313\000"
  24      DF8CBBE7 
  24      98D9CEF5 
  24      2D5CC0CB 
  24      00
  25 003b 0013EA16 		.ascii	"\000\023\352\026z"
  25      7A
  26              		.text
  27              		.section	.gnu.lto_.jmpfuncs.807d53bb,"",%progbits
  28 0000 789C6361 		.ascii	"x\234ca`d\000\001Y\006\004`\003b&(ff``\001R\254Pa\006"
  28      60640001 
  28      59060460 
  28      03622628 
  28      66666060 
  29 001a 06000794 		.ascii	"\006\000\007\224\000?"
  29      003F
  30              		.text
  31              		.section	.gnu.lto_.inline.807d53bb,"",%progbits
  32 0000 789C6361 		.ascii	"x\234ca`d\000\201\251\014\010\300\306\300\300\315\305"
  32      60640081 
  32      A90C08C0 
  32      C6C0C0CD 
ARM GAS  C:\Users\JEFFSN~1\AppData\Local\Temp\ccd9QLub.s 			page 2


  32      C5
  33 0011 C8C024D0 		.ascii	"\310\300$\320P\313\300\266@\236\011$\306\304\300.\001"
  33      50CBC0B6 
  33      409E0924 
  33      C6C4C02E 
  33      01
  34 0022 1462BAC0 		.ascii	"\024b\272\300\017\027b\344\002\211s\003\031\023\374"
  34      0F1762E4 
  34      02897303 
  34      1913FC
  35 0031 981938D9 		.ascii	"\230\0318\331\201\322<'\002\341\322,\014|<@!\221\005"
  35      81D23C27 
  35      02E1D22C 
  35      0C7C3C40 
  35      219105
  36 0044 05A83A58 		.ascii	"\005\250:X\031\004\304\200\342\0227\3463\242J\2601p"
  36      1904C480 
  36      E21237E6 
  36      33A24AB0 
  36      3170
  37 0056 080225D8 		.ascii	"\010\002%\330>\350\241\212\203\011\006\000\211\032\016"
  37      3EE8A18A 
  37      83090600 
  37      891A0E
  38 0065 1C       		.ascii	"\034"
  39              		.text
  40              		.section	.gnu.lto_.pureconst.807d53bb,"",%progbits
  41 0000 789C6361 		.ascii	"x\234ca`d\340e```c\220b\222b\226b\221b\225b\223\000"
  41      6064E065 
  41      60606063 
  41      90629262 
  41      96629162 
  42 0018 0005B100 		.ascii	"\000\005\261\000\307"
  42      C7
  43              		.text
  44              		.section	.gnu.lto_IDAC8_1_RestoreConfig.part.0.807d53bb,"",%progbits
  45 0000 789C8D52 		.ascii	"x\234\215R\317KTQ\024\276\337=\367\215\203\225\364\007"
  45      CF4B5451 
  45      14BEDF3D 
  45      F78D8395 
  45      F407
  46 0012 28B890C0 		.ascii	"(\270\220\300\205I\213\240m\030E\013Qt+\014\242\263"
  46      85498BA0 
  46      6D18450B 
  46      51742B0C 
  46      A2B3
  47 0024 55908276 		.ascii	"U\220\202vs\337\214\017\233\026\341\306\037$1\270\020"
  47      73DF8C0F 
  47      9B16E1C6 
  47      1F2431B8 
  47      10
  48 0035 7FFF186D 		.ascii	"\177\377\030m\324\251\215\014!\025\225\253VAI\304,$"
  48      D4A98D0C 
  48      211595AB 
  48      564149C4 
  48      2C24
  49 0047 6324C588 		.ascii	"c$\305\210t:\347\276)\\I\027\3369\367\235{\316w\276"
ARM GAS  C:\Users\JEFFSN~1\AppData\Local\Temp\ccd9QLub.s 			page 3


  49      743AE7BE 
  49      295C4917 
  49      DE39F79D 
  49      7BCE77BE 
  50 005b F3DD6B14 		.ascii	"\363\335k\024\224,_+u\205}\023\177\360\024\314\360{"
  50      942C5F2B 
  50      75857D13 
  50      7FF014CC 
  50      F07B
  51 006d DE1868E7 		.ascii	"\336\030h\3475H\274\037%@66\012\2250\232\220\300\221"
  51      3548BC1F 
  51      25403636 
  51      0A95309A 
  51      90C091
  52 0080 3ED1280C 		.ascii	">\321(\014\025\363\272q\332\362\332\235\312\220\235"
  52      15F3BA71 
  52      DAF2DA9D 
  52      CA909D
  53 008f D942404A 		.ascii	"\331B@J\225\265\303V\230F\243\342\264/\331\323\221K"
  53      95B5C356 
  53      9846A3E2 
  53      B42FD9D3 
  53      914B
  54 00a1 914149AB 		.ascii	"\221AI\253\017\0171\203\210\020X\356\260\266\\N\331"
  54      0F0F3183 
  54      881058EE 
  54      B0B65C4E 
  54      D9
  55 00b2 E11F1751 		.ascii	"\341\037\027Q\015\025\020\264\030\022c\304xb\224*q\221"
  55      0D1510B4 
  55      181263C4 
  55      7862942A 
  55      7191
  56 00c4 10286923 		.ascii	"\020(i#\236\016\264v\276\210\302\257G\237\306\037\010"
  56      9E0EB476 
  56      BE88C2AF 
  56      479FC61F 
  56      08
  57 00d5 5E8AC0BD 		.ascii	"^\212\300\275F\203\302N\325\241\016HCZ\347\226\276\276"
  57      4683C24E 
  57      D5A10E48 
  57      435AE796 
  57      BEBE
  58 00e7 AAFC8EE5 		.ascii	"\252\374\216\345|k8\224~\275\326\226\301S\177\320\267"
  58      7C6B3894 
  58      7EBDD696 
  58      C1537FD0 
  58      B7
  59 00f8 970322CC 		.ascii	"\227\003\"\314\241\026\263\250eR\363\310@\025\221\372"
  59      A116B3A8 
  59      6552F3C8 
  59      401591FA 
  60 0108 1D09F174 		.ascii	"\035\011\361t\0109\361y\277X#\030\204c`\201S\271\355"
  60      0839F179 
  60      BF582318 
  60      84636081 
  60      53B9ED
ARM GAS  C:\Users\JEFFSN~1\AppData\Local\Temp\ccd9QLub.s 			page 4


  61 011b 2824E75C 		.ascii	"($\347\\\270E\206c\020\316N>\317nO^\010A\351,I\343H"
  61      B8458663 
  61      10CE4E3E 
  61      CF6E4F5E 
  61      0841E92C 
  62 0132 E6F3DF3E 		.ascii	"\346\363\337>V%N\354C+\020&\315\022Jx\357\355\207\227"
  62      56254EEC 
  62      432B1026 
  62      CD124A78 
  62      EFED8797 
  63 0146 D5026D5D 		.ascii	"\325\002m]\334\3032\353\276$\320|\370xs%\035mn\012("
  63      DCC332EB 
  63      BE24D07C 
  63      F8787325 
  63      1D6D6E0A 
  64 015b 8215EE73 		.ascii	"\202\025\356s\352$G\026\315\216\334d]\205\335\306\376"
  64      EA244716 
  64      CD8EDC64 
  64      5D85DDC6 
  64      FE
  65 016c F6504D38 		.ascii	"\366PM8\177r#\234\377\335\352\356\216w\226\361\352?"
  65      7F72239C 
  65      FFDDEAEE 
  65      8E7796F1 
  65      EA3F
  66 017e C66B8E31 		.ascii	"\306k\2161)'\353\367\277\262\236/\332\263\212h?+\242"
  66      2927EBF7 
  66      BFB29E2F 
  66      DAB38A68 
  66      3F2BA2
  67 0191 7961C193 		.ascii	"ya\301\223\027\207o<i\014D\221\373o\315\326\035\003"
  67      17876F3C 
  67      690C4491 
  67      FB6FCDD6 
  67      1D03
  68 01a3 8F6739D0 		.ascii	"\217g9\320\344\256x\017\311\255\374m)to\252\304\367"
  68      E4AE780F 
  68      C9ADFC6D 
  68      29746FAA 
  68      C4F7
  69 01b5 CA611EB7 		.ascii	"\312a\036\267\341N\274/>\320}/\336\033\353\354\277?"
  69      E14EBC2F 
  69      3ED07D2F 
  69      DE1BEBEC 
  69      BF3F
  70 01c7 D013EF6A 		.ascii	"\320\023\357j\357\354o\271\336u\367\326\315\226\033"
  70      EFEC6FB9 
  70      DE75F7D6 
  70      CD961B
  71 01d6 B16BB1F6 		.ascii	"\261k\261\366\326\253=\352\017\354\202\340$"
  71      D6AB3DEA 
  71      0FEC82E0 
  71      24
  72              		.text
  73              		.section	.gnu.lto_IDAC8_1_Wakeup.part.1.807d53bb,"",%progbits
  74 0000 789C6D50 		.ascii	"x\234mP=HBQ\030\275\347\273\357\251CEK[CC\004\016\005"
  74      3D484251 
ARM GAS  C:\Users\JEFFSN~1\AppData\Local\Temp\ccd9QLub.s 			page 5


  74      18BDE7BB 
  74      EFA94345 
  74      4B5B4343 
  75 0017 0E415310 		.ascii	"\016AS\020\006Q\020H\256\202\204\2755Aj~\367\251\027"
  75      06511048 
  75      AE8284BD 
  75      35416A7E 
  75      F7A917
  76 002a A3C9A5B6 		.ascii	"\243\311\245\266pp\320\376\210Z\304M\034\032\202\222"
  76      7070D0FE 
  76      885AC44D 
  76      1C1A8292 
  77 003a E6166910 		.ascii	"\346\026i\020\211\002\215Z\002{}\367\271\366\301\345"
  77      89028D5A 
  77      027B7DF7 
  77      B9F6C1E5 
  78 004a DCFBDDF3 		.ascii	"\334\373\335\363\235s\356\265\004\204\251U\206\005\306"
  78      9D73EEB5 
  78      0484A955 
  78      8605C6
  79 0059 455EB005 		.ascii	"E^\260\005\254\362\023o,P\200\004i\320\213H\300lT\004"
  79      ACF2136F 
  79      2C508004 
  79      69D08B48 
  79      C06C5404 
  80 006d C2B548C2 		.ascii	"\302\265H\302\3057\215\010\355R\257I\321\232\342\352"
  80      C5378D08 
  80      ED52AF49 
  80      D19AE2EA 
  81 007d EA6A4CD5 		.ascii	"\352jL\325[\320R\010\237\002m\201\032\242\202i\257\267"
  81      5BD05208 
  81      9F026D81 
  81      1AA28269 
  81      AFB7
  82 008f BF2793A1 		.ascii	"\277'\223\241\242\241\315\215/QG\310\004\270\331Q\312"
  82      A2A1CD8D 
  82      2F5147C8 
  82      04B8D951 
  82      CA
  83 00a0 F70BAA5C 		.ascii	"\367\013\252\\\235\201\015\241%7\007L0f\003\262\014"
  83      9D810DA1 
  83      2537074C 
  83      306603B2 
  83      0C
  84 00b1 CA215180 		.ascii	"\312!Q\200}\024Z\215\207\0113jD\233\315\367\227\260"
  84      7D145A8D 
  84      8709336A 
  84      449BCDF7 
  84      97B0
  85 00c3 3B52474A 		.ascii	";RGJMkI>\361(\316\341\262\210\024=\264\177\216?\243"
  85      4D6B493E 
  85      F128CEE1 
  85      B288143D 
  85      B47F8E3F 
  86 00d8 865B9060 		.ascii	"\206[\220`\366\251nw\302_\244\245\0053\334\370\270/"
  86      F6A96E77 
  86      C25FA4A5 
ARM GAS  C:\Users\JEFFSN~1\AppData\Local\Temp\ccd9QLub.s 			page 6


  86      0533DCF8 
  86      B82F
  87 00ea 4D8D8FF9 		.ascii	"M\215\217\371\206\247,n=\336u;v\005g^\3213\2026.1\213"
  87      86A72C6E 
  87      3DDE753B 
  87      7605675E 
  87      D1338236 
  88 0101 0BCCB2EA 		.ascii	"\013\314\262\352\025*\020}\376\225\177\255C>\007\024"
  88      152A107D 
  88      FE957FAD 
  88      433E0714 
  89 0111 B8666BF6 		.ascii	"\270fk\366\3222\314\357\032\222\0142\277!\337z\336\012"
  89      D232CCEF 
  89      1A920C32 
  89      BF21DF7A 
  89      DE0A
  90 0123 E64C0D38 		.ascii	"\346L\0158$\267\231>\277\341\354;\271\335\003g/\235"
  90      24B7993E 
  90      BFE1EC3B 
  90      B9DD0367 
  90      2F9D
  91 0135 CC1EE632 		.ascii	"\314\036\3462N*\221\314\306\227S\233\353k\361\225t,"
  91      4E2A91CC 
  91      C697539B 
  91      EB6BF195 
  91      742C
  92 0147 9DD85ECA 		.ascii	"\235\330^\312\210?\020D{\326"
  92      883F1044 
  92      7BD6
  93              		.text
  94              		.section	.gnu.lto_IDAC8_1_SaveConfig.807d53bb,"",%progbits
  95 0000 789C4D91 		.ascii	"x\234M\221\317K\033A\024\307\337wf7I\245\021\377\200"
  95      CF4B1B41 
  95      14C7DF77 
  95      663749A5 
  95      11FF80
  96 0013 503CB405 		.ascii	"P<\264\005/\015\205\012\275\212R\361P\020\275\012\241"
  96      2F0D850A 
  96      BD8A52F1 
  96      5010BD0A 
  96      A1
  97 0024 6AAE15A4 		.ascii	"j\256\025\244\2363\311f\261\366P\012b\012\202\344\030"
  97      9E33C966 
  97      B1F6500A 
  97      620A82E4 
  97      18
  98 0035 7FA589F6 		.ascii	"\177\245\211\366`\027<\204\240\236j\275h\017-\202Z\310"
  98      60173C84 
  98      A09E6ABD 
  98      680F2D82 
  98      5AC8
  99 0047 C15A3060 		.ascii	"\301Z0`\017-\325\370\336\016T\007vf\366\315w\336\367"
  99      0F2DD5F8 
  99      DE0E5407 
  99      7666F6CD 
  99      77DEF7
 100 005a F3DE3804 		.ascii	"\363\3368\004\222\361\223\227\207\274>\341\017.A\275"
ARM GAS  C:\Users\JEFFSN~1\AppData\Local\Temp\ccd9QLub.s 			page 7


 100      92F19397 
 100      87BC3EE1 
 100      0F2E41BD 
 101 006a FB42948D 		.ascii	"\373B\224\215)\245\367\223d\332\234\315{d\356j86\354"
 101      29A5F793 
 101      64DA9CCD 
 101      7B64EE6A 
 101      3836EC
 102 007d 00B23131 		.ascii	"\000\26211PFi\007\031\374V\227\012\365\351F\240\272"
 102      50466907 
 102      19FC5697 
 102      0AF5E946 
 102      A0BA
 103 008f 4A86C7D1 		.ascii	"J\206\307\321\366\2546\2135\370\232\250\245B\013B\011"
 103      F6AC368B 
 103      35F89AA8 
 103      A5420B42 
 103      09
 104 00a0 5DC4B293 		.ascii	"]\304\262\223\265\253\271x$/\262N{\210ED\204\2432T3"
 104      B5ABB978 
 104      242FB24E 
 104      7B884544 
 104      84A33254 
 105 00b5 AD96676A 		.ascii	"\255\226gjE\267\251\242\212|v\224\311\225\211\350\234"
 105      45B7A9A2 
 105      8A7C7694 
 105      C99589E8 
 105      9C
 106 00c6 B5E2DB54 		.ascii	"\265\342\333TJV\335@\375\357\233\235m-\327=\355p\352"
 106      4A56DD40 
 106      FDEF9B9D 
 106      6D2DD73D 
 106      ED70EA
 107 00d9 825FDF8B 		.ascii	"\202_\337\213^(_+\210S\376\344\260\020\267\277K\325"
 107      5E285F2B 
 107      8853FEE4 
 107      B010B7BF 
 107      4BD5
 108 00eb AC0915EF 		.ascii	"\254\011\025\357\313%]\304B6\317l\032\313H`\011\011"
 108      CB255DC4 
 108      4236CF6C 
 108      1ACB4860 
 108      0909
 109 00fd 46584111 		.ascii	"FXA\021\324\200\367\357\031yZ\331t\315\335\371\037\355"
 109      D480F7EF 
 109      19795AD9 
 109      74CDDDF9 
 109      1FED
 110 010f 721FE8C4 		.ascii	"r\037\350\304*\313\216\221\377\346\215Z?\251\270r\026"
 110      2ACB8E91 
 110      FFE68D5A 
 110      3FA9B872 
 110      16
 111 0120 FC895B01 		.ascii	"\374\211[\001\241,yH\3604\355'-\335\327\203;V\355\262"
 111      A12C7948 
 111      F034ED27 
 111      2DDDD783 
ARM GAS  C:\Users\JEFFSN~1\AppData\Local\Temp\ccd9QLub.s 			page 8


 111      3B56EDB2 
 112 0134 7AE3D7CE 		.ascii	"z\343\327\316t\273\305\311mX\234\335\365\243=\367\006"
 112      74BBC5C9 
 112      6D589CDD 
 112      F5A33DF7 
 112      06
 113 0145 E7C37F9C 		.ascii	"\347\303\177\234\212\305\311\025\216\037H\202\333\265"
 113      8AC5C915 
 113      8E1F4882 
 113      DBB5
 114 0153 39616D41 		.ascii	"9amAp\366=\232\2714\257\215\351\340\330\0147Z\302\247"
 114      70F63D9A 
 114      B934AF8D 
 114      E9E0D80C 
 114      375AC2A7 
 115 0167 9F0FB6DA 		.ascii	"\237\017\266\332$\241\011\343.\326\370u\252\222\222"
 115      24A109E3 
 115      2ED6F875 
 115      AA9292
 116 0176 0FDF7EAA 		.ascii	"\017\337~\252\316\304\222e\351\274I\371:\202uv\271\012"
 116      CEC49265 
 116      E9BC49F9 
 116      3A827576 
 116      B90A
 117 0188 9F071F91 		.ascii	"\237\007\037\221d\312\020\337\011\273{\212\\-p\305<"
 117      64CA10DF 
 117      09BB7B8A 
 117      5C2D70C5 
 117      3C
 118 0199 ACEA9C5B 		.ascii	"\254\352\234[\312a\026\337\357O\277LO\276x\225\036O"
 118      CA6116DF 
 118      EF4FBF4C 
 118      4FBE7895 
 118      1E4F
 119 01ab 0D4F4C4D 		.ascii	"\015OLM\216\245G\006\207'z\273G\006\372zz\237\246\036"
 119      8EA54706 
 119      87277ABB 
 119      4706FA7A 
 119      7A9FA61E 
 120 01bf A7069F3F 		.ascii	"\247\006\237?\032\243kB<\267#"
 120      1AA36B42 
 120      3CB723
 121              		.text
 122              		.section	.gnu.lto_IDAC8_1_RestoreConfig.807d53bb,"",%progbits
 123 0000 789C6552 		.ascii	"x\234eRMh\023A\024~ofg\263\304\244\024\317\255\364 "
 123      4D681341 
 123      147E6F66 
 123      67B3C4A4 
 123      14CFADF4 
 124 0015 420F1A3C 		.ascii	"B\017\032<\010\242'\251T\004\305b\257\205\2405\327\026"
 124      08A227A9 
 124      5404C562 
 124      AF85A035 
 124      D716
 125 0027 8A9E33C9 		.ascii	"\212\2363\311f\251\361 ^L\245 \241\240\244U\333\244"
 125      66A9F120 
 125      5E4CA520 
ARM GAS  C:\Users\JEFFSN~1\AppData\Local\Temp\ccd9QLub.s 			page 9


 125      A1A0A455 
 125      DBA4
 126 0039 AD31463D 		.ascii	"\2551F=\204 \376\366\347R/\026\241V\011R*4P\017\212"
 126      8420FEF6 
 126      E7522F16 
 126      A1560952 
 126      2A34500F 
 127 004e 497C6F47 		.ascii	"I|oGj\300\201}ow\346{\357\373\336\267c\001\002\257{"
 127      6AC0817D 
 127      6F77E67B 
 127      EFFBDEB7 
 127      630102AF 
 128 0063 02E010E5 		.ascii	"\002\340\020\345s\364`\000P\334Z\001H8B\310\265\010"
 128      73F46000 
 128      50DC5A01 
 128      483842C8 
 128      B508
 129 0075 E8A0FDE2 		.ascii	"\350\240\375\342\000\350\220\024\026\347\240\342\275"
 129      00E89014 
 129      16E7A0E2 
 129      BD
 130 0082 90853683 		.ascii	"\220\2056\203P\231\234plD~\321\016B\\HK\331\030\307"
 130      50999C70 
 130      6C447ED1 
 130      0E425C48 
 130      4BD918C7 
 131 0096 1FA221B0 		.ascii	"\037\242!\260:^+\213\336\234\246\265q?+\365t\005=\011"
 131      3A5E2B8B 
 131      DE9CA6B5 
 131      713F2BF5 
 131      74053D09 
 132 00aa D0123E35 		.ascii	"\320\022>5`\016{\201`\233\363\315\333a;\305\260\036"
 132      600E7B81 
 132      609BF3CD 
 132      DB613BC5 
 132      B01E
 133 00bc 7388D368 		.ascii	"s\210\323h\263\276\374\305\212n\265\\]i\250z(\210\340"
 133      B3BEFCC5 
 133      8A6EB55C 
 133      5D69A87A 
 133      2888E0
 134 00cf 49941C2C 		.ascii	"I\224\034,\016\212\203\303\001`\207\252XC]\010\316\262"
 134      0E8A83C3 
 134      016087AA 
 134      58435D08 
 134      CEB2
 135 00e1 86D55F37 		.ascii	"\206\325_7\232\257%7r\245$\222\214W]\015\354\012O\012"
 135      9AAF2537 
 135      72A52492 
 135      8C575D0D 
 135      EC0A4F0A 
 136 00f5 64CED4E6 		.ascii	"d\316\324\346\247L\330|\316\024\022\332b\304\304lNf"
 136      A74CD87C 
 136      CE1412DA 
 136      62C4C46C 
 136      4E66
 137 0107 F16E2245 		.ascii	"\361n\"E*%>\300.\234\301.\022\363\020\263\0105t\177"
ARM GAS  C:\Users\JEFFSN~1\AppData\Local\Temp\ccd9QLub.s 			page 10


 137      2A253EC0 
 137      2E9CC12E 
 137      12F310B3 
 137      0835747F 
 138 011b F7832BD1 		.ascii	"\367\203+\321\264\253/O~\351\340z\304\036|D\260\317"
 138      B4AB2F4F 
 138      7EE9E07A 
 138      C41E7C44 
 138      B0CF
 139 012d 98FAE85E 		.ascii	"\230\372\350^6|H\200\374v\371g\330\000\000g\271\017"
 139      367C4880 
 139      FC76F967 
 139      D8000067 
 139      B90F
 140 013f B03C096B 		.ascii	"\260<\011k\021\243n\345\316\011\203V\204.\316}}\363"
 140      11A36EE5 
 140      CE098356 
 140      842ECE7D 
 140      7DF3
 141 0151 57DD44D1 		.ascii	"W\335D\321\310I\277]\274\360O\315\334\236\232|\273\032"
 141      C849BF5D 
 141      BCF04FCD 
 141      DC9E9A7C 
 141      BB1A
 142 0163 CB944F3E 		.ascii	"\313\224O>\337}\247\014\231\203\005\243f\335\0351\375"
 142      DF7DA70C 
 142      998305A3 
 142      66DD1D31 
 142      FD
 143 0174 AD367A0B 		.ascii	"\2556z\013\336\357\227\337\320\355\344#\366\241\\\336"
 143      DEEF97DF 
 143      D0EDE423 
 143      F6A15CDE 
 144 0184 5E0FC41B 		.ascii	"^\017\304\033\372\272\326\235\236\264Z\344\016\340<"
 144      FABAD69D 
 144      9EB45AE4 
 144      0EE03C
 145 0193 C6C956E5 		.ascii	"\306\311V\345W(Hw\223\340\344\263\372\322\324>\323\320"
 145      57284877 
 145      93E0E4B3 
 145      FAD2D43E 
 145      D3D0
 146 01a5 69B7D3C6 		.ascii	"i\267\323\306\377\333\330i\372\313\274\275\265\364\341"
 146      FFDBD869 
 146      FACBBCBD 
 146      B5F4E1
 147 01b4 659087D0 		.ascii	"e\220\207\320\376~\000\027\351j,\260\032:\274\371\264"
 147      FE7E0017 
 147      E96A2CB0 
 147      1A3ABCF9 
 147      B4
 148 01c5 90762287 		.ascii	"\220v\"\207=\351\340c\232\251\351\337\012,b\204\246"
 148      3DE9E063 
 148      9AA9E9DF 
 148      0A2C6284 
 148      A6
 149 01d6 AB66A6BA 		.ascii	"\253f\246\272\231\214`\245\357\257\306;\2145\311\222"
ARM GAS  C:\Users\JEFFSN~1\AppData\Local\Temp\ccd9QLub.s 			page 11


 149      998C60A5 
 149      EFAFC63B 
 149      8C35C992 
 150 01e6 B1667961 		.ascii	"\261fyacU\371\336P\343\223\300\376<\331\363\247D\275"
 150      6355F9DE 
 150      50E393C0 
 150      FE3CD9F3 
 150      A744BD
 151 01f9 48A32FDE 		.ascii	"H\243/\336\366/\303\026&+\345~\177b^;4#m\023\335\301"
 151      F62FC316 
 151      262BE57E 
 151      7F625E3B 
 151      34236D13 
 152 020f 33B191D8 		.ascii	"3\261\221\330\330\245\253\261+\321\301\321kc\303\261"
 152      D8A5ABB1 
 152      2BD1C1D1 
 152      6B63C3B1 
 153 021f A181C1D1 		.ascii	"\241\201\301\321\276cCgO\237\352;\036=\032\0358\177"
 153      BE634367 
 153      4F9FEA3B 
 153      1E3D1A1D 
 153      387F
 154 0231 6418FE00 		.ascii	"d\030\376\000\3579\362\247"
 154      EF39F2A7 
 155              		.text
 156              		.section	.gnu.lto_IDAC8_1_Sleep.807d53bb,"",%progbits
 157 0000 789C9592 		.ascii	"x\234\225\222\337K\223Q\030\307\317s\316\373c\233\315"
 157      DF4B9351 
 157      18C7CF73 
 157      CEFB639B 
 157      CD
 158 0011 FA0344BC 		.ascii	"\372\003D\274\250\304\233V\027A\267a$]\004\222\027\335"
 158      A8C49B56 
 158      1741B761 
 158      245D0492 
 158      17DD
 159 0023 08236CB7 		.ascii	"\010#l\267\011R\267\355l\357\306\324\013\011\242\025"
 159      0952B7ED 
 159      6CEFC6D4 
 159      0B09A215 
 160 0033 6278A956 		.ascii	"bx\251Vk\3232]\232n\243\354F\223@\273P\002\177\300\010"
 160      6BD3325D 
 160      9A6EA3EC 
 160      469340BB 
 160      50027FC0 
 161 0048 51D84A2F 		.ascii	"Q\330J/\372\241\353y\316\321\265\012\244\016\354\274"
 161      FAA1EB79 
 161      CED1B50A 
 161      A40EECBC 
 162 0058 EF9EE779 		.ascii	"\357\236\347y\237\357\367<\237c0`\264\226\004c'\361"
 162      9FEFF73C 
 162      9F633060 
 162      B4960463 
 162      27F1
 163 006a 79157FE0 		.ascii	"y\025\177\340b\300\357\274c,\344\342\\t\3263\3511h?"
 163      62C0EFBC 
 163      632CE4E2 
ARM GAS  C:\Users\JEFFSN~1\AppData\Local\Temp\ccd9QLub.s 			page 12


 163      5C74D633 
 163      E931683F 
 164 007e 22C0D461 		.ascii	"\"\300\324a\343\340\305\344\326\202\017\363\366d-\346"
 164      E3E0C5E4 
 164      D6820FF3 
 164      F6642DE6 
 165 008e 2DB075D8 		.ascii	"-\260u\330\006\240\027\351\002\026\344\3020-\033\202"
 165      06A017E9 
 165      0216E4C2 
 165      302D1B82 
 166 009e B0C37739 		.ascii	"\260\303w9\344b\3714o\030\220\270V\242\237O\313\301"
 166      E462F934 
 166      6F1890B8 
 166      56A29F4F 
 166      CBC1
 167 00b0 0C4451BA 		.ascii	"\014DQ\272\304\225\013\006\003\320\300\260lmx\357\236"
 167      C4950B06 
 167      03D0C0B0 
 167      6C6D78EF 
 167      9E
 168 00c1 D78A5059 		.ascii	"\327\212PY\235N\302 Xd5y%#K%Gf\356\332\331)\333\313"
 168      9D4EC220 
 168      58643579 
 168      25234B25 
 168      4766EEDA 
 169 00d9 59548041 		.ascii	"YT\200A\233\2336\017mU\2641V\300\317\310E\221sz\212"
 169      9B9B360F 
 169      6D55B431 
 169      56C0CFC8 
 169      4591737A 
 170 00ee 3CE4BE75 		.ascii	"<\344\276u\177\350\273M\235\034a\240J<\232\233\267\267"
 170      7FE8BB4D 
 170      9D1C61A0 
 170      4A3C9A9B 
 170      B7B7
 171 0100 79547020 		.ascii	"yTp \321\235\305\007\035\372\337`,$\251\240\367K!{\264"
 171      D19DC507 
 171      1DFADF60 
 171      2C24A9A0 
 171      F74B217B 
 172 0115 1F1E8622 		.ascii	"\037\036\206\"\350R\300#\250\201!\250A3\217\241\037"
 172      E852C023 
 172      A88121A8 
 172      41338FA1 
 172      1F
 173 0126 581E9C1F 		.ascii	"X\036\234\037\027\231#\270\356\366>\222\352\023\364"
 173      179923B8 
 173      EEF63E92 
 173      EA13F4
 174 0135 3D80014F 		.ascii	"=\200\001O\260l\025\"\313N\255\226\243\263'7\323_\275"
 174      B06C1522 
 174      CB4EAD96 
 174      A3B32737 
 174      D35FBD
 175 0148 BA804182 		.ascii	"\272\200A\202\3720r'Xg=\232\013o\027\362Y7UW:3\224\263"
 175      FA307227 
 175      58673D9A 
ARM GAS  C:\Users\JEFFSN~1\AppData\Local\Temp\ccd9QLub.s 			page 13


 175      0B6F17F2 
 175      59375557 
 176 0160 747A73D9 		.ascii	"tzs\331\016\356\312N)\217a\254\013'F\341\215\331\305"
 176      0EEECA4E 
 176      298F61AC 
 176      0B2746E1 
 176      8DD9C5
 177 0173 D71EB227 		.ascii	"\327\036\262'U\334\204$\216\371)5\306d\317x\252\313"
 177      55DC8424 
 177      8EF92935 
 177      C664CF78 
 177      AACB
 178 0185 E54BD008 		.ascii	"\345K\320\010\245?*,H\241\347=5g\030\006\037V\214\306"
 178      A53F2A2C 
 178      48A1E73D 
 178      35671806 
 178      1F568CC6 
 179 0199 66873D24 		.ascii	"f\207=$b\001\300\210\362S\344\306\201\233\324V\331\315"
 179      6201C088 
 179      F253E4C6 
 179      819BD456 
 179      D9CD
 180 01ab BFCA3F3B 		.ascii	"\277\312?;L\376\371/\371Q%_>#r\205\027\373\362\246B"
 180      4CFEF92F 
 180      F951255F 
 180      3E237285 
 180      17FBF2A6 
 181 01c0 F5099CCC 		.ascii	"\365\011\234\314\304[N\362\177\037\337.!.\006c\020D"
 181      C45B4EF2 
 181      7F1FDF2E 
 181      212E0663 
 181      1044
 182 01d2 CE2EA6B0 		.ascii	"\316.\246\260\316\274\021\277\337\032\371\275\307Tw"
 182      CEBC11BF 
 182      DF1AF9BD 
 182      C75477
 183 01e1 A684F4FF 		.ascii	"\246\204\364\377\274P0\216}\031\244\011\214\033\223"
 183      BC50308E 
 183      7D19A409 
 183      8C1B93
 184 01f0 91B58F71 		.ascii	"\221\265\217q\257&?\224\322\344\343\367\023\003B\221"
 184      AF263F94 
 184      D2E4E3F7 
 184      13034291 
 185 0200 0F91A680 		.ascii	"\017\221\246\200\227e\366\023\225\354=\272Cq\256w\275"
 185      9765F613 
 185      95EC3DBA 
 185      4371AE77 
 185      BD
 186 0211 5AA3AD83 		.ascii	"Z\243\255\203I\315~\311Y\317\201\026\361T\340\266\330"
 186      49CD7EC9 
 186      59CF8116 
 186      F154E0B6 
 186      D8
 187 0222 826FFF2E 		.ascii	"\202o\377..\272u\272\012;\214m\315\304\252\265\207\360"
 187      2EBA75BA 
 187      0A3B8C6D 
ARM GAS  C:\Users\JEFFSN~1\AppData\Local\Temp\ccd9QLub.s 			page 14


 187      CDC4AAB5 
 187      87F0
 188 0234 98F63037 		.ascii	"\230\36607\2622oVzxU\3660\245=\204\343\253'\250\305"
 188      B2326F56 
 188      7A7855F6 
 188      30A53D84 
 188      E3AB27A8 
 189 0249 7F309A3E 		.ascii	"\1770\232>\214QF1\002= \310\202\017\275)\323\266\302"
 189      8C514631 
 189      023D20C8 
 189      820FBD29 
 189      D3B6C2
 190 025c B201E1CC 		.ascii	"\262\001\341\314t\223\242B\253\200\225\030F\246\307"
 190      7493A242 
 190      AB809518 
 190      46A6C7
 191 026b 9B023702 		.ascii	"\233\0027\002\035\327n\006\256\373[\332ou\264\005Z\233"
 191      1DD76E06 
 191      AEFB5BDA 
 191      6F75B405 
 191      5A9B
 192 027d 5BDA1BCF 		.ascii	"[\332\033\317\266^\272p\276\361\234\377\214\277\371"
 192      B65EBA70 
 192      BEF19CFF 
 192      8CBFF9
 193 028c F2A936F6 		.ascii	"\362\2516\366\023v\204fv"
 193      13768466 
 193      76
 194              		.text
 195              		.section	.gnu.lto_IDAC8_1_Wakeup.807d53bb,"",%progbits
 196 0000 789C6D8F 		.ascii	"x\234m\217\277KBQ\024\307\317\271\367\251\017)\364\017"
 196      BF4B4251 
 196      14C7CFB9 
 196      F7A90F29 
 196      F40F
 197 0012 886888C0 		.ascii	"\210h\210\300\241D\"h\012\302 \012\002\311U\2200\327"
 197      A1442268 
 197      0AC2200A 
 197      02C95590 
 197      30D7
 198 0024 04A935AF 		.ascii	"\004\2515\257>_\345\022-\265\20484h?Mh\310\246\227\210"
 198      3E5FE512 
 198      2DB58438 
 198      34683F4D 
 198      68C8A697 
 199 0039 81483F86 		.ascii	"\201H?\206\226Z\312AB\032\014j\324\327\271\257\241\241"
 199      965ACA41 
 199      421A0C6A 
 199      D4D7B9AF 
 199      A1A1
 200 004b 0E5C0E7C 		.ascii	"\016\\\016|\317\367{\317\371(\200 k\235\332\010\365"
 200      CFF77BCF 
 200      F9288020 
 200      6B9DDA08 
 200      F5
 201 005c 717A6803 		.ascii	"qzh\003d;\267\000I\2251^s\201p*\365)\020}\034\025)\243"
 201      643BB700 
ARM GAS  C:\Users\JEFFSN~1\AppData\Local\Temp\ccd9QLub.s 			page 15


 201      4995315E 
 201      7381702A 
 201      F529107D 
 202 0074 8228BB50 		.ascii	"\202(\273P\021\022\214+\230\300/\326eX\331l\225\231"
 202      11128C2B 
 202      98C02FD6 
 202      6558D96C 
 202      9599
 203 0086 272FA85E 		.ascii	"'/\250^\364\003\237(\030\250s\000\223Y\033\000\363\350"
 203      F4039F28 
 203      18A87300 
 203      93591B00 
 203      F3E8
 204 0098 01B2354B 		.ascii	"\001\2625K\275\335~{Z\332\206~\206X@\273<\243\270h\010"
 204      BDDD7E7B 
 204      5ADA867E 
 204      865840BB 
 204      3CA3B868 
 205 00ad D3D484B1 		.ascii	"\323\324\204\261\357\274\276w\3329\350\234\344\016Y"
 205      EFBCBE77 
 205      DA39E89C 
 205      E40E59
 206 00bc E4BA0FC6 		.ascii	"\344\272\017\306d\347o\250\031\331:\223!\371]\271\374"
 206      64E76FA8 
 206      19D93A93 
 206      21F95DB9 
 206      FC
 207 00cd FEEC4874 		.ascii	"\376\354Ht\305\226\020n\2353\223Q\004\0171Aa\016-L]"
 207      C596106E 
 207      9D339351 
 207      040F3141 
 207      610E2D4C 
 208 00e2 951A4D9B 		.ascii	"\225\032M\2334k\234\223}O\257\3349>\231Ng\377M+\031"
 208      346B9C93 
 208      7D4FAFDC 
 208      393E994E 
 208      67FF4D2B 
 209 00f7 BA57CAED 		.ascii	"\272W\312\355\306c\325\231\303lRX\272\015\217\011\362"
 209      C663D599 
 209      C36C5258 
 209      BA0D8F09 
 209      F2
 210 0108 0807ACE1 		.ascii	"\010\007\254\341\366\345yF\365\216\352\334\216'\230"
 210      F6E57946 
 210      F58EEADC 
 210      8E2798
 211 0117 C39EC587 		.ascii	"\303\236\305\207\247\350\205WL?i\203\277\313.\2527\033"
 211      A7E88557 
 211      4C3F6983 
 211      BFCB2EAA 
 211      371B
 212 0129 AA5C8654 		.ascii	"\252\\\206Tg2\016\222\203C\315%1\334\37738L\"\005,Z"
 212      67320E92 
 212      8343CD25 
 212      31DCFF33 
 212      384C2205 
 213 013f 0CAA9550 		.ascii	"\014\252\225P,\3626\246\214\207y+$\253C\250$\223wx6"
ARM GAS  C:\Users\JEFFSN~1\AppData\Local\Temp\ccd9QLub.s 			page 16


 213      2CF236A6 
 213      8C87792B 
 213      24AB43A8 
 213      24937778 
 214 0154 BA128D2F 		.ascii	"\272\022\215/\255F\227\303\301\330Z<\022\015\005\202"
 214      AD4697C3 
 214      C1D85A3C 
 214      120D0582 
 215 0164 31FF4468 		.ascii	"1\377Dhnf\332?\031\366\205\003\013c\021\370\006\314"
 215      6E66DA3F 
 215      19F68503 
 215      0B6311F8 
 215      06CC
 216 0176 499183   		.ascii	"I\221\203"
 217              		.text
 218              		.section	.gnu.lto_.symbol_nodes.807d53bb,"",%progbits
 219 0000 789C5DCD 		.ascii	"x\234]\315=\016\201Q\020\205\341wf\356\037\245Z\204"
 219      3D0E8151 
 219      1085E177 
 219      66EE1FA5 
 219      5A84
 220 0012 95CE8D58 		.ascii	"\225\316\215X\200-\020\233 \321\251\025V\200\330\202"
 220      802D109B 
 220      20D1A915 
 220      5680D882 
 221 0022 56DC4F14 		.ascii	"V\334O\024\256i&\3479\311L@\270\320F\213\303\372\014"
 221      AE6926E7 
 221      39C94C40 
 221      B8D0468B 
 221      C3FA0C
 222 0035 8EEC579B 		.ascii	"\216\354W\233:\207\010u\002\246c\227\277J\305\365K\034"
 222      3A870875 
 222      02A66397 
 222      BF4AC5F5 
 222      4B1C
 223 0047 EAA281BA 		.ascii	"\352\242\201\272\365`\036z\010\036;\220\344\351\003"
 223      F5601E7A 
 223      081E3B90 
 223      E4E903
 224 0056 EDCD7053 		.ascii	"\355\315pS\262\347.G/\277\331\264\360\270\276\3044\263"
 224      B2E72E47 
 224      2FBFD9B4 
 224      F0B8BEC4 
 224      34B3
 225 0068 1B7680FB 		.ascii	"\033v\200\373sfq\304\351\326b\012l\007N\312\3628\345"
 225      736671C4 
 225      E9D6620A 
 225      6C074ECA 
 225      F238E5
 226 007b 0DBC8731 		.ascii	"\015\274\2071`"
 226      60
 227              		.text
 228              		.section	.gnu.lto_.refs.807d53bb,"",%progbits
 229 0000 789C0DC7 		.ascii	"x\234\015\307\301\011\000 \014\004\301]s\021\301&\354"
 229      C1090020 
 229      0C04C15D 
 229      7311C126 
ARM GAS  C:\Users\JEFFSN~1\AppData\Local\Temp\ccd9QLub.s 			page 17


 229      EC
 230 0011 BF4AF319 		.ascii	"\277J\363\031\230 \017F\214\245m\360T;\235x\335\270"
 230      98200F46 
 230      8CA56DF0 
 230      543B9D78 
 230      DDB8
 231 0023 F809DB00 		.ascii	"\370\011\333\000q"
 231      71
 232              		.text
 233              		.section	.gnu.lto_.decls.807d53bb,"",%progbits
 234 0000 789C9595 		.ascii	"x\234\225\225]L\024W\024\307\347\314\254\260,\213\032"
 234      5D4C1457 
 234      14C7E7CC 
 234      ACB02C8B 
 234      1A
 235 0011 D186877D 		.ascii	"\321\206\207}\240\006\023\236(\3044\361\255m\260\305"
 235      A006139E 
 235      28C434F1 
 235      AD6DB0C5 
 236 0021 3ED89A92 		.ascii	">\330\232\222\332\027\033\272\340h\211\024(.$\276]\204"
 236      DA171BBA 
 236      E0688914 
 236      282E24BE 
 236      5D84
 237 0033 52B0A42C 		.ascii	"R\260\244,R\261\240\206U\023E]\334E@\276\374XEPq\251"
 237      52B1A086 
 237      5513455D 
 237      DC4540BE 
 237      FC584550 
 238 0049 1F2808BB 		.ascii	"\037(\010\273\024\"\022c\201\026\253mc\033\272=\367"
 238      14221263 
 238      8116AB6D 
 238      631BBA3D 
 238      F7
 239 005a 63985DC2 		.ascii	"c\230]\302\032{\303\231\235;\373\377\377\316\271\347"
 239      1A7BC399 
 239      9D3BFBFF 
 239      FFCEB9E7 
 240 006a DE590C12 		.ascii	"\336Y\014\022Ht(FI\312\300\333dY\222\0028\"\361\331"
 240      48742846 
 240      49CAC0DB 
 240      64599202 
 240      3822F1D9 
 241 007e 56491F51 		.ascii	"VI\037Q\030M\030n\214\026\2146\214v\214N\214n\214k\030"
 241      184D186E 
 241      8C168C36 
 241      8C768C4E 
 241      8C6E8C6B 
 242 0093 7D189436 		.ascii	"}\030\2246(\205\016\352\323x\026\214\207\030C\030#\030"
 242      28850EEA 
 242      D378168C 
 242      87184318 
 242      2318
 243 00a5 7731AE08 		.ascii	"w1\256\010\337\200\370l\012\303\241\271\215A\234Q\214"
 243      DF80F86C 
 243      0AC3A1B9 
 243      8D419C51 
ARM GAS  C:\Users\JEFFSN~1\AppData\Local\Temp\ccd9QLub.s 			page 18


 243      8C
 244 00b6 73413C1F 		.ascii	"sA<\037F\217\320*B\257\325\266x\264\374\317\232Z\302"
 244      468FD02A 
 244      42AFD5B6 
 244      78B4FCCF 
 244      9A5AC2
 245 00c9 D4D4267A 		.ascii	"\324\324&z\263\230\343\307p\206\341\311\302\027n\235"
 245      B398E3C7 
 245      7086E1C9 
 245      C2176E9D 
 246 00d9 ED6198C1 		.ascii	"\355a\230\301,m\355\224\345\025\\Ex\373^Qo\347\"\266"
 246      2C6DED94 
 246      E5155C45 
 246      78FB5E51 
 246      6FE722B6 
 247 00ed C609668F 		.ascii	"\306\011f\217a\270\204\337+\270\235\242fw\030\356\274"
 247      61B884DF 
 247      2BB89DA2 
 247      667718EE 
 247      BC
 248 00fe 0C8186D6 		.ascii	"\014\201\206\326*\243\017F@\221\304\241\222\000\370"
 248      2AA30F46 
 248      4091C4A1 
 248      9200F8
 249 010d 1558483C 		.ascii	"\025XH<\330\024od\211\337h\217\026\206$$\262v\253\303"
 249      D8146F64 
 249      89DF688F 
 249      16862424 
 249      B276ABC3 
 250 0121 D89FF043 		.ascii	"\330\237\360C@\033\014\242\323A\230\370\\\230%a\002"
 250      401B0CA2 
 250      D34198F8 
 250      5C982561 
 250      02
 251 0132 594F007C 		.ascii	"YO\000|\2529\202x\213*\322j\326\322\260\266\263E\357"
 251      AA398278 
 251      8B2AD26A 
 251      D6D2B0B6 
 251      B345EF
 252 0145 1F6EFFCD 		.ascii	"\037n\377\315\254\310@\357\307_6~\220\344$8\354\204"
 252      ACC840EF 
 252      C75F367E 
 252      90E42438 
 252      EC84
 253 0157 C8EFE89D 		.ascii	"\310\357\350\235\271[\352>\254\274\220a\225\011\014"
 253      B95BEA3E 
 253      ACBC9061 
 253      95090C
 254 0166 387D3650 		.ascii	"8}6P?\271\034\247\253M\020\217\323\371\233\207\352\345"
 254      3FB91CA7 
 254      AB4D108F 
 254      D3F99B87 
 254      EAE5
 255 0178 B85AE62B 		.ascii	"\270Z\346+!\361\006\330\372\006\234\001\013\234\006"
 255      21F106D8 
 255      FA069C01 
 255      0B9C06
ARM GAS  C:\Users\JEFFSN~1\AppData\Local\Temp\ccd9QLub.s 			page 19


 256 0187 DC207042 		.ascii	"\334 pB\034^3\015\234\324t\377\301\237\206\265\016\342"
 256      1C5E330D 
 256      9CD474FF 
 256      C19F86B5 
 256      0EE2
 257 0199 719389E6 		.ascii	"q\223\211\346?\326\3279<\245hS\250\012\032A\201S\220"
 257      3FD6D739 
 257      3CA56853 
 257      A80A1A41 
 257      815390
 258 01ac 448B6CA4 		.ascii	"D\213l\244{ \301I\360a\275M\260\026\235G\207\375=\321"
 258      7B20C149 
 258      F061BD4D 
 258      B0169D47 
 258      87FD3DD1 
 259 01c0 CA6656E8 		.ascii	"\312fV\350\2533\272B2\236\264\237\370!\222g\364\374"
 259      AB33BA42 
 259      329EB49F 
 259      F8219267 
 259      F4FC
 260 01d2 D86F2EB7 		.ascii	"\330o.\267\027\023\362\005\325\300Y=\337\331\340|n\226"
 260      1713F205 
 260      D5C0593D 
 260      DFD9E07C 
 260      6E96
 261 01e4 AFB1B6EF 		.ascii	"\257\261\266\357\010(Y\257\221\357\\H>\357\336\261y"
 261      082859AF 
 261      91EF5C48 
 261      3EEFDEB1 
 261      79
 262 01f5 13E69BC0 		.ascii	"\023\346\233\300|\207URA\310^\003\225@\263\236\2569"
 262      7C875552 
 262      41C85E03 
 262      9540B39E 
 262      AE39
 263 0207 385D0B4B 		.ascii	"8]\013K\367\302;XcT\212X\272\362\361\322K1\002\361w"
 263      F7C23B58 
 263      63548A58 
 263      BAF2F1D2 
 263      4B3102F1 
 264 021c 30A25547 		.ascii	"0\242UG\264\006#\332\030\242\316\335\357\213Q*\2011"
 264      B40623DA 
 264      18A2CEDD 
 264      EF8B512A 
 264      8131
 265 022e F6D55CFB 		.ascii	"\366\325\\\373\236\226\341@\206\375\272\231\320e\277"
 265      9E96E140 
 265      86FDBA99 
 265      D065BF
 266 023d CB20E775 		.ascii	"\313 \347u\310\371`H;\203\234\275\3343/+\365\034r\365"
 266      C8F96048 
 266      3B839CBD 
 266      DC332F2B 
 266      F51C72F5 
 267 0251 E7E22A0D 		.ascii	"\347\342*\015\202\275\243\020\007\207t\350\220\216`"
 267      82BDA310 
 267      078774E8 
ARM GAS  C:\Users\JEFFSN~1\AppData\Local\Temp\ccd9QLub.s 			page 20


 267      908E60
 268 0260 4827830C 		.ascii	"H'\203\014T\316\224\313\312)\016\251\356\235v\262\206"
 268      54CE94CB 
 268      CA290EA9 
 268      EE9D76B2 
 268      86
 269 0271 103231F7 		.ascii	"\02021\367]Zu\211c\023Ct\351\210.\206\300\233nf/\275"
 269      5D5A7589 
 269      63134374 
 269      E9882E86 
 269      C09B6E66 
 270 0287 7DB31D94 		.ascii	"}\263\035\224Qnw}\363\370\224\021\017\233\305\004\001"
 270      516E777D 
 270      F3F89411 
 270      0F9BC504 
 270      01
 271 0298 A0F399CE 		.ascii	"\240\363\231\316\2271|N\277\256\253\236\3747Z\231fZ"
 271      97317C4E 
 271      BFAEAB9E 
 271      FC375A99 
 271      665A
 272 02aa 7970F2CC 		.ascii	"yp\362\314S\003$\232N\320\235\232\030\254\332q\360["
 272      5303249A 
 272      4ED09D9A 
 272      18ACDA71 
 272      F05B
 273 02bc 3CC87005 		.ascii	"<\310p\005LpY\317f1\341\265\034\233J\346\216\221\210"
 273      4C7059CF 
 273      6631E1B5 
 273      1C9B4AE6 
 273      8E9188
 274 02cf 3809D65B 		.ascii	"8\011\326[ \331\"\201\007\022)\225\252\340\022\356\356"
 274      20D92281 
 274      07122995 
 274      AAE012EE 
 274      EE
 275 02e0 45DC5DCC 		.ascii	"E\334]\3140u\260a:\302\200/\014\343\3406\3433g\227\177"
 275      3075B061 
 275      3AC2802F 
 275      0CE3E036 
 275      E3336797 
 276 02f5 2622EC81 		.ascii	"&\"\354\201\350a\007\342*\210\023a\377}j\326(\032\360"
 276      E86107E2 
 276      2A881361 
 276      FF7D6AD6 
 276      281AF0
 277 0308 ECD6C6EA 		.ascii	"\354\326\306\352\343e\036;0\025\\\320\253\272\240\365"
 277      E3651E3B 
 277      30155CD0 
 277      ABBAA0F5 
 278 0318 E01AEBC1 		.ascii	"\340\032\353\301sO\273=J\251\341/\246c\364\311a3'\340"
 278      734FBB3D 
 278      4AA9E12F 
 278      A663F4C9 
 278      613327E0 
 279 032c 81288D62 		.ascii	"\201(\215b\375\353\325\275\275\232\267\217y{\037?\352"
 279      FDEBD5BD 
ARM GAS  C:\Users\JEFFSN~1\AppData\Local\Temp\ccd9QLub.s 			page 21


 279      BD9AB78F 
 279      797B1F3F 
 279      EA
 280 033d 501407F7 		.ascii	"P\024\007\367\366\006\376\362\254\340\357\256\214\323"
 280      F606FEF2 
 280      ACE0EFAE 
 280      8CD3
 281 034b 7B73DE23 		.ascii	"{s\336#\321\374\335]Iw\270\326\177\337\254\270\270\364"
 281      D1FCDD5D 
 281      4977B8D6 
 281      7FDFACB8 
 281      B8F4
 282 035d D1ECE98A 		.ascii	"\321\354\351\212\025J7\233\030\274\225\277\270M\220"
 282      154A379B 
 282      18BC95BF 
 282      B84D90
 283 036c 9090187B 		.ascii	"\220\220\030{\214\266\312\323\360\325A\342)VX\023\372"
 283      8CB6CAD3 
 283      F0D541E2 
 283      29565813 
 283      FA
 284 037d 31F56D88 		.ascii	"1\365m\210\325\032\367\026]t\012\3755\346R\367\347\244"
 284      D51AF716 
 284      5D740AFD 
 284      35E652F7 
 284      E7A4
 285 038f 2482096F 		.ascii	"$\202\011o-!\\O\205l\207<\207TB\214T \211\225\320Q\315"
 285      2D215C4F 
 285      856C873C 
 285      8754428C 
 285      54208995 
 286 03a6 BAEA2104 		.ascii	"\272\352!\004\276\226\340&6\365\006k*\305\240\010~\302"
 286      BE96E026 
 286      36F5066B 
 286      2AC5A008 
 286      7EC2
 287 03b8 5DF24202 		.ascii	"]\362B\002\014@\202\366\3634W\346\274\027\251\364\261"
 287      0C4082F6 
 287      F33457E6 
 287      BC17A9F4 
 287      B1
 288 03c9 BAE5B2FA 		.ascii	"\272\345\262\372\2007\022b\023\227\304\300=t\207#\361"
 288      80371262 
 288      1397C4C0 
 288      3D748723 
 288      F1
 289 03da 9A5AA2F0 		.ascii	"\232Z\242\360\304\334E\311\035\275\277\264B\376k\371"
 289      C4DC45C9 
 289      1DBDBFB4 
 289      42FE6BF9 
 290 03ea AB670AD6 		.ascii	"\253g\012\326\035'\004\367\242\2713\273\206\220ML{\235"
 290      1D2704F7 
 290      A2B933BB 
 290      86904D4C 
 290      7B9D
 291 03fc 6B83CABD 		.ascii	"k\203\312\275\316\376\213\014\302:\372n\227>\037\212"
 291      CEFE8B0C 
ARM GAS  C:\Users\JEFFSN~1\AppData\Local\Temp\ccd9QLub.s 			page 22


 291      C23AFA6E 
 291      973E1F8A 
 292 040c 30E1892B 		.ascii	"0\341\211+y\275\0237\360\364h R\361\361\365\264\034"
 292      79BD1337 
 292      F0F46820 
 292      52F1F1F5 
 292      B41C
 293 041e A83B1009 		.ascii	"\250;\020\011\246\304%\354\303K\330\265\243\377q\375"
 293      A6C425EC 
 293      C34BD8B5 
 293      A3FF71FD 
 294 042e FE62120F 		.ascii	"\376b\022\017C\270\011\017\364\205\334\007\023_H\353"
 294      43B8090F 
 294      F485DC07 
 294      135F48EB 
 295 043e 9D59D732 		.ascii	"\235Y\3272\363>\272]x\200W\335X\316\224\372\021~\010"
 295      F33EBA5D 
 295      788057DD 
 295      58CE94FA 
 295      117E08
 296 0451 6676A0F0 		.ascii	"fv\240\360\023\325\027[{\032\314!j\272h]=\"\324#L\375"
 296      13D5175B 
 296      7B1ACC21 
 296      6ABA685D 
 296      3D22D423 
 297 0467 CF94EB49 		.ascii	"\317\224\353I\250\232\036W]=\012f\255\236Qf\030\367"
 297      A89A1E57 
 297      5D3D0A66 
 297      AD9E5166 
 297      18F7
 298 0479 574C4687 		.ascii	"WLF\207\030zB\014>\201\367\205\301;C\324~\241\366\207"
 298      187A420C 
 298      3E81F785 
 298      C13B43D4 
 298      7EA1F687 
 299 048d 51BB42D4 		.ascii	"Q\273B\324cBM?-\037n|/uCFJ\306'\352n[^\201\232\232\227"
 299      63424D3F 
 299      2D1F6E7C 
 299      2F754346 
 299      4AC627EA 
 300 04a8 BB237B67 		.ascii	"\273#{gR\276\265\300\226\224lL\373\350\323\370\324\224"
 300      52BEB5C0 
 300      96946C4C 
 300      FBE8D3F8 
 300      D494
 301 04ba 1429214D 		.ascii	"\024)!M\315U\013\2546u{Fz^aA\226\272mKz^\352\333\333"
 301      CD550BAC 
 301      36757B46 
 301      7A5E6141 
 301      96BA6D4B 
 302 04d3 34F396CD 		.ascii	"4\363\226\315IY\322\032m\366\231u\227Z\230\317\031)"
 302      4959D21A 
 302      6DF69975 
 302      975A98CF 
 302      1929
 303 04e5 ABB4A7E9 		.ascii	"\253\264\247\351\326\"A_\263d\316\230\005a\216\252\346"
 303      D622415F 
ARM GAS  C:\Users\JEFFSN~1\AppData\Local\Temp\ccd9QLub.s 			page 23


 303      B364CE98 
 303      05618EAA 
 303      E6
 304 04f6 2F0F852D 		.ascii	"/\017\205-L\337\317\265f\346\250o\276\272\236\244/\245"
 304      4CDFCFB5 
 304      66E6A86F 
 304      BEBA9EA4 
 304      2FA5
 305 0508 950B34D5 		.ascii	"\225\0134\325\266\325\232S\250.+\314\316\265m\010g\314"
 305      B6D59A53 
 305      A82E2BCC 
 305      CEB56D08 
 305      67CC
 306 051a DA63DB93 		.ascii	"\332c\333\223\257\356F\243y\301h\313\323\323fZ\263v"
 306      AFEE46A3 
 306      79C168CB 
 306      D3D3665A 
 306      B376
 307 052c 15E647AB 		.ascii	"\025\346G\253,{\272\015\001\246\355V\2335\243\210\242"
 307      2C7BBA0D 
 307      01A6ED56 
 307      9B35A388 
 307      A2
 308 053d 5787AAD2 		.ascii	"W\207\252\322m\005\205Y6C\201\272s\303\177\275\302\357"
 308      6D058559 
 308      364381BA 
 308      73C37FBD 
 308      C2EF
 309 054f 3D       		.ascii	"="
 310              		.text
 311              		.section	.gnu.lto_.symtab.807d53bb,"",%progbits
 312 0000 49444143 		.ascii	"IDAC8_1_SaveConfig\000"
 312      385F315F 
 312      53617665 
 312      436F6E66 
 312      696700
 313 0013 00       		.ascii	"\000"
 314 0014 00       		.ascii	"\000"
 315 0015 00       		.ascii	"\000"
 316 0016 00000000 		.ascii	"\000\000\000\000\000\000\000\000"
 316      00000000 
 317 001e B3000000 		.ascii	"\263\000\000\000"
 318 0022 49444143 		.ascii	"IDAC8_1_RestoreConfig\000"
 318      385F315F 
 318      52657374 
 318      6F726543 
 318      6F6E6669 
 319 0038 00       		.ascii	"\000"
 320 0039 00       		.ascii	"\000"
 321 003a 00       		.ascii	"\000"
 322 003b 00000000 		.ascii	"\000\000\000\000\000\000\000\000"
 322      00000000 
 323 0043 B5000000 		.ascii	"\265\000\000\000"
 324 0047 49444143 		.ascii	"IDAC8_1_Sleep\000"
 324      385F315F 
 324      536C6565 
 324      7000
ARM GAS  C:\Users\JEFFSN~1\AppData\Local\Temp\ccd9QLub.s 			page 24


 325 0055 00       		.ascii	"\000"
 326 0056 00       		.ascii	"\000"
 327 0057 00       		.ascii	"\000"
 328 0058 00000000 		.ascii	"\000\000\000\000\000\000\000\000"
 328      00000000 
 329 0060 B7000000 		.ascii	"\267\000\000\000"
 330 0064 49444143 		.ascii	"IDAC8_1_Wakeup\000"
 330      385F315F 
 330      57616B65 
 330      757000
 331 0073 00       		.ascii	"\000"
 332 0074 00       		.ascii	"\000"
 333 0075 00       		.ascii	"\000"
 334 0076 00000000 		.ascii	"\000\000\000\000\000\000\000\000"
 334      00000000 
 335 007e B9000000 		.ascii	"\271\000\000\000"
 336 0082 49444143 		.ascii	"IDAC8_1_Enable\000"
 336      385F315F 
 336      456E6162 
 336      6C6500
 337 0091 00       		.ascii	"\000"
 338 0092 02       		.ascii	"\002"
 339 0093 00       		.ascii	"\000"
 340 0094 00000000 		.ascii	"\000\000\000\000\000\000\000\000"
 340      00000000 
 341 009c BB000000 		.ascii	"\273\000\000\000"
 342 00a0 49444143 		.ascii	"IDAC8_1_SetValue\000"
 342      385F315F 
 342      53657456 
 342      616C7565 
 342      00
 343 00b1 00       		.ascii	"\000"
 344 00b2 02       		.ascii	"\002"
 345 00b3 00       		.ascii	"\000"
 346 00b4 00000000 		.ascii	"\000\000\000\000\000\000\000\000"
 346      00000000 
 347 00bc C4000000 		.ascii	"\304\000\000\000"
 348 00c0 49444143 		.ascii	"IDAC8_1_Stop\000"
 348      385F315F 
 348      53746F70 
 348      00
 349 00cd 00       		.ascii	"\000"
 350 00ce 02       		.ascii	"\002"
 351 00cf 00       		.ascii	"\000"
 352 00d0 00000000 		.ascii	"\000\000\000\000\000\000\000\000"
 352      00000000 
 353 00d8 C6000000 		.ascii	"\306\000\000\000"
 354              		.text
 355              		.section	.gnu.lto_.opts,"",%progbits
 356 0000 272D666D 		.ascii	"'-fmath-errno' '-fsigned-zeros' '-ftrapping-math' '"
 356      6174682D 
 356      6572726E 
 356      6F272027 
 356      2D667369 
 357 0033 2D666E6F 		.ascii	"-fno-trapv' '-fno-openmp' '-fno-openacc' '-mcpu=cor"
 357      2D747261 
 357      70762720 
ARM GAS  C:\Users\JEFFSN~1\AppData\Local\Temp\ccd9QLub.s 			page 25


 357      272D666E 
 357      6F2D6F70 
 358 0066 7465782D 		.ascii	"tex-m3' '-mthumb' '-g' '-O3' '-ffunction-sections' "
 358      6D332720 
 358      272D6D74 
 358      68756D62 
 358      2720272D 
 359 0099 272D6666 		.ascii	"'-ffat-lto-objects' '-finline-functions' '-flto'\000"
 359      61742D6C 
 359      746F2D6F 
 359      626A6563 
 359      74732720 
 360              		.text
 361              		.cfi_sections	.debug_frame
 362              		.section	.text.IDAC8_1_SaveConfig,"ax",%progbits
 363              		.align	2
 364              		.global	IDAC8_1_SaveConfig
 365              		.thumb
 366              		.thumb_func
 367              		.type	IDAC8_1_SaveConfig, %function
 368              	IDAC8_1_SaveConfig:
 369              	.LFB0:
 370              		.file 1 "Generated_Source\\PSoC5\\IDAC8_1_PM.c"
   1:Generated_Source\PSoC5/IDAC8_1_PM.c **** /*******************************************************************************
   2:Generated_Source\PSoC5/IDAC8_1_PM.c **** * File Name: IDAC8_1.c
   3:Generated_Source\PSoC5/IDAC8_1_PM.c **** * Version 2.0
   4:Generated_Source\PSoC5/IDAC8_1_PM.c **** *
   5:Generated_Source\PSoC5/IDAC8_1_PM.c **** * Description:
   6:Generated_Source\PSoC5/IDAC8_1_PM.c **** *  This file provides the power management source code to API for the
   7:Generated_Source\PSoC5/IDAC8_1_PM.c **** *  IDAC8.
   8:Generated_Source\PSoC5/IDAC8_1_PM.c **** *
   9:Generated_Source\PSoC5/IDAC8_1_PM.c **** * Note:
  10:Generated_Source\PSoC5/IDAC8_1_PM.c **** *  None
  11:Generated_Source\PSoC5/IDAC8_1_PM.c **** *
  12:Generated_Source\PSoC5/IDAC8_1_PM.c **** ********************************************************************************
  13:Generated_Source\PSoC5/IDAC8_1_PM.c **** * Copyright 2008-2012, Cypress Semiconductor Corporation.  All rights reserved.
  14:Generated_Source\PSoC5/IDAC8_1_PM.c **** * You may use this file only in accordance with the license, terms, conditions, 
  15:Generated_Source\PSoC5/IDAC8_1_PM.c **** * disclaimers, and limitations in the end user license agreement accompanying 
  16:Generated_Source\PSoC5/IDAC8_1_PM.c **** * the software package with which this file was provided.
  17:Generated_Source\PSoC5/IDAC8_1_PM.c **** *******************************************************************************/
  18:Generated_Source\PSoC5/IDAC8_1_PM.c **** 
  19:Generated_Source\PSoC5/IDAC8_1_PM.c **** 
  20:Generated_Source\PSoC5/IDAC8_1_PM.c **** #include "IDAC8_1.h"
  21:Generated_Source\PSoC5/IDAC8_1_PM.c **** 
  22:Generated_Source\PSoC5/IDAC8_1_PM.c **** static IDAC8_1_backupStruct IDAC8_1_backup;
  23:Generated_Source\PSoC5/IDAC8_1_PM.c **** 
  24:Generated_Source\PSoC5/IDAC8_1_PM.c **** 
  25:Generated_Source\PSoC5/IDAC8_1_PM.c **** /*******************************************************************************
  26:Generated_Source\PSoC5/IDAC8_1_PM.c **** * Function Name: IDAC8_1_SaveConfig
  27:Generated_Source\PSoC5/IDAC8_1_PM.c **** ********************************************************************************
  28:Generated_Source\PSoC5/IDAC8_1_PM.c **** * Summary:
  29:Generated_Source\PSoC5/IDAC8_1_PM.c **** *  Save the current user configuration
  30:Generated_Source\PSoC5/IDAC8_1_PM.c **** *
  31:Generated_Source\PSoC5/IDAC8_1_PM.c **** * Parameters:
  32:Generated_Source\PSoC5/IDAC8_1_PM.c **** *  void
  33:Generated_Source\PSoC5/IDAC8_1_PM.c **** *
  34:Generated_Source\PSoC5/IDAC8_1_PM.c **** * Return:
ARM GAS  C:\Users\JEFFSN~1\AppData\Local\Temp\ccd9QLub.s 			page 26


  35:Generated_Source\PSoC5/IDAC8_1_PM.c **** *  void
  36:Generated_Source\PSoC5/IDAC8_1_PM.c **** *
  37:Generated_Source\PSoC5/IDAC8_1_PM.c **** *******************************************************************************/
  38:Generated_Source\PSoC5/IDAC8_1_PM.c **** void IDAC8_1_SaveConfig(void) 
  39:Generated_Source\PSoC5/IDAC8_1_PM.c **** {
 371              		.loc 1 39 0
 372              		.cfi_startproc
 373              		@ args = 0, pretend = 0, frame = 0
 374              		@ frame_needed = 0, uses_anonymous_args = 0
 375              		@ link register save eliminated.
  40:Generated_Source\PSoC5/IDAC8_1_PM.c ****     if (!((IDAC8_1_CR1 & IDAC8_1_SRC_MASK) == IDAC8_1_SRC_UDB))
 376              		.loc 1 40 0
 377 0000 044B     		ldr	r3, .L4
 378 0002 1B78     		ldrb	r3, [r3]	@ zero_extendqisi2
 379 0004 9B06     		lsls	r3, r3, #26
 380 0006 03D4     		bmi	.L1
  41:Generated_Source\PSoC5/IDAC8_1_PM.c ****     {
  42:Generated_Source\PSoC5/IDAC8_1_PM.c ****         IDAC8_1_backup.data_value = IDAC8_1_Data;
 381              		.loc 1 42 0
 382 0008 034A     		ldr	r2, .L4+4
 383 000a 044B     		ldr	r3, .L4+8
 384 000c 1278     		ldrb	r2, [r2]	@ zero_extendqisi2
 385 000e 5A70     		strb	r2, [r3, #1]
 386              	.L1:
 387 0010 7047     		bx	lr
 388              	.L5:
 389 0012 00BF     		.align	2
 390              	.L4:
 391 0014 29580040 		.word	1073764393
 392 0018 825B0040 		.word	1073765250
 393 001c 00000000 		.word	.LANCHOR0
 394              		.cfi_endproc
 395              	.LFE0:
 396              		.size	IDAC8_1_SaveConfig, .-IDAC8_1_SaveConfig
 397              		.section	.text.IDAC8_1_RestoreConfig,"ax",%progbits
 398              		.align	2
 399              		.global	IDAC8_1_RestoreConfig
 400              		.thumb
 401              		.thumb_func
 402              		.type	IDAC8_1_RestoreConfig, %function
 403              	IDAC8_1_RestoreConfig:
 404              	.LFB1:
  43:Generated_Source\PSoC5/IDAC8_1_PM.c ****     }
  44:Generated_Source\PSoC5/IDAC8_1_PM.c **** }
  45:Generated_Source\PSoC5/IDAC8_1_PM.c **** 
  46:Generated_Source\PSoC5/IDAC8_1_PM.c **** 
  47:Generated_Source\PSoC5/IDAC8_1_PM.c **** /*******************************************************************************
  48:Generated_Source\PSoC5/IDAC8_1_PM.c **** * Function Name: IDAC8_1_RestoreConfig
  49:Generated_Source\PSoC5/IDAC8_1_PM.c **** ********************************************************************************
  50:Generated_Source\PSoC5/IDAC8_1_PM.c **** *
  51:Generated_Source\PSoC5/IDAC8_1_PM.c **** * Summary:
  52:Generated_Source\PSoC5/IDAC8_1_PM.c **** *  Restores the current user configuration.
  53:Generated_Source\PSoC5/IDAC8_1_PM.c **** *
  54:Generated_Source\PSoC5/IDAC8_1_PM.c **** * Parameters:
  55:Generated_Source\PSoC5/IDAC8_1_PM.c **** *  void
  56:Generated_Source\PSoC5/IDAC8_1_PM.c **** *
  57:Generated_Source\PSoC5/IDAC8_1_PM.c **** * Return:
ARM GAS  C:\Users\JEFFSN~1\AppData\Local\Temp\ccd9QLub.s 			page 27


  58:Generated_Source\PSoC5/IDAC8_1_PM.c **** *  void
  59:Generated_Source\PSoC5/IDAC8_1_PM.c **** *
  60:Generated_Source\PSoC5/IDAC8_1_PM.c **** *******************************************************************************/
  61:Generated_Source\PSoC5/IDAC8_1_PM.c **** void IDAC8_1_RestoreConfig(void) 
  62:Generated_Source\PSoC5/IDAC8_1_PM.c **** {
 405              		.loc 1 62 0
 406              		.cfi_startproc
 407              		@ args = 0, pretend = 0, frame = 0
 408              		@ frame_needed = 0, uses_anonymous_args = 0
 409              		@ link register save eliminated.
  63:Generated_Source\PSoC5/IDAC8_1_PM.c ****     if (!((IDAC8_1_CR1 & IDAC8_1_SRC_MASK) == IDAC8_1_SRC_UDB))
 410              		.loc 1 63 0
 411 0000 0C4B     		ldr	r3, .L10
 412 0002 1B78     		ldrb	r3, [r3]	@ zero_extendqisi2
 413 0004 9906     		lsls	r1, r3, #26
 414 0006 07D4     		bmi	.L6
  64:Generated_Source\PSoC5/IDAC8_1_PM.c ****     {
  65:Generated_Source\PSoC5/IDAC8_1_PM.c ****         if((IDAC8_1_Strobe & IDAC8_1_STRB_MASK) == IDAC8_1_STRB_EN)
 415              		.loc 1 65 0
 416 0008 0B4B     		ldr	r3, .L10+4
 417 000a 1A78     		ldrb	r2, [r3]	@ zero_extendqisi2
 418 000c 1207     		lsls	r2, r2, #28
 419 000e 04D4     		bmi	.L9
  66:Generated_Source\PSoC5/IDAC8_1_PM.c ****         {
  67:Generated_Source\PSoC5/IDAC8_1_PM.c ****             IDAC8_1_Strobe &= (uint8)(~IDAC8_1_STRB_MASK);
  68:Generated_Source\PSoC5/IDAC8_1_PM.c ****             IDAC8_1_Data = IDAC8_1_backup.data_value;
  69:Generated_Source\PSoC5/IDAC8_1_PM.c ****             IDAC8_1_Strobe |= IDAC8_1_STRB_EN;
  70:Generated_Source\PSoC5/IDAC8_1_PM.c ****         }
  71:Generated_Source\PSoC5/IDAC8_1_PM.c ****         else
  72:Generated_Source\PSoC5/IDAC8_1_PM.c ****         {
  73:Generated_Source\PSoC5/IDAC8_1_PM.c ****             IDAC8_1_Data = IDAC8_1_backup.data_value;
 420              		.loc 1 73 0
 421 0010 0A4A     		ldr	r2, .L10+8
 422 0012 0B4B     		ldr	r3, .L10+12
 423 0014 5278     		ldrb	r2, [r2, #1]	@ zero_extendqisi2
 424 0016 1A70     		strb	r2, [r3]
 425              	.L6:
 426 0018 7047     		bx	lr
 427              	.L9:
 428              	.LBB6:
 429              	.LBB7:
  68:Generated_Source\PSoC5/IDAC8_1_PM.c ****             IDAC8_1_Strobe |= IDAC8_1_STRB_EN;
 430              		.loc 1 68 0
 431 001a 0849     		ldr	r1, .L10+8
  67:Generated_Source\PSoC5/IDAC8_1_PM.c ****             IDAC8_1_Data = IDAC8_1_backup.data_value;
 432              		.loc 1 67 0
 433 001c 1A78     		ldrb	r2, [r3]	@ zero_extendqisi2
  68:Generated_Source\PSoC5/IDAC8_1_PM.c ****             IDAC8_1_Strobe |= IDAC8_1_STRB_EN;
 434              		.loc 1 68 0
 435 001e 4878     		ldrb	r0, [r1, #1]	@ zero_extendqisi2
 436 0020 0749     		ldr	r1, .L10+12
  67:Generated_Source\PSoC5/IDAC8_1_PM.c ****             IDAC8_1_Data = IDAC8_1_backup.data_value;
 437              		.loc 1 67 0
 438 0022 02F0F702 		and	r2, r2, #247
 439 0026 1A70     		strb	r2, [r3]
  68:Generated_Source\PSoC5/IDAC8_1_PM.c ****             IDAC8_1_Strobe |= IDAC8_1_STRB_EN;
 440              		.loc 1 68 0
ARM GAS  C:\Users\JEFFSN~1\AppData\Local\Temp\ccd9QLub.s 			page 28


 441 0028 0870     		strb	r0, [r1]
  69:Generated_Source\PSoC5/IDAC8_1_PM.c ****         }
 442              		.loc 1 69 0
 443 002a 1A78     		ldrb	r2, [r3]	@ zero_extendqisi2
 444 002c 42F00802 		orr	r2, r2, #8
 445 0030 1A70     		strb	r2, [r3]
 446 0032 7047     		bx	lr
 447              	.L11:
 448              		.align	2
 449              	.L10:
 450 0034 29580040 		.word	1073764393
 451 0038 975A0040 		.word	1073765015
 452 003c 00000000 		.word	.LANCHOR0
 453 0040 825B0040 		.word	1073765250
 454              	.LBE7:
 455              	.LBE6:
 456              		.cfi_endproc
 457              	.LFE1:
 458              		.size	IDAC8_1_RestoreConfig, .-IDAC8_1_RestoreConfig
 459              		.section	.text.IDAC8_1_Sleep,"ax",%progbits
 460              		.align	2
 461              		.global	IDAC8_1_Sleep
 462              		.thumb
 463              		.thumb_func
 464              		.type	IDAC8_1_Sleep, %function
 465              	IDAC8_1_Sleep:
 466              	.LFB2:
  74:Generated_Source\PSoC5/IDAC8_1_PM.c ****         }
  75:Generated_Source\PSoC5/IDAC8_1_PM.c ****     }
  76:Generated_Source\PSoC5/IDAC8_1_PM.c **** }
  77:Generated_Source\PSoC5/IDAC8_1_PM.c **** 
  78:Generated_Source\PSoC5/IDAC8_1_PM.c **** 
  79:Generated_Source\PSoC5/IDAC8_1_PM.c **** /*******************************************************************************
  80:Generated_Source\PSoC5/IDAC8_1_PM.c **** * Function Name: IDAC8_1_Sleep
  81:Generated_Source\PSoC5/IDAC8_1_PM.c **** ********************************************************************************
  82:Generated_Source\PSoC5/IDAC8_1_PM.c **** * Summary:
  83:Generated_Source\PSoC5/IDAC8_1_PM.c **** *  Stop and Save the user configuration
  84:Generated_Source\PSoC5/IDAC8_1_PM.c **** *
  85:Generated_Source\PSoC5/IDAC8_1_PM.c **** * Parameters:
  86:Generated_Source\PSoC5/IDAC8_1_PM.c **** *  void:
  87:Generated_Source\PSoC5/IDAC8_1_PM.c **** *
  88:Generated_Source\PSoC5/IDAC8_1_PM.c **** * Return:
  89:Generated_Source\PSoC5/IDAC8_1_PM.c **** *  void
  90:Generated_Source\PSoC5/IDAC8_1_PM.c **** *
  91:Generated_Source\PSoC5/IDAC8_1_PM.c **** * Global variables:
  92:Generated_Source\PSoC5/IDAC8_1_PM.c **** *  IDAC8_1_backup.enableState: Is modified depending on the enable 
  93:Generated_Source\PSoC5/IDAC8_1_PM.c **** *  state of the block before entering sleep mode.
  94:Generated_Source\PSoC5/IDAC8_1_PM.c **** *
  95:Generated_Source\PSoC5/IDAC8_1_PM.c **** *******************************************************************************/
  96:Generated_Source\PSoC5/IDAC8_1_PM.c **** void IDAC8_1_Sleep(void) 
  97:Generated_Source\PSoC5/IDAC8_1_PM.c **** {
 467              		.loc 1 97 0
 468              		.cfi_startproc
 469              		@ args = 0, pretend = 0, frame = 0
 470              		@ frame_needed = 0, uses_anonymous_args = 0
 471 0000 10B5     		push	{r4, lr}
 472              		.cfi_def_cfa_offset 8
ARM GAS  C:\Users\JEFFSN~1\AppData\Local\Temp\ccd9QLub.s 			page 29


 473              		.cfi_offset 4, -8
 474              		.cfi_offset 14, -4
  98:Generated_Source\PSoC5/IDAC8_1_PM.c ****     if(IDAC8_1_ACT_PWR_EN == (IDAC8_1_PWRMGR & IDAC8_1_ACT_PWR_EN))
 475              		.loc 1 98 0
 476 0002 084B     		ldr	r3, .L15
 477 0004 084C     		ldr	r4, .L15+4
 478 0006 1B78     		ldrb	r3, [r3]	@ zero_extendqisi2
 479 0008 C3F38003 		ubfx	r3, r3, #2, #1
 480 000c 2370     		strb	r3, [r4]
  99:Generated_Source\PSoC5/IDAC8_1_PM.c ****     {
 100:Generated_Source\PSoC5/IDAC8_1_PM.c ****         /* IDAC8 is enabled */
 101:Generated_Source\PSoC5/IDAC8_1_PM.c ****         IDAC8_1_backup.enableState = 1u;
 102:Generated_Source\PSoC5/IDAC8_1_PM.c ****     }
 103:Generated_Source\PSoC5/IDAC8_1_PM.c ****     else
 104:Generated_Source\PSoC5/IDAC8_1_PM.c ****     {
 105:Generated_Source\PSoC5/IDAC8_1_PM.c ****         /* IDAC8 is disabled */
 106:Generated_Source\PSoC5/IDAC8_1_PM.c ****         IDAC8_1_backup.enableState = 0u;
 107:Generated_Source\PSoC5/IDAC8_1_PM.c ****     }
 108:Generated_Source\PSoC5/IDAC8_1_PM.c **** 
 109:Generated_Source\PSoC5/IDAC8_1_PM.c ****     IDAC8_1_Stop();
 481              		.loc 1 109 0
 482 000e FFF7FEFF 		bl	IDAC8_1_Stop
 483              	.LVL0:
 484              	.LBB8:
 485              	.LBB9:
  40:Generated_Source\PSoC5/IDAC8_1_PM.c ****     {
 486              		.loc 1 40 0
 487 0012 064B     		ldr	r3, .L15+8
 488 0014 1B78     		ldrb	r3, [r3]	@ zero_extendqisi2
 489 0016 9B06     		lsls	r3, r3, #26
 490 0018 02D4     		bmi	.L12
  42:Generated_Source\PSoC5/IDAC8_1_PM.c ****     }
 491              		.loc 1 42 0
 492 001a 054B     		ldr	r3, .L15+12
 493 001c 1B78     		ldrb	r3, [r3]	@ zero_extendqisi2
 494 001e 6370     		strb	r3, [r4, #1]
 495              	.L12:
 496 0020 10BD     		pop	{r4, pc}
 497              	.L16:
 498 0022 00BF     		.align	2
 499              	.L15:
 500 0024 A8430040 		.word	1073759144
 501 0028 00000000 		.word	.LANCHOR0
 502 002c 29580040 		.word	1073764393
 503 0030 825B0040 		.word	1073765250
 504              	.LBE9:
 505              	.LBE8:
 506              		.cfi_endproc
 507              	.LFE2:
 508              		.size	IDAC8_1_Sleep, .-IDAC8_1_Sleep
 509              		.section	.text.IDAC8_1_Wakeup,"ax",%progbits
 510              		.align	2
 511              		.global	IDAC8_1_Wakeup
 512              		.thumb
 513              		.thumb_func
 514              		.type	IDAC8_1_Wakeup, %function
 515              	IDAC8_1_Wakeup:
ARM GAS  C:\Users\JEFFSN~1\AppData\Local\Temp\ccd9QLub.s 			page 30


 516              	.LFB3:
 110:Generated_Source\PSoC5/IDAC8_1_PM.c ****     IDAC8_1_SaveConfig();
 111:Generated_Source\PSoC5/IDAC8_1_PM.c **** }
 112:Generated_Source\PSoC5/IDAC8_1_PM.c **** 
 113:Generated_Source\PSoC5/IDAC8_1_PM.c **** 
 114:Generated_Source\PSoC5/IDAC8_1_PM.c **** /*******************************************************************************
 115:Generated_Source\PSoC5/IDAC8_1_PM.c **** * Function Name: IDAC8_1_Wakeup
 116:Generated_Source\PSoC5/IDAC8_1_PM.c **** ********************************************************************************
 117:Generated_Source\PSoC5/IDAC8_1_PM.c **** *
 118:Generated_Source\PSoC5/IDAC8_1_PM.c **** * Summary:
 119:Generated_Source\PSoC5/IDAC8_1_PM.c **** *  Restores and enables the user configuration
 120:Generated_Source\PSoC5/IDAC8_1_PM.c **** *  
 121:Generated_Source\PSoC5/IDAC8_1_PM.c **** * Parameters:
 122:Generated_Source\PSoC5/IDAC8_1_PM.c **** *  void
 123:Generated_Source\PSoC5/IDAC8_1_PM.c **** *
 124:Generated_Source\PSoC5/IDAC8_1_PM.c **** * Return:
 125:Generated_Source\PSoC5/IDAC8_1_PM.c **** *  void
 126:Generated_Source\PSoC5/IDAC8_1_PM.c **** *
 127:Generated_Source\PSoC5/IDAC8_1_PM.c **** * Global variables:
 128:Generated_Source\PSoC5/IDAC8_1_PM.c **** *  IDAC8_1_backup.enableState: Is used to restore the enable state of 
 129:Generated_Source\PSoC5/IDAC8_1_PM.c **** *  block on wakeup from sleep mode.
 130:Generated_Source\PSoC5/IDAC8_1_PM.c **** *
 131:Generated_Source\PSoC5/IDAC8_1_PM.c **** *******************************************************************************/
 132:Generated_Source\PSoC5/IDAC8_1_PM.c **** void IDAC8_1_Wakeup(void) 
 133:Generated_Source\PSoC5/IDAC8_1_PM.c **** {
 517              		.loc 1 133 0
 518              		.cfi_startproc
 519              		@ args = 0, pretend = 0, frame = 0
 520              		@ frame_needed = 0, uses_anonymous_args = 0
 521 0000 08B5     		push	{r3, lr}
 522              		.cfi_def_cfa_offset 8
 523              		.cfi_offset 3, -8
 524              		.cfi_offset 14, -4
 525              	.LBB16:
 526              	.LBB17:
  63:Generated_Source\PSoC5/IDAC8_1_PM.c ****     {
 527              		.loc 1 63 0
 528 0002 144B     		ldr	r3, .L27
 529 0004 1B78     		ldrb	r3, [r3]	@ zero_extendqisi2
 530 0006 9A06     		lsls	r2, r3, #26
 531 0008 22D4     		bmi	.L24
  65:Generated_Source\PSoC5/IDAC8_1_PM.c ****         {
 532              		.loc 1 65 0
 533 000a 134A     		ldr	r2, .L27+4
 534 000c 1378     		ldrb	r3, [r2]	@ zero_extendqisi2
 535 000e 1B07     		lsls	r3, r3, #28
 536 0010 07D4     		bmi	.L25
  73:Generated_Source\PSoC5/IDAC8_1_PM.c ****         }
 537              		.loc 1 73 0
 538 0012 124B     		ldr	r3, .L27+8
 539 0014 124A     		ldr	r2, .L27+12
 540 0016 5978     		ldrb	r1, [r3, #1]	@ zero_extendqisi2
 541 0018 1170     		strb	r1, [r2]
 542              	.L18:
 543              	.LBE17:
 544              	.LBE16:
 134:Generated_Source\PSoC5/IDAC8_1_PM.c ****     IDAC8_1_RestoreConfig();
ARM GAS  C:\Users\JEFFSN~1\AppData\Local\Temp\ccd9QLub.s 			page 31


 135:Generated_Source\PSoC5/IDAC8_1_PM.c ****     
 136:Generated_Source\PSoC5/IDAC8_1_PM.c ****     if(IDAC8_1_backup.enableState == 1u)
 545              		.loc 1 136 0
 546 001a 1B78     		ldrb	r3, [r3]	@ zero_extendqisi2
 547 001c 012B     		cmp	r3, #1
 548 001e 0FD0     		beq	.L26
 549              	.L17:
 550 0020 08BD     		pop	{r3, pc}
 551              	.L25:
 552              	.LBB21:
 553              	.LBB20:
 554              	.LBB18:
 555              	.LBB19:
  67:Generated_Source\PSoC5/IDAC8_1_PM.c ****             IDAC8_1_Data = IDAC8_1_backup.data_value;
 556              		.loc 1 67 0
 557 0022 1178     		ldrb	r1, [r2]	@ zero_extendqisi2
  68:Generated_Source\PSoC5/IDAC8_1_PM.c ****             IDAC8_1_Strobe |= IDAC8_1_STRB_EN;
 558              		.loc 1 68 0
 559 0024 0D4B     		ldr	r3, .L27+8
  67:Generated_Source\PSoC5/IDAC8_1_PM.c ****             IDAC8_1_Data = IDAC8_1_backup.data_value;
 560              		.loc 1 67 0
 561 0026 01F0F701 		and	r1, r1, #247
 562 002a 1170     		strb	r1, [r2]
  68:Generated_Source\PSoC5/IDAC8_1_PM.c ****             IDAC8_1_Strobe |= IDAC8_1_STRB_EN;
 563              		.loc 1 68 0
 564 002c 5878     		ldrb	r0, [r3, #1]	@ zero_extendqisi2
 565 002e 0C49     		ldr	r1, .L27+12
 566 0030 0870     		strb	r0, [r1]
  69:Generated_Source\PSoC5/IDAC8_1_PM.c ****         }
 567              		.loc 1 69 0
 568 0032 1178     		ldrb	r1, [r2]	@ zero_extendqisi2
 569 0034 41F00801 		orr	r1, r1, #8
 570 0038 1170     		strb	r1, [r2]
 571              	.LBE19:
 572              	.LBE18:
 573              	.LBE20:
 574              	.LBE21:
 575              		.loc 1 136 0
 576 003a 1B78     		ldrb	r3, [r3]	@ zero_extendqisi2
 577 003c 012B     		cmp	r3, #1
 578 003e EFD1     		bne	.L17
 579              	.L26:
 580              	.LBB22:
 581              	.LBB23:
 137:Generated_Source\PSoC5/IDAC8_1_PM.c ****     {
 138:Generated_Source\PSoC5/IDAC8_1_PM.c ****         /* Enable IDAC8's operation */
 139:Generated_Source\PSoC5/IDAC8_1_PM.c ****         IDAC8_1_Enable();
 582              		.loc 1 139 0
 583 0040 FFF7FEFF 		bl	IDAC8_1_Enable
 584              	.LVL1:
 140:Generated_Source\PSoC5/IDAC8_1_PM.c ****         
 141:Generated_Source\PSoC5/IDAC8_1_PM.c ****         /* Set the data register */
 142:Generated_Source\PSoC5/IDAC8_1_PM.c ****         IDAC8_1_SetValue(IDAC8_1_Data);
 585              		.loc 1 142 0
 586 0044 064B     		ldr	r3, .L27+12
 587 0046 1878     		ldrb	r0, [r3]	@ zero_extendqisi2
 588              	.LBE23:
ARM GAS  C:\Users\JEFFSN~1\AppData\Local\Temp\ccd9QLub.s 			page 32


 589              	.LBE22:
 143:Generated_Source\PSoC5/IDAC8_1_PM.c ****     } /* Do nothing if IDAC8 was disabled before */    
 144:Generated_Source\PSoC5/IDAC8_1_PM.c **** }
 590              		.loc 1 144 0
 591 0048 BDE80840 		pop	{r3, lr}
 592              		.cfi_remember_state
 593              		.cfi_restore 14
 594              		.cfi_restore 3
 595              		.cfi_def_cfa_offset 0
 596              	.LBB25:
 597              	.LBB24:
 142:Generated_Source\PSoC5/IDAC8_1_PM.c ****     } /* Do nothing if IDAC8 was disabled before */    
 598              		.loc 1 142 0
 599 004c FFF7FEBF 		b	IDAC8_1_SetValue
 600              	.LVL2:
 601              	.L24:
 602              		.cfi_restore_state
 603 0050 024B     		ldr	r3, .L27+8
 604 0052 E2E7     		b	.L18
 605              	.L28:
 606              		.align	2
 607              	.L27:
 608 0054 29580040 		.word	1073764393
 609 0058 975A0040 		.word	1073765015
 610 005c 00000000 		.word	.LANCHOR0
 611 0060 825B0040 		.word	1073765250
 612              	.LBE24:
 613              	.LBE25:
 614              		.cfi_endproc
 615              	.LFE3:
 616              		.size	IDAC8_1_Wakeup, .-IDAC8_1_Wakeup
 617              		.bss
 618              		.align	2
 619              		.set	.LANCHOR0,. + 0
 620              		.type	IDAC8_1_backup, %object
 621              		.size	IDAC8_1_backup, 2
 622              	IDAC8_1_backup:
 623 0000 0000     		.space	2
 624              		.text
 625              	.Letext0:
 626              		.file 2 "Generated_Source\\PSoC5\\cytypes.h"
 627              		.file 3 "Generated_Source\\PSoC5\\IDAC8_1.h"
 628              		.section	.debug_info,"",%progbits
 629              	.Ldebug_info0:
 630 0000 91010000 		.4byte	0x191
 631 0004 0400     		.2byte	0x4
 632 0006 00000000 		.4byte	.Ldebug_abbrev0
 633 000a 04       		.byte	0x4
 634 000b 01       		.uleb128 0x1
 635 000c 40000000 		.4byte	.LASF23
 636 0010 0C       		.byte	0xc
 637 0011 7A010000 		.4byte	.LASF24
 638 0015 B6010000 		.4byte	.LASF25
 639 0019 18000000 		.4byte	.Ldebug_ranges0+0x18
 640 001d 00000000 		.4byte	0
 641 0021 00000000 		.4byte	.Ldebug_line0
 642 0025 02       		.uleb128 0x2
ARM GAS  C:\Users\JEFFSN~1\AppData\Local\Temp\ccd9QLub.s 			page 33


 643 0026 01       		.byte	0x1
 644 0027 06       		.byte	0x6
 645 0028 68020000 		.4byte	.LASF0
 646 002c 02       		.uleb128 0x2
 647 002d 01       		.byte	0x1
 648 002e 08       		.byte	0x8
 649 002f 24000000 		.4byte	.LASF1
 650 0033 02       		.uleb128 0x2
 651 0034 02       		.byte	0x2
 652 0035 05       		.byte	0x5
 653 0036 34020000 		.4byte	.LASF2
 654 003a 02       		.uleb128 0x2
 655 003b 02       		.byte	0x2
 656 003c 07       		.byte	0x7
 657 003d F9000000 		.4byte	.LASF3
 658 0041 02       		.uleb128 0x2
 659 0042 04       		.byte	0x4
 660 0043 05       		.byte	0x5
 661 0044 53020000 		.4byte	.LASF4
 662 0048 02       		.uleb128 0x2
 663 0049 04       		.byte	0x4
 664 004a 07       		.byte	0x7
 665 004b E7000000 		.4byte	.LASF5
 666 004f 02       		.uleb128 0x2
 667 0050 08       		.byte	0x8
 668 0051 05       		.byte	0x5
 669 0052 A3010000 		.4byte	.LASF6
 670 0056 02       		.uleb128 0x2
 671 0057 08       		.byte	0x8
 672 0058 07       		.byte	0x7
 673 0059 63010000 		.4byte	.LASF7
 674 005d 03       		.uleb128 0x3
 675 005e 04       		.byte	0x4
 676 005f 05       		.byte	0x5
 677 0060 696E7400 		.ascii	"int\000"
 678 0064 02       		.uleb128 0x2
 679 0065 04       		.byte	0x4
 680 0066 07       		.byte	0x7
 681 0067 45010000 		.4byte	.LASF8
 682 006b 04       		.uleb128 0x4
 683 006c 3E020000 		.4byte	.LASF12
 684 0070 02       		.byte	0x2
 685 0071 E401     		.2byte	0x1e4
 686 0073 2C000000 		.4byte	0x2c
 687 0077 02       		.uleb128 0x2
 688 0078 04       		.byte	0x4
 689 0079 04       		.byte	0x4
 690 007a 1E000000 		.4byte	.LASF9
 691 007e 02       		.uleb128 0x2
 692 007f 08       		.byte	0x8
 693 0080 04       		.byte	0x4
 694 0081 1B010000 		.4byte	.LASF10
 695 0085 02       		.uleb128 0x2
 696 0086 01       		.byte	0x1
 697 0087 08       		.byte	0x8
 698 0088 B1010000 		.4byte	.LASF11
 699 008c 04       		.uleb128 0x4
ARM GAS  C:\Users\JEFFSN~1\AppData\Local\Temp\ccd9QLub.s 			page 34


 700 008d 9E010000 		.4byte	.LASF13
 701 0091 02       		.byte	0x2
 702 0092 8E02     		.2byte	0x28e
 703 0094 98000000 		.4byte	0x98
 704 0098 05       		.uleb128 0x5
 705 0099 6B000000 		.4byte	0x6b
 706 009d 06       		.uleb128 0x6
 707 009e 02       		.byte	0x2
 708 009f 03       		.byte	0x3
 709 00a0 25       		.byte	0x25
 710 00a1 BE000000 		.4byte	0xbe
 711 00a5 07       		.uleb128 0x7
 712 00a6 5C020000 		.4byte	.LASF14
 713 00aa 03       		.byte	0x3
 714 00ab 27       		.byte	0x27
 715 00ac 6B000000 		.4byte	0x6b
 716 00b0 00       		.byte	0
 717 00b1 07       		.uleb128 0x7
 718 00b2 13000000 		.4byte	.LASF15
 719 00b6 03       		.byte	0x3
 720 00b7 28       		.byte	0x28
 721 00b8 6B000000 		.4byte	0x6b
 722 00bc 01       		.byte	0x1
 723 00bd 00       		.byte	0
 724 00be 08       		.uleb128 0x8
 725 00bf 74020000 		.4byte	.LASF16
 726 00c3 03       		.byte	0x3
 727 00c4 29       		.byte	0x29
 728 00c5 9D000000 		.4byte	0x9d
 729 00c9 09       		.uleb128 0x9
 730 00ca 22010000 		.4byte	.LASF17
 731 00ce 01       		.byte	0x1
 732 00cf 3D       		.byte	0x3d
 733 00d0 01       		.byte	0x1
 734 00d1 09       		.uleb128 0x9
 735 00d2 00000000 		.4byte	.LASF18
 736 00d6 01       		.byte	0x1
 737 00d7 26       		.byte	0x26
 738 00d8 01       		.byte	0x1
 739 00d9 09       		.uleb128 0x9
 740 00da 44020000 		.4byte	.LASF19
 741 00de 01       		.byte	0x1
 742 00df 84       		.byte	0x84
 743 00e0 01       		.byte	0x1
 744 00e1 0A       		.uleb128 0xa
 745 00e2 D1000000 		.4byte	0xd1
 746 00e6 00000000 		.4byte	.LFB0
 747 00ea 20000000 		.4byte	.LFE0-.LFB0
 748 00ee 01       		.uleb128 0x1
 749 00ef 9C       		.byte	0x9c
 750 00f0 0A       		.uleb128 0xa
 751 00f1 C9000000 		.4byte	0xc9
 752 00f5 00000000 		.4byte	.LFB1
 753 00f9 44000000 		.4byte	.LFE1-.LFB1
 754 00fd 01       		.uleb128 0x1
 755 00fe 9C       		.byte	0x9c
 756 00ff 0B       		.uleb128 0xb
ARM GAS  C:\Users\JEFFSN~1\AppData\Local\Temp\ccd9QLub.s 			page 35


 757 0100 32000000 		.4byte	.LASF26
 758 0104 01       		.byte	0x1
 759 0105 60       		.byte	0x60
 760 0106 00000000 		.4byte	.LFB2
 761 010a 34000000 		.4byte	.LFE2-.LFB2
 762 010e 01       		.uleb128 0x1
 763 010f 9C       		.byte	0x9c
 764 0110 2D010000 		.4byte	0x12d
 765 0114 0C       		.uleb128 0xc
 766 0115 D1000000 		.4byte	0xd1
 767 0119 12000000 		.4byte	.LBB8
 768 011d 22000000 		.4byte	.LBE8-.LBB8
 769 0121 01       		.byte	0x1
 770 0122 6E       		.byte	0x6e
 771 0123 0D       		.uleb128 0xd
 772 0124 12000000 		.4byte	.LVL0
 773 0128 73010000 		.4byte	0x173
 774 012c 00       		.byte	0
 775 012d 0E       		.uleb128 0xe
 776 012e D9000000 		.4byte	0xd9
 777 0132 00000000 		.4byte	.LFB3
 778 0136 64000000 		.4byte	.LFE3-.LFB3
 779 013a 01       		.uleb128 0x1
 780 013b 9C       		.byte	0x9c
 781 013c 62010000 		.4byte	0x162
 782 0140 0F       		.uleb128 0xf
 783 0141 C9000000 		.4byte	0xc9
 784 0145 02000000 		.4byte	.LBB16
 785 0149 00000000 		.4byte	.Ldebug_ranges0+0
 786 014d 01       		.byte	0x1
 787 014e 86       		.byte	0x86
 788 014f 0D       		.uleb128 0xd
 789 0150 44000000 		.4byte	.LVL1
 790 0154 7E010000 		.4byte	0x17e
 791 0158 10       		.uleb128 0x10
 792 0159 50000000 		.4byte	.LVL2
 793 015d 89010000 		.4byte	0x189
 794 0161 00       		.byte	0
 795 0162 11       		.uleb128 0x11
 796 0163 25020000 		.4byte	.LASF27
 797 0167 01       		.byte	0x1
 798 0168 16       		.byte	0x16
 799 0169 BE000000 		.4byte	0xbe
 800 016d 05       		.uleb128 0x5
 801 016e 03       		.byte	0x3
 802 016f 00000000 		.4byte	IDAC8_1_backup
 803 0173 12       		.uleb128 0x12
 804 0174 38010000 		.4byte	.LASF20
 805 0178 38010000 		.4byte	.LASF20
 806 017c 03       		.byte	0x3
 807 017d 3D       		.byte	0x3d
 808 017e 12       		.uleb128 0x12
 809 017f 0C010000 		.4byte	.LASF21
 810 0183 0C010000 		.4byte	.LASF21
 811 0187 03       		.byte	0x3
 812 0188 46       		.byte	0x46
 813 0189 12       		.uleb128 0x12
ARM GAS  C:\Users\JEFFSN~1\AppData\Local\Temp\ccd9QLub.s 			page 36


 814 018a 52010000 		.4byte	.LASF22
 815 018e 52010000 		.4byte	.LASF22
 816 0192 03       		.byte	0x3
 817 0193 41       		.byte	0x41
 818 0194 00       		.byte	0
 819              		.section	.debug_abbrev,"",%progbits
 820              	.Ldebug_abbrev0:
 821 0000 01       		.uleb128 0x1
 822 0001 11       		.uleb128 0x11
 823 0002 01       		.byte	0x1
 824 0003 25       		.uleb128 0x25
 825 0004 0E       		.uleb128 0xe
 826 0005 13       		.uleb128 0x13
 827 0006 0B       		.uleb128 0xb
 828 0007 03       		.uleb128 0x3
 829 0008 0E       		.uleb128 0xe
 830 0009 1B       		.uleb128 0x1b
 831 000a 0E       		.uleb128 0xe
 832 000b 55       		.uleb128 0x55
 833 000c 17       		.uleb128 0x17
 834 000d 11       		.uleb128 0x11
 835 000e 01       		.uleb128 0x1
 836 000f 10       		.uleb128 0x10
 837 0010 17       		.uleb128 0x17
 838 0011 00       		.byte	0
 839 0012 00       		.byte	0
 840 0013 02       		.uleb128 0x2
 841 0014 24       		.uleb128 0x24
 842 0015 00       		.byte	0
 843 0016 0B       		.uleb128 0xb
 844 0017 0B       		.uleb128 0xb
 845 0018 3E       		.uleb128 0x3e
 846 0019 0B       		.uleb128 0xb
 847 001a 03       		.uleb128 0x3
 848 001b 0E       		.uleb128 0xe
 849 001c 00       		.byte	0
 850 001d 00       		.byte	0
 851 001e 03       		.uleb128 0x3
 852 001f 24       		.uleb128 0x24
 853 0020 00       		.byte	0
 854 0021 0B       		.uleb128 0xb
 855 0022 0B       		.uleb128 0xb
 856 0023 3E       		.uleb128 0x3e
 857 0024 0B       		.uleb128 0xb
 858 0025 03       		.uleb128 0x3
 859 0026 08       		.uleb128 0x8
 860 0027 00       		.byte	0
 861 0028 00       		.byte	0
 862 0029 04       		.uleb128 0x4
 863 002a 16       		.uleb128 0x16
 864 002b 00       		.byte	0
 865 002c 03       		.uleb128 0x3
 866 002d 0E       		.uleb128 0xe
 867 002e 3A       		.uleb128 0x3a
 868 002f 0B       		.uleb128 0xb
 869 0030 3B       		.uleb128 0x3b
 870 0031 05       		.uleb128 0x5
ARM GAS  C:\Users\JEFFSN~1\AppData\Local\Temp\ccd9QLub.s 			page 37


 871 0032 49       		.uleb128 0x49
 872 0033 13       		.uleb128 0x13
 873 0034 00       		.byte	0
 874 0035 00       		.byte	0
 875 0036 05       		.uleb128 0x5
 876 0037 35       		.uleb128 0x35
 877 0038 00       		.byte	0
 878 0039 49       		.uleb128 0x49
 879 003a 13       		.uleb128 0x13
 880 003b 00       		.byte	0
 881 003c 00       		.byte	0
 882 003d 06       		.uleb128 0x6
 883 003e 13       		.uleb128 0x13
 884 003f 01       		.byte	0x1
 885 0040 0B       		.uleb128 0xb
 886 0041 0B       		.uleb128 0xb
 887 0042 3A       		.uleb128 0x3a
 888 0043 0B       		.uleb128 0xb
 889 0044 3B       		.uleb128 0x3b
 890 0045 0B       		.uleb128 0xb
 891 0046 01       		.uleb128 0x1
 892 0047 13       		.uleb128 0x13
 893 0048 00       		.byte	0
 894 0049 00       		.byte	0
 895 004a 07       		.uleb128 0x7
 896 004b 0D       		.uleb128 0xd
 897 004c 00       		.byte	0
 898 004d 03       		.uleb128 0x3
 899 004e 0E       		.uleb128 0xe
 900 004f 3A       		.uleb128 0x3a
 901 0050 0B       		.uleb128 0xb
 902 0051 3B       		.uleb128 0x3b
 903 0052 0B       		.uleb128 0xb
 904 0053 49       		.uleb128 0x49
 905 0054 13       		.uleb128 0x13
 906 0055 38       		.uleb128 0x38
 907 0056 0B       		.uleb128 0xb
 908 0057 00       		.byte	0
 909 0058 00       		.byte	0
 910 0059 08       		.uleb128 0x8
 911 005a 16       		.uleb128 0x16
 912 005b 00       		.byte	0
 913 005c 03       		.uleb128 0x3
 914 005d 0E       		.uleb128 0xe
 915 005e 3A       		.uleb128 0x3a
 916 005f 0B       		.uleb128 0xb
 917 0060 3B       		.uleb128 0x3b
 918 0061 0B       		.uleb128 0xb
 919 0062 49       		.uleb128 0x49
 920 0063 13       		.uleb128 0x13
 921 0064 00       		.byte	0
 922 0065 00       		.byte	0
 923 0066 09       		.uleb128 0x9
 924 0067 2E       		.uleb128 0x2e
 925 0068 00       		.byte	0
 926 0069 3F       		.uleb128 0x3f
 927 006a 19       		.uleb128 0x19
ARM GAS  C:\Users\JEFFSN~1\AppData\Local\Temp\ccd9QLub.s 			page 38


 928 006b 03       		.uleb128 0x3
 929 006c 0E       		.uleb128 0xe
 930 006d 3A       		.uleb128 0x3a
 931 006e 0B       		.uleb128 0xb
 932 006f 3B       		.uleb128 0x3b
 933 0070 0B       		.uleb128 0xb
 934 0071 27       		.uleb128 0x27
 935 0072 19       		.uleb128 0x19
 936 0073 20       		.uleb128 0x20
 937 0074 0B       		.uleb128 0xb
 938 0075 00       		.byte	0
 939 0076 00       		.byte	0
 940 0077 0A       		.uleb128 0xa
 941 0078 2E       		.uleb128 0x2e
 942 0079 00       		.byte	0
 943 007a 31       		.uleb128 0x31
 944 007b 13       		.uleb128 0x13
 945 007c 11       		.uleb128 0x11
 946 007d 01       		.uleb128 0x1
 947 007e 12       		.uleb128 0x12
 948 007f 06       		.uleb128 0x6
 949 0080 40       		.uleb128 0x40
 950 0081 18       		.uleb128 0x18
 951 0082 9742     		.uleb128 0x2117
 952 0084 19       		.uleb128 0x19
 953 0085 00       		.byte	0
 954 0086 00       		.byte	0
 955 0087 0B       		.uleb128 0xb
 956 0088 2E       		.uleb128 0x2e
 957 0089 01       		.byte	0x1
 958 008a 3F       		.uleb128 0x3f
 959 008b 19       		.uleb128 0x19
 960 008c 03       		.uleb128 0x3
 961 008d 0E       		.uleb128 0xe
 962 008e 3A       		.uleb128 0x3a
 963 008f 0B       		.uleb128 0xb
 964 0090 3B       		.uleb128 0x3b
 965 0091 0B       		.uleb128 0xb
 966 0092 27       		.uleb128 0x27
 967 0093 19       		.uleb128 0x19
 968 0094 11       		.uleb128 0x11
 969 0095 01       		.uleb128 0x1
 970 0096 12       		.uleb128 0x12
 971 0097 06       		.uleb128 0x6
 972 0098 40       		.uleb128 0x40
 973 0099 18       		.uleb128 0x18
 974 009a 9742     		.uleb128 0x2117
 975 009c 19       		.uleb128 0x19
 976 009d 01       		.uleb128 0x1
 977 009e 13       		.uleb128 0x13
 978 009f 00       		.byte	0
 979 00a0 00       		.byte	0
 980 00a1 0C       		.uleb128 0xc
 981 00a2 1D       		.uleb128 0x1d
 982 00a3 00       		.byte	0
 983 00a4 31       		.uleb128 0x31
 984 00a5 13       		.uleb128 0x13
ARM GAS  C:\Users\JEFFSN~1\AppData\Local\Temp\ccd9QLub.s 			page 39


 985 00a6 11       		.uleb128 0x11
 986 00a7 01       		.uleb128 0x1
 987 00a8 12       		.uleb128 0x12
 988 00a9 06       		.uleb128 0x6
 989 00aa 58       		.uleb128 0x58
 990 00ab 0B       		.uleb128 0xb
 991 00ac 59       		.uleb128 0x59
 992 00ad 0B       		.uleb128 0xb
 993 00ae 00       		.byte	0
 994 00af 00       		.byte	0
 995 00b0 0D       		.uleb128 0xd
 996 00b1 898201   		.uleb128 0x4109
 997 00b4 00       		.byte	0
 998 00b5 11       		.uleb128 0x11
 999 00b6 01       		.uleb128 0x1
 1000 00b7 31       		.uleb128 0x31
 1001 00b8 13       		.uleb128 0x13
 1002 00b9 00       		.byte	0
 1003 00ba 00       		.byte	0
 1004 00bb 0E       		.uleb128 0xe
 1005 00bc 2E       		.uleb128 0x2e
 1006 00bd 01       		.byte	0x1
 1007 00be 31       		.uleb128 0x31
 1008 00bf 13       		.uleb128 0x13
 1009 00c0 11       		.uleb128 0x11
 1010 00c1 01       		.uleb128 0x1
 1011 00c2 12       		.uleb128 0x12
 1012 00c3 06       		.uleb128 0x6
 1013 00c4 40       		.uleb128 0x40
 1014 00c5 18       		.uleb128 0x18
 1015 00c6 9742     		.uleb128 0x2117
 1016 00c8 19       		.uleb128 0x19
 1017 00c9 01       		.uleb128 0x1
 1018 00ca 13       		.uleb128 0x13
 1019 00cb 00       		.byte	0
 1020 00cc 00       		.byte	0
 1021 00cd 0F       		.uleb128 0xf
 1022 00ce 1D       		.uleb128 0x1d
 1023 00cf 00       		.byte	0
 1024 00d0 31       		.uleb128 0x31
 1025 00d1 13       		.uleb128 0x13
 1026 00d2 52       		.uleb128 0x52
 1027 00d3 01       		.uleb128 0x1
 1028 00d4 55       		.uleb128 0x55
 1029 00d5 17       		.uleb128 0x17
 1030 00d6 58       		.uleb128 0x58
 1031 00d7 0B       		.uleb128 0xb
 1032 00d8 59       		.uleb128 0x59
 1033 00d9 0B       		.uleb128 0xb
 1034 00da 00       		.byte	0
 1035 00db 00       		.byte	0
 1036 00dc 10       		.uleb128 0x10
 1037 00dd 898201   		.uleb128 0x4109
 1038 00e0 00       		.byte	0
 1039 00e1 11       		.uleb128 0x11
 1040 00e2 01       		.uleb128 0x1
 1041 00e3 9542     		.uleb128 0x2115
ARM GAS  C:\Users\JEFFSN~1\AppData\Local\Temp\ccd9QLub.s 			page 40


 1042 00e5 19       		.uleb128 0x19
 1043 00e6 31       		.uleb128 0x31
 1044 00e7 13       		.uleb128 0x13
 1045 00e8 00       		.byte	0
 1046 00e9 00       		.byte	0
 1047 00ea 11       		.uleb128 0x11
 1048 00eb 34       		.uleb128 0x34
 1049 00ec 00       		.byte	0
 1050 00ed 03       		.uleb128 0x3
 1051 00ee 0E       		.uleb128 0xe
 1052 00ef 3A       		.uleb128 0x3a
 1053 00f0 0B       		.uleb128 0xb
 1054 00f1 3B       		.uleb128 0x3b
 1055 00f2 0B       		.uleb128 0xb
 1056 00f3 49       		.uleb128 0x49
 1057 00f4 13       		.uleb128 0x13
 1058 00f5 02       		.uleb128 0x2
 1059 00f6 18       		.uleb128 0x18
 1060 00f7 00       		.byte	0
 1061 00f8 00       		.byte	0
 1062 00f9 12       		.uleb128 0x12
 1063 00fa 2E       		.uleb128 0x2e
 1064 00fb 00       		.byte	0
 1065 00fc 3F       		.uleb128 0x3f
 1066 00fd 19       		.uleb128 0x19
 1067 00fe 3C       		.uleb128 0x3c
 1068 00ff 19       		.uleb128 0x19
 1069 0100 6E       		.uleb128 0x6e
 1070 0101 0E       		.uleb128 0xe
 1071 0102 03       		.uleb128 0x3
 1072 0103 0E       		.uleb128 0xe
 1073 0104 3A       		.uleb128 0x3a
 1074 0105 0B       		.uleb128 0xb
 1075 0106 3B       		.uleb128 0x3b
 1076 0107 0B       		.uleb128 0xb
 1077 0108 00       		.byte	0
 1078 0109 00       		.byte	0
 1079 010a 00       		.byte	0
 1080              		.section	.debug_aranges,"",%progbits
 1081 0000 34000000 		.4byte	0x34
 1082 0004 0200     		.2byte	0x2
 1083 0006 00000000 		.4byte	.Ldebug_info0
 1084 000a 04       		.byte	0x4
 1085 000b 00       		.byte	0
 1086 000c 0000     		.2byte	0
 1087 000e 0000     		.2byte	0
 1088 0010 00000000 		.4byte	.LFB0
 1089 0014 20000000 		.4byte	.LFE0-.LFB0
 1090 0018 00000000 		.4byte	.LFB1
 1091 001c 44000000 		.4byte	.LFE1-.LFB1
 1092 0020 00000000 		.4byte	.LFB2
 1093 0024 34000000 		.4byte	.LFE2-.LFB2
 1094 0028 00000000 		.4byte	.LFB3
 1095 002c 64000000 		.4byte	.LFE3-.LFB3
 1096 0030 00000000 		.4byte	0
 1097 0034 00000000 		.4byte	0
 1098              		.section	.debug_ranges,"",%progbits
ARM GAS  C:\Users\JEFFSN~1\AppData\Local\Temp\ccd9QLub.s 			page 41


 1099              	.Ldebug_ranges0:
 1100 0000 02000000 		.4byte	.LBB16
 1101 0004 1A000000 		.4byte	.LBE16
 1102 0008 22000000 		.4byte	.LBB21
 1103 000c 3A000000 		.4byte	.LBE21
 1104 0010 00000000 		.4byte	0
 1105 0014 00000000 		.4byte	0
 1106 0018 00000000 		.4byte	.LFB0
 1107 001c 20000000 		.4byte	.LFE0
 1108 0020 00000000 		.4byte	.LFB1
 1109 0024 44000000 		.4byte	.LFE1
 1110 0028 00000000 		.4byte	.LFB2
 1111 002c 34000000 		.4byte	.LFE2
 1112 0030 00000000 		.4byte	.LFB3
 1113 0034 64000000 		.4byte	.LFE3
 1114 0038 00000000 		.4byte	0
 1115 003c 00000000 		.4byte	0
 1116              		.section	.debug_line,"",%progbits
 1117              	.Ldebug_line0:
 1118 0000 C5000000 		.section	.debug_str,"MS",%progbits,1
 1118      02005400 
 1118      00000201 
 1118      FB0E0D00 
 1118      01010101 
 1119              	.LASF18:
 1120 0000 49444143 		.ascii	"IDAC8_1_SaveConfig\000"
 1120      385F315F 
 1120      53617665 
 1120      436F6E66 
 1120      696700
 1121              	.LASF15:
 1122 0013 64617461 		.ascii	"data_value\000"
 1122      5F76616C 
 1122      756500
 1123              	.LASF9:
 1124 001e 666C6F61 		.ascii	"float\000"
 1124      7400
 1125              	.LASF1:
 1126 0024 756E7369 		.ascii	"unsigned char\000"
 1126      676E6564 
 1126      20636861 
 1126      7200
 1127              	.LASF26:
 1128 0032 49444143 		.ascii	"IDAC8_1_Sleep\000"
 1128      385F315F 
 1128      536C6565 
 1128      7000
 1129              	.LASF23:
 1130 0040 474E5520 		.ascii	"GNU C11 5.4.1 20160609 (release) [ARM/embedded-5-br"
 1130      43313120 
 1130      352E342E 
 1130      31203230 
 1130      31363036 
 1131 0073 616E6368 		.ascii	"anch revision 237715] -mcpu=cortex-m3 -mthumb -g -O"
 1131      20726576 
 1131      6973696F 
 1131      6E203233 
ARM GAS  C:\Users\JEFFSN~1\AppData\Local\Temp\ccd9QLub.s 			page 42


 1131      37373135 
 1132 00a6 33202D66 		.ascii	"3 -ffunction-sections -ffat-lto-objects -finline-fu"
 1132      66756E63 
 1132      74696F6E 
 1132      2D736563 
 1132      74696F6E 
 1133 00d9 6E637469 		.ascii	"nctions -flto\000"
 1133      6F6E7320 
 1133      2D666C74 
 1133      6F00
 1134              	.LASF5:
 1135 00e7 6C6F6E67 		.ascii	"long unsigned int\000"
 1135      20756E73 
 1135      69676E65 
 1135      6420696E 
 1135      7400
 1136              	.LASF3:
 1137 00f9 73686F72 		.ascii	"short unsigned int\000"
 1137      7420756E 
 1137      7369676E 
 1137      65642069 
 1137      6E7400
 1138              	.LASF21:
 1139 010c 49444143 		.ascii	"IDAC8_1_Enable\000"
 1139      385F315F 
 1139      456E6162 
 1139      6C6500
 1140              	.LASF10:
 1141 011b 646F7562 		.ascii	"double\000"
 1141      6C6500
 1142              	.LASF17:
 1143 0122 49444143 		.ascii	"IDAC8_1_RestoreConfig\000"
 1143      385F315F 
 1143      52657374 
 1143      6F726543 
 1143      6F6E6669 
 1144              	.LASF20:
 1145 0138 49444143 		.ascii	"IDAC8_1_Stop\000"
 1145      385F315F 
 1145      53746F70 
 1145      00
 1146              	.LASF8:
 1147 0145 756E7369 		.ascii	"unsigned int\000"
 1147      676E6564 
 1147      20696E74 
 1147      00
 1148              	.LASF22:
 1149 0152 49444143 		.ascii	"IDAC8_1_SetValue\000"
 1149      385F315F 
 1149      53657456 
 1149      616C7565 
 1149      00
 1150              	.LASF7:
 1151 0163 6C6F6E67 		.ascii	"long long unsigned int\000"
 1151      206C6F6E 
 1151      6720756E 
 1151      7369676E 
ARM GAS  C:\Users\JEFFSN~1\AppData\Local\Temp\ccd9QLub.s 			page 43


 1151      65642069 
 1152              	.LASF24:
 1153 017a 47656E65 		.ascii	"Generated_Source\\PSoC5\\IDAC8_1_PM.c\000"
 1153      72617465 
 1153      645F536F 
 1153      75726365 
 1153      5C50536F 
 1154              	.LASF13:
 1155 019e 72656738 		.ascii	"reg8\000"
 1155      00
 1156              	.LASF6:
 1157 01a3 6C6F6E67 		.ascii	"long long int\000"
 1157      206C6F6E 
 1157      6720696E 
 1157      7400
 1158              	.LASF11:
 1159 01b1 63686172 		.ascii	"char\000"
 1159      00
 1160              	.LASF25:
 1161 01b6 433A5C55 		.ascii	"C:\\Users\\JeffSnyder\\dev\\Electrobass_embedded\\P"
 1161      73657273 
 1161      5C4A6566 
 1161      66536E79 
 1161      6465725C 
 1162 01e4 534F4335 		.ascii	"SOC5_electrobass_stringsensors\\CE210514_PSOC3_5_Th"
 1162      5F656C65 
 1162      6374726F 
 1162      62617373 
 1162      5F737472 
 1163 0216 65726D69 		.ascii	"ermistor.cydsn\000"
 1163      73746F72 
 1163      2E637964 
 1163      736E00
 1164              	.LASF27:
 1165 0225 49444143 		.ascii	"IDAC8_1_backup\000"
 1165      385F315F 
 1165      6261636B 
 1165      757000
 1166              	.LASF2:
 1167 0234 73686F72 		.ascii	"short int\000"
 1167      7420696E 
 1167      7400
 1168              	.LASF12:
 1169 023e 75696E74 		.ascii	"uint8\000"
 1169      3800
 1170              	.LASF19:
 1171 0244 49444143 		.ascii	"IDAC8_1_Wakeup\000"
 1171      385F315F 
 1171      57616B65 
 1171      757000
 1172              	.LASF4:
 1173 0253 6C6F6E67 		.ascii	"long int\000"
 1173      20696E74 
 1173      00
 1174              	.LASF14:
 1175 025c 656E6162 		.ascii	"enableState\000"
 1175      6C655374 
ARM GAS  C:\Users\JEFFSN~1\AppData\Local\Temp\ccd9QLub.s 			page 44


 1175      61746500 
 1176              	.LASF0:
 1177 0268 7369676E 		.ascii	"signed char\000"
 1177      65642063 
 1177      68617200 
 1178              	.LASF16:
 1179 0274 49444143 		.ascii	"IDAC8_1_backupStruct\000"
 1179      385F315F 
 1179      6261636B 
 1179      75705374 
 1179      72756374 
 1180              		.comm	__gnu_lto_v1,1,1
 1181              		.ident	"GCC: (GNU Tools for ARM Embedded Processors) 5.4.1 20160609 (release) [ARM/embedded-5-bran
