ARM GAS  C:\Users\JEFFSN~1\AppData\Local\Temp\cc5fiWTB.s 			page 1


   1              		.syntax unified
   2              		.cpu cortex-m3
   3              		.fpu softvfp
   4              		.eabi_attribute 20, 1
   5              		.eabi_attribute 21, 1
   6              		.eabi_attribute 23, 3
   7              		.eabi_attribute 24, 1
   8              		.eabi_attribute 25, 1
   9              		.eabi_attribute 26, 1
  10              		.eabi_attribute 30, 1
  11              		.eabi_attribute 34, 1
  12              		.eabi_attribute 18, 4
  13              		.thumb
  14              		.syntax unified
  15              		.file	"joy_x_25.c"
  16              		.text
  17              	.Ltext0:
  18              		.section	.gnu.lto_.profile.cdd09768,"",%progbits
  19 0000 789C6361 		.ascii	"x\234ca`d`a`\000\222\222\242\000\000\261\0009"
  19      60646061 
  19      60009292 
  19      A20000B1 
  19      0039
  20              		.text
  21              		.section	.gnu.lto_.inline.cdd09768,"",%progbits
  22 0000 789C6361 		.ascii	"x\234ca`d\000\001?\006\004`a`\340\344`d`\342y\020\313"
  22      60640001 
  22      3F060460 
  22      6160E0E4 
  22      606460E2 
  23 0017 C0B6409E 		.ascii	"\300\266@\236\011$\306\310\300\301\016\024\342\232\340"
  23      0924C6C8 
  23      C0C10E14 
  23      E29AE0
  24 0026 07176262 		.ascii	"\007\027bb`c\005\012\261}\320\203\0131c\0121\000\000"
  24      6063050A 
  24      B17DD083 
  24      0B31630A 
  24      310000
  25 0039 537C0835 		.ascii	"S|\0105"
  26              		.text
  27              		.section	.gnu.lto_.jmpfuncs.cdd09768,"",%progbits
  28 0000 789C6361 		.ascii	"x\234ca`d\000\001>\006\004`\001b\240(\023\003\0033\220"
  28      60640001 
  28      3E060460 
  28      0162A028 
  28      13030333 
  29 0015 05000292 		.ascii	"\005\000\002\222\000\036"
  29      001E
  30              		.text
  31              		.section	.gnu.lto_.pureconst.cdd09768,"",%progbits
  32 0000 789C6361 		.ascii	"x\234ca`d\340d```a\220b\224b\222b\226\002\000\002\261"
  32      6064E064 
  32      60606061 
  32      90629462 
  32      92629602 
  33 0017 0081     		.ascii	"\000\201"
ARM GAS  C:\Users\JEFFSN~1\AppData\Local\Temp\cc5fiWTB.s 			page 2


  34              		.text
  35              		.section	.gnu.lto_joy_x_25_Write.cdd09768,"",%progbits
  36 0000 789C5551 		.ascii	"x\234UQMk\023Q\024\275\347\275\231Ikj\377\200Y\004!"
  36      4D6B1351 
  36      14BDE7BD 
  36      99496B6A 
  36      FF805904 
  37 0015 94561051 		.ascii	"\224V\020Q\362\007\354\302\255\264\333@\010q\026\025"
  37      F207ECC2 
  37      ADB4DB40 
  37      08711615 
  38 0025 35D0A645 		.ascii	"5\320\246EW}\2234\011\270\352\306\246\033[\251\226\326"
  38      577D9334 
  38      09B8EAC6 
  38      A61B5BA9 
  38      96D6
  39 0037 AFD6EACA 		.ascii	"\257\326\352\312R\3510\340B\024\005\351\252\024\225"
  39      52E930E0 
  39      421405E9 
  39      AA1495
  40 0046 2C46D44D 		.ascii	",F\324M\004C\213\326\306{g6\366\302\373\230;\347\234"
  40      04438BD6 
  40      C67B6736 
  40      F6C2FB98 
  40      3BE79C
  41 0059 7BEE7D16 		.ascii	"{\356}\026\201$\206\024Q\226\317S\274\240\011j\366="
  41      81248614 
  41      5196CF53 
  41      BCA0096A 
  41      F63D
  42 006b 91D7A300 		.ascii	"\221\327\243\000\271\230\036\320\264\3024:\352\257B"
  42      B9981ED0 
  42      B4C2343A 
  42      EAAF42
  43 007a D0085FAA 		.ascii	"\320\010_\252\301\025\303\361eyA\233U\0375M\324U\221"
  43      C115C3F1 
  43      6579419B 
  43      551F354D 
  43      D45591
  44 008d 12610583 		.ascii	"\022a\005\203\214\372\272\325\330\201\316\200\370^\017"
  44      8CFABAD5 
  44      D881CE80 
  44      F85E0F
  45 009c 3AEDE4C0 		.ascii	":\355\344\300\2621\025c\366sF\3274\260\012\315\014\\"
  45      B2311563 
  45      F67346D7 
  45      34B00ACD 
  45      0C5C
  46 00ae 48E15C8A 		.ascii	"H\341\\\2128Ax\210\001\001\037\354\356\254\365\3533"
  46      38417888 
  46      01011FEC 
  46      EEACF5EB 
  46      33
  47 00bf 1171D684 		.ascii	"\021q\326\204K}\231\373B\364\367\2577\215\357\245\205"
  47      4B7D99FB 
  47      42F4F7AF 
  47      378DEFA5 
ARM GAS  C:\Users\JEFFSN~1\AppData\Local\Temp\cc5fiWTB.s 			page 3


  47      85
  48 00d0 FBE87FAE 		.ascii	"\373\350\177\256\004C[\033GwN:3\342*\215\307\310\304"
  48      04435B1B 
  48      47774E3A 
  48      33E22A8D 
  48      C7C8C4
  49 00e3 7EF0040E 		.ascii	"~\360\004\016w\010\311\254\217\370\246\333\255\032\277"
  49      7708C9AC 
  49      8FF8A6DB 
  49      AD1ABF
  50 00f2 637774AF 		.ascii	"cwt\257\342\242\212;\345\037\026\244\266-\011G\266\204"
  50      E2A28A3B 
  50      E51F16A4 
  50      B62D0947 
  50      B684
  51 0104 6C446D5E 		.ascii	"lDm^\322\375O\245\344\324!\202\337\267?5\023\242Y\325"
  51      D2FD4FA5 
  51      E4D42182 
  51      DFB73F35 
  51      13A259D5 
  52 0118 3289B95A 		.ascii	"2\211\271Z\360!\361K\325\264\216\334\276\336n\315\253"
  52      F021F14B 
  52      D5B48EDC 
  52      BEDE6ECD 
  52      AB
  53 0129 F8F3DE92 		.ascii	"\370\363\336\222g,N\275\335]\250\364/\342\2567\3033"
  53      672C4EBD 
  53      DD5DA8F4 
  53      2FE2AE37 
  53      C333
  54 013b B2B08614 		.ascii	"\262\260\206\024\236\202=c\035\213\240\020\325\303\372"
  54      9E823D63 
  54      1D8BA010 
  54      D5C3FA
  55 014a 1E62411D 		.ascii	"\036bA\035k\376\370\330\362\223\"\002|\006\2361\270"
  55      6BFEF8D8 
  55      F2932202 
  55      7C069E31 
  55      B8
  56 015b 0515B5C1 		.ascii	"\005\025\265\301N\031%\244v=l\366\306,\273\252\245\316"
  56      4E1925A4 
  56      763D6CF6 
  56      C62CBBAA 
  56      A5CE
  57 016d 9B079B87 		.ascii	"\233\007\233\207}\302\262ac\203I\221\364;\025\203\004"
  57      7DC2B261 
  57      63834991 
  57      F43B1583 
  57      04
  58 017e C7A0C637 		.ascii	"\307\240\3067\363\312\022\220\2054\236\307\240\003'"
  58      F3CA1290 
  58      85349EC7 
  58      A00327
  59 018d 86242203 		.ascii	"\206$\"\003\016\247\202\271\310\3201\363\2361\311\343"
  59      0EA782B9 
  59      C8D031F3 
  59      9E31C9E3 
ARM GAS  C:\Users\JEFFSN~1\AppData\Local\Temp\cc5fiWTB.s 			page 4


  60 019d FE5FB07F 		.ascii	"\376_\260\177f\321wT\374?\266\020\242\207h+\310\254"
  60      66D17754 
  60      FC3FB610 
  60      A287682B 
  60      C8AC
  61 01af 7872A72F 		.ascii	"xr\247/\2717\334\361B\331\275\222\037-M\216\027\335"
  61      B937DCF1 
  61      42D9BD92 
  61      1F2D4D8E 
  61      17DD
  62 01c1 DCE5D1D2 		.ascii	"\334\345\321\322p6w\265t+\1773\177>{\266H\366T\341\332"
  62      703677B5 
  62      742B7F33 
  62      7F3E7BB6 
  62      48F654E1 
  63 01d6 A47B62A2 		.ascii	"\244{b\242\\(\217\025/\216\225'\376\001\305m\303Z"
  63      5C288F15 
  63      2F8E9527 
  63      FE01C56D 
  63      C35A
  64              		.text
  65              		.section	.gnu.lto_joy_x_25_SetDriveMode.cdd09768,"",%progbits
  66 0000 789C7D51 		.ascii	"x\234}Q=K#Q\024\275\347\275\311L\202\250?\300\024\213"
  66      3D4B2351 
  66      14BDE7BD 
  66      C94C82A8 
  66      3FC0148B 
  67 0014 20924644 		.ascii	" \222FD\361\027,h+\332\272\004\211\323\010\032\024\027"
  67      F1172C68 
  67      2BDABA04 
  67      89D3081A 
  67      1417
  68 0026 D6CA97C4 		.ascii	"\326\312\227\304 h#HlD\024D\374\212F\261\262\213\001"
  68      20682348 
  68      6C441444 
  68      FC8A46B1 
  68      B28B01
  69 0039 2DB553B1 		.ascii	"-\265S\261\220e\213 \202\022\277\027\277\342\2753\026"
  69      90658B20 
  69      8212BF17 
  69      BFE2BD33 
  69      16
  70 004a A97CCCBB 		.ascii	"\251|\314\273\037\207s\016\367\276\261\010$\347\222"
  70      1F87730E 
  70      F7BEB108 
  70      24E792
  71 0059 5384731D 		.ascii	"S\204s\035_h\202\232>\"J\004\025 \205\011\202\306\024"
  71      5F68829A 
  71      3E224A04 
  71      15208509 
  71      82C614
  72 006c C6F0A8DE 		.ascii	"\306\360\250\336\025\012\023\305=\025Y1|\376\036\334"
  72      150A13C5 
  72      3D155931 
  72      7CFE1EDC 
  73 007c 349BD53C 		.ascii	"4\233\325<\322\232\250\254<'\302\012\"\314\272\337]"
  73      D29AA8AC 
ARM GAS  C:\Users\JEFFSN~1\AppData\Local\Temp\cc5fiWTB.s 			page 5


  73      3C27C20A 
  73      22CCBADF 
  73      5D
  74 008d 9EA9D20D 		.ascii	"\236\251\322\015 \256o\217J\0275\215\313\306$\215\311"
  74      20AE6F8F 
  74      4A17358D 
  74      CBC6248D 
  74      C9
  75 009e FC323AAD 		.ascii	"\3742:\255\201UhV\2405\214\34601@XC\243\220\377\355"
  75      81556856 
  75      A0358CE6 
  75      30314058 
  75      43A390FF 
  76 00b3 7C64AAED 		.ascii	"|d\252\355q\261\377\341\233b\035\266\214\231\353\312"
  76      71B1FFE1 
  76      9B621DB6 
  76      8C99EBCA 
  77 00c3 9B723965 		.ascii	"\233r9e\362\317\366\376\213]\245X\2464\007mI\010@\034"
  77      F2CFF6FE 
  77      8B5DA558 
  77      A634076D 
  77      4908401C 
  78 00d7 6C291D09 		.ascii	"l)\035\011A\011!\341\020\225\370\312\"\267JI\326E\024"
  78      410921E1 
  78      1095F8CA 
  78      22B74A49 
  78      D64514
  79 00ea 5E268B73 		.ascii	"^&\213s\2268\247\264,5\233.\034;\017*\255-o\342\247"
  79      9638A7B4 
  79      2C359B2E 
  79      1C3B0F2A 
  79      AD2D6FE2 
  80 00ff C9DCB6F2 		.ascii	"\311\334\266\362\333\314b\302X\014-\235\256\237\325"
  80      DBCC62C2 
  80      580C2D9D 
  80      AE9FD5
  81 010e 2E603E31 		.ascii	".`>1\316\353\006\220E\030\033\010\363t\233X\000\025"
  81      CEEB0690 
  81      45181B08 
  81      F3749B58 
  81      0015
  82 0120 91BC737C 		.ascii	"\221\274s|;\315\216\334\247\336l\277\267\030b\375\371"
  82      3BCD8EDC 
  82      A7DE6CBF 
  82      B71862FD 
  82      F9
  83 0131 E1D47B48 		.ascii	"\341\324{H,5\206\260\305\312\012\011\177\201J\211\303"
  83      2C3586B0 
  83      C5CA0A09 
  83      7F814A89 
  83      C3
  84 0142 104BAE4F 		.ascii	"\020K\256O6\262\332\227\324 \347IR\377\277(A\317\330"
  84      36B2DA97 
  84      D420E749 
  84      52FFBF28 
  84      41CFD8
  85 0155 A9740931 		.ascii	"\251t\0111\312}a\026\322\1777\3626\217\314|\272B2\377"
ARM GAS  C:\Users\JEFFSN~1\AppData\Local\Temp\cc5fiWTB.s 			page 6


  85      CA7D6116 
  85      D27F37F2 
  85      368FCC7C 
  85      BA4232FF 
  86 0169 DA2E6CEF 		.ascii	"\332.l\357\327\225\024\344y\370\261\352;\334Aw\270w"
  86      D79514E4 
  86      79F8B1EA 
  86      3BDC4177 
  86      B877
  87 017b C4ED8B76 		.ascii	"\304\355\213v\307\177\017\307\334\236\316\356\370\317"
  87      C77F0FC7 
  87      DC9ECEEE 
  87      F8CF
  88 0189 B69EFEF8 		.ascii	"\266\236\376\370h\364O\264\245\255)F\326@\274\317\375"
  88      68F44FB4 
  88      A5AD2946 
  88      D640BCCF 
  88      FD
  89 019a 047435A6 		.ascii	"\004t5\246`"
  89      60
  90              		.text
  91              		.section	.gnu.lto_joy_x_25_Read.cdd09768,"",%progbits
  92 0000 789C354F 		.ascii	"x\2345O9KCA\020\236o\367\345@\324?`\212 6iD\224\200"
  92      394B4341 
  92      109E6FF7 
  92      E540D43F 
  92      608A2036 
  93 0018 D80ADA8A 		.ascii	"\330\012\332\212\001\253@\220\370\032\013\003AA\253"
  93      01AB4090 
  93      F81A0B03 
  93      4141AB
  94 0027 6CF2F222 		.ascii	"l\362\362\"\210\205\215\012\001\015^$^\210\255UL\245"
  94      88858D0A 
  94      010D5E24 
  94      5E88AD55 
  94      4CA5
  95 0039 78160A82 		.ascii	"x\026\012\202 \242\222\302\312\004E\010\3218\353\323"
  95      20A292C2 
  95      CA044508 
  95      D138EBD3 
  96 0049 819DD99D 		.ascii	"\201\235\331\235\375\216\031\203@:F\270tpm\343\003I"
  96      FD8E1983 
  96      403A46B8 
  96      74706DE3 
  96      0349
  97 005b 100B9744 		.ascii	"\020\013\227DI\257\000\364EyA\011\201\004>\304\227\300"
  97      49AF00F4 
  97      45794109 
  97      81043EC4 
  97      97C0
  98 006d D9E7C97C 		.ascii	"\331\347\311|S \257TJ=n\325z\227\013E\330\222\250!\010"
  98      5320AF54 
  98      4A3D6ED5 
  98      7A970B45 
  98      D892A821 
  99 0082 3D3E74F9 		.ascii	"=>t\371\264D\036\001b\350\323\341\367b\213;\2558\374"
  99      B4441E01 
ARM GAS  C:\Users\JEFFSN~1\AppData\Local\Temp\cc5fiWTB.s 			page 7


  99      62E8D3E1 
  99      F7628B3B 
  99      AD38FC
 100 0095 1AC03F05 		.ascii	"\032\300?\005\270\265\345\301pQ5\032\226*\336z\216\357"
 100      B8B5E5C1 
 100      7051351A 
 100      962ADE7A 
 100      8EEF
 101 00a7 3C1E902D 		.ascii	"<\036\220-\331\227\223\301I\270tr\223\226\2457\246\351"
 101      D99793C1 
 101      49B87472 
 101      9396A537 
 101      A6E9
 102 00b9 212A42E8 		.ascii	"!*B\350*\313(\325\346\036V\373\264\222%%\273,\331\245"
 102      2ACB28D5 
 102      E61E56FB 
 102      B4922525 
 102      BB2CD9A5 
 103 00cd 2BCFBBB0 		.ascii	"+\317\273\260\245\2046\235\335\310^\303y\256\255'\225"
 103      A584369D 
 103      DDC85EC3 
 103      79AEAD27 
 103      95
 104 00de C1AD6C46 		.ascii	"\301\255lF\335\273sXI\246yT\003;\360a\033<(v\221\003"
 104      DDBB7358 
 104      49A67954 
 104      033BF061 
 104      1B3C2876 
 105 00f4 9561D507 		.ascii	"\225a\325\007\310\222p\344*\027\331\347V\315\007\374"
 105      C89270E4 
 105      2A17D9E7 
 105      56CD07FC 
 106 0104 D8635819 		.ascii	"\330cX\031\251\352\354\271t\014\015\306iF5s\343r:.n"
 106      A9EAECB9 
 106      740C0DC6 
 106      69463573 
 106      E3723A2E 
 107 0119 32ED74F3 		.ascii	"2\355t\363\250\336\254i\002.\354\377\323^\340\2004\216"
 107      A8DEAC69 
 107      022EECFF 
 107      D35EE080 
 107      348E
 108 012b 5E21FE5E 		.ascii	"^!\376^\364\273\030\364B\274^\373\2409a\306G'\315\261"
 108      F4BB18F4 
 108      42BC5EFB 
 108      A03961C6 
 108      4727CDB1 
 109 013f 48283615 		.ascii	"H(6\025\217\232\341\241P\254?\030\036\217\315D\246#"
 109      8F9AE1A1 
 109      50AC3F18 
 109      1E8FCD44 
 109      A623
 110 0151 DDC1CE28 		.ascii	"\335\301\316(\375\000\243\303{\224"
 110      FD00A3C3 
 110      7B94
 111              		.text
 112              		.section	.gnu.lto_joy_x_25_ReadDataReg.cdd09768,"",%progbits
ARM GAS  C:\Users\JEFFSN~1\AppData\Local\Temp\cc5fiWTB.s 			page 8


 113 0000 789C354F 		.ascii	"x\2345O\273K\202Q\024?\277{?\037H\371\017\344 \321\342"
 113      BB4B8251 
 113      143FBF7B 
 113      3F1F48F9 
 113      0FE420D1 
 114 0015 125138D4 		.ascii	"\022Q8\324\032\324\032\011M\202\204\2714$HAM~\276\012"
 114      1AD41A09 
 114      4D8284B9 
 114      34244841 
 114      4D7EBE0A 
 115 0029 A2A1A507 		.ascii	"\242\241\245\007A\031Q\250=\210\326 2!(z\016MMa\341"
 115      411951A8 
 115      3D88D620 
 115      3221287A 
 115      0E4D4D61 
 116 003e D0945204 		.ascii	"\320\224R\004a\3329}u\340\236s\317\275\277\3079\006"
 116      61DA397D 
 116      75E09E73 
 116      CFBDBFC7 
 116      3906
 117 0050 812446B8 		.ascii	"\201$F\270tpm\343\003MP\213\267D\011\247\002\344b:A"
 117      74706DE3 
 117      034D508B 
 117      B74409A7 
 117      02E4623A 
 118 0065 7185383E 		.ascii	"q\2058>\324\267\302\325\347\305\202\313\2273\315\244"
 118      D4B7C2D5 
 118      E7C582CB 
 118      9733CDA4 
 119 0075 F9B493EB 		.ascii	"\371\264\223\353]\311\027\221\321DME\350\361\240\313"
 119      5DC91791 
 119      D1444D45 
 119      E8F1A0CB 
 120 0085 231239F8 		.ascii	"#\0229\370\210\241\345\243\306R\253=mrx\005\300?y\330"
 120      88A1E5A3 
 120      C652AB3D 
 120      6D727805 
 120      C03F79D8 
 121 0099 C5F270B8 		.ascii	"\305\362p\270h6\233)\263x\342:\273w9@\031\315\276\234"
 121      68369B29 
 121      B378E23A 
 121      BB773940 
 121      19CDBE9C 
 122 00ad 0C4ECA26 		.ascii	"\014N\312&\311N\"KoL\223!\252JI\325\025\224\276\346"
 122      C94E224B 
 122      6F4C9321 
 122      AA4A49D5 
 122      1594BEE6 
 123 00c1 1B853E51 		.ascii	"\033\205>QJi\315.\313\231\322\235\343]e\264\206\230"
 123      4A69CD2E 
 123      CB99D29D 
 123      E35D65B4 
 123      8698
 124 00d3 9E9F9657 		.ascii	"\236\237\226W\225\325nn%LCF~\334H\272\263XO\244yT\003"
 124      95D56E6E 
 124      254C4346 
 124      7EDC48BA 
ARM GAS  C:\Users\JEFFSN~1\AppData\Local\Temp\cc5fiWTB.s 			page 9


 124      B3584FA4 
 125 00ea BBF0A000 		.ascii	"\273\360\240\000\036\024{\310\202*H\325\007(\245a\311"
 125      1E147BC8 
 125      822A48D5 
 125      0728A561 
 125      C9
 126 00fb 556FD69E 		.ascii	"Uo\326\236\335\302\007\274\330gX\005\311\332\334\265"
 126      DDC207BC 
 126      D8675805 
 126      C9DADCB5 
 127 010b B60C0DC6 		.ascii	"\266\014\015\306\011\2436\373`\263^l\374\310\264\313"
 127      09A336FB 
 127      60B35E6C 
 127      FCC8B4CB 
 128 011b EDE37A8B 		.ascii	"\355\343z\213\320\024l8\370\247\275\300\002\011\216"
 128      D0146C38 
 128      F8A7BDC0 
 128      02098E
 129 012a 5EA1FE3A 		.ascii	"^\241\376:\372]\014\262\020\257\327>\030\231\210\304"
 129      FA5D0CB2 
 129      10AFD73E 
 129      189988C4 
 130 013a 46272363 		.ascii	"F'#c\241@t*\026\216\004\207\002\321~\177p<:\023\232"
 130      A140742A 
 130      168E0487 
 130      02D17E7F 
 130      703C3A13 
 131 014f 0E75FB3B 		.ascii	"\016u\373;\303\364\003\321\251|\017"
 131      C3F403D1 
 131      A97C0F
 132              		.text
 133              		.section	.gnu.lto_.symbol_nodes.cdd09768,"",%progbits
 134 0000 789C6361 		.ascii	"x\234ca`dpc\000\002&\206z\006\206\011\347\030@\324\252"
 134      60647063 
 134      00022686 
 134      7A068609 
 134      E71840D4 
 135 0015 0645A000 		.ascii	"\006E\240\000c=#\252\000S=\023\252\000s=3\212\000\003"
 135      633D23AA 
 135      00533D13 
 135      AA00733D 
 135      338A0003 
 136 0029 001ED60E 		.ascii	"\000\036\326\016\374"
 136      FC
 137              		.text
 138              		.section	.gnu.lto_.refs.cdd09768,"",%progbits
 139 0000 789C6361 		.ascii	"x\234ca`\004B \000\000\0009\000\007"
 139      60044220 
 139      00000039 
 139      0007
 140              		.text
 141              		.section	.gnu.lto_.decls.cdd09768,"",%progbits
 142 0000 789C8D52 		.ascii	"x\234\215RMHTQ\024\276\347\2757\243\275F\013\261\220"
 142      4D485451 
 142      14BEE7BD 
 142      37A3BD46 
 142      0BB190
ARM GAS  C:\Users\JEFFSN~1\AppData\Local\Temp\cc5fiWTB.s 			page 10


 143 0013 788BC995 		.ascii	"x\213\311\225m$\013\301E\177\240d\2332\024m#\014\376"
 143      6D240BC1 
 143      457FA064 
 143      9B32146D 
 143      230CFE
 144 0026 3CCA161A 		.ascii	"<\312\026\032\323\030I\233\233c\240\265q\026\032\212"
 144      D318499B 
 144      9B63A0B5 
 144      71161A8A 
 145 0036 981A98E6 		.ascii	"\230\032\230\346o\215c\316\2309\376d\022\010\211$\210"
 145      6F8D63CE 
 145      9839FE64 
 145      12088924 
 145      88
 146 0047 4282B9B0 		.ascii	"B\202\271\260\254\314\334\2700;\367\316{\363\2365\201"
 146      ACCCDCB8 
 146      303BF7CE 
 146      7BF39E35 
 146      81
 147 0058 07EEBBF7 		.ascii	"\007\356\273\367\334\373}\337\371\356yW\"@X\234\225"
 147      DCFB7DDF 
 147      F9EE7957 
 147      2240589C 
 147      95
 148 0069 0869C359 		.ascii	"\010i\303Y\301t\027\303\202\353<b\004\036\023/\016\037"
 148      C17417C3 
 148      82EB3C62 
 148      041E132F 
 148      0E1F
 149 007b 8E211C01 		.ascii	"\216!\034\001\362o\260s\253\306\353eZ8Fq\214\340\310"
 149      F26FB073 
 149      ABC6EB65 
 149      5A384671 
 149      8CE0C8
 150 008e D230A0E1 		.ascii	"\3220\240\341\376\016_\004n\320\304\327\271\276\010"
 150      FE0E5F04 
 150      6ED0C4D7 
 150      B9BE08
 151 009d 5CE6C762 		.ascii	"\\\346\307b\342eE\340\015E\340\005\366\301\213t\317"
 151      E26545E0 
 151      0D45E005 
 151      F6C18B74 
 151      CF
 152 00ae 1D019AC6 		.ascii	"\035\001\232\306\232',\213\260\000@\200\007\321\372"
 152      9A272C8B 
 152      B0004080 
 152      07D1FA
 153 00bd 48D88E36 		.ascii	"H\330\2166\263\005\204\022A\327\003\035\244\227\340"
 153      B3058412 
 153      41D7031D 
 153      A497E0
 154 00cc 702002C7 		.ascii	"p \002\307\207\367u\\\270\346\256\036\306\026\204CG"
 154      87F7755C 
 154      B8E6AE1E 
 154      C6168443 
 154      47
 155 00dd C25E51A6 		.ascii	"\302^Q\246j\244\230\013\006\301\244\247\271\327\352"
ARM GAS  C:\Users\JEFFSN~1\AppData\Local\Temp\cc5fiWTB.s 			page 11


 155      6AA4980B 
 155      06C1A4A7 
 155      B9D7EA
 156 00ec 83B92C97 		.ascii	"\203\271,\227\026\365K\2177n\017\304\212\250\211\353"
 156      16F54B8F 
 156      376E0FC4 
 156      8AA889EB 
 157 00fc 4FDB1D17 		.ascii	"O\333\035\027\223\273)F-\245\302\011\2433}\017>wFo\011"
 157      93BB2946 
 157      2DA5C209 
 157      A3337D0F 
 157      3E77466F 
 158 0111 A0C8B00B 		.ascii	"\240\310\260\013,_\367o\307\204rv\334\340Y\371}P<\306"
 158      2C5FF76F 
 158      C7847276 
 158      DCE059F9 
 158      7D503CC6 
 159 0125 D6C2DC4A 		.ascii	"\326\302\334J\327\232\004Ir;\223Y\366\254\236\363Sz"
 159      D79A0449 
 159      723B9359 
 159      F6AC9EF3 
 159      537A
 160 0137 187A4186 		.ascii	"\030zA\206n\020\241\023\222\231\003E\306o5\245\225t"
 160      6E10A113 
 160      92990345 
 160      C66F35A5 
 160      9574
 161 0149 A38D5A13 		.ascii	"\243\215Z\023\010\234V\340\244B\240\007\222\230&CA\027"
 161      089C56E0 
 161      A442A007 
 161      92982643 
 161      4117
 162 015b 28F01C14 		.ascii	"(\360\034\024\246\277\372\370\311W\253\204\355\346:"
 162      A6BFFAF8 
 162      C957AB84 
 162      EDE63A
 163 016a 8512DB9B 		.ascii	"\205\022\333\233\255\352o\022\321B\234\014\022\246?"
 163      ADEA6F12 
 163      D1429C0C 
 163      12A63F
 164 0179 671A5762 		.ascii	"g\032Wb1\215\227\301\216iw`i\335\232P\317\257\342\246"
 164      318D97C1 
 164      8E697760 
 164      69DD9A50 
 164      CFAFE2A6 
 165 018d 7609F28E 		.ascii	"v\011\362\216\302\013\024\354GA\002/!\001\277} \205"
 165      C20B14EC 
 165      4741022F 
 165      2101BF7D 
 165      2085
 166 019f 6EB7E49D 		.ascii	"n\267\344\235\231\265$\266\320\226~\272\\7u\246\336"
 166      99B524B6 
 166      D0967EBA 
 166      5C3775A6 
 166      DE
 167 01b0 4DA79167 		.ascii	"M\247\221gg0\3500L\343\222M\317`\021\033\352\205D\326"
 167      6730E830 
ARM GAS  C:\Users\JEFFSN~1\AppData\Local\Temp\cc5fiWTB.s 			page 12


 167      4CE3924D 
 167      CF60111B 
 167      EA8544D6 
 168 01c4 BC71DF88 		.ascii	"\274q\337\210MTy\023\3266\247\027bB*\301\255)\033\255"
 168      4D547913 
 168      D636A717 
 168      62422AC1 
 168      AD291BAD 
 169 01d8 BD4FE905 		.ascii	"\275O\351\005\2561`h\014\2305|\\\343i{\360\243 \336"
 169      AE316068 
 169      0C98357C 
 169      5CE3697B 
 169      F0A320DE 
 170 01ec E31A1F1E 		.ascii	"\343\032\037\036\275u\0372\333f\3675|\277\342\276\013"
 170      BD751F32 
 170      DB66F735 
 170      7CBFE2BE 
 170      0B
 171 01fd 35DBB5B3 		.ascii	"5\333\265\263_<\232\355\340\334;\261\201\006\253\220"
 171      5F3C9AED 
 171      E0DC3BB1 
 171      8106AB90 
 172 020d 2730140C 		.ascii	"'0\024\014\032%\007\315%\207x\311\326\371\037\275\007"
 172      1A2507CD 
 172      258778C9 
 172      D6F91FBD 
 172      07
 173 021e C41AE035 		.ascii	"\304\032\3405\207'7\277\3512\201\367\272o&\3427D\374"
 173      872737BF 
 173      E93281F7 
 173      BA6F26E2 
 173      3744FC
 174 0231 66910017 		.ascii	"f\221\000\027\331\252\3725o\225\361'\272\367\367\023"
 174      D9AAFA35 
 174      6F95F127 
 174      BAF7F713 
 175 0241 67D65A77 		.ascii	"g\326Zw\243\304f^T\360\3265\324E\201\234\024\201\376"
 175      A3C4665E 
 175      54F0D635 
 175      D445819C 
 175      1481FE
 176 0254 26025D7B 		.ascii	"&\002]{L=\271\236\032v\303\021\354\312k\303\3340\310"
 176      4C3DB99E 
 176      1A76C311 
 176      ECCA6BC3 
 176      DC30C8
 177 0267 A18E747E 		.ascii	"\241\216t~\237\010\202\355!{W\330\276\270K\034h\264"
 177      9F0882ED 
 177      217B57D8 
 177      BEB84B1C 
 177      68B4
 178 0279 6F146CFC 		.ascii	"o\024l\374\375\343\274#\210\223s}\2432\310\012\3409"
 178      FDE3BC23 
 178      8893737D 
 178      A332C80A 
 178      E039
 179 028b 54B3021B 		.ascii	"T\263\002\033\225&\037\004\202L\026\306\360x\034\351"
ARM GAS  C:\Users\JEFFSN~1\AppData\Local\Temp\cc5fiWTB.s 			page 13


 179      95261F04 
 179      824C16C6 
 179      F0781CE9 
 180 029b 8D946166 		.ascii	"\215\224af\201o\363d\343<_\363O\354\315\262\012\307"
 180      816FF364 
 180      E33C5FF3 
 180      4FECCDB2 
 180      0AC7
 181 02ad 5DC7A954 		.ascii	"]\307\251T\3075g\211K\215\316\274\222kOOI!\226\362\222"
 181      C7356789 
 181      4B8DCEBC 
 181      926B4F4F 
 181      492196F2 
 182 02c2 5257DAF1 		.ascii	"RW\332\361L\265Tu\026\270\324bGNY\271\263H\315\277\232"
 182      4CB55475 
 182      16B8D462 
 182      474E59B9 
 182      B348CDBF 
 183 02d7 53969E9A 		.ascii	"S\226\236\232_T\341\252\270\245\336N\276A\022\377\203"
 183      5F54E1AA 
 183      B8A5DE4E 
 183      BE4112FF 
 183      83
 184 02e8 D065938B 		.ascii	"\320e\223\213\310\221p\211\034\325\225\341,\271\243"
 184      C8917089 
 184      1CD595E1 
 184      2CB9A3
 185 02f7 5E2E2B56 		.ascii	"^.+Vc\302\273\331jAq\374\236,\243\300U\220\255^\227"
 185      63C2BBD9 
 185      6A4171FC 
 185      9E2CA3C0 
 185      5590AD5E 
 186 030c 9CEAF5B4 		.ascii	"\234\352\365\264?\310dfk"
 186      3FC86466 
 186      6B
 187              		.text
 188              		.section	.gnu.lto_.symtab.cdd09768,"",%progbits
 189 0000 6A6F795F 		.ascii	"joy_x_25_Write\000"
 189      785F3235 
 189      5F577269 
 189      746500
 190 000f 00       		.ascii	"\000"
 191 0010 00       		.ascii	"\000"
 192 0011 00       		.ascii	"\000"
 193 0012 00000000 		.ascii	"\000\000\000\000\000\000\000\000"
 193      00000000 
 194 001a B3000000 		.ascii	"\263\000\000\000"
 195 001e 6A6F795F 		.ascii	"joy_x_25_SetDriveMode\000"
 195      785F3235 
 195      5F536574 
 195      44726976 
 195      654D6F64 
 196 0034 00       		.ascii	"\000"
 197 0035 00       		.ascii	"\000"
 198 0036 00       		.ascii	"\000"
 199 0037 00000000 		.ascii	"\000\000\000\000\000\000\000\000"
 199      00000000 
ARM GAS  C:\Users\JEFFSN~1\AppData\Local\Temp\cc5fiWTB.s 			page 14


 200 003f B5000000 		.ascii	"\265\000\000\000"
 201 0043 6A6F795F 		.ascii	"joy_x_25_Read\000"
 201      785F3235 
 201      5F526561 
 201      6400
 202 0051 00       		.ascii	"\000"
 203 0052 00       		.ascii	"\000"
 204 0053 00       		.ascii	"\000"
 205 0054 00000000 		.ascii	"\000\000\000\000\000\000\000\000"
 205      00000000 
 206 005c B8000000 		.ascii	"\270\000\000\000"
 207 0060 6A6F795F 		.ascii	"joy_x_25_ReadDataReg\000"
 207      785F3235 
 207      5F526561 
 207      64446174 
 207      61526567 
 208 0075 00       		.ascii	"\000"
 209 0076 00       		.ascii	"\000"
 210 0077 00       		.ascii	"\000"
 211 0078 00000000 		.ascii	"\000\000\000\000\000\000\000\000"
 211      00000000 
 212 0080 BA000000 		.ascii	"\272\000\000\000"
 213              		.text
 214              		.section	.gnu.lto_.opts,"",%progbits
 215 0000 272D666D 		.ascii	"'-fmath-errno' '-fsigned-zeros' '-ftrapping-math' '"
 215      6174682D 
 215      6572726E 
 215      6F272027 
 215      2D667369 
 216 0033 2D666E6F 		.ascii	"-fno-trapv' '-fno-strict-overflow' '-fno-openmp' '-"
 216      2D747261 
 216      70762720 
 216      272D666E 
 216      6F2D7374 
 217 0066 666E6F2D 		.ascii	"fno-openacc' '-mcpu=cortex-m3' '-mthumb' '-g' '-Og'"
 217      6F70656E 
 217      61636327 
 217      20272D6D 
 217      6370753D 
 218 0099 20272D66 		.ascii	" '-ffunction-sections' '-ffat-lto-objects' '-finlin"
 218      66756E63 
 218      74696F6E 
 218      2D736563 
 218      74696F6E 
 219 00cc 652D6675 		.ascii	"e-functions' '-flto'\000"
 219      6E637469 
 219      6F6E7327 
 219      20272D66 
 219      6C746F27 
 220              		.text
 221              		.cfi_sections	.debug_frame
 222              		.section	.text.joy_x_25_Write,"ax",%progbits
 223              		.align	2
 224              		.global	joy_x_25_Write
 225              		.thumb
 226              		.thumb_func
 227              		.type	joy_x_25_Write, %function
ARM GAS  C:\Users\JEFFSN~1\AppData\Local\Temp\cc5fiWTB.s 			page 15


 228              	joy_x_25_Write:
 229              	.LFB0:
 230              		.file 1 "Generated_Source\\PSoC5\\joy_x_25.c"
   1:Generated_Source\PSoC5/joy_x_25.c **** /*******************************************************************************
   2:Generated_Source\PSoC5/joy_x_25.c **** * File Name: joy_x_25.c  
   3:Generated_Source\PSoC5/joy_x_25.c **** * Version 2.20
   4:Generated_Source\PSoC5/joy_x_25.c **** *
   5:Generated_Source\PSoC5/joy_x_25.c **** * Description:
   6:Generated_Source\PSoC5/joy_x_25.c **** *  This file contains API to enable firmware control of a Pins component.
   7:Generated_Source\PSoC5/joy_x_25.c **** *
   8:Generated_Source\PSoC5/joy_x_25.c **** * Note:
   9:Generated_Source\PSoC5/joy_x_25.c **** *
  10:Generated_Source\PSoC5/joy_x_25.c **** ********************************************************************************
  11:Generated_Source\PSoC5/joy_x_25.c **** * Copyright 2008-2015, Cypress Semiconductor Corporation.  All rights reserved.
  12:Generated_Source\PSoC5/joy_x_25.c **** * You may use this file only in accordance with the license, terms, conditions, 
  13:Generated_Source\PSoC5/joy_x_25.c **** * disclaimers, and limitations in the end user license agreement accompanying 
  14:Generated_Source\PSoC5/joy_x_25.c **** * the software package with which this file was provided.
  15:Generated_Source\PSoC5/joy_x_25.c **** *******************************************************************************/
  16:Generated_Source\PSoC5/joy_x_25.c **** 
  17:Generated_Source\PSoC5/joy_x_25.c **** #include "cytypes.h"
  18:Generated_Source\PSoC5/joy_x_25.c **** #include "joy_x_25.h"
  19:Generated_Source\PSoC5/joy_x_25.c **** 
  20:Generated_Source\PSoC5/joy_x_25.c **** /* APIs are not generated for P15[7:6] on PSoC 5 */
  21:Generated_Source\PSoC5/joy_x_25.c **** #if !(CY_PSOC5A &&\
  22:Generated_Source\PSoC5/joy_x_25.c **** 	 joy_x_25__PORT == 15 && ((joy_x_25__MASK & 0xC0) != 0))
  23:Generated_Source\PSoC5/joy_x_25.c **** 
  24:Generated_Source\PSoC5/joy_x_25.c **** 
  25:Generated_Source\PSoC5/joy_x_25.c **** /*******************************************************************************
  26:Generated_Source\PSoC5/joy_x_25.c **** * Function Name: joy_x_25_Write
  27:Generated_Source\PSoC5/joy_x_25.c **** ****************************************************************************//**
  28:Generated_Source\PSoC5/joy_x_25.c **** *
  29:Generated_Source\PSoC5/joy_x_25.c **** * \brief Writes the value to the physical port (data output register), masking
  30:Generated_Source\PSoC5/joy_x_25.c **** *  and shifting the bits appropriately. 
  31:Generated_Source\PSoC5/joy_x_25.c **** *
  32:Generated_Source\PSoC5/joy_x_25.c **** * The data output register controls the signal applied to the physical pin in 
  33:Generated_Source\PSoC5/joy_x_25.c **** * conjunction with the drive mode parameter. This function avoids changing 
  34:Generated_Source\PSoC5/joy_x_25.c **** * other bits in the port by using the appropriate method (read-modify-write or
  35:Generated_Source\PSoC5/joy_x_25.c **** * bit banding).
  36:Generated_Source\PSoC5/joy_x_25.c **** *
  37:Generated_Source\PSoC5/joy_x_25.c **** * <b>Note</b> This function should not be used on a hardware digital output pin 
  38:Generated_Source\PSoC5/joy_x_25.c **** * as it is driven by the hardware signal attached to it.
  39:Generated_Source\PSoC5/joy_x_25.c **** *
  40:Generated_Source\PSoC5/joy_x_25.c **** * \param value
  41:Generated_Source\PSoC5/joy_x_25.c **** *  Value to write to the component instance.
  42:Generated_Source\PSoC5/joy_x_25.c **** *
  43:Generated_Source\PSoC5/joy_x_25.c **** * \return 
  44:Generated_Source\PSoC5/joy_x_25.c **** *  None 
  45:Generated_Source\PSoC5/joy_x_25.c **** *
  46:Generated_Source\PSoC5/joy_x_25.c **** * \sideeffect
  47:Generated_Source\PSoC5/joy_x_25.c **** *  If you use read-modify-write operations that are not atomic; the Interrupt 
  48:Generated_Source\PSoC5/joy_x_25.c **** *  Service Routines (ISR) can cause corruption of this function. An ISR that 
  49:Generated_Source\PSoC5/joy_x_25.c **** *  interrupts this function and performs writes to the Pins component data 
  50:Generated_Source\PSoC5/joy_x_25.c **** *  register can cause corrupted port data. To avoid this issue, you should 
  51:Generated_Source\PSoC5/joy_x_25.c **** *  either use the Per-Pin APIs (primary method) or disable interrupts around 
  52:Generated_Source\PSoC5/joy_x_25.c **** *  this function.
  53:Generated_Source\PSoC5/joy_x_25.c **** *
  54:Generated_Source\PSoC5/joy_x_25.c **** * \funcusage
ARM GAS  C:\Users\JEFFSN~1\AppData\Local\Temp\cc5fiWTB.s 			page 16


  55:Generated_Source\PSoC5/joy_x_25.c **** *  \snippet joy_x_25_SUT.c usage_joy_x_25_Write
  56:Generated_Source\PSoC5/joy_x_25.c **** *******************************************************************************/
  57:Generated_Source\PSoC5/joy_x_25.c **** void joy_x_25_Write(uint8 value)
  58:Generated_Source\PSoC5/joy_x_25.c **** {
 231              		.loc 1 58 0
 232              		.cfi_startproc
 233              		@ args = 0, pretend = 0, frame = 0
 234              		@ frame_needed = 0, uses_anonymous_args = 0
 235              		@ link register save eliminated.
 236              	.LVL0:
  59:Generated_Source\PSoC5/joy_x_25.c ****     uint8 staticBits = (joy_x_25_DR & (uint8)(~joy_x_25_MASK));
 237              		.loc 1 59 0
 238 0000 044A     		ldr	r2, .L2
 239 0002 1378     		ldrb	r3, [r2]	@ zero_extendqisi2
 240 0004 03F0DF03 		and	r3, r3, #223
 241              	.LVL1:
  60:Generated_Source\PSoC5/joy_x_25.c ****     joy_x_25_DR = staticBits | ((uint8)(value << joy_x_25_SHIFT) & joy_x_25_MASK);
 242              		.loc 1 60 0
 243 0008 4001     		lsls	r0, r0, #5
 244              	.LVL2:
 245 000a 00F02000 		and	r0, r0, #32
 246 000e 1843     		orrs	r0, r0, r3
 247 0010 1070     		strb	r0, [r2]
 248 0012 7047     		bx	lr
 249              	.L3:
 250              		.align	2
 251              	.L2:
 252 0014 20510040 		.word	1073762592
 253              		.cfi_endproc
 254              	.LFE0:
 255              		.size	joy_x_25_Write, .-joy_x_25_Write
 256              		.section	.text.joy_x_25_SetDriveMode,"ax",%progbits
 257              		.align	2
 258              		.global	joy_x_25_SetDriveMode
 259              		.thumb
 260              		.thumb_func
 261              		.type	joy_x_25_SetDriveMode, %function
 262              	joy_x_25_SetDriveMode:
 263              	.LFB1:
  61:Generated_Source\PSoC5/joy_x_25.c **** }
  62:Generated_Source\PSoC5/joy_x_25.c **** 
  63:Generated_Source\PSoC5/joy_x_25.c **** 
  64:Generated_Source\PSoC5/joy_x_25.c **** /*******************************************************************************
  65:Generated_Source\PSoC5/joy_x_25.c **** * Function Name: joy_x_25_SetDriveMode
  66:Generated_Source\PSoC5/joy_x_25.c **** ****************************************************************************//**
  67:Generated_Source\PSoC5/joy_x_25.c **** *
  68:Generated_Source\PSoC5/joy_x_25.c **** * \brief Sets the drive mode for each of the Pins component's pins.
  69:Generated_Source\PSoC5/joy_x_25.c **** * 
  70:Generated_Source\PSoC5/joy_x_25.c **** * <b>Note</b> This affects all pins in the Pins component instance. Use the
  71:Generated_Source\PSoC5/joy_x_25.c **** * Per-Pin APIs if you wish to control individual pin's drive modes.
  72:Generated_Source\PSoC5/joy_x_25.c **** *
  73:Generated_Source\PSoC5/joy_x_25.c **** * \param mode
  74:Generated_Source\PSoC5/joy_x_25.c **** *  Mode for the selected signals. Valid options are documented in 
  75:Generated_Source\PSoC5/joy_x_25.c **** *  \ref driveMode.
  76:Generated_Source\PSoC5/joy_x_25.c **** *
  77:Generated_Source\PSoC5/joy_x_25.c **** * \return
  78:Generated_Source\PSoC5/joy_x_25.c **** *  None
ARM GAS  C:\Users\JEFFSN~1\AppData\Local\Temp\cc5fiWTB.s 			page 17


  79:Generated_Source\PSoC5/joy_x_25.c **** *
  80:Generated_Source\PSoC5/joy_x_25.c **** * \sideeffect
  81:Generated_Source\PSoC5/joy_x_25.c **** *  If you use read-modify-write operations that are not atomic, the ISR can
  82:Generated_Source\PSoC5/joy_x_25.c **** *  cause corruption of this function. An ISR that interrupts this function 
  83:Generated_Source\PSoC5/joy_x_25.c **** *  and performs writes to the Pins component Drive Mode registers can cause 
  84:Generated_Source\PSoC5/joy_x_25.c **** *  corrupted port data. To avoid this issue, you should either use the Per-Pin
  85:Generated_Source\PSoC5/joy_x_25.c **** *  APIs (primary method) or disable interrupts around this function.
  86:Generated_Source\PSoC5/joy_x_25.c **** *
  87:Generated_Source\PSoC5/joy_x_25.c **** * \funcusage
  88:Generated_Source\PSoC5/joy_x_25.c **** *  \snippet joy_x_25_SUT.c usage_joy_x_25_SetDriveMode
  89:Generated_Source\PSoC5/joy_x_25.c **** *******************************************************************************/
  90:Generated_Source\PSoC5/joy_x_25.c **** void joy_x_25_SetDriveMode(uint8 mode)
  91:Generated_Source\PSoC5/joy_x_25.c **** {
 264              		.loc 1 91 0
 265              		.cfi_startproc
 266              		@ args = 0, pretend = 0, frame = 0
 267              		@ frame_needed = 0, uses_anonymous_args = 0
 268              		@ link register save eliminated.
 269              	.LVL3:
  92:Generated_Source\PSoC5/joy_x_25.c **** 	CyPins_SetPinDriveMode(joy_x_25_0, mode);
 270              		.loc 1 92 0
 271 0000 044A     		ldr	r2, .L5
 272 0002 1378     		ldrb	r3, [r2]	@ zero_extendqisi2
 273 0004 03F0F103 		and	r3, r3, #241
 274 0008 00F00E00 		and	r0, r0, #14
 275              	.LVL4:
 276 000c 1843     		orrs	r0, r0, r3
 277 000e 1070     		strb	r0, [r2]
 278 0010 7047     		bx	lr
 279              	.L6:
 280 0012 00BF     		.align	2
 281              	.L5:
 282 0014 15500040 		.word	1073762325
 283              		.cfi_endproc
 284              	.LFE1:
 285              		.size	joy_x_25_SetDriveMode, .-joy_x_25_SetDriveMode
 286              		.section	.text.joy_x_25_Read,"ax",%progbits
 287              		.align	2
 288              		.global	joy_x_25_Read
 289              		.thumb
 290              		.thumb_func
 291              		.type	joy_x_25_Read, %function
 292              	joy_x_25_Read:
 293              	.LFB2:
  93:Generated_Source\PSoC5/joy_x_25.c **** }
  94:Generated_Source\PSoC5/joy_x_25.c **** 
  95:Generated_Source\PSoC5/joy_x_25.c **** 
  96:Generated_Source\PSoC5/joy_x_25.c **** /*******************************************************************************
  97:Generated_Source\PSoC5/joy_x_25.c **** * Function Name: joy_x_25_Read
  98:Generated_Source\PSoC5/joy_x_25.c **** ****************************************************************************//**
  99:Generated_Source\PSoC5/joy_x_25.c **** *
 100:Generated_Source\PSoC5/joy_x_25.c **** * \brief Reads the associated physical port (pin status register) and masks 
 101:Generated_Source\PSoC5/joy_x_25.c **** *  the required bits according to the width and bit position of the component
 102:Generated_Source\PSoC5/joy_x_25.c **** *  instance. 
 103:Generated_Source\PSoC5/joy_x_25.c **** *
 104:Generated_Source\PSoC5/joy_x_25.c **** * The pin's status register returns the current logic level present on the 
 105:Generated_Source\PSoC5/joy_x_25.c **** * physical pin.
ARM GAS  C:\Users\JEFFSN~1\AppData\Local\Temp\cc5fiWTB.s 			page 18


 106:Generated_Source\PSoC5/joy_x_25.c **** *
 107:Generated_Source\PSoC5/joy_x_25.c **** * \return 
 108:Generated_Source\PSoC5/joy_x_25.c **** *  The current value for the pins in the component as a right justified number.
 109:Generated_Source\PSoC5/joy_x_25.c **** *
 110:Generated_Source\PSoC5/joy_x_25.c **** * \funcusage
 111:Generated_Source\PSoC5/joy_x_25.c **** *  \snippet joy_x_25_SUT.c usage_joy_x_25_Read  
 112:Generated_Source\PSoC5/joy_x_25.c **** *******************************************************************************/
 113:Generated_Source\PSoC5/joy_x_25.c **** uint8 joy_x_25_Read(void)
 114:Generated_Source\PSoC5/joy_x_25.c **** {
 294              		.loc 1 114 0
 295              		.cfi_startproc
 296              		@ args = 0, pretend = 0, frame = 0
 297              		@ frame_needed = 0, uses_anonymous_args = 0
 298              		@ link register save eliminated.
 115:Generated_Source\PSoC5/joy_x_25.c ****     return (joy_x_25_PS & joy_x_25_MASK) >> joy_x_25_SHIFT;
 299              		.loc 1 115 0
 300 0000 024B     		ldr	r3, .L8
 301 0002 1878     		ldrb	r0, [r3]	@ zero_extendqisi2
 116:Generated_Source\PSoC5/joy_x_25.c **** }
 302              		.loc 1 116 0
 303 0004 C0F34010 		ubfx	r0, r0, #5, #1
 304 0008 7047     		bx	lr
 305              	.L9:
 306 000a 00BF     		.align	2
 307              	.L8:
 308 000c 21510040 		.word	1073762593
 309              		.cfi_endproc
 310              	.LFE2:
 311              		.size	joy_x_25_Read, .-joy_x_25_Read
 312              		.section	.text.joy_x_25_ReadDataReg,"ax",%progbits
 313              		.align	2
 314              		.global	joy_x_25_ReadDataReg
 315              		.thumb
 316              		.thumb_func
 317              		.type	joy_x_25_ReadDataReg, %function
 318              	joy_x_25_ReadDataReg:
 319              	.LFB3:
 117:Generated_Source\PSoC5/joy_x_25.c **** 
 118:Generated_Source\PSoC5/joy_x_25.c **** 
 119:Generated_Source\PSoC5/joy_x_25.c **** /*******************************************************************************
 120:Generated_Source\PSoC5/joy_x_25.c **** * Function Name: joy_x_25_ReadDataReg
 121:Generated_Source\PSoC5/joy_x_25.c **** ****************************************************************************//**
 122:Generated_Source\PSoC5/joy_x_25.c **** *
 123:Generated_Source\PSoC5/joy_x_25.c **** * \brief Reads the associated physical port's data output register and masks 
 124:Generated_Source\PSoC5/joy_x_25.c **** *  the correct bits according to the width and bit position of the component 
 125:Generated_Source\PSoC5/joy_x_25.c **** *  instance. 
 126:Generated_Source\PSoC5/joy_x_25.c **** *
 127:Generated_Source\PSoC5/joy_x_25.c **** * The data output register controls the signal applied to the physical pin in 
 128:Generated_Source\PSoC5/joy_x_25.c **** * conjunction with the drive mode parameter. This is not the same as the 
 129:Generated_Source\PSoC5/joy_x_25.c **** * preferred joy_x_25_Read() API because the 
 130:Generated_Source\PSoC5/joy_x_25.c **** * joy_x_25_ReadDataReg() reads the data register instead of the status 
 131:Generated_Source\PSoC5/joy_x_25.c **** * register. For output pins this is a useful function to determine the value 
 132:Generated_Source\PSoC5/joy_x_25.c **** * just written to the pin.
 133:Generated_Source\PSoC5/joy_x_25.c **** *
 134:Generated_Source\PSoC5/joy_x_25.c **** * \return 
 135:Generated_Source\PSoC5/joy_x_25.c **** *  The current value of the data register masked and shifted into a right 
 136:Generated_Source\PSoC5/joy_x_25.c **** *  justified number for the component instance.
ARM GAS  C:\Users\JEFFSN~1\AppData\Local\Temp\cc5fiWTB.s 			page 19


 137:Generated_Source\PSoC5/joy_x_25.c **** *
 138:Generated_Source\PSoC5/joy_x_25.c **** * \funcusage
 139:Generated_Source\PSoC5/joy_x_25.c **** *  \snippet joy_x_25_SUT.c usage_joy_x_25_ReadDataReg 
 140:Generated_Source\PSoC5/joy_x_25.c **** *******************************************************************************/
 141:Generated_Source\PSoC5/joy_x_25.c **** uint8 joy_x_25_ReadDataReg(void)
 142:Generated_Source\PSoC5/joy_x_25.c **** {
 320              		.loc 1 142 0
 321              		.cfi_startproc
 322              		@ args = 0, pretend = 0, frame = 0
 323              		@ frame_needed = 0, uses_anonymous_args = 0
 324              		@ link register save eliminated.
 143:Generated_Source\PSoC5/joy_x_25.c ****     return (joy_x_25_DR & joy_x_25_MASK) >> joy_x_25_SHIFT;
 325              		.loc 1 143 0
 326 0000 024B     		ldr	r3, .L11
 327 0002 1878     		ldrb	r0, [r3]	@ zero_extendqisi2
 144:Generated_Source\PSoC5/joy_x_25.c **** }
 328              		.loc 1 144 0
 329 0004 C0F34010 		ubfx	r0, r0, #5, #1
 330 0008 7047     		bx	lr
 331              	.L12:
 332 000a 00BF     		.align	2
 333              	.L11:
 334 000c 20510040 		.word	1073762592
 335              		.cfi_endproc
 336              	.LFE3:
 337              		.size	joy_x_25_ReadDataReg, .-joy_x_25_ReadDataReg
 338              		.text
 339              	.Letext0:
 340              		.file 2 "Generated_Source\\PSoC5\\cytypes.h"
 341              		.section	.debug_info,"",%progbits
 342              	.Ldebug_info0:
 343 0000 1B010000 		.4byte	0x11b
 344 0004 0400     		.2byte	0x4
 345 0006 00000000 		.4byte	.Ldebug_abbrev0
 346 000a 04       		.byte	0x4
 347 000b 01       		.uleb128 0x1
 348 000c 8E000000 		.4byte	.LASF20
 349 0010 0C       		.byte	0xc
 350 0011 15020000 		.4byte	.LASF21
 351 0015 81010000 		.4byte	.LASF22
 352 0019 00000000 		.4byte	.Ldebug_ranges0+0
 353 001d 00000000 		.4byte	0
 354 0021 00000000 		.4byte	.Ldebug_line0
 355 0025 02       		.uleb128 0x2
 356 0026 01       		.byte	0x1
 357 0027 06       		.byte	0x6
 358 0028 09020000 		.4byte	.LASF0
 359 002c 02       		.uleb128 0x2
 360 002d 01       		.byte	0x1
 361 002e 08       		.byte	0x8
 362 002f 42000000 		.4byte	.LASF1
 363 0033 02       		.uleb128 0x2
 364 0034 02       		.byte	0x2
 365 0035 05       		.byte	0x5
 366 0036 F0010000 		.4byte	.LASF2
 367 003a 02       		.uleb128 0x2
 368 003b 02       		.byte	0x2
ARM GAS  C:\Users\JEFFSN~1\AppData\Local\Temp\cc5fiWTB.s 			page 20


 369 003c 07       		.byte	0x7
 370 003d 67000000 		.4byte	.LASF3
 371 0041 02       		.uleb128 0x2
 372 0042 04       		.byte	0x4
 373 0043 05       		.byte	0x5
 374 0044 00020000 		.4byte	.LASF4
 375 0048 02       		.uleb128 0x2
 376 0049 04       		.byte	0x4
 377 004a 07       		.byte	0x7
 378 004b 55000000 		.4byte	.LASF5
 379 004f 02       		.uleb128 0x2
 380 0050 08       		.byte	0x8
 381 0051 05       		.byte	0x5
 382 0052 5F010000 		.4byte	.LASF6
 383 0056 02       		.uleb128 0x2
 384 0057 08       		.byte	0x8
 385 0058 07       		.byte	0x7
 386 0059 43010000 		.4byte	.LASF7
 387 005d 03       		.uleb128 0x3
 388 005e 04       		.byte	0x4
 389 005f 05       		.byte	0x5
 390 0060 696E7400 		.ascii	"int\000"
 391 0064 02       		.uleb128 0x2
 392 0065 04       		.byte	0x4
 393 0066 07       		.byte	0x7
 394 0067 81000000 		.4byte	.LASF8
 395 006b 04       		.uleb128 0x4
 396 006c FA010000 		.4byte	.LASF12
 397 0070 02       		.byte	0x2
 398 0071 E901     		.2byte	0x1e9
 399 0073 2C000000 		.4byte	0x2c
 400 0077 02       		.uleb128 0x2
 401 0078 04       		.byte	0x4
 402 0079 04       		.byte	0x4
 403 007a 3C000000 		.4byte	.LASF9
 404 007e 02       		.uleb128 0x2
 405 007f 08       		.byte	0x8
 406 0080 04       		.byte	0x4
 407 0081 7A000000 		.4byte	.LASF10
 408 0085 02       		.uleb128 0x2
 409 0086 01       		.byte	0x1
 410 0087 08       		.byte	0x8
 411 0088 7C010000 		.4byte	.LASF11
 412 008c 04       		.uleb128 0x4
 413 008d 50000000 		.4byte	.LASF13
 414 0091 02       		.byte	0x2
 415 0092 9302     		.2byte	0x293
 416 0094 98000000 		.4byte	0x98
 417 0098 05       		.uleb128 0x5
 418 0099 6B000000 		.4byte	0x6b
 419 009d 06       		.uleb128 0x6
 420 009e 6D010000 		.4byte	.LASF14
 421 00a2 01       		.byte	0x1
 422 00a3 39       		.byte	0x39
 423 00a4 00000000 		.4byte	.LFB0
 424 00a8 18000000 		.4byte	.LFE0-.LFB0
 425 00ac 01       		.uleb128 0x1
ARM GAS  C:\Users\JEFFSN~1\AppData\Local\Temp\cc5fiWTB.s 			page 21


 426 00ad 9C       		.byte	0x9c
 427 00ae CF000000 		.4byte	0xcf
 428 00b2 07       		.uleb128 0x7
 429 00b3 00000000 		.4byte	.LASF16
 430 00b7 01       		.byte	0x1
 431 00b8 39       		.byte	0x39
 432 00b9 6B000000 		.4byte	0x6b
 433 00bd 00000000 		.4byte	.LLST0
 434 00c1 08       		.uleb128 0x8
 435 00c2 1C000000 		.4byte	.LASF23
 436 00c6 01       		.byte	0x1
 437 00c7 3B       		.byte	0x3b
 438 00c8 6B000000 		.4byte	0x6b
 439 00cc 01       		.uleb128 0x1
 440 00cd 53       		.byte	0x53
 441 00ce 00       		.byte	0
 442 00cf 06       		.uleb128 0x6
 443 00d0 06000000 		.4byte	.LASF15
 444 00d4 01       		.byte	0x1
 445 00d5 5A       		.byte	0x5a
 446 00d6 00000000 		.4byte	.LFB1
 447 00da 18000000 		.4byte	.LFE1-.LFB1
 448 00de 01       		.uleb128 0x1
 449 00df 9C       		.byte	0x9c
 450 00e0 F4000000 		.4byte	0xf4
 451 00e4 07       		.uleb128 0x7
 452 00e5 5A010000 		.4byte	.LASF17
 453 00e9 01       		.byte	0x1
 454 00ea 5A       		.byte	0x5a
 455 00eb 6B000000 		.4byte	0x6b
 456 00ef 21000000 		.4byte	.LLST1
 457 00f3 00       		.byte	0
 458 00f4 09       		.uleb128 0x9
 459 00f5 35010000 		.4byte	.LASF18
 460 00f9 01       		.byte	0x1
 461 00fa 71       		.byte	0x71
 462 00fb 6B000000 		.4byte	0x6b
 463 00ff 00000000 		.4byte	.LFB2
 464 0103 10000000 		.4byte	.LFE2-.LFB2
 465 0107 01       		.uleb128 0x1
 466 0108 9C       		.byte	0x9c
 467 0109 09       		.uleb128 0x9
 468 010a 27000000 		.4byte	.LASF19
 469 010e 01       		.byte	0x1
 470 010f 8D       		.byte	0x8d
 471 0110 6B000000 		.4byte	0x6b
 472 0114 00000000 		.4byte	.LFB3
 473 0118 10000000 		.4byte	.LFE3-.LFB3
 474 011c 01       		.uleb128 0x1
 475 011d 9C       		.byte	0x9c
 476 011e 00       		.byte	0
 477              		.section	.debug_abbrev,"",%progbits
 478              	.Ldebug_abbrev0:
 479 0000 01       		.uleb128 0x1
 480 0001 11       		.uleb128 0x11
 481 0002 01       		.byte	0x1
 482 0003 25       		.uleb128 0x25
ARM GAS  C:\Users\JEFFSN~1\AppData\Local\Temp\cc5fiWTB.s 			page 22


 483 0004 0E       		.uleb128 0xe
 484 0005 13       		.uleb128 0x13
 485 0006 0B       		.uleb128 0xb
 486 0007 03       		.uleb128 0x3
 487 0008 0E       		.uleb128 0xe
 488 0009 1B       		.uleb128 0x1b
 489 000a 0E       		.uleb128 0xe
 490 000b 55       		.uleb128 0x55
 491 000c 17       		.uleb128 0x17
 492 000d 11       		.uleb128 0x11
 493 000e 01       		.uleb128 0x1
 494 000f 10       		.uleb128 0x10
 495 0010 17       		.uleb128 0x17
 496 0011 00       		.byte	0
 497 0012 00       		.byte	0
 498 0013 02       		.uleb128 0x2
 499 0014 24       		.uleb128 0x24
 500 0015 00       		.byte	0
 501 0016 0B       		.uleb128 0xb
 502 0017 0B       		.uleb128 0xb
 503 0018 3E       		.uleb128 0x3e
 504 0019 0B       		.uleb128 0xb
 505 001a 03       		.uleb128 0x3
 506 001b 0E       		.uleb128 0xe
 507 001c 00       		.byte	0
 508 001d 00       		.byte	0
 509 001e 03       		.uleb128 0x3
 510 001f 24       		.uleb128 0x24
 511 0020 00       		.byte	0
 512 0021 0B       		.uleb128 0xb
 513 0022 0B       		.uleb128 0xb
 514 0023 3E       		.uleb128 0x3e
 515 0024 0B       		.uleb128 0xb
 516 0025 03       		.uleb128 0x3
 517 0026 08       		.uleb128 0x8
 518 0027 00       		.byte	0
 519 0028 00       		.byte	0
 520 0029 04       		.uleb128 0x4
 521 002a 16       		.uleb128 0x16
 522 002b 00       		.byte	0
 523 002c 03       		.uleb128 0x3
 524 002d 0E       		.uleb128 0xe
 525 002e 3A       		.uleb128 0x3a
 526 002f 0B       		.uleb128 0xb
 527 0030 3B       		.uleb128 0x3b
 528 0031 05       		.uleb128 0x5
 529 0032 49       		.uleb128 0x49
 530 0033 13       		.uleb128 0x13
 531 0034 00       		.byte	0
 532 0035 00       		.byte	0
 533 0036 05       		.uleb128 0x5
 534 0037 35       		.uleb128 0x35
 535 0038 00       		.byte	0
 536 0039 49       		.uleb128 0x49
 537 003a 13       		.uleb128 0x13
 538 003b 00       		.byte	0
 539 003c 00       		.byte	0
ARM GAS  C:\Users\JEFFSN~1\AppData\Local\Temp\cc5fiWTB.s 			page 23


 540 003d 06       		.uleb128 0x6
 541 003e 2E       		.uleb128 0x2e
 542 003f 01       		.byte	0x1
 543 0040 3F       		.uleb128 0x3f
 544 0041 19       		.uleb128 0x19
 545 0042 03       		.uleb128 0x3
 546 0043 0E       		.uleb128 0xe
 547 0044 3A       		.uleb128 0x3a
 548 0045 0B       		.uleb128 0xb
 549 0046 3B       		.uleb128 0x3b
 550 0047 0B       		.uleb128 0xb
 551 0048 27       		.uleb128 0x27
 552 0049 19       		.uleb128 0x19
 553 004a 11       		.uleb128 0x11
 554 004b 01       		.uleb128 0x1
 555 004c 12       		.uleb128 0x12
 556 004d 06       		.uleb128 0x6
 557 004e 40       		.uleb128 0x40
 558 004f 18       		.uleb128 0x18
 559 0050 9742     		.uleb128 0x2117
 560 0052 19       		.uleb128 0x19
 561 0053 01       		.uleb128 0x1
 562 0054 13       		.uleb128 0x13
 563 0055 00       		.byte	0
 564 0056 00       		.byte	0
 565 0057 07       		.uleb128 0x7
 566 0058 05       		.uleb128 0x5
 567 0059 00       		.byte	0
 568 005a 03       		.uleb128 0x3
 569 005b 0E       		.uleb128 0xe
 570 005c 3A       		.uleb128 0x3a
 571 005d 0B       		.uleb128 0xb
 572 005e 3B       		.uleb128 0x3b
 573 005f 0B       		.uleb128 0xb
 574 0060 49       		.uleb128 0x49
 575 0061 13       		.uleb128 0x13
 576 0062 02       		.uleb128 0x2
 577 0063 17       		.uleb128 0x17
 578 0064 00       		.byte	0
 579 0065 00       		.byte	0
 580 0066 08       		.uleb128 0x8
 581 0067 34       		.uleb128 0x34
 582 0068 00       		.byte	0
 583 0069 03       		.uleb128 0x3
 584 006a 0E       		.uleb128 0xe
 585 006b 3A       		.uleb128 0x3a
 586 006c 0B       		.uleb128 0xb
 587 006d 3B       		.uleb128 0x3b
 588 006e 0B       		.uleb128 0xb
 589 006f 49       		.uleb128 0x49
 590 0070 13       		.uleb128 0x13
 591 0071 02       		.uleb128 0x2
 592 0072 18       		.uleb128 0x18
 593 0073 00       		.byte	0
 594 0074 00       		.byte	0
 595 0075 09       		.uleb128 0x9
 596 0076 2E       		.uleb128 0x2e
ARM GAS  C:\Users\JEFFSN~1\AppData\Local\Temp\cc5fiWTB.s 			page 24


 597 0077 00       		.byte	0
 598 0078 3F       		.uleb128 0x3f
 599 0079 19       		.uleb128 0x19
 600 007a 03       		.uleb128 0x3
 601 007b 0E       		.uleb128 0xe
 602 007c 3A       		.uleb128 0x3a
 603 007d 0B       		.uleb128 0xb
 604 007e 3B       		.uleb128 0x3b
 605 007f 0B       		.uleb128 0xb
 606 0080 27       		.uleb128 0x27
 607 0081 19       		.uleb128 0x19
 608 0082 49       		.uleb128 0x49
 609 0083 13       		.uleb128 0x13
 610 0084 11       		.uleb128 0x11
 611 0085 01       		.uleb128 0x1
 612 0086 12       		.uleb128 0x12
 613 0087 06       		.uleb128 0x6
 614 0088 40       		.uleb128 0x40
 615 0089 18       		.uleb128 0x18
 616 008a 9742     		.uleb128 0x2117
 617 008c 19       		.uleb128 0x19
 618 008d 00       		.byte	0
 619 008e 00       		.byte	0
 620 008f 00       		.byte	0
 621              		.section	.debug_loc,"",%progbits
 622              	.Ldebug_loc0:
 623              	.LLST0:
 624 0000 00000000 		.4byte	.LVL0
 625 0004 0A000000 		.4byte	.LVL2
 626 0008 0100     		.2byte	0x1
 627 000a 50       		.byte	0x50
 628 000b 0A000000 		.4byte	.LVL2
 629 000f 18000000 		.4byte	.LFE0
 630 0013 0400     		.2byte	0x4
 631 0015 F3       		.byte	0xf3
 632 0016 01       		.uleb128 0x1
 633 0017 50       		.byte	0x50
 634 0018 9F       		.byte	0x9f
 635 0019 00000000 		.4byte	0
 636 001d 00000000 		.4byte	0
 637              	.LLST1:
 638 0021 00000000 		.4byte	.LVL3
 639 0025 0C000000 		.4byte	.LVL4
 640 0029 0100     		.2byte	0x1
 641 002b 50       		.byte	0x50
 642 002c 0C000000 		.4byte	.LVL4
 643 0030 18000000 		.4byte	.LFE1
 644 0034 0400     		.2byte	0x4
 645 0036 F3       		.byte	0xf3
 646 0037 01       		.uleb128 0x1
 647 0038 50       		.byte	0x50
 648 0039 9F       		.byte	0x9f
 649 003a 00000000 		.4byte	0
 650 003e 00000000 		.4byte	0
 651              		.section	.debug_aranges,"",%progbits
 652 0000 34000000 		.4byte	0x34
 653 0004 0200     		.2byte	0x2
ARM GAS  C:\Users\JEFFSN~1\AppData\Local\Temp\cc5fiWTB.s 			page 25


 654 0006 00000000 		.4byte	.Ldebug_info0
 655 000a 04       		.byte	0x4
 656 000b 00       		.byte	0
 657 000c 0000     		.2byte	0
 658 000e 0000     		.2byte	0
 659 0010 00000000 		.4byte	.LFB0
 660 0014 18000000 		.4byte	.LFE0-.LFB0
 661 0018 00000000 		.4byte	.LFB1
 662 001c 18000000 		.4byte	.LFE1-.LFB1
 663 0020 00000000 		.4byte	.LFB2
 664 0024 10000000 		.4byte	.LFE2-.LFB2
 665 0028 00000000 		.4byte	.LFB3
 666 002c 10000000 		.4byte	.LFE3-.LFB3
 667 0030 00000000 		.4byte	0
 668 0034 00000000 		.4byte	0
 669              		.section	.debug_ranges,"",%progbits
 670              	.Ldebug_ranges0:
 671 0000 00000000 		.4byte	.LFB0
 672 0004 18000000 		.4byte	.LFE0
 673 0008 00000000 		.4byte	.LFB1
 674 000c 18000000 		.4byte	.LFE1
 675 0010 00000000 		.4byte	.LFB2
 676 0014 10000000 		.4byte	.LFE2
 677 0018 00000000 		.4byte	.LFB3
 678 001c 10000000 		.4byte	.LFE3
 679 0020 00000000 		.4byte	0
 680 0024 00000000 		.4byte	0
 681              		.section	.debug_line,"",%progbits
 682              	.Ldebug_line0:
 683 0000 91000000 		.section	.debug_str,"MS",%progbits,1
 683      02004500 
 683      00000201 
 683      FB0E0D00 
 683      01010101 
 684              	.LASF16:
 685 0000 76616C75 		.ascii	"value\000"
 685      6500
 686              	.LASF15:
 687 0006 6A6F795F 		.ascii	"joy_x_25_SetDriveMode\000"
 687      785F3235 
 687      5F536574 
 687      44726976 
 687      654D6F64 
 688              	.LASF23:
 689 001c 73746174 		.ascii	"staticBits\000"
 689      69634269 
 689      747300
 690              	.LASF19:
 691 0027 6A6F795F 		.ascii	"joy_x_25_ReadDataReg\000"
 691      785F3235 
 691      5F526561 
 691      64446174 
 691      61526567 
 692              	.LASF9:
 693 003c 666C6F61 		.ascii	"float\000"
 693      7400
 694              	.LASF1:
ARM GAS  C:\Users\JEFFSN~1\AppData\Local\Temp\cc5fiWTB.s 			page 26


 695 0042 756E7369 		.ascii	"unsigned char\000"
 695      676E6564 
 695      20636861 
 695      7200
 696              	.LASF13:
 697 0050 72656738 		.ascii	"reg8\000"
 697      00
 698              	.LASF5:
 699 0055 6C6F6E67 		.ascii	"long unsigned int\000"
 699      20756E73 
 699      69676E65 
 699      6420696E 
 699      7400
 700              	.LASF3:
 701 0067 73686F72 		.ascii	"short unsigned int\000"
 701      7420756E 
 701      7369676E 
 701      65642069 
 701      6E7400
 702              	.LASF10:
 703 007a 646F7562 		.ascii	"double\000"
 703      6C6500
 704              	.LASF8:
 705 0081 756E7369 		.ascii	"unsigned int\000"
 705      676E6564 
 705      20696E74 
 705      00
 706              	.LASF20:
 707 008e 474E5520 		.ascii	"GNU C11 5.4.1 20160609 (release) [ARM/embedded-5-br"
 707      43313120 
 707      352E342E 
 707      31203230 
 707      31363036 
 708 00c1 616E6368 		.ascii	"anch revision 237715] -mcpu=cortex-m3 -mthumb -g -O"
 708      20726576 
 708      6973696F 
 708      6E203233 
 708      37373135 
 709 00f4 67202D66 		.ascii	"g -ffunction-sections -ffat-lto-objects -finline-fu"
 709      66756E63 
 709      74696F6E 
 709      2D736563 
 709      74696F6E 
 710 0127 6E637469 		.ascii	"nctions -flto\000"
 710      6F6E7320 
 710      2D666C74 
 710      6F00
 711              	.LASF18:
 712 0135 6A6F795F 		.ascii	"joy_x_25_Read\000"
 712      785F3235 
 712      5F526561 
 712      6400
 713              	.LASF7:
 714 0143 6C6F6E67 		.ascii	"long long unsigned int\000"
 714      206C6F6E 
 714      6720756E 
 714      7369676E 
ARM GAS  C:\Users\JEFFSN~1\AppData\Local\Temp\cc5fiWTB.s 			page 27


 714      65642069 
 715              	.LASF17:
 716 015a 6D6F6465 		.ascii	"mode\000"
 716      00
 717              	.LASF6:
 718 015f 6C6F6E67 		.ascii	"long long int\000"
 718      206C6F6E 
 718      6720696E 
 718      7400
 719              	.LASF14:
 720 016d 6A6F795F 		.ascii	"joy_x_25_Write\000"
 720      785F3235 
 720      5F577269 
 720      746500
 721              	.LASF11:
 722 017c 63686172 		.ascii	"char\000"
 722      00
 723              	.LASF22:
 724 0181 433A5C55 		.ascii	"C:\\Users\\JeffSnyder\\dev\\Electrobass_embedded\\P"
 724      73657273 
 724      5C4A6566 
 724      66536E79 
 724      6465725C 
 725 01af 534F4335 		.ascii	"SOC5_electrobass_stringsensors\\CE210514_PSOC3_5_Th"
 725      5F656C65 
 725      6374726F 
 725      62617373 
 725      5F737472 
 726 01e1 65726D69 		.ascii	"ermistor.cydsn\000"
 726      73746F72 
 726      2E637964 
 726      736E00
 727              	.LASF2:
 728 01f0 73686F72 		.ascii	"short int\000"
 728      7420696E 
 728      7400
 729              	.LASF12:
 730 01fa 75696E74 		.ascii	"uint8\000"
 730      3800
 731              	.LASF4:
 732 0200 6C6F6E67 		.ascii	"long int\000"
 732      20696E74 
 732      00
 733              	.LASF0:
 734 0209 7369676E 		.ascii	"signed char\000"
 734      65642063 
 734      68617200 
 735              	.LASF21:
 736 0215 47656E65 		.ascii	"Generated_Source\\PSoC5\\joy_x_25.c\000"
 736      72617465 
 736      645F536F 
 736      75726365 
 736      5C50536F 
 737              		.comm	__gnu_lto_v1,1,1
 738              		.ident	"GCC: (GNU Tools for ARM Embedded Processors) 5.4.1 20160609 (release) [ARM/embedded-5-bran
