ARM GAS  C:\Users\JEFFSN~1\AppData\Local\Temp\cc9mYUHg.s 			page 1


   1              		.syntax unified
   2              		.cpu cortex-m3
   3              		.fpu softvfp
   4              		.eabi_attribute 20, 1
   5              		.eabi_attribute 21, 1
   6              		.eabi_attribute 23, 3
   7              		.eabi_attribute 24, 1
   8              		.eabi_attribute 25, 1
   9              		.eabi_attribute 26, 1
  10              		.eabi_attribute 30, 2
  11              		.eabi_attribute 34, 1
  12              		.eabi_attribute 18, 4
  13              		.thumb
  14              		.syntax unified
  15              		.file	"knob_2_36.c"
  16              		.text
  17              	.Ltext0:
  18              		.section	.gnu.lto_.profile.807d6f39,"",%progbits
  19 0000 789C6361 		.ascii	"x\234ca`d`a`\000\222\222\242\000\000\261\0009"
  19      60646061 
  19      60009292 
  19      A20000B1 
  19      0039
  20              		.text
  21              		.section	.gnu.lto_.icf.807d6f39,"",%progbits
  22 0000 789C6361 		.ascii	"x\234ca`d\000\001)\006\004`axyrG\007/\343\202]\375o"
  22      60640001 
  22      29060460 
  22      61787972 
  22      47072FE3 
  23 0018 D9992EBE 		.ascii	"\331\231.\276|>\217\237\371\311\203\013W\371\031\000"
  23      7C3E8F9F 
  23      F9C9830B 
  23      57F91900 
  24 0028 AABA0CCC 		.ascii	"\252\272\014\314"
  25              		.text
  26              		.section	.gnu.lto_.jmpfuncs.807d6f39,"",%progbits
  27 0000 789C6361 		.ascii	"x\234ca`d\000\001!\006\004`a`dd\254g\004\021L\014\014"
  27      60640001 
  27      21060460 
  27      61606464 
  27      AC670411 
  28 0017 CC401100 		.ascii	"\314@\021\000\016\"\001&"
  28      0E220126 
  29              		.text
  30              		.section	.gnu.lto_.inline.807d6f39,"",%progbits
  31 0000 789C6361 		.ascii	"x\234ca`d\000\201$\006\004`a`\340\344`dd\340\000J1s"
  31      60640081 
  31      24060460 
  31      6160E0E4 
  31      606464E0 
  32 0018 1CB06360 		.ascii	"\034\260c`[ \317\304\300\262@\236\005$\013\024g\307"
  32      5B20CFC4 
  32      C0B2409E 
  32      05240B14 
  32      67C7
  33 002a 9064BAC0 		.ascii	"\220d\272\300\017\226db`ced`b\373\240\007\021\007\002"
ARM GAS  C:\Users\JEFFSN~1\AppData\Local\Temp\cc9mYUHg.s 			page 2


  33      0F966462 
  33      60636564 
  33      6062FBA0 
  33      07110702 
  34 003e 664C2106 		.ascii	"fL!\006\000\346\332\011\346"
  34      00E6DA09 
  34      E6
  35              		.text
  36              		.section	.gnu.lto_.pureconst.807d6f39,"",%progbits
  37 0000 789C6361 		.ascii	"x\234ca`d\340d```a\220b\224b\222b\226\002\000\002\261"
  37      6064E064 
  37      60606061 
  37      90629462 
  37      92629602 
  38 0017 0081     		.ascii	"\000\201"
  39              		.text
  40              		.section	.gnu.lto_knob_2_36_Write.807d6f39,"",%progbits
  41 0000 789C5551 		.ascii	"x\234UQKk\023Q\024>\337\275\363h\215\355\037h\026\005"
  41      4B6B1351 
  41      143EDFBD 
  41      F3688DED 
  41      1F681605 
  42 0014 A9A52822 		.ascii	"\251\245(\"\026\373\003t\341V\3546\020b\234EQ\033hS"
  42      16FB0374 
  42      E156EC36 
  42      10629C45 
  42      511B6853 
  43 0028 B7BDD369 		.ascii	"\267\275\323iR\250\010\335\264EP\013\221\222\372\350"
  43      52A808DD 
  43      B445500B 
  43      9192FAE8 
  44 0038 D3952238 		.ascii	"\323\225\"8\314\017\320M\\\370@J\221\021\\H\004\243"
  44      CC0FD04D 
  44      5CF8404A 
  44      91115C48 
  44      04A3
  45 004a AD51D373 		.ascii	"\255Q\323sf6\366\300}\314\231\357;\347\373\316\265\010"
  45      6636F6C0 
  45      7DCC99EF 
  45      3BE7FBCE 
  45      B508
  46 005c 24714A11 		.ascii	"$qJ\021\215\360\331\307\013\232\240\026^\023\371]\012"
  46      8DF0D9C7 
  46      0B9AA016 
  46      5E13F95D 
  46      0A
  47 006d 908BE902 		.ascii	"\220\213\351\002M+L\243\245\376*Ds\361s5T7\034\273\253"
  47      4D2B4CA3 
  47      A5FE2A44 
  47      73F17335 
  47      54371CBB 
  48 0082 0FB4590B 		.ascii	"\017\264Y\013Q\321D\035\225T\"\3241\304\250//\347\032"
  48      51D1441D 
  48      955422D4 
  48      31C4A82F 
  48      2FE71A
  49 0095 D027417C 		.ascii	"\320'A|\257F\255ffp\325\230\031c\016rFW4\260\006\315"
ARM GAS  C:\Users\JEFFSN~1\AppData\Local\Temp\cc9mYUHg.s 			page 3


  49      AF46AD66 
  49      6670D598 
  49      19630E72 
  49      465734B0 
  50 00ab 0C0C6771 		.ascii	"\014\014gq6K\234 <\302\240\200\367\33776z\365\351\204"
  50      364B9C20 
  50      3CC2A080 
  50      F7DF3736 
  50      7AF5E984 
  51 00bf B860E2DA 		.ascii	"\270`\342\332\361\201\207B\014\177\335\\6\241\337/\334"
  51      F1818742 
  51      0C7FDD5C 
  51      36A1DF2F 
  51      DC
  52 00d0 C7FF7325 		.ascii	"\307\377s%\030\272\267\375o\261\307\231\025U\375x\202"
  52      18BAB7FD 
  52      6FB1C799 
  52      1555FD78 
  52      82
  53 00e1 81540F9E 		.ascii	"\201T\017\236\302a\207\220\314\346\225\320t:\201\011"
  53      C2618790 
  53      CCE695D0 
  53      743A8109 
  54 00f1 5B764B77 		.ascii	"[vKw+n\252\330)\377\260 \275mI8\262\271\262\0215y\211"
  54      2B6EAAD8 
  54      29FFB020 
  54      BD6D4938 
  54      B2B9B211 
  55 0108 FBEF4AC9 		.ascii	"\373\357J\311\251cD\277\347?-\273R3\3202\211\245J\364"
  55      A96344BF 
  55      E73F2DBB 
  55      5233D032 
  55      89A54AF4 
  56 011c C6FDA12A 		.ascii	"\306\375\241*Z'j\337}\270\373\315I?\267j\276\2618\265"
  56      5A276ADF 
  56      7DB8FBCD 
  56      493FB76A 
  56      BEB138B5 
  57 0130 3B7FAFED 		.ascii	";\177\257\355\256\340\276?\3133\262\260\201,\326\301"
  57      AEE0BE3F 
  57      CB33B2B0 
  57      812CD6C1 
  58 0140 9AB18915 		.ascii	"\232\261\211\025P\214\340O\365#\322\202:\255y\373`\347"
  58      508CE04F 
  58      F523D282 
  58      3AAD79FB 
  58      60E7
  59 0152 6D8F1401 		.ascii	"m\217\024\001^\001[\014\336\203Jl\260RF\011\251Y\215"
  59      5E015B0C 
  59      DE834A6C 
  59      B0524609 
  59      A9598D
  60 0165 EBDD29CB 		.ascii	"\353\335)\313\016\264\364\371\334^\177\321+,\233\201"
  60      0EB4F4F9 
  60      DC5E7FD1 
  60      2B2C9B81 
  61 0175 DB4C4A4A 		.ascii	"\333LJJ7T\012\022\034\203j?\203;\031\001Y\010\011;)"
ARM GAS  C:\Users\JEFFSN~1\AppData\Local\Temp\cc9mYUHg.s 			page 4


  61      37540A12 
  61      1C836A3F 
  61      833B1901 
  61      5908093B 
  62 018a 6ADF4931 		.ascii	"j\337I1n\242\300\341T\264\224(:\242\3367&s\324\3003"
  62      6EA2C0E1 
  62      54B49428 
  62      3AA2DE37 
  62      2673D4C0 
  63 019f 36C02CFA 		.ascii	"6\300,\372\212\231\260m\013!y\211\246\202\014\213Gw"
  63      8A99B06D 
  63      0B217989 
  63      A6820C8B 
  63      4777
  64 01b1 E29237EE 		.ascii	"\342\2227\356M\024\312\336\265\374hij\242\350\345.\217"
  64      4D14CADE 
  64      B5FC6869 
  64      6AA2E8E5 
  64      2E8F
  65 01c3 962E9ECF 		.ascii	"\226.\236\317]\037/]\315\237\313\017\217\234)\222}\253"
  65      5D1F2F5D 
  65      CD9FCB0F 
  65      8F9C2992 
  65      7DAB
  66 01d5 7063CA3B 		.ascii	"pc\312;6Y.\224\307\212\027\306\312\223\207\002\231\304"
  66      36592E94 
  66      C78A17C6 
  66      CA938702 
  66      99C4
  67 01e7 9E       		.ascii	"\236"
  68              		.text
  69              		.section	.gnu.lto_knob_2_36_SetDriveMode.807d6f39,"",%progbits
  70 0000 789C7D51 		.ascii	"x\234}Q=K#Q\024\275\347\275\311\314\0041\177`S\010\202"
  70      3D4B2351 
  70      14BDE7BD 
  70      C9CC0431 
  70      7F605308 
  71 0015 A28588A2 		.ascii	"\242\205\210\242\177@X\333em\225\260\352T\242A\321\332"
  71      7F4058DB 
  71      656D95B0 
  71      EA54A241 
  71      D1DA
  72 0027 97C42068 		.ascii	"\227\304 h\241\260\254[,\2536b\334d\327\225\255\354"
  72      A1B0AC5B 
  72      2CAB3662 
  72      DC64D795 
  72      ADEC
  73 0039 C6801616 		.ascii	"\306\200\026\026jea!b\021DP\342\027\212_\361\336\031"
  73      6A656121 
  73      62114450 
  73      E2178A5F 
  73      F1DE19
  74 004c 8B54FB98 		.ascii	"\213T\373\230w?\016\347\034\356}c\021H\316\031\247f"
  74      773F0EE7 
  74      1CEE7D63 
  74      1148CE19 
  74      A766
ARM GAS  C:\Users\JEFFSN~1\AppData\Local\Temp\cc9mYUHg.s 			page 5


  75 005e CE1FF842 		.ascii	"\316\037\370B\023\324\374\036Q\312U\200\024\306\005"
  75      13D4FC1E 
  75      51CA5580 
  75      14C605
  76 006d 4D2A4CE2 		.ascii	"M*L\342N\275(\024\247K\233\252i\325\3609\331\276l59"
  76      4EBD2814 
  76      A74B9BAA 
  76      69D5F039 
  76      D9BE6C35 
  77 0082 1F594D54 		.ascii	"\037YMTQ\201\023a\025M\314\272\371\267\362\265F7\200"
  77      51811361 
  77      154DCCBA 
  77      F9B7F2B5 
  77      463780
  78 0095 B8BEDA2B 		.ascii	"\270\276\332+\037\307\032W\214I\033\363\275\317\350"
  78      1FC71A57 
  78      8C491BF3 
  78      BDCFE8
  79 00a4 AC0672D0 		.ascii	"\254\006r\320\254@{\034\255qb\200\260\206F!\237n\274"
  79      AC407B1C 
  79      AD716280 
  79      B0864621 
  79      9F6EBC
  80 00b7 7EABB5A7 		.ascii	"~\253\265\247\304\276.4\305/\3302\346\372g\337T*\031"
  80      C4BE2E34 
  80      C52FD832 
  80      E6FA67DF 
  80      542A19
  81 00ca E3DFDB5B 		.ascii	"\343\337\333[\217v\215b\231\322\034\264%!\002q\260\245"
  81      8F768D62 
  81      99D21CB4 
  81      25210271 
  81      B0A5
  82 00dc 7424B812 		.ascii	"t$\270\022\242\302!*\363\225E\256\224\222\254K(>\316"
  82      A2C2212A 
  82      F39545AE 
  82      9492AC4B 
  82      283ECE
  83 00ef 947E58E2 		.ascii	"\224~X\342\234\321\262\324B\266\270\357\334\252\254"
  83      9CD1B2D4 
  83      42B6B8EF 
  83      DCAAAC
  84 00fe B6828977 		.ascii	"\266\202\211w\317\375\203X\330..\247\214\305\320F~\316"
  84      CFFD8358 
  84      D82E2EA7 
  84      8CC5D046 
  84      7ECE
  85 0110 B84BF899 		.ascii	"\270K\370\231\232\342u#( \216<\342<\335o,\201JH_;\241"
  85      9AE27523 
  85      28208E3C 
  85      E23CDD6F 
  85      2C814A48 
  86 0127 9D6647EE 		.ascii	"\235fG\3563\317v\330[\014\261\376hg\366%*\226\032\243"
  86      33CF76D8 
  86      5B0CB1FE 
  86      6867F625 
  86      2A961AA3 
ARM GAS  C:\Users\JEFFSN~1\AppData\Local\Temp\cc9mYUHg.s 			page 6


  87 013b F8C3CA2A 		.ascii	"\370\303\312*\011\177\221j\211\303\020K.\016\363\005"
  87      097F916A 
  87      89C3104B 
  87      2E0EF305 
  88 014b 1D4A6258 		.ascii	"\035JbX\017$\231\207w\212\033\030;\325.QF\271/.@\372"
  88      0F249987 
  88      778A1B18 
  88      3BD52E51 
  88      46B92F2E 
  89 0161 FF8DFC97 		.ascii	"\377\215\374\227Gf>\235#\355?}\024v\360\353\312\012"
  89      47663E9D 
  89      23ED3F7D 
  89      1476F0EB 
  89      CA0A
  90 0173 F23CFC58 		.ascii	"\362<\374X\365\335\336\2107\366e\334\033L\364$'\306"
  90      F5DDDE88 
  90      37F665DC 
  90      1B4CF424 
  90      27C6
  91 0185 06BCDE4F 		.ascii	"\006\274\336O=\311\256\216\336\241\221d\177\242-\321"
  91      3DC9AE8E 
  91      DEA19164 
  91      7FA22DD1 
  92 0195 DED93240 		.ascii	"\336\3312@\326pr\320{\003\317v\245\303"
  92      D67072D0 
  92      7B03CF76 
  92      A5C3
  93              		.text
  94              		.section	.gnu.lto_knob_2_36_Read.807d6f39,"",%progbits
  95 0000 789C354F 		.ascii	"x\2345O=K\003A\020\235\267{\371@\211\177\300\024\202"
  95      3D4B0341 
  95      109DB77B 
  95      F940897F 
  95      C01482
  96 0013 58A41131 		.ascii	"X\244\0211(b+h+\246\260\011\004\215W\011\011\004\255"
  96      28622B68 
  96      2BA6B009 
  96      048D5709 
  96      0904AD
  97 0026 7397CB29 		.ascii	"s\227\313)\210\205\215Zi@\220Dc\220T\001\2533\225 h"
  97      88858D5A 
  97      69409044 
  97      63905401 
  97      AB339520 
  98 003b A182A004 		.ascii	"\241\202\240\004\221\020\301B4(B\374\210\263\236\016"
  98      9110C142 
  98      342842FC 
  98      88B39E0E 
  99 004b ECCCEEEC 		.ascii	"\354\314\356\354{\363\346i\004R1\315\245\217k7\037H"
  99      7BF3E669 
  99      045231CD 
  99      A58F6B37 
  99      1F48
 100 005d 82583B23 		.ascii	"\202X;#2\375\002P\027\303\017J\013\244\361&\276\004"
 100      32FD0250 
 100      17C30F4A 
 100      0BA4F126 
ARM GAS  C:\Users\JEFFSN~1\AppData\Local\Temp\cc9mYUHg.s 			page 7


 100      BE04
 101 006f 4EDF4F56 		.ascii	"N\337OV;By\303\310\030w\273\255\221\315\202\003[\022"
 101      3B4279C3 
 101      C81877BB 
 101      AD91CD82 
 101      035B12
 102 0082 B505211C 		.ascii	"\265\005!\034\304@P\215\310#D\014\275/\177\257\007\274"
 102      C440508D 
 102      C823440C 
 102      BD2F7FAF 
 102      07BC
 103 0094 5983A347 		.ascii	"Y\203\243G\001\370\247\000\257\222<\234r\214v\3332\234"
 103      01F8A700 
 103      AF923C9C 
 103      728C76DB 
 103      329C
 104 00a6 2BDFF1B5 		.ascii	"+\337\361\265\317\007\262%\353r\3228\011\217J^Rc\351"
 104      CF07B225 
 104      EB72D238 
 104      098F4A5E 
 104      5263E9
 105 00b9 99696A89 		.ascii	"\231ij\211\027!T\225\015T[+\265\355Q5\311\222\222U6"
 105      17215495 
 105      0D545B2B 
 105      B5ED5135 
 105      C9929255 
 106 00ce ECEAB9EF 		.ascii	"\354\352\271\357U\330RB\211f\036j7\235\356\263\274c"
 106      55D85242 
 106      89661E6A 
 106      379DEEB3 
 106      BC63
 107 00e0 1A1AB76C 		.ascii	"\032\032\267l\363\342\266+\207-3\313\253j\330G\020{"
 107      F3E2B62B 
 107      872D33CB 
 107      AB6AD847 
 107      107B
 108 00f2 E0455144 		.ascii	"\340EQD\016\324\200\3659N\226\204;\256\362T\254\004"
 108      0ED480F5 
 108      394E9684 
 108      3BAEF254 
 108      AC04
 109 0104 141F7008 		.ascii	"\024\037p\010\007\214k \323\\\276\224\256\242\306@E"
 109      078C6B20 
 109      D35CBE94 
 109      AEA2C640 
 109      45
 110 0115 692ED53D 		.ascii	"i.\325=n\307\303M\346\325?JG]\212'\330b\351\237V\207"
 110      6EC7C34D 
 110      E6D53F4A 
 110      475D8A27 
 110      D862E99F 
 111 012b 0B52387A 		.ascii	"\013R8z\204\370{\321\2573(G\354\257wBO\350\251\231\005"
 111      84F87BD1 
 111      AF332847 
 111      ECAF7742 
 111      4FE8A999 
 112 0140 7D2E1649 		.ascii	"}.\026I.\246\342zt2\222\034\033\212\316'\222\263\261"
ARM GAS  C:\Users\JEFFSN~1\AppData\Local\Temp\cc9mYUHg.s 			page 8


 112      2EA6E27A 
 112      7432921C 
 112      1B8ACE27 
 112      92B3B1
 113 0153 C15878B8 		.ascii	"\301Xx\270?N?\203\357}>"
 113      3F4E3F83 
 113      EF7D3E
 114              		.text
 115              		.section	.gnu.lto_knob_2_36_ReadDataReg.807d6f39,"",%progbits
 116 0000 789C354F 		.ascii	"x\2345O\277KBQ\024>\337\275\317\037\010\366\017\344"
 116      BF4B4251 
 116      143EDFBD 
 116      CF1F08F6 
 116      0FE4
 117 0012 1044834B 		.ascii	"\020D\203KDRPkPk\344\320\"H\331\233\002\005\251\331"
 117      4452506B 
 117      506BE4D0 
 117      2248D99B 
 117      0205A9D9 
 118 0026 A7CF5720 		.ascii	"\247\317W \015-\025A!\004\241fRMB\020\274\234\202\240"
 118      0D2D1541 
 118      2104A166 
 118      524D4210 
 118      BC9C82A0 
 119 003a 1A5AA245 		.ascii	"\032Z\242EB\034\032\244\244\010\262\264s{u\340\236s"
 119      421C1AA4 
 119      A408B2B4 
 119      737B75E0 
 119      9E73
 120 004c EFB9DF77 		.ascii	"\357\271\337w\276\363i\004R1\317e\210k?\037H\202\330"
 120      BEF36904 
 120      5231CF65 
 120      886B3F1F 
 120      4882D8
 121 005f BC214A7B 		.ascii	"\274!J{\005\240.\206\027\224\022H\341]|\013\\\177\\"
 121      05A02E86 
 121      17941248 
 121      E15D7C0B 
 121      5C7F5C
 122 0072 6DF88205 		.ascii	"m\370\202\005\303\310\030\365\303\302\304N\321\206%"
 122      C3C818F5 
 122      C3C2C44E 
 122      D18625
 123 0081 897A8210 		.ascii	"\211z\202\020\012`$\240F\024\020$\206>\235u\267\374"
 123      0A6024A0 
 123      46141024 
 123      863E9D75 
 123      B7FC
 124 0093 EEACC131 		.ascii	"\356\254\3011\240\000\374S\204[I\236\314\331F\257g\032"
 124      A000FC53 
 124      845B499E 
 124      CCD946AF 
 124      671A
 125 00a5 F685EFF2 		.ascii	"\366\205\357\362\316\347\001Y\222u9i\234\204K%7\251"
 125      CEE70159 
 125      92753969 
 125      9C844B25 
ARM GAS  C:\Users\JEFFSN~1\AppData\Local\Temp\cc9mYUHg.s 			page 9


 125      37A9
 126 00b7 B1F4C234 		.ascii	"\261\364\3024\265\304\253\020\252\312&j\237\271niRM"
 126      B5C4AB10 
 126      AACA266A 
 126      9FB96E69 
 126      524D
 127 00c9 32A56495 		.ascii	"2\245d\225m\253v\353y\023\226\224P\242\017\217\273-"
 127      6DAB76EB 
 127      79139694 
 127      50A20F8F 
 127      BB2D
 128 00db B7F33C3D 		.ascii	"\267\363<=H\033\032\267\352\271\275\216'\217\375t\226"
 128      481B1AB7 
 128      EAB9BD8E 
 128      278FFD74 
 128      96
 129 00ec 57D57084 		.ascii	"W\325p\204\000J\340EQF\036\324\204\3715M\246\2043\256"
 129      004AE045 
 129      51461ED4 
 129      84F9354D 
 129      A68433AE 
 130 0100 DA2A57FD 		.ascii	"\332*W\375\212\017\330\204c\3065\221i\257\337KGQc\240"
 130      8A0FD884 
 130      63C63591 
 130      69AFDF4B 
 130      475163A0 
 131 0114 A2B4D71A 		.ascii	"\242\264\327\032.\247\343\342&\363\032\235\312y\237"
 131      2EA7E3E2 
 131      26F31A9D 
 131      CA799F
 132 0123 E209B658 		.ascii	"\342\011\266X\371\2475\340\200\024\216\236!\376^\364"
 132      F9A735E0 
 132      80148E9E 
 132      21FE5EF4 
 133 0133 EB0CCA11 		.ascii	"\353\014\312\021\373\033\234\321\343zraE_\212\206\023"
 133      FB1B9CD1 
 133      E37A7261 
 133      455F8A86 
 133      13
 134 0144 ABC9981E 		.ascii	"\253\311\230\036\231\015'\246\306\"\313\361\304bt4\032"
 134      990D27A6 
 134      C622CBF1 
 134      C4627434 
 134      1A
 135 0155 1A1F8ED1 		.ascii	"\032\037\216\321\017`\010}U"
 135      0F60087D 
 135      55
 136              		.text
 137              		.section	.gnu.lto_.symbol_nodes.807d6f39,"",%progbits
 138 0000 789C6361 		.ascii	"x\234ca`dpc\000\002&\206z\006\206\011\347\030@\324\256"
 138      60647063 
 138      00022686 
 138      7A068609 
 138      E71840D4 
 139 0015 0645A000 		.ascii	"\006E\240\000c=#\252\000S=\023\252\000s=3\212\000\003"
 139      633D23AA 
 139      00533D13 
ARM GAS  C:\Users\JEFFSN~1\AppData\Local\Temp\cc9mYUHg.s 			page 10


 139      AA00733D 
 139      338A0003 
 140 0029 0026B60F 		.ascii	"\000&\266\017<"
 140      3C
 141              		.text
 142              		.section	.gnu.lto_.refs.807d6f39,"",%progbits
 143 0000 789C6361 		.ascii	"x\234ca`\004B \000\000\0009\000\007"
 143      60044220 
 143      00000039 
 143      0007
 144              		.text
 145              		.section	.gnu.lto_.decls.807d6f39,"",%progbits
 146 0000 789C8D53 		.ascii	"x\234\215S]H\024Q\024\276gfv]&\323\220\022\241}\330"
 146      5D481451 
 146      14BE6766 
 146      765D26D3 
 146      9012A17D 
 147 0015 EC457A58 		.ascii	"\354EzX2)|\210\014\224|*C\313^\204e\325\301$pc[\003"
 147      32297C88 
 147      0C947C2A 
 147      43CB5E84 
 147      65D5C124 
 148 002d 5FE2FA13 		.ascii	"_\342\372\023\224\021i\241\246\211Z\341_n\376\344\256"
 148      941169A1 
 148      A6895AE1 
 148      5F6EFEE4 
 148      AE
 149 003e B99B7F09 		.ascii	"\271\233\177\011\231\004\202\"\010a\220d=\210\006FR"
 149      99048222 
 149      08619064 
 149      3D880646 
 149      52
 150 004f F8A0DBB9 		.ascii	"\370\240\333\271wf\234\3156\3600g\346\234{\317\367\235"
 150      77669CCD 
 150      36F03067 
 150      E69C7BCF 
 150      F79D
 151 0061 EF9E9991 		.ascii	"\357\236\231\221\010\020fi\022!\235\370\264b\032B3a"
 151      08106669 
 151      12219DF8 
 151      B4621A42 
 151      3361
 152 0073 9C4B0CC3 		.ascii	"\234K\014\303m2\210\356G\037F\017\222\177\215\355\233"
 152      6D3288EE 
 152      471F460F 
 152      927F8DED 
 152      9B
 153 0084 355C2FE3 		.ascii	"5\\/\343B\037G\037E\317\322j@\253\333m\376\010\330\311"
 153      421F471F 
 153      45CFD26A 
 153      40ABDB6D 
 153      FE08D8C9 
 154 0098 30BC8EF5 		.ascii	"0\274\216\365G\3002=\2460\\V\004\334p\004\\p\017\270"
 154      47C0323D 
 154      A6305C56 
 154      04DC7004 
 154      5C700FB8 
ARM GAS  C:\Users\JEFFSN~1\AppData\Local\Temp\cc9mYUHg.s 			page 11


 155 00ac 48E7DC12 		.ascii	"H\347\334\022 \324\352{`Y\204\217 \022m\200\004@\275"
 155      20D4EA7B 
 155      6059848F 
 155      20126D80 
 155      0440BD
 156 00bf 0377A23A 		.ascii	"\003w\242:O1\020\210\032\350K;F\264\022A\017\0152~i"
 156      4F311088 
 156      1AE84B3B 
 156      46B41241 
 156      0F0D327E 
 157 00d4 7808E9C6 		.ascii	"x\010\351\306I\014v\320@j\256\353\326@ \030\015@MuD"
 157      490C76D0 
 157      406AAEEB 
 157      D6402018 
 157      0D404D75 
 158 00e9 18DF2E45 		.ascii	"\030\337.E\272f\275\015\021\364C\217\375\252X6\213\002"
 158      BA66BD0D 
 158      11F4438F 
 158      FDAA5836 
 158      8B02
 159 00fb B0F8F366 		.ascii	"\260\370\363f\3279\273\227\242\325P*\0343&\323w\373"
 159      D739BB97 
 159      A2D5502A 
 159      1C3326D3 
 159      77FB
 160 010d 6BB76543 		.ascii	"k\267eC\000\253\014!`\371Z`s\277\232\263\355\306\332"
 160      00AB0C21 
 160      60F95A60 
 160      73BF9AB3 
 160      EDC6DA
 161 0120 E5ED7DE2 		.ascii	"\345\355}\342a\026\013\363\313=+\022$\311\035\214f\351"
 161      61160BF3 
 161      CB3D2B12 
 161      24C91D8C 
 161      66E9
 162 0132 D1C09900 		.ascii	"\321\300\231\000\245\007\240\027d\360\202\010\335`g"
 162      A507A017 
 162      64F08208 
 162      DD6067
 163 0141 1AAC32DE 		.ascii	"\032\2542\336\357PZA\327\237Qs\002\201\024+\034\267"
 163      EF505A41 
 163      D79F5173 
 163      0281142B 
 163      1CB7
 164 0153 12780949 		.ascii	"\022x\011I\214\223UA\017X\341\005X\031\377\267\206\326"
 164      8C935541 
 164      0F58E105 
 164      5819FFB7 
 164      86D6
 165 0165 55B38492 		.ascii	"U\263\204\2229O\276\304\326\346\252\372\233E\224\020"
 165      394FBEC4 
 165      D6E6AAFA 
 165      9B459410 
 166 0175 278384E9 		.ascii	"'\203\204\351\217\231\246\345\030L\017\312`\303\324"
 166      8F99A6E5 
 166      184C0FCA 
 166      60C3D4
ARM GAS  C:\Users\JEFFSN~1\AppData\Local\Temp\cc9mYUHg.s 			page 12


 167 0184 1BFCB466 		.ascii	"\033\374\264fN\250\347G\251\2446\011r\343a\000\011\373"
 167      4EA8E747 
 167      A9A43609 
 167      72E36100 
 167      09FB
 168 0196 9190C02B 		.ascii	"\221\220\300+H\300{\037H\352\351\352\246\2774\231\022"
 168      48C07B1F 
 168      48EAE9EA 
 168      A6BF3499 
 168      12
 169 01a7 DB685B3F 		.ascii	"\333h[?]j\230:]_I\247\021gce\320e\210\356b\337\005\201"
 169      5D6A983A 
 169      5D5F49A7 
 169      11676365 
 169      D06588EE 
 170 01bf 4E58C419 		.ascii	"NX\304\031\016B\"\"iGy\263E,\342C\030\334\356o\260\250"
 170      0E422222 
 170      694779B3 
 170      452CE243 
 170      18DCEE6F 
 171 01d5 2C131B53 		.ascii	",\023\033S\321\264\246\234\322\263\234\303gp\370\302"
 171      D1B4A69C 
 171      D2B39CC3 
 171      6770F8C2 
 172 01e5 39FC9CA3 		.ascii	"9\374\234\243=\270\260%\212\2678\307\354\275w\225\261"
 172      3DB8B025 
 172      8AB738C7 
 172      ECBD7795 
 172      B1
 173 01f6 E1B2D979 		.ascii	"\341\262\331y\015\335\257\271\356|Mv\363\303\366\220"
 173      0DDDAFB9 
 173      EE7C4D76 
 173      F3C3F690 
 174 0206 A0359C7F 		.ascii	"\2405\234\177/6\322\211*\304\011\254\012\206\214\226"
 174      2F36D289 
 174      2AC409AC 
 174      0A868C96 
 175 0216 43E12D87 		.ascii	"C\341-\207y\313\337s-\253\262x\037x\317\226\201jo\254"
 175      79CBDF73 
 175      2DABB278 
 175      1F78CF96 
 175      816A6FAC 
 176 022a 4613FCA0 		.ascii	"F\023\374\240\353f$\001\203$\020N\022\344$\033U?\027"
 176      EB662401 
 176      8324104E 
 176      12E4241B 
 176      553F17
 177 023d CC32BEC4 		.ascii	"\3142\276\304\312\275\275\304\231\225\247\241(\3619"
 177      CABDBDC4 
 177      9995A7A1 
 177      28F139
 178 024c 6F2A0CD6 		.ascii	"o*\014\3265\326E\201\234\024\001>\026\001\256}L\233"
 178      35D64581 
 178      9C14013E 
 178      1601AE7D 
 178      4C9B
 179 025e 976AEFB2 		.ascii	"\227j\357\262\023\216\342TF\014qo@V'\342\233\375\336"
ARM GAS  C:\Users\JEFFSN~1\AppData\Local\Temp\cc9mYUHg.s 			page 13


 179      138EE254 
 179      460C716F 
 179      405627E2 
 179      9BFDDE
 180 0271 678AAE66 		.ascii	"g\212\256f\337\025\216/n:\206W\032\363\033\207h\376"
 180      DF158E2F 
 180      6E3A8657 
 180      1AF31B87 
 180      68FE
 181 0283 0BE0734B 		.ascii	"\013\340sK\020G\026\2364\213\270\307.\271\211\242\024"
 181      1047169E 
 181      348BB8C7 
 181      2EB989A2 
 181      14
 182 0294 3A073089 		.ascii	":\0070\211d<YO\3431[\246\353\025\324\3748F\227H\370"
 182      643C594F 
 182      E3315BA6 
 182      EB15D4FC 
 182      38469748 
 183 02a9 06810944 		.ascii	"\006\201\011D\276Eb\236\306^+q\345;N8RN9\256\270\213"
 183      BE45629E 
 183      C65E2B71 
 183      E53B4E38 
 183      524E39AE 
 184 02bf 3D8A25F3 		.ascii	"=\212%\363\302e[zr21\225\026\227xR\217d*%\212\333\351"
 184      C2655B7A 
 184      72323195 
 184      16977852 
 184      8F642A25 
 185 02d6 510A1D39 		.ascii	"Q\012\0359\256Rw\201\222w1\307\225~2\257\240\314Sv]"
 185      AE527781 
 185      927731C7 
 185      957E32AF 
 185      A0CC5376 
 186 02eb B961BF4A 		.ascii	"\271a\277J\216\376\247b\207\327^@\342\215&9\212'\303"
 186      8EFEA762 
 186      87D75E40 
 186      E28D2639 
 186      8A27C3
 187 02fe 5D7C5339 		.ascii	"]|S9\357*Tb\214\345l\305Yx\350\3574\303\351qf+E\222"
 187      EF2A5462 
 187      8CE56CC5 
 187      5978E8EF 
 187      34C3E971 
 188 0316 5B294AFD 		.ascii	"[)J\375\003\023\207ft"
 188      03138766 
 188      74
 189              		.text
 190              		.section	.gnu.lto_.symtab.807d6f39,"",%progbits
 191 0000 6B6E6F62 		.ascii	"knob_2_36_Write\000"
 191      5F325F33 
 191      365F5772 
 191      69746500 
 192 0010 00       		.ascii	"\000"
 193 0011 00       		.ascii	"\000"
 194 0012 00       		.ascii	"\000"
 195 0013 00000000 		.ascii	"\000\000\000\000\000\000\000\000"
ARM GAS  C:\Users\JEFFSN~1\AppData\Local\Temp\cc9mYUHg.s 			page 14


 195      00000000 
 196 001b B3000000 		.ascii	"\263\000\000\000"
 197 001f 6B6E6F62 		.ascii	"knob_2_36_SetDriveMode\000"
 197      5F325F33 
 197      365F5365 
 197      74447269 
 197      76654D6F 
 198 0036 00       		.ascii	"\000"
 199 0037 00       		.ascii	"\000"
 200 0038 00       		.ascii	"\000"
 201 0039 00000000 		.ascii	"\000\000\000\000\000\000\000\000"
 201      00000000 
 202 0041 B5000000 		.ascii	"\265\000\000\000"
 203 0045 6B6E6F62 		.ascii	"knob_2_36_Read\000"
 203      5F325F33 
 203      365F5265 
 203      616400
 204 0054 00       		.ascii	"\000"
 205 0055 00       		.ascii	"\000"
 206 0056 00       		.ascii	"\000"
 207 0057 00000000 		.ascii	"\000\000\000\000\000\000\000\000"
 207      00000000 
 208 005f B8000000 		.ascii	"\270\000\000\000"
 209 0063 6B6E6F62 		.ascii	"knob_2_36_ReadDataReg\000"
 209      5F325F33 
 209      365F5265 
 209      61644461 
 209      74615265 
 210 0079 00       		.ascii	"\000"
 211 007a 00       		.ascii	"\000"
 212 007b 00       		.ascii	"\000"
 213 007c 00000000 		.ascii	"\000\000\000\000\000\000\000\000"
 213      00000000 
 214 0084 BA000000 		.ascii	"\272\000\000\000"
 215              		.text
 216              		.section	.gnu.lto_.opts,"",%progbits
 217 0000 272D666D 		.ascii	"'-fmath-errno' '-fsigned-zeros' '-ftrapping-math' '"
 217      6174682D 
 217      6572726E 
 217      6F272027 
 217      2D667369 
 218 0033 2D666E6F 		.ascii	"-fno-trapv' '-fno-openmp' '-fno-openacc' '-mcpu=cor"
 218      2D747261 
 218      70762720 
 218      272D666E 
 218      6F2D6F70 
 219 0066 7465782D 		.ascii	"tex-m3' '-mthumb' '-g' '-O3' '-ffunction-sections' "
 219      6D332720 
 219      272D6D74 
 219      68756D62 
 219      2720272D 
 220 0099 272D6666 		.ascii	"'-ffat-lto-objects' '-finline-functions' '-flto'\000"
 220      61742D6C 
 220      746F2D6F 
 220      626A6563 
 220      74732720 
 221              		.text
ARM GAS  C:\Users\JEFFSN~1\AppData\Local\Temp\cc9mYUHg.s 			page 15


 222              		.cfi_sections	.debug_frame
 223              		.section	.text.knob_2_36_Write,"ax",%progbits
 224              		.align	2
 225              		.global	knob_2_36_Write
 226              		.thumb
 227              		.thumb_func
 228              		.type	knob_2_36_Write, %function
 229              	knob_2_36_Write:
 230              	.LFB0:
 231              		.file 1 "Generated_Source\\PSoC5\\knob_2_36.c"
   1:Generated_Source\PSoC5/knob_2_36.c **** /*******************************************************************************
   2:Generated_Source\PSoC5/knob_2_36.c **** * File Name: knob_2_36.c  
   3:Generated_Source\PSoC5/knob_2_36.c **** * Version 2.20
   4:Generated_Source\PSoC5/knob_2_36.c **** *
   5:Generated_Source\PSoC5/knob_2_36.c **** * Description:
   6:Generated_Source\PSoC5/knob_2_36.c **** *  This file contains API to enable firmware control of a Pins component.
   7:Generated_Source\PSoC5/knob_2_36.c **** *
   8:Generated_Source\PSoC5/knob_2_36.c **** * Note:
   9:Generated_Source\PSoC5/knob_2_36.c **** *
  10:Generated_Source\PSoC5/knob_2_36.c **** ********************************************************************************
  11:Generated_Source\PSoC5/knob_2_36.c **** * Copyright 2008-2015, Cypress Semiconductor Corporation.  All rights reserved.
  12:Generated_Source\PSoC5/knob_2_36.c **** * You may use this file only in accordance with the license, terms, conditions, 
  13:Generated_Source\PSoC5/knob_2_36.c **** * disclaimers, and limitations in the end user license agreement accompanying 
  14:Generated_Source\PSoC5/knob_2_36.c **** * the software package with which this file was provided.
  15:Generated_Source\PSoC5/knob_2_36.c **** *******************************************************************************/
  16:Generated_Source\PSoC5/knob_2_36.c **** 
  17:Generated_Source\PSoC5/knob_2_36.c **** #include "cytypes.h"
  18:Generated_Source\PSoC5/knob_2_36.c **** #include "knob_2_36.h"
  19:Generated_Source\PSoC5/knob_2_36.c **** 
  20:Generated_Source\PSoC5/knob_2_36.c **** /* APIs are not generated for P15[7:6] on PSoC 5 */
  21:Generated_Source\PSoC5/knob_2_36.c **** #if !(CY_PSOC5A &&\
  22:Generated_Source\PSoC5/knob_2_36.c **** 	 knob_2_36__PORT == 15 && ((knob_2_36__MASK & 0xC0) != 0))
  23:Generated_Source\PSoC5/knob_2_36.c **** 
  24:Generated_Source\PSoC5/knob_2_36.c **** 
  25:Generated_Source\PSoC5/knob_2_36.c **** /*******************************************************************************
  26:Generated_Source\PSoC5/knob_2_36.c **** * Function Name: knob_2_36_Write
  27:Generated_Source\PSoC5/knob_2_36.c **** ****************************************************************************//**
  28:Generated_Source\PSoC5/knob_2_36.c **** *
  29:Generated_Source\PSoC5/knob_2_36.c **** * \brief Writes the value to the physical port (data output register), masking
  30:Generated_Source\PSoC5/knob_2_36.c **** *  and shifting the bits appropriately. 
  31:Generated_Source\PSoC5/knob_2_36.c **** *
  32:Generated_Source\PSoC5/knob_2_36.c **** * The data output register controls the signal applied to the physical pin in 
  33:Generated_Source\PSoC5/knob_2_36.c **** * conjunction with the drive mode parameter. This function avoids changing 
  34:Generated_Source\PSoC5/knob_2_36.c **** * other bits in the port by using the appropriate method (read-modify-write or
  35:Generated_Source\PSoC5/knob_2_36.c **** * bit banding).
  36:Generated_Source\PSoC5/knob_2_36.c **** *
  37:Generated_Source\PSoC5/knob_2_36.c **** * <b>Note</b> This function should not be used on a hardware digital output pin 
  38:Generated_Source\PSoC5/knob_2_36.c **** * as it is driven by the hardware signal attached to it.
  39:Generated_Source\PSoC5/knob_2_36.c **** *
  40:Generated_Source\PSoC5/knob_2_36.c **** * \param value
  41:Generated_Source\PSoC5/knob_2_36.c **** *  Value to write to the component instance.
  42:Generated_Source\PSoC5/knob_2_36.c **** *
  43:Generated_Source\PSoC5/knob_2_36.c **** * \return 
  44:Generated_Source\PSoC5/knob_2_36.c **** *  None 
  45:Generated_Source\PSoC5/knob_2_36.c **** *
  46:Generated_Source\PSoC5/knob_2_36.c **** * \sideeffect
  47:Generated_Source\PSoC5/knob_2_36.c **** *  If you use read-modify-write operations that are not atomic; the Interrupt 
ARM GAS  C:\Users\JEFFSN~1\AppData\Local\Temp\cc9mYUHg.s 			page 16


  48:Generated_Source\PSoC5/knob_2_36.c **** *  Service Routines (ISR) can cause corruption of this function. An ISR that 
  49:Generated_Source\PSoC5/knob_2_36.c **** *  interrupts this function and performs writes to the Pins component data 
  50:Generated_Source\PSoC5/knob_2_36.c **** *  register can cause corrupted port data. To avoid this issue, you should 
  51:Generated_Source\PSoC5/knob_2_36.c **** *  either use the Per-Pin APIs (primary method) or disable interrupts around 
  52:Generated_Source\PSoC5/knob_2_36.c **** *  this function.
  53:Generated_Source\PSoC5/knob_2_36.c **** *
  54:Generated_Source\PSoC5/knob_2_36.c **** * \funcusage
  55:Generated_Source\PSoC5/knob_2_36.c **** *  \snippet knob_2_36_SUT.c usage_knob_2_36_Write
  56:Generated_Source\PSoC5/knob_2_36.c **** *******************************************************************************/
  57:Generated_Source\PSoC5/knob_2_36.c **** void knob_2_36_Write(uint8 value)
  58:Generated_Source\PSoC5/knob_2_36.c **** {
 232              		.loc 1 58 0
 233              		.cfi_startproc
 234              		@ args = 0, pretend = 0, frame = 0
 235              		@ frame_needed = 0, uses_anonymous_args = 0
 236              		@ link register save eliminated.
 237              	.LVL0:
  59:Generated_Source\PSoC5/knob_2_36.c ****     uint8 staticBits = (knob_2_36_DR & (uint8)(~knob_2_36_MASK));
 238              		.loc 1 59 0
 239 0000 044A     		ldr	r2, .L2
  60:Generated_Source\PSoC5/knob_2_36.c ****     knob_2_36_DR = staticBits | ((uint8)(value << knob_2_36_SHIFT) & knob_2_36_MASK);
 240              		.loc 1 60 0
 241 0002 8001     		lsls	r0, r0, #6
 242              	.LVL1:
  59:Generated_Source\PSoC5/knob_2_36.c ****     uint8 staticBits = (knob_2_36_DR & (uint8)(~knob_2_36_MASK));
 243              		.loc 1 59 0
 244 0004 1378     		ldrb	r3, [r2]	@ zero_extendqisi2
 245              	.LVL2:
 246              		.loc 1 60 0
 247 0006 00F04000 		and	r0, r0, #64
 248 000a 03F0BF03 		and	r3, r3, #191
 249              	.LVL3:
 250 000e 1843     		orrs	r0, r0, r3
 251 0010 1070     		strb	r0, [r2]
 252 0012 7047     		bx	lr
 253              	.L3:
 254              		.align	2
 255              	.L2:
 256 0014 30510040 		.word	1073762608
 257              		.cfi_endproc
 258              	.LFE0:
 259              		.size	knob_2_36_Write, .-knob_2_36_Write
 260              		.section	.text.knob_2_36_SetDriveMode,"ax",%progbits
 261              		.align	2
 262              		.global	knob_2_36_SetDriveMode
 263              		.thumb
 264              		.thumb_func
 265              		.type	knob_2_36_SetDriveMode, %function
 266              	knob_2_36_SetDriveMode:
 267              	.LFB1:
  61:Generated_Source\PSoC5/knob_2_36.c **** }
  62:Generated_Source\PSoC5/knob_2_36.c **** 
  63:Generated_Source\PSoC5/knob_2_36.c **** 
  64:Generated_Source\PSoC5/knob_2_36.c **** /*******************************************************************************
  65:Generated_Source\PSoC5/knob_2_36.c **** * Function Name: knob_2_36_SetDriveMode
  66:Generated_Source\PSoC5/knob_2_36.c **** ****************************************************************************//**
  67:Generated_Source\PSoC5/knob_2_36.c **** *
ARM GAS  C:\Users\JEFFSN~1\AppData\Local\Temp\cc9mYUHg.s 			page 17


  68:Generated_Source\PSoC5/knob_2_36.c **** * \brief Sets the drive mode for each of the Pins component's pins.
  69:Generated_Source\PSoC5/knob_2_36.c **** * 
  70:Generated_Source\PSoC5/knob_2_36.c **** * <b>Note</b> This affects all pins in the Pins component instance. Use the
  71:Generated_Source\PSoC5/knob_2_36.c **** * Per-Pin APIs if you wish to control individual pin's drive modes.
  72:Generated_Source\PSoC5/knob_2_36.c **** *
  73:Generated_Source\PSoC5/knob_2_36.c **** * \param mode
  74:Generated_Source\PSoC5/knob_2_36.c **** *  Mode for the selected signals. Valid options are documented in 
  75:Generated_Source\PSoC5/knob_2_36.c **** *  \ref driveMode.
  76:Generated_Source\PSoC5/knob_2_36.c **** *
  77:Generated_Source\PSoC5/knob_2_36.c **** * \return
  78:Generated_Source\PSoC5/knob_2_36.c **** *  None
  79:Generated_Source\PSoC5/knob_2_36.c **** *
  80:Generated_Source\PSoC5/knob_2_36.c **** * \sideeffect
  81:Generated_Source\PSoC5/knob_2_36.c **** *  If you use read-modify-write operations that are not atomic, the ISR can
  82:Generated_Source\PSoC5/knob_2_36.c **** *  cause corruption of this function. An ISR that interrupts this function 
  83:Generated_Source\PSoC5/knob_2_36.c **** *  and performs writes to the Pins component Drive Mode registers can cause 
  84:Generated_Source\PSoC5/knob_2_36.c **** *  corrupted port data. To avoid this issue, you should either use the Per-Pin
  85:Generated_Source\PSoC5/knob_2_36.c **** *  APIs (primary method) or disable interrupts around this function.
  86:Generated_Source\PSoC5/knob_2_36.c **** *
  87:Generated_Source\PSoC5/knob_2_36.c **** * \funcusage
  88:Generated_Source\PSoC5/knob_2_36.c **** *  \snippet knob_2_36_SUT.c usage_knob_2_36_SetDriveMode
  89:Generated_Source\PSoC5/knob_2_36.c **** *******************************************************************************/
  90:Generated_Source\PSoC5/knob_2_36.c **** void knob_2_36_SetDriveMode(uint8 mode)
  91:Generated_Source\PSoC5/knob_2_36.c **** {
 268              		.loc 1 91 0
 269              		.cfi_startproc
 270              		@ args = 0, pretend = 0, frame = 0
 271              		@ frame_needed = 0, uses_anonymous_args = 0
 272              		@ link register save eliminated.
 273              	.LVL4:
  92:Generated_Source\PSoC5/knob_2_36.c **** 	CyPins_SetPinDriveMode(knob_2_36_0, mode);
 274              		.loc 1 92 0
 275 0000 044A     		ldr	r2, .L5
 276 0002 00F00E00 		and	r0, r0, #14
 277              	.LVL5:
 278 0006 1378     		ldrb	r3, [r2]	@ zero_extendqisi2
 279 0008 03F0F103 		and	r3, r3, #241
 280 000c 1843     		orrs	r0, r0, r3
 281 000e 1070     		strb	r0, [r2]
 282 0010 7047     		bx	lr
 283              	.L6:
 284 0012 00BF     		.align	2
 285              	.L5:
 286 0014 1E500040 		.word	1073762334
 287              		.cfi_endproc
 288              	.LFE1:
 289              		.size	knob_2_36_SetDriveMode, .-knob_2_36_SetDriveMode
 290              		.section	.text.knob_2_36_Read,"ax",%progbits
 291              		.align	2
 292              		.global	knob_2_36_Read
 293              		.thumb
 294              		.thumb_func
 295              		.type	knob_2_36_Read, %function
 296              	knob_2_36_Read:
 297              	.LFB2:
  93:Generated_Source\PSoC5/knob_2_36.c **** }
  94:Generated_Source\PSoC5/knob_2_36.c **** 
ARM GAS  C:\Users\JEFFSN~1\AppData\Local\Temp\cc9mYUHg.s 			page 18


  95:Generated_Source\PSoC5/knob_2_36.c **** 
  96:Generated_Source\PSoC5/knob_2_36.c **** /*******************************************************************************
  97:Generated_Source\PSoC5/knob_2_36.c **** * Function Name: knob_2_36_Read
  98:Generated_Source\PSoC5/knob_2_36.c **** ****************************************************************************//**
  99:Generated_Source\PSoC5/knob_2_36.c **** *
 100:Generated_Source\PSoC5/knob_2_36.c **** * \brief Reads the associated physical port (pin status register) and masks 
 101:Generated_Source\PSoC5/knob_2_36.c **** *  the required bits according to the width and bit position of the component
 102:Generated_Source\PSoC5/knob_2_36.c **** *  instance. 
 103:Generated_Source\PSoC5/knob_2_36.c **** *
 104:Generated_Source\PSoC5/knob_2_36.c **** * The pin's status register returns the current logic level present on the 
 105:Generated_Source\PSoC5/knob_2_36.c **** * physical pin.
 106:Generated_Source\PSoC5/knob_2_36.c **** *
 107:Generated_Source\PSoC5/knob_2_36.c **** * \return 
 108:Generated_Source\PSoC5/knob_2_36.c **** *  The current value for the pins in the component as a right justified number.
 109:Generated_Source\PSoC5/knob_2_36.c **** *
 110:Generated_Source\PSoC5/knob_2_36.c **** * \funcusage
 111:Generated_Source\PSoC5/knob_2_36.c **** *  \snippet knob_2_36_SUT.c usage_knob_2_36_Read  
 112:Generated_Source\PSoC5/knob_2_36.c **** *******************************************************************************/
 113:Generated_Source\PSoC5/knob_2_36.c **** uint8 knob_2_36_Read(void)
 114:Generated_Source\PSoC5/knob_2_36.c **** {
 298              		.loc 1 114 0
 299              		.cfi_startproc
 300              		@ args = 0, pretend = 0, frame = 0
 301              		@ frame_needed = 0, uses_anonymous_args = 0
 302              		@ link register save eliminated.
 115:Generated_Source\PSoC5/knob_2_36.c ****     return (knob_2_36_PS & knob_2_36_MASK) >> knob_2_36_SHIFT;
 303              		.loc 1 115 0
 304 0000 024B     		ldr	r3, .L8
 305 0002 1878     		ldrb	r0, [r3]	@ zero_extendqisi2
 116:Generated_Source\PSoC5/knob_2_36.c **** }
 306              		.loc 1 116 0
 307 0004 C0F38010 		ubfx	r0, r0, #6, #1
 308 0008 7047     		bx	lr
 309              	.L9:
 310 000a 00BF     		.align	2
 311              	.L8:
 312 000c 31510040 		.word	1073762609
 313              		.cfi_endproc
 314              	.LFE2:
 315              		.size	knob_2_36_Read, .-knob_2_36_Read
 316              		.section	.text.knob_2_36_ReadDataReg,"ax",%progbits
 317              		.align	2
 318              		.global	knob_2_36_ReadDataReg
 319              		.thumb
 320              		.thumb_func
 321              		.type	knob_2_36_ReadDataReg, %function
 322              	knob_2_36_ReadDataReg:
 323              	.LFB3:
 117:Generated_Source\PSoC5/knob_2_36.c **** 
 118:Generated_Source\PSoC5/knob_2_36.c **** 
 119:Generated_Source\PSoC5/knob_2_36.c **** /*******************************************************************************
 120:Generated_Source\PSoC5/knob_2_36.c **** * Function Name: knob_2_36_ReadDataReg
 121:Generated_Source\PSoC5/knob_2_36.c **** ****************************************************************************//**
 122:Generated_Source\PSoC5/knob_2_36.c **** *
 123:Generated_Source\PSoC5/knob_2_36.c **** * \brief Reads the associated physical port's data output register and masks 
 124:Generated_Source\PSoC5/knob_2_36.c **** *  the correct bits according to the width and bit position of the component 
 125:Generated_Source\PSoC5/knob_2_36.c **** *  instance. 
ARM GAS  C:\Users\JEFFSN~1\AppData\Local\Temp\cc9mYUHg.s 			page 19


 126:Generated_Source\PSoC5/knob_2_36.c **** *
 127:Generated_Source\PSoC5/knob_2_36.c **** * The data output register controls the signal applied to the physical pin in 
 128:Generated_Source\PSoC5/knob_2_36.c **** * conjunction with the drive mode parameter. This is not the same as the 
 129:Generated_Source\PSoC5/knob_2_36.c **** * preferred knob_2_36_Read() API because the 
 130:Generated_Source\PSoC5/knob_2_36.c **** * knob_2_36_ReadDataReg() reads the data register instead of the status 
 131:Generated_Source\PSoC5/knob_2_36.c **** * register. For output pins this is a useful function to determine the value 
 132:Generated_Source\PSoC5/knob_2_36.c **** * just written to the pin.
 133:Generated_Source\PSoC5/knob_2_36.c **** *
 134:Generated_Source\PSoC5/knob_2_36.c **** * \return 
 135:Generated_Source\PSoC5/knob_2_36.c **** *  The current value of the data register masked and shifted into a right 
 136:Generated_Source\PSoC5/knob_2_36.c **** *  justified number for the component instance.
 137:Generated_Source\PSoC5/knob_2_36.c **** *
 138:Generated_Source\PSoC5/knob_2_36.c **** * \funcusage
 139:Generated_Source\PSoC5/knob_2_36.c **** *  \snippet knob_2_36_SUT.c usage_knob_2_36_ReadDataReg 
 140:Generated_Source\PSoC5/knob_2_36.c **** *******************************************************************************/
 141:Generated_Source\PSoC5/knob_2_36.c **** uint8 knob_2_36_ReadDataReg(void)
 142:Generated_Source\PSoC5/knob_2_36.c **** {
 324              		.loc 1 142 0
 325              		.cfi_startproc
 326              		@ args = 0, pretend = 0, frame = 0
 327              		@ frame_needed = 0, uses_anonymous_args = 0
 328              		@ link register save eliminated.
 143:Generated_Source\PSoC5/knob_2_36.c ****     return (knob_2_36_DR & knob_2_36_MASK) >> knob_2_36_SHIFT;
 329              		.loc 1 143 0
 330 0000 024B     		ldr	r3, .L11
 331 0002 1878     		ldrb	r0, [r3]	@ zero_extendqisi2
 144:Generated_Source\PSoC5/knob_2_36.c **** }
 332              		.loc 1 144 0
 333 0004 C0F38010 		ubfx	r0, r0, #6, #1
 334 0008 7047     		bx	lr
 335              	.L12:
 336 000a 00BF     		.align	2
 337              	.L11:
 338 000c 30510040 		.word	1073762608
 339              		.cfi_endproc
 340              	.LFE3:
 341              		.size	knob_2_36_ReadDataReg, .-knob_2_36_ReadDataReg
 342              		.text
 343              	.Letext0:
 344              		.file 2 "Generated_Source\\PSoC5\\cytypes.h"
 345              		.section	.debug_info,"",%progbits
 346              	.Ldebug_info0:
 347 0000 1D010000 		.4byte	0x11d
 348 0004 0400     		.2byte	0x4
 349 0006 00000000 		.4byte	.Ldebug_abbrev0
 350 000a 04       		.byte	0x4
 351 000b 01       		.uleb128 0x1
 352 000c 35000000 		.4byte	.LASF20
 353 0010 0C       		.byte	0xc
 354 0011 08010000 		.4byte	.LASF21
 355 0015 A8010000 		.4byte	.LASF22
 356 0019 00000000 		.4byte	.Ldebug_ranges0+0
 357 001d 00000000 		.4byte	0
 358 0021 00000000 		.4byte	.Ldebug_line0
 359 0025 02       		.uleb128 0x2
 360 0026 01       		.byte	0x1
 361 0027 06       		.byte	0x6
ARM GAS  C:\Users\JEFFSN~1\AppData\Local\Temp\cc9mYUHg.s 			page 20


 362 0028 30020000 		.4byte	.LASF0
 363 002c 02       		.uleb128 0x2
 364 002d 01       		.byte	0x1
 365 002e 08       		.byte	0x8
 366 002f 27000000 		.4byte	.LASF1
 367 0033 02       		.uleb128 0x2
 368 0034 02       		.byte	0x2
 369 0035 05       		.byte	0x5
 370 0036 17020000 		.4byte	.LASF2
 371 003a 02       		.uleb128 0x2
 372 003b 02       		.byte	0x2
 373 003c 07       		.byte	0x7
 374 003d EE000000 		.4byte	.LASF3
 375 0041 02       		.uleb128 0x2
 376 0042 04       		.byte	0x4
 377 0043 05       		.byte	0x5
 378 0044 27020000 		.4byte	.LASF4
 379 0048 02       		.uleb128 0x2
 380 0049 04       		.byte	0x4
 381 004a 07       		.byte	0x7
 382 004b DC000000 		.4byte	.LASF5
 383 004f 02       		.uleb128 0x2
 384 0050 08       		.byte	0x8
 385 0051 05       		.byte	0x5
 386 0052 95010000 		.4byte	.LASF6
 387 0056 02       		.uleb128 0x2
 388 0057 08       		.byte	0x8
 389 0058 07       		.byte	0x7
 390 0059 74010000 		.4byte	.LASF7
 391 005d 03       		.uleb128 0x3
 392 005e 04       		.byte	0x4
 393 005f 05       		.byte	0x5
 394 0060 696E7400 		.ascii	"int\000"
 395 0064 02       		.uleb128 0x2
 396 0065 04       		.byte	0x4
 397 0066 07       		.byte	0x7
 398 0067 67010000 		.4byte	.LASF8
 399 006b 04       		.uleb128 0x4
 400 006c 21020000 		.4byte	.LASF12
 401 0070 02       		.byte	0x2
 402 0071 E401     		.2byte	0x1e4
 403 0073 2C000000 		.4byte	0x2c
 404 0077 02       		.uleb128 0x2
 405 0078 04       		.byte	0x4
 406 0079 04       		.byte	0x4
 407 007a 21000000 		.4byte	.LASF9
 408 007e 02       		.uleb128 0x2
 409 007f 08       		.byte	0x8
 410 0080 04       		.byte	0x4
 411 0081 01010000 		.4byte	.LASF10
 412 0085 02       		.uleb128 0x2
 413 0086 01       		.byte	0x1
 414 0087 08       		.byte	0x8
 415 0088 A3010000 		.4byte	.LASF11
 416 008c 04       		.uleb128 0x4
 417 008d 90010000 		.4byte	.LASF13
 418 0091 02       		.byte	0x2
ARM GAS  C:\Users\JEFFSN~1\AppData\Local\Temp\cc9mYUHg.s 			page 21


 419 0092 8E02     		.2byte	0x28e
 420 0094 98000000 		.4byte	0x98
 421 0098 05       		.uleb128 0x5
 422 0099 6B000000 		.4byte	0x6b
 423 009d 06       		.uleb128 0x6
 424 009e 11000000 		.4byte	.LASF14
 425 00a2 01       		.byte	0x1
 426 00a3 39       		.byte	0x39
 427 00a4 00000000 		.4byte	.LFB0
 428 00a8 18000000 		.4byte	.LFE0-.LFB0
 429 00ac 01       		.uleb128 0x1
 430 00ad 9C       		.byte	0x9c
 431 00ae D1000000 		.4byte	0xd1
 432 00b2 07       		.uleb128 0x7
 433 00b3 00000000 		.4byte	.LASF16
 434 00b7 01       		.byte	0x1
 435 00b8 39       		.byte	0x39
 436 00b9 6B000000 		.4byte	0x6b
 437 00bd 00000000 		.4byte	.LLST0
 438 00c1 08       		.uleb128 0x8
 439 00c2 06000000 		.4byte	.LASF23
 440 00c6 01       		.byte	0x1
 441 00c7 3B       		.byte	0x3b
 442 00c8 6B000000 		.4byte	0x6b
 443 00cc 21000000 		.4byte	.LLST1
 444 00d0 00       		.byte	0
 445 00d1 06       		.uleb128 0x6
 446 00d2 2B010000 		.4byte	.LASF15
 447 00d6 01       		.byte	0x1
 448 00d7 5A       		.byte	0x5a
 449 00d8 00000000 		.4byte	.LFB1
 450 00dc 18000000 		.4byte	.LFE1-.LFB1
 451 00e0 01       		.uleb128 0x1
 452 00e1 9C       		.byte	0x9c
 453 00e2 F6000000 		.4byte	0xf6
 454 00e6 07       		.uleb128 0x7
 455 00e7 8B010000 		.4byte	.LASF17
 456 00eb 01       		.byte	0x1
 457 00ec 5A       		.byte	0x5a
 458 00ed 6B000000 		.4byte	0x6b
 459 00f1 39000000 		.4byte	.LLST2
 460 00f5 00       		.byte	0
 461 00f6 09       		.uleb128 0x9
 462 00f7 58010000 		.4byte	.LASF18
 463 00fb 01       		.byte	0x1
 464 00fc 71       		.byte	0x71
 465 00fd 6B000000 		.4byte	0x6b
 466 0101 00000000 		.4byte	.LFB2
 467 0105 10000000 		.4byte	.LFE2-.LFB2
 468 0109 01       		.uleb128 0x1
 469 010a 9C       		.byte	0x9c
 470 010b 09       		.uleb128 0x9
 471 010c 42010000 		.4byte	.LASF19
 472 0110 01       		.byte	0x1
 473 0111 8D       		.byte	0x8d
 474 0112 6B000000 		.4byte	0x6b
 475 0116 00000000 		.4byte	.LFB3
ARM GAS  C:\Users\JEFFSN~1\AppData\Local\Temp\cc9mYUHg.s 			page 22


 476 011a 10000000 		.4byte	.LFE3-.LFB3
 477 011e 01       		.uleb128 0x1
 478 011f 9C       		.byte	0x9c
 479 0120 00       		.byte	0
 480              		.section	.debug_abbrev,"",%progbits
 481              	.Ldebug_abbrev0:
 482 0000 01       		.uleb128 0x1
 483 0001 11       		.uleb128 0x11
 484 0002 01       		.byte	0x1
 485 0003 25       		.uleb128 0x25
 486 0004 0E       		.uleb128 0xe
 487 0005 13       		.uleb128 0x13
 488 0006 0B       		.uleb128 0xb
 489 0007 03       		.uleb128 0x3
 490 0008 0E       		.uleb128 0xe
 491 0009 1B       		.uleb128 0x1b
 492 000a 0E       		.uleb128 0xe
 493 000b 55       		.uleb128 0x55
 494 000c 17       		.uleb128 0x17
 495 000d 11       		.uleb128 0x11
 496 000e 01       		.uleb128 0x1
 497 000f 10       		.uleb128 0x10
 498 0010 17       		.uleb128 0x17
 499 0011 00       		.byte	0
 500 0012 00       		.byte	0
 501 0013 02       		.uleb128 0x2
 502 0014 24       		.uleb128 0x24
 503 0015 00       		.byte	0
 504 0016 0B       		.uleb128 0xb
 505 0017 0B       		.uleb128 0xb
 506 0018 3E       		.uleb128 0x3e
 507 0019 0B       		.uleb128 0xb
 508 001a 03       		.uleb128 0x3
 509 001b 0E       		.uleb128 0xe
 510 001c 00       		.byte	0
 511 001d 00       		.byte	0
 512 001e 03       		.uleb128 0x3
 513 001f 24       		.uleb128 0x24
 514 0020 00       		.byte	0
 515 0021 0B       		.uleb128 0xb
 516 0022 0B       		.uleb128 0xb
 517 0023 3E       		.uleb128 0x3e
 518 0024 0B       		.uleb128 0xb
 519 0025 03       		.uleb128 0x3
 520 0026 08       		.uleb128 0x8
 521 0027 00       		.byte	0
 522 0028 00       		.byte	0
 523 0029 04       		.uleb128 0x4
 524 002a 16       		.uleb128 0x16
 525 002b 00       		.byte	0
 526 002c 03       		.uleb128 0x3
 527 002d 0E       		.uleb128 0xe
 528 002e 3A       		.uleb128 0x3a
 529 002f 0B       		.uleb128 0xb
 530 0030 3B       		.uleb128 0x3b
 531 0031 05       		.uleb128 0x5
 532 0032 49       		.uleb128 0x49
ARM GAS  C:\Users\JEFFSN~1\AppData\Local\Temp\cc9mYUHg.s 			page 23


 533 0033 13       		.uleb128 0x13
 534 0034 00       		.byte	0
 535 0035 00       		.byte	0
 536 0036 05       		.uleb128 0x5
 537 0037 35       		.uleb128 0x35
 538 0038 00       		.byte	0
 539 0039 49       		.uleb128 0x49
 540 003a 13       		.uleb128 0x13
 541 003b 00       		.byte	0
 542 003c 00       		.byte	0
 543 003d 06       		.uleb128 0x6
 544 003e 2E       		.uleb128 0x2e
 545 003f 01       		.byte	0x1
 546 0040 3F       		.uleb128 0x3f
 547 0041 19       		.uleb128 0x19
 548 0042 03       		.uleb128 0x3
 549 0043 0E       		.uleb128 0xe
 550 0044 3A       		.uleb128 0x3a
 551 0045 0B       		.uleb128 0xb
 552 0046 3B       		.uleb128 0x3b
 553 0047 0B       		.uleb128 0xb
 554 0048 27       		.uleb128 0x27
 555 0049 19       		.uleb128 0x19
 556 004a 11       		.uleb128 0x11
 557 004b 01       		.uleb128 0x1
 558 004c 12       		.uleb128 0x12
 559 004d 06       		.uleb128 0x6
 560 004e 40       		.uleb128 0x40
 561 004f 18       		.uleb128 0x18
 562 0050 9742     		.uleb128 0x2117
 563 0052 19       		.uleb128 0x19
 564 0053 01       		.uleb128 0x1
 565 0054 13       		.uleb128 0x13
 566 0055 00       		.byte	0
 567 0056 00       		.byte	0
 568 0057 07       		.uleb128 0x7
 569 0058 05       		.uleb128 0x5
 570 0059 00       		.byte	0
 571 005a 03       		.uleb128 0x3
 572 005b 0E       		.uleb128 0xe
 573 005c 3A       		.uleb128 0x3a
 574 005d 0B       		.uleb128 0xb
 575 005e 3B       		.uleb128 0x3b
 576 005f 0B       		.uleb128 0xb
 577 0060 49       		.uleb128 0x49
 578 0061 13       		.uleb128 0x13
 579 0062 02       		.uleb128 0x2
 580 0063 17       		.uleb128 0x17
 581 0064 00       		.byte	0
 582 0065 00       		.byte	0
 583 0066 08       		.uleb128 0x8
 584 0067 34       		.uleb128 0x34
 585 0068 00       		.byte	0
 586 0069 03       		.uleb128 0x3
 587 006a 0E       		.uleb128 0xe
 588 006b 3A       		.uleb128 0x3a
 589 006c 0B       		.uleb128 0xb
ARM GAS  C:\Users\JEFFSN~1\AppData\Local\Temp\cc9mYUHg.s 			page 24


 590 006d 3B       		.uleb128 0x3b
 591 006e 0B       		.uleb128 0xb
 592 006f 49       		.uleb128 0x49
 593 0070 13       		.uleb128 0x13
 594 0071 02       		.uleb128 0x2
 595 0072 17       		.uleb128 0x17
 596 0073 00       		.byte	0
 597 0074 00       		.byte	0
 598 0075 09       		.uleb128 0x9
 599 0076 2E       		.uleb128 0x2e
 600 0077 00       		.byte	0
 601 0078 3F       		.uleb128 0x3f
 602 0079 19       		.uleb128 0x19
 603 007a 03       		.uleb128 0x3
 604 007b 0E       		.uleb128 0xe
 605 007c 3A       		.uleb128 0x3a
 606 007d 0B       		.uleb128 0xb
 607 007e 3B       		.uleb128 0x3b
 608 007f 0B       		.uleb128 0xb
 609 0080 27       		.uleb128 0x27
 610 0081 19       		.uleb128 0x19
 611 0082 49       		.uleb128 0x49
 612 0083 13       		.uleb128 0x13
 613 0084 11       		.uleb128 0x11
 614 0085 01       		.uleb128 0x1
 615 0086 12       		.uleb128 0x12
 616 0087 06       		.uleb128 0x6
 617 0088 40       		.uleb128 0x40
 618 0089 18       		.uleb128 0x18
 619 008a 9742     		.uleb128 0x2117
 620 008c 19       		.uleb128 0x19
 621 008d 00       		.byte	0
 622 008e 00       		.byte	0
 623 008f 00       		.byte	0
 624              		.section	.debug_loc,"",%progbits
 625              	.Ldebug_loc0:
 626              	.LLST0:
 627 0000 00000000 		.4byte	.LVL0
 628 0004 04000000 		.4byte	.LVL1
 629 0008 0100     		.2byte	0x1
 630 000a 50       		.byte	0x50
 631 000b 04000000 		.4byte	.LVL1
 632 000f 18000000 		.4byte	.LFE0
 633 0013 0400     		.2byte	0x4
 634 0015 F3       		.byte	0xf3
 635 0016 01       		.uleb128 0x1
 636 0017 50       		.byte	0x50
 637 0018 9F       		.byte	0x9f
 638 0019 00000000 		.4byte	0
 639 001d 00000000 		.4byte	0
 640              	.LLST1:
 641 0021 06000000 		.4byte	.LVL2
 642 0025 0E000000 		.4byte	.LVL3
 643 0029 0600     		.2byte	0x6
 644 002b 73       		.byte	0x73
 645 002c 00       		.sleb128 0
 646 002d 09       		.byte	0x9
ARM GAS  C:\Users\JEFFSN~1\AppData\Local\Temp\cc9mYUHg.s 			page 25


 647 002e BF       		.byte	0xbf
 648 002f 1A       		.byte	0x1a
 649 0030 9F       		.byte	0x9f
 650 0031 00000000 		.4byte	0
 651 0035 00000000 		.4byte	0
 652              	.LLST2:
 653 0039 00000000 		.4byte	.LVL4
 654 003d 06000000 		.4byte	.LVL5
 655 0041 0100     		.2byte	0x1
 656 0043 50       		.byte	0x50
 657 0044 06000000 		.4byte	.LVL5
 658 0048 18000000 		.4byte	.LFE1
 659 004c 0400     		.2byte	0x4
 660 004e F3       		.byte	0xf3
 661 004f 01       		.uleb128 0x1
 662 0050 50       		.byte	0x50
 663 0051 9F       		.byte	0x9f
 664 0052 00000000 		.4byte	0
 665 0056 00000000 		.4byte	0
 666              		.section	.debug_aranges,"",%progbits
 667 0000 34000000 		.4byte	0x34
 668 0004 0200     		.2byte	0x2
 669 0006 00000000 		.4byte	.Ldebug_info0
 670 000a 04       		.byte	0x4
 671 000b 00       		.byte	0
 672 000c 0000     		.2byte	0
 673 000e 0000     		.2byte	0
 674 0010 00000000 		.4byte	.LFB0
 675 0014 18000000 		.4byte	.LFE0-.LFB0
 676 0018 00000000 		.4byte	.LFB1
 677 001c 18000000 		.4byte	.LFE1-.LFB1
 678 0020 00000000 		.4byte	.LFB2
 679 0024 10000000 		.4byte	.LFE2-.LFB2
 680 0028 00000000 		.4byte	.LFB3
 681 002c 10000000 		.4byte	.LFE3-.LFB3
 682 0030 00000000 		.4byte	0
 683 0034 00000000 		.4byte	0
 684              		.section	.debug_ranges,"",%progbits
 685              	.Ldebug_ranges0:
 686 0000 00000000 		.4byte	.LFB0
 687 0004 18000000 		.4byte	.LFE0
 688 0008 00000000 		.4byte	.LFB1
 689 000c 18000000 		.4byte	.LFE1
 690 0010 00000000 		.4byte	.LFB2
 691 0014 10000000 		.4byte	.LFE2
 692 0018 00000000 		.4byte	.LFB3
 693 001c 10000000 		.4byte	.LFE3
 694 0020 00000000 		.4byte	0
 695 0024 00000000 		.4byte	0
 696              		.section	.debug_line,"",%progbits
 697              	.Ldebug_line0:
 698 0000 94000000 		.section	.debug_str,"MS",%progbits,1
 698      02004600 
 698      00000201 
 698      FB0E0D00 
 698      01010101 
 699              	.LASF16:
ARM GAS  C:\Users\JEFFSN~1\AppData\Local\Temp\cc9mYUHg.s 			page 26


 700 0000 76616C75 		.ascii	"value\000"
 700      6500
 701              	.LASF23:
 702 0006 73746174 		.ascii	"staticBits\000"
 702      69634269 
 702      747300
 703              	.LASF14:
 704 0011 6B6E6F62 		.ascii	"knob_2_36_Write\000"
 704      5F325F33 
 704      365F5772 
 704      69746500 
 705              	.LASF9:
 706 0021 666C6F61 		.ascii	"float\000"
 706      7400
 707              	.LASF1:
 708 0027 756E7369 		.ascii	"unsigned char\000"
 708      676E6564 
 708      20636861 
 708      7200
 709              	.LASF20:
 710 0035 474E5520 		.ascii	"GNU C11 5.4.1 20160609 (release) [ARM/embedded-5-br"
 710      43313120 
 710      352E342E 
 710      31203230 
 710      31363036 
 711 0068 616E6368 		.ascii	"anch revision 237715] -mcpu=cortex-m3 -mthumb -g -O"
 711      20726576 
 711      6973696F 
 711      6E203233 
 711      37373135 
 712 009b 33202D66 		.ascii	"3 -ffunction-sections -ffat-lto-objects -finline-fu"
 712      66756E63 
 712      74696F6E 
 712      2D736563 
 712      74696F6E 
 713 00ce 6E637469 		.ascii	"nctions -flto\000"
 713      6F6E7320 
 713      2D666C74 
 713      6F00
 714              	.LASF5:
 715 00dc 6C6F6E67 		.ascii	"long unsigned int\000"
 715      20756E73 
 715      69676E65 
 715      6420696E 
 715      7400
 716              	.LASF3:
 717 00ee 73686F72 		.ascii	"short unsigned int\000"
 717      7420756E 
 717      7369676E 
 717      65642069 
 717      6E7400
 718              	.LASF10:
 719 0101 646F7562 		.ascii	"double\000"
 719      6C6500
 720              	.LASF21:
 721 0108 47656E65 		.ascii	"Generated_Source\\PSoC5\\knob_2_36.c\000"
 721      72617465 
ARM GAS  C:\Users\JEFFSN~1\AppData\Local\Temp\cc9mYUHg.s 			page 27


 721      645F536F 
 721      75726365 
 721      5C50536F 
 722              	.LASF15:
 723 012b 6B6E6F62 		.ascii	"knob_2_36_SetDriveMode\000"
 723      5F325F33 
 723      365F5365 
 723      74447269 
 723      76654D6F 
 724              	.LASF19:
 725 0142 6B6E6F62 		.ascii	"knob_2_36_ReadDataReg\000"
 725      5F325F33 
 725      365F5265 
 725      61644461 
 725      74615265 
 726              	.LASF18:
 727 0158 6B6E6F62 		.ascii	"knob_2_36_Read\000"
 727      5F325F33 
 727      365F5265 
 727      616400
 728              	.LASF8:
 729 0167 756E7369 		.ascii	"unsigned int\000"
 729      676E6564 
 729      20696E74 
 729      00
 730              	.LASF7:
 731 0174 6C6F6E67 		.ascii	"long long unsigned int\000"
 731      206C6F6E 
 731      6720756E 
 731      7369676E 
 731      65642069 
 732              	.LASF17:
 733 018b 6D6F6465 		.ascii	"mode\000"
 733      00
 734              	.LASF13:
 735 0190 72656738 		.ascii	"reg8\000"
 735      00
 736              	.LASF6:
 737 0195 6C6F6E67 		.ascii	"long long int\000"
 737      206C6F6E 
 737      6720696E 
 737      7400
 738              	.LASF11:
 739 01a3 63686172 		.ascii	"char\000"
 739      00
 740              	.LASF22:
 741 01a8 433A5C55 		.ascii	"C:\\Users\\JeffSnyder\\dev\\Electrobass_embedded\\P"
 741      73657273 
 741      5C4A6566 
 741      66536E79 
 741      6465725C 
 742 01d6 534F4335 		.ascii	"SOC5_electrobass_stringsensors\\CE210514_PSOC3_5_Th"
 742      5F656C65 
 742      6374726F 
 742      62617373 
 742      5F737472 
 743 0208 65726D69 		.ascii	"ermistor.cydsn\000"
ARM GAS  C:\Users\JEFFSN~1\AppData\Local\Temp\cc9mYUHg.s 			page 28


 743      73746F72 
 743      2E637964 
 743      736E00
 744              	.LASF2:
 745 0217 73686F72 		.ascii	"short int\000"
 745      7420696E 
 745      7400
 746              	.LASF12:
 747 0221 75696E74 		.ascii	"uint8\000"
 747      3800
 748              	.LASF4:
 749 0227 6C6F6E67 		.ascii	"long int\000"
 749      20696E74 
 749      00
 750              	.LASF0:
 751 0230 7369676E 		.ascii	"signed char\000"
 751      65642063 
 751      68617200 
 752              		.comm	__gnu_lto_v1,1,1
 753              		.ident	"GCC: (GNU Tools for ARM Embedded Processors) 5.4.1 20160609 (release) [ARM/embedded-5-bran
