ARM GAS  C:\Users\JEFFSN~1\AppData\Local\Temp\ccdl2Xjc.s 			page 1


   1              		.syntax unified
   2              		.cpu cortex-m3
   3              		.fpu softvfp
   4              		.eabi_attribute 20, 1
   5              		.eabi_attribute 21, 1
   6              		.eabi_attribute 23, 3
   7              		.eabi_attribute 24, 1
   8              		.eabi_attribute 25, 1
   9              		.eabi_attribute 26, 1
  10              		.eabi_attribute 30, 2
  11              		.eabi_attribute 34, 1
  12              		.eabi_attribute 18, 4
  13              		.thumb
  14              		.syntax unified
  15              		.file	"MISO_1.c"
  16              		.text
  17              	.Ltext0:
  18              		.section	.gnu.lto_.profile.807c9b20,"",%progbits
  19 0000 789C6361 		.ascii	"x\234ca`d`a`\000\222\022\"\000\000\256\0007"
  19      60646061 
  19      60009212 
  19      220000AE 
  19      0037
  20              		.text
  21              		.section	.gnu.lto_.icf.807c9b20,"",%progbits
  22 0000 789C6361 		.ascii	"x\234ca`d\000\001)\006\004`a\270\374ho\033'\343\315"
  22      60640001 
  22      29060460 
  22      61B8FC68 
  22      6F1B27E3 
  23 0015 EF1D2738 		.ascii	"\357\035'8\231\236n\231<\225\227\271\361\342\336s<\014"
  23      999E6E99 
  23      3C9597B9 
  23      F1E2DE73 
  23      3C0C
  24 0027 00A8690C 		.ascii	"\000\250i\014\013"
  24      0B
  25              		.text
  26              		.section	.gnu.lto_.jmpfuncs.807c9b20,"",%progbits
  27 0000 789C6361 		.ascii	"x\234ca`d\000\001!\006\004`a`dd\254g\004\021L\014\014"
  27      60640001 
  27      21060460 
  27      61606464 
  27      AC670411 
  28 0017 CC401100 		.ascii	"\314@\021\000\016\"\001&"
  28      0E220126 
  29              		.text
  30              		.section	.gnu.lto_.inline.807c9b20,"",%progbits
  31 0000 789C6361 		.ascii	"x\234ca`d\000\201$\006\004`a`\340`gdd\340\000J1s\034"
  31      60640081 
  31      24060460 
  31      6160E060 
  31      676464E0 
  32 0019 B063605B 		.ascii	"\260c`[ \317\304\300t\201\237\005$\313\210O\222\211"
  32      20CFC4C0 
  32      74819F05 
  32      24CB884F 
ARM GAS  C:\Users\JEFFSN~1\AppData\Local\Temp\ccdl2Xjc.s 			page 2


  32      9289
  33 002b 818D9591 		.ascii	"\201\215\225\221\201\211\355\203\036D\034\010\2301\205"
  33      8189ED83 
  33      1E441C08 
  33      983185
  34 003a 1800EEF5 		.ascii	"\030\000\356\365\012\002"
  34      0A02
  35              		.text
  36              		.section	.gnu.lto_.pureconst.807c9b20,"",%progbits
  37 0000 789C6361 		.ascii	"x\234ca`d\340d```a\220b\224b\222b\226\002\000\002\261"
  37      6064E064 
  37      60606061 
  37      90629462 
  37      92629602 
  38 0017 0081     		.ascii	"\000\201"
  39              		.text
  40              		.section	.gnu.lto_MISO_1_Write.807c9b20,"",%progbits
  41 0000 789C5550 		.ascii	"x\234UPMK\033Q\024\275\347\275L\022j\253?\240Y\004D"
  41      4D4B1B51 
  41      14BDE7BD 
  41      4C126AAB 
  41      3FA05904 
  42 0015 249BD222 		.ascii	"$\233\322\"\375\003\272\020\027Ri\266\001\011\351,\204"
  42      FD03BA10 
  42      175269B6 
  42      0109E92C 
  42      84
  43 0026 B68246B7 		.ascii	"\266\202F\267\2761\231\010\256\262QW*X\304h\353Ww\205"
  43      BE319908 
  43      AEB25157 
  43      2A58C468 
  43      EB577785 
  44 003a 42875975 		.ascii	"B\207Yu\323v\343\252\224R\\L\241\253\024\015\221:u\274"
  44      D376E3AA 
  44      94525C4C 
  44      A1AB140D 
  44      913A75BC 
  45 004e 77C6853E 		.ascii	"w\306\205>x\363\336\234w\316\271\347\336\024\201d)E"
  45      78F3DE9C 
  45      77CEB9E7 
  45      DE148164 
  45      2945
  46 0060 34C4E743 		.ascii	"4\304\347C\336\320\004\325\374J\344d\025 \027\223\005"
  46      DED004D5 
  46      FC4AE464 
  46      15201793 
  46      05
  47 0071 2D282CA0 		.ascii	"-(,\240\243\376+\370K\301\007U\3301\274~moh\323\362"
  47      A3FE2BF8 
  47      4BC10755 
  47      D831BC7E 
  47      6D6F68D3 
  48 0086 E06AA248 		.ascii	"\340j\242H\305N\204\035\024\230\365\373\343\322\011"
  48      C54E841D 
  48      1498F5FB 
  48      E3D209
  49 0095 743F88EF 		.ascii	"t?\210\357\015\277\323\356\031\3346f\321\230\263\222"
ARM GAS  C:\Users\JEFFSN~1\AppData\Local\Temp\ccdl2Xjc.s 			page 3


  49      0DBFD3EE 
  49      19DC3666 
  49      D198B392 
  50 00a5 D1AE065A 		.ascii	"\321\256\006Z\320\254\300P\016\217s\304\000a\027\203"
  50      D0ACC050 
  50      0E8F73C4 
  50      00611783 
  51 00b5 42BEF87E 		.ascii	"B\276\370~r\320\253\013\261\260i\202\255\373\003oD\350"
  51      72D0AB0B 
  51      B1B06982 
  51      ADFB036F 
  51      44E8
  52 00c7 755FAD19 		.ascii	"u_\255\031\317\311\213v\357\266V\026SO\217\257V\036"
  52      CFC98B76 
  52      EFB65616 
  52      534F8FAF 
  52      561E
  53 00d9 A4EB922A 		.ascii	"\244\353\222*\217\267\030H\362\340\035\322\334!\004"
  53      8FB71848 
  53      F2E01DD2 
  53      DC2104
  54 00e8 397CEE99 		.ascii	"9|\356\231(\252\031\257cutVqQ\305\235\362C\012R\333"
  54      28AA19AF 
  54      63757456 
  54      7151C59D 
  54      F2430A52 
  55 00fd 12202D1F 		.ascii	"\022 -\037\2426oi\374/\317\205O\035\300\377\267\374"
  55      A2366F69 
  55      FC2FCF85 
  55      4F1DC0FF 
  55      B7FC
  56 010f 732D2376 		.ascii	"s-#v5-CXu\375o\231s\345j\035\007m\325\303P%\277\315"
  56      352D4358 
  56      75FD6F99 
  56      73E56A1D 
  56      076DD5C3 
  57 0127 2DC7A418 		.ascii	"-\307\244\030\372\022\035\205\275\233Xw\352<\236\024"
  57      FA121D85 
  57      BD9B5877 
  57      EA3C9E14 
  58 0137 0E90C33E 		.ascii	"\016\220\303>8.\016\261\011\012P\013\033?\220\030\352"
  58      382E0EB1 
  58      090A500B 
  58      1B3F9018 
  58      EA
  59 0148 C4F3F273 		.ascii	"\304\363\362s\360\251OL\200\210p\304\344S\250\270\003"
  59      F0A94F4C 
  59      808870C4 
  59      E453A8B8 
  59      03
  60 0159 0EC92C11 		.ascii	"\016\311,\021\265\033A\367&\206U\323R\347|\331\355j"
  60      B51B41F7 
  60      268655D3 
  60      52E77CD9 
  60      ED6A
  61 016b 5159C8E0 		.ascii	"QY\310\340\230E\314\272h\2047\326\211\273\305\240\277"
  61      9845CCBA 
ARM GAS  C:\Users\JEFFSN~1\AppData\Local\Temp\ccdl2Xjc.s 			page 4


  61      688437D6 
  61      89BBC5A0 
  61      BF
  62 017c 1A437792 		.ascii	"\032Cw\2229\306\364\334\015\367\236\303\261\212\376"
  62      39C6F4DC 
  62      0DF79EC3 
  62      B18AFE
  63 018b 60D1BBB4 		.ascii	"`\321\273\264D\020\017\270\255 \203\340\261\344G\355"
  63      44100FB8 
  63      AD2083E0 
  63      B1E447ED 
  64 019b D7F64CB9 		.ascii	"\327\366L\271j\277\230,N\317\315T\354\322Dqz\344ii|"
  64      6ABF982C 
  64      4ECFCD54 
  64      ECD24471 
  64      7AE46969 
  65 01b0 ACF86CF2 		.ascii	"\254\370l\362\311\243\012Y\363\345\227s\366\275\331"
  65      C9A30A59 
  65      F3E59773 
  65      F6BDD9
  66 01bf 6AB93A55 		.ascii	"j\271:U\031\236\252\316^\003!\\\271\023"
  66      199EAACE 
  66      5E03215C 
  66      B913
  67              		.text
  68              		.section	.gnu.lto_MISO_1_SetDriveMode.807c9b20,"",%progbits
  69 0000 789C7D51 		.ascii	"x\234}Q\317\213RQ\024>\337\275\317\3674\311\177`\\\010"
  69      CF8B5251 
  69      143EDFBD 
  69      CFF734C9 
  69      7F605C08 
  70 0014 B3103731 		.ascii	"\263\020711\364\027\014\024-\206\211\334:H\214oY\222"
  70      31F4170C 
  70      142D8689 
  70      DC3A488C 
  70      6F5992
  71 0027 D4DAAB4F 		.ascii	"\324\332\253O\011jQ1\344f\010\333\210\316hMQ\233v&\324"
  71      096A5131 
  71      E46608DB 
  71      88CE684D 
  71      519B7626 
  72 003c 269882A0 		.ascii	"&\230\202\240E\213\210\026\217!2tJ\012\313\354\234\367"
  72      458B8816 
  72      8F213274 
  72      4A0ACBEC 
  72      9CF7
  73 004e 66E1AACB 		.ascii	"f\341\252\313\273\347\307\307\367}\234s\237E 9\207\234"
  73      BBE7C7C7 
  73      F77D9C73 
  73      9F452039 
  73      879C
  74 0060 D29C97F8 		.ascii	"\322\234\227\370B\023\324\235\003\242JT\001R\230(\250"
  74      4213D49D 
  74      03A24A54 
  74      01529828 
  74      A8
  75 0071 AC50C644 		.ascii	"\254P\306D\315\024\0067\374\347*\3236|>\275\374\266"
ARM GAS  C:\Users\JEFFSN~1\AppData\Local\Temp\ccdl2Xjc.s 			page 5


  75      CD140637 
  75      FCE72AD3 
  75      367C3EBD 
  75      FCB6
  76 0083 623A7DD4 		.ascii	"b:}\3245\321\\\005N\20462\314\372\376\264\265\035\327"
  76      35D15C05 
  76      4E843632 
  76      CCFAFEB4 
  76      B51DD7
  77 0096 CB20AEC7 		.ascii	"\313 \256\307\007\243\217\211t\313\230\2521w7\215\256"
  77      07A38F89 
  77      74CB98AA 
  77      3177378D 
  77      AE
  78 00a7 6BA003CD 		.ascii	"k\240\003\315\012\254&\261\222$\006\010\273H\013\371"
  78      0AAC26B1 
  78      92240608 
  78      BB480BF9 
  79 00b7 F393BFF7 		.ascii	"\363\223\277\367N\3325\261O\205\246\330\203-c\356_\354"
  79      4EDA35B1 
  79      4F85A6D8 
  79      832D63EE 
  79      5FEC
  80 00c9 9BF9DC33 		.ascii	"\233\371\3343\375\237\366\213\251\035W,S\232\203\266"
  80      FD9FF68B 
  80      A91D572C 
  80      539A83B6 
  81 00d9 2444200E 		.ascii	"$D \016\266\224\216\204\250\204\230p\210F|e\221\261"
  81      B6948E84 
  81      A8849870 
  81      88467C65 
  81      91B1
  82 00eb 5292B58F 		.ascii	"R\222\265\217\301\364\246\277c\211\263\247e\251F}\360"
  82      C1F4A6BF 
  82      6389B3A7 
  82      65A9467D 
  82      F0
  83 00fc C6F9A1EA 		.ascii	"\306\371\241\352\332\012&~\273\375\365\235\016\333\333"
  83      DA0A267E 
  83      BBFDF59D 
  83      0EDBDB
  84 010b 0F2AC662 		.ascii	"\017*\306b\350\331\353\311\360D\023\367+5^7\202\036"
  84      E8D9EBC9 
  84      F04413F7 
  84      2B355E37 
  84      821E
  85 011d 92E822C9 		.ascii	"\222\350\"\311\323=D\023\344\243z\344\204v\232\035\271"
  85      D33D4413 
  85      E4A37AE4 
  85      84769A1D 
  85      B9
  86 012e F7FED861 		.ascii	"\367\376\330ao1\304\372\017\257n\315bb\251q\025\217"
  86      6F31C4FA 
  86      0FAF6ECD 
  86      6262A971 
  86      158F
  87 0140 58B920E1 		.ascii	"X\271 \341/\262(q\030b\311\360}\267\247CI\002\373\201"
ARM GAS  C:\Users\JEFFSN~1\AppData\Local\Temp\ccdl2Xjc.s 			page 6


  87      2FB22871 
  87      1862C9F0 
  87      7DB7A743 
  87      4902FB81 
  88 0154 C4FB754C 		.ascii	"\304\373uL\211\006\306\316\242K\214Q\356\007\015H\377"
  88      8906C6CE 
  88      A24B8C51 
  88      EE070D48 
  88      FF
  89 0165 BF911FF3 		.ascii	"\277\221\037\363\310\314\247/\250\366\177\237\025v\360"
  89      C8CCA72F 
  89      A8F67F9F 
  89      1576F0
  90 0174 EB460AF2 		.ascii	"\353F\012\362<\374X\251s\356\025\267t\351\232[\310g"
  90      3CFC58A9 
  90      73EE15B7 
  90      74E99A5B 
  90      C867
  91 0186 8BD74B5B 		.ascii	"\213\327K[n\356B\266\270v&\267~>\273\221?}j\213\254"
  91      6EEE42B6 
  91      B87626B7 
  91      7E3EBB91 
  91      3F7D6A8B 
  92 019b CBC582FB 		.ascii	"\313\305\202\373\017\340\343\246-"
  92      0FE0E3A6 
  92      2D
  93              		.text
  94              		.section	.gnu.lto_MISO_1_Read.807c9b20,"",%progbits
  95 0000 789C354F 		.ascii	"x\2345O\277KBQ\024>\337\275\317\367D\350/\310A\332\\"
  95      BF4B4251 
  95      143EDFBD 
  95      CFF744E8 
  95      2FC841DA 
  96 0015 A288205A 		.ascii	"\242\210 Z\203\242!\212\034Z\004\011{k\202\324\354\325"
  96      83A2218A 
  96      1C5A0409 
  96      7B6B82D4 
  96      ECD5
  97 0027 E72B8886 		.ascii	"\347+\210\206\032\252\251\202 4+\244%\032M(\212\240"
  97      1AAAA982 
  97      20342BA4 
  97      251A4D28 
  97      8AA0
  98 0039 A6A22922 		.ascii	"\246\242)\"\342\015Me\206 \246\235\333\253\003\367\234"
  98      E20D4D65 
  98      8620A69D 
  98      DBAB03F7 
  98      9C
  99 004a 7BCFFD7E 		.ascii	"{\317\375~\234c\020H\307\014\227\036\256\335| \011b"
  99      9C631048 
  99      C70C971E 
  99      AEDD7C20 
  99      0962
 100 005c ED96281B 		.ascii	"\355\226(\033\024\200\276\250 (#\220\301\227\370\026"
 100      1480BEA8 
 100      20282390 
 100      C197F816 
ARM GAS  C:\Users\JEFFSN~1\AppData\Local\Temp\ccdl2Xjc.s 			page 7


 101 006c B8695CAD 		.ascii	"\270i\\\255\206\242\005\245r\352y\2779\264U\254\300"
 101      86A205A5 
 101      72EA79BF 
 101      39B455AC 
 101      C0
 102 007d 95441D41 		.ascii	"\225D\035A\030\010\243/\254%\012\210\022C_N\332\033"
 102      1808A32F 
 102      AC250A88 
 102      12435F4E 
 102      DA1B
 103 008f 5D665E71 		.ascii	"]f^qD4\200\177\2120\265ey\272\242:\035GU\356\255\363"
 103      4434807F 
 103      8A30B565 
 103      79BAA23A 
 103      1D4755EE 
 104 00a5 47CB02B9 		.ascii	"G\313\002\271\222}9\031\234D@'\223\264,\2753M\017\361"
 104      927D3919 
 104      9C444027 
 104      93B42CBD 
 104      334D0FF1 
 105 00b9 2184AED2 		.ascii	"!\204\256\322C\265\271\362\2643\254\225\034)\331e\323"
 105      43B5B9F2 
 105      B433AC95 
 105      1C29D965 
 105      D3
 106 00ca ADDE5975 		.ascii	"\255\336Yu\341J\011mz\361\220\3774\374\347\372^V\031"
 106      E14A096D 
 106      7AF190FF 
 106      34FCE7FA 
 106      5E5619
 107 00dd DC2A9D95 		.ascii	"\334*\235\225\333\330\305v6\317\243\032(!\214\003\360"
 107      DBD8C576 
 107      36CFA31A 
 107      28218C03 
 107      F0
 108 00ee A038E42E 		.ascii	"\2408\344.ypZ\243\344H\370r\247\336\365eH\363\001\005"
 108      79705AA3 
 108      E448F872 
 108      A7DEF565 
 108      48F30105 
 109 0102 1C31CE43 		.ascii	"\0341\316C\256\266\334\022\276\243\301@M\251-\325\015"
 109      AEB6DC12 
 109      BEA3C140 
 109      4DA92DD5 
 109      0D
 110 0113 BF13E026 		.ascii	"\277\023\340&\363\352+nCj\236\200\205\343\177\332+|"
 110      F3EA2B6E 
 110      436A9E80 
 110      85E37FDA 
 110      2B7C
 111 0125 90C6D11B 		.ascii	"\220\306\321\033\376DL\372\335\014z#\336/2f\317\333"
 111      FE444CFA 
 111      DD0C7A23 
 111      DE2F3266 
 111      CFDB
 112 0137 E9D9057B 		.ascii	"\351\331\005{.\021K-\246\223v|*\226\032\031\214O\214"
 112      2E114B2D 
ARM GAS  C:\Users\JEFFSN~1\AppData\Local\Temp\ccdl2Xjc.s 			page 8


 112      A693767C 
 112      2A961A19 
 112      8C4F8C
 113 014a C72613FD 		.ascii	"\307&\023\375\275I\372\001\375_{\325"
 113      BD49FA01 
 113      FD5F7BD5 
 114              		.text
 115              		.section	.gnu.lto_MISO_1_ReadDataReg.807c9b20,"",%progbits
 116 0000 789C354F 		.ascii	"x\2345O;K\003A\020\236o\367r\011\007\372\007L!viD\021"
 116      3B4B0341 
 116      109E6FF7 
 116      720907FA 
 116      074C2176 
 117 0017 0B6D05C5 		.ascii	"\013m\005\305B\024S\330\004\202\304k\015\004\255\263"
 117      421453D8 
 117      0482C46B 
 117      0D04ADB3 
 118 0027 C9E51482 		.ascii	"\311\345\024\202E\032\265\222\200 I|\2406vBL!\212\370"
 118      451AB592 
 118      8020497C 
 118      A0367642 
 118      4C218AF8 
 119 003b F8092272 		.ascii	"\370\011\"r\205\225\206H@\316\234\263\236\016\354\314"
 119      85958648 
 119      40CE9CB3 
 119      9E0EECCC 
 120 004b EEECF798 		.ascii	"\356\354\367\2301\010\244c\211\313\020\327\001>\220"
 120      3108A463 
 120      89CB10D7 
 120      013E90
 121 005a 04517920 		.ascii	"\004Qy *\304\004\240/*\006\312\013\344\361)\276\005"
 121      2AC404A0 
 121      2F2A06CA 
 121      0BE4F129 
 121      BE05
 122 006c EEBA375B 		.ascii	"\356\2727[V\242\246TQ=\037\324&v\353M\270\222(\020\204"
 122      56A2A654 
 122      513D1FD4 
 122      2676EB4D 
 122      B8922810 
 123 0081 B13846E2 		.ascii	"\2618F\342Z\242\206\0041\364\345\274\267\335g\226\024"
 123      5AA28604 
 123      31F4E5BC 
 123      B7DD6796 
 123      14
 124 0092 C7A006F0 		.ascii	"\307\240\006\360O\035\246\266<]l\252 pT\363\322\272"
 124      4F1DA6B6 
 124      3C5D6CAA 
 124      207054F3 
 124      D2BA
 125 00a4 7AB2A220 		.ascii	"z\262\242 W\262/'\203\223\210\350d\222\226\245w\246"
 125      57B22F27 
 125      839388E8 
 125      649296A5 
 125      77A6
 126 00b6 E9213E84 		.ascii	"\351!>\204\320Uzh}\225{\215I\255\344H\311.;n\3531\332"
 126      D0557A68 
ARM GAS  C:\Users\JEFFSN~1\AppData\Local\Temp\ccdl2Xjc.s 			page 9


 126      7D957B8D 
 126      49ADE448 
 126      C92E3B6E 
 127 00cd 11AE94D0 		.ascii	"\021\256\224\320\246\365\222\357\213\360Y\331/(\203"
 127      A6F592EF 
 127      8BF059D9 
 127      2F2883
 128 00dc 5BF7C199 		.ascii	"[\367\301\231\337_\305^\241\304\243\0328D\034\015\360"
 128      DF5FC55E 
 128      A1C4A31A 
 128      38441C0D 
 128      F0
 129 00ed A0384215 		.ascii	"\2408B\025\344\301\361\247\311\221\010\345.\274\333"
 129      E4C1F1A7 
 129      C99108E5 
 129      2EBCDB
 130 00fc 6B4BF301 		.ascii	"kK\363\001\005\0343\316C\261\275\351\213\320\321`\240"
 130      051C33CE 
 130      43B1BDE9 
 130      8BD0D160 
 130      A0
 131 010d A6B4373A 		.ascii	"\246\2647:F\330\211p\223y\235\262\333\225\232'\020\305"
 131      46D88970 
 131      93799DB2 
 131      DB959A27 
 131      10C5
 132 011f C93FED15 		.ascii	"\311?\355\025!H\343\350\015\177\"&\375n\006\275\021"
 132      2148E3E8 
 132      0D7F2226 
 132      FD6E06BD 
 132      11
 133 0130 EF373863 		.ascii	"\35778c\257\332\271\3455{%\235\314\256\3472vj!\231\235"
 133      AFDAB9E5 
 133      357B259D 
 133      CCAEE732 
 133      766A2199 
 134 0145 1A4FCDCD 		.ascii	"\032O\315\315&\347\323\243\303\031\372\001\371\027|"
 134      26E7D3A3 
 134      C319FA01 
 134      F9177C
 135 0154 19       		.ascii	"\031"
 136              		.text
 137              		.section	.gnu.lto_.symbol_nodes.807c9b20,"",%progbits
 138 0000 789C6361 		.ascii	"x\234ca`dpc\000\002&\206z\006\206\011\347\030@\324\256"
 138      60647063 
 138      00022686 
 138      7A068609 
 138      E71840D4 
 139 0015 0645A000 		.ascii	"\006E\240\000c=#\252\000S=\023\252\000s=3\212\000\003"
 139      633D23AA 
 139      00533D13 
 139      AA00733D 
 139      338A0003 
 140 0029 0026B60F 		.ascii	"\000&\266\017<"
 140      3C
 141              		.text
 142              		.section	.gnu.lto_.refs.807c9b20,"",%progbits
ARM GAS  C:\Users\JEFFSN~1\AppData\Local\Temp\ccdl2Xjc.s 			page 10


 143 0000 789C6361 		.ascii	"x\234ca`\004B \000\000\0009\000\007"
 143      60044220 
 143      00000039 
 143      0007
 144              		.text
 145              		.section	.gnu.lto_.decls.807c9b20,"",%progbits
 146 0000 789C8D53 		.ascii	"x\234\215S]H\024Q\024\276gfv\335F\323\260\010\037\026"
 146      5D481451 
 146      14BE6766 
 146      76DD46D3 
 146      B0081F16 
 147 0014 DA7CF249 		.ascii	"\332|\362I\222\010|\210\014\224\244\0073\334\262\027"
 147      92087C88 
 147      0C94A407 
 147      33DCB217 
 148 0024 41561DCC 		.ascii	"AV\035\314\027\215m\015|\273\272F?\006)\245\251\011"
 148      178D6D0D 
 148      7CBBBA46 
 148      3F0629A5 
 148      A909
 149 0036 5A0FA569 		.ascii	"Z\017\245i\256\345\256\351\346\317fh\022\010\212 \224"
 149      AEE5AEE9 
 149      E6CF6668 
 149      12088A20 
 149      94
 150 0047 4192F920 		.ascii	"A\222\371 \031\254?\205\022\266\235{g\246\031l\003\017"
 150      19AC3F85 
 150      12B69D7B 
 150      67A6196C 
 150      030F
 151 0059 7366CEB9 		.ascii	"sf\316\271\367|\337\371\356\231\031\211\000a\226!\021"
 151      F77CDFF9 
 151      EE991989 
 151      00619621 
 151      11
 152 006a D28C4F3B 		.ascii	"\322\214O;\246\0214\013\306\371\3040\334&\375\350\001"
 152      A611340B 
 152      C6F9C430 
 152      DC26FDE8 
 152      01
 153 007b F441F420 		.ascii	"\364A\364 \371\327\330\276U\303\3652.\3641\364\021\364"
 153      F9D7D8BE 
 153      55C3F532 
 153      2EF431F4 
 153      11F4
 154 008d 5CAD06B4 		.ascii	"\\\255\006\264\272\335\026\210\202\0357\341ul \012\226"
 154      BADD1688 
 154      821D37E1 
 154      756C200A 
 154      96
 155 009e E9B19870 		.ascii	"\351\261\230p\271Qp\203Qp\301=\340\242\235sG\200H\273"
 155      B9517083 
 155      5170C13D 
 155      E0A29D73 
 155      478048BB 
 156 00b2 FFAE6D01 		.ascii	"\377\256m\001>\200H\264\001\022\000\365\016\334\211"
 156      3E8048B4 
ARM GAS  C:\Users\JEFFSN~1\AppData\Local\Temp\ccdl2Xjc.s 			page 11


 156      011200F5 
 156      0EDC89
 157 00c1 EA3CC540 		.ascii	"\352<\305@ j\240/\3755\242\225\010zh\220\361K\303CD"
 157      206AA02F 
 157      FD35A295 
 157      087A6890 
 157      F14BC343 
 158 00d6 374E62B0 		.ascii	"7Nb\260\203\006Rs]\267\006\002\301h\000j\252#L|\273"
 158      83065273 
 158      5DB70602 
 158      C168006A 
 158      AA234C7C 
 159 00eb 14E99AF5 		.ascii	"\024\351\232\3656D\320\017\375%T\275b\025\005`\361\347"
 159      3644D00F 
 159      FD2554BD 
 159      62150560 
 159      F1E7
 160 00fd EDCE33A9 		.ascii	"\355\3163\251=\024\255\236R\341\2101\031\337\365\257"
 160      3D14AD9E 
 160      52E18831 
 160      19DFF5AF 
 161 010d 5DB64D01 		.ascii	"]\266M\001\3542D\200\345\253C\333\373\325\234m\2674"
 161      EC324480 
 161      E5AB43DB 
 161      FBD59C6D 
 161      B734
 162 011f 2CFD8E15 		.ascii	",\375\216\025\223X,\314-u\257H\220\"?a4\213;}\247\206"
 162      93582CCC 
 162      2D75AF48 
 162      90223F61 
 162      348B3B7D 
 163 0135 283D00BD 		.ascii	"(=\000\275 C\017\210\320\005\251L\203]\306\373MJkh\370"
 163      20430F88 
 163      D005A94C 
 163      835DC6FB 
 163      4D4A6B68 
 164 014a 31B52611 		.ascii	"1\265&\0218n\207cv\002\317!\205q\262*\350\006;<\003"
 164      386E8763 
 164      7602CF21 
 164      8571B22A 
 164      E8063B3C 
 165 015f 3BE35F7E 		.ascii	";\343_~\320\376\315*\241d\316S$\261\265\331\332\276"
 165      D0FECD2A 
 165      A164CE53 
 165      24B1B5D9 
 165      DABE
 166 0171 36112524 		.ascii	"6\021%$\312 a\2726\335\272\024\217\351!\031\034\230"
 166      CA2061BA 
 166      36DDBA14 
 166      8FE92119 
 166      1C98
 167 0183 F6043FAD 		.ascii	"\366\004?\255Z\223\232\370Q\274\324!A\376ax\201\204"
 167      5A939AF8 
 167      51BCD421 
 167      41FE6178 
 167      8184
 168 0195 7D4848E0 		.ascii	"}HH\340%$\341\335\007\222z\272\321\301\265pBr\007\355"
ARM GAS  C:\Users\JEFFSN~1\AppData\Local\Temp\ccdl2Xjc.s 			page 12


 168      2524E1DD 
 168      07927ABA 
 168      D1C1B570 
 168      427207ED 
 169 01a9 E8A38B0D 		.ascii	"\350\243\213\015\223'\233\274t\012q\016V\006\235\206"
 169      93279BBC 
 169      740A710E 
 169      56069D86 
 170 01b9 E84EF65D 		.ascii	"\350N\366]\020x\012\0138\303~HF\344\275\033[?d\321\305"
 170      10780A0B 
 170      38C37E48 
 170      46E4BD1B 
 170      5B3F64D1 
 171 01ce 87105E5F 		.ascii	"\207\020^_^\264\251,\241\315\3118Z_M\351i\316\34178"
 171      5EB4A92C 
 171      A1CDC938 
 171      5A5F4DE9 
 171      69CEE137 
 172 01e3 FC668E00 		.ascii	"\374f\216\000\347X\3778\321\006b%\347\230\251\233\360"
 172      E758FF38 
 172      D1066225 
 172      E798A99B 
 172      F0
 173 01f4 269865B3 		.ascii	"&\230e\263\363\032\272_q\335E\232l\357[\337\257}Z\303"
 173      F31ABA5F 
 173      71DD459A 
 173      6CEF5BDF 
 173      AF7D5AC3 
 174 0208 B977620B 		.ascii	"\271wb\013\015\325\"N`U0`\264\0340\267\034\344-\357"
 174      0DD5224E 
 174      60553060 
 174      B41C30B7 
 174      1CE42DEF 
 175 021c FC9CF1C6 		.ascii	"\374\234\361\306\213\325\300{n\324\315,\306h4\301\367"
 175      8BD5C07B 
 175      6ED4CD2C 
 175      C66834C1 
 175      F7
 176 022d BA6E4632 		.ascii	"\272nF2d\220\014\231I\202\234d\263vc\336*\343K\364\356"
 176      64900C99 
 176      49829C64 
 176      B37663DE 
 176      2AE34BF4 
 177 0242 ED254EAF 		.ascii	"\355%N\257<\212\304\210\367yS\241\277\261\2451\006\344"
 177      3C8AC488 
 177      F77953A1 
 177      BFB1A531 
 177      06E4
 178 0254 9428F0D1 		.ascii	"\224(\360\321(p\355c\332\272\320p\213\235p\004\2472"
 178      2870ED63 
 178      DABAD070 
 178      8B9D7004 
 178      A732
 179 0266 6C887B0D 		.ascii	"l\210{\015\262:\021\377\314w\237%\3566\373\256p|\211"
 179      B23A11FF 
 179      CC779F25 
 179      EE36FBAE 
ARM GAS  C:\Users\JEFFSN~1\AppData\Local\Temp\ccdl2Xjc.s 			page 13


 179      707C89
 180 0279 53F1BCD2 		.ascii	"S\361\274\322\230\337\030\304\361_\000\237;\2028<\377"
 180      98DF18C4 
 180      F15F009F 
 180      3B82383C 
 180      FF
 181 028a B04DC43D 		.ascii	"\260M\304=v\311\255\024\245\320Y\200q$\343I8\203\307"
 181      76C9AD14 
 181      A5D05980 
 181      7124E349 
 181      3883C7
 182 029d 6C99866B 		.ascii	"l\231\206k\250\2659^\227H\370\006\201\020\"\337 1O\343"
 182      A8B5395E 
 182      9748F806 
 182      811022DF 
 182      20314FE3 
 183 02b1 72CE3A73 		.ascii	"r\316:s\013\323\012/\271\313<\212-\373\334EGfZ\032\261"
 183      0BD30A2F 
 183      B9CB3C8A 
 183      2DFBDC45 
 183      47665A1A 
 184 02c6 5496957B 		.ascii	"T\226\225{\322\217f+\345\212\333\345QJ\012\235\025\225"
 184      D28F662B 
 184      E58ADBE5 
 184      514A0A9D 
 184      1595
 185 02d8 EE62A5E0 		.ascii	"\356b\245\340\274\263\"\363DAq\225\247\352\212r5\365"
 185      BCB322F3 
 185      44417195 
 185      A7EA8A72 
 185      35F5
 186 02ea 3271FCA7 		.ascii	"2q\374\247B%M-&\0075z\247\342\311r\227]Sr*J\224Xm-O"
 186      42254D2D 
 186      2607357A 
 186      A7E2C972 
 186      975D5372 
 187 0305 7195249A 		.ascii	"q\225$\232\342,\227\307\225\247\224Jn\2454\375\017\206"
 187      E22C97C7 
 187      95A7944A 
 187      6EA534FD 
 187      0F86
 188 0317 DD62FA   		.ascii	"\335b\372"
 189              		.text
 190              		.section	.gnu.lto_.symtab.807c9b20,"",%progbits
 191 0000 4D49534F 		.ascii	"MISO_1_Write\000"
 191      5F315F57 
 191      72697465 
 191      00
 192 000d 00       		.ascii	"\000"
 193 000e 00       		.ascii	"\000"
 194 000f 00       		.ascii	"\000"
 195 0010 00000000 		.ascii	"\000\000\000\000\000\000\000\000"
 195      00000000 
 196 0018 B3000000 		.ascii	"\263\000\000\000"
 197 001c 4D49534F 		.ascii	"MISO_1_SetDriveMode\000"
 197      5F315F53 
 197      65744472 
ARM GAS  C:\Users\JEFFSN~1\AppData\Local\Temp\ccdl2Xjc.s 			page 14


 197      6976654D 
 197      6F646500 
 198 0030 00       		.ascii	"\000"
 199 0031 00       		.ascii	"\000"
 200 0032 00       		.ascii	"\000"
 201 0033 00000000 		.ascii	"\000\000\000\000\000\000\000\000"
 201      00000000 
 202 003b B5000000 		.ascii	"\265\000\000\000"
 203 003f 4D49534F 		.ascii	"MISO_1_Read\000"
 203      5F315F52 
 203      65616400 
 204 004b 00       		.ascii	"\000"
 205 004c 00       		.ascii	"\000"
 206 004d 00       		.ascii	"\000"
 207 004e 00000000 		.ascii	"\000\000\000\000\000\000\000\000"
 207      00000000 
 208 0056 B8000000 		.ascii	"\270\000\000\000"
 209 005a 4D49534F 		.ascii	"MISO_1_ReadDataReg\000"
 209      5F315F52 
 209      65616444 
 209      61746152 
 209      656700
 210 006d 00       		.ascii	"\000"
 211 006e 00       		.ascii	"\000"
 212 006f 00       		.ascii	"\000"
 213 0070 00000000 		.ascii	"\000\000\000\000\000\000\000\000"
 213      00000000 
 214 0078 BA000000 		.ascii	"\272\000\000\000"
 215              		.text
 216              		.section	.gnu.lto_.opts,"",%progbits
 217 0000 272D666D 		.ascii	"'-fmath-errno' '-fsigned-zeros' '-ftrapping-math' '"
 217      6174682D 
 217      6572726E 
 217      6F272027 
 217      2D667369 
 218 0033 2D666E6F 		.ascii	"-fno-trapv' '-fno-openmp' '-fno-openacc' '-mcpu=cor"
 218      2D747261 
 218      70762720 
 218      272D666E 
 218      6F2D6F70 
 219 0066 7465782D 		.ascii	"tex-m3' '-mthumb' '-g' '-O3' '-ffunction-sections' "
 219      6D332720 
 219      272D6D74 
 219      68756D62 
 219      2720272D 
 220 0099 272D6666 		.ascii	"'-ffat-lto-objects' '-finline-functions' '-flto'\000"
 220      61742D6C 
 220      746F2D6F 
 220      626A6563 
 220      74732720 
 221              		.text
 222              		.cfi_sections	.debug_frame
 223              		.section	.text.MISO_1_Write,"ax",%progbits
 224              		.align	2
 225              		.global	MISO_1_Write
 226              		.thumb
 227              		.thumb_func
ARM GAS  C:\Users\JEFFSN~1\AppData\Local\Temp\ccdl2Xjc.s 			page 15


 228              		.type	MISO_1_Write, %function
 229              	MISO_1_Write:
 230              	.LFB0:
 231              		.file 1 "Generated_Source\\PSoC5\\MISO_1.c"
   1:Generated_Source\PSoC5/MISO_1.c **** /*******************************************************************************
   2:Generated_Source\PSoC5/MISO_1.c **** * File Name: MISO_1.c  
   3:Generated_Source\PSoC5/MISO_1.c **** * Version 2.20
   4:Generated_Source\PSoC5/MISO_1.c **** *
   5:Generated_Source\PSoC5/MISO_1.c **** * Description:
   6:Generated_Source\PSoC5/MISO_1.c **** *  This file contains API to enable firmware control of a Pins component.
   7:Generated_Source\PSoC5/MISO_1.c **** *
   8:Generated_Source\PSoC5/MISO_1.c **** * Note:
   9:Generated_Source\PSoC5/MISO_1.c **** *
  10:Generated_Source\PSoC5/MISO_1.c **** ********************************************************************************
  11:Generated_Source\PSoC5/MISO_1.c **** * Copyright 2008-2015, Cypress Semiconductor Corporation.  All rights reserved.
  12:Generated_Source\PSoC5/MISO_1.c **** * You may use this file only in accordance with the license, terms, conditions, 
  13:Generated_Source\PSoC5/MISO_1.c **** * disclaimers, and limitations in the end user license agreement accompanying 
  14:Generated_Source\PSoC5/MISO_1.c **** * the software package with which this file was provided.
  15:Generated_Source\PSoC5/MISO_1.c **** *******************************************************************************/
  16:Generated_Source\PSoC5/MISO_1.c **** 
  17:Generated_Source\PSoC5/MISO_1.c **** #include "cytypes.h"
  18:Generated_Source\PSoC5/MISO_1.c **** #include "MISO_1.h"
  19:Generated_Source\PSoC5/MISO_1.c **** 
  20:Generated_Source\PSoC5/MISO_1.c **** /* APIs are not generated for P15[7:6] on PSoC 5 */
  21:Generated_Source\PSoC5/MISO_1.c **** #if !(CY_PSOC5A &&\
  22:Generated_Source\PSoC5/MISO_1.c **** 	 MISO_1__PORT == 15 && ((MISO_1__MASK & 0xC0) != 0))
  23:Generated_Source\PSoC5/MISO_1.c **** 
  24:Generated_Source\PSoC5/MISO_1.c **** 
  25:Generated_Source\PSoC5/MISO_1.c **** /*******************************************************************************
  26:Generated_Source\PSoC5/MISO_1.c **** * Function Name: MISO_1_Write
  27:Generated_Source\PSoC5/MISO_1.c **** ****************************************************************************//**
  28:Generated_Source\PSoC5/MISO_1.c **** *
  29:Generated_Source\PSoC5/MISO_1.c **** * \brief Writes the value to the physical port (data output register), masking
  30:Generated_Source\PSoC5/MISO_1.c **** *  and shifting the bits appropriately. 
  31:Generated_Source\PSoC5/MISO_1.c **** *
  32:Generated_Source\PSoC5/MISO_1.c **** * The data output register controls the signal applied to the physical pin in 
  33:Generated_Source\PSoC5/MISO_1.c **** * conjunction with the drive mode parameter. This function avoids changing 
  34:Generated_Source\PSoC5/MISO_1.c **** * other bits in the port by using the appropriate method (read-modify-write or
  35:Generated_Source\PSoC5/MISO_1.c **** * bit banding).
  36:Generated_Source\PSoC5/MISO_1.c **** *
  37:Generated_Source\PSoC5/MISO_1.c **** * <b>Note</b> This function should not be used on a hardware digital output pin 
  38:Generated_Source\PSoC5/MISO_1.c **** * as it is driven by the hardware signal attached to it.
  39:Generated_Source\PSoC5/MISO_1.c **** *
  40:Generated_Source\PSoC5/MISO_1.c **** * \param value
  41:Generated_Source\PSoC5/MISO_1.c **** *  Value to write to the component instance.
  42:Generated_Source\PSoC5/MISO_1.c **** *
  43:Generated_Source\PSoC5/MISO_1.c **** * \return 
  44:Generated_Source\PSoC5/MISO_1.c **** *  None 
  45:Generated_Source\PSoC5/MISO_1.c **** *
  46:Generated_Source\PSoC5/MISO_1.c **** * \sideeffect
  47:Generated_Source\PSoC5/MISO_1.c **** *  If you use read-modify-write operations that are not atomic; the Interrupt 
  48:Generated_Source\PSoC5/MISO_1.c **** *  Service Routines (ISR) can cause corruption of this function. An ISR that 
  49:Generated_Source\PSoC5/MISO_1.c **** *  interrupts this function and performs writes to the Pins component data 
  50:Generated_Source\PSoC5/MISO_1.c **** *  register can cause corrupted port data. To avoid this issue, you should 
  51:Generated_Source\PSoC5/MISO_1.c **** *  either use the Per-Pin APIs (primary method) or disable interrupts around 
  52:Generated_Source\PSoC5/MISO_1.c **** *  this function.
  53:Generated_Source\PSoC5/MISO_1.c **** *
ARM GAS  C:\Users\JEFFSN~1\AppData\Local\Temp\ccdl2Xjc.s 			page 16


  54:Generated_Source\PSoC5/MISO_1.c **** * \funcusage
  55:Generated_Source\PSoC5/MISO_1.c **** *  \snippet MISO_1_SUT.c usage_MISO_1_Write
  56:Generated_Source\PSoC5/MISO_1.c **** *******************************************************************************/
  57:Generated_Source\PSoC5/MISO_1.c **** void MISO_1_Write(uint8 value)
  58:Generated_Source\PSoC5/MISO_1.c **** {
 232              		.loc 1 58 0
 233              		.cfi_startproc
 234              		@ args = 0, pretend = 0, frame = 0
 235              		@ frame_needed = 0, uses_anonymous_args = 0
 236              		@ link register save eliminated.
 237              	.LVL0:
  59:Generated_Source\PSoC5/MISO_1.c ****     uint8 staticBits = (MISO_1_DR & (uint8)(~MISO_1_MASK));
 238              		.loc 1 59 0
 239 0000 044A     		ldr	r2, .L2
 240 0002 1378     		ldrb	r3, [r2]	@ zero_extendqisi2
 241              	.LVL1:
  60:Generated_Source\PSoC5/MISO_1.c ****     MISO_1_DR = staticBits | ((uint8)(value << MISO_1_SHIFT) & MISO_1_MASK);
 242              		.loc 1 60 0
 243 0004 03F07F03 		and	r3, r3, #127
 244              	.LVL2:
 245 0008 43EAC010 		orr	r0, r3, r0, lsl #7
 246              	.LVL3:
 247 000c C0B2     		uxtb	r0, r0
 248 000e 1070     		strb	r0, [r2]
 249 0010 7047     		bx	lr
 250              	.L3:
 251 0012 00BF     		.align	2
 252              	.L2:
 253 0014 10510040 		.word	1073762576
 254              		.cfi_endproc
 255              	.LFE0:
 256              		.size	MISO_1_Write, .-MISO_1_Write
 257              		.section	.text.MISO_1_SetDriveMode,"ax",%progbits
 258              		.align	2
 259              		.global	MISO_1_SetDriveMode
 260              		.thumb
 261              		.thumb_func
 262              		.type	MISO_1_SetDriveMode, %function
 263              	MISO_1_SetDriveMode:
 264              	.LFB1:
  61:Generated_Source\PSoC5/MISO_1.c **** }
  62:Generated_Source\PSoC5/MISO_1.c **** 
  63:Generated_Source\PSoC5/MISO_1.c **** 
  64:Generated_Source\PSoC5/MISO_1.c **** /*******************************************************************************
  65:Generated_Source\PSoC5/MISO_1.c **** * Function Name: MISO_1_SetDriveMode
  66:Generated_Source\PSoC5/MISO_1.c **** ****************************************************************************//**
  67:Generated_Source\PSoC5/MISO_1.c **** *
  68:Generated_Source\PSoC5/MISO_1.c **** * \brief Sets the drive mode for each of the Pins component's pins.
  69:Generated_Source\PSoC5/MISO_1.c **** * 
  70:Generated_Source\PSoC5/MISO_1.c **** * <b>Note</b> This affects all pins in the Pins component instance. Use the
  71:Generated_Source\PSoC5/MISO_1.c **** * Per-Pin APIs if you wish to control individual pin's drive modes.
  72:Generated_Source\PSoC5/MISO_1.c **** *
  73:Generated_Source\PSoC5/MISO_1.c **** * \param mode
  74:Generated_Source\PSoC5/MISO_1.c **** *  Mode for the selected signals. Valid options are documented in 
  75:Generated_Source\PSoC5/MISO_1.c **** *  \ref driveMode.
  76:Generated_Source\PSoC5/MISO_1.c **** *
  77:Generated_Source\PSoC5/MISO_1.c **** * \return
ARM GAS  C:\Users\JEFFSN~1\AppData\Local\Temp\ccdl2Xjc.s 			page 17


  78:Generated_Source\PSoC5/MISO_1.c **** *  None
  79:Generated_Source\PSoC5/MISO_1.c **** *
  80:Generated_Source\PSoC5/MISO_1.c **** * \sideeffect
  81:Generated_Source\PSoC5/MISO_1.c **** *  If you use read-modify-write operations that are not atomic, the ISR can
  82:Generated_Source\PSoC5/MISO_1.c **** *  cause corruption of this function. An ISR that interrupts this function 
  83:Generated_Source\PSoC5/MISO_1.c **** *  and performs writes to the Pins component Drive Mode registers can cause 
  84:Generated_Source\PSoC5/MISO_1.c **** *  corrupted port data. To avoid this issue, you should either use the Per-Pin
  85:Generated_Source\PSoC5/MISO_1.c **** *  APIs (primary method) or disable interrupts around this function.
  86:Generated_Source\PSoC5/MISO_1.c **** *
  87:Generated_Source\PSoC5/MISO_1.c **** * \funcusage
  88:Generated_Source\PSoC5/MISO_1.c **** *  \snippet MISO_1_SUT.c usage_MISO_1_SetDriveMode
  89:Generated_Source\PSoC5/MISO_1.c **** *******************************************************************************/
  90:Generated_Source\PSoC5/MISO_1.c **** void MISO_1_SetDriveMode(uint8 mode)
  91:Generated_Source\PSoC5/MISO_1.c **** {
 265              		.loc 1 91 0
 266              		.cfi_startproc
 267              		@ args = 0, pretend = 0, frame = 0
 268              		@ frame_needed = 0, uses_anonymous_args = 0
 269              		@ link register save eliminated.
 270              	.LVL4:
  92:Generated_Source\PSoC5/MISO_1.c **** 	CyPins_SetPinDriveMode(MISO_1_0, mode);
 271              		.loc 1 92 0
 272 0000 044A     		ldr	r2, .L5
 273 0002 00F00E00 		and	r0, r0, #14
 274              	.LVL5:
 275 0006 1378     		ldrb	r3, [r2]	@ zero_extendqisi2
 276 0008 03F0F103 		and	r3, r3, #241
 277 000c 1843     		orrs	r0, r0, r3
 278 000e 1070     		strb	r0, [r2]
 279 0010 7047     		bx	lr
 280              	.L6:
 281 0012 00BF     		.align	2
 282              	.L5:
 283 0014 0F500040 		.word	1073762319
 284              		.cfi_endproc
 285              	.LFE1:
 286              		.size	MISO_1_SetDriveMode, .-MISO_1_SetDriveMode
 287              		.section	.text.MISO_1_Read,"ax",%progbits
 288              		.align	2
 289              		.global	MISO_1_Read
 290              		.thumb
 291              		.thumb_func
 292              		.type	MISO_1_Read, %function
 293              	MISO_1_Read:
 294              	.LFB2:
  93:Generated_Source\PSoC5/MISO_1.c **** }
  94:Generated_Source\PSoC5/MISO_1.c **** 
  95:Generated_Source\PSoC5/MISO_1.c **** 
  96:Generated_Source\PSoC5/MISO_1.c **** /*******************************************************************************
  97:Generated_Source\PSoC5/MISO_1.c **** * Function Name: MISO_1_Read
  98:Generated_Source\PSoC5/MISO_1.c **** ****************************************************************************//**
  99:Generated_Source\PSoC5/MISO_1.c **** *
 100:Generated_Source\PSoC5/MISO_1.c **** * \brief Reads the associated physical port (pin status register) and masks 
 101:Generated_Source\PSoC5/MISO_1.c **** *  the required bits according to the width and bit position of the component
 102:Generated_Source\PSoC5/MISO_1.c **** *  instance. 
 103:Generated_Source\PSoC5/MISO_1.c **** *
 104:Generated_Source\PSoC5/MISO_1.c **** * The pin's status register returns the current logic level present on the 
ARM GAS  C:\Users\JEFFSN~1\AppData\Local\Temp\ccdl2Xjc.s 			page 18


 105:Generated_Source\PSoC5/MISO_1.c **** * physical pin.
 106:Generated_Source\PSoC5/MISO_1.c **** *
 107:Generated_Source\PSoC5/MISO_1.c **** * \return 
 108:Generated_Source\PSoC5/MISO_1.c **** *  The current value for the pins in the component as a right justified number.
 109:Generated_Source\PSoC5/MISO_1.c **** *
 110:Generated_Source\PSoC5/MISO_1.c **** * \funcusage
 111:Generated_Source\PSoC5/MISO_1.c **** *  \snippet MISO_1_SUT.c usage_MISO_1_Read  
 112:Generated_Source\PSoC5/MISO_1.c **** *******************************************************************************/
 113:Generated_Source\PSoC5/MISO_1.c **** uint8 MISO_1_Read(void)
 114:Generated_Source\PSoC5/MISO_1.c **** {
 295              		.loc 1 114 0
 296              		.cfi_startproc
 297              		@ args = 0, pretend = 0, frame = 0
 298              		@ frame_needed = 0, uses_anonymous_args = 0
 299              		@ link register save eliminated.
 115:Generated_Source\PSoC5/MISO_1.c ****     return (MISO_1_PS & MISO_1_MASK) >> MISO_1_SHIFT;
 300              		.loc 1 115 0
 301 0000 014B     		ldr	r3, .L8
 302 0002 1878     		ldrb	r0, [r3]	@ zero_extendqisi2
 116:Generated_Source\PSoC5/MISO_1.c **** }
 303              		.loc 1 116 0
 304 0004 C009     		lsrs	r0, r0, #7
 305 0006 7047     		bx	lr
 306              	.L9:
 307              		.align	2
 308              	.L8:
 309 0008 11510040 		.word	1073762577
 310              		.cfi_endproc
 311              	.LFE2:
 312              		.size	MISO_1_Read, .-MISO_1_Read
 313              		.section	.text.MISO_1_ReadDataReg,"ax",%progbits
 314              		.align	2
 315              		.global	MISO_1_ReadDataReg
 316              		.thumb
 317              		.thumb_func
 318              		.type	MISO_1_ReadDataReg, %function
 319              	MISO_1_ReadDataReg:
 320              	.LFB3:
 117:Generated_Source\PSoC5/MISO_1.c **** 
 118:Generated_Source\PSoC5/MISO_1.c **** 
 119:Generated_Source\PSoC5/MISO_1.c **** /*******************************************************************************
 120:Generated_Source\PSoC5/MISO_1.c **** * Function Name: MISO_1_ReadDataReg
 121:Generated_Source\PSoC5/MISO_1.c **** ****************************************************************************//**
 122:Generated_Source\PSoC5/MISO_1.c **** *
 123:Generated_Source\PSoC5/MISO_1.c **** * \brief Reads the associated physical port's data output register and masks 
 124:Generated_Source\PSoC5/MISO_1.c **** *  the correct bits according to the width and bit position of the component 
 125:Generated_Source\PSoC5/MISO_1.c **** *  instance. 
 126:Generated_Source\PSoC5/MISO_1.c **** *
 127:Generated_Source\PSoC5/MISO_1.c **** * The data output register controls the signal applied to the physical pin in 
 128:Generated_Source\PSoC5/MISO_1.c **** * conjunction with the drive mode parameter. This is not the same as the 
 129:Generated_Source\PSoC5/MISO_1.c **** * preferred MISO_1_Read() API because the 
 130:Generated_Source\PSoC5/MISO_1.c **** * MISO_1_ReadDataReg() reads the data register instead of the status 
 131:Generated_Source\PSoC5/MISO_1.c **** * register. For output pins this is a useful function to determine the value 
 132:Generated_Source\PSoC5/MISO_1.c **** * just written to the pin.
 133:Generated_Source\PSoC5/MISO_1.c **** *
 134:Generated_Source\PSoC5/MISO_1.c **** * \return 
 135:Generated_Source\PSoC5/MISO_1.c **** *  The current value of the data register masked and shifted into a right 
ARM GAS  C:\Users\JEFFSN~1\AppData\Local\Temp\ccdl2Xjc.s 			page 19


 136:Generated_Source\PSoC5/MISO_1.c **** *  justified number for the component instance.
 137:Generated_Source\PSoC5/MISO_1.c **** *
 138:Generated_Source\PSoC5/MISO_1.c **** * \funcusage
 139:Generated_Source\PSoC5/MISO_1.c **** *  \snippet MISO_1_SUT.c usage_MISO_1_ReadDataReg 
 140:Generated_Source\PSoC5/MISO_1.c **** *******************************************************************************/
 141:Generated_Source\PSoC5/MISO_1.c **** uint8 MISO_1_ReadDataReg(void)
 142:Generated_Source\PSoC5/MISO_1.c **** {
 321              		.loc 1 142 0
 322              		.cfi_startproc
 323              		@ args = 0, pretend = 0, frame = 0
 324              		@ frame_needed = 0, uses_anonymous_args = 0
 325              		@ link register save eliminated.
 143:Generated_Source\PSoC5/MISO_1.c ****     return (MISO_1_DR & MISO_1_MASK) >> MISO_1_SHIFT;
 326              		.loc 1 143 0
 327 0000 014B     		ldr	r3, .L11
 328 0002 1878     		ldrb	r0, [r3]	@ zero_extendqisi2
 144:Generated_Source\PSoC5/MISO_1.c **** }
 329              		.loc 1 144 0
 330 0004 C009     		lsrs	r0, r0, #7
 331 0006 7047     		bx	lr
 332              	.L12:
 333              		.align	2
 334              	.L11:
 335 0008 10510040 		.word	1073762576
 336              		.cfi_endproc
 337              	.LFE3:
 338              		.size	MISO_1_ReadDataReg, .-MISO_1_ReadDataReg
 339              		.text
 340              	.Letext0:
 341              		.file 2 "Generated_Source\\PSoC5\\cytypes.h"
 342              		.section	.debug_info,"",%progbits
 343              	.Ldebug_info0:
 344 0000 1D010000 		.4byte	0x11d
 345 0004 0400     		.2byte	0x4
 346 0006 00000000 		.4byte	.Ldebug_abbrev0
 347 000a 04       		.byte	0x4
 348 000b 01       		.uleb128 0x1
 349 000c 65000000 		.4byte	.LASF20
 350 0010 0C       		.byte	0xc
 351 0011 F8010000 		.4byte	.LASF21
 352 0015 79010000 		.4byte	.LASF22
 353 0019 00000000 		.4byte	.Ldebug_ranges0+0
 354 001d 00000000 		.4byte	0
 355 0021 00000000 		.4byte	.Ldebug_line0
 356 0025 02       		.uleb128 0x2
 357 0026 01       		.byte	0x1
 358 0027 06       		.byte	0x6
 359 0028 21020000 		.4byte	.LASF0
 360 002c 02       		.uleb128 0x2
 361 002d 01       		.byte	0x1
 362 002e 08       		.byte	0x8
 363 002f 57000000 		.4byte	.LASF1
 364 0033 02       		.uleb128 0x2
 365 0034 02       		.byte	0x2
 366 0035 05       		.byte	0x5
 367 0036 E8010000 		.4byte	.LASF2
 368 003a 02       		.uleb128 0x2
ARM GAS  C:\Users\JEFFSN~1\AppData\Local\Temp\ccdl2Xjc.s 			page 20


 369 003b 02       		.byte	0x2
 370 003c 07       		.byte	0x7
 371 003d 1E010000 		.4byte	.LASF3
 372 0041 02       		.uleb128 0x2
 373 0042 04       		.byte	0x4
 374 0043 05       		.byte	0x5
 375 0044 18020000 		.4byte	.LASF4
 376 0048 02       		.uleb128 0x2
 377 0049 04       		.byte	0x4
 378 004a 07       		.byte	0x7
 379 004b 0C010000 		.4byte	.LASF5
 380 004f 02       		.uleb128 0x2
 381 0050 08       		.byte	0x8
 382 0051 05       		.byte	0x5
 383 0052 66010000 		.4byte	.LASF6
 384 0056 02       		.uleb128 0x2
 385 0057 08       		.byte	0x8
 386 0058 07       		.byte	0x7
 387 0059 45010000 		.4byte	.LASF7
 388 005d 03       		.uleb128 0x3
 389 005e 04       		.byte	0x4
 390 005f 05       		.byte	0x5
 391 0060 696E7400 		.ascii	"int\000"
 392 0064 02       		.uleb128 0x2
 393 0065 04       		.byte	0x4
 394 0066 07       		.byte	0x7
 395 0067 38010000 		.4byte	.LASF8
 396 006b 04       		.uleb128 0x4
 397 006c F2010000 		.4byte	.LASF12
 398 0070 02       		.byte	0x2
 399 0071 E401     		.2byte	0x1e4
 400 0073 2C000000 		.4byte	0x2c
 401 0077 02       		.uleb128 0x2
 402 0078 04       		.byte	0x4
 403 0079 04       		.byte	0x4
 404 007a 51000000 		.4byte	.LASF9
 405 007e 02       		.uleb128 0x2
 406 007f 08       		.byte	0x8
 407 0080 04       		.byte	0x4
 408 0081 31010000 		.4byte	.LASF10
 409 0085 02       		.uleb128 0x2
 410 0086 01       		.byte	0x1
 411 0087 08       		.byte	0x8
 412 0088 74010000 		.4byte	.LASF11
 413 008c 04       		.uleb128 0x4
 414 008d 61010000 		.4byte	.LASF13
 415 0091 02       		.byte	0x2
 416 0092 8E02     		.2byte	0x28e
 417 0094 98000000 		.4byte	0x98
 418 0098 05       		.uleb128 0x5
 419 0099 6B000000 		.4byte	0x6b
 420 009d 06       		.uleb128 0x6
 421 009e 44000000 		.4byte	.LASF14
 422 00a2 01       		.byte	0x1
 423 00a3 39       		.byte	0x39
 424 00a4 00000000 		.4byte	.LFB0
 425 00a8 18000000 		.4byte	.LFE0-.LFB0
ARM GAS  C:\Users\JEFFSN~1\AppData\Local\Temp\ccdl2Xjc.s 			page 21


 426 00ac 01       		.uleb128 0x1
 427 00ad 9C       		.byte	0x9c
 428 00ae D1000000 		.4byte	0xd1
 429 00b2 07       		.uleb128 0x7
 430 00b3 27000000 		.4byte	.LASF16
 431 00b7 01       		.byte	0x1
 432 00b8 39       		.byte	0x39
 433 00b9 6B000000 		.4byte	0x6b
 434 00bd 00000000 		.4byte	.LLST0
 435 00c1 08       		.uleb128 0x8
 436 00c2 2D000000 		.4byte	.LASF23
 437 00c6 01       		.byte	0x1
 438 00c7 3B       		.byte	0x3b
 439 00c8 6B000000 		.4byte	0x6b
 440 00cc 21000000 		.4byte	.LLST1
 441 00d0 00       		.byte	0
 442 00d1 06       		.uleb128 0x6
 443 00d2 13000000 		.4byte	.LASF15
 444 00d6 01       		.byte	0x1
 445 00d7 5A       		.byte	0x5a
 446 00d8 00000000 		.4byte	.LFB1
 447 00dc 18000000 		.4byte	.LFE1-.LFB1
 448 00e0 01       		.uleb128 0x1
 449 00e1 9C       		.byte	0x9c
 450 00e2 F6000000 		.4byte	0xf6
 451 00e6 07       		.uleb128 0x7
 452 00e7 5C010000 		.4byte	.LASF17
 453 00eb 01       		.byte	0x1
 454 00ec 5A       		.byte	0x5a
 455 00ed 6B000000 		.4byte	0x6b
 456 00f1 39000000 		.4byte	.LLST2
 457 00f5 00       		.byte	0
 458 00f6 09       		.uleb128 0x9
 459 00f7 38000000 		.4byte	.LASF18
 460 00fb 01       		.byte	0x1
 461 00fc 71       		.byte	0x71
 462 00fd 6B000000 		.4byte	0x6b
 463 0101 00000000 		.4byte	.LFB2
 464 0105 0C000000 		.4byte	.LFE2-.LFB2
 465 0109 01       		.uleb128 0x1
 466 010a 9C       		.byte	0x9c
 467 010b 09       		.uleb128 0x9
 468 010c 00000000 		.4byte	.LASF19
 469 0110 01       		.byte	0x1
 470 0111 8D       		.byte	0x8d
 471 0112 6B000000 		.4byte	0x6b
 472 0116 00000000 		.4byte	.LFB3
 473 011a 0C000000 		.4byte	.LFE3-.LFB3
 474 011e 01       		.uleb128 0x1
 475 011f 9C       		.byte	0x9c
 476 0120 00       		.byte	0
 477              		.section	.debug_abbrev,"",%progbits
 478              	.Ldebug_abbrev0:
 479 0000 01       		.uleb128 0x1
 480 0001 11       		.uleb128 0x11
 481 0002 01       		.byte	0x1
 482 0003 25       		.uleb128 0x25
ARM GAS  C:\Users\JEFFSN~1\AppData\Local\Temp\ccdl2Xjc.s 			page 22


 483 0004 0E       		.uleb128 0xe
 484 0005 13       		.uleb128 0x13
 485 0006 0B       		.uleb128 0xb
 486 0007 03       		.uleb128 0x3
 487 0008 0E       		.uleb128 0xe
 488 0009 1B       		.uleb128 0x1b
 489 000a 0E       		.uleb128 0xe
 490 000b 55       		.uleb128 0x55
 491 000c 17       		.uleb128 0x17
 492 000d 11       		.uleb128 0x11
 493 000e 01       		.uleb128 0x1
 494 000f 10       		.uleb128 0x10
 495 0010 17       		.uleb128 0x17
 496 0011 00       		.byte	0
 497 0012 00       		.byte	0
 498 0013 02       		.uleb128 0x2
 499 0014 24       		.uleb128 0x24
 500 0015 00       		.byte	0
 501 0016 0B       		.uleb128 0xb
 502 0017 0B       		.uleb128 0xb
 503 0018 3E       		.uleb128 0x3e
 504 0019 0B       		.uleb128 0xb
 505 001a 03       		.uleb128 0x3
 506 001b 0E       		.uleb128 0xe
 507 001c 00       		.byte	0
 508 001d 00       		.byte	0
 509 001e 03       		.uleb128 0x3
 510 001f 24       		.uleb128 0x24
 511 0020 00       		.byte	0
 512 0021 0B       		.uleb128 0xb
 513 0022 0B       		.uleb128 0xb
 514 0023 3E       		.uleb128 0x3e
 515 0024 0B       		.uleb128 0xb
 516 0025 03       		.uleb128 0x3
 517 0026 08       		.uleb128 0x8
 518 0027 00       		.byte	0
 519 0028 00       		.byte	0
 520 0029 04       		.uleb128 0x4
 521 002a 16       		.uleb128 0x16
 522 002b 00       		.byte	0
 523 002c 03       		.uleb128 0x3
 524 002d 0E       		.uleb128 0xe
 525 002e 3A       		.uleb128 0x3a
 526 002f 0B       		.uleb128 0xb
 527 0030 3B       		.uleb128 0x3b
 528 0031 05       		.uleb128 0x5
 529 0032 49       		.uleb128 0x49
 530 0033 13       		.uleb128 0x13
 531 0034 00       		.byte	0
 532 0035 00       		.byte	0
 533 0036 05       		.uleb128 0x5
 534 0037 35       		.uleb128 0x35
 535 0038 00       		.byte	0
 536 0039 49       		.uleb128 0x49
 537 003a 13       		.uleb128 0x13
 538 003b 00       		.byte	0
 539 003c 00       		.byte	0
ARM GAS  C:\Users\JEFFSN~1\AppData\Local\Temp\ccdl2Xjc.s 			page 23


 540 003d 06       		.uleb128 0x6
 541 003e 2E       		.uleb128 0x2e
 542 003f 01       		.byte	0x1
 543 0040 3F       		.uleb128 0x3f
 544 0041 19       		.uleb128 0x19
 545 0042 03       		.uleb128 0x3
 546 0043 0E       		.uleb128 0xe
 547 0044 3A       		.uleb128 0x3a
 548 0045 0B       		.uleb128 0xb
 549 0046 3B       		.uleb128 0x3b
 550 0047 0B       		.uleb128 0xb
 551 0048 27       		.uleb128 0x27
 552 0049 19       		.uleb128 0x19
 553 004a 11       		.uleb128 0x11
 554 004b 01       		.uleb128 0x1
 555 004c 12       		.uleb128 0x12
 556 004d 06       		.uleb128 0x6
 557 004e 40       		.uleb128 0x40
 558 004f 18       		.uleb128 0x18
 559 0050 9742     		.uleb128 0x2117
 560 0052 19       		.uleb128 0x19
 561 0053 01       		.uleb128 0x1
 562 0054 13       		.uleb128 0x13
 563 0055 00       		.byte	0
 564 0056 00       		.byte	0
 565 0057 07       		.uleb128 0x7
 566 0058 05       		.uleb128 0x5
 567 0059 00       		.byte	0
 568 005a 03       		.uleb128 0x3
 569 005b 0E       		.uleb128 0xe
 570 005c 3A       		.uleb128 0x3a
 571 005d 0B       		.uleb128 0xb
 572 005e 3B       		.uleb128 0x3b
 573 005f 0B       		.uleb128 0xb
 574 0060 49       		.uleb128 0x49
 575 0061 13       		.uleb128 0x13
 576 0062 02       		.uleb128 0x2
 577 0063 17       		.uleb128 0x17
 578 0064 00       		.byte	0
 579 0065 00       		.byte	0
 580 0066 08       		.uleb128 0x8
 581 0067 34       		.uleb128 0x34
 582 0068 00       		.byte	0
 583 0069 03       		.uleb128 0x3
 584 006a 0E       		.uleb128 0xe
 585 006b 3A       		.uleb128 0x3a
 586 006c 0B       		.uleb128 0xb
 587 006d 3B       		.uleb128 0x3b
 588 006e 0B       		.uleb128 0xb
 589 006f 49       		.uleb128 0x49
 590 0070 13       		.uleb128 0x13
 591 0071 02       		.uleb128 0x2
 592 0072 17       		.uleb128 0x17
 593 0073 00       		.byte	0
 594 0074 00       		.byte	0
 595 0075 09       		.uleb128 0x9
 596 0076 2E       		.uleb128 0x2e
ARM GAS  C:\Users\JEFFSN~1\AppData\Local\Temp\ccdl2Xjc.s 			page 24


 597 0077 00       		.byte	0
 598 0078 3F       		.uleb128 0x3f
 599 0079 19       		.uleb128 0x19
 600 007a 03       		.uleb128 0x3
 601 007b 0E       		.uleb128 0xe
 602 007c 3A       		.uleb128 0x3a
 603 007d 0B       		.uleb128 0xb
 604 007e 3B       		.uleb128 0x3b
 605 007f 0B       		.uleb128 0xb
 606 0080 27       		.uleb128 0x27
 607 0081 19       		.uleb128 0x19
 608 0082 49       		.uleb128 0x49
 609 0083 13       		.uleb128 0x13
 610 0084 11       		.uleb128 0x11
 611 0085 01       		.uleb128 0x1
 612 0086 12       		.uleb128 0x12
 613 0087 06       		.uleb128 0x6
 614 0088 40       		.uleb128 0x40
 615 0089 18       		.uleb128 0x18
 616 008a 9742     		.uleb128 0x2117
 617 008c 19       		.uleb128 0x19
 618 008d 00       		.byte	0
 619 008e 00       		.byte	0
 620 008f 00       		.byte	0
 621              		.section	.debug_loc,"",%progbits
 622              	.Ldebug_loc0:
 623              	.LLST0:
 624 0000 00000000 		.4byte	.LVL0
 625 0004 0C000000 		.4byte	.LVL3
 626 0008 0100     		.2byte	0x1
 627 000a 50       		.byte	0x50
 628 000b 0C000000 		.4byte	.LVL3
 629 000f 18000000 		.4byte	.LFE0
 630 0013 0400     		.2byte	0x4
 631 0015 F3       		.byte	0xf3
 632 0016 01       		.uleb128 0x1
 633 0017 50       		.byte	0x50
 634 0018 9F       		.byte	0x9f
 635 0019 00000000 		.4byte	0
 636 001d 00000000 		.4byte	0
 637              	.LLST1:
 638 0021 04000000 		.4byte	.LVL1
 639 0025 08000000 		.4byte	.LVL2
 640 0029 0600     		.2byte	0x6
 641 002b 73       		.byte	0x73
 642 002c 00       		.sleb128 0
 643 002d 08       		.byte	0x8
 644 002e 7F       		.byte	0x7f
 645 002f 1A       		.byte	0x1a
 646 0030 9F       		.byte	0x9f
 647 0031 00000000 		.4byte	0
 648 0035 00000000 		.4byte	0
 649              	.LLST2:
 650 0039 00000000 		.4byte	.LVL4
 651 003d 06000000 		.4byte	.LVL5
 652 0041 0100     		.2byte	0x1
 653 0043 50       		.byte	0x50
ARM GAS  C:\Users\JEFFSN~1\AppData\Local\Temp\ccdl2Xjc.s 			page 25


 654 0044 06000000 		.4byte	.LVL5
 655 0048 18000000 		.4byte	.LFE1
 656 004c 0400     		.2byte	0x4
 657 004e F3       		.byte	0xf3
 658 004f 01       		.uleb128 0x1
 659 0050 50       		.byte	0x50
 660 0051 9F       		.byte	0x9f
 661 0052 00000000 		.4byte	0
 662 0056 00000000 		.4byte	0
 663              		.section	.debug_aranges,"",%progbits
 664 0000 34000000 		.4byte	0x34
 665 0004 0200     		.2byte	0x2
 666 0006 00000000 		.4byte	.Ldebug_info0
 667 000a 04       		.byte	0x4
 668 000b 00       		.byte	0
 669 000c 0000     		.2byte	0
 670 000e 0000     		.2byte	0
 671 0010 00000000 		.4byte	.LFB0
 672 0014 18000000 		.4byte	.LFE0-.LFB0
 673 0018 00000000 		.4byte	.LFB1
 674 001c 18000000 		.4byte	.LFE1-.LFB1
 675 0020 00000000 		.4byte	.LFB2
 676 0024 0C000000 		.4byte	.LFE2-.LFB2
 677 0028 00000000 		.4byte	.LFB3
 678 002c 0C000000 		.4byte	.LFE3-.LFB3
 679 0030 00000000 		.4byte	0
 680 0034 00000000 		.4byte	0
 681              		.section	.debug_ranges,"",%progbits
 682              	.Ldebug_ranges0:
 683 0000 00000000 		.4byte	.LFB0
 684 0004 18000000 		.4byte	.LFE0
 685 0008 00000000 		.4byte	.LFB1
 686 000c 18000000 		.4byte	.LFE1
 687 0010 00000000 		.4byte	.LFB2
 688 0014 0C000000 		.4byte	.LFE2
 689 0018 00000000 		.4byte	.LFB3
 690 001c 0C000000 		.4byte	.LFE3
 691 0020 00000000 		.4byte	0
 692 0024 00000000 		.4byte	0
 693              		.section	.debug_line,"",%progbits
 694              	.Ldebug_line0:
 695 0000 8F000000 		.section	.debug_str,"MS",%progbits,1
 695      02004300 
 695      00000201 
 695      FB0E0D00 
 695      01010101 
 696              	.LASF19:
 697 0000 4D49534F 		.ascii	"MISO_1_ReadDataReg\000"
 697      5F315F52 
 697      65616444 
 697      61746152 
 697      656700
 698              	.LASF15:
 699 0013 4D49534F 		.ascii	"MISO_1_SetDriveMode\000"
 699      5F315F53 
 699      65744472 
 699      6976654D 
ARM GAS  C:\Users\JEFFSN~1\AppData\Local\Temp\ccdl2Xjc.s 			page 26


 699      6F646500 
 700              	.LASF16:
 701 0027 76616C75 		.ascii	"value\000"
 701      6500
 702              	.LASF23:
 703 002d 73746174 		.ascii	"staticBits\000"
 703      69634269 
 703      747300
 704              	.LASF18:
 705 0038 4D49534F 		.ascii	"MISO_1_Read\000"
 705      5F315F52 
 705      65616400 
 706              	.LASF14:
 707 0044 4D49534F 		.ascii	"MISO_1_Write\000"
 707      5F315F57 
 707      72697465 
 707      00
 708              	.LASF9:
 709 0051 666C6F61 		.ascii	"float\000"
 709      7400
 710              	.LASF1:
 711 0057 756E7369 		.ascii	"unsigned char\000"
 711      676E6564 
 711      20636861 
 711      7200
 712              	.LASF20:
 713 0065 474E5520 		.ascii	"GNU C11 5.4.1 20160609 (release) [ARM/embedded-5-br"
 713      43313120 
 713      352E342E 
 713      31203230 
 713      31363036 
 714 0098 616E6368 		.ascii	"anch revision 237715] -mcpu=cortex-m3 -mthumb -g -O"
 714      20726576 
 714      6973696F 
 714      6E203233 
 714      37373135 
 715 00cb 33202D66 		.ascii	"3 -ffunction-sections -ffat-lto-objects -finline-fu"
 715      66756E63 
 715      74696F6E 
 715      2D736563 
 715      74696F6E 
 716 00fe 6E637469 		.ascii	"nctions -flto\000"
 716      6F6E7320 
 716      2D666C74 
 716      6F00
 717              	.LASF5:
 718 010c 6C6F6E67 		.ascii	"long unsigned int\000"
 718      20756E73 
 718      69676E65 
 718      6420696E 
 718      7400
 719              	.LASF3:
 720 011e 73686F72 		.ascii	"short unsigned int\000"
 720      7420756E 
 720      7369676E 
 720      65642069 
 720      6E7400
ARM GAS  C:\Users\JEFFSN~1\AppData\Local\Temp\ccdl2Xjc.s 			page 27


 721              	.LASF10:
 722 0131 646F7562 		.ascii	"double\000"
 722      6C6500
 723              	.LASF8:
 724 0138 756E7369 		.ascii	"unsigned int\000"
 724      676E6564 
 724      20696E74 
 724      00
 725              	.LASF7:
 726 0145 6C6F6E67 		.ascii	"long long unsigned int\000"
 726      206C6F6E 
 726      6720756E 
 726      7369676E 
 726      65642069 
 727              	.LASF17:
 728 015c 6D6F6465 		.ascii	"mode\000"
 728      00
 729              	.LASF13:
 730 0161 72656738 		.ascii	"reg8\000"
 730      00
 731              	.LASF6:
 732 0166 6C6F6E67 		.ascii	"long long int\000"
 732      206C6F6E 
 732      6720696E 
 732      7400
 733              	.LASF11:
 734 0174 63686172 		.ascii	"char\000"
 734      00
 735              	.LASF22:
 736 0179 433A5C55 		.ascii	"C:\\Users\\JeffSnyder\\dev\\Electrobass_embedded\\P"
 736      73657273 
 736      5C4A6566 
 736      66536E79 
 736      6465725C 
 737 01a7 534F4335 		.ascii	"SOC5_electrobass_stringsensors\\CE210514_PSOC3_5_Th"
 737      5F656C65 
 737      6374726F 
 737      62617373 
 737      5F737472 
 738 01d9 65726D69 		.ascii	"ermistor.cydsn\000"
 738      73746F72 
 738      2E637964 
 738      736E00
 739              	.LASF2:
 740 01e8 73686F72 		.ascii	"short int\000"
 740      7420696E 
 740      7400
 741              	.LASF12:
 742 01f2 75696E74 		.ascii	"uint8\000"
 742      3800
 743              	.LASF21:
 744 01f8 47656E65 		.ascii	"Generated_Source\\PSoC5\\MISO_1.c\000"
 744      72617465 
 744      645F536F 
 744      75726365 
 744      5C50536F 
 745              	.LASF4:
ARM GAS  C:\Users\JEFFSN~1\AppData\Local\Temp\ccdl2Xjc.s 			page 28


 746 0218 6C6F6E67 		.ascii	"long int\000"
 746      20696E74 
 746      00
 747              	.LASF0:
 748 0221 7369676E 		.ascii	"signed char\000"
 748      65642063 
 748      68617200 
 749              		.comm	__gnu_lto_v1,1,1
 750              		.ident	"GCC: (GNU Tools for ARM Embedded Processors) 5.4.1 20160609 (release) [ARM/embedded-5-bran
