ARM GAS  C:\Users\JEFFSN~1\AppData\Local\Temp\ccujC9KP.s 			page 1


   1              		.syntax unified
   2              		.cpu cortex-m3
   3              		.fpu softvfp
   4              		.eabi_attribute 20, 1
   5              		.eabi_attribute 21, 1
   6              		.eabi_attribute 23, 3
   7              		.eabi_attribute 24, 1
   8              		.eabi_attribute 25, 1
   9              		.eabi_attribute 26, 1
  10              		.eabi_attribute 30, 2
  11              		.eabi_attribute 34, 1
  12              		.eabi_attribute 18, 4
  13              		.thumb
  14              		.syntax unified
  15              		.file	"MISO_2.c"
  16              		.text
  17              	.Ltext0:
  18              		.section	.gnu.lto_.profile.807c98af,"",%progbits
  19 0000 789C6361 		.ascii	"x\234ca`d`a`\000\222\022\"\000\000\256\0007"
  19      60646061 
  19      60009212 
  19      220000AE 
  19      0037
  20              		.text
  21              		.section	.gnu.lto_.icf.807c98af,"",%progbits
  22 0000 789C6361 		.ascii	"x\234ca`d\000\001I\006\004`aXu\371\327J~\306e\217\357"
  22      60640001 
  22      49060460 
  22      615875F9 
  22      D74A7EC6 
  23 0017 9DE6655A 		.ascii	"\235\346eZ\322\177!\215\371\304\217\257\2678\031\000"
  23      D27F218D 
  23      F9C48FAF 
  23      B7381900 
  24 0027 A2A00C98 		.ascii	"\242\240\014\230"
  25              		.text
  26              		.section	.gnu.lto_.jmpfuncs.807c98af,"",%progbits
  27 0000 789C6361 		.ascii	"x\234ca`d\000\001!\006\004`a`dd\254g\004\021L\014\014"
  27      60640001 
  27      21060460 
  27      61606464 
  27      AC670411 
  28 0017 CC401100 		.ascii	"\314@\021\000\016\"\001&"
  28      0E220126 
  29              		.text
  30              		.section	.gnu.lto_.inline.807c98af,"",%progbits
  31 0000 789C6361 		.ascii	"x\234ca`d\000\201$\006\004`a`\340`gdd\340\000J1s\034"
  31      60640081 
  31      24060460 
  31      6160E060 
  31      676464E0 
  32 0019 B063605B 		.ascii	"\260c`[ \317\304\300t\201\237\005$\313\210O\222\211"
  32      20CFC4C0 
  32      74819F05 
  32      24CB884F 
  32      9289
  33 002b 818D9591 		.ascii	"\201\215\225\221\201\211\355\203\036D\034\010\2301\205"
ARM GAS  C:\Users\JEFFSN~1\AppData\Local\Temp\ccujC9KP.s 			page 2


  33      8189ED83 
  33      1E441C08 
  33      983185
  34 003a 1800EEF5 		.ascii	"\030\000\356\365\012\002"
  34      0A02
  35              		.text
  36              		.section	.gnu.lto_.pureconst.807c98af,"",%progbits
  37 0000 789C6361 		.ascii	"x\234ca`d\340d```a\220b\224b\222b\226\002\000\002\261"
  37      6064E064 
  37      60606061 
  37      90629462 
  37      92629602 
  38 0017 0081     		.ascii	"\000\201"
  39              		.text
  40              		.section	.gnu.lto_MISO_2_Write.807c98af,"",%progbits
  41 0000 789C5550 		.ascii	"x\234UPMK\033Q\024\275\347\275L\022\352G\177@\263\010"
  41      4D4B1B51 
  41      14BDE7BD 
  41      4C12EA47 
  41      7F40B308 
  42 0014 14916C8A 		.ascii	"\024\221l\212T\374\003u!]H\245\331\006$\304Y\010\255"
  42      54FC0375 
  42      215D48A5 
  42      D90624C4 
  42      5908AD
  43 0027 82C66E7D 		.ascii	"\202\306n}\2238\021\\\271Q\273\251JJ\320~\371\321]\241"
  43      9338115C 
  43      B951BBA9 
  43      4A4AD07E 
  43      F9D15DA1 
  44 003b E0302008 		.ascii	"\3400 \010B\273q%EJ\026#t\225RC\244~\304{g\\\350\203"
  44      42BB7125 
  44      454A1623 
  44      74955243 
  44      A47EC47B 
  45 0053 37EFCD79 		.ascii	"7\357\315y\347\234{\356\215\021H\226RD\375|>\342\015"
  45      E79C7BEE 
  45      8D114896 
  45      5244FD7C 
  45      3EE20D
  46 0066 4D508B3F 		.ascii	"MP\213?\210\234\244\002\344b\222\240Y\205Y4\325\225"
  46      889CA402 
  46      E46292A0 
  46      59855934 
  46      D595
  47 0078 823F1F7C 		.ascii	"\202?\037|S\231\015\303\353wmU\233M\017\256&j\253\320"
  47      53990DC3 
  47      EB776D55 
  47      9B4D0FAE 
  47      266AABD0 
  48 008c 89B0810C 		.ascii	"\211\260\201\014\263N\277\317\037A?\006\361\275\342"
  48      B34EBFCF 
  48      1F413F06 
  48      F1BDE2
  49 009b 371B1DBD 		.ascii	"7\033\035\2755cJ\306\374\313\031\355j`\023\232\025\350"
  49      35634AC6 
  49      FCCB19ED 
ARM GAS  C:\Users\JEFFSN~1\AppData\Local\Temp\ccujC9KP.s 			page 3


  49      6A60139A 
  49      15E8
  50 00ad 4FA12F45 		.ascii	"O\241/E\014\020>\240W\310\347\307G[\335:\023\012\027"
  50      0C103EA0 
  50      57C8E7C7 
  50      475BDD3A 
  50      130A17
  51 00c0 4D50EDEC 		.ascii	"MP\355\354y/B\257\365z\305xNZ\264\037\357je1\265\276"
  51      792F42AF 
  51      F57AC578 
  51      4E5AB41F 
  51      EF6A6531 
  52 00d6 7BBDD415 		.ascii	"{\275\324\025\237\223Ti|BO\224\007\237\021\347\016!"
  52      9F935469 
  52      7C424F94 
  52      079F11E7 
  52      0E21
  53 00e8 C8F64BCF 		.ascii	"\310\366K\317\264\333e\3435\255\246N*.\252\270S~\210"
  53      B4DB65E3 
  53      35ADA64E 
  53      2A2EAAB8 
  53      537E88
  54 00fb 416A5B02 		.ascii	"Aj[\002\304\345C\324\340-\215\377\345\271\360\251\003"
  54      C4E543D4 
  54      E02D8DFF 
  54      E5B9F0A9 
  54      03
  55 010c F8FF174E 		.ascii	"\370\377\027NV\022bW\3262\204e\327\377\2318S\256\326"
  55      56126257 
  55      D6328465 
  55      D7FF9938 
  55      53AED6
  56 011f 61D0FDBD 		.ascii	"a\320\375\275\372[\025\375\256W\035\023c\350\360x\265"
  56      FA5B15FD 
  56      AE571D13 
  56      63E8F078 
  56      B5
  57 0130 D4BD8677 		.ascii	"\324\275\206w\316\034\217'\206-\244\360\005\034\027"
  57      CE1C8F27 
  57      862DA4F0 
  57      051C17
  58 013f DB580305 		.ascii	"\333X\003\005(_V~!2\324\221\347\305A\260\367PL\2006"
  58      285F567E 
  58      2132D491 
  58      E7C541B0 
  58      F7504C80 
  59 0154 6187C975 		.ascii	"a\207\311u\250\260\003\016\311,\0215*A\3536\206U\326"
  59      A8B0030E 
  59      C92C1135 
  59      2A41EB36 
  59      8655D6
  60 0167 52E76CC1 		.ascii	"R\347l\301miQYH`\227E\314:\257\\\336ZG\356\026\203\376"
  60      6D695159 
  60      48609745 
  60      CC3AAF5C 
  60      DE5A47EE 
  61 017e 7208DD4B 		.ascii	"r\010\335K\346\030\323q?\334W\016\307*\372\203\222w"
ARM GAS  C:\Users\JEFFSN~1\AppData\Local\Temp\ccujC9KP.s 			page 4


  61      E618D371 
  61      3FDC570E 
  61      C72AFA83 
  61      9277
  62 0190 6189201C 		.ascii	"a\211 \034pCA\006\301cI\017\331\023\366T\276h\217\215"
  62      70434106 
  62      C163490F 
  62      D913F654 
  62      BE688F8D 
  63 01a4 662767A6 		.ascii	"f'g\246\012vn$;98\220\033~\236}1\372\364I\201\2547\371"
  63      0A766E24 
  63      3B393890 
  63      1B7E9E7D 
  63      31FAF449 
  64 01bc 5733F683 		.ascii	"W3\366\203\351b\2768^x6^\234\276\001\005\365\267\230"
  64      E962BE38 
  64      5E78365E 
  64      9CBE0105 
  64      F5B798
  65              		.text
  66              		.section	.gnu.lto_MISO_2_SetDriveMode.807c98af,"",%progbits
  67 0000 789C7D51 		.ascii	"x\234}QMk\023Q\024\275\347\275\311LB0\177\300,\002]"
  67      4D6B1351 
  67      14BDE7BD 
  67      C94C4230 
  67      7FC02C02 
  68 0015 846C4A50 		.ascii	"\204lJP\374\005\202\342B*\316\266\245\224t\226\032\032"
  68      FC0582E2 
  68      422ACEB6 
  68      A5947496 
  68      1A1A
  69 0027 749D972F 		.ascii	"t\235\227/\012\272Q\304\272(\222vQ\222\266\351\207\270"
  69      0ABA51C4 
  69      BA289276 
  69      5192B6E9 
  69      87B8
  70 0039 72970E28 		.ascii	"r\227\016(\270IWf\341B\244\205\021\004%\361\003ml\215"
  70      B8495766 
  70      E142A485 
  70      110425F1 
  70      036D6C8D 
  71 004d F7CEB8C8 		.ascii	"\367\316\270\310\252\217y\367\343p\316\341\3367\026"
  71      AA8F79F7 
  71      E370CEE1 
  71      DE3716
  72 005c 81E47CE2 		.ascii	"\201\344|\342\224\345|\221/4A=\352\021U\342\012\220"
  72      94E57C91 
  72      2F34413D 
  72      EA1155E2 
  72      0A90
  73 006e C2C44165 		.ascii	"\302\304Ae\2052~\2523\005\1779x\245r-\303\347\343\353"
  73      85327EAA 
  73      33057F39 
  73      78A5722D 
  73      C3E7E3EB 
  74 0082 AF79D3EE 		.ascii	"\257y\323\356\242\241\211\306*t\"\264\220c\326\367\227"
  74      A2A189C6 
ARM GAS  C:\Users\JEFFSN~1\AppData\Local\Temp\ccujC9KP.s 			page 5


  74      2A7422B4 
  74      9063D6F7 
  74      97
  75 0093 1B4F927A 		.ascii	"\033O\222z\012\304\365\2607\370\220\312n\030S5\346\361"
  75      0AC4F5B0 
  75      37F890CA 
  75      6E185335 
  75      E6F1
  76 00a5 9CD10D0D 		.ascii	"\234\321\015\015\264\241Y\201\313i\344\323\304\000a"
  76      B4A15981 
  76      CB69E4D3 
  76      C40061
  77 00b4 1359211F 		.ascii	"\023Y!\037\275\370\373\364\202]\027\373Ld\212-\3302"
  77      BDF8FBF4 
  77      825D17FB 
  77      4C648A2D 
  77      D832
  78 00c6 E6DEEDAE 		.ascii	"\346\336\355\256\031\217k\246\373\313>\030\331I\305"
  78      198F6BA6 
  78      FBCB3E18 
  78      D949C5
  79 00d5 32A53968 		.ascii	"2\2459hKB\014\342`K\351H\210KH\010\207h\300W\026\031"
  79      4B420CE2 
  79      604BE948 
  79      884B4808 
  79      8768C057 
  80 00eb 2A255907 		.ascii	"*%Y\007\360G\017\202UK\234kZ\226Zi\370\207\316\017\325"
  80      F0470F82 
  80      554B9C6B 
  80      5A965A69 
  80      F887CE0F 
  81 0100 D05638F1 		.ascii	"\320V8\361\351\333\276\033u\317\326*\306bd\375\335\311"
  81      E9DBBE1B 
  81      75CFD62A 
  81      C66264FD 
  81      DDC9
  82 0112 71AA89E7 		.ascii	"q\252\211\347\225:o\033C\007il#\315\303\355\240\011"
  82      953A6F1B 
  82      4307696C 
  82      23CDC3ED 
  82      A009
  83 0124 0A50FDE6 		.ascii	"\012P\375\346Dn\232\015\271\257\235\332Qo1\304\372\367"
  83      446E9A0D 
  83      B9AF9DDA 
  83      516F31C4 
  83      FAF7
  84 0136 6F1E9E25 		.ascii	"o\036\236%\304Rc\011\273\254\234\220\360\027\233\224"
  84      C4526309 
  84      BBAC9C90 
  84      F0179B94 
  85 0146 380CB1E4 		.ascii	"8\014\261\344K\177\273\243#I\012{\241\244\366\373?%"
  85      4B7FBBA3 
  85      23490A7B 
  85      A1A4F6FB 
  85      3F25
  86 0158 1E1A3B93 		.ascii	"\036\032;\223.\011F\271\367W \375y#\357\363\310\314"
  86      2E0946B9 
ARM GAS  C:\Users\JEFFSN~1\AppData\Local\Temp\ccujC9KP.s 			page 6


  86      F75720FD 
  86      7923EFF3 
  86      C8CC
  87 016a A7CFA876 		.ascii	"\247\317\250v\377\\\023v\370\347\006\012\362:\374V\231"
  87      FF5C1376 
  87      F8E7060A 
  87      F23AFC56 
  87      99
  88 017b EBDE5DAF 		.ascii	"\353\336]\257\264p\317[\234w\213\367K\005o\366\226["
  88      B470CF5B 
  88      9C778BF7 
  88      4B056FF6 
  88      965B
  89 018d BC7A65F6 		.ascii	"\274ze\366\346\015wf\376\322t\201\254;\305E\357\037"
  89      E60D7766 
  89      FED27481 
  89      AC3BC545 
  89      EF1F
  90 019f 49B5A5E8 		.ascii	"I\265\245\350"
  91              		.text
  92              		.section	.gnu.lto_MISO_2_Read.807c98af,"",%progbits
  93 0000 789C354F 		.ascii	"x\2345O\275KBQ\024?\277{\237\357\211\320_\220\203\264"
  93      BD4B4251 
  93      143FBF7B 
  93      9FEF89D0 
  93      5F9083B4 
  94 0014 B9441441 		.ascii	"\271D\024A\264\006EC\0249\264\010\022\346\232 5{\365"
  94      B4064543 
  94      1439B408 
  94      12E69A20 
  94      357BF5
  95 0027 F914A4A1 		.ascii	"\371\024\244\241\245\002\241\244\"\264/\242\245\331"
  95      A502A1A4 
  95      22B42FA2 
  95      A5D9
  96 0035 1CA208AA 		.ascii	"\034\242\010\252%\010\202\210\21074\225\030\202Xvn\257"
  96      25088288 
  96      88373495 
  96      18825876 
  96      6EAF
  97 0047 0EDC73EE 		.ascii	"\016\334s\356=\367\367q\216A \035s\\\372\270\366\362"
  97      3DF7F771 
  97      8E41201D 
  97      735CFAB8 
  97      F6F2
  98 0059 812488D5 		.ascii	"\201$\210\325\033\242\214_\000\372\242\374\240\264@"
  98      1BA28C5F 
  98      00FAA2FC 
  98      A0B440
  99 0068 1A9FE24B 		.ascii	"\032\237\342K\340\272u\271\022\010W\224\312\252\347"
  99      E0BA75B9 
  99      12085794 
  99      CAAAE7
 100 0077 BDF6C846 		.ascii	"\275\366\310F\265\006G\022u\005a(\210\201\240\226\250"
 100      B5064712 
 100      75056128 
 100      8881A096 
ARM GAS  C:\Users\JEFFSN~1\AppData\Local\Temp\ccujC9KP.s 			page 7


 100      A8
 101 0088 204C0C7D 		.ascii	" L\014}9\375^\3531s\212#\244\001\374S\205\251-Ofk\252"
 101      39FD5EEB 
 101      31738A23 
 101      A401FC53 
 101      85A92D4F 
 102 009f DBB555ED 		.ascii	"\333\265U\355\336:\177\260,\220#\331\227\223\301I\370"
 102      DE3A7FB0 
 102      2C9023D9 
 102      9793C149 
 102      F8
 103 00b0 743249CB 		.ascii	"t2I\313\322;\323\364\020\037B\350*]\324\333\305\247"
 103      D23BD3F4 
 103      101F42E8 
 103      2A5DD4DB 
 103      C5A7
 104 00c2 AD51AD64 		.ascii	"\255Q\255dK\311.\353N\375\326j\012GJh\323\302n\351\016"
 104      4BC92EEB 
 104      4EFDD66A 
 104      0A474A68 
 104      D3C26EE9 
 105 00d7 DE737B27 		.ascii	"\336s{'\243\014n\225\362\352\321,c3\223\343Q\015\034"
 105      A30C6E95 
 105      F2EAD12C 
 105      633393E3 
 105      510D1C
 106 00ea 20887DF0 		.ascii	" \210}\360\2408D\031\344\302\356\214\223-\341\311\235"
 106      A0384419 
 106      E4C2EE8C 
 106      932DE1C9 
 106      9D
 107 00fb B9571701 		.ascii	"\271W\027\001\315\007\024p\3048\027\331F\241#<G\203"
 107      CD071470 
 107      C43817D9 
 107      46A1233C 
 107      4783
 108 010d 819AD2C8 		.ascii	"\201\232\322\3107\015\257\343\343&\363\232E\247%5O\300"
 108      370DAFE3 
 108      E326F39A 
 108      45A72535 
 108      4FC0
 109 011f C2F13FED 		.ascii	"\302\361?\355\025\036H\343\350\015\177\"&\375n\006\275"
 109      151E48E3 
 109      E80D7F22 
 109      26FD6E06 
 109      BD
 110 0130 11EF179A 		.ascii	"\021\357\027\232H,&R\363K\211\205X$\271\234\212'\242"
 110      482C2652 
 110      F34B8985 
 110      5824B99C 
 110      8A27A2
 111 0143 3391E4D8 		.ascii	"3\221\344\330ptj22\035\033\354\217\323\0174\261z\326"
 111      70746A32 
 111      321D1BEC 
 111      8FD30F34 
 111      B17AD6
 112              		.text
ARM GAS  C:\Users\JEFFSN~1\AppData\Local\Temp\ccujC9KP.s 			page 8


 113              		.section	.gnu.lto_MISO_2_ReadDataReg.807c98af,"",%progbits
 114 0000 789C354F 		.ascii	"x\2345O9KCA\020\236o\367\345 \240\177\300\024b\227F"
 114      394B4341 
 114      109E6FF7 
 114      E520A07F 
 114      C0146297 
 115 0015 44B1D056 		.ascii	"D\261\320VP,D1\205M HLk h\235\315\361\024\202\205\215"
 115      502C4431 
 115      854D2048 
 115      4C6B2068 
 115      9DCDF114 
 116 002c 47A31141 		.ascii	"G\243\021A\222x 6vb\014(\212\240\326V\022\344\025V\032"
 116      92782036 
 116      76620C28 
 116      8AA0D656 
 116      12E41556 
 117 0041 22018989 		.ascii	"\"\001\211\2113>\035\330\231\335\331\357\230\261\010"
 117      333E1DD8 
 117      99DDD9EF 
 117      98B108
 118 0050 2431C7A5 		.ascii	"$1\307\245\217k\017\037h\202Z\177 J\373\025 \027\343"
 118      8F6B0F1F 
 118      68825A7F 
 118      204AFB15 
 118      2017E3
 119 0063 07A51452 		.ascii	"\007\245\024R\370T\337\012\367\315\333\265@\250hL\306"
 119      F854DF0A 
 119      F7CDDBB5 
 119      40A8684C 
 119      C6
 120 0074 BC1C1447 		.ascii	"\274\034\024G\266J\025\330\232\250\243\010CA\014\004"
 120      B64A15D8 
 120      9AA8A308 
 120      43410C04 
 121 0084 45A28810 		.ascii	"E\242\210\0201\264v\326\336\350\362\346\014G\257\000"
 121      31B476D6 
 121      DEE8F2E6 
 121      0C47AF00 
 122 0094 F8A704AF 		.ascii	"\370\247\004\257X\236\316VL\247\2235\225\213\300\325"
 122      589ECE56 
 122      4CA79335 
 122      958BC0D5 
 123 00a4 53C007B2 		.ascii	"S\300\007\2625\373r\2628)\217$/\211,\2753M\206\370P"
 123      35FB72B2 
 123      38298F24 
 123      2F892CBD 
 123      334D86F8 
 124 00b9 4AAA7650 		.ascii	"J\252vP\375\312\267\313\243\242\224\325\232]6\355\352"
 124      FDCAB7CB 
 124      A3A294D5 
 124      9A5D36ED 
 124      EA
 125 00ca A3AFA16C 		.ascii	"\243\257\241l\255!\246\327\227\265m\345>\367\366\323"
 125      AD21A6D7 
 125      97B56DE5 
 125      3EF7F6D3 
 126 00da C692919F 		.ascii	"\306\222\221\237w3\335\005\354\244s<\252\205C\004Q\006"
ARM GAS  C:\Users\JEFFSN~1\AppData\Local\Temp\ccujC9KP.s 			page 9


 126      7733DD05 
 126      ECA4733C 
 126      AA854304 
 126      5106
 127 00ec 0F8A2314 		.ascii	"\017\212#\024@\016\262\255q\312j\270r\347\316\335M@"
 127      400EB2AD 
 127      71CA6AB8 
 127      72E7CEDD 
 127      4D40
 128 00fe F880018E 		.ascii	"\370\200\001\216\031\347 S_m)\327\321b\240P\352+\015"
 128      19E72053 
 128      5F6D29D7 
 128      D162A050 
 128      EA2B0D
 129 0111 CBED78B8 		.ascii	"\313\355x\270\311\274F\336nj\341)\370p\362O{\205\013"
 129      C9BC46DE 
 129      6E6AE129 
 129      F870F24F 
 129      7B850B
 130 0124 121CBDE1 		.ascii	"\022\034\275\341O\304K\277\233A6\342\375z'\342\213\361"
 130      4FC44BBF 
 130      9B4136E2 
 130      FD7A27E2 
 130      8BF1
 131 0136 E4FC527C 		.ascii	"\344\374R|!\032N,'c\361\310L816\034\231\232\014OG\007"
 131      211A4E2C 
 131      2763F1C8 
 131      4C383136 
 131      1C999A0C 
 132 014d FB63F403 		.ascii	"\373c\364\003b\034{Q"
 132      621C7B51 
 133              		.text
 134              		.section	.gnu.lto_.symbol_nodes.807c98af,"",%progbits
 135 0000 789C6361 		.ascii	"x\234ca`dpc\000\002&\206z\006\206\011\347\030@\324\256"
 135      60647063 
 135      00022686 
 135      7A068609 
 135      E71840D4 
 136 0015 0645A000 		.ascii	"\006E\240\000c=#\252\000S=\023\252\000s=3\212\000\003"
 136      633D23AA 
 136      00533D13 
 136      AA00733D 
 136      338A0003 
 137 0029 0026B60F 		.ascii	"\000&\266\017<"
 137      3C
 138              		.text
 139              		.section	.gnu.lto_.refs.807c98af,"",%progbits
 140 0000 789C6361 		.ascii	"x\234ca`\004B \000\000\0009\000\007"
 140      60044220 
 140      00000039 
 140      0007
 141              		.text
 142              		.section	.gnu.lto_.decls.807c98af,"",%progbits
 143 0000 789C8D53 		.ascii	"x\234\215S]H\024Q\024\276gfv\265q\333\302\"\366a\241"
 143      5D481451 
 143      14BE6766 
 143      76B571DB 
ARM GAS  C:\Users\JEFFSN~1\AppData\Local\Temp\ccujC9KP.s 			page 10


 143      C222F661 
 144 0015 CD279F96 		.ascii	"\315'\237\226,\002\037\302\002%\351\301\014\267\354"
 144      2C021FC2 
 144      0225E9C1 
 144      0CB7EC
 145 0024 45905507 		.ascii	"E\220U\007\363Ec[\003\337\256\256A\326C\032ij\202ZT"
 145      F345635B 
 145      03DFAEAE 
 145      41D6431A 
 145      696A825A 
 146 0039 9A9B6EB9 		.ascii	"\232\233n\271\253\356\346\317&d\022H\212 \204\201\302"
 146      ABEEE6CF 
 146      26641248 
 146      8A208481 
 146      C2
 147 004a E6836460 		.ascii	"\346\203d`d\220\201m\347\336\231i\026\333\300\303\234"
 147      6490816D 
 147      E7DE9969 
 147      16DBC0C3 
 147      9C
 148 005b 9973EE3D 		.ascii	"\231s\356=\337w\276{fF\"@\230\345H\204\264\343\323\216"
 148      DF77BE7B 
 148      66462240 
 148      98E54884 
 148      B4E3D38E 
 149 006f 691CCD84 		.ascii	"i\034\315\204q11\014\267\3110z\010}\014=B\3765\266o"
 149      7131310C 
 149      B7C9307A 
 149      087D0C3D 
 149      42FE35B6 
 150 0084 D670838C 		.ascii	"\326p\203\214\013}\012}\002\275P\253\001\255n\267\205"
 150      0B7D0A7D 
 150      02BD50AB 
 150      01AD6EB7 
 150      85
 151 0095 9260A713 		.ascii	"\222`\247\023\360:6\224\004\313\364\230\022p\205Ipc"
 151      F03A3694 
 151      04CBF498 
 151      12708549 
 151      7063
 152 00a7 4970913D 		.ascii	"Ip\221=\340\222\235sG\200xw\360n\3522|\004\221h\003"
 152      E0929D73 
 152      47807877 
 152      F06EEA32 
 152      7C049168 
 153 00bc 2400EA1D 		.ascii	"$\000\352\035\270\023\325y\212\201@\324@_\372kD+\021"
 153      B813D579 
 153      8A8140D4 
 153      405FFA6B 
 153      442B11
 154 00cf F4D020E3 		.ascii	"\364\320 \343\227\206\207\270n\234\304`\007\015\244"
 154      978687B8 
 154      6E9CC460 
 154      070DA4
 155 00de E6BA6E0D 		.ascii	"\346\272n\015\004\202\321\000\324TG$\360\355R\244k\326"
 155      0482D100 
 155      D4544724 
ARM GAS  C:\Users\JEFFSN~1\AppData\Local\Temp\ccujC9KP.s 			page 11


 155      F0ED52A4 
 155      6BD6
 156 00f0 DB10413F 		.ascii	"\333\020A?\364\304\332=*\213\002\260xe\273\357\234\323"
 156      F4C4DA3D 
 156      2A8B02B0 
 156      7865BBEF 
 156      9CD3
 157 0102 4FD19A29 		.ascii	"O\321\232)\025\216\032\223\031\272\371\271?uK\000\273"
 157      158E1A93 
 157      19BAF9B9 
 157      3F754B00 
 157      BB
 158 0113 0C7160F9 		.ascii	"\014q`\371Fx{\277\232\263\355\216\226\330\3574\321\306"
 158      46787BBF 
 158      9AB3ED8E 
 158      96D8EF34 
 158      D1C6
 159 0125 62613136 		.ascii	"ba16\260.A\246\374\224\321\254\356\004r\302\224\036"
 159      B02E41A6 
 159      FC94D1AC 
 159      EE0472C2 
 159      941E
 160 0137 844190C1 		.ascii	"\204A\220\301\017\"\364\203\223i\260\313x\277Ei\003"
 160      0F22F483 
 160      9369B0CB 
 160      78BF4569 
 160      03
 161 0148 DD7C44CD 		.ascii	"\335|D\3156\002'\355p\334N\340\005d2NV\005\003`\207"
 161      360227ED 
 161      70DC4EE0 
 161      0564324E 
 161      56050360 
 162 015d E76067FC 		.ascii	"\347`g\374k\017\272\277\230%\224\314y\312$\266\266\320"
 162      6B0FBABF 
 162      982594CC 
 162      79CA24B6 
 162      B6D0
 163 016f 18E81251 		.ascii	"\030\350\022QB\272\014\022\246\337\346:cVL\017\313\340"
 163      42BA0C12 
 163      A6DFE63A 
 163      63564C0F 
 163      CBE0
 164 0181 C0D41FF9 		.ascii	"\300\324\037\371\264a\266\265\361\243\370\250C\202\342"
 164      B461B6B5 
 164      F1A3F8A8 
 164      4382E2
 165 0190 23F01209 		.ascii	"#\360\022\011\003HH\340\025\330\360>\004\222z\272\307"
 165      034848E0 
 165      15D8F03E 
 165      04927ABA 
 165      C7
 166 01a1 B1A835A3 		.ascii	"\261\2505\243\207\366\004\350j\313\314\3516\037\235"
 166      87F604E8 
 166      6ACBCCE9 
 166      361F9D
 167 01b0 45988355 		.ascii	"E\230\203UA\237\241\271\217}\026\004\236\3012\216p\030"
 167      419FA1B9 
ARM GAS  C:\Users\JEFFSN~1\AppData\Local\Temp\ccujC9KP.s 			page 12


 167      8F7D1604 
 167      9EC1328E 
 167      7018
 168 01c2 32D8EC42 		.ascii	"2\330\354Bt~\237\350\3463\370\260\275\332\223\246\262"
 168      747E9FE8 
 168      E633F8B0 
 168      BDDA93A6 
 168      B2
 169 01d3 44B7662C 		.ascii	"D\267f,\264\271\236\322\263\234#hp\004\0239B\234cre"
 169      B4B99ED2 
 169      B39C2368 
 169      70041339 
 169      429C6372 
 170 01e8 02396A39 		.ascii	"\0029j9\307\374\235\267\276\003\211\252\331q\015\331"
 170      C7FC9DB7 
 170      BE0389AA 
 170      D9710DD9 
 171 01f8 A35C7699 		.ascii	"\243\\v\231\246\272\263\355\307/Mvt\361\235\330A\243"
 171      A6BAB3ED 
 171      C72F4D76 
 171      74F19DD8 
 171      41A3
 172 020a 8D881358 		.ascii	"\215\210\023X\025\214\030-G\022[\216\361\226#\213\376"
 172      158C182D 
 172      47125B8E 
 172      F196238B 
 172      FE
 173 021b 2659AC07 		.ascii	"&Y\254\007\336s\364\311L\257Y\243\211\274\327u3\222"
 173      DE73F4C9 
 173      4CAF59A3 
 173      89BCD775 
 173      3392
 174 022d B041124E 		.ascii	"\260A\022N$\211p\222\255\306\357Kf\031\337\241oo\357"
 174      24897092 
 174      ADC6EF4B 
 174      6619DFA1 
 174      6F6FEF
 175 0240 706EBD37 		.ascii	"pn\2757\236\"\336\347M\205\341\326\216\326\024\2203"
 175      9E22DEE7 
 175      4D85E1D6 
 175      8ED61490 
 175      33
 176 0251 93C02793 		.ascii	"\223\300'\223\300\265o\351\347\245\226&v\302\011\234"
 176      C0B56FE9 
 176      E7A59626 
 176      76C2099C 
 177 0261 CAB821EE 		.ascii	"\312\270!\3565\310\352D\202\363_\207L\226\333\354\263"
 177      35C8EA44 
 177      82F35F87 
 177      4C96DBEC 
 177      B3
 178 0272 C2F1A5CF 		.ascii	"\302\361\245\317Zy\2451\277)\260\360?\000\237;\2028"
 178      5A79A531 
 178      BF29B0F0 
 178      3F009F3B 
 178      8238
 179 0284 BEF4B04B 		.ascii	"\276\364\260K\304=v\311\235\024\245\320\005\200i$\343"
ARM GAS  C:\Users\JEFFSN~1\AppData\Local\Temp\ccujC9KP.s 			page 13


 179      C43D76C9 
 179      9D14A5D0 
 179      05806924 
 179      E3
 180 0295 C9E6191E 		.ascii	"\311\346\031\036\263e\272\331@\315\355V]\"\341\033\004"
 180      B365BAD9 
 180      40CDED56 
 180      5D22E11B 
 180      04
 181 02a6 A2887C83 		.ascii	"\242\210|\203\304<\265\024\234w\025\226\236(\275\342"
 181      C43CB514 
 181      9C771596 
 181      9E28BDE2 
 182 02b6 A9F22AA9 		.ascii	"\251\362*\251\371\027.;r\263\262\210\251\266\252\332"
 182      F9172E3B 
 182      72B3B288 
 182      A9B6AADA 
 183 02c6 9B7D2C5F 		.ascii	"\233},_\251V<n\257RQ\352\252\251\365\224+%\027]5\271"
 183      A9563C6E 
 183      AF5251EA 
 183      AAA9F594 
 183      2B25175D 
 184 02dc A74ACAEB 		.ascii	"\247J\312\353\274u\327\224\353\316\253\304\361\237\012"
 184      BC75D794 
 184      EBCEABC4 
 184      F19F0A
 185 02eb 95D4594E 		.ascii	"\225\324YN\016i\364.\305\233\347\251\272\241\024\324"
 185      0E69F42E 
 185      C59BE7A9 
 185      BAA114D4 
 186 02fb 542869DA 		.ascii	"T(i\332Z\221\342\256HO\210\363\334^w\221R)y\224\312"
 186      5A91E2AE 
 186      484F88F3 
 186      DC5E7791 
 186      52297994 
 187 0310 EC3F87A3 		.ascii	"\354?\207\243`\250"
 187      60A8
 188              		.text
 189              		.section	.gnu.lto_.symtab.807c98af,"",%progbits
 190 0000 4D49534F 		.ascii	"MISO_2_Write\000"
 190      5F325F57 
 190      72697465 
 190      00
 191 000d 00       		.ascii	"\000"
 192 000e 00       		.ascii	"\000"
 193 000f 00       		.ascii	"\000"
 194 0010 00000000 		.ascii	"\000\000\000\000\000\000\000\000"
 194      00000000 
 195 0018 B3000000 		.ascii	"\263\000\000\000"
 196 001c 4D49534F 		.ascii	"MISO_2_SetDriveMode\000"
 196      5F325F53 
 196      65744472 
 196      6976654D 
 196      6F646500 
 197 0030 00       		.ascii	"\000"
 198 0031 00       		.ascii	"\000"
 199 0032 00       		.ascii	"\000"
ARM GAS  C:\Users\JEFFSN~1\AppData\Local\Temp\ccujC9KP.s 			page 14


 200 0033 00000000 		.ascii	"\000\000\000\000\000\000\000\000"
 200      00000000 
 201 003b B5000000 		.ascii	"\265\000\000\000"
 202 003f 4D49534F 		.ascii	"MISO_2_Read\000"
 202      5F325F52 
 202      65616400 
 203 004b 00       		.ascii	"\000"
 204 004c 00       		.ascii	"\000"
 205 004d 00       		.ascii	"\000"
 206 004e 00000000 		.ascii	"\000\000\000\000\000\000\000\000"
 206      00000000 
 207 0056 B8000000 		.ascii	"\270\000\000\000"
 208 005a 4D49534F 		.ascii	"MISO_2_ReadDataReg\000"
 208      5F325F52 
 208      65616444 
 208      61746152 
 208      656700
 209 006d 00       		.ascii	"\000"
 210 006e 00       		.ascii	"\000"
 211 006f 00       		.ascii	"\000"
 212 0070 00000000 		.ascii	"\000\000\000\000\000\000\000\000"
 212      00000000 
 213 0078 BA000000 		.ascii	"\272\000\000\000"
 214              		.text
 215              		.section	.gnu.lto_.opts,"",%progbits
 216 0000 272D666D 		.ascii	"'-fmath-errno' '-fsigned-zeros' '-ftrapping-math' '"
 216      6174682D 
 216      6572726E 
 216      6F272027 
 216      2D667369 
 217 0033 2D666E6F 		.ascii	"-fno-trapv' '-fno-openmp' '-fno-openacc' '-mcpu=cor"
 217      2D747261 
 217      70762720 
 217      272D666E 
 217      6F2D6F70 
 218 0066 7465782D 		.ascii	"tex-m3' '-mthumb' '-g' '-O3' '-ffunction-sections' "
 218      6D332720 
 218      272D6D74 
 218      68756D62 
 218      2720272D 
 219 0099 272D6666 		.ascii	"'-ffat-lto-objects' '-finline-functions' '-flto'\000"
 219      61742D6C 
 219      746F2D6F 
 219      626A6563 
 219      74732720 
 220              		.text
 221              		.cfi_sections	.debug_frame
 222              		.section	.text.MISO_2_Write,"ax",%progbits
 223              		.align	2
 224              		.global	MISO_2_Write
 225              		.thumb
 226              		.thumb_func
 227              		.type	MISO_2_Write, %function
 228              	MISO_2_Write:
 229              	.LFB0:
 230              		.file 1 "Generated_Source\\PSoC5\\MISO_2.c"
   1:Generated_Source\PSoC5/MISO_2.c **** /*******************************************************************************
ARM GAS  C:\Users\JEFFSN~1\AppData\Local\Temp\ccujC9KP.s 			page 15


   2:Generated_Source\PSoC5/MISO_2.c **** * File Name: MISO_2.c  
   3:Generated_Source\PSoC5/MISO_2.c **** * Version 2.20
   4:Generated_Source\PSoC5/MISO_2.c **** *
   5:Generated_Source\PSoC5/MISO_2.c **** * Description:
   6:Generated_Source\PSoC5/MISO_2.c **** *  This file contains API to enable firmware control of a Pins component.
   7:Generated_Source\PSoC5/MISO_2.c **** *
   8:Generated_Source\PSoC5/MISO_2.c **** * Note:
   9:Generated_Source\PSoC5/MISO_2.c **** *
  10:Generated_Source\PSoC5/MISO_2.c **** ********************************************************************************
  11:Generated_Source\PSoC5/MISO_2.c **** * Copyright 2008-2015, Cypress Semiconductor Corporation.  All rights reserved.
  12:Generated_Source\PSoC5/MISO_2.c **** * You may use this file only in accordance with the license, terms, conditions, 
  13:Generated_Source\PSoC5/MISO_2.c **** * disclaimers, and limitations in the end user license agreement accompanying 
  14:Generated_Source\PSoC5/MISO_2.c **** * the software package with which this file was provided.
  15:Generated_Source\PSoC5/MISO_2.c **** *******************************************************************************/
  16:Generated_Source\PSoC5/MISO_2.c **** 
  17:Generated_Source\PSoC5/MISO_2.c **** #include "cytypes.h"
  18:Generated_Source\PSoC5/MISO_2.c **** #include "MISO_2.h"
  19:Generated_Source\PSoC5/MISO_2.c **** 
  20:Generated_Source\PSoC5/MISO_2.c **** /* APIs are not generated for P15[7:6] on PSoC 5 */
  21:Generated_Source\PSoC5/MISO_2.c **** #if !(CY_PSOC5A &&\
  22:Generated_Source\PSoC5/MISO_2.c **** 	 MISO_2__PORT == 15 && ((MISO_2__MASK & 0xC0) != 0))
  23:Generated_Source\PSoC5/MISO_2.c **** 
  24:Generated_Source\PSoC5/MISO_2.c **** 
  25:Generated_Source\PSoC5/MISO_2.c **** /*******************************************************************************
  26:Generated_Source\PSoC5/MISO_2.c **** * Function Name: MISO_2_Write
  27:Generated_Source\PSoC5/MISO_2.c **** ****************************************************************************//**
  28:Generated_Source\PSoC5/MISO_2.c **** *
  29:Generated_Source\PSoC5/MISO_2.c **** * \brief Writes the value to the physical port (data output register), masking
  30:Generated_Source\PSoC5/MISO_2.c **** *  and shifting the bits appropriately. 
  31:Generated_Source\PSoC5/MISO_2.c **** *
  32:Generated_Source\PSoC5/MISO_2.c **** * The data output register controls the signal applied to the physical pin in 
  33:Generated_Source\PSoC5/MISO_2.c **** * conjunction with the drive mode parameter. This function avoids changing 
  34:Generated_Source\PSoC5/MISO_2.c **** * other bits in the port by using the appropriate method (read-modify-write or
  35:Generated_Source\PSoC5/MISO_2.c **** * bit banding).
  36:Generated_Source\PSoC5/MISO_2.c **** *
  37:Generated_Source\PSoC5/MISO_2.c **** * <b>Note</b> This function should not be used on a hardware digital output pin 
  38:Generated_Source\PSoC5/MISO_2.c **** * as it is driven by the hardware signal attached to it.
  39:Generated_Source\PSoC5/MISO_2.c **** *
  40:Generated_Source\PSoC5/MISO_2.c **** * \param value
  41:Generated_Source\PSoC5/MISO_2.c **** *  Value to write to the component instance.
  42:Generated_Source\PSoC5/MISO_2.c **** *
  43:Generated_Source\PSoC5/MISO_2.c **** * \return 
  44:Generated_Source\PSoC5/MISO_2.c **** *  None 
  45:Generated_Source\PSoC5/MISO_2.c **** *
  46:Generated_Source\PSoC5/MISO_2.c **** * \sideeffect
  47:Generated_Source\PSoC5/MISO_2.c **** *  If you use read-modify-write operations that are not atomic; the Interrupt 
  48:Generated_Source\PSoC5/MISO_2.c **** *  Service Routines (ISR) can cause corruption of this function. An ISR that 
  49:Generated_Source\PSoC5/MISO_2.c **** *  interrupts this function and performs writes to the Pins component data 
  50:Generated_Source\PSoC5/MISO_2.c **** *  register can cause corrupted port data. To avoid this issue, you should 
  51:Generated_Source\PSoC5/MISO_2.c **** *  either use the Per-Pin APIs (primary method) or disable interrupts around 
  52:Generated_Source\PSoC5/MISO_2.c **** *  this function.
  53:Generated_Source\PSoC5/MISO_2.c **** *
  54:Generated_Source\PSoC5/MISO_2.c **** * \funcusage
  55:Generated_Source\PSoC5/MISO_2.c **** *  \snippet MISO_2_SUT.c usage_MISO_2_Write
  56:Generated_Source\PSoC5/MISO_2.c **** *******************************************************************************/
  57:Generated_Source\PSoC5/MISO_2.c **** void MISO_2_Write(uint8 value)
  58:Generated_Source\PSoC5/MISO_2.c **** {
ARM GAS  C:\Users\JEFFSN~1\AppData\Local\Temp\ccujC9KP.s 			page 16


 231              		.loc 1 58 0
 232              		.cfi_startproc
 233              		@ args = 0, pretend = 0, frame = 0
 234              		@ frame_needed = 0, uses_anonymous_args = 0
 235              		@ link register save eliminated.
 236              	.LVL0:
  59:Generated_Source\PSoC5/MISO_2.c ****     uint8 staticBits = (MISO_2_DR & (uint8)(~MISO_2_MASK));
 237              		.loc 1 59 0
 238 0000 044A     		ldr	r2, .L2
 239 0002 1378     		ldrb	r3, [r2]	@ zero_extendqisi2
 240              	.LVL1:
  60:Generated_Source\PSoC5/MISO_2.c ****     MISO_2_DR = staticBits | ((uint8)(value << MISO_2_SHIFT) & MISO_2_MASK);
 241              		.loc 1 60 0
 242 0004 03F07F03 		and	r3, r3, #127
 243              	.LVL2:
 244 0008 43EAC010 		orr	r0, r3, r0, lsl #7
 245              	.LVL3:
 246 000c C0B2     		uxtb	r0, r0
 247 000e 1070     		strb	r0, [r2]
 248 0010 7047     		bx	lr
 249              	.L3:
 250 0012 00BF     		.align	2
 251              	.L2:
 252 0014 20510040 		.word	1073762592
 253              		.cfi_endproc
 254              	.LFE0:
 255              		.size	MISO_2_Write, .-MISO_2_Write
 256              		.section	.text.MISO_2_SetDriveMode,"ax",%progbits
 257              		.align	2
 258              		.global	MISO_2_SetDriveMode
 259              		.thumb
 260              		.thumb_func
 261              		.type	MISO_2_SetDriveMode, %function
 262              	MISO_2_SetDriveMode:
 263              	.LFB1:
  61:Generated_Source\PSoC5/MISO_2.c **** }
  62:Generated_Source\PSoC5/MISO_2.c **** 
  63:Generated_Source\PSoC5/MISO_2.c **** 
  64:Generated_Source\PSoC5/MISO_2.c **** /*******************************************************************************
  65:Generated_Source\PSoC5/MISO_2.c **** * Function Name: MISO_2_SetDriveMode
  66:Generated_Source\PSoC5/MISO_2.c **** ****************************************************************************//**
  67:Generated_Source\PSoC5/MISO_2.c **** *
  68:Generated_Source\PSoC5/MISO_2.c **** * \brief Sets the drive mode for each of the Pins component's pins.
  69:Generated_Source\PSoC5/MISO_2.c **** * 
  70:Generated_Source\PSoC5/MISO_2.c **** * <b>Note</b> This affects all pins in the Pins component instance. Use the
  71:Generated_Source\PSoC5/MISO_2.c **** * Per-Pin APIs if you wish to control individual pin's drive modes.
  72:Generated_Source\PSoC5/MISO_2.c **** *
  73:Generated_Source\PSoC5/MISO_2.c **** * \param mode
  74:Generated_Source\PSoC5/MISO_2.c **** *  Mode for the selected signals. Valid options are documented in 
  75:Generated_Source\PSoC5/MISO_2.c **** *  \ref driveMode.
  76:Generated_Source\PSoC5/MISO_2.c **** *
  77:Generated_Source\PSoC5/MISO_2.c **** * \return
  78:Generated_Source\PSoC5/MISO_2.c **** *  None
  79:Generated_Source\PSoC5/MISO_2.c **** *
  80:Generated_Source\PSoC5/MISO_2.c **** * \sideeffect
  81:Generated_Source\PSoC5/MISO_2.c **** *  If you use read-modify-write operations that are not atomic, the ISR can
  82:Generated_Source\PSoC5/MISO_2.c **** *  cause corruption of this function. An ISR that interrupts this function 
ARM GAS  C:\Users\JEFFSN~1\AppData\Local\Temp\ccujC9KP.s 			page 17


  83:Generated_Source\PSoC5/MISO_2.c **** *  and performs writes to the Pins component Drive Mode registers can cause 
  84:Generated_Source\PSoC5/MISO_2.c **** *  corrupted port data. To avoid this issue, you should either use the Per-Pin
  85:Generated_Source\PSoC5/MISO_2.c **** *  APIs (primary method) or disable interrupts around this function.
  86:Generated_Source\PSoC5/MISO_2.c **** *
  87:Generated_Source\PSoC5/MISO_2.c **** * \funcusage
  88:Generated_Source\PSoC5/MISO_2.c **** *  \snippet MISO_2_SUT.c usage_MISO_2_SetDriveMode
  89:Generated_Source\PSoC5/MISO_2.c **** *******************************************************************************/
  90:Generated_Source\PSoC5/MISO_2.c **** void MISO_2_SetDriveMode(uint8 mode)
  91:Generated_Source\PSoC5/MISO_2.c **** {
 264              		.loc 1 91 0
 265              		.cfi_startproc
 266              		@ args = 0, pretend = 0, frame = 0
 267              		@ frame_needed = 0, uses_anonymous_args = 0
 268              		@ link register save eliminated.
 269              	.LVL4:
  92:Generated_Source\PSoC5/MISO_2.c **** 	CyPins_SetPinDriveMode(MISO_2_0, mode);
 270              		.loc 1 92 0
 271 0000 044A     		ldr	r2, .L5
 272 0002 00F00E00 		and	r0, r0, #14
 273              	.LVL5:
 274 0006 1378     		ldrb	r3, [r2]	@ zero_extendqisi2
 275 0008 03F0F103 		and	r3, r3, #241
 276 000c 1843     		orrs	r0, r0, r3
 277 000e 1070     		strb	r0, [r2]
 278 0010 7047     		bx	lr
 279              	.L6:
 280 0012 00BF     		.align	2
 281              	.L5:
 282 0014 17500040 		.word	1073762327
 283              		.cfi_endproc
 284              	.LFE1:
 285              		.size	MISO_2_SetDriveMode, .-MISO_2_SetDriveMode
 286              		.section	.text.MISO_2_Read,"ax",%progbits
 287              		.align	2
 288              		.global	MISO_2_Read
 289              		.thumb
 290              		.thumb_func
 291              		.type	MISO_2_Read, %function
 292              	MISO_2_Read:
 293              	.LFB2:
  93:Generated_Source\PSoC5/MISO_2.c **** }
  94:Generated_Source\PSoC5/MISO_2.c **** 
  95:Generated_Source\PSoC5/MISO_2.c **** 
  96:Generated_Source\PSoC5/MISO_2.c **** /*******************************************************************************
  97:Generated_Source\PSoC5/MISO_2.c **** * Function Name: MISO_2_Read
  98:Generated_Source\PSoC5/MISO_2.c **** ****************************************************************************//**
  99:Generated_Source\PSoC5/MISO_2.c **** *
 100:Generated_Source\PSoC5/MISO_2.c **** * \brief Reads the associated physical port (pin status register) and masks 
 101:Generated_Source\PSoC5/MISO_2.c **** *  the required bits according to the width and bit position of the component
 102:Generated_Source\PSoC5/MISO_2.c **** *  instance. 
 103:Generated_Source\PSoC5/MISO_2.c **** *
 104:Generated_Source\PSoC5/MISO_2.c **** * The pin's status register returns the current logic level present on the 
 105:Generated_Source\PSoC5/MISO_2.c **** * physical pin.
 106:Generated_Source\PSoC5/MISO_2.c **** *
 107:Generated_Source\PSoC5/MISO_2.c **** * \return 
 108:Generated_Source\PSoC5/MISO_2.c **** *  The current value for the pins in the component as a right justified number.
 109:Generated_Source\PSoC5/MISO_2.c **** *
ARM GAS  C:\Users\JEFFSN~1\AppData\Local\Temp\ccujC9KP.s 			page 18


 110:Generated_Source\PSoC5/MISO_2.c **** * \funcusage
 111:Generated_Source\PSoC5/MISO_2.c **** *  \snippet MISO_2_SUT.c usage_MISO_2_Read  
 112:Generated_Source\PSoC5/MISO_2.c **** *******************************************************************************/
 113:Generated_Source\PSoC5/MISO_2.c **** uint8 MISO_2_Read(void)
 114:Generated_Source\PSoC5/MISO_2.c **** {
 294              		.loc 1 114 0
 295              		.cfi_startproc
 296              		@ args = 0, pretend = 0, frame = 0
 297              		@ frame_needed = 0, uses_anonymous_args = 0
 298              		@ link register save eliminated.
 115:Generated_Source\PSoC5/MISO_2.c ****     return (MISO_2_PS & MISO_2_MASK) >> MISO_2_SHIFT;
 299              		.loc 1 115 0
 300 0000 014B     		ldr	r3, .L8
 301 0002 1878     		ldrb	r0, [r3]	@ zero_extendqisi2
 116:Generated_Source\PSoC5/MISO_2.c **** }
 302              		.loc 1 116 0
 303 0004 C009     		lsrs	r0, r0, #7
 304 0006 7047     		bx	lr
 305              	.L9:
 306              		.align	2
 307              	.L8:
 308 0008 21510040 		.word	1073762593
 309              		.cfi_endproc
 310              	.LFE2:
 311              		.size	MISO_2_Read, .-MISO_2_Read
 312              		.section	.text.MISO_2_ReadDataReg,"ax",%progbits
 313              		.align	2
 314              		.global	MISO_2_ReadDataReg
 315              		.thumb
 316              		.thumb_func
 317              		.type	MISO_2_ReadDataReg, %function
 318              	MISO_2_ReadDataReg:
 319              	.LFB3:
 117:Generated_Source\PSoC5/MISO_2.c **** 
 118:Generated_Source\PSoC5/MISO_2.c **** 
 119:Generated_Source\PSoC5/MISO_2.c **** /*******************************************************************************
 120:Generated_Source\PSoC5/MISO_2.c **** * Function Name: MISO_2_ReadDataReg
 121:Generated_Source\PSoC5/MISO_2.c **** ****************************************************************************//**
 122:Generated_Source\PSoC5/MISO_2.c **** *
 123:Generated_Source\PSoC5/MISO_2.c **** * \brief Reads the associated physical port's data output register and masks 
 124:Generated_Source\PSoC5/MISO_2.c **** *  the correct bits according to the width and bit position of the component 
 125:Generated_Source\PSoC5/MISO_2.c **** *  instance. 
 126:Generated_Source\PSoC5/MISO_2.c **** *
 127:Generated_Source\PSoC5/MISO_2.c **** * The data output register controls the signal applied to the physical pin in 
 128:Generated_Source\PSoC5/MISO_2.c **** * conjunction with the drive mode parameter. This is not the same as the 
 129:Generated_Source\PSoC5/MISO_2.c **** * preferred MISO_2_Read() API because the 
 130:Generated_Source\PSoC5/MISO_2.c **** * MISO_2_ReadDataReg() reads the data register instead of the status 
 131:Generated_Source\PSoC5/MISO_2.c **** * register. For output pins this is a useful function to determine the value 
 132:Generated_Source\PSoC5/MISO_2.c **** * just written to the pin.
 133:Generated_Source\PSoC5/MISO_2.c **** *
 134:Generated_Source\PSoC5/MISO_2.c **** * \return 
 135:Generated_Source\PSoC5/MISO_2.c **** *  The current value of the data register masked and shifted into a right 
 136:Generated_Source\PSoC5/MISO_2.c **** *  justified number for the component instance.
 137:Generated_Source\PSoC5/MISO_2.c **** *
 138:Generated_Source\PSoC5/MISO_2.c **** * \funcusage
 139:Generated_Source\PSoC5/MISO_2.c **** *  \snippet MISO_2_SUT.c usage_MISO_2_ReadDataReg 
 140:Generated_Source\PSoC5/MISO_2.c **** *******************************************************************************/
ARM GAS  C:\Users\JEFFSN~1\AppData\Local\Temp\ccujC9KP.s 			page 19


 141:Generated_Source\PSoC5/MISO_2.c **** uint8 MISO_2_ReadDataReg(void)
 142:Generated_Source\PSoC5/MISO_2.c **** {
 320              		.loc 1 142 0
 321              		.cfi_startproc
 322              		@ args = 0, pretend = 0, frame = 0
 323              		@ frame_needed = 0, uses_anonymous_args = 0
 324              		@ link register save eliminated.
 143:Generated_Source\PSoC5/MISO_2.c ****     return (MISO_2_DR & MISO_2_MASK) >> MISO_2_SHIFT;
 325              		.loc 1 143 0
 326 0000 014B     		ldr	r3, .L11
 327 0002 1878     		ldrb	r0, [r3]	@ zero_extendqisi2
 144:Generated_Source\PSoC5/MISO_2.c **** }
 328              		.loc 1 144 0
 329 0004 C009     		lsrs	r0, r0, #7
 330 0006 7047     		bx	lr
 331              	.L12:
 332              		.align	2
 333              	.L11:
 334 0008 20510040 		.word	1073762592
 335              		.cfi_endproc
 336              	.LFE3:
 337              		.size	MISO_2_ReadDataReg, .-MISO_2_ReadDataReg
 338              		.text
 339              	.Letext0:
 340              		.file 2 "Generated_Source\\PSoC5\\cytypes.h"
 341              		.section	.debug_info,"",%progbits
 342              	.Ldebug_info0:
 343 0000 1D010000 		.4byte	0x11d
 344 0004 0400     		.2byte	0x4
 345 0006 00000000 		.4byte	.Ldebug_abbrev0
 346 000a 04       		.byte	0x4
 347 000b 01       		.uleb128 0x1
 348 000c 52000000 		.4byte	.LASF20
 349 0010 0C       		.byte	0xc
 350 0011 11000000 		.4byte	.LASF21
 351 0015 86010000 		.4byte	.LASF22
 352 0019 00000000 		.4byte	.Ldebug_ranges0+0
 353 001d 00000000 		.4byte	0
 354 0021 00000000 		.4byte	.Ldebug_line0
 355 0025 02       		.uleb128 0x2
 356 0026 01       		.byte	0x1
 357 0027 06       		.byte	0x6
 358 0028 21020000 		.4byte	.LASF0
 359 002c 02       		.uleb128 0x2
 360 002d 01       		.byte	0x1
 361 002e 08       		.byte	0x8
 362 002f 37000000 		.4byte	.LASF1
 363 0033 02       		.uleb128 0x2
 364 0034 02       		.byte	0x2
 365 0035 05       		.byte	0x5
 366 0036 08020000 		.4byte	.LASF2
 367 003a 02       		.uleb128 0x2
 368 003b 02       		.byte	0x2
 369 003c 07       		.byte	0x7
 370 003d 0B010000 		.4byte	.LASF3
 371 0041 02       		.uleb128 0x2
 372 0042 04       		.byte	0x4
ARM GAS  C:\Users\JEFFSN~1\AppData\Local\Temp\ccujC9KP.s 			page 20


 373 0043 05       		.byte	0x5
 374 0044 18020000 		.4byte	.LASF4
 375 0048 02       		.uleb128 0x2
 376 0049 04       		.byte	0x4
 377 004a 07       		.byte	0x7
 378 004b F9000000 		.4byte	.LASF5
 379 004f 02       		.uleb128 0x2
 380 0050 08       		.byte	0x8
 381 0051 05       		.byte	0x5
 382 0052 5F010000 		.4byte	.LASF6
 383 0056 02       		.uleb128 0x2
 384 0057 08       		.byte	0x8
 385 0058 07       		.byte	0x7
 386 0059 3E010000 		.4byte	.LASF7
 387 005d 03       		.uleb128 0x3
 388 005e 04       		.byte	0x4
 389 005f 05       		.byte	0x5
 390 0060 696E7400 		.ascii	"int\000"
 391 0064 02       		.uleb128 0x2
 392 0065 04       		.byte	0x4
 393 0066 07       		.byte	0x7
 394 0067 31010000 		.4byte	.LASF8
 395 006b 04       		.uleb128 0x4
 396 006c 12020000 		.4byte	.LASF12
 397 0070 02       		.byte	0x2
 398 0071 E401     		.2byte	0x1e4
 399 0073 2C000000 		.4byte	0x2c
 400 0077 02       		.uleb128 0x2
 401 0078 04       		.byte	0x4
 402 0079 04       		.byte	0x4
 403 007a 31000000 		.4byte	.LASF9
 404 007e 02       		.uleb128 0x2
 405 007f 08       		.byte	0x8
 406 0080 04       		.byte	0x4
 407 0081 2A010000 		.4byte	.LASF10
 408 0085 02       		.uleb128 0x2
 409 0086 01       		.byte	0x1
 410 0087 08       		.byte	0x8
 411 0088 81010000 		.4byte	.LASF11
 412 008c 04       		.uleb128 0x4
 413 008d 5A010000 		.4byte	.LASF13
 414 0091 02       		.byte	0x2
 415 0092 8E02     		.2byte	0x28e
 416 0094 98000000 		.4byte	0x98
 417 0098 05       		.uleb128 0x5
 418 0099 6B000000 		.4byte	0x6b
 419 009d 06       		.uleb128 0x6
 420 009e 45000000 		.4byte	.LASF14
 421 00a2 01       		.byte	0x1
 422 00a3 39       		.byte	0x39
 423 00a4 00000000 		.4byte	.LFB0
 424 00a8 18000000 		.4byte	.LFE0-.LFB0
 425 00ac 01       		.uleb128 0x1
 426 00ad 9C       		.byte	0x9c
 427 00ae D1000000 		.4byte	0xd1
 428 00b2 07       		.uleb128 0x7
 429 00b3 00000000 		.4byte	.LASF16
ARM GAS  C:\Users\JEFFSN~1\AppData\Local\Temp\ccujC9KP.s 			page 21


 430 00b7 01       		.byte	0x1
 431 00b8 39       		.byte	0x39
 432 00b9 6B000000 		.4byte	0x6b
 433 00bd 00000000 		.4byte	.LLST0
 434 00c1 08       		.uleb128 0x8
 435 00c2 06000000 		.4byte	.LASF23
 436 00c6 01       		.byte	0x1
 437 00c7 3B       		.byte	0x3b
 438 00c8 6B000000 		.4byte	0x6b
 439 00cc 21000000 		.4byte	.LLST1
 440 00d0 00       		.byte	0
 441 00d1 06       		.uleb128 0x6
 442 00d2 6D010000 		.4byte	.LASF15
 443 00d6 01       		.byte	0x1
 444 00d7 5A       		.byte	0x5a
 445 00d8 00000000 		.4byte	.LFB1
 446 00dc 18000000 		.4byte	.LFE1-.LFB1
 447 00e0 01       		.uleb128 0x1
 448 00e1 9C       		.byte	0x9c
 449 00e2 F6000000 		.4byte	0xf6
 450 00e6 07       		.uleb128 0x7
 451 00e7 55010000 		.4byte	.LASF17
 452 00eb 01       		.byte	0x1
 453 00ec 5A       		.byte	0x5a
 454 00ed 6B000000 		.4byte	0x6b
 455 00f1 39000000 		.4byte	.LLST2
 456 00f5 00       		.byte	0
 457 00f6 09       		.uleb128 0x9
 458 00f7 1E010000 		.4byte	.LASF18
 459 00fb 01       		.byte	0x1
 460 00fc 71       		.byte	0x71
 461 00fd 6B000000 		.4byte	0x6b
 462 0101 00000000 		.4byte	.LFB2
 463 0105 0C000000 		.4byte	.LFE2-.LFB2
 464 0109 01       		.uleb128 0x1
 465 010a 9C       		.byte	0x9c
 466 010b 09       		.uleb128 0x9
 467 010c F5010000 		.4byte	.LASF19
 468 0110 01       		.byte	0x1
 469 0111 8D       		.byte	0x8d
 470 0112 6B000000 		.4byte	0x6b
 471 0116 00000000 		.4byte	.LFB3
 472 011a 0C000000 		.4byte	.LFE3-.LFB3
 473 011e 01       		.uleb128 0x1
 474 011f 9C       		.byte	0x9c
 475 0120 00       		.byte	0
 476              		.section	.debug_abbrev,"",%progbits
 477              	.Ldebug_abbrev0:
 478 0000 01       		.uleb128 0x1
 479 0001 11       		.uleb128 0x11
 480 0002 01       		.byte	0x1
 481 0003 25       		.uleb128 0x25
 482 0004 0E       		.uleb128 0xe
 483 0005 13       		.uleb128 0x13
 484 0006 0B       		.uleb128 0xb
 485 0007 03       		.uleb128 0x3
 486 0008 0E       		.uleb128 0xe
ARM GAS  C:\Users\JEFFSN~1\AppData\Local\Temp\ccujC9KP.s 			page 22


 487 0009 1B       		.uleb128 0x1b
 488 000a 0E       		.uleb128 0xe
 489 000b 55       		.uleb128 0x55
 490 000c 17       		.uleb128 0x17
 491 000d 11       		.uleb128 0x11
 492 000e 01       		.uleb128 0x1
 493 000f 10       		.uleb128 0x10
 494 0010 17       		.uleb128 0x17
 495 0011 00       		.byte	0
 496 0012 00       		.byte	0
 497 0013 02       		.uleb128 0x2
 498 0014 24       		.uleb128 0x24
 499 0015 00       		.byte	0
 500 0016 0B       		.uleb128 0xb
 501 0017 0B       		.uleb128 0xb
 502 0018 3E       		.uleb128 0x3e
 503 0019 0B       		.uleb128 0xb
 504 001a 03       		.uleb128 0x3
 505 001b 0E       		.uleb128 0xe
 506 001c 00       		.byte	0
 507 001d 00       		.byte	0
 508 001e 03       		.uleb128 0x3
 509 001f 24       		.uleb128 0x24
 510 0020 00       		.byte	0
 511 0021 0B       		.uleb128 0xb
 512 0022 0B       		.uleb128 0xb
 513 0023 3E       		.uleb128 0x3e
 514 0024 0B       		.uleb128 0xb
 515 0025 03       		.uleb128 0x3
 516 0026 08       		.uleb128 0x8
 517 0027 00       		.byte	0
 518 0028 00       		.byte	0
 519 0029 04       		.uleb128 0x4
 520 002a 16       		.uleb128 0x16
 521 002b 00       		.byte	0
 522 002c 03       		.uleb128 0x3
 523 002d 0E       		.uleb128 0xe
 524 002e 3A       		.uleb128 0x3a
 525 002f 0B       		.uleb128 0xb
 526 0030 3B       		.uleb128 0x3b
 527 0031 05       		.uleb128 0x5
 528 0032 49       		.uleb128 0x49
 529 0033 13       		.uleb128 0x13
 530 0034 00       		.byte	0
 531 0035 00       		.byte	0
 532 0036 05       		.uleb128 0x5
 533 0037 35       		.uleb128 0x35
 534 0038 00       		.byte	0
 535 0039 49       		.uleb128 0x49
 536 003a 13       		.uleb128 0x13
 537 003b 00       		.byte	0
 538 003c 00       		.byte	0
 539 003d 06       		.uleb128 0x6
 540 003e 2E       		.uleb128 0x2e
 541 003f 01       		.byte	0x1
 542 0040 3F       		.uleb128 0x3f
 543 0041 19       		.uleb128 0x19
ARM GAS  C:\Users\JEFFSN~1\AppData\Local\Temp\ccujC9KP.s 			page 23


 544 0042 03       		.uleb128 0x3
 545 0043 0E       		.uleb128 0xe
 546 0044 3A       		.uleb128 0x3a
 547 0045 0B       		.uleb128 0xb
 548 0046 3B       		.uleb128 0x3b
 549 0047 0B       		.uleb128 0xb
 550 0048 27       		.uleb128 0x27
 551 0049 19       		.uleb128 0x19
 552 004a 11       		.uleb128 0x11
 553 004b 01       		.uleb128 0x1
 554 004c 12       		.uleb128 0x12
 555 004d 06       		.uleb128 0x6
 556 004e 40       		.uleb128 0x40
 557 004f 18       		.uleb128 0x18
 558 0050 9742     		.uleb128 0x2117
 559 0052 19       		.uleb128 0x19
 560 0053 01       		.uleb128 0x1
 561 0054 13       		.uleb128 0x13
 562 0055 00       		.byte	0
 563 0056 00       		.byte	0
 564 0057 07       		.uleb128 0x7
 565 0058 05       		.uleb128 0x5
 566 0059 00       		.byte	0
 567 005a 03       		.uleb128 0x3
 568 005b 0E       		.uleb128 0xe
 569 005c 3A       		.uleb128 0x3a
 570 005d 0B       		.uleb128 0xb
 571 005e 3B       		.uleb128 0x3b
 572 005f 0B       		.uleb128 0xb
 573 0060 49       		.uleb128 0x49
 574 0061 13       		.uleb128 0x13
 575 0062 02       		.uleb128 0x2
 576 0063 17       		.uleb128 0x17
 577 0064 00       		.byte	0
 578 0065 00       		.byte	0
 579 0066 08       		.uleb128 0x8
 580 0067 34       		.uleb128 0x34
 581 0068 00       		.byte	0
 582 0069 03       		.uleb128 0x3
 583 006a 0E       		.uleb128 0xe
 584 006b 3A       		.uleb128 0x3a
 585 006c 0B       		.uleb128 0xb
 586 006d 3B       		.uleb128 0x3b
 587 006e 0B       		.uleb128 0xb
 588 006f 49       		.uleb128 0x49
 589 0070 13       		.uleb128 0x13
 590 0071 02       		.uleb128 0x2
 591 0072 17       		.uleb128 0x17
 592 0073 00       		.byte	0
 593 0074 00       		.byte	0
 594 0075 09       		.uleb128 0x9
 595 0076 2E       		.uleb128 0x2e
 596 0077 00       		.byte	0
 597 0078 3F       		.uleb128 0x3f
 598 0079 19       		.uleb128 0x19
 599 007a 03       		.uleb128 0x3
 600 007b 0E       		.uleb128 0xe
ARM GAS  C:\Users\JEFFSN~1\AppData\Local\Temp\ccujC9KP.s 			page 24


 601 007c 3A       		.uleb128 0x3a
 602 007d 0B       		.uleb128 0xb
 603 007e 3B       		.uleb128 0x3b
 604 007f 0B       		.uleb128 0xb
 605 0080 27       		.uleb128 0x27
 606 0081 19       		.uleb128 0x19
 607 0082 49       		.uleb128 0x49
 608 0083 13       		.uleb128 0x13
 609 0084 11       		.uleb128 0x11
 610 0085 01       		.uleb128 0x1
 611 0086 12       		.uleb128 0x12
 612 0087 06       		.uleb128 0x6
 613 0088 40       		.uleb128 0x40
 614 0089 18       		.uleb128 0x18
 615 008a 9742     		.uleb128 0x2117
 616 008c 19       		.uleb128 0x19
 617 008d 00       		.byte	0
 618 008e 00       		.byte	0
 619 008f 00       		.byte	0
 620              		.section	.debug_loc,"",%progbits
 621              	.Ldebug_loc0:
 622              	.LLST0:
 623 0000 00000000 		.4byte	.LVL0
 624 0004 0C000000 		.4byte	.LVL3
 625 0008 0100     		.2byte	0x1
 626 000a 50       		.byte	0x50
 627 000b 0C000000 		.4byte	.LVL3
 628 000f 18000000 		.4byte	.LFE0
 629 0013 0400     		.2byte	0x4
 630 0015 F3       		.byte	0xf3
 631 0016 01       		.uleb128 0x1
 632 0017 50       		.byte	0x50
 633 0018 9F       		.byte	0x9f
 634 0019 00000000 		.4byte	0
 635 001d 00000000 		.4byte	0
 636              	.LLST1:
 637 0021 04000000 		.4byte	.LVL1
 638 0025 08000000 		.4byte	.LVL2
 639 0029 0600     		.2byte	0x6
 640 002b 73       		.byte	0x73
 641 002c 00       		.sleb128 0
 642 002d 08       		.byte	0x8
 643 002e 7F       		.byte	0x7f
 644 002f 1A       		.byte	0x1a
 645 0030 9F       		.byte	0x9f
 646 0031 00000000 		.4byte	0
 647 0035 00000000 		.4byte	0
 648              	.LLST2:
 649 0039 00000000 		.4byte	.LVL4
 650 003d 06000000 		.4byte	.LVL5
 651 0041 0100     		.2byte	0x1
 652 0043 50       		.byte	0x50
 653 0044 06000000 		.4byte	.LVL5
 654 0048 18000000 		.4byte	.LFE1
 655 004c 0400     		.2byte	0x4
 656 004e F3       		.byte	0xf3
 657 004f 01       		.uleb128 0x1
ARM GAS  C:\Users\JEFFSN~1\AppData\Local\Temp\ccujC9KP.s 			page 25


 658 0050 50       		.byte	0x50
 659 0051 9F       		.byte	0x9f
 660 0052 00000000 		.4byte	0
 661 0056 00000000 		.4byte	0
 662              		.section	.debug_aranges,"",%progbits
 663 0000 34000000 		.4byte	0x34
 664 0004 0200     		.2byte	0x2
 665 0006 00000000 		.4byte	.Ldebug_info0
 666 000a 04       		.byte	0x4
 667 000b 00       		.byte	0
 668 000c 0000     		.2byte	0
 669 000e 0000     		.2byte	0
 670 0010 00000000 		.4byte	.LFB0
 671 0014 18000000 		.4byte	.LFE0-.LFB0
 672 0018 00000000 		.4byte	.LFB1
 673 001c 18000000 		.4byte	.LFE1-.LFB1
 674 0020 00000000 		.4byte	.LFB2
 675 0024 0C000000 		.4byte	.LFE2-.LFB2
 676 0028 00000000 		.4byte	.LFB3
 677 002c 0C000000 		.4byte	.LFE3-.LFB3
 678 0030 00000000 		.4byte	0
 679 0034 00000000 		.4byte	0
 680              		.section	.debug_ranges,"",%progbits
 681              	.Ldebug_ranges0:
 682 0000 00000000 		.4byte	.LFB0
 683 0004 18000000 		.4byte	.LFE0
 684 0008 00000000 		.4byte	.LFB1
 685 000c 18000000 		.4byte	.LFE1
 686 0010 00000000 		.4byte	.LFB2
 687 0014 0C000000 		.4byte	.LFE2
 688 0018 00000000 		.4byte	.LFB3
 689 001c 0C000000 		.4byte	.LFE3
 690 0020 00000000 		.4byte	0
 691 0024 00000000 		.4byte	0
 692              		.section	.debug_line,"",%progbits
 693              	.Ldebug_line0:
 694 0000 8F000000 		.section	.debug_str,"MS",%progbits,1
 694      02004300 
 694      00000201 
 694      FB0E0D00 
 694      01010101 
 695              	.LASF16:
 696 0000 76616C75 		.ascii	"value\000"
 696      6500
 697              	.LASF23:
 698 0006 73746174 		.ascii	"staticBits\000"
 698      69634269 
 698      747300
 699              	.LASF21:
 700 0011 47656E65 		.ascii	"Generated_Source\\PSoC5\\MISO_2.c\000"
 700      72617465 
 700      645F536F 
 700      75726365 
 700      5C50536F 
 701              	.LASF9:
 702 0031 666C6F61 		.ascii	"float\000"
 702      7400
ARM GAS  C:\Users\JEFFSN~1\AppData\Local\Temp\ccujC9KP.s 			page 26


 703              	.LASF1:
 704 0037 756E7369 		.ascii	"unsigned char\000"
 704      676E6564 
 704      20636861 
 704      7200
 705              	.LASF14:
 706 0045 4D49534F 		.ascii	"MISO_2_Write\000"
 706      5F325F57 
 706      72697465 
 706      00
 707              	.LASF20:
 708 0052 474E5520 		.ascii	"GNU C11 5.4.1 20160609 (release) [ARM/embedded-5-br"
 708      43313120 
 708      352E342E 
 708      31203230 
 708      31363036 
 709 0085 616E6368 		.ascii	"anch revision 237715] -mcpu=cortex-m3 -mthumb -g -O"
 709      20726576 
 709      6973696F 
 709      6E203233 
 709      37373135 
 710 00b8 33202D66 		.ascii	"3 -ffunction-sections -ffat-lto-objects -finline-fu"
 710      66756E63 
 710      74696F6E 
 710      2D736563 
 710      74696F6E 
 711 00eb 6E637469 		.ascii	"nctions -flto\000"
 711      6F6E7320 
 711      2D666C74 
 711      6F00
 712              	.LASF5:
 713 00f9 6C6F6E67 		.ascii	"long unsigned int\000"
 713      20756E73 
 713      69676E65 
 713      6420696E 
 713      7400
 714              	.LASF3:
 715 010b 73686F72 		.ascii	"short unsigned int\000"
 715      7420756E 
 715      7369676E 
 715      65642069 
 715      6E7400
 716              	.LASF18:
 717 011e 4D49534F 		.ascii	"MISO_2_Read\000"
 717      5F325F52 
 717      65616400 
 718              	.LASF10:
 719 012a 646F7562 		.ascii	"double\000"
 719      6C6500
 720              	.LASF8:
 721 0131 756E7369 		.ascii	"unsigned int\000"
 721      676E6564 
 721      20696E74 
 721      00
 722              	.LASF7:
 723 013e 6C6F6E67 		.ascii	"long long unsigned int\000"
 723      206C6F6E 
ARM GAS  C:\Users\JEFFSN~1\AppData\Local\Temp\ccujC9KP.s 			page 27


 723      6720756E 
 723      7369676E 
 723      65642069 
 724              	.LASF17:
 725 0155 6D6F6465 		.ascii	"mode\000"
 725      00
 726              	.LASF13:
 727 015a 72656738 		.ascii	"reg8\000"
 727      00
 728              	.LASF6:
 729 015f 6C6F6E67 		.ascii	"long long int\000"
 729      206C6F6E 
 729      6720696E 
 729      7400
 730              	.LASF15:
 731 016d 4D49534F 		.ascii	"MISO_2_SetDriveMode\000"
 731      5F325F53 
 731      65744472 
 731      6976654D 
 731      6F646500 
 732              	.LASF11:
 733 0181 63686172 		.ascii	"char\000"
 733      00
 734              	.LASF22:
 735 0186 433A5C55 		.ascii	"C:\\Users\\JeffSnyder\\dev\\Electrobass_embedded\\P"
 735      73657273 
 735      5C4A6566 
 735      66536E79 
 735      6465725C 
 736 01b4 534F4335 		.ascii	"SOC5_electrobass_stringsensors\\CE210514_PSOC3_5_Th"
 736      5F656C65 
 736      6374726F 
 736      62617373 
 736      5F737472 
 737 01e6 65726D69 		.ascii	"ermistor.cydsn\000"
 737      73746F72 
 737      2E637964 
 737      736E00
 738              	.LASF19:
 739 01f5 4D49534F 		.ascii	"MISO_2_ReadDataReg\000"
 739      5F325F52 
 739      65616444 
 739      61746152 
 739      656700
 740              	.LASF2:
 741 0208 73686F72 		.ascii	"short int\000"
 741      7420696E 
 741      7400
 742              	.LASF12:
 743 0212 75696E74 		.ascii	"uint8\000"
 743      3800
 744              	.LASF4:
 745 0218 6C6F6E67 		.ascii	"long int\000"
 745      20696E74 
 745      00
 746              	.LASF0:
 747 0221 7369676E 		.ascii	"signed char\000"
ARM GAS  C:\Users\JEFFSN~1\AppData\Local\Temp\ccujC9KP.s 			page 28


 747      65642063 
 747      68617200 
 748              		.comm	__gnu_lto_v1,1,1
 749              		.ident	"GCC: (GNU Tools for ARM Embedded Processors) 5.4.1 20160609 (release) [ARM/embedded-5-bran
