ARM GAS  C:\Users\JEFFSN~1\AppData\Local\Temp\ccOMY40j.s 			page 1


   1              		.syntax unified
   2              		.cpu cortex-m3
   3              		.fpu softvfp
   4              		.eabi_attribute 20, 1
   5              		.eabi_attribute 21, 1
   6              		.eabi_attribute 23, 3
   7              		.eabi_attribute 24, 1
   8              		.eabi_attribute 25, 1
   9              		.eabi_attribute 26, 1
  10              		.eabi_attribute 30, 2
  11              		.eabi_attribute 34, 1
  12              		.eabi_attribute 18, 4
  13              		.thumb
  14              		.syntax unified
  15              		.file	"SCL_1.c"
  16              		.text
  17              	.Ltext0:
  18              		.section	.gnu.lto_.profile.a80ccfee,"",%progbits
  19 0000 789C6361 		.ascii	"x\234ca`d`a`\000\222bB\000\000\250\0003"
  19      60646061 
  19      60009262 
  19      420000A8 
  19      0033
  20              		.text
  21              		.section	.gnu.lto_.icf.a80ccfee,"",%progbits
  22 0000 789C6361 		.ascii	"x\234ca`d\000\001)\006\004`a8s\372T\0133\343\356/\217"
  22      60640001 
  22      29060460 
  22      613873FA 
  22      540B33E3 
  23 0017 3FF0336D 		.ascii	"?\3603m\177;\371\015\007\363\352\216\003\315\\\014\000"
  23      7F3BF90D 
  23      07F3EA8E 
  23      03CD5C0C 
  23      00
  24 0028 AE210C4E 		.ascii	"\256!\014N"
  25              		.text
  26              		.section	.gnu.lto_.jmpfuncs.a80ccfee,"",%progbits
  27 0000 789C6361 		.ascii	"x\234ca`d\000\001!\006\004`a`dd\254g\004\021L\014\014"
  27      60640001 
  27      21060460 
  27      61606464 
  27      AC670411 
  28 0017 CC401100 		.ascii	"\314@\021\000\016\"\001&"
  28      0E220126 
  29              		.text
  30              		.section	.gnu.lto_.inline.a80ccfee,"",%progbits
  31 0000 789C6361 		.ascii	"x\234ca`d\000\201$\006\004`a`\340`gdd\340\000J1s\034"
  31      60640081 
  31      24060460 
  31      6160E060 
  31      676464E0 
  32 0019 B063605B 		.ascii	"\260c`[ \317\304\300t\201\237\005$\313\210O\222\211"
  32      20CFC4C0 
  32      74819F05 
  32      24CB884F 
  32      9289
ARM GAS  C:\Users\JEFFSN~1\AppData\Local\Temp\ccOMY40j.s 			page 2


  33 002b 81958591 		.ascii	"\201\225\205\221\201\211e\201<D\034\010\2301\205\030"
  33      81896581 
  33      3C441C08 
  33      98318518 
  34 003b 00DE5809 		.ascii	"\000\336X\011<"
  34      3C
  35              		.text
  36              		.section	.gnu.lto_.pureconst.a80ccfee,"",%progbits
  37 0000 789C6361 		.ascii	"x\234ca`d\340d```a\220b\224b\222b\226\002\000\002\261"
  37      6064E064 
  37      60606061 
  37      90629462 
  37      92629602 
  38 0017 0081     		.ascii	"\000\201"
  39              		.text
  40              		.section	.gnu.lto_SCL_1_Write.a80ccfee,"",%progbits
  41 0000 789C5550 		.ascii	"x\234UPKK\033Q\024>\337\275\231\030|\375\201\006\024"
  41      4B4B1B51 
  41      143EDFBD 
  41      99187CFD 
  41      810614
  42 0013 41D44D69 		.ascii	"A\324Mi-\375\003\272\350\246\213b\266\001\011q\026\202"
  42      2DFD03BA 
  42      E8A68B62 
  42      B6010971 
  42      1682
  43 0025 0FD0D8AD 		.ascii	"\017\320\330\255w\2141\330n\\\250Y\251`\010\306Wl\012"
  43      778C31D8 
  43      6E5CA859 
  43      A96008C6 
  43      576C0A
  44 0038 2D082E86 		.ascii	"-\010.\206Y\213\245 ]\364\205\270\030\301U\004\203\322"
  44      598BA520 
  44      5DF485B8 
  44      18C15504 
  44      83D2
  45 004a 87F19C99 		.ascii	"\207\361\234\231.\352\201\373:\367\373\276\363\235\023"
  45      2EEA81FB 
  45      3AF7FBBE 
  45      F39D13
  46 0059 2150108A 		.ascii	"!P\020\212\250\237\217G\274\240\011j\351\204\310\211"
  46      A89F8F47 
  46      BCA0096A 
  46      E984C889 
  47 0069 29402E26 		.ascii	")@.&\006\232U\230E]\375U\360\362\376\241\352\3332\034"
  47      069A5598 
  47      455DFD55 
  47      F0F2FEA1 
  47      EADB321C 
  48 007d 67A5756D 		.ascii	"g\245um\312.r\232\250\241B%l\241\217Q\027G\371S\350"
  48      CA2E729A 
  48      A8A14225 
  48      6CA18F51 
  48      1747F953 
  49 0092 2E10DF17 		.ascii	".\020\337\027\274z\255\245\247d\314\2341WI\243s\032"
  49      BC7AADA5 
  49      A764CC9C 
ARM GAS  C:\Users\JEFFSN~1\AppData\Local\Temp\ccOMY40j.s 			page 3


  49      315749A3 
  49      731A
  50 00a4 28433303 		.ascii	"(C3\003\317\342x\022'N\020\266\321#\340\333\257\247"
  50      CFE27812 
  50      274E10B6 
  50      D123E0DB 
  50      AFA7
  51 00b6 9576DD1B 		.ascii	"\225v\335\033\020\227\214\277\331\332]\024\242{3^0\256"
  51      10978CBF 
  51      D9DA5D14 
  51      A27B335E 
  51      30AE
  52 00c8 D329DC9D 		.ascii	"\323)\334\235\377\271\022\014=\257\336\255\264E\347"
  52      FFB9120C 
  52      3DAFDEAD 
  52      B445E7
  53 00d7 C5552776 		.ascii	"\305U'v\321\035\372\301\036\242\334!$s0\344\232F#k\334"
  53      D11DFAC1 
  53      1EA2DC21 
  53      247330E4 
  53      9A46236B 
  54 00ec BA55D731 		.ascii	"\272U\3271\305E\025w\312\037\021HmK\022Q\331\210j\274"
  54      C5451577 
  54      CA1F1148 
  54      6D4B1251 
  54      D9886ABC 
  55 0100 A4F12BA5 		.ascii	"\244\361+\245\344\324>\274_o~\026\232D.\253e\010\253"
  55      E4D43EBC 
  55      5F6F7E16 
  55      9A442EAB 
  55      6508AB
  56 0113 39EF53D3 		.ascii	"9\357S\323\265\312i\035\030\375\\\376Q\370\367t\213"
  56      B5CA691D 
  56      18FD5CFE 
  56      51F8F774 
  56      8B
  57 0124 8E8970AA 		.ascii	"\216\211p\252\362\361l\261u\003k\316<\217'\202\012\342"
  57      F2F16CB1 
  57      75036BCE 
  57      3C8F2782 
  57      0AE2
  58 0136 D807DBC5 		.ascii	"\330\007\333\305\0016@>\262\177\026\276#\024\324\241"
  58      0136403E 
  58      B27F16BE 
  58      2314D4A1 
  59 0146 E6B7B75F 		.ascii	"\346\267\267_\226\333D\004\270\003\3361\370\034*\350"
  59      96DB4404 
  59      B803DE31 
  59      F81C2AE8 
  60 0156 804D322A 		.ascii	"\200M2*$\371\027:dYY-u>\344\217\253\315\302\3426Pe\022"
  60      24F9173A 
  60      6459592D 
  60      753EE48F 
  60      ABCDC2E2 
  61 016e A36EA321 		.ascii	"\243n\243!$\324\2668\345\255\006\265\036\370r\214iy"
  61      24D4B638 
  61      E5AD06B5 
ARM GAS  C:\Users\JEFFSN~1\AppData\Local\Temp\ccOMY40j.s 			page 4


  61      1EF8728C 
  61      6979
  62 0180 68ED3D5B 		.ascii	"h\355=[c\026]b\316\375m\011!\030oMA\306\300C\351xaO"
  62      63165D62 
  62      CEFD6D09 
  62      21186F4D 
  62      41C6C043 
  63 0198 D853A98C 		.ascii	"\330S\251\214=2\234\230\234\231J\333\311W\211\311\301"
  63      3D329C98 
  63      9C994ADB 
  63      C95789C9 
  63      C1
  64 01a9 E7C9C4E0 		.ascii	"\347\311\304\340\313\341\247\217\323d\275N\215\315\330"
  64      CBE1A78F 
  64      D364BD4E 
  64      8DCDD8
  65 01b8 CDD39954 		.ascii	"\315\323\231Tf4=0\232\231\276\007\310\037\264\372"
  65      66343D30 
  65      9A99BE07 
  65      C81FB4FA 
  66              		.text
  67              		.section	.gnu.lto_SCL_1_SetDriveMode.a80ccfee,"",%progbits
  68 0000 789C7D51 		.ascii	"x\234}QMK\033Q\024\275\347\275\311\314\004\321?`@q\321"
  68      4D4B1B51 
  68      14BDE7BD 
  68      C9CC04D1 
  68      3F604071 
  69 0015 E0462CD2 		.ascii	"\340F,\322_ \350\306\2054\333@\220d\226mP\354\332\227"
  69      5F20E8C6 
  69      8534DB40 
  69      9064966D 
  69      50ECDA97 
  70 0029 8C416837 		.ascii	"\214Ah7\202\350\306\257n$\321D\323\322Uwi@W\242;\027"
  70      82E8C6AF 
  70      6E24D144 
  70      D3D25577 
  70      694057A2 
  71 003f 2E247491 		.ascii	".$t\221\026\301\222\264\212Ek\343\2753.\262\3621\357"
  71      16C192B4 
  71      8A456BE3 
  71      BD332EB2 
  71      F231EF
  72 0052 7E1CCE39 		.ascii	"~\034\3169\334\373\306\"\220\234\237\234^p\356\347\013"
  72      DCFBC622 
  72      909C9F9C 
  72      5E70EEE7 
  72      0B
  73 0063 4D50CB27 		.ascii	"MP\313'D9W\001R\030\027\264\240\260\200\033\365\240"
  73      44395701 
  73      521817B4 
  73      A0B0801B 
  73      F5A0
  74 0075 505F6A7E 		.ascii	"P_j~U\303E\303\247q\370k\324\224j(h\242\216\012\234"
  74      55C345C3 
  74      A771F86B 
  74      D4946A28 
  74      68A28E0A 
ARM GAS  C:\Users\JEFFSN~1\AppData\Local\Temp\ccOMY40j.s 			page 5


  75 008a 08450C33 		.ascii	"\010E\0143\353\317\227\235\225\036=\004\342\272}\322"
  75      EBCF979D 
  75      951E3D04 
  75      E2BA7DD2 
  76 009a BAE88BEF 		.ascii	"\272\350\213\357\030\2237\246\2234\272\240\201\0224"
  76      189337A6 
  76      9334BAA0 
  76      811234
  77 00a9 2B3016C3 		.ascii	"+0\026\303h\214\030 \354\".\344\357\237\377\257\366"
  77      688C1820 
  77      EC222EE4 
  77      EF9FFFAF 
  77      F6
  78 00ba DA8B623F 		.ascii	"\332\213b?\030\232b\017\266\214Y}]3\235\216oj\267\366"
  78      189A620F 
  78      B68C597D 
  78      5D339D8E 
  78      6F6AB7F6 
  79 00ce B73BBB47 		.ascii	"\267;\273G\261Li\016\332\222\020\2018\330R:\022\\\011"
  79      B14C690E 
  79      DA921081 
  79      38D8523A 
  79      125C09
  80 00e1 51E110B5 		.ascii	"Q\341\020\265\370\312\"m\245$\353&\352w\357\233\353"
  80      F8CA226D 
  80      A524EB26 
  80      EA77EF9B 
  80      EB
  81 00f2 9638FB5A 		.ascii	"\2268\373Z\226Z+\324O\235kU\320V0q\311?n\273a\333\370"
  81      965A2BD4 
  81      4F9D6B55 
  81      D0563071 
  81      C93F6EBB 
  82 0109 98331643 		.ascii	"\2303\026C\033\215\037[\275\333\330\314-\362\272\021"
  82      1B8D1F5B 
  82      BDDBD8CC 
  82      2DF2BA11 
  83 0119 54104319 		.ascii	"T\020C\0311\236n\037\333\240&\362\277\235\320N\263#"
  83      319E6E1F 
  83      DBA026F2 
  83      BF9DD04E 
  83      B323
  84 012b F7FE3F3B 		.ascii	"\367\376?;\354-\206X\177~\364\341!*\226\032\2638`e\227"
  84      EC2D8658 
  84      7F7EF4E1 
  84      212A961A 
  84      B3386065 
  85 0140 84BF48B7 		.ascii	"\204\277H\267\304a\210%Wg\345\212\016%}\250\006\022"
  85      C4618825 
  85      5767E58A 
  85      0E257DA8 
  85      0612
  86 0152 FFEF13C5 		.ascii	"\377\357\023\305\015\214\235n\227(\243\334\327\327 "
  86      0D8C9D6E 
  86      9728A3DC 
  86      D7D720
  87 0161 FD73237F 		.ascii	"\375s#\177\342\221\231O\227\310\327\356'\204\035\374"
ARM GAS  C:\Users\JEFFSN~1\AppData\Local\Temp\ccOMY40j.s 			page 6


  87      E291994F 
  87      97C8D7EE 
  87      27841DFC 
  88 0171 BA96823C 		.ascii	"\272\226\202<\017?\326\300\244\367\326\233\233\231\367"
  88      0F3FD6C0 
  88      A4F7D69B 
  88      9B99F7
  89 0180 32A944F6 		.ascii	"2\251D\366\335\\\332KN'\262\343\257\222\211\361\251"
  89      DD5CDA4B 
  89      4E27B2E3 
  89      AF9289F1 
  89      A9
  90 0191 D4CB9134 		.ascii	"\324\313\2214Yo\262\031\357\021\221\226\245\243"
  90      596FB219 
  90      EF119196 
  90      A5A3
  91              		.text
  92              		.section	.gnu.lto_SCL_1_Read.a80ccfee,"",%progbits
  93 0000 789C2D8E 		.ascii	"x\234-\216\275K\003A\024\304\337\354\036\271\020\360"
  93      BD4B0341 
  93      14C4DFEC 
  93      1EB910F0 
  94 0010 2FF0402D 		.ascii	"/\360@-\323\210\"\202\330\246\260\261\020\257\015\004"
  94      D3882282 
  94      D8A6B0B1 
  94      10AF0D04 
  95 0020 89D71A08 		.ascii	"\211\327\032\010Zg\317\313)\210\205\026j\245)D\362\241"
  95      5A67CFCB 
  95      29888516 
  95      6AA52944 
  95      F2A1
  96 0032 2229246D 		.ascii	"\")$m\222FA\321J\260\022\021Ia\245\242\010A=\3373y\260"
  96      924641D1 
  96      4AB01211 
  96      4961A5A2 
  96      08413DDF 
  97 0049 CC7ECCCE 		.ascii	"\314~\314\316\374,\002\311h\226\021\326A^\320\004\265"
  97      FC2C02C9 
  97      689611D6 
  97      415ED004 
  97      B5
  98 005a 7543E4C7 		.ascii	"uC\344\307\025 \033\023\007\025\024\012\370T?\012W_"
  98      15201B13 
  98      0715140A 
  98      F8543F0A 
  98      575F
  99 006c 979B8964 		.ascii	"\227\233\211d\331\230U\363x\324\235\332\2534\021j\242"
  99      D99855F3 
  99      78D49DDA 
  99      AB34116A 
  99      A2
 100 007d 4811261C 		.ascii	"H\021&\034\2149\022QF\222\330\372T\377\335\031\210\025"
 100      8C391251 
 100      4692D8FA 
 100      54FFDD19 
 100      8815
 101 008f 0DCFB018 		.ascii	"\015\317\260\030\370\245\202\230T\236\3157M\024\005"
ARM GAS  C:\Users\JEFFSN~1\AppData\Local\Temp\ccOMY40j.s 			page 7


 101      F8A58298 
 101      549ECD37 
 101      4D1405
 102 009e A67967B7 		.ascii	"\246yg\267\356mKQ\250\271Wr\350\225}\322\372\246\224"
 102      EE6D4B51 
 102      A8B95772 
 102      E8957DD2 
 102      FAA694
 103 00b1 A8EEA0DD 		.ascii	"\250\356\240\335\335x8\230\226\257\201\026\202\335\260"
 103      DD783898 
 103      96AF8116 
 103      82DDB0
 104 00c0 7D6B7FA8 		.ascii	"}k\177\250P+HKu\273\361\336?\266\016}c\361\225\3378"
 104      502B484B 
 104      75BBF1DE 
 104      3FB60E7D 
 104      63F195DF 
 105 00d5 BDB04BD8 		.ascii	"\275\260K\330\367\213\314\246Q\203\203*\230\014\307"
 105      F78BCCA6 
 105      5183832A 
 105      980CC7
 106 00e4 28813A08 		.ascii	"(\201:\010\276\327\236\321\013\324\275\314\363\365\353"
 106      BED79ED1 
 106      0BD4BDCC 
 106      F3F5EB
 107 00f3 7A424208 		.ascii	"zBB\010\300\011{_\240\372\006\372\207\202\3000\332\320"
 107      C0097B5F 
 107      A0FA06FA 
 107      8782C030 
 107      DAD0
 108 0105 8CB7E4E5 		.ascii	"\214\267\344\345\027\226\275\305\214\233[\311g\275\364"
 108      1796BDC5 
 108      8C9B5BC9 
 108      67BDF4
 109 0114 9C9B4B4D 		.ascii	"\234\233KM\246\335\324lf|4K\177\332\264b\341"
 109      A6DDD46C 
 109      667C344B 
 109      7FDAB462 
 109      E1
 110              		.text
 111              		.section	.gnu.lto_SCL_1_ReadDataReg.a80ccfee,"",%progbits
 112 0000 789C2D8E 		.ascii	"x\234-\216;K\003A\024\205\357\231YbX\364\027\270\240"
 112      3B4B0341 
 112      1485EF99 
 112      596258F4 
 112      17B8A0
 113 0013 96694411 		.ascii	"\226iD\021\013mS\330X\210\333\006\202\304m\015\004\255"
 113      0B6D53D8 
 113      5888DB06 
 113      82C46D0D 
 113      04AD
 114 0025 3371B38A 		.ascii	"3q\263\212ba\243\251$\205\310n\242()\264\023\326T\202"
 114      6261A3A9 
 114      2485C86E 
 114      A22829B4 
 114      13D65482 
 115 0039 E2E30708 		.ascii	"\342\343\007\010A$\205\225\202\"\210&\336kra8\3638s"
ARM GAS  C:\Users\JEFFSN~1\AppData\Local\Temp\ccOMY40j.s 			page 8


 115      41248595 
 115      82228826 
 115      DE6B7261 
 115      38F33873 
 116 004d CE671148 		.ascii	"\316g\021HF\263\214\261\016\363\202&\250\335;\242RR"
 116      46B38CB1 
 116      0EF38226 
 116      A8DD3BA2 
 116      5252
 117 005f 01B23149 		.ascii	"\001\2621IPQ\241\210O\365\253p\363u\275c\247Bc\326M"
 117      5051A188 
 117      4FF5AB70 
 117      F375BD63 
 117      A74263D6 
 118 0074 EB289CA9 		.ascii	"\353(\234\251D1\002M\324U\204)\007\023\216D\204H\021"
 118      4431024D 
 118      D4558429 
 118      07138E44 
 118      844811
 119 0087 5B9F1B9D 		.ascii	"[\237\033\235\275\241D\331\360\214\212\201_\"$\244\362"
 119      BDA144D9 
 119      F08C8A81 
 119      5F2224A4 
 119      F2
 120 0098 6C3136DD 		.ascii	"l16\335\256o\342K\373\352\301\266\024\005\232{%\207"
 120      AE6FE24B 
 120      FBEAC1B6 
 120      14059A7B 
 120      2587
 121 00aa DED827AD 		.ascii	"\336\330'\255\357J\211\3526\232\337\333\235\332\254"
 121      EF4A89EA 
 121      369ADFDB 
 121      9DDAAC
 122 00b9 7CF5B510 		.ascii	"|\365\265\020\354\007\315\373\201\017\025h\005iy\214"
 122      EC07CDFB 
 122      810F1568 
 122      0569798C 
 123 00c9 9E2AFD63 		.ascii	"\236*\375c|X2\026_\235^\264\266\006\2538(\225\231M\243"
 123      7C583216 
 123      5F9D5EB4 
 123      B606AB38 
 123      2895994D 
 124 00de 0E073530 		.ascii	"\016\00750\031\216Q\005\265\341\377l\274\240\027\250"
 124      198E5105 
 124      B5E1FF6C 
 124      BCA017A8 
 125 00ee 7B99E79B 		.ascii	"{\231\347\233\267\015[B\010\300\011{_\241\372\006\372"
 125      B70D5B42 
 125      08C0097B 
 125      5FA1FA06 
 125      FA
 126 00ff 8782C030 		.ascii	"\207\202\3000\332\310\234\267\342\025\226V\275\345\254"
 126      DAC89CB7 
 126      E2159656 
 126      BDE5AC
 127 010e 9B5F2BE4 		.ascii	"\233_+\344\274\314\202\233OOg\334\364|vr<G\177\242{"
 127      BCCC829B 
ARM GAS  C:\Users\JEFFSN~1\AppData\Local\Temp\ccOMY40j.s 			page 9


 127      4F4F67DC 
 127      F47C7672 
 127      3C477FA2 
 128 0123 62CF     		.ascii	"b\317"
 129              		.text
 130              		.section	.gnu.lto_.symbol_nodes.a80ccfee,"",%progbits
 131 0000 789C6361 		.ascii	"x\234ca`dpc\000\002&\206z\006\206\011\347\030@\324\256"
 131      60647063 
 131      00022686 
 131      7A068609 
 131      E71840D4 
 132 0015 0645A000 		.ascii	"\006E\240\000c=#\252\000S=\023\252\000s=3\212\000\003"
 132      633D23AA 
 132      00533D13 
 132      AA00733D 
 132      338A0003 
 133 0029 0026B60F 		.ascii	"\000&\266\017<"
 133      3C
 134              		.text
 135              		.section	.gnu.lto_.refs.a80ccfee,"",%progbits
 136 0000 789C6361 		.ascii	"x\234ca`\004B \000\000\0009\000\007"
 136      60044220 
 136      00000039 
 136      0007
 137              		.text
 138              		.section	.gnu.lto_.decls.a80ccfee,"",%progbits
 139 0000 789C8D53 		.ascii	"x\234\215S]H\024Q\024\276gf\334\265\321\324$\312\207"
 139      5D481451 
 139      14BE6766 
 139      DCB5D1D4 
 139      24CA87
 140 0013 A5CC279F 		.ascii	"\245\314'\237\226D\002_\372\001%_*\302E{\021\226U\007"
 140      9644025F 
 140      FA01255F 
 140      2AC2457B 
 140      11965507 
 141 0027 F345635B 		.ascii	"\363Ec[\003\037\202\233?\320\017\244\022V\232\240\366"
 141      031F829B 
 141      3FD00FA4 
 141      12569AA0 
 141      F6
 142 0038 609A9B5A 		.ascii	"`\232\233Z\356n\273\253\326f\377\246\241\011R\030(\254"
 142      EE6EBBAB 
 142      D666FFA6 
 142      A1095218 
 142      28AC
 143 004a 3E48064A 		.ascii	">H\006J\276\210\330v\356\235\031g\261\225:\314\231="
 143      BE88D876 
 143      EE9D1967 
 143      B1953ACC 
 143      993D
 144 005c E7DEF37D 		.ascii	"\347\336\363}\347\273g\356J\004\010\263\343\022!w\360"
 144      E7BB67EE 
 144      4A0408B3 
 144      E3122177 
 144      F0
 145 006d 3705D308 		.ascii	"7\005\323\010Z\034\306E\3040\334&C\350^t?z\220\374m"
ARM GAS  C:\Users\JEFFSN~1\AppData\Local\Temp\ccOMY40j.s 			page 10


 145      5A1CC645 
 145      C430DC26 
 145      43E85E74 
 145      3F7A90FC 
 146 0082 6C5FC7F5 		.ascii	"l_\307\365\243[\320_\242\217j\373\240\325\3544\306i"
 146      A35BD05F 
 146      A28F6AFB 
 146      A0D5EC34 
 146      C669
 147 0094 DA811B8B 		.ascii	"\332\201\033\213\201\365\306\300\3725m\273\365\363\307"
 147      81F5C6C0 
 147      FA356DBB 
 147      F5F3C7
 148 00a3 C004FF81 		.ascii	"\300\004\377\201\211u\266-\001\"\035\236\306\3709\370"
 148      8975B62D 
 148      01221D9E 
 148      C6F839F8 
 149 00b3 0622D186 		.ascii	"\006\"\321\206F\000\3247p'\252\363\024\003\201\250\201"
 149      4600D437 
 149      7027AAF3 
 149      140381A8 
 149      81
 150 00c4 BEB46D44 		.ascii	"\276\264mD+\021\364\320 \343\217\206\207\210n\234\304"
 150      2B11F4D0 
 150      20E38F86 
 150      87886E9C 
 150      C4
 151 00d5 60070DA4 		.ascii	"`\007\015\244\346\272n\015\004\202\321\000\324TGD\361"
 151      E6BA6E0D 
 151      0482D100 
 151      D4544744 
 151      F1
 152 00e6 ED50A46B 		.ascii	"\355P\244k\326\333\020A?\364\270os9N\024\200\305\363"
 152      D6DB1041 
 152      3FF4B86F 
 152      73394E14 
 152      80C5F3
 153 00f9 1B3DA7AD 		.ascii	"\033=\247\255n\212\326D\251p\310\230\314@\303bo\374"
 153      6E8AD644 
 153      A970C898 
 153      CC40C362 
 153      6FFC
 154 010b BA001619 		.ascii	"\272\000\026\031\"\300\362\225\300\306^5g\333\255\315"
 154      22C0F295 
 154      C0C65E35 
 154      67DBADCD 
 155 011b E1DF09E2 		.ascii	"\341\337\011\342A\026\0133\341\276e\0112\345nF\263\260"
 155      41160B33 
 155      E1BE6509 
 155      32E56E46 
 155      B3B0
 156 012d B9782240 		.ascii	"\271x\"@i\012\364\203\014n\020\241\027\254L\203E\306"
 156      690AF483 
 156      0C6E10A1 
 156      17AC4C83 
 156      45C6
 157 013f F7754A6B 		.ascii	"\367uJk\351\352CjJ#\220m\201\243\026\002O \223q\262"
ARM GAS  C:\Users\JEFFSN~1\AppData\Local\Temp\ccOMY40j.s 			page 11


 157      E9EA436A 
 157      4A23906D 
 157      81A31602 
 157      4F209371 
 158 0154 2AE8030B 		.ascii	"*\350\003\013<\006\013\343_\272\327\361\303$\241d\316"
 158      3C060BE3 
 158      5FBAD7F1 
 158      C324A164 
 158      CE
 159 0165 5322B1B5 		.ascii	"S\"\261\265\351\372\301v\021%\244\312 a\2726\331\026"
 159      E9FAC176 
 159      1125A4CA 
 159      2061BA36 
 159      D916
 160 0177 4EC274BF 		.ascii	"N\302t\277\014\351\230\272\203\337WLiw\371Q\352h\272"
 160      0CE998BA 
 160      83DF574C 
 160      6977F951 
 160      EA68BA
 161 018a 044507E0 		.ascii	"\004E\007\340)\022\016\"!\201g\220\206\357\001\220\324"
 161      29120E22 
 161      21816790 
 161      86EF0190 
 161      D4
 162 019b D3799BBB 		.ascii	"\323y\233\273\026\315\031\235\264s\220.D\226\262[i\250"
 162      16CD199D 
 162      B473902E 
 162      4496B25B 
 162      69A8
 163 01ad 1E71022B 		.ascii	"\036q\002+\203\036Ct\017\273\027\004\036\301\034\316"
 163      831E4374 
 163      0FBB1704 
 163      1EC11CCE 
 164 01bd 70083210 		.ascii	"p\0102\0209\374\321\035\022D;\037\302\327\317\303\311"
 164      39FCD11D 
 164      12443B1F 
 164      C2D7CFC3 
 164      C9
 165 01ce 2A4968FD 		.ascii	"*Ih\375]\"m\272F\351)N\3411(<\321\024^N\361e\255w\002"
 165      5D226DBA 
 165      46E9294E 
 165      E131283C 
 165      D1145E4E 
 166 01e7 4427A798 		.ascii	"D'\247\230\272\365\266.9Z5;\256!\3739\227]\242\251~"
 166      BAF5B62E 
 166      395A353B 
 166      AE21FB39 
 166      975DA2A9 
 167 01fc 33E16B90 		.ascii	"3\341k\220\264\2063\357\305m\325X\005>\243\245/\272"
 167      B48633EF 
 167      C56DD558 
 167      053EA3A5 
 167      2FBA
 168 020e A59FB7EC 		.ascii	"\245\237\267\354\236\177\335c\026\257\362\226\341\211"
 168      9E7FDD63 
 168      16AFF296 
 168      E189
ARM GAS  C:\Users\JEFFSN~1\AppData\Local\Temp\ccOMY40j.s 			page 12


 169 021c 4FB7F768 		.ascii	"O\267\367h,\301q]6\343\010\030\034\201h\216 \347X\257"
 169      2CC1715D 
 169      36E30818 
 169      1C81688E 
 169      20E758AF 
 170 0230 FF356B92 		.ascii	"\3775k\222\361\023\326\375\337'\234\\\356\212\230\305"
 170      F113D6FD 
 170      DF279C5C 
 170      EE8A98C5 
 171 0240 46E07764 		.ascii	"F\340wd\250\245\265\305\014rf\014\370\213\030p\355*"
 171      A8A5B5C5 
 171      0C72660C 
 171      F88B1870 
 171      ED2A
 172 0252 B90B9B6F 		.ascii	"\271\013\233o\260\003\216\342PF\014q\303 \253\003\361"
 172      B0038EE2 
 172      50460C71 
 172      C320AB03 
 172      F1
 173 0263 4CFD1C88 		.ascii	"L\375\034\210K\274\311n\025N/\365C\022\2574\306\367"
 173      4BBCC96E 
 173      154E2FF5 
 173      4312AF34 
 173      C6F7
 174 0275 1212F91F 		.ascii	"\022\022\371\037\000\177\267\004qd\366A\273\210{\354"
 174      007FB704 
 174      7164F641 
 174      BB887BEC 
 175 0285 91DB284A 		.ascii	"\221\333(J\241\323\000cH\306\223\325\223<f\313t\265"
 175      A1D30063 
 175      48C693D5 
 175      933C66CB 
 175      74B5
 176 0297 969AEE27 		.ascii	"\226\232\356'\351\022\011\337 \020B\344+$\346i\202-"
 176      E91209DF 
 176      201042E4 
 176      2B24E669 
 176      822D
 177 02a9 F78C3DCB 		.ascii	"\367\214=\313~\301Y\341R\342\363\317\025\246\347fe\221"
 177      7EC159E1 
 177      52E2F3CF 
 177      15A6E766 
 177      6591
 178 02bb B8EA8A4A 		.ascii	"\270\352\212JW\316\221|\245Rq:\\J\231\335VU\355,U\212"
 178      57CE917C 
 178      A552713A 
 178      5C4A99DD 
 178      5655ED2C 
 179 02d1 CFDBAA72 		.ascii	"\317\333\252r\217\025\227\326\270j.)\227\255\027\311"
 179      8F1597D6 
 179      B86A2E29 
 179      97AD17C9 
 180 02e1 E15D2A38 		.ascii	"\341]*8\247\265\224\244\252\3446\305\225\347\254\270"
 180      A7B594A4 
 180      AAE436C5 
 180      95E7ACB8 
 181 02f1 A29CAD2A 		.ascii	"\242\234\255*Sdu\251@q\224\3553\302<\207\313Q\240\224"
ARM GAS  C:\Users\JEFFSN~1\AppData\Local\Temp\ccOMY40j.s 			page 13


 181      536475A9 
 181      407194ED 
 181      33C23C87 
 181      CB51A094 
 182 0305 4B4EA53C 		.ascii	"KN\245<\347\017\017\220^\260"
 182      E70F0F90 
 182      5EB0
 183              		.text
 184              		.section	.gnu.lto_.symtab.a80ccfee,"",%progbits
 185 0000 53434C5F 		.ascii	"SCL_1_Write\000"
 185      315F5772 
 185      69746500 
 186 000c 00       		.ascii	"\000"
 187 000d 00       		.ascii	"\000"
 188 000e 00       		.ascii	"\000"
 189 000f 00000000 		.ascii	"\000\000\000\000\000\000\000\000"
 189      00000000 
 190 0017 B3000000 		.ascii	"\263\000\000\000"
 191 001b 53434C5F 		.ascii	"SCL_1_SetDriveMode\000"
 191      315F5365 
 191      74447269 
 191      76654D6F 
 191      646500
 192 002e 00       		.ascii	"\000"
 193 002f 00       		.ascii	"\000"
 194 0030 00       		.ascii	"\000"
 195 0031 00000000 		.ascii	"\000\000\000\000\000\000\000\000"
 195      00000000 
 196 0039 B5000000 		.ascii	"\265\000\000\000"
 197 003d 53434C5F 		.ascii	"SCL_1_Read\000"
 197      315F5265 
 197      616400
 198 0048 00       		.ascii	"\000"
 199 0049 00       		.ascii	"\000"
 200 004a 00       		.ascii	"\000"
 201 004b 00000000 		.ascii	"\000\000\000\000\000\000\000\000"
 201      00000000 
 202 0053 B8000000 		.ascii	"\270\000\000\000"
 203 0057 53434C5F 		.ascii	"SCL_1_ReadDataReg\000"
 203      315F5265 
 203      61644461 
 203      74615265 
 203      6700
 204 0069 00       		.ascii	"\000"
 205 006a 00       		.ascii	"\000"
 206 006b 00       		.ascii	"\000"
 207 006c 00000000 		.ascii	"\000\000\000\000\000\000\000\000"
 207      00000000 
 208 0074 BA000000 		.ascii	"\272\000\000\000"
 209              		.text
 210              		.section	.gnu.lto_.opts,"",%progbits
 211 0000 272D666D 		.ascii	"'-fmath-errno' '-fsigned-zeros' '-ftrapping-math' '"
 211      6174682D 
 211      6572726E 
 211      6F272027 
 211      2D667369 
 212 0033 2D666E6F 		.ascii	"-fno-trapv' '-fno-openmp' '-fno-openacc' '-mcpu=cor"
ARM GAS  C:\Users\JEFFSN~1\AppData\Local\Temp\ccOMY40j.s 			page 14


 212      2D747261 
 212      70762720 
 212      272D666E 
 212      6F2D6F70 
 213 0066 7465782D 		.ascii	"tex-m3' '-mthumb' '-g' '-O3' '-ffunction-sections' "
 213      6D332720 
 213      272D6D74 
 213      68756D62 
 213      2720272D 
 214 0099 272D6666 		.ascii	"'-ffat-lto-objects' '-finline-functions' '-flto'\000"
 214      61742D6C 
 214      746F2D6F 
 214      626A6563 
 214      74732720 
 215              		.text
 216              		.cfi_sections	.debug_frame
 217              		.section	.text.SCL_1_Write,"ax",%progbits
 218              		.align	2
 219              		.global	SCL_1_Write
 220              		.thumb
 221              		.thumb_func
 222              		.type	SCL_1_Write, %function
 223              	SCL_1_Write:
 224              	.LFB0:
 225              		.file 1 "Generated_Source\\PSoC5\\SCL_1.c"
   1:Generated_Source\PSoC5/SCL_1.c **** /*******************************************************************************
   2:Generated_Source\PSoC5/SCL_1.c **** * File Name: SCL_1.c  
   3:Generated_Source\PSoC5/SCL_1.c **** * Version 2.20
   4:Generated_Source\PSoC5/SCL_1.c **** *
   5:Generated_Source\PSoC5/SCL_1.c **** * Description:
   6:Generated_Source\PSoC5/SCL_1.c **** *  This file contains API to enable firmware control of a Pins component.
   7:Generated_Source\PSoC5/SCL_1.c **** *
   8:Generated_Source\PSoC5/SCL_1.c **** * Note:
   9:Generated_Source\PSoC5/SCL_1.c **** *
  10:Generated_Source\PSoC5/SCL_1.c **** ********************************************************************************
  11:Generated_Source\PSoC5/SCL_1.c **** * Copyright 2008-2015, Cypress Semiconductor Corporation.  All rights reserved.
  12:Generated_Source\PSoC5/SCL_1.c **** * You may use this file only in accordance with the license, terms, conditions, 
  13:Generated_Source\PSoC5/SCL_1.c **** * disclaimers, and limitations in the end user license agreement accompanying 
  14:Generated_Source\PSoC5/SCL_1.c **** * the software package with which this file was provided.
  15:Generated_Source\PSoC5/SCL_1.c **** *******************************************************************************/
  16:Generated_Source\PSoC5/SCL_1.c **** 
  17:Generated_Source\PSoC5/SCL_1.c **** #include "cytypes.h"
  18:Generated_Source\PSoC5/SCL_1.c **** #include "SCL_1.h"
  19:Generated_Source\PSoC5/SCL_1.c **** 
  20:Generated_Source\PSoC5/SCL_1.c **** /* APIs are not generated for P15[7:6] on PSoC 5 */
  21:Generated_Source\PSoC5/SCL_1.c **** #if !(CY_PSOC5A &&\
  22:Generated_Source\PSoC5/SCL_1.c **** 	 SCL_1__PORT == 15 && ((SCL_1__MASK & 0xC0) != 0))
  23:Generated_Source\PSoC5/SCL_1.c **** 
  24:Generated_Source\PSoC5/SCL_1.c **** 
  25:Generated_Source\PSoC5/SCL_1.c **** /*******************************************************************************
  26:Generated_Source\PSoC5/SCL_1.c **** * Function Name: SCL_1_Write
  27:Generated_Source\PSoC5/SCL_1.c **** ****************************************************************************//**
  28:Generated_Source\PSoC5/SCL_1.c **** *
  29:Generated_Source\PSoC5/SCL_1.c **** * \brief Writes the value to the physical port (data output register), masking
  30:Generated_Source\PSoC5/SCL_1.c **** *  and shifting the bits appropriately. 
  31:Generated_Source\PSoC5/SCL_1.c **** *
  32:Generated_Source\PSoC5/SCL_1.c **** * The data output register controls the signal applied to the physical pin in 
ARM GAS  C:\Users\JEFFSN~1\AppData\Local\Temp\ccOMY40j.s 			page 15


  33:Generated_Source\PSoC5/SCL_1.c **** * conjunction with the drive mode parameter. This function avoids changing 
  34:Generated_Source\PSoC5/SCL_1.c **** * other bits in the port by using the appropriate method (read-modify-write or
  35:Generated_Source\PSoC5/SCL_1.c **** * bit banding).
  36:Generated_Source\PSoC5/SCL_1.c **** *
  37:Generated_Source\PSoC5/SCL_1.c **** * <b>Note</b> This function should not be used on a hardware digital output pin 
  38:Generated_Source\PSoC5/SCL_1.c **** * as it is driven by the hardware signal attached to it.
  39:Generated_Source\PSoC5/SCL_1.c **** *
  40:Generated_Source\PSoC5/SCL_1.c **** * \param value
  41:Generated_Source\PSoC5/SCL_1.c **** *  Value to write to the component instance.
  42:Generated_Source\PSoC5/SCL_1.c **** *
  43:Generated_Source\PSoC5/SCL_1.c **** * \return 
  44:Generated_Source\PSoC5/SCL_1.c **** *  None 
  45:Generated_Source\PSoC5/SCL_1.c **** *
  46:Generated_Source\PSoC5/SCL_1.c **** * \sideeffect
  47:Generated_Source\PSoC5/SCL_1.c **** *  If you use read-modify-write operations that are not atomic; the Interrupt 
  48:Generated_Source\PSoC5/SCL_1.c **** *  Service Routines (ISR) can cause corruption of this function. An ISR that 
  49:Generated_Source\PSoC5/SCL_1.c **** *  interrupts this function and performs writes to the Pins component data 
  50:Generated_Source\PSoC5/SCL_1.c **** *  register can cause corrupted port data. To avoid this issue, you should 
  51:Generated_Source\PSoC5/SCL_1.c **** *  either use the Per-Pin APIs (primary method) or disable interrupts around 
  52:Generated_Source\PSoC5/SCL_1.c **** *  this function.
  53:Generated_Source\PSoC5/SCL_1.c **** *
  54:Generated_Source\PSoC5/SCL_1.c **** * \funcusage
  55:Generated_Source\PSoC5/SCL_1.c **** *  \snippet SCL_1_SUT.c usage_SCL_1_Write
  56:Generated_Source\PSoC5/SCL_1.c **** *******************************************************************************/
  57:Generated_Source\PSoC5/SCL_1.c **** void SCL_1_Write(uint8 value)
  58:Generated_Source\PSoC5/SCL_1.c **** {
 226              		.loc 1 58 0
 227              		.cfi_startproc
 228              		@ args = 0, pretend = 0, frame = 0
 229              		@ frame_needed = 0, uses_anonymous_args = 0
 230              		@ link register save eliminated.
 231              	.LVL0:
  59:Generated_Source\PSoC5/SCL_1.c ****     uint8 staticBits = (SCL_1_DR & (uint8)(~SCL_1_MASK));
 232              		.loc 1 59 0
 233 0000 044A     		ldr	r2, .L2
  60:Generated_Source\PSoC5/SCL_1.c ****     SCL_1_DR = staticBits | ((uint8)(value << SCL_1_SHIFT) & SCL_1_MASK);
 234              		.loc 1 60 0
 235 0002 00F00100 		and	r0, r0, #1
 236              	.LVL1:
  59:Generated_Source\PSoC5/SCL_1.c ****     uint8 staticBits = (SCL_1_DR & (uint8)(~SCL_1_MASK));
 237              		.loc 1 59 0
 238 0006 1378     		ldrb	r3, [r2]	@ zero_extendqisi2
 239              	.LVL2:
 240              		.loc 1 60 0
 241 0008 03F0FE03 		and	r3, r3, #254
 242              	.LVL3:
 243 000c 1843     		orrs	r0, r0, r3
 244 000e 1070     		strb	r0, [r2]
 245 0010 7047     		bx	lr
 246              	.L3:
 247 0012 00BF     		.align	2
 248              	.L2:
 249 0014 C0510040 		.word	1073762752
 250              		.cfi_endproc
 251              	.LFE0:
 252              		.size	SCL_1_Write, .-SCL_1_Write
 253              		.section	.text.SCL_1_SetDriveMode,"ax",%progbits
ARM GAS  C:\Users\JEFFSN~1\AppData\Local\Temp\ccOMY40j.s 			page 16


 254              		.align	2
 255              		.global	SCL_1_SetDriveMode
 256              		.thumb
 257              		.thumb_func
 258              		.type	SCL_1_SetDriveMode, %function
 259              	SCL_1_SetDriveMode:
 260              	.LFB1:
  61:Generated_Source\PSoC5/SCL_1.c **** }
  62:Generated_Source\PSoC5/SCL_1.c **** 
  63:Generated_Source\PSoC5/SCL_1.c **** 
  64:Generated_Source\PSoC5/SCL_1.c **** /*******************************************************************************
  65:Generated_Source\PSoC5/SCL_1.c **** * Function Name: SCL_1_SetDriveMode
  66:Generated_Source\PSoC5/SCL_1.c **** ****************************************************************************//**
  67:Generated_Source\PSoC5/SCL_1.c **** *
  68:Generated_Source\PSoC5/SCL_1.c **** * \brief Sets the drive mode for each of the Pins component's pins.
  69:Generated_Source\PSoC5/SCL_1.c **** * 
  70:Generated_Source\PSoC5/SCL_1.c **** * <b>Note</b> This affects all pins in the Pins component instance. Use the
  71:Generated_Source\PSoC5/SCL_1.c **** * Per-Pin APIs if you wish to control individual pin's drive modes.
  72:Generated_Source\PSoC5/SCL_1.c **** *
  73:Generated_Source\PSoC5/SCL_1.c **** * \param mode
  74:Generated_Source\PSoC5/SCL_1.c **** *  Mode for the selected signals. Valid options are documented in 
  75:Generated_Source\PSoC5/SCL_1.c **** *  \ref driveMode.
  76:Generated_Source\PSoC5/SCL_1.c **** *
  77:Generated_Source\PSoC5/SCL_1.c **** * \return
  78:Generated_Source\PSoC5/SCL_1.c **** *  None
  79:Generated_Source\PSoC5/SCL_1.c **** *
  80:Generated_Source\PSoC5/SCL_1.c **** * \sideeffect
  81:Generated_Source\PSoC5/SCL_1.c **** *  If you use read-modify-write operations that are not atomic, the ISR can
  82:Generated_Source\PSoC5/SCL_1.c **** *  cause corruption of this function. An ISR that interrupts this function 
  83:Generated_Source\PSoC5/SCL_1.c **** *  and performs writes to the Pins component Drive Mode registers can cause 
  84:Generated_Source\PSoC5/SCL_1.c **** *  corrupted port data. To avoid this issue, you should either use the Per-Pin
  85:Generated_Source\PSoC5/SCL_1.c **** *  APIs (primary method) or disable interrupts around this function.
  86:Generated_Source\PSoC5/SCL_1.c **** *
  87:Generated_Source\PSoC5/SCL_1.c **** * \funcusage
  88:Generated_Source\PSoC5/SCL_1.c **** *  \snippet SCL_1_SUT.c usage_SCL_1_SetDriveMode
  89:Generated_Source\PSoC5/SCL_1.c **** *******************************************************************************/
  90:Generated_Source\PSoC5/SCL_1.c **** void SCL_1_SetDriveMode(uint8 mode)
  91:Generated_Source\PSoC5/SCL_1.c **** {
 261              		.loc 1 91 0
 262              		.cfi_startproc
 263              		@ args = 0, pretend = 0, frame = 0
 264              		@ frame_needed = 0, uses_anonymous_args = 0
 265              		@ link register save eliminated.
 266              	.LVL4:
  92:Generated_Source\PSoC5/SCL_1.c **** 	CyPins_SetPinDriveMode(SCL_1_0, mode);
 267              		.loc 1 92 0
 268 0000 044A     		ldr	r2, .L5
 269 0002 00F00E00 		and	r0, r0, #14
 270              	.LVL5:
 271 0006 1378     		ldrb	r3, [r2]	@ zero_extendqisi2
 272 0008 03F0F103 		and	r3, r3, #241
 273 000c 1843     		orrs	r0, r0, r3
 274 000e 1070     		strb	r0, [r2]
 275 0010 7047     		bx	lr
 276              	.L6:
 277 0012 00BF     		.align	2
 278              	.L5:
ARM GAS  C:\Users\JEFFSN~1\AppData\Local\Temp\ccOMY40j.s 			page 17


 279 0014 60500040 		.word	1073762400
 280              		.cfi_endproc
 281              	.LFE1:
 282              		.size	SCL_1_SetDriveMode, .-SCL_1_SetDriveMode
 283              		.section	.text.SCL_1_Read,"ax",%progbits
 284              		.align	2
 285              		.global	SCL_1_Read
 286              		.thumb
 287              		.thumb_func
 288              		.type	SCL_1_Read, %function
 289              	SCL_1_Read:
 290              	.LFB2:
  93:Generated_Source\PSoC5/SCL_1.c **** }
  94:Generated_Source\PSoC5/SCL_1.c **** 
  95:Generated_Source\PSoC5/SCL_1.c **** 
  96:Generated_Source\PSoC5/SCL_1.c **** /*******************************************************************************
  97:Generated_Source\PSoC5/SCL_1.c **** * Function Name: SCL_1_Read
  98:Generated_Source\PSoC5/SCL_1.c **** ****************************************************************************//**
  99:Generated_Source\PSoC5/SCL_1.c **** *
 100:Generated_Source\PSoC5/SCL_1.c **** * \brief Reads the associated physical port (pin status register) and masks 
 101:Generated_Source\PSoC5/SCL_1.c **** *  the required bits according to the width and bit position of the component
 102:Generated_Source\PSoC5/SCL_1.c **** *  instance. 
 103:Generated_Source\PSoC5/SCL_1.c **** *
 104:Generated_Source\PSoC5/SCL_1.c **** * The pin's status register returns the current logic level present on the 
 105:Generated_Source\PSoC5/SCL_1.c **** * physical pin.
 106:Generated_Source\PSoC5/SCL_1.c **** *
 107:Generated_Source\PSoC5/SCL_1.c **** * \return 
 108:Generated_Source\PSoC5/SCL_1.c **** *  The current value for the pins in the component as a right justified number.
 109:Generated_Source\PSoC5/SCL_1.c **** *
 110:Generated_Source\PSoC5/SCL_1.c **** * \funcusage
 111:Generated_Source\PSoC5/SCL_1.c **** *  \snippet SCL_1_SUT.c usage_SCL_1_Read  
 112:Generated_Source\PSoC5/SCL_1.c **** *******************************************************************************/
 113:Generated_Source\PSoC5/SCL_1.c **** uint8 SCL_1_Read(void)
 114:Generated_Source\PSoC5/SCL_1.c **** {
 291              		.loc 1 114 0
 292              		.cfi_startproc
 293              		@ args = 0, pretend = 0, frame = 0
 294              		@ frame_needed = 0, uses_anonymous_args = 0
 295              		@ link register save eliminated.
 115:Generated_Source\PSoC5/SCL_1.c ****     return (SCL_1_PS & SCL_1_MASK) >> SCL_1_SHIFT;
 296              		.loc 1 115 0
 297 0000 024B     		ldr	r3, .L8
 298 0002 1878     		ldrb	r0, [r3]	@ zero_extendqisi2
 116:Generated_Source\PSoC5/SCL_1.c **** }
 299              		.loc 1 116 0
 300 0004 00F00100 		and	r0, r0, #1
 301 0008 7047     		bx	lr
 302              	.L9:
 303 000a 00BF     		.align	2
 304              	.L8:
 305 000c C1510040 		.word	1073762753
 306              		.cfi_endproc
 307              	.LFE2:
 308              		.size	SCL_1_Read, .-SCL_1_Read
 309              		.section	.text.SCL_1_ReadDataReg,"ax",%progbits
 310              		.align	2
 311              		.global	SCL_1_ReadDataReg
ARM GAS  C:\Users\JEFFSN~1\AppData\Local\Temp\ccOMY40j.s 			page 18


 312              		.thumb
 313              		.thumb_func
 314              		.type	SCL_1_ReadDataReg, %function
 315              	SCL_1_ReadDataReg:
 316              	.LFB3:
 117:Generated_Source\PSoC5/SCL_1.c **** 
 118:Generated_Source\PSoC5/SCL_1.c **** 
 119:Generated_Source\PSoC5/SCL_1.c **** /*******************************************************************************
 120:Generated_Source\PSoC5/SCL_1.c **** * Function Name: SCL_1_ReadDataReg
 121:Generated_Source\PSoC5/SCL_1.c **** ****************************************************************************//**
 122:Generated_Source\PSoC5/SCL_1.c **** *
 123:Generated_Source\PSoC5/SCL_1.c **** * \brief Reads the associated physical port's data output register and masks 
 124:Generated_Source\PSoC5/SCL_1.c **** *  the correct bits according to the width and bit position of the component 
 125:Generated_Source\PSoC5/SCL_1.c **** *  instance. 
 126:Generated_Source\PSoC5/SCL_1.c **** *
 127:Generated_Source\PSoC5/SCL_1.c **** * The data output register controls the signal applied to the physical pin in 
 128:Generated_Source\PSoC5/SCL_1.c **** * conjunction with the drive mode parameter. This is not the same as the 
 129:Generated_Source\PSoC5/SCL_1.c **** * preferred SCL_1_Read() API because the 
 130:Generated_Source\PSoC5/SCL_1.c **** * SCL_1_ReadDataReg() reads the data register instead of the status 
 131:Generated_Source\PSoC5/SCL_1.c **** * register. For output pins this is a useful function to determine the value 
 132:Generated_Source\PSoC5/SCL_1.c **** * just written to the pin.
 133:Generated_Source\PSoC5/SCL_1.c **** *
 134:Generated_Source\PSoC5/SCL_1.c **** * \return 
 135:Generated_Source\PSoC5/SCL_1.c **** *  The current value of the data register masked and shifted into a right 
 136:Generated_Source\PSoC5/SCL_1.c **** *  justified number for the component instance.
 137:Generated_Source\PSoC5/SCL_1.c **** *
 138:Generated_Source\PSoC5/SCL_1.c **** * \funcusage
 139:Generated_Source\PSoC5/SCL_1.c **** *  \snippet SCL_1_SUT.c usage_SCL_1_ReadDataReg 
 140:Generated_Source\PSoC5/SCL_1.c **** *******************************************************************************/
 141:Generated_Source\PSoC5/SCL_1.c **** uint8 SCL_1_ReadDataReg(void)
 142:Generated_Source\PSoC5/SCL_1.c **** {
 317              		.loc 1 142 0
 318              		.cfi_startproc
 319              		@ args = 0, pretend = 0, frame = 0
 320              		@ frame_needed = 0, uses_anonymous_args = 0
 321              		@ link register save eliminated.
 143:Generated_Source\PSoC5/SCL_1.c ****     return (SCL_1_DR & SCL_1_MASK) >> SCL_1_SHIFT;
 322              		.loc 1 143 0
 323 0000 024B     		ldr	r3, .L11
 324 0002 1878     		ldrb	r0, [r3]	@ zero_extendqisi2
 144:Generated_Source\PSoC5/SCL_1.c **** }
 325              		.loc 1 144 0
 326 0004 00F00100 		and	r0, r0, #1
 327 0008 7047     		bx	lr
 328              	.L12:
 329 000a 00BF     		.align	2
 330              	.L11:
 331 000c C0510040 		.word	1073762752
 332              		.cfi_endproc
 333              	.LFE3:
 334              		.size	SCL_1_ReadDataReg, .-SCL_1_ReadDataReg
 335              		.text
 336              	.Letext0:
 337              		.file 2 "Generated_Source\\PSoC5\\cytypes.h"
 338              		.section	.debug_info,"",%progbits
 339              	.Ldebug_info0:
 340 0000 1D010000 		.4byte	0x11d
ARM GAS  C:\Users\JEFFSN~1\AppData\Local\Temp\ccOMY40j.s 			page 19


 341 0004 0400     		.2byte	0x4
 342 0006 00000000 		.4byte	.Ldebug_abbrev0
 343 000a 04       		.byte	0x4
 344 000b 01       		.uleb128 0x1
 345 000c 5F000000 		.4byte	.LASF20
 346 0010 0C       		.byte	0xc
 347 0011 40000000 		.4byte	.LASF21
 348 0015 94010000 		.4byte	.LASF22
 349 0019 00000000 		.4byte	.Ldebug_ranges0+0
 350 001d 00000000 		.4byte	0
 351 0021 00000000 		.4byte	.Ldebug_line0
 352 0025 02       		.uleb128 0x2
 353 0026 01       		.byte	0x1
 354 0027 06       		.byte	0x6
 355 0028 1C020000 		.4byte	.LASF0
 356 002c 02       		.uleb128 0x2
 357 002d 01       		.byte	0x1
 358 002e 08       		.byte	0x8
 359 002f 2B010000 		.4byte	.LASF1
 360 0033 02       		.uleb128 0x2
 361 0034 02       		.byte	0x2
 362 0035 05       		.byte	0x5
 363 0036 03020000 		.4byte	.LASF2
 364 003a 02       		.uleb128 0x2
 365 003b 02       		.byte	0x2
 366 003c 07       		.byte	0x7
 367 003d 18010000 		.4byte	.LASF3
 368 0041 02       		.uleb128 0x2
 369 0042 04       		.byte	0x4
 370 0043 05       		.byte	0x5
 371 0044 13020000 		.4byte	.LASF4
 372 0048 02       		.uleb128 0x2
 373 0049 04       		.byte	0x4
 374 004a 07       		.byte	0x7
 375 004b 06010000 		.4byte	.LASF5
 376 004f 02       		.uleb128 0x2
 377 0050 08       		.byte	0x8
 378 0051 05       		.byte	0x5
 379 0052 81010000 		.4byte	.LASF6
 380 0056 02       		.uleb128 0x2
 381 0057 08       		.byte	0x8
 382 0058 07       		.byte	0x7
 383 0059 60010000 		.4byte	.LASF7
 384 005d 03       		.uleb128 0x3
 385 005e 04       		.byte	0x4
 386 005f 05       		.byte	0x5
 387 0060 696E7400 		.ascii	"int\000"
 388 0064 02       		.uleb128 0x2
 389 0065 04       		.byte	0x4
 390 0066 07       		.byte	0x7
 391 0067 53010000 		.4byte	.LASF8
 392 006b 04       		.uleb128 0x4
 393 006c 0D020000 		.4byte	.LASF12
 394 0070 02       		.byte	0x2
 395 0071 E901     		.2byte	0x1e9
 396 0073 2C000000 		.4byte	0x2c
 397 0077 02       		.uleb128 0x2
ARM GAS  C:\Users\JEFFSN~1\AppData\Local\Temp\ccOMY40j.s 			page 20


 398 0078 04       		.byte	0x4
 399 0079 04       		.byte	0x4
 400 007a 3A000000 		.4byte	.LASF9
 401 007e 02       		.uleb128 0x2
 402 007f 08       		.byte	0x8
 403 0080 04       		.byte	0x4
 404 0081 39010000 		.4byte	.LASF10
 405 0085 02       		.uleb128 0x2
 406 0086 01       		.byte	0x1
 407 0087 08       		.byte	0x8
 408 0088 8F010000 		.4byte	.LASF11
 409 008c 04       		.uleb128 0x4
 410 008d 7C010000 		.4byte	.LASF13
 411 0091 02       		.byte	0x2
 412 0092 9302     		.2byte	0x293
 413 0094 98000000 		.4byte	0x98
 414 0098 05       		.uleb128 0x5
 415 0099 6B000000 		.4byte	0x6b
 416 009d 06       		.uleb128 0x6
 417 009e 1C000000 		.4byte	.LASF14
 418 00a2 01       		.byte	0x1
 419 00a3 39       		.byte	0x39
 420 00a4 00000000 		.4byte	.LFB0
 421 00a8 18000000 		.4byte	.LFE0-.LFB0
 422 00ac 01       		.uleb128 0x1
 423 00ad 9C       		.byte	0x9c
 424 00ae D1000000 		.4byte	0xd1
 425 00b2 07       		.uleb128 0x7
 426 00b3 00000000 		.4byte	.LASF16
 427 00b7 01       		.byte	0x1
 428 00b8 39       		.byte	0x39
 429 00b9 6B000000 		.4byte	0x6b
 430 00bd 00000000 		.4byte	.LLST0
 431 00c1 08       		.uleb128 0x8
 432 00c2 11000000 		.4byte	.LASF23
 433 00c6 01       		.byte	0x1
 434 00c7 3B       		.byte	0x3b
 435 00c8 6B000000 		.4byte	0x6b
 436 00cc 21000000 		.4byte	.LLST1
 437 00d0 00       		.byte	0
 438 00d1 06       		.uleb128 0x6
 439 00d2 40010000 		.4byte	.LASF15
 440 00d6 01       		.byte	0x1
 441 00d7 5A       		.byte	0x5a
 442 00d8 00000000 		.4byte	.LFB1
 443 00dc 18000000 		.4byte	.LFE1-.LFB1
 444 00e0 01       		.uleb128 0x1
 445 00e1 9C       		.byte	0x9c
 446 00e2 F6000000 		.4byte	0xf6
 447 00e6 07       		.uleb128 0x7
 448 00e7 77010000 		.4byte	.LASF17
 449 00eb 01       		.byte	0x1
 450 00ec 5A       		.byte	0x5a
 451 00ed 6B000000 		.4byte	0x6b
 452 00f1 39000000 		.4byte	.LLST2
 453 00f5 00       		.byte	0
 454 00f6 09       		.uleb128 0x9
ARM GAS  C:\Users\JEFFSN~1\AppData\Local\Temp\ccOMY40j.s 			page 21


 455 00f7 06000000 		.4byte	.LASF18
 456 00fb 01       		.byte	0x1
 457 00fc 71       		.byte	0x71
 458 00fd 6B000000 		.4byte	0x6b
 459 0101 00000000 		.4byte	.LFB2
 460 0105 10000000 		.4byte	.LFE2-.LFB2
 461 0109 01       		.uleb128 0x1
 462 010a 9C       		.byte	0x9c
 463 010b 09       		.uleb128 0x9
 464 010c 28000000 		.4byte	.LASF19
 465 0110 01       		.byte	0x1
 466 0111 8D       		.byte	0x8d
 467 0112 6B000000 		.4byte	0x6b
 468 0116 00000000 		.4byte	.LFB3
 469 011a 10000000 		.4byte	.LFE3-.LFB3
 470 011e 01       		.uleb128 0x1
 471 011f 9C       		.byte	0x9c
 472 0120 00       		.byte	0
 473              		.section	.debug_abbrev,"",%progbits
 474              	.Ldebug_abbrev0:
 475 0000 01       		.uleb128 0x1
 476 0001 11       		.uleb128 0x11
 477 0002 01       		.byte	0x1
 478 0003 25       		.uleb128 0x25
 479 0004 0E       		.uleb128 0xe
 480 0005 13       		.uleb128 0x13
 481 0006 0B       		.uleb128 0xb
 482 0007 03       		.uleb128 0x3
 483 0008 0E       		.uleb128 0xe
 484 0009 1B       		.uleb128 0x1b
 485 000a 0E       		.uleb128 0xe
 486 000b 55       		.uleb128 0x55
 487 000c 17       		.uleb128 0x17
 488 000d 11       		.uleb128 0x11
 489 000e 01       		.uleb128 0x1
 490 000f 10       		.uleb128 0x10
 491 0010 17       		.uleb128 0x17
 492 0011 00       		.byte	0
 493 0012 00       		.byte	0
 494 0013 02       		.uleb128 0x2
 495 0014 24       		.uleb128 0x24
 496 0015 00       		.byte	0
 497 0016 0B       		.uleb128 0xb
 498 0017 0B       		.uleb128 0xb
 499 0018 3E       		.uleb128 0x3e
 500 0019 0B       		.uleb128 0xb
 501 001a 03       		.uleb128 0x3
 502 001b 0E       		.uleb128 0xe
 503 001c 00       		.byte	0
 504 001d 00       		.byte	0
 505 001e 03       		.uleb128 0x3
 506 001f 24       		.uleb128 0x24
 507 0020 00       		.byte	0
 508 0021 0B       		.uleb128 0xb
 509 0022 0B       		.uleb128 0xb
 510 0023 3E       		.uleb128 0x3e
 511 0024 0B       		.uleb128 0xb
ARM GAS  C:\Users\JEFFSN~1\AppData\Local\Temp\ccOMY40j.s 			page 22


 512 0025 03       		.uleb128 0x3
 513 0026 08       		.uleb128 0x8
 514 0027 00       		.byte	0
 515 0028 00       		.byte	0
 516 0029 04       		.uleb128 0x4
 517 002a 16       		.uleb128 0x16
 518 002b 00       		.byte	0
 519 002c 03       		.uleb128 0x3
 520 002d 0E       		.uleb128 0xe
 521 002e 3A       		.uleb128 0x3a
 522 002f 0B       		.uleb128 0xb
 523 0030 3B       		.uleb128 0x3b
 524 0031 05       		.uleb128 0x5
 525 0032 49       		.uleb128 0x49
 526 0033 13       		.uleb128 0x13
 527 0034 00       		.byte	0
 528 0035 00       		.byte	0
 529 0036 05       		.uleb128 0x5
 530 0037 35       		.uleb128 0x35
 531 0038 00       		.byte	0
 532 0039 49       		.uleb128 0x49
 533 003a 13       		.uleb128 0x13
 534 003b 00       		.byte	0
 535 003c 00       		.byte	0
 536 003d 06       		.uleb128 0x6
 537 003e 2E       		.uleb128 0x2e
 538 003f 01       		.byte	0x1
 539 0040 3F       		.uleb128 0x3f
 540 0041 19       		.uleb128 0x19
 541 0042 03       		.uleb128 0x3
 542 0043 0E       		.uleb128 0xe
 543 0044 3A       		.uleb128 0x3a
 544 0045 0B       		.uleb128 0xb
 545 0046 3B       		.uleb128 0x3b
 546 0047 0B       		.uleb128 0xb
 547 0048 27       		.uleb128 0x27
 548 0049 19       		.uleb128 0x19
 549 004a 11       		.uleb128 0x11
 550 004b 01       		.uleb128 0x1
 551 004c 12       		.uleb128 0x12
 552 004d 06       		.uleb128 0x6
 553 004e 40       		.uleb128 0x40
 554 004f 18       		.uleb128 0x18
 555 0050 9742     		.uleb128 0x2117
 556 0052 19       		.uleb128 0x19
 557 0053 01       		.uleb128 0x1
 558 0054 13       		.uleb128 0x13
 559 0055 00       		.byte	0
 560 0056 00       		.byte	0
 561 0057 07       		.uleb128 0x7
 562 0058 05       		.uleb128 0x5
 563 0059 00       		.byte	0
 564 005a 03       		.uleb128 0x3
 565 005b 0E       		.uleb128 0xe
 566 005c 3A       		.uleb128 0x3a
 567 005d 0B       		.uleb128 0xb
 568 005e 3B       		.uleb128 0x3b
ARM GAS  C:\Users\JEFFSN~1\AppData\Local\Temp\ccOMY40j.s 			page 23


 569 005f 0B       		.uleb128 0xb
 570 0060 49       		.uleb128 0x49
 571 0061 13       		.uleb128 0x13
 572 0062 02       		.uleb128 0x2
 573 0063 17       		.uleb128 0x17
 574 0064 00       		.byte	0
 575 0065 00       		.byte	0
 576 0066 08       		.uleb128 0x8
 577 0067 34       		.uleb128 0x34
 578 0068 00       		.byte	0
 579 0069 03       		.uleb128 0x3
 580 006a 0E       		.uleb128 0xe
 581 006b 3A       		.uleb128 0x3a
 582 006c 0B       		.uleb128 0xb
 583 006d 3B       		.uleb128 0x3b
 584 006e 0B       		.uleb128 0xb
 585 006f 49       		.uleb128 0x49
 586 0070 13       		.uleb128 0x13
 587 0071 02       		.uleb128 0x2
 588 0072 17       		.uleb128 0x17
 589 0073 00       		.byte	0
 590 0074 00       		.byte	0
 591 0075 09       		.uleb128 0x9
 592 0076 2E       		.uleb128 0x2e
 593 0077 00       		.byte	0
 594 0078 3F       		.uleb128 0x3f
 595 0079 19       		.uleb128 0x19
 596 007a 03       		.uleb128 0x3
 597 007b 0E       		.uleb128 0xe
 598 007c 3A       		.uleb128 0x3a
 599 007d 0B       		.uleb128 0xb
 600 007e 3B       		.uleb128 0x3b
 601 007f 0B       		.uleb128 0xb
 602 0080 27       		.uleb128 0x27
 603 0081 19       		.uleb128 0x19
 604 0082 49       		.uleb128 0x49
 605 0083 13       		.uleb128 0x13
 606 0084 11       		.uleb128 0x11
 607 0085 01       		.uleb128 0x1
 608 0086 12       		.uleb128 0x12
 609 0087 06       		.uleb128 0x6
 610 0088 40       		.uleb128 0x40
 611 0089 18       		.uleb128 0x18
 612 008a 9742     		.uleb128 0x2117
 613 008c 19       		.uleb128 0x19
 614 008d 00       		.byte	0
 615 008e 00       		.byte	0
 616 008f 00       		.byte	0
 617              		.section	.debug_loc,"",%progbits
 618              	.Ldebug_loc0:
 619              	.LLST0:
 620 0000 00000000 		.4byte	.LVL0
 621 0004 06000000 		.4byte	.LVL1
 622 0008 0100     		.2byte	0x1
 623 000a 50       		.byte	0x50
 624 000b 06000000 		.4byte	.LVL1
 625 000f 18000000 		.4byte	.LFE0
ARM GAS  C:\Users\JEFFSN~1\AppData\Local\Temp\ccOMY40j.s 			page 24


 626 0013 0400     		.2byte	0x4
 627 0015 F3       		.byte	0xf3
 628 0016 01       		.uleb128 0x1
 629 0017 50       		.byte	0x50
 630 0018 9F       		.byte	0x9f
 631 0019 00000000 		.4byte	0
 632 001d 00000000 		.4byte	0
 633              	.LLST1:
 634 0021 08000000 		.4byte	.LVL2
 635 0025 0C000000 		.4byte	.LVL3
 636 0029 0600     		.2byte	0x6
 637 002b 73       		.byte	0x73
 638 002c 00       		.sleb128 0
 639 002d 09       		.byte	0x9
 640 002e FE       		.byte	0xfe
 641 002f 1A       		.byte	0x1a
 642 0030 9F       		.byte	0x9f
 643 0031 00000000 		.4byte	0
 644 0035 00000000 		.4byte	0
 645              	.LLST2:
 646 0039 00000000 		.4byte	.LVL4
 647 003d 06000000 		.4byte	.LVL5
 648 0041 0100     		.2byte	0x1
 649 0043 50       		.byte	0x50
 650 0044 06000000 		.4byte	.LVL5
 651 0048 18000000 		.4byte	.LFE1
 652 004c 0400     		.2byte	0x4
 653 004e F3       		.byte	0xf3
 654 004f 01       		.uleb128 0x1
 655 0050 50       		.byte	0x50
 656 0051 9F       		.byte	0x9f
 657 0052 00000000 		.4byte	0
 658 0056 00000000 		.4byte	0
 659              		.section	.debug_aranges,"",%progbits
 660 0000 34000000 		.4byte	0x34
 661 0004 0200     		.2byte	0x2
 662 0006 00000000 		.4byte	.Ldebug_info0
 663 000a 04       		.byte	0x4
 664 000b 00       		.byte	0
 665 000c 0000     		.2byte	0
 666 000e 0000     		.2byte	0
 667 0010 00000000 		.4byte	.LFB0
 668 0014 18000000 		.4byte	.LFE0-.LFB0
 669 0018 00000000 		.4byte	.LFB1
 670 001c 18000000 		.4byte	.LFE1-.LFB1
 671 0020 00000000 		.4byte	.LFB2
 672 0024 10000000 		.4byte	.LFE2-.LFB2
 673 0028 00000000 		.4byte	.LFB3
 674 002c 10000000 		.4byte	.LFE3-.LFB3
 675 0030 00000000 		.4byte	0
 676 0034 00000000 		.4byte	0
 677              		.section	.debug_ranges,"",%progbits
 678              	.Ldebug_ranges0:
 679 0000 00000000 		.4byte	.LFB0
 680 0004 18000000 		.4byte	.LFE0
 681 0008 00000000 		.4byte	.LFB1
 682 000c 18000000 		.4byte	.LFE1
ARM GAS  C:\Users\JEFFSN~1\AppData\Local\Temp\ccOMY40j.s 			page 25


 683 0010 00000000 		.4byte	.LFB2
 684 0014 10000000 		.4byte	.LFE2
 685 0018 00000000 		.4byte	.LFB3
 686 001c 10000000 		.4byte	.LFE3
 687 0020 00000000 		.4byte	0
 688 0024 00000000 		.4byte	0
 689              		.section	.debug_line,"",%progbits
 690              	.Ldebug_line0:
 691 0000 90000000 		.section	.debug_str,"MS",%progbits,1
 691      02004200 
 691      00000201 
 691      FB0E0D00 
 691      01010101 
 692              	.LASF16:
 693 0000 76616C75 		.ascii	"value\000"
 693      6500
 694              	.LASF18:
 695 0006 53434C5F 		.ascii	"SCL_1_Read\000"
 695      315F5265 
 695      616400
 696              	.LASF23:
 697 0011 73746174 		.ascii	"staticBits\000"
 697      69634269 
 697      747300
 698              	.LASF14:
 699 001c 53434C5F 		.ascii	"SCL_1_Write\000"
 699      315F5772 
 699      69746500 
 700              	.LASF19:
 701 0028 53434C5F 		.ascii	"SCL_1_ReadDataReg\000"
 701      315F5265 
 701      61644461 
 701      74615265 
 701      6700
 702              	.LASF9:
 703 003a 666C6F61 		.ascii	"float\000"
 703      7400
 704              	.LASF21:
 705 0040 47656E65 		.ascii	"Generated_Source\\PSoC5\\SCL_1.c\000"
 705      72617465 
 705      645F536F 
 705      75726365 
 705      5C50536F 
 706              	.LASF20:
 707 005f 474E5520 		.ascii	"GNU C11 5.4.1 20160609 (release) [ARM/embedded-5-br"
 707      43313120 
 707      352E342E 
 707      31203230 
 707      31363036 
 708 0092 616E6368 		.ascii	"anch revision 237715] -mcpu=cortex-m3 -mthumb -g -O"
 708      20726576 
 708      6973696F 
 708      6E203233 
 708      37373135 
 709 00c5 33202D66 		.ascii	"3 -ffunction-sections -ffat-lto-objects -finline-fu"
 709      66756E63 
 709      74696F6E 
ARM GAS  C:\Users\JEFFSN~1\AppData\Local\Temp\ccOMY40j.s 			page 26


 709      2D736563 
 709      74696F6E 
 710 00f8 6E637469 		.ascii	"nctions -flto\000"
 710      6F6E7320 
 710      2D666C74 
 710      6F00
 711              	.LASF5:
 712 0106 6C6F6E67 		.ascii	"long unsigned int\000"
 712      20756E73 
 712      69676E65 
 712      6420696E 
 712      7400
 713              	.LASF3:
 714 0118 73686F72 		.ascii	"short unsigned int\000"
 714      7420756E 
 714      7369676E 
 714      65642069 
 714      6E7400
 715              	.LASF1:
 716 012b 756E7369 		.ascii	"unsigned char\000"
 716      676E6564 
 716      20636861 
 716      7200
 717              	.LASF10:
 718 0139 646F7562 		.ascii	"double\000"
 718      6C6500
 719              	.LASF15:
 720 0140 53434C5F 		.ascii	"SCL_1_SetDriveMode\000"
 720      315F5365 
 720      74447269 
 720      76654D6F 
 720      646500
 721              	.LASF8:
 722 0153 756E7369 		.ascii	"unsigned int\000"
 722      676E6564 
 722      20696E74 
 722      00
 723              	.LASF7:
 724 0160 6C6F6E67 		.ascii	"long long unsigned int\000"
 724      206C6F6E 
 724      6720756E 
 724      7369676E 
 724      65642069 
 725              	.LASF17:
 726 0177 6D6F6465 		.ascii	"mode\000"
 726      00
 727              	.LASF13:
 728 017c 72656738 		.ascii	"reg8\000"
 728      00
 729              	.LASF6:
 730 0181 6C6F6E67 		.ascii	"long long int\000"
 730      206C6F6E 
 730      6720696E 
 730      7400
 731              	.LASF11:
 732 018f 63686172 		.ascii	"char\000"
 732      00
ARM GAS  C:\Users\JEFFSN~1\AppData\Local\Temp\ccOMY40j.s 			page 27


 733              	.LASF22:
 734 0194 433A5C55 		.ascii	"C:\\Users\\JeffSnyder\\dev\\Electrobass_embedded\\P"
 734      73657273 
 734      5C4A6566 
 734      66536E79 
 734      6465725C 
 735 01c2 534F4335 		.ascii	"SOC5_electrobass_stringsensors\\CE210514_PSOC3_5_Th"
 735      5F656C65 
 735      6374726F 
 735      62617373 
 735      5F737472 
 736 01f4 65726D69 		.ascii	"ermistor.cydsn\000"
 736      73746F72 
 736      2E637964 
 736      736E00
 737              	.LASF2:
 738 0203 73686F72 		.ascii	"short int\000"
 738      7420696E 
 738      7400
 739              	.LASF12:
 740 020d 75696E74 		.ascii	"uint8\000"
 740      3800
 741              	.LASF4:
 742 0213 6C6F6E67 		.ascii	"long int\000"
 742      20696E74 
 742      00
 743              	.LASF0:
 744 021c 7369676E 		.ascii	"signed char\000"
 744      65642063 
 744      68617200 
 745              		.comm	__gnu_lto_v1,1,1
 746              		.ident	"GCC: (GNU Tools for ARM Embedded Processors) 5.4.1 20160609 (release) [ARM/embedded-5-bran
