ARM GAS  C:\Users\JEFFSN~1\AppData\Local\Temp\cc2BkkJP.s 			page 1


   1              		.syntax unified
   2              		.cpu cortex-m3
   3              		.fpu softvfp
   4              		.eabi_attribute 20, 1
   5              		.eabi_attribute 21, 1
   6              		.eabi_attribute 23, 3
   7              		.eabi_attribute 24, 1
   8              		.eabi_attribute 25, 1
   9              		.eabi_attribute 26, 1
  10              		.eabi_attribute 30, 2
  11              		.eabi_attribute 34, 1
  12              		.eabi_attribute 18, 4
  13              		.thumb
  14              		.syntax unified
  15              		.file	"SCLK_1.c"
  16              		.text
  17              	.Ltext0:
  18              		.section	.gnu.lto_.profile.a80c87f0,"",%progbits
  19 0000 789C6361 		.ascii	"x\234ca`d`a`\000\222\222\242\000\000\261\0009"
  19      60646061 
  19      60009292 
  19      A20000B1 
  19      0039
  20              		.text
  21              		.section	.gnu.lto_.icf.a80c87f0,"",%progbits
  22 0000 789C6361 		.ascii	"x\234ca`d\000\001I\006\004`ah\230:o\017\037\343\342"
  22      60640001 
  22      49060460 
  22      6168983A 
  22      6F0F1FE3 
  23 0015 C757C499 		.ascii	"\307W\304\231&\354Z\372\204\225\371\332\345\217oy\030"
  23      26EC5AFA 
  23      8495F9DA 
  23      E58F6F79 
  23      18
  24 0026 008E1F0B 		.ascii	"\000\216\037\013\202"
  24      82
  25              		.text
  26              		.section	.gnu.lto_.jmpfuncs.a80c87f0,"",%progbits
  27 0000 789C6361 		.ascii	"x\234ca`d\000\001!\006\004`a`dd\254g\004\021L\014\014"
  27      60640001 
  27      21060460 
  27      61606464 
  27      AC670411 
  28 0017 CC401100 		.ascii	"\314@\021\000\016\"\001&"
  28      0E220126 
  29              		.text
  30              		.section	.gnu.lto_.inline.a80c87f0,"",%progbits
  31 0000 789C6361 		.ascii	"x\234ca`d\000\201$\006\004`a`\340\344`dd\340\000J1s"
  31      60640081 
  31      24060460 
  31      6160E0E4 
  31      606464E0 
  32 0018 1CB06360 		.ascii	"\034\260c`[ \317\304\300\262@\236\005$\013\024g\307"
  32      5B20CFC4 
  32      C0B2409E 
  32      05240B14 
ARM GAS  C:\Users\JEFFSN~1\AppData\Local\Temp\cc2BkkJP.s 			page 2


  32      67C7
  33 002a 9064BAC0 		.ascii	"\220d\272\300\017\226db`ced`b\373\240\007\021\007\002"
  33      0F966462 
  33      60636564 
  33      6062FBA0 
  33      07110702 
  34 003e 664C2106 		.ascii	"fL!\006\000\346\332\011\346"
  34      00E6DA09 
  34      E6
  35              		.text
  36              		.section	.gnu.lto_.pureconst.a80c87f0,"",%progbits
  37 0000 789C6361 		.ascii	"x\234ca`d\340d```a\220b\224b\222b\226\002\000\002\261"
  37      6064E064 
  37      60606061 
  37      90629462 
  37      92629602 
  38 0017 0081     		.ascii	"\000\201"
  39              		.text
  40              		.section	.gnu.lto_SCLK_1_Write.a80c87f0,"",%progbits
  41 0000 789C5551 		.ascii	"x\234UQMk\023Q\024\275\347\275\231I56\177\300,\002\245"
  41      4D6B1351 
  41      14BDE7BD 
  41      99493536 
  41      7FC02C02 
  42 0015 94208852 		.ascii	"\224 \210R\374\003v\341B\027b\266\201\022\322Y\024\324"
  42      FC0376E1 
  42      421762B6 
  42      8112D259 
  42      14D4
  43 0027 429BBAED 		.ascii	"B\233\272\355\233N\222\202\"dc\273\322B\2444\332\357"
  43      9B4E9282 
  43      226463BB 
  43      D242A434 
  43      DAEF
  44 0039 BA520487 		.ascii	"\272R\004\207\331\253\233\272\021\021)2\202\253\210"
  44      D9AB9BBA 
  44      11112932 
  44      82AB88
  45 0048 C6563B1A 		.ascii	"\306V;\032\357\235\351\302^x\037s\347\234s\317\275\317"
  45      EF9DE9C2 
  45      5E781F73 
  45      E79C73CF 
  45      BDCF
  46 005a 2290C439 		.ascii	"\"\220\3049E4\312\347Y^\320\004\325zC\344\015(@.f\000"
  46      4534CAE7 
  46      595ED004 
  46      D57A43E4 
  46      0D28402E 
  47 0070 34A73087 		.ascii	"4\2470\207\236\372\243\020.D\317Uq\325p|Zy\244M'@C\023"
  47      9EFAA310 
  47      2E44CF55 
  47      71D5707C 
  47      5A79A44D 
  48 0088 F555A244 		.ascii	"\365U\242DXE\221Q_^.\354A\017\201\370\336\014{\335\354"
  48      58459151 
  48      5F5E2EEC 
  48      410F81F8 
ARM GAS  C:\Users\JEFFSN~1\AppData\Local\Temp\cc2BkkJP.s 			page 3


  48      DE0C7BDD 
  49 009d C88A31F3 		.ascii	"\310\2121\363\306|/\033\335\320@\007\232\031\030\315"
  49      C67C2F1B 
  49      DDD04007 
  49      9A1918CD 
  50 00ad E3429E38 		.ascii	"\343B\2368Ax\202\021\001\037\276\337\333\314\351bBl"
  50      41788211 
  50      011FBEDF 
  50      DBCCE962 
  50      426C
  51 00bf 99A87D66 		.ascii	"\231\250}f\370\261\020\203\203[K&\360\012\302}\372?"
  51      F8B11083 
  51      835B4B26 
  51      F00AC27D 
  51      FA3F
  52 00d1 5782A1FB 		.ascii	"W\202\241\373;\177\037\014:uqU\300\032\206S?X\207\303"
  52      3B7F1F0C 
  52      3A757155 
  52      C01A8653 
  52      3F5887C3 
  53 00e5 1D42325B 		.ascii	"\035B2[7\002\323\357\373&\350\331=}JqQ\305\235\362\017"
  53      3702D3EF 
  53      FB26E8D9 
  53      3D7D4A71 
  53      51C59DF2 
  54 00fa 0B52DB96 		.ascii	"\013R\333\226\204#[F6\242./\351\376\233Rr\352\010\341"
  54      84235B46 
  54      36A22E2F 
  54      E9FE9B52 
  54      72EA08E1 
  55 010e EFBB1F97 		.ascii	"\357\273\037\2272\242\351k\231\304b#|\233\371\241\032"
  55      32A2E96B 
  55      99C46223 
  55      7C9BF9A1 
  55      1A
  56 011f 5A276E3B 		.ascii	"Z'n;\3658V\351g\253\355\031\213S\257\373\333qn\031\017"
  56      F53856E9 
  56      67ABED19 
  56      8B53AFFB 
  56      DB716E19 
  57 0134 BD3ACFC8 		.ascii	"\275:\317\310\302&\362\330\000{\306\026\226A\021\374"
  57      C226F2D8 
  57      007BC616 
  57      964111FC 
  58 0144 B8F901A9 		.ascii	"\270\371\001\251\240N5\357\375\332}7(\"\300+`\233\301"
  58      A04E35EF 
  58      FDDA7D37 
  58      2822C02B 
  58      609BC1
  59 0157 FB50491B 		.ascii	"\373PI\033\354\224QB\3526\243\203c\033\266\257\245\316"
  59      EC945142 
  59      EA36A383 
  59      631BB6AF 
  59      A5CE
  60 0169 E7A38D17 		.ascii	"\347\243\215\0279a\331\014\334aR\"\035\037K\013\216"
  60      3961D90C 
  60      DC615222 
ARM GAS  C:\Users\JEFFSN~1\AppData\Local\Temp\cc2BkkJP.s 			page 4


  60      1D1F4B0B 
  60      8E
  61 017a 41ED9FFE 		.ascii	"A\355\237\376\375\254\200,\004\204\335\024u\350\244"
  61      FDAC802C 
  61      0484DD14 
  61      75E8A4
  62 0189 984CE2C0 		.ascii	"\230L\342\300\341T\270\230\320N\270\367\214\311\236"
  62      E154B898 
  62      D04EB8F7 
  62      8CC99E
  63 0198 6CE01937 		.ascii	"l\340\0317\300,\372\212\371\340\310\026B\362\022]\005"
  63      C02CFA8A 
  63      F9E0C816 
  63      42F2125D 
  63      05
  64 01a9 19168FAE 		.ascii	"\031\026\217\256p\305\275\355NWj\356\304xijv\272\352"
  64      70C5BDED 
  64      4E576AEE 
  64      C478696A 
  64      76BAEA
  65 01bc 96AF97A6 		.ascii	"\226\257\227\246\306.\225Kc\327\256\216_<_%\373N\345"
  65      C62E954B 
  65      63D7AE8E 
  65      5F3C5F25 
  65      FB4EE5
  66 01cf E6AC7B7A 		.ascii	"\346\254{z\246V\251MV/O\326f\376\001h\241\304|"
  66      A656A94D 
  66      562F4FD6 
  66      66FE0168 
  66      A1C47C
  67              		.text
  68              		.section	.gnu.lto_SCLK_1_SetDriveMode.a80c87f0,"",%progbits
  69 0000 789C7D51 		.ascii	"x\234}QMK\033Q\024\275\347\275\311LBh\376\200Y\010]"
  69      4D4B1B51 
  69      14BDE7BD 
  69      C94C4268 
  69      FE805908 
  70 0015 846C4A4A 		.ascii	"\204lJJ\351/\020\352\302.J\263\215\204\222\314\262\006"
  70      E92F10EA 
  70      C22E4AB3 
  70      8D8492CC 
  70      B206
  71 0027 45D779F9 		.ascii	"E\327y\371B\260 \026\321M\221\270\021?\022MK7\355BH"
  71      42B02016 
  71      D14D91B8 
  71      113F124D 
  71      4B37ED42 
  72 003c 03ED32BA 		.ascii	"\003\3552\272\222\"Z\304E(\205\226\330VZRc\274w\306"
  72      92225AC4 
  72      45288596 
  72      D8565A52 
  72      63BC77C6 
  73 0050 45567DCC 		.ascii	"EV}\314\273\037\207s\016\367\276\261\010$\347+\247\030"
  73      BB1F8773 
  73      0EF7BEB1 
  73      0824E72B 
  73      A718
ARM GAS  C:\Users\JEFFSN~1\AppData\Local\Temp\cc2BkkJP.s 			page 5


  74 0062 E711BED0 		.ascii	"\347\021\276\320\004\265\324&*\004\025 \205\011\202"
  74      04B5D426 
  74      2A041520 
  74      850982
  75 0071 F20A795C 		.ascii	"\362\012y\\\252\276Bk\276\363^\3057\015\237\263\217"
  75      AABE426B 
  75      BEF35EC5 
  75      370D9FB3 
  75      8F
  76 0082 3F1266AB 		.ascii	"?\022f\253\211\212&\032(\317\211\260\2118\263~\275\335"
  76      898A261A 
  76      28CF89B0 
  76      8938B37E 
  76      BDDD
  77 0094 580EEBBB 		.ascii	"X\016\353\273 \256/\332\335/\221\330\2061Ec^N\032]\321"
  77      20AE2FDA 
  77      DD2F91D8 
  77      86314563 
  77      5E4E1A5D 
  78 00a9 C016342B 		.ascii	"\300\0264+\360 \212D\224\030 l#&\344\3637\327+w\354"
  78      F0208A44 
  78      9418206C 
  78      2326E4F3 
  78      37D72B77 
  79 00be B2D88FFA 		.ascii	"\262\330\217\372\246\330\201-c6\2366\315`P2\315?\366"
  79      A6D8812D 
  79      63369E36 
  79      CD605032 
  79      CD3FF6
  80 00d1 879E1D56 		.ascii	"\207\236\035V,S\232\203\266$\004 \016\266\224\216\204"
  80      2C539A83 
  80      B6240420 
  80      0EB6948E 
  80      84
  81 00e2 A0849070 		.ascii	"\240\204\220p\210\272|e\221\013\245$\353\016Z\275\205"
  81      88BA7C65 
  81      910BA524 
  81      EB0E5ABD 
  81      85
  82 00f3 CE2B4B9C 		.ascii	"\316+K\234KZ\226Z\255\264\016\234\337\252\242-o\342"
  82      4B5A965A 
  82      ADB40E9C 
  82      DFAAA22D 
  82      6FE2
  83 0105 FD77F543 		.ascii	"\375w\365C\345\267\213\353\005c1trz\364YW\261V(\363"
  83      E5B78BEB 
  83      05633174 
  83      727AF459 
  83      57B15628 
  84 011a BA01D411 		.ascii	"\272\001\324\021E\015Q\236n\027UP\007\305\237\216o\247"
  84      450D519E 
  84      6E175550 
  84      07C59F8E 
  84      6FA7
  85 012c D991FBD2 		.ascii	"\331\221\373\322\225\355\367\026C\254?\376\364\242\037"
  85      95EDF716 
  85      43AC3FFE 
ARM GAS  C:\Users\JEFFSN~1\AppData\Local\Temp\cc2BkkJP.s 			page 6


  85      F4A21F
  86 013b 124B8D69 		.ascii	"\022K\215i\354\261rH\302_`X\3420\304\222\357G\265\272"
  86      ECB17248 
  86      C25F6058 
  86      E230C492 
  86      EF47B5BA 
  87 014f F6251134 		.ascii	"\366%\0214<I\351\357-%\350\031;\303.!F\271o\255B\372"
  87      3C49E9EF 
  87      2D25E819 
  87      3BC32E21 
  87      46B96FAD 
  88 0165 FF8DFC9A 		.ascii	"\377\215\374\232Gf>}C\261\371\357\221\260\275_\327U"
  88      47663E7D 
  88      43B1F9EF 
  88      91B0BD5F 
  88      D755
  89 0177 90E7E1C7 		.ascii	"\220\347\341\307\032\035w\247\334\231g\263n6\235\314"
  89      1A1D77A7 
  89      DC9967B3 
  89      6E369DCC 
  90 0187 CDCD64DC 		.ascii	"\315\315d\334\324\223dn\354a*9\366x\"}\377^\206\254"
  90      D493646E 
  90      EC612A39 
  90      F678227D 
  90      FF5E86AC 
  91 019b E7B9AC7B 		.ascii	"\347\271\254{\003\245\345\245\355"
  91      03A5E5A5 
  91      ED
  92              		.text
  93              		.section	.gnu.lto_SCLK_1_Read.a80c87f0,"",%progbits
  94 0000 789C354F 		.ascii	"x\2345O\277KBQ\024>\337\275\317\367$\260\177 \207hs"
  94      BF4B4251 
  94      143EDFBD 
  94      CFF724B0 
  94      7F208768 
  95 0015 89228268 		.ascii	"\211\"\202h\025j\250!rh\021$\354\255\011R\263O\237\257"
  95      156AA821 
  95      72681124 
  95      ECAD0952 
  95      B34F9FAF 
  96 0029 201A6AA8 		.ascii	" \032j\250\246\012\202\3204\221&\243\351%\004APS\321"
  96      A60A82D0 
  96      349126A3 
  96      E9250441 
  96      5053D1
  97 003c 1411E2D0 		.ascii	"\024\021\342\320\020eF`\246\235\333\253\003\367\234"
  97      10654660 
  97      A69DDBAB 
  97      03F79C
  98 004b 7BCFFD7E 		.ascii	"{\317\375~\234\243\021H\305\034\227\001\256}| \011b"
  98      9CA31148 
  98      C51C9701 
  98      AE7D7C20 
  98      0962
  99 005d E39A28ED 		.ascii	"\343\232(\355\027\200\272X~PJ \205\017\361-p\365y\271"
  99      1780BA58 
  99      7E504A20 
ARM GAS  C:\Users\JEFFSN~1\AppData\Local\Temp\cc2BkkJP.s 			page 7


  99      850FF12D 
  99      70F579B9 
 100 0071 DE13CA59 		.ascii	"\336\023\312YV\306z<l\215\355\344]8\222\250+\010#A\014"
 100      56C67A3C 
 100      6C8DEDE4 
 100      5D3892A8 
 100      2B082341 
 101 0086 0595440E 		.ascii	"\005\225D\016!b\350\323Ig+\240g-\216~\005\340\237<t"
 101      2162E8D3 
 101      49672BA0 
 101      672D8E7E 
 101      05E09F3C 
 102 009b 65599E75 		.ascii	"eY\236u\255n\327\266\334[\343\374\3360@\216d_N\032'"
 102      AD6ED7B6 
 102      DC5BE3FC 
 102      DE30408E 
 102      645F4E1A 
 103 00b0 E1534927 		.ascii	"\341SI'%K\257LSC\274\011\241\252\254\243\332Z{\330\033"
 103      254BAF4C 
 103      5343BC09 
 103      A1AAACA3 
 103      DA5A7BD8 
 104 00c5 574AB694 		.ascii	"WJ\266\224\354\262\355To\214\246p\244\2042\275\270\313"
 104      ECB2ED54 
 104      6F8CA670 
 104      A48432BD 
 104      B8CB
 105 00d7 BE6BDE73 		.ascii	"\276k\336s\363 mi\334*\234\226;\330\307n:\313\243j("
 105      F3206D69 
 105      DC2A9C96 
 105      3BD8C76E 
 105      3ACBA36A 
 106 00ec 208823F0 		.ascii	" \210#\360\240(r\227\352\260\333\023dKxr\225\227b%\240"
 106      A0287297 
 106      EAB0DB13 
 106      644B7872 
 106      95976225 
 107 0101 F8804B38 		.ascii	"\370\200K8f\\\035\231\306j[x\216\032\003\025\245\261"
 107      665C1D99 
 107      C66A5B78 
 107      8E1A0315 
 107      A5B1
 108 0113 D2D4BC8E 		.ascii	"\322\324\274\216\217\233\314\253}\225\316z\025O\360"
 108      8F9BCCAB 
 108      7D95CE7A 
 108      154FF0
 109 0122 8AA57F5A 		.ascii	"\212\245\177Z\015\036H\341\350\031\177\":\375n\006\265"
 109      0D1E48E1 
 109      E8197F22 
 109      3AFD6E06 
 109      B5
 110 0133 11EFD73F 		.ascii	"\021\357\327?i.\232\311\371%s!\026I,'\343ft&\222\010"
 110      692E9AC9 
 110      F9257321 
 110      16492C27 
 110      E3667426 
 111 0149 8F4623E1 		.ascii	"\217F#\341\351\251\330\360`\234~\000*\341|>"
ARM GAS  C:\Users\JEFFSN~1\AppData\Local\Temp\cc2BkkJP.s 			page 8


 111      E9A9D8F0 
 111      609C7E00 
 111      2AE17C3E 
 112              		.text
 113              		.section	.gnu.lto_SCLK_1_ReadDataReg.a80c87f0,"",%progbits
 114 0000 789C354F 		.ascii	"x\2345O\315K\002Q\020\237\337{\353*\202\376\003y\220"
 114      CD4B0251 
 114      109FDF7B 
 114      EB2A82FE 
 114      037990
 115 0013 6E5EA288 		.ascii	"n^\242\210\016u\025\352P\207\310C\027A\302\366\232 "
 115      0E7515EA 
 115      5087C843 
 115      1741C2F6 
 115      9A20
 116 0025 757675DD 		.ascii	"uvu\335\202\350\340\245:\205\020\204\232Iu\022\202`"
 116      82E8E0A5 
 116      3A851084 
 116      9A497512 
 116      8260
 117 0037 F314441F 		.ascii	"\363\024D\037\177B\204x\350\020%FP\233\333\274\266\006"
 117      7F428478 
 117      E8102546 
 117      509BDBBC 
 117      B606
 118 0049 DECC7BF3 		.ascii	"\336\314{\363~\0373\032\201T,s\031\345:\302\007\222"
 118      7E1F331A 
 118      81542C73 
 118      19E53AC2 
 118      0792
 119 005b 202A7744 		.ascii	" *wD\305\220\000\324\305\014\201\012\002\005\274\213"
 119      C59000D4 
 119      C50C810A 
 119      0205BC8B 
 120 006b 6F819B8F 		.ascii	"o\201\233\217\353\235p\242f\232%\363\361\2506\275_w"
 120      EB9D70A2 
 120      669A25F3 
 120      F1A836BD 
 120      5F77
 121 007d 604B224F 		.ascii	"`K\"O\020&c\030\217)\211\032\022\304\320\247\363\341"
 121      10266318 
 121      8F29891A 
 121      12C4D0A7 
 121      F3E1
 122 008f 6E442F9B 		.ascii	"nD/\233\034q\005\340\237:tey\272\344\230\236g\231\316"
 122      1C7105E0 
 122      9F3A7465 
 122      79BAE498 
 122      9E6799CE 
 123 00a3 65F8EA21 		.ascii	"e\370\352!\034\004\331\222}9i\234D@%\235\224,\2752M"
 123      1C04D992 
 123      7D39699C 
 123      4440259D 
 123      942CBD32 
 124 00b8 0DF12684 		.ascii	"\015\361&\204\252\262\207\316\347\366\2601\243\224,"
 124      AAB287CE 
 124      E7F6B031 
ARM GAS  C:\Users\JEFFSN~1\AppData\Local\Temp\cc2BkkJP.s 			page 9


 124      A3942C
 125 00c7 29D965CF 		.ascii	")\331e\317\356\334\007\007\302\226\022\312\264^v]\341"
 125      EEDC0707 
 125      C29612CA 
 125      B45E765D 
 125      E1
 126 00d8 3F2B8745 		.ascii	"?+\207ES\343\326\255w\346F\2538(\226yT\015\307\210\241"
 126      53E3D6AD 
 126      77E646AB 
 126      38289679 
 126      540DC788 
 127 00ed 011E144D 		.ascii	"\001\036\024MTA=X\356,Y\022\276\\\373\245\331\216(>"
 127      54413D58 
 127      EE2C5912 
 127      BE5CFBA5 
 127      D98E283E 
 128 0101 E0104E18 		.ascii	"\340\020N\030\327C\251\277\345\012\337Qc\240\242\364"
 128      D743A9BF 
 128      E50ADF51 
 128      63A0A2F4 
 129 0111 37079ADF 		.ascii	"7\007\232\337\011p\223y\335\257\326ET\361\004\257\330"
 129      09709379 
 129      DDAFD645 
 129      54F104AF 
 129      D8
 130 0122 FAA775E1 		.ascii	"\372\247u\341\203\024\216\236\361'\242\323\357fP\033"
 130      83148E9E 
 130      F127A2D3 
 130      EF66501B 
 131 0132 F17EF139 		.ascii	"\361~\3619c\315\310\257\254\033\253\231Tn#\2375\322"
 131      63CDC8AF 
 131      AC1BAB99 
 131      546E239F 
 131      35D2
 132 0144 8BA95C72 		.ascii	"\213\251\\r*\235J.\314g&\306\262\364\003&\231|\202"
 132      2A9D4A2E 
 132      CC6726C6 
 132      B2F40326 
 132      997C82
 133              		.text
 134              		.section	.gnu.lto_.symbol_nodes.a80c87f0,"",%progbits
 135 0000 789C6361 		.ascii	"x\234ca`dpc\000\002&\206z\006\206\011\347\030@\324\256"
 135      60647063 
 135      00022686 
 135      7A068609 
 135      E71840D4 
 136 0015 0645A000 		.ascii	"\006E\240\000c=#\252\000S=\023\252\000s=3\212\000\003"
 136      633D23AA 
 136      00533D13 
 136      AA00733D 
 136      338A0003 
 137 0029 0026B60F 		.ascii	"\000&\266\017<"
 137      3C
 138              		.text
 139              		.section	.gnu.lto_.refs.a80c87f0,"",%progbits
 140 0000 789C6361 		.ascii	"x\234ca`\004B \000\000\0009\000\007"
 140      60044220 
ARM GAS  C:\Users\JEFFSN~1\AppData\Local\Temp\cc2BkkJP.s 			page 10


 140      00000039 
 140      0007
 141              		.text
 142              		.section	.gnu.lto_.decls.a80c87f0,"",%progbits
 143 0000 789C8D53 		.ascii	"x\234\215S]H\024Q\024\276gfv\265q\333\302\"|Xh\363\311"
 143      5D481451 
 143      14BE6766 
 143      76B571DB 
 143      C2227C58 
 144 0017 A72589C0 		.ascii	"\247%\211\300\207\376@\313\207~\014\027\355E\220U\007"
 144      87FE40CB 
 144      877E0C17 
 144      ED459055 
 144      07
 145 0028 F345635B 		.ascii	"\363Ec[\003\337\256\256E\346CJij\222\326Ci\232\232\253"
 145      03DFAEAE 
 145      45E6434A 
 145      696A92D6 
 145      43699A9A 
 146 003d E6AE9A26 		.ascii	"\346\256\232&\370S (\222P\012\011\332\203d\244\271/"
 146      F8532028 
 146      92500A09 
 146      DA8364A4 
 146      B92F
 147 004f 12B69D7B 		.ascii	"\022\266\235{g\246\031l\003\017sf\316\271\367|\337\371"
 147      67A6196C 
 147      030F7366 
 147      CEB9F77C 
 147      DFF9
 148 0061 EE991989 		.ascii	"\356\231\031\211\000avZ\"\244\001\237\016L#h\026\214"
 148      0061765A 
 148      22A4019F 
 148      0E4C2368 
 148      168C
 149 0073 B38961B8 		.ascii	"\263\211a\270M\002\350\375\350\203\350!\362\257\261"
 149      4D02E8FD 
 149      E883E821 
 149      F2AFB1
 150 0082 7DAB86EB 		.ascii	"}\253\206\353b\\\350\243\350#\350\031Z\015hu\273\255"
 150      625CE8A3 
 150      E823E819 
 150      5A0D6875 
 150      BBAD
 151 0094 3F0A76DC 		.ascii	"?\012v\334\204\327\261\375Q\260L\217\305\204\313\210"
 151      84D7B1FD 
 151      51B04C8F 
 151      C584CB88 
 152 00a4 821B8C82 		.ascii	"\202\033\214\202\013\355\001\027\355\234;\002DZ\372"
 152      0BED0117 
 152      ED9C3B02 
 152      445AFA
 153 00b3 EEC72EC2 		.ascii	"\356\307.\302'\020\2116@\002\240\336\201;Q\235\247\030"
 153      27108936 
 153      4002A0DE 
 153      813B519D 
 153      A718
 154 00c5 08440DF4 		.ascii	"\010D\015\364\245\277F\264\022A\017\0152~ix\210\350"
ARM GAS  C:\Users\JEFFSN~1\AppData\Local\Temp\cc2BkkJP.s 			page 11


 154      A5BF46B4 
 154      12410F0D 
 154      327E6978 
 154      88E8
 155 00d7 C6490C76 		.ascii	"\306I\014v\320@j\256\353\326@ \030\015@Mu\204\211o\227"
 155      D0406AAE 
 155      EBD64020 
 155      180D404D 
 155      7584896F 
 156 00ec 225DB3DE 		.ascii	"\"]\263\336\206\010\372\241\207\252\246]\242\000,\374"
 156      8608FAA1 
 156      87AAA65D 
 156      A2002CFC 
 157 00fc B2DD76C1 		.ascii	"\262\335v\301\325I\321j(\025\216\032\203\351\276\275"
 157      D549D16A 
 157      28158E1A 
 157      83E9BEBD 
 158 010c DA1E1B16 		.ascii	"\332\036\033\026\300!C\004X\276\036\334\336\257\346"
 158      C0214304 
 158      58BE1EDC 
 158      DEAFE6
 159 011b 6CBBB176 		.ascii	"l\273\261v\345w\234\230\300ba~\245cM\202$\3719\243Y"
 159      E5779C98 
 159      C062617E 
 159      A5634D82 
 159      24F939A3 
 160 0130 DE593D13 		.ascii	"\336Y=\023\244\364 t\201\014\235 B;\270\230\004\207"
 160      A4F42074 
 160      810C9D20 
 160      423BB898 
 160      0487
 161 0142 8CF7BB94 		.ascii	"\214\367\273\224V\320\215g\324\232@\340\204\003\216"
 161      56D08D67 
 161      D49A40E0 
 161      84038E
 162 0151 3B08BC82 		.ascii	";\010\274\202$\306\311\252\240\003\034\360\022\034\214"
 162      24C6C9AA 
 162      A0031CF0 
 162      121C8C
 163 0160 FFEBA396 		.ascii	"\377\353\243\226oV\011\025s\236<\211\255\315U\3664\213"
 163      6F560915 
 163      739E3C89 
 163      ADCD55F6 
 163      348B
 164 0172 28215E06 		.ascii	"(!^\006\011\323\315\231\246\025;\246\207epb\332\031"
 164      09D3CD99 
 164      A6153BA6 
 164      87657062 
 164      DA19
 165 0184 5A5AB726 		.ascii	"ZZ\267&\324\363\243\370\251S\202\354#\360\032\011{\220"
 165      D4F3A3F8 
 165      A95382EC 
 165      23F01A09 
 165      7B90
 166 0196 90402F24 		.ascii	"\220@/$\340\275\033$\365tKO\002\243\226\304V\332\332"
 166      E0BD1B24 
 166      F5744B4F 
ARM GAS  C:\Users\JEFFSN~1\AppData\Local\Temp\cc2BkkJP.s 			page 12


 166      02A396C4 
 166      56DADA
 167 01a9 43976B27 		.ascii	"C\227k'O\325\373\3514\342\234\254\014\332\014\321m\354"
 167      4FD5FBE9 
 167      34E29CAC 
 167      0CDA0CD1 
 167      6DEC
 168 01bb B320F002 		.ascii	"\263 \360\002\026q\204\001HDd\375\347\251\3676\321\243"
 168      16718401 
 168      484464FD 
 168      E7A9F736 
 168      D1A3
 169 01cd 0EE1416F 		.ascii	"\016\341Ao\365>\225e,<i\2435\345\224\236\343\034}\006"
 169      F53E9565 
 169      2C3C69A3 
 169      35E5949E 
 169      E31C7D06 
 170 01e1 479F99A3 		.ascii	"G\237\231\243\237sL\264\3369/\226r\212\331\352\011\377"
 170      9F734CB4 
 170      DE392F96 
 170      728AD9EA 
 170      09FF
 171 01f3 01B36A76 		.ascii	"\001\263jv\\C\366\033.;OS\335\274\371qS\322\372\315"
 171      5C43F61B 
 171      2E3B4F53 
 171      DDBCF971 
 171      53D2FACD 
 172 0207 4F898D74 		.ascii	"O\211\215t\254\022q\002\253\202\001\243\343\200\271"
 172      AC127102 
 172      AB8201A3 
 172      E380B9
 173 0216 E320EF38 		.ascii	"\343 \3578R\267\260e\027\313\201\367\374\371+\374C\326"
 173      52B7B065 
 173      17CB81F7 
 173      FCF92BFC 
 173      43D6
 174 0228 68421F74 		.ascii	"hB\037t\331\214$h\220\004\315$!N\022\256\334Z\260\312"
 174      D98C2468 
 174      9004CD24 
 174      214E12AE 
 174      DC5AB0CA 
 175 023c F80EFD7B 		.ascii	"\370\016\375{{\2073kO#1\342C\336T\010\3245\326\305\200"
 175      7B87336B 
 175      4F2331E2 
 175      43DE5408 
 175      D435D6C5 
 176 0251 9C1405FE 		.ascii	"\234\024\005\3766\012\\\373\226:\263j\253\330\011Gp"
 176      360A5CFB 
 176      963AB36A 
 176      ABD80947 
 176      70
 177 0262 2AC386B8 		.ascii	"*\303\206\270!\220\325\211\364\315~\357\266\330\356"
 177      2190D589 
 177      F4CD7EEF 
 177      B6D8EE
 178 0271 B1CF0AC7 		.ascii	"\261\317\012\307\027?m\347\225\306\374F\301\306\177"
 178      173F6DE7 
ARM GAS  C:\Users\JEFFSN~1\AppData\Local\Temp\cc2BkkJP.s 			page 13


 178      95C6FC46 
 178      C1C67F
 179 0280 007CEE08 		.ascii	"\000|\356\010\342\360\302\343f\021\367\330%7Q\224B\347"
 179      E2F0C2E3 
 179      6611F7D8 
 179      25375194 
 179      42E7
 180 0292 00C6918C 		.ascii	"\000\306\221\214'\033gy\314\226\351F\005\2656\330u\211"
 180      271B6779 
 180      CC96E946 
 180      05B536D8 
 180      7589
 181 02a4 846F1018 		.ascii	"\204o\020\030C\344;$\346\251\315\235z\351bnr\3565o\221"
 181      43E43B24 
 181      E6A9CD9D 
 181      7AE9626E 
 181      72EE356F 
 182 02b9 4F894DBF 		.ascii	"O\211M\277\222\345LMN&\226\322\242b_\312\261t\245X\361"
 182      92E54C4D 
 182      4E2696D2 
 182      A2625FCA 
 182      B174A558 
 183 02ce 7A7C4A41 		.ascii	"z|JA\256\273\244\324\233\257\344\\u\227\244\236\314"
 183      AEBBA4D4 
 183      9BAFE45C 
 183      7597A49E 
 183      CC
 184 02df C92FF395 		.ascii	"\311/\363\225\335Pn\272\256\023\347\177*TRW>9\244\321"
 184      DD506EBA 
 184      AE13E77F 
 184      2A545257 
 184      3E39A4D1 
 185 02f3 BB155F9A 		.ascii	"\273\025_\232\267\350\226r\271\244@\211\323\3262\025"
 185      B7E89672 
 185      B9A44089 
 185      D3D63215 
 186 0303 4F41BC29 		.ascii	"OA\274)N\363\370<\231J\241\344U\012S\376\000EE`f"
 186      4EF3F83C 
 186      994AA1E4 
 186      550A53FE 
 186      00454560 
 187              		.text
 188              		.section	.gnu.lto_.symtab.a80c87f0,"",%progbits
 189 0000 53434C4B 		.ascii	"SCLK_1_Write\000"
 189      5F315F57 
 189      72697465 
 189      00
 190 000d 00       		.ascii	"\000"
 191 000e 00       		.ascii	"\000"
 192 000f 00       		.ascii	"\000"
 193 0010 00000000 		.ascii	"\000\000\000\000\000\000\000\000"
 193      00000000 
 194 0018 B3000000 		.ascii	"\263\000\000\000"
 195 001c 53434C4B 		.ascii	"SCLK_1_SetDriveMode\000"
 195      5F315F53 
 195      65744472 
 195      6976654D 
ARM GAS  C:\Users\JEFFSN~1\AppData\Local\Temp\cc2BkkJP.s 			page 14


 195      6F646500 
 196 0030 00       		.ascii	"\000"
 197 0031 00       		.ascii	"\000"
 198 0032 00       		.ascii	"\000"
 199 0033 00000000 		.ascii	"\000\000\000\000\000\000\000\000"
 199      00000000 
 200 003b B5000000 		.ascii	"\265\000\000\000"
 201 003f 53434C4B 		.ascii	"SCLK_1_Read\000"
 201      5F315F52 
 201      65616400 
 202 004b 00       		.ascii	"\000"
 203 004c 00       		.ascii	"\000"
 204 004d 00       		.ascii	"\000"
 205 004e 00000000 		.ascii	"\000\000\000\000\000\000\000\000"
 205      00000000 
 206 0056 B8000000 		.ascii	"\270\000\000\000"
 207 005a 53434C4B 		.ascii	"SCLK_1_ReadDataReg\000"
 207      5F315F52 
 207      65616444 
 207      61746152 
 207      656700
 208 006d 00       		.ascii	"\000"
 209 006e 00       		.ascii	"\000"
 210 006f 00       		.ascii	"\000"
 211 0070 00000000 		.ascii	"\000\000\000\000\000\000\000\000"
 211      00000000 
 212 0078 BA000000 		.ascii	"\272\000\000\000"
 213              		.text
 214              		.section	.gnu.lto_.opts,"",%progbits
 215 0000 272D666D 		.ascii	"'-fmath-errno' '-fsigned-zeros' '-ftrapping-math' '"
 215      6174682D 
 215      6572726E 
 215      6F272027 
 215      2D667369 
 216 0033 2D666E6F 		.ascii	"-fno-trapv' '-fno-openmp' '-fno-openacc' '-mcpu=cor"
 216      2D747261 
 216      70762720 
 216      272D666E 
 216      6F2D6F70 
 217 0066 7465782D 		.ascii	"tex-m3' '-mthumb' '-g' '-O3' '-ffunction-sections' "
 217      6D332720 
 217      272D6D74 
 217      68756D62 
 217      2720272D 
 218 0099 272D6666 		.ascii	"'-ffat-lto-objects' '-finline-functions' '-flto'\000"
 218      61742D6C 
 218      746F2D6F 
 218      626A6563 
 218      74732720 
 219              		.text
 220              		.cfi_sections	.debug_frame
 221              		.section	.text.SCLK_1_Write,"ax",%progbits
 222              		.align	2
 223              		.global	SCLK_1_Write
 224              		.thumb
 225              		.thumb_func
 226              		.type	SCLK_1_Write, %function
ARM GAS  C:\Users\JEFFSN~1\AppData\Local\Temp\cc2BkkJP.s 			page 15


 227              	SCLK_1_Write:
 228              	.LFB0:
 229              		.file 1 "Generated_Source\\PSoC5\\SCLK_1.c"
   1:Generated_Source\PSoC5/SCLK_1.c **** /*******************************************************************************
   2:Generated_Source\PSoC5/SCLK_1.c **** * File Name: SCLK_1.c  
   3:Generated_Source\PSoC5/SCLK_1.c **** * Version 2.20
   4:Generated_Source\PSoC5/SCLK_1.c **** *
   5:Generated_Source\PSoC5/SCLK_1.c **** * Description:
   6:Generated_Source\PSoC5/SCLK_1.c **** *  This file contains API to enable firmware control of a Pins component.
   7:Generated_Source\PSoC5/SCLK_1.c **** *
   8:Generated_Source\PSoC5/SCLK_1.c **** * Note:
   9:Generated_Source\PSoC5/SCLK_1.c **** *
  10:Generated_Source\PSoC5/SCLK_1.c **** ********************************************************************************
  11:Generated_Source\PSoC5/SCLK_1.c **** * Copyright 2008-2015, Cypress Semiconductor Corporation.  All rights reserved.
  12:Generated_Source\PSoC5/SCLK_1.c **** * You may use this file only in accordance with the license, terms, conditions, 
  13:Generated_Source\PSoC5/SCLK_1.c **** * disclaimers, and limitations in the end user license agreement accompanying 
  14:Generated_Source\PSoC5/SCLK_1.c **** * the software package with which this file was provided.
  15:Generated_Source\PSoC5/SCLK_1.c **** *******************************************************************************/
  16:Generated_Source\PSoC5/SCLK_1.c **** 
  17:Generated_Source\PSoC5/SCLK_1.c **** #include "cytypes.h"
  18:Generated_Source\PSoC5/SCLK_1.c **** #include "SCLK_1.h"
  19:Generated_Source\PSoC5/SCLK_1.c **** 
  20:Generated_Source\PSoC5/SCLK_1.c **** /* APIs are not generated for P15[7:6] on PSoC 5 */
  21:Generated_Source\PSoC5/SCLK_1.c **** #if !(CY_PSOC5A &&\
  22:Generated_Source\PSoC5/SCLK_1.c **** 	 SCLK_1__PORT == 15 && ((SCLK_1__MASK & 0xC0) != 0))
  23:Generated_Source\PSoC5/SCLK_1.c **** 
  24:Generated_Source\PSoC5/SCLK_1.c **** 
  25:Generated_Source\PSoC5/SCLK_1.c **** /*******************************************************************************
  26:Generated_Source\PSoC5/SCLK_1.c **** * Function Name: SCLK_1_Write
  27:Generated_Source\PSoC5/SCLK_1.c **** ****************************************************************************//**
  28:Generated_Source\PSoC5/SCLK_1.c **** *
  29:Generated_Source\PSoC5/SCLK_1.c **** * \brief Writes the value to the physical port (data output register), masking
  30:Generated_Source\PSoC5/SCLK_1.c **** *  and shifting the bits appropriately. 
  31:Generated_Source\PSoC5/SCLK_1.c **** *
  32:Generated_Source\PSoC5/SCLK_1.c **** * The data output register controls the signal applied to the physical pin in 
  33:Generated_Source\PSoC5/SCLK_1.c **** * conjunction with the drive mode parameter. This function avoids changing 
  34:Generated_Source\PSoC5/SCLK_1.c **** * other bits in the port by using the appropriate method (read-modify-write or
  35:Generated_Source\PSoC5/SCLK_1.c **** * bit banding).
  36:Generated_Source\PSoC5/SCLK_1.c **** *
  37:Generated_Source\PSoC5/SCLK_1.c **** * <b>Note</b> This function should not be used on a hardware digital output pin 
  38:Generated_Source\PSoC5/SCLK_1.c **** * as it is driven by the hardware signal attached to it.
  39:Generated_Source\PSoC5/SCLK_1.c **** *
  40:Generated_Source\PSoC5/SCLK_1.c **** * \param value
  41:Generated_Source\PSoC5/SCLK_1.c **** *  Value to write to the component instance.
  42:Generated_Source\PSoC5/SCLK_1.c **** *
  43:Generated_Source\PSoC5/SCLK_1.c **** * \return 
  44:Generated_Source\PSoC5/SCLK_1.c **** *  None 
  45:Generated_Source\PSoC5/SCLK_1.c **** *
  46:Generated_Source\PSoC5/SCLK_1.c **** * \sideeffect
  47:Generated_Source\PSoC5/SCLK_1.c **** *  If you use read-modify-write operations that are not atomic; the Interrupt 
  48:Generated_Source\PSoC5/SCLK_1.c **** *  Service Routines (ISR) can cause corruption of this function. An ISR that 
  49:Generated_Source\PSoC5/SCLK_1.c **** *  interrupts this function and performs writes to the Pins component data 
  50:Generated_Source\PSoC5/SCLK_1.c **** *  register can cause corrupted port data. To avoid this issue, you should 
  51:Generated_Source\PSoC5/SCLK_1.c **** *  either use the Per-Pin APIs (primary method) or disable interrupts around 
  52:Generated_Source\PSoC5/SCLK_1.c **** *  this function.
  53:Generated_Source\PSoC5/SCLK_1.c **** *
  54:Generated_Source\PSoC5/SCLK_1.c **** * \funcusage
ARM GAS  C:\Users\JEFFSN~1\AppData\Local\Temp\cc2BkkJP.s 			page 16


  55:Generated_Source\PSoC5/SCLK_1.c **** *  \snippet SCLK_1_SUT.c usage_SCLK_1_Write
  56:Generated_Source\PSoC5/SCLK_1.c **** *******************************************************************************/
  57:Generated_Source\PSoC5/SCLK_1.c **** void SCLK_1_Write(uint8 value)
  58:Generated_Source\PSoC5/SCLK_1.c **** {
 230              		.loc 1 58 0
 231              		.cfi_startproc
 232              		@ args = 0, pretend = 0, frame = 0
 233              		@ frame_needed = 0, uses_anonymous_args = 0
 234              		@ link register save eliminated.
 235              	.LVL0:
  59:Generated_Source\PSoC5/SCLK_1.c ****     uint8 staticBits = (SCLK_1_DR & (uint8)(~SCLK_1_MASK));
 236              		.loc 1 59 0
 237 0000 044A     		ldr	r2, .L2
  60:Generated_Source\PSoC5/SCLK_1.c ****     SCLK_1_DR = staticBits | ((uint8)(value << SCLK_1_SHIFT) & SCLK_1_MASK);
 238              		.loc 1 60 0
 239 0002 8001     		lsls	r0, r0, #6
 240              	.LVL1:
  59:Generated_Source\PSoC5/SCLK_1.c ****     uint8 staticBits = (SCLK_1_DR & (uint8)(~SCLK_1_MASK));
 241              		.loc 1 59 0
 242 0004 1378     		ldrb	r3, [r2]	@ zero_extendqisi2
 243              	.LVL2:
 244              		.loc 1 60 0
 245 0006 00F04000 		and	r0, r0, #64
 246 000a 03F0BF03 		and	r3, r3, #191
 247              	.LVL3:
 248 000e 1843     		orrs	r0, r0, r3
 249 0010 1070     		strb	r0, [r2]
 250 0012 7047     		bx	lr
 251              	.L3:
 252              		.align	2
 253              	.L2:
 254 0014 10510040 		.word	1073762576
 255              		.cfi_endproc
 256              	.LFE0:
 257              		.size	SCLK_1_Write, .-SCLK_1_Write
 258              		.section	.text.SCLK_1_SetDriveMode,"ax",%progbits
 259              		.align	2
 260              		.global	SCLK_1_SetDriveMode
 261              		.thumb
 262              		.thumb_func
 263              		.type	SCLK_1_SetDriveMode, %function
 264              	SCLK_1_SetDriveMode:
 265              	.LFB1:
  61:Generated_Source\PSoC5/SCLK_1.c **** }
  62:Generated_Source\PSoC5/SCLK_1.c **** 
  63:Generated_Source\PSoC5/SCLK_1.c **** 
  64:Generated_Source\PSoC5/SCLK_1.c **** /*******************************************************************************
  65:Generated_Source\PSoC5/SCLK_1.c **** * Function Name: SCLK_1_SetDriveMode
  66:Generated_Source\PSoC5/SCLK_1.c **** ****************************************************************************//**
  67:Generated_Source\PSoC5/SCLK_1.c **** *
  68:Generated_Source\PSoC5/SCLK_1.c **** * \brief Sets the drive mode for each of the Pins component's pins.
  69:Generated_Source\PSoC5/SCLK_1.c **** * 
  70:Generated_Source\PSoC5/SCLK_1.c **** * <b>Note</b> This affects all pins in the Pins component instance. Use the
  71:Generated_Source\PSoC5/SCLK_1.c **** * Per-Pin APIs if you wish to control individual pin's drive modes.
  72:Generated_Source\PSoC5/SCLK_1.c **** *
  73:Generated_Source\PSoC5/SCLK_1.c **** * \param mode
  74:Generated_Source\PSoC5/SCLK_1.c **** *  Mode for the selected signals. Valid options are documented in 
ARM GAS  C:\Users\JEFFSN~1\AppData\Local\Temp\cc2BkkJP.s 			page 17


  75:Generated_Source\PSoC5/SCLK_1.c **** *  \ref driveMode.
  76:Generated_Source\PSoC5/SCLK_1.c **** *
  77:Generated_Source\PSoC5/SCLK_1.c **** * \return
  78:Generated_Source\PSoC5/SCLK_1.c **** *  None
  79:Generated_Source\PSoC5/SCLK_1.c **** *
  80:Generated_Source\PSoC5/SCLK_1.c **** * \sideeffect
  81:Generated_Source\PSoC5/SCLK_1.c **** *  If you use read-modify-write operations that are not atomic, the ISR can
  82:Generated_Source\PSoC5/SCLK_1.c **** *  cause corruption of this function. An ISR that interrupts this function 
  83:Generated_Source\PSoC5/SCLK_1.c **** *  and performs writes to the Pins component Drive Mode registers can cause 
  84:Generated_Source\PSoC5/SCLK_1.c **** *  corrupted port data. To avoid this issue, you should either use the Per-Pin
  85:Generated_Source\PSoC5/SCLK_1.c **** *  APIs (primary method) or disable interrupts around this function.
  86:Generated_Source\PSoC5/SCLK_1.c **** *
  87:Generated_Source\PSoC5/SCLK_1.c **** * \funcusage
  88:Generated_Source\PSoC5/SCLK_1.c **** *  \snippet SCLK_1_SUT.c usage_SCLK_1_SetDriveMode
  89:Generated_Source\PSoC5/SCLK_1.c **** *******************************************************************************/
  90:Generated_Source\PSoC5/SCLK_1.c **** void SCLK_1_SetDriveMode(uint8 mode)
  91:Generated_Source\PSoC5/SCLK_1.c **** {
 266              		.loc 1 91 0
 267              		.cfi_startproc
 268              		@ args = 0, pretend = 0, frame = 0
 269              		@ frame_needed = 0, uses_anonymous_args = 0
 270              		@ link register save eliminated.
 271              	.LVL4:
  92:Generated_Source\PSoC5/SCLK_1.c **** 	CyPins_SetPinDriveMode(SCLK_1_0, mode);
 272              		.loc 1 92 0
 273 0000 044A     		ldr	r2, .L5
 274 0002 00F00E00 		and	r0, r0, #14
 275              	.LVL5:
 276 0006 1378     		ldrb	r3, [r2]	@ zero_extendqisi2
 277 0008 03F0F103 		and	r3, r3, #241
 278 000c 1843     		orrs	r0, r0, r3
 279 000e 1070     		strb	r0, [r2]
 280 0010 7047     		bx	lr
 281              	.L6:
 282 0012 00BF     		.align	2
 283              	.L5:
 284 0014 0E500040 		.word	1073762318
 285              		.cfi_endproc
 286              	.LFE1:
 287              		.size	SCLK_1_SetDriveMode, .-SCLK_1_SetDriveMode
 288              		.section	.text.SCLK_1_Read,"ax",%progbits
 289              		.align	2
 290              		.global	SCLK_1_Read
 291              		.thumb
 292              		.thumb_func
 293              		.type	SCLK_1_Read, %function
 294              	SCLK_1_Read:
 295              	.LFB2:
  93:Generated_Source\PSoC5/SCLK_1.c **** }
  94:Generated_Source\PSoC5/SCLK_1.c **** 
  95:Generated_Source\PSoC5/SCLK_1.c **** 
  96:Generated_Source\PSoC5/SCLK_1.c **** /*******************************************************************************
  97:Generated_Source\PSoC5/SCLK_1.c **** * Function Name: SCLK_1_Read
  98:Generated_Source\PSoC5/SCLK_1.c **** ****************************************************************************//**
  99:Generated_Source\PSoC5/SCLK_1.c **** *
 100:Generated_Source\PSoC5/SCLK_1.c **** * \brief Reads the associated physical port (pin status register) and masks 
 101:Generated_Source\PSoC5/SCLK_1.c **** *  the required bits according to the width and bit position of the component
ARM GAS  C:\Users\JEFFSN~1\AppData\Local\Temp\cc2BkkJP.s 			page 18


 102:Generated_Source\PSoC5/SCLK_1.c **** *  instance. 
 103:Generated_Source\PSoC5/SCLK_1.c **** *
 104:Generated_Source\PSoC5/SCLK_1.c **** * The pin's status register returns the current logic level present on the 
 105:Generated_Source\PSoC5/SCLK_1.c **** * physical pin.
 106:Generated_Source\PSoC5/SCLK_1.c **** *
 107:Generated_Source\PSoC5/SCLK_1.c **** * \return 
 108:Generated_Source\PSoC5/SCLK_1.c **** *  The current value for the pins in the component as a right justified number.
 109:Generated_Source\PSoC5/SCLK_1.c **** *
 110:Generated_Source\PSoC5/SCLK_1.c **** * \funcusage
 111:Generated_Source\PSoC5/SCLK_1.c **** *  \snippet SCLK_1_SUT.c usage_SCLK_1_Read  
 112:Generated_Source\PSoC5/SCLK_1.c **** *******************************************************************************/
 113:Generated_Source\PSoC5/SCLK_1.c **** uint8 SCLK_1_Read(void)
 114:Generated_Source\PSoC5/SCLK_1.c **** {
 296              		.loc 1 114 0
 297              		.cfi_startproc
 298              		@ args = 0, pretend = 0, frame = 0
 299              		@ frame_needed = 0, uses_anonymous_args = 0
 300              		@ link register save eliminated.
 115:Generated_Source\PSoC5/SCLK_1.c ****     return (SCLK_1_PS & SCLK_1_MASK) >> SCLK_1_SHIFT;
 301              		.loc 1 115 0
 302 0000 024B     		ldr	r3, .L8
 303 0002 1878     		ldrb	r0, [r3]	@ zero_extendqisi2
 116:Generated_Source\PSoC5/SCLK_1.c **** }
 304              		.loc 1 116 0
 305 0004 C0F38010 		ubfx	r0, r0, #6, #1
 306 0008 7047     		bx	lr
 307              	.L9:
 308 000a 00BF     		.align	2
 309              	.L8:
 310 000c 11510040 		.word	1073762577
 311              		.cfi_endproc
 312              	.LFE2:
 313              		.size	SCLK_1_Read, .-SCLK_1_Read
 314              		.section	.text.SCLK_1_ReadDataReg,"ax",%progbits
 315              		.align	2
 316              		.global	SCLK_1_ReadDataReg
 317              		.thumb
 318              		.thumb_func
 319              		.type	SCLK_1_ReadDataReg, %function
 320              	SCLK_1_ReadDataReg:
 321              	.LFB3:
 117:Generated_Source\PSoC5/SCLK_1.c **** 
 118:Generated_Source\PSoC5/SCLK_1.c **** 
 119:Generated_Source\PSoC5/SCLK_1.c **** /*******************************************************************************
 120:Generated_Source\PSoC5/SCLK_1.c **** * Function Name: SCLK_1_ReadDataReg
 121:Generated_Source\PSoC5/SCLK_1.c **** ****************************************************************************//**
 122:Generated_Source\PSoC5/SCLK_1.c **** *
 123:Generated_Source\PSoC5/SCLK_1.c **** * \brief Reads the associated physical port's data output register and masks 
 124:Generated_Source\PSoC5/SCLK_1.c **** *  the correct bits according to the width and bit position of the component 
 125:Generated_Source\PSoC5/SCLK_1.c **** *  instance. 
 126:Generated_Source\PSoC5/SCLK_1.c **** *
 127:Generated_Source\PSoC5/SCLK_1.c **** * The data output register controls the signal applied to the physical pin in 
 128:Generated_Source\PSoC5/SCLK_1.c **** * conjunction with the drive mode parameter. This is not the same as the 
 129:Generated_Source\PSoC5/SCLK_1.c **** * preferred SCLK_1_Read() API because the 
 130:Generated_Source\PSoC5/SCLK_1.c **** * SCLK_1_ReadDataReg() reads the data register instead of the status 
 131:Generated_Source\PSoC5/SCLK_1.c **** * register. For output pins this is a useful function to determine the value 
 132:Generated_Source\PSoC5/SCLK_1.c **** * just written to the pin.
ARM GAS  C:\Users\JEFFSN~1\AppData\Local\Temp\cc2BkkJP.s 			page 19


 133:Generated_Source\PSoC5/SCLK_1.c **** *
 134:Generated_Source\PSoC5/SCLK_1.c **** * \return 
 135:Generated_Source\PSoC5/SCLK_1.c **** *  The current value of the data register masked and shifted into a right 
 136:Generated_Source\PSoC5/SCLK_1.c **** *  justified number for the component instance.
 137:Generated_Source\PSoC5/SCLK_1.c **** *
 138:Generated_Source\PSoC5/SCLK_1.c **** * \funcusage
 139:Generated_Source\PSoC5/SCLK_1.c **** *  \snippet SCLK_1_SUT.c usage_SCLK_1_ReadDataReg 
 140:Generated_Source\PSoC5/SCLK_1.c **** *******************************************************************************/
 141:Generated_Source\PSoC5/SCLK_1.c **** uint8 SCLK_1_ReadDataReg(void)
 142:Generated_Source\PSoC5/SCLK_1.c **** {
 322              		.loc 1 142 0
 323              		.cfi_startproc
 324              		@ args = 0, pretend = 0, frame = 0
 325              		@ frame_needed = 0, uses_anonymous_args = 0
 326              		@ link register save eliminated.
 143:Generated_Source\PSoC5/SCLK_1.c ****     return (SCLK_1_DR & SCLK_1_MASK) >> SCLK_1_SHIFT;
 327              		.loc 1 143 0
 328 0000 024B     		ldr	r3, .L11
 329 0002 1878     		ldrb	r0, [r3]	@ zero_extendqisi2
 144:Generated_Source\PSoC5/SCLK_1.c **** }
 330              		.loc 1 144 0
 331 0004 C0F38010 		ubfx	r0, r0, #6, #1
 332 0008 7047     		bx	lr
 333              	.L12:
 334 000a 00BF     		.align	2
 335              	.L11:
 336 000c 10510040 		.word	1073762576
 337              		.cfi_endproc
 338              	.LFE3:
 339              		.size	SCLK_1_ReadDataReg, .-SCLK_1_ReadDataReg
 340              		.text
 341              	.Letext0:
 342              		.file 2 "Generated_Source\\PSoC5\\cytypes.h"
 343              		.section	.debug_info,"",%progbits
 344              	.Ldebug_info0:
 345 0000 1D010000 		.4byte	0x11d
 346 0004 0400     		.2byte	0x4
 347 0006 00000000 		.4byte	.Ldebug_abbrev0
 348 000a 04       		.byte	0x4
 349 000b 01       		.uleb128 0x1
 350 000c 5E000000 		.4byte	.LASF20
 351 0010 0C       		.byte	0xc
 352 0011 00000000 		.4byte	.LASF21
 353 0015 85010000 		.4byte	.LASF22
 354 0019 00000000 		.4byte	.Ldebug_ranges0+0
 355 001d 00000000 		.4byte	0
 356 0021 00000000 		.4byte	.Ldebug_line0
 357 0025 02       		.uleb128 0x2
 358 0026 01       		.byte	0x1
 359 0027 06       		.byte	0x6
 360 0028 21020000 		.4byte	.LASF0
 361 002c 02       		.uleb128 0x2
 362 002d 01       		.byte	0x1
 363 002e 08       		.byte	0x8
 364 002f 50000000 		.4byte	.LASF1
 365 0033 02       		.uleb128 0x2
 366 0034 02       		.byte	0x2
ARM GAS  C:\Users\JEFFSN~1\AppData\Local\Temp\cc2BkkJP.s 			page 20


 367 0035 05       		.byte	0x5
 368 0036 F4010000 		.4byte	.LASF2
 369 003a 02       		.uleb128 0x2
 370 003b 02       		.byte	0x2
 371 003c 07       		.byte	0x7
 372 003d 17010000 		.4byte	.LASF3
 373 0041 02       		.uleb128 0x2
 374 0042 04       		.byte	0x4
 375 0043 05       		.byte	0x5
 376 0044 04020000 		.4byte	.LASF4
 377 0048 02       		.uleb128 0x2
 378 0049 04       		.byte	0x4
 379 004a 07       		.byte	0x7
 380 004b 05010000 		.4byte	.LASF5
 381 004f 02       		.uleb128 0x2
 382 0050 08       		.byte	0x8
 383 0051 05       		.byte	0x5
 384 0052 72010000 		.4byte	.LASF6
 385 0056 02       		.uleb128 0x2
 386 0057 08       		.byte	0x8
 387 0058 07       		.byte	0x7
 388 0059 51010000 		.4byte	.LASF7
 389 005d 03       		.uleb128 0x3
 390 005e 04       		.byte	0x4
 391 005f 05       		.byte	0x5
 392 0060 696E7400 		.ascii	"int\000"
 393 0064 02       		.uleb128 0x2
 394 0065 04       		.byte	0x4
 395 0066 07       		.byte	0x7
 396 0067 44010000 		.4byte	.LASF8
 397 006b 04       		.uleb128 0x4
 398 006c FE010000 		.4byte	.LASF12
 399 0070 02       		.byte	0x2
 400 0071 E901     		.2byte	0x1e9
 401 0073 2C000000 		.4byte	0x2c
 402 0077 02       		.uleb128 0x2
 403 0078 04       		.byte	0x4
 404 0079 04       		.byte	0x4
 405 007a 4A000000 		.4byte	.LASF9
 406 007e 02       		.uleb128 0x2
 407 007f 08       		.byte	0x8
 408 0080 04       		.byte	0x4
 409 0081 2A010000 		.4byte	.LASF10
 410 0085 02       		.uleb128 0x2
 411 0086 01       		.byte	0x1
 412 0087 08       		.byte	0x8
 413 0088 80010000 		.4byte	.LASF11
 414 008c 04       		.uleb128 0x4
 415 008d 6D010000 		.4byte	.LASF13
 416 0091 02       		.byte	0x2
 417 0092 9302     		.2byte	0x293
 418 0094 98000000 		.4byte	0x98
 419 0098 05       		.uleb128 0x5
 420 0099 6B000000 		.4byte	0x6b
 421 009d 06       		.uleb128 0x6
 422 009e 20000000 		.4byte	.LASF14
 423 00a2 01       		.byte	0x1
ARM GAS  C:\Users\JEFFSN~1\AppData\Local\Temp\cc2BkkJP.s 			page 21


 424 00a3 39       		.byte	0x39
 425 00a4 00000000 		.4byte	.LFB0
 426 00a8 18000000 		.4byte	.LFE0-.LFB0
 427 00ac 01       		.uleb128 0x1
 428 00ad 9C       		.byte	0x9c
 429 00ae D1000000 		.4byte	0xd1
 430 00b2 07       		.uleb128 0x7
 431 00b3 2D000000 		.4byte	.LASF16
 432 00b7 01       		.byte	0x1
 433 00b8 39       		.byte	0x39
 434 00b9 6B000000 		.4byte	0x6b
 435 00bd 00000000 		.4byte	.LLST0
 436 00c1 08       		.uleb128 0x8
 437 00c2 33000000 		.4byte	.LASF23
 438 00c6 01       		.byte	0x1
 439 00c7 3B       		.byte	0x3b
 440 00c8 6B000000 		.4byte	0x6b
 441 00cc 21000000 		.4byte	.LLST1
 442 00d0 00       		.byte	0
 443 00d1 06       		.uleb128 0x6
 444 00d2 0D020000 		.4byte	.LASF15
 445 00d6 01       		.byte	0x1
 446 00d7 5A       		.byte	0x5a
 447 00d8 00000000 		.4byte	.LFB1
 448 00dc 18000000 		.4byte	.LFE1-.LFB1
 449 00e0 01       		.uleb128 0x1
 450 00e1 9C       		.byte	0x9c
 451 00e2 F6000000 		.4byte	0xf6
 452 00e6 07       		.uleb128 0x7
 453 00e7 68010000 		.4byte	.LASF17
 454 00eb 01       		.byte	0x1
 455 00ec 5A       		.byte	0x5a
 456 00ed 6B000000 		.4byte	0x6b
 457 00f1 39000000 		.4byte	.LLST2
 458 00f5 00       		.byte	0
 459 00f6 09       		.uleb128 0x9
 460 00f7 3E000000 		.4byte	.LASF18
 461 00fb 01       		.byte	0x1
 462 00fc 71       		.byte	0x71
 463 00fd 6B000000 		.4byte	0x6b
 464 0101 00000000 		.4byte	.LFB2
 465 0105 10000000 		.4byte	.LFE2-.LFB2
 466 0109 01       		.uleb128 0x1
 467 010a 9C       		.byte	0x9c
 468 010b 09       		.uleb128 0x9
 469 010c 31010000 		.4byte	.LASF19
 470 0110 01       		.byte	0x1
 471 0111 8D       		.byte	0x8d
 472 0112 6B000000 		.4byte	0x6b
 473 0116 00000000 		.4byte	.LFB3
 474 011a 10000000 		.4byte	.LFE3-.LFB3
 475 011e 01       		.uleb128 0x1
 476 011f 9C       		.byte	0x9c
 477 0120 00       		.byte	0
 478              		.section	.debug_abbrev,"",%progbits
 479              	.Ldebug_abbrev0:
 480 0000 01       		.uleb128 0x1
ARM GAS  C:\Users\JEFFSN~1\AppData\Local\Temp\cc2BkkJP.s 			page 22


 481 0001 11       		.uleb128 0x11
 482 0002 01       		.byte	0x1
 483 0003 25       		.uleb128 0x25
 484 0004 0E       		.uleb128 0xe
 485 0005 13       		.uleb128 0x13
 486 0006 0B       		.uleb128 0xb
 487 0007 03       		.uleb128 0x3
 488 0008 0E       		.uleb128 0xe
 489 0009 1B       		.uleb128 0x1b
 490 000a 0E       		.uleb128 0xe
 491 000b 55       		.uleb128 0x55
 492 000c 17       		.uleb128 0x17
 493 000d 11       		.uleb128 0x11
 494 000e 01       		.uleb128 0x1
 495 000f 10       		.uleb128 0x10
 496 0010 17       		.uleb128 0x17
 497 0011 00       		.byte	0
 498 0012 00       		.byte	0
 499 0013 02       		.uleb128 0x2
 500 0014 24       		.uleb128 0x24
 501 0015 00       		.byte	0
 502 0016 0B       		.uleb128 0xb
 503 0017 0B       		.uleb128 0xb
 504 0018 3E       		.uleb128 0x3e
 505 0019 0B       		.uleb128 0xb
 506 001a 03       		.uleb128 0x3
 507 001b 0E       		.uleb128 0xe
 508 001c 00       		.byte	0
 509 001d 00       		.byte	0
 510 001e 03       		.uleb128 0x3
 511 001f 24       		.uleb128 0x24
 512 0020 00       		.byte	0
 513 0021 0B       		.uleb128 0xb
 514 0022 0B       		.uleb128 0xb
 515 0023 3E       		.uleb128 0x3e
 516 0024 0B       		.uleb128 0xb
 517 0025 03       		.uleb128 0x3
 518 0026 08       		.uleb128 0x8
 519 0027 00       		.byte	0
 520 0028 00       		.byte	0
 521 0029 04       		.uleb128 0x4
 522 002a 16       		.uleb128 0x16
 523 002b 00       		.byte	0
 524 002c 03       		.uleb128 0x3
 525 002d 0E       		.uleb128 0xe
 526 002e 3A       		.uleb128 0x3a
 527 002f 0B       		.uleb128 0xb
 528 0030 3B       		.uleb128 0x3b
 529 0031 05       		.uleb128 0x5
 530 0032 49       		.uleb128 0x49
 531 0033 13       		.uleb128 0x13
 532 0034 00       		.byte	0
 533 0035 00       		.byte	0
 534 0036 05       		.uleb128 0x5
 535 0037 35       		.uleb128 0x35
 536 0038 00       		.byte	0
 537 0039 49       		.uleb128 0x49
ARM GAS  C:\Users\JEFFSN~1\AppData\Local\Temp\cc2BkkJP.s 			page 23


 538 003a 13       		.uleb128 0x13
 539 003b 00       		.byte	0
 540 003c 00       		.byte	0
 541 003d 06       		.uleb128 0x6
 542 003e 2E       		.uleb128 0x2e
 543 003f 01       		.byte	0x1
 544 0040 3F       		.uleb128 0x3f
 545 0041 19       		.uleb128 0x19
 546 0042 03       		.uleb128 0x3
 547 0043 0E       		.uleb128 0xe
 548 0044 3A       		.uleb128 0x3a
 549 0045 0B       		.uleb128 0xb
 550 0046 3B       		.uleb128 0x3b
 551 0047 0B       		.uleb128 0xb
 552 0048 27       		.uleb128 0x27
 553 0049 19       		.uleb128 0x19
 554 004a 11       		.uleb128 0x11
 555 004b 01       		.uleb128 0x1
 556 004c 12       		.uleb128 0x12
 557 004d 06       		.uleb128 0x6
 558 004e 40       		.uleb128 0x40
 559 004f 18       		.uleb128 0x18
 560 0050 9742     		.uleb128 0x2117
 561 0052 19       		.uleb128 0x19
 562 0053 01       		.uleb128 0x1
 563 0054 13       		.uleb128 0x13
 564 0055 00       		.byte	0
 565 0056 00       		.byte	0
 566 0057 07       		.uleb128 0x7
 567 0058 05       		.uleb128 0x5
 568 0059 00       		.byte	0
 569 005a 03       		.uleb128 0x3
 570 005b 0E       		.uleb128 0xe
 571 005c 3A       		.uleb128 0x3a
 572 005d 0B       		.uleb128 0xb
 573 005e 3B       		.uleb128 0x3b
 574 005f 0B       		.uleb128 0xb
 575 0060 49       		.uleb128 0x49
 576 0061 13       		.uleb128 0x13
 577 0062 02       		.uleb128 0x2
 578 0063 17       		.uleb128 0x17
 579 0064 00       		.byte	0
 580 0065 00       		.byte	0
 581 0066 08       		.uleb128 0x8
 582 0067 34       		.uleb128 0x34
 583 0068 00       		.byte	0
 584 0069 03       		.uleb128 0x3
 585 006a 0E       		.uleb128 0xe
 586 006b 3A       		.uleb128 0x3a
 587 006c 0B       		.uleb128 0xb
 588 006d 3B       		.uleb128 0x3b
 589 006e 0B       		.uleb128 0xb
 590 006f 49       		.uleb128 0x49
 591 0070 13       		.uleb128 0x13
 592 0071 02       		.uleb128 0x2
 593 0072 17       		.uleb128 0x17
 594 0073 00       		.byte	0
ARM GAS  C:\Users\JEFFSN~1\AppData\Local\Temp\cc2BkkJP.s 			page 24


 595 0074 00       		.byte	0
 596 0075 09       		.uleb128 0x9
 597 0076 2E       		.uleb128 0x2e
 598 0077 00       		.byte	0
 599 0078 3F       		.uleb128 0x3f
 600 0079 19       		.uleb128 0x19
 601 007a 03       		.uleb128 0x3
 602 007b 0E       		.uleb128 0xe
 603 007c 3A       		.uleb128 0x3a
 604 007d 0B       		.uleb128 0xb
 605 007e 3B       		.uleb128 0x3b
 606 007f 0B       		.uleb128 0xb
 607 0080 27       		.uleb128 0x27
 608 0081 19       		.uleb128 0x19
 609 0082 49       		.uleb128 0x49
 610 0083 13       		.uleb128 0x13
 611 0084 11       		.uleb128 0x11
 612 0085 01       		.uleb128 0x1
 613 0086 12       		.uleb128 0x12
 614 0087 06       		.uleb128 0x6
 615 0088 40       		.uleb128 0x40
 616 0089 18       		.uleb128 0x18
 617 008a 9742     		.uleb128 0x2117
 618 008c 19       		.uleb128 0x19
 619 008d 00       		.byte	0
 620 008e 00       		.byte	0
 621 008f 00       		.byte	0
 622              		.section	.debug_loc,"",%progbits
 623              	.Ldebug_loc0:
 624              	.LLST0:
 625 0000 00000000 		.4byte	.LVL0
 626 0004 04000000 		.4byte	.LVL1
 627 0008 0100     		.2byte	0x1
 628 000a 50       		.byte	0x50
 629 000b 04000000 		.4byte	.LVL1
 630 000f 18000000 		.4byte	.LFE0
 631 0013 0400     		.2byte	0x4
 632 0015 F3       		.byte	0xf3
 633 0016 01       		.uleb128 0x1
 634 0017 50       		.byte	0x50
 635 0018 9F       		.byte	0x9f
 636 0019 00000000 		.4byte	0
 637 001d 00000000 		.4byte	0
 638              	.LLST1:
 639 0021 06000000 		.4byte	.LVL2
 640 0025 0E000000 		.4byte	.LVL3
 641 0029 0600     		.2byte	0x6
 642 002b 73       		.byte	0x73
 643 002c 00       		.sleb128 0
 644 002d 09       		.byte	0x9
 645 002e BF       		.byte	0xbf
 646 002f 1A       		.byte	0x1a
 647 0030 9F       		.byte	0x9f
 648 0031 00000000 		.4byte	0
 649 0035 00000000 		.4byte	0
 650              	.LLST2:
 651 0039 00000000 		.4byte	.LVL4
ARM GAS  C:\Users\JEFFSN~1\AppData\Local\Temp\cc2BkkJP.s 			page 25


 652 003d 06000000 		.4byte	.LVL5
 653 0041 0100     		.2byte	0x1
 654 0043 50       		.byte	0x50
 655 0044 06000000 		.4byte	.LVL5
 656 0048 18000000 		.4byte	.LFE1
 657 004c 0400     		.2byte	0x4
 658 004e F3       		.byte	0xf3
 659 004f 01       		.uleb128 0x1
 660 0050 50       		.byte	0x50
 661 0051 9F       		.byte	0x9f
 662 0052 00000000 		.4byte	0
 663 0056 00000000 		.4byte	0
 664              		.section	.debug_aranges,"",%progbits
 665 0000 34000000 		.4byte	0x34
 666 0004 0200     		.2byte	0x2
 667 0006 00000000 		.4byte	.Ldebug_info0
 668 000a 04       		.byte	0x4
 669 000b 00       		.byte	0
 670 000c 0000     		.2byte	0
 671 000e 0000     		.2byte	0
 672 0010 00000000 		.4byte	.LFB0
 673 0014 18000000 		.4byte	.LFE0-.LFB0
 674 0018 00000000 		.4byte	.LFB1
 675 001c 18000000 		.4byte	.LFE1-.LFB1
 676 0020 00000000 		.4byte	.LFB2
 677 0024 10000000 		.4byte	.LFE2-.LFB2
 678 0028 00000000 		.4byte	.LFB3
 679 002c 10000000 		.4byte	.LFE3-.LFB3
 680 0030 00000000 		.4byte	0
 681 0034 00000000 		.4byte	0
 682              		.section	.debug_ranges,"",%progbits
 683              	.Ldebug_ranges0:
 684 0000 00000000 		.4byte	.LFB0
 685 0004 18000000 		.4byte	.LFE0
 686 0008 00000000 		.4byte	.LFB1
 687 000c 18000000 		.4byte	.LFE1
 688 0010 00000000 		.4byte	.LFB2
 689 0014 10000000 		.4byte	.LFE2
 690 0018 00000000 		.4byte	.LFB3
 691 001c 10000000 		.4byte	.LFE3
 692 0020 00000000 		.4byte	0
 693 0024 00000000 		.4byte	0
 694              		.section	.debug_line,"",%progbits
 695              	.Ldebug_line0:
 696 0000 91000000 		.section	.debug_str,"MS",%progbits,1
 696      02004300 
 696      00000201 
 696      FB0E0D00 
 696      01010101 
 697              	.LASF21:
 698 0000 47656E65 		.ascii	"Generated_Source\\PSoC5\\SCLK_1.c\000"
 698      72617465 
 698      645F536F 
 698      75726365 
 698      5C50536F 
 699              	.LASF14:
 700 0020 53434C4B 		.ascii	"SCLK_1_Write\000"
ARM GAS  C:\Users\JEFFSN~1\AppData\Local\Temp\cc2BkkJP.s 			page 26


 700      5F315F57 
 700      72697465 
 700      00
 701              	.LASF16:
 702 002d 76616C75 		.ascii	"value\000"
 702      6500
 703              	.LASF23:
 704 0033 73746174 		.ascii	"staticBits\000"
 704      69634269 
 704      747300
 705              	.LASF18:
 706 003e 53434C4B 		.ascii	"SCLK_1_Read\000"
 706      5F315F52 
 706      65616400 
 707              	.LASF9:
 708 004a 666C6F61 		.ascii	"float\000"
 708      7400
 709              	.LASF1:
 710 0050 756E7369 		.ascii	"unsigned char\000"
 710      676E6564 
 710      20636861 
 710      7200
 711              	.LASF20:
 712 005e 474E5520 		.ascii	"GNU C11 5.4.1 20160609 (release) [ARM/embedded-5-br"
 712      43313120 
 712      352E342E 
 712      31203230 
 712      31363036 
 713 0091 616E6368 		.ascii	"anch revision 237715] -mcpu=cortex-m3 -mthumb -g -O"
 713      20726576 
 713      6973696F 
 713      6E203233 
 713      37373135 
 714 00c4 33202D66 		.ascii	"3 -ffunction-sections -ffat-lto-objects -finline-fu"
 714      66756E63 
 714      74696F6E 
 714      2D736563 
 714      74696F6E 
 715 00f7 6E637469 		.ascii	"nctions -flto\000"
 715      6F6E7320 
 715      2D666C74 
 715      6F00
 716              	.LASF5:
 717 0105 6C6F6E67 		.ascii	"long unsigned int\000"
 717      20756E73 
 717      69676E65 
 717      6420696E 
 717      7400
 718              	.LASF3:
 719 0117 73686F72 		.ascii	"short unsigned int\000"
 719      7420756E 
 719      7369676E 
 719      65642069 
 719      6E7400
 720              	.LASF10:
 721 012a 646F7562 		.ascii	"double\000"
 721      6C6500
ARM GAS  C:\Users\JEFFSN~1\AppData\Local\Temp\cc2BkkJP.s 			page 27


 722              	.LASF19:
 723 0131 53434C4B 		.ascii	"SCLK_1_ReadDataReg\000"
 723      5F315F52 
 723      65616444 
 723      61746152 
 723      656700
 724              	.LASF8:
 725 0144 756E7369 		.ascii	"unsigned int\000"
 725      676E6564 
 725      20696E74 
 725      00
 726              	.LASF7:
 727 0151 6C6F6E67 		.ascii	"long long unsigned int\000"
 727      206C6F6E 
 727      6720756E 
 727      7369676E 
 727      65642069 
 728              	.LASF17:
 729 0168 6D6F6465 		.ascii	"mode\000"
 729      00
 730              	.LASF13:
 731 016d 72656738 		.ascii	"reg8\000"
 731      00
 732              	.LASF6:
 733 0172 6C6F6E67 		.ascii	"long long int\000"
 733      206C6F6E 
 733      6720696E 
 733      7400
 734              	.LASF11:
 735 0180 63686172 		.ascii	"char\000"
 735      00
 736              	.LASF22:
 737 0185 433A5C55 		.ascii	"C:\\Users\\JeffSnyder\\dev\\Electrobass_embedded\\P"
 737      73657273 
 737      5C4A6566 
 737      66536E79 
 737      6465725C 
 738 01b3 534F4335 		.ascii	"SOC5_electrobass_stringsensors\\CE210514_PSOC3_5_Th"
 738      5F656C65 
 738      6374726F 
 738      62617373 
 738      5F737472 
 739 01e5 65726D69 		.ascii	"ermistor.cydsn\000"
 739      73746F72 
 739      2E637964 
 739      736E00
 740              	.LASF2:
 741 01f4 73686F72 		.ascii	"short int\000"
 741      7420696E 
 741      7400
 742              	.LASF12:
 743 01fe 75696E74 		.ascii	"uint8\000"
 743      3800
 744              	.LASF4:
 745 0204 6C6F6E67 		.ascii	"long int\000"
 745      20696E74 
 745      00
ARM GAS  C:\Users\JEFFSN~1\AppData\Local\Temp\cc2BkkJP.s 			page 28


 746              	.LASF15:
 747 020d 53434C4B 		.ascii	"SCLK_1_SetDriveMode\000"
 747      5F315F53 
 747      65744472 
 747      6976654D 
 747      6F646500 
 748              	.LASF0:
 749 0221 7369676E 		.ascii	"signed char\000"
 749      65642063 
 749      68617200 
 750              		.comm	__gnu_lto_v1,1,1
 751              		.ident	"GCC: (GNU Tools for ARM Embedded Processors) 5.4.1 20160609 (release) [ARM/embedded-5-bran
