ARM GAS  C:\Users\JEFFSN~1\AppData\Local\Temp\ccP5tmJE.s 			page 1


   1              		.syntax unified
   2              		.cpu cortex-m3
   3              		.fpu softvfp
   4              		.eabi_attribute 20, 1
   5              		.eabi_attribute 21, 1
   6              		.eabi_attribute 23, 3
   7              		.eabi_attribute 24, 1
   8              		.eabi_attribute 25, 1
   9              		.eabi_attribute 26, 1
  10              		.eabi_attribute 30, 2
  11              		.eabi_attribute 34, 1
  12              		.eabi_attribute 18, 4
  13              		.thumb
  14              		.syntax unified
  15              		.file	"SCLK_2.c"
  16              		.text
  17              	.Ltext0:
  18              		.section	.gnu.lto_.profile.807ca793,"",%progbits
  19 0000 789C6361 		.ascii	"x\234ca`d`a`\000\222\222\242\000\000\261\0009"
  19      60646061 
  19      60009292 
  19      A20000B1 
  19      0039
  20              		.text
  21              		.section	.gnu.lto_.icf.807ca793,"",%progbits
  22 0000 789C6361 		.ascii	"x\234ca`d\000\001I\006\004`aX\362\343\252\004\343\257"
  22      60640001 
  22      49060460 
  22      6158F2E3 
  22      AA04E3AF 
  23 0014 F3973EB2 		.ascii	"\363\227>\2622\035\336\272\347\010#\363\255o\017O\263"
  23      321DDEBA 
  23      E70823F3 
  23      AD6F0F4F 
  23      B3
  24 0025 300000A6 		.ascii	"0\000\000\246\222\014\274"
  24      920CBC
  25              		.text
  26              		.section	.gnu.lto_.jmpfuncs.807ca793,"",%progbits
  27 0000 789C6361 		.ascii	"x\234ca`d\000\001!\006\004`a`dd\254g\004\021L\014\014"
  27      60640001 
  27      21060460 
  27      61606464 
  27      AC670411 
  28 0017 CC401100 		.ascii	"\314@\021\000\016\"\001&"
  28      0E220126 
  29              		.text
  30              		.section	.gnu.lto_.inline.807ca793,"",%progbits
  31 0000 789C6361 		.ascii	"x\234ca`d\000\201$\006\004`a`\340\344`dd\340\000J1s"
  31      60640081 
  31      24060460 
  31      6160E0E4 
  31      606464E0 
  32 0018 1CB06360 		.ascii	"\034\260c`[ \317\304\300\262@\236\005$\013\024g\307"
  32      5B20CFC4 
  32      C0B2409E 
  32      05240B14 
ARM GAS  C:\Users\JEFFSN~1\AppData\Local\Temp\ccP5tmJE.s 			page 2


  32      67C7
  33 002a 9064BAC0 		.ascii	"\220d\272\300\017\226db`ced`b\373\240\007\021\007\002"
  33      0F966462 
  33      60636564 
  33      6062FBA0 
  33      07110702 
  34 003e 664C2106 		.ascii	"fL!\006\000\346\332\011\346"
  34      00E6DA09 
  34      E6
  35              		.text
  36              		.section	.gnu.lto_.pureconst.807ca793,"",%progbits
  37 0000 789C6361 		.ascii	"x\234ca`d\340d```a\220b\224b\222b\226\002\000\002\261"
  37      6064E064 
  37      60606061 
  37      90629462 
  37      92629602 
  38 0017 0081     		.ascii	"\000\201"
  39              		.text
  40              		.section	.gnu.lto_SCLK_2_Write.807ca793,"",%progbits
  41 0000 789C5551 		.ascii	"x\234UQMk\023Q\024\275\347\275\231Im\242\177\300,\002"
  41      4D6B1351 
  41      14BDE7BD 
  41      99496DA2 
  41      7FC02C02 
  42 0014 524ABA10 		.ascii	"RJ\272\020\261\370\007\354\302\205.\304l\003%\304Y\024"
  42      B1F807EC 
  42      C2852EC4 
  42      6C0325C4 
  42      5914
  43 0026 AA853675 		.ascii	"\252\2056u\3337M\223\240\253n\332\254\264`-\215_\251"
  43      DB374D93 
  43      A0AB6EDA 
  43      ACB4602D 
  43      8D5FA9
  44 0039 6D41A828 		.ascii	"mA\250(\014\263s\323\242t%~\224,F\324MDC\213F\343\275"
  44      0CB373D3 
  44      A274257E 
  44      942C46D4 
  44      4D44438B 
  45 0050 3359D80B 		.ascii	"3Y\330\013\357c\356\234s\356\271\367Y\004\222\030QD"
  45      EF63EE9C 
  45      73EEB9F7 
  45      59049218 
  45      5144
  46 0062 A37C9EE6 		.ascii	"\243|\236\346\005MP\213\273D\336\200\002\344b\006@s"
  46      054D508B 
  46      BB44DE80 
  46      02E46206 
  46      4073
  47 0074 0A73E8A8 		.ascii	"\012s\350\250?\012A-\334Q\331u\303q\260vO\233\206\217"
  47      3F0A412D 
  47      DC51D975 
  47      C371B076 
  47      4F9B868F 
  48 0088 8A26EAA9 		.ascii	"\212&\352\251H\211\260\216,\243>\277\254\355C\237\001"
  48      4889B08E 
  48      2CA33EBF 
ARM GAS  C:\Users\JEFFSN~1\AppData\Local\Temp\ccP5tmJE.s 			page 3


  48      ACED439F 
  48      01
  49 0099 F1BD1A74 		.ascii	"\361\275\032t\332\311\3415c\346\215\371\2217\272\242"
  49      DAC9E135 
  49      63E68DF9 
  49      9137BAA2 
  50 00a9 81063433 		.ascii	"\201\006430\232\306\2714q\202\360\020\303\002>z\267"
  50      309AC6B9 
  50      347182F0 
  50      10C3023E 
  50      7AB7
  51 00bb DF3CA5B3 		.ascii	"\337<\245\263\021q\321\204\367SC\253B\364\017o\324\215"
  51      1171D184 
  51      F75343AB 
  51      42F40F6F 
  51      D48D
  52 00cd EF6584FB 		.ascii	"\357e\204\373\350\177\256\004C[\233\177\227N:\013\342"
  52      E87FAE04 
  52      435B9B7F 
  52      974E3A0B 
  52      E2
  53 00de 2A83C718 		.ascii	"*\203\307\030\212\375\340\011\034\356\020\222\331\270"
  53      8AFDE009 
  53      1CEE1092 
  53      D9B8
  54 00ec E69B5EAF 		.ascii	"\346\233^\257l\374\216\335\321'\024\027U\334)\377\260"
  54      6CFC8EDD 
  54      D1271417 
  54      55DC29FF 
  54      B0
  55 00fd 20B56D49 		.ascii	" \265mI8\262%d#j\363\222\356\277+%\247\016\021\374\272"
  55      38B22564 
  55      236AF392 
  55      EEBF2B25 
  55      A70E11FC 
  56 0112 F3B19E10 		.ascii	"\363\261\236\020\315\262\226I,W\202\275\304OU\321:r"
  56      CDB29649 
  56      2C5782BD 
  56      C44F55D1 
  56      3A72
  57 0124 FBA6F1A1 		.ascii	"\373\246\361\241\336\377\364W=cq\252\371\374\340vj\005"
  57      DEFFF457 
  57      3D6371AA 
  57      F9FCE076 
  57      6A05
  58 0136 77BD059E 		.ascii	"w\275\005\236\221\205&\322x\012\366\214\015\254\200"
  58      918526D2 
  58      780AF68C 
  58      0DAC80
  59 0145 4294BBD5 		.ascii	"B\224\273\325\367\210\005u\254\371\355m\313O\212\010"
  59      F7880575 
  59      ACF9ED6D 
  59      CB4F8A08 
  60 0155 F00978C6 		.ascii	"\360\011x\306\340\026T\324\006;e\224\220\332\325\360"
  60      E01654D4 
  60      063B6594 
  60      90DAD5F0 
ARM GAS  C:\Users\JEFFSN~1\AppData\Local\Temp\ccP5tmJE.s 			page 4


  61 0165 B06FC32E 		.ascii	"\260o\303.k\251\363\372\301\213nJX6ll2)\222\356\366"
  61      6BA9F3FA 
  61      C18B6E4A 
  61      58366C6C 
  61      322992EE 
  62 017a A505C7A0 		.ascii	"\245\005\307\240\332\027\363\312\022\220\205\014\266"
  62      DA17F3CA 
  62      1290850C 
  62      B6
  63 0187 62D09113 		.ascii	"b\320\221\023C\022\221\001\207S\301r\304:f\3363&y\334"
  63      43129101 
  63      8753C172 
  63      C43A66DE 
  63      332679DC 
  64 019b FF36FB67 		.ascii	"\3776\373g\026}\305\274\377\333\026B\364\020m\005\231"
  64      167DC5BC 
  64      FFDB1642 
  64      F4106D05 
  64      99
  65 01ac 154F2E73 		.ascii	"\025O.s\311\275\351N\027J\356\365\361\334\324\354t\321"
  65      C9BDE94E 
  65      174AEEF5 
  65      F1DCD4EC 
  65      74D1
  66 01be CD5FCD4D 		.ascii	"\315_\315M\215]\310\347\306\256\\\036?\177\266H\366"
  66      8D5DC8E7 
  66      C6AE5C1E 
  66      3F7FB648 
  66      F6
  67 01cf ADC2E4AC 		.ascii	"\255\302\344\254;8S*\224&\212\027'J3\377\000\253\000"
  67      3B38532A 
  67      94268A17 
  67      274A33FF 
  67      00AB00
  68 01e2 C2CB     		.ascii	"\302\313"
  69              		.text
  70              		.section	.gnu.lto_SCLK_2_SetDriveMode.807ca793,"",%progbits
  71 0000 789C7D51 		.ascii	"x\234}QMK\033Q\024\275\347\275\311\314\004i\376\200"
  71      4D4B1B51 
  71      14BDE7BD 
  71      C9CC0469 
  71      FE80
  72 0012 59045C84 		.ascii	"Y\004\\\204l$\264\364\027\010\272\320\205\230mDDg\251"
  72      6C24B4F4 
  72      1708BAD0 
  72      85986D44 
  72      4467A9
  73 0025 A1D2AE7D 		.ascii	"\241\322\256}I\014\005\273QDA$D\027\022\277\243\270"
  73      490C05BB 
  73      51444124 
  73      441712BF 
  73      A3B8
  74 0037 722331A0 		.ascii	"r#1\240\313t\327E\027\245\024\032J\241\022\255bI\233"
  74      CB74D745 
  74      17A5141A 
  74      4AA112AD 
  74      62499B
ARM GAS  C:\Users\JEFFSN~1\AppData\Local\Temp\ccP5tmJE.s 			page 5


  75 004a C67B675C 		.ascii	"\306{g\\d\345c\336\3758\234s\270\367\215E 9?8\3059\367"
  75      64E563DE 
  75      FD389C73 
  75      B8F78D45 
  75      20393F38 
  76 0061 F28526A8 		.ascii	"\362\205&\250\245:Q\326U\200\024\306\005\315+\314\343"
  76      A53A51D6 
  76      558014C6 
  76      05CD2BCC 
  76      E3
  77 0072 5EB5156A 		.ascii	"^\265\025j\357\033g*Q6|\276^^'\315N\025\005M\324Q\276"
  77      EF1B672A 
  77      51367CBE 
  77      5E5E27CD 
  77      4E15054D 
  78 0089 13A18C04 		.ascii	"\023\241\214\004\263~\237n\257\364\350>\020\3277\365"
  78      B37E9F6E 
  78      AFF4E83E 
  78      10D737F5 
  79 0099 E697487C 		.ascii	"\346\227H|\333\230\2341\313\343F\0274\260\003\315\012"
  79      DB989C31 
  79      CBE34617 
  79      34B003CD 
  79      0A
  80 00aa BC8A2219 		.ascii	"\274\212\"\031%\006\010\273\210\013\371\333\311\377"
  80      250608BB 
  80      880BF9DB 
  80      C9FF
  81 00b8 D517F682 		.ascii	"\325\027\366\202\330\307\002S\354\301\2261+cU\323\351"
  81      D8C70253 
  81      ECC19631 
  81      2B6355D3 
  81      E9
  82 00c9 E44DF5C1 		.ascii	"\344M\365\301\276h\331=\212eJs\320\226\204\020\304\301"
  82      BE68D93D 
  82      8A654A73 
  82      D0968410 
  82      C4C1
  83 00db 96D291E0 		.ascii	"\226\322\221\340J\010\013\207\250\311W\026\271QJ\262"
  83      4A080B87 
  83      A8C95716 
  83      B9514AB2 
  84 00eb 6EA0D65A 		.ascii	"n\240\326ZllX\342\234\327\262\324Z\241\366\321\271S"
  84      6C6C58E2 
  84      9CD7B2D4 
  84      5AA1F6D1 
  84      B953
  85 00fd 056DF913 		.ascii	"\005m\371\023\037\026\313[n\320~\337\314\032\213\241"
  85      1F16CB5B 
  85      6ED07EDF 
  85      CC1A8BA1 
  86 010d F279713D 		.ascii	"\362yq=RB1\273\300\353\206p\200(\366\021\345\351\016"
  86      524231BB 
  86      C0EB8670 
  86      8028F611 
  86      E5E90E
  87 0120 51023590 		.ascii	"Q\0025\220\273u\002;\315\216\334\347\377\331Ao1\304"
ARM GAS  C:\Users\JEFFSN~1\AppData\Local\Temp\ccP5tmJE.s 			page 6


  87      BB75023B 
  87      CD8EDCE7 
  87      FFD9416F 
  87      31C4
  88 0132 FACF571F 		.ascii	"\372\317W\037\332a\261\324x\203#VvI\370\013uK\034\206"
  88      DA61B1D4 
  88      78832356 
  88      7649F80B 
  88      754B1C86 
  89 0146 58F2EBD3 		.ascii	"X\362\353\323\376\201\016$\021T|I\376\317\023\305\365"
  89      FE810E24 
  89      11547C49 
  89      FECF13C5 
  89      F5
  90 0157 8D9D6E97 		.ascii	"\215\235n\2270\243\334\327\326 \375s#\037\363\310\314"
  90      30A3DCD7 
  90      D620FD73 
  90      231FF3C8 
  90      CC
  91 0168 A79FC855 		.ascii	"\247\237\310U\377\016\012\333\377uM\005y\036~\254\330"
  91      FF0E0ADB 
  91      FF754D05 
  91      791E7EAC 
  91      D8
  92 0179 9037EBCD 		.ascii	"\2207\353\315M\276\365\246'R\231wsS^z4\225\031x\235"
  92      4DBEF5A6 
  92      27529977 
  92      73535E7A 
  92      34951978 
  93 018e 4E0D8C0C 		.ascii	"N\015\214\014O\274\354\237\"k&3\355=\002\213\001\244"
  93      4FBCEC9F 
  93      226B2633 
  93      ED3D028B 
  93      01A4
  94 01a0 6A       		.ascii	"j"
  95              		.text
  96              		.section	.gnu.lto_SCLK_2_Read.807ca793,"",%progbits
  97 0000 789C354F 		.ascii	"x\2345O\277KBQ\024>\337\275\317\367$\252\177 \007is"
  97      BF4B4251 
  97      143EDFBD 
  97      CFF724AA 
  97      7F200769 
  98 0015 89288268 		.ascii	"\211(\202h\025j\250!\022\232\004\011{k\202\324\354{"
  98      156AA821 
  98      129A0409 
  98      7B6B82D4 
  98      EC7B
  99 0027 3E5F4134 		.ascii	">_A4\324PAP\016\025j%\321$4\251KETS\320\024Q\341\320"
  99      D4504150 
  99      0E156A25 
  99      D12434A9 
  99      4B455453 
 100 0040 94620462 		.ascii	"\224b\004b\331\271\275:p\317\271\367\334\357\3079\032"
 100      D9B9BD3A 
 100      70CFB9F7 
 100      DCEFC739 
 100      1A
ARM GAS  C:\Users\JEFFSN~1\AppData\Local\Temp\ccP5tmJE.s 			page 7


 101 0051 8154CC72 		.ascii	"\201T\314r\351\347\332\307\007\222 \326o\211l\277\000"
 101      E9E7DAC7 
 101      079220D6 
 101      6F896CBF 
 101      00
 102 0062 D4C5F283 		.ascii	"\324\305\362\203R\002)|\210/\201\353\317\313\265\256"
 102      5202297C 
 102      882F81EB 
 102      CFCBB5AE 
 103 0072 50CEB2D2 		.ascii	"P\316\262\322\326\323akt;_\206+\211:\2020\034\300`@"
 103      D6D3616B 
 103      743B5F86 
 103      2B893A82 
 103      301CC060 
 104 0087 49E41022 		.ascii	"I\344\020\"\206>\237}o\366\350\031\213#\250\000\374"
 104      863E9F7D 
 104      6FF6E819 
 104      8B23A800 
 104      FC
 105 0098 9387AE2C 		.ascii	"\223\207\256,Og\312V\247\343X\345{\243\362`\030 W\262"
 105      4F67CA56 
 105      A7E358E5 
 105      7BA3F260 
 105      182057B2 
 106 00ac 2F278D93 		.ascii	"/'\215\223\360\251\244\223\222\245w\246\251!\352B\250"
 106      F0A9A493 
 106      92A577A6 
 106      A921EA42 
 106      A8
 107 00bd 2A6BA8B6 		.ascii	"*k\250\266V\037\367\306\224\222#%\273l\271\325;\243"
 107      561FF7C6 
 107      94922325 
 107      BB6CB9D5 
 107      3BA3
 108 00cf 295C29A1 		.ascii	")\\)\241L\013\033\245\306\337\263\262o[\032\267\354"
 108      4C0B1BA5 
 108      C6DFB3B2 
 108      6F5B1AB7 
 108      EC
 109 00e0 52F1C2C8 		.ascii	"R\361\302\310b\327\316\360\250\032\216\020@\001<(\216"
 109      62D7CEF0 
 109      A81A8E10 
 109      40013C28 
 109      8E
 110 00f1 9105D5E0 		.ascii	"\221\005\325\340\264\307\311\221\360\344\3527;/\275"
 110      B4C7C991 
 110      F0E4EA37 
 110      3B2FBD
 111 0100 8A0F0471 		.ascii	"\212\017\004q\302\260\032\322\215\225\266\360\0145\306"
 111      C2B01AD2 
 111      8D95B6F0 
 111      0C35C6
 112 010f 294663B9 		.ascii	")Fc\271\251y\035\0377\231vup\336\356V4\001\037\212\377"
 112      A9791D1F 
 112      37997675 
 112      70DEEE56 
 112      34011F8A 
ARM GAS  C:\Users\JEFFSN~1\AppData\Local\Temp\ccP5tmJE.s 			page 8


 113 0124 B4577820 		.ascii	"\264Wx \205\2437\374\211\350\364\273\030\324B\274^p"
 113      85A337FC 
 113      89E8F4BB 
 113      18D442BC 
 113      5E70
 114 0136 C25C3093 		.ascii	"\302\\0\223s\213\346|,\222XJ\306\315\350t$\021\036\211"
 114      738BE67C 
 114      2C92584A 
 114      C6CDE874 
 114      24111E89 
 115 014a 46C25393 		.ascii	"F\302S\223\261\241\2018\375\000Ly{U"
 115      B1A18138 
 115      FD004C79 
 115      7B55
 116              		.text
 117              		.section	.gnu.lto_SCLK_2_ReadDataReg.807ca793,"",%progbits
 118 0000 789C354F 		.ascii	"x\2345O\275KBQ\024?\277{\237O\021\353\037\310A\332\\"
 118      BD4B4251 
 118      143FBF7B 
 118      9F4F11EB 
 118      1FC841DA 
 119 0015 228A865A 		.ascii	"\"\212\206Z\205\032j\210\204&A\302\336\232 5\373\364"
 119      851A6A88 
 119      842641C2 
 119      DE9A2035 
 119      FBF4
 120 0027 F98AA2A1 		.ascii	"\371\212\242\241\245\204 \034*\324>ii\010\202\227S\021"
 120      A584201C 
 120      2AD43E69 
 120      69088297 
 120      5311
 121 0039 7DFD0181 		.ascii	"}\375\001\201T84\245\030A\230vn\317\016\334s\356=\367"
 121      543834A5 
 121      18419876 
 121      6ECF0EDC 
 121      73EE3DF7 
 122 004d F7718E46 		.ascii	"\367q\216F \025\263\\\372\271\366\361\201$\210\215{"
 122      2015B35C 
 122      FAB9F6F1 
 122      8124888D 
 122      7B
 123 005e A28C4F00 		.ascii	"\242\214O\000\352b\372@i\2014>\305\217\300\355\327\365"
 123      EA62FA40 
 123      6981343E 
 123      C58FC0ED 
 123      D7F5
 124 0070 BA3F5C34 		.ascii	"\272?\\4\315\254Y\335/\216\346K\016lI\324\021\204\341"
 124      CDAC59DD 
 124      2F8EE64B 
 124      0E6C49D4 
 124      1184E1
 125 0083 2006834A 		.ascii	" \006\203J\242\21001\364\345\254\275\331\243\347L\216"
 125      A2883031 
 125      F4E5ACBD 
 125      D9A3E74C 
 125      8E
 126 0094 9002F04F 		.ascii	"\220\002\360O\011\272\262<\235q\314N\3072\235K\377\325"
ARM GAS  C:\Users\JEFFSN~1\AppData\Local\Temp\ccP5tmJE.s 			page 9


 126      09BAB23C 
 126      9D71CC4E 
 126      C7329D4B 
 126      FFD5
 127 00a6 A3DF0BB2 		.ascii	"\243\337\013\262%\373r\3228\011\217J:)Y\372`\232\032"
 127      25FB72D2 
 127      38098F4A 
 127      3A2959FA 
 127      609A1A
 128 00b9 A22E84AA 		.ascii	"\242.\204\252\262\206\312\367Z\273<\246\224,)\331e\313"
 128      B286CAF7 
 128      5ABB3CA6 
 128      942C29D9 
 128      65CB
 129 00cb AE3C789B 		.ascii	"\256<x\233\302\226\022\312\364\251\364\234\357>\235"
 129      C29612CA 
 129      F4A9F49C 
 129      EF3E9D
 130 00da DD8CA971 		.ascii	"\335\214\251q\353\344\274\272\032(`'\223\343Q5\034 "
 130      EBE4BCBA 
 130      1A286027 
 130      93E35135 
 130      1C20
 131 00ec 88327850 		.ascii	"\2102xP\034\242\000\252\301j\215\223%\341\312\325\357"
 131      1CA200AA 
 131      C16A8D93 
 131      25E1CAD5 
 131      EF
 132 00fd B65F7B15 		.ascii	"\266_{\025\037\010\341\210a5d\033+-\341\032j\214S\214"
 132      1F08E188 
 132      6135641B 
 132      2B2DE11A 
 132      6A8C538C 
 133 0111 C6725373 		.ascii	"\306rSs;\036n2\355f\357\242\025P4\001\017\216\377io"
 133      3B1E6E32 
 133      ED66EFA2 
 133      15503401 
 133      0F8EFF69 
 134 0126 70410A47 		.ascii	"pA\012G\357\350\212\350\364\267\030\324B\274^h\302X"
 134      EFE88AE8 
 134      F4B718D4 
 134      42BC5E68 
 134      C258
 135 0138 3052738B 		.ascii	"0Rs\213\306|<\232\\J%\214\330t4\031\031\211E#S\223\361"
 135      C67C3C9A 
 135      5C4A258C 
 135      D8743419 
 135      19894523 
 136 014f A18104FD 		.ascii	"\241\201\004\375\002\011\022{C"
 136      0209127B 
 136      43
 137              		.text
 138              		.section	.gnu.lto_.symbol_nodes.807ca793,"",%progbits
 139 0000 789C6361 		.ascii	"x\234ca`dpc\000\002&\206z\006\206\011\347\030@\324\256"
 139      60647063 
 139      00022686 
 139      7A068609 
ARM GAS  C:\Users\JEFFSN~1\AppData\Local\Temp\ccP5tmJE.s 			page 10


 139      E71840D4 
 140 0015 0645A000 		.ascii	"\006E\240\000c=#\252\000S=\023\252\000s=3\212\000\003"
 140      633D23AA 
 140      00533D13 
 140      AA00733D 
 140      338A0003 
 141 0029 0026B60F 		.ascii	"\000&\266\017<"
 141      3C
 142              		.text
 143              		.section	.gnu.lto_.refs.807ca793,"",%progbits
 144 0000 789C6361 		.ascii	"x\234ca`\004B \000\000\0009\000\007"
 144      60044220 
 144      00000039 
 144      0007
 145              		.text
 146              		.section	.gnu.lto_.decls.807ca793,"",%progbits
 147 0000 789C8D53 		.ascii	"x\234\215S]H\024Q\024\276gfv]\306\315\302\"\366a\241"
 147      5D481451 
 147      14BE6766 
 147      765DC6CD 
 147      C222F661 
 148 0015 CD279F96 		.ascii	"\315'\237\226,\002\037\302\002%\037\3721\334\262\027"
 148      2C021FC2 
 148      02251FFA 
 148      31DCB217 
 149 0025 41561DCC 		.ascii	"AV\035\314\027\215m\015|\273\272\026\375<\244\240\345"
 149      178D6D0D 
 149      7CBBBA16 
 149      FD3CA4A0 
 149      E5
 150 0036 9AE04F50 		.ascii	"\232\340OP\376k\271k\356\246iB&\201\240\030B\230$X\320"
 150      FE6BB96B 
 150      EEA66942 
 150      2681A018 
 150      42982458 
 151 004b 92999244 		.ascii	"\222\231\222DR\266\235{g\246Yl\003\017sf\316\271\367"
 151      52B69D7B 
 151      67A6596C 
 151      030F7366 
 151      CEB9F7
 152 005e 7CDFF9EE 		.ascii	"|\337\371\356\231\031\211\000a\226!\021\322\210O;\246"
 152      99198900 
 152      61962111 
 152      D2884F3B 
 152      A6
 153 006f 513413C6 		.ascii	"Q4\023\306y\3040\334&\203\350A\364a\3640\371\327\330"
 153      79C430DC 
 153      2683E841 
 153      F461F430 
 153      F9D7D8
 154 0082 BE59C3F5 		.ascii	"\276Y\303\3651.\3641\364Q\364\034\255\006\264\272\355"
 154      312EF431 
 154      F451F41C 
 154      AD06B4BA 
 154      ED
 155 0093 168C839D 		.ascii	"\026\214\203\235\210\301\353\330`\034,\323c\212\301"
 155      88C1EBD8 
ARM GAS  C:\Users\JEFFSN~1\AppData\Local\Temp\ccP5tmJE.s 			page 11


 155      601C2CD3 
 155      638AC1
 156 00a2 E5C4C10D 		.ascii	"\345\304\301\015\307\301\205w\200\213w\316-\001\242"
 156      C7C18577 
 156      808B77CE 
 156      2D01A2
 157 00b1 2D813B96 		.ascii	"-\201;\226\005x\013\"\321\006H\000\324;p'\252\363\024"
 157      05780B22 
 157      D1064800 
 157      D43B7027 
 157      AAF314
 158 00c4 0381A881 		.ascii	"\003\201\250\201\276\364\327\210V\"\350\241A\306/\015"
 158      BEF4D788 
 158      5622E8A1 
 158      41C62F0D 
 159 00d4 0F51DD38 		.ascii	"\017Q\3358\211\301\016\032H\315u\335\032\010\004\243"
 159      89C10E1A 
 159      48CD75DD 
 159      1A0804A3 
 160 00e4 01A8A98E 		.ascii	"\001\250\251\216\210\341\333\246H\327\254\267!\202~"
 160      88E1DBA6 
 160      48D7ACB7 
 160      21827E
 161 00f3 E895AEC0 		.ascii	"\350\225\256\300\033\223(\000\213\337ov\234t\366P\264"
 161      1B932800 
 161      8BDF6F76 
 161      9C74F650 
 161      B4
 162 0104 5A4A8503 		.ascii	"ZJ\205\003\306d\372\257}\350\264l\010`\227!\012,_\011"
 162      C664FAAF 
 162      7DE8B46C 
 162      08609721 
 162      0A2C5F09 
 163 0118 6DEE5273 		.ascii	"m\356Rs\266\355\257[\376\235(\332X,\314-wG$H\225\037"
 163      B6EDAF5B 
 163      FE9D28DA 
 163      582CCC2D 
 163      77472448 
 164 012e 329AA5AD 		.ascii	"2\232\245\255\201\214\020\245{\240\017d\350\001\021"
 164      818C10A5 
 164      7BA00F64 
 164      E80111
 165 013d 3AC1C934 		.ascii	":\301\3114\330e\274\337\240\264\232\256\265S\263\215"
 165      D865BCDF 
 165      A0B49AAE 
 165      B553B38D 
 166 014d C0113B1C 		.ascii	"\300\021;\034\262\023\350\205T\306\311\252\240\033\354"
 166      B213E885 
 166      54C6C9AA 
 166      A01BEC
 167 015c D00576C6 		.ascii	"\320\005v\306\377\361^\313g\263\204\2229O\241\304\326"
 167      FFF15ECB 
 167      67B38492 
 167      394FA1C4 
 167      D6
 168 016d 666B069A 		.ascii	"fk\006\232E\224\220,\203\204\351\372t\323r\022\246\373"
 168      4594902C 
ARM GAS  C:\Users\JEFFSN~1\AppData\Local\Temp\ccP5tmJE.s 			page 12


 168      8384E9FA 
 168      74D37212 
 168      A6FB
 169 017f 647060DA 		.ascii	"dp`\332\023~\267b\266\335\345G\361Q\207\004y\373\341"
 169      137EB762 
 169      B6DDE547 
 169      F1518704 
 169      79FBE1
 170 0192 31120E20 		.ascii	"1\022\016 !\201'`\303{?H\352\351\026{\351\003Hi\245"
 170      21812760 
 170      C37B3F48 
 170      EAE9167B 
 170      E9034869 
 171 01a7 AD0374A9 		.ascii	"\255\003t\251n\362\330]\037\235B\234\203\225A\207!\272"
 171      6EF2D85D 
 171      1F9D429C 
 171      83954187 
 171      21BA
 172 01b9 837D1704 		.ascii	"\203}\027\004\036\301\002\316p\020R\020\031Ym[M\024"
 172      1EC102CE 
 172      70105210 
 172      19596D5B 
 172      4D14
 173 01cb DD7C085F 		.ascii	"\335|\010_W\247*U\222\361\215I+\255\255\242\364\004"
 173      57A72A55 
 173      92F18D49 
 173      2BADADA2 
 173      F404
 174 01dd A7081814 		.ascii	"\247\010\030\024\201X\212 \247\370Y\377\275\327,Vp\212"
 174      81588A20 
 174      A7F859FF 
 174      BDD72C56 
 174      708A
 175 01ef 99DB2F7D 		.ascii	"\231\333/}\273cU\263\343\032\262\237r\331\205\232\352"
 175      BB6355B3 
 175      E31AB29F 
 175      72D9859A 
 175      EA
 176 0200 F5A5E966 		.ascii	"\365\245\351f\213\326p\356\225\350\247\3435\210\023"
 176      8BD670EE 
 176      95E8A7E3 
 176      358813
 177 020f 58150C19 		.ascii	"X\025\014\031-\207b[\016\363\226\376O[\327Mb\025\360"
 177      2D87625B 
 177      0EF396FE 
 177      4F5BD74D 
 177      6215F0
 178 0222 9EBF1623 		.ascii	"\236\277\026#\355f\215&\374Z\327\315HB\006I(\226$\314"
 178      ED668D26 
 178      FC5AD7CD 
 178      48420649 
 178      289624CC 
 179 0236 49366ABE 		.ascii	"I6j\276\315\233e|\207\276\235\275\303\351H[4A\254\347"
 179      CD9B657C 
 179      87BE9DBD 
 179      C3E9485B 
 179      3441ACE7 
ARM GAS  C:\Users\JEFFSN~1\AppData\Local\Temp\ccP5tmJE.s 			page 13


 180 024a 4D85C106 		.ascii	"M\205\301\006\177C\002\310\251q\340\317\343\300\265"
 180      7F4302C8 
 180      A971E0CF 
 180      E3C0B5
 181 0259 6FE9C7F9 		.ascii	"o\351\307\371\272\233\354\204\2438\225\021C\3343\220"
 181      BA9BEC84 
 181      A3389511 
 181      43DC3390 
 182 0269 D5890466 		.ascii	"\325\211\004f\276\364\233\254\267\330g\205\343K\236"
 182      BEF49BAC 
 182      B7D86785 
 182      E34B9E
 183 0278 4AE295C6 		.ascii	"J\342\225\306\374\306\300\312\377\000|n\011\342\310"
 183      FCC6C0CA 
 183      FF007C6E 
 183      09E2C8
 184 0287 FCFD6611 		.ascii	"\374\375f\021\367\330%7Q\224Bg\001&\220\214'k\307y\314"
 184      F7D82537 
 184      51944267 
 184      0126908C 
 184      276BC779 
 185 029c 96E95A35 		.ascii	"\226\351Z557&\351\022\011\337 0\216\310\027H\314S\253"
 185      353726E9 
 185      1209DF20 
 185      308EC817 
 185      48CC53AB 
 186 02b0 2BF3F4A9 		.ascii	"+\363\364\251\202\303\005\027=\245^\305\222}\366\202"
 186      82C30517 
 186      3DA55EC5 
 186      927DF682 
 187 02c0 23332D8D 		.ascii	"#3-\215\230*J\313\274\351\007\263\2252\305\343\366*"
 187      982A4ACB 
 187      BCE907B3 
 187      9532C5E3 
 187      F62A
 188 02d2 C505AEF2 		.ascii	"\305\005\256\362\012O\221\222\177\316U\236y4\277\250"
 188      0A4F9192 
 188      7FCE559E 
 188      7934BFA8 
 189 02e2 D25B7959 		.ascii	"\322[yY\271\342\274D\034\377\251PI\235Ed\257F\357R\274"
 189      B9E2BC44 
 189      1CFFA950 
 189      499D4564 
 189      AF46EF52 
 190 02f7 599ED2AB 		.ascii	"Y\236\322\253\312\231\362b%Q[\313U\334\305\3111q\226"
 190      CA99F262 
 190      25515BCB 
 190      55DCC5C9 
 190      317196
 191 030a DBEBCE55 		.ascii	"\333\353\316UJ$\217R\222\376\007\366\307b\235"
 191      4A248F52 
 191      92FE07F6 
 191      C7629D
 192              		.text
 193              		.section	.gnu.lto_.symtab.807ca793,"",%progbits
 194 0000 53434C4B 		.ascii	"SCLK_2_Write\000"
 194      5F325F57 
ARM GAS  C:\Users\JEFFSN~1\AppData\Local\Temp\ccP5tmJE.s 			page 14


 194      72697465 
 194      00
 195 000d 00       		.ascii	"\000"
 196 000e 00       		.ascii	"\000"
 197 000f 00       		.ascii	"\000"
 198 0010 00000000 		.ascii	"\000\000\000\000\000\000\000\000"
 198      00000000 
 199 0018 B3000000 		.ascii	"\263\000\000\000"
 200 001c 53434C4B 		.ascii	"SCLK_2_SetDriveMode\000"
 200      5F325F53 
 200      65744472 
 200      6976654D 
 200      6F646500 
 201 0030 00       		.ascii	"\000"
 202 0031 00       		.ascii	"\000"
 203 0032 00       		.ascii	"\000"
 204 0033 00000000 		.ascii	"\000\000\000\000\000\000\000\000"
 204      00000000 
 205 003b B5000000 		.ascii	"\265\000\000\000"
 206 003f 53434C4B 		.ascii	"SCLK_2_Read\000"
 206      5F325F52 
 206      65616400 
 207 004b 00       		.ascii	"\000"
 208 004c 00       		.ascii	"\000"
 209 004d 00       		.ascii	"\000"
 210 004e 00000000 		.ascii	"\000\000\000\000\000\000\000\000"
 210      00000000 
 211 0056 B8000000 		.ascii	"\270\000\000\000"
 212 005a 53434C4B 		.ascii	"SCLK_2_ReadDataReg\000"
 212      5F325F52 
 212      65616444 
 212      61746152 
 212      656700
 213 006d 00       		.ascii	"\000"
 214 006e 00       		.ascii	"\000"
 215 006f 00       		.ascii	"\000"
 216 0070 00000000 		.ascii	"\000\000\000\000\000\000\000\000"
 216      00000000 
 217 0078 BA000000 		.ascii	"\272\000\000\000"
 218              		.text
 219              		.section	.gnu.lto_.opts,"",%progbits
 220 0000 272D666D 		.ascii	"'-fmath-errno' '-fsigned-zeros' '-ftrapping-math' '"
 220      6174682D 
 220      6572726E 
 220      6F272027 
 220      2D667369 
 221 0033 2D666E6F 		.ascii	"-fno-trapv' '-fno-openmp' '-fno-openacc' '-mcpu=cor"
 221      2D747261 
 221      70762720 
 221      272D666E 
 221      6F2D6F70 
 222 0066 7465782D 		.ascii	"tex-m3' '-mthumb' '-g' '-O3' '-ffunction-sections' "
 222      6D332720 
 222      272D6D74 
 222      68756D62 
 222      2720272D 
 223 0099 272D6666 		.ascii	"'-ffat-lto-objects' '-finline-functions' '-flto'\000"
ARM GAS  C:\Users\JEFFSN~1\AppData\Local\Temp\ccP5tmJE.s 			page 15


 223      61742D6C 
 223      746F2D6F 
 223      626A6563 
 223      74732720 
 224              		.text
 225              		.cfi_sections	.debug_frame
 226              		.section	.text.SCLK_2_Write,"ax",%progbits
 227              		.align	2
 228              		.global	SCLK_2_Write
 229              		.thumb
 230              		.thumb_func
 231              		.type	SCLK_2_Write, %function
 232              	SCLK_2_Write:
 233              	.LFB0:
 234              		.file 1 "Generated_Source\\PSoC5\\SCLK_2.c"
   1:Generated_Source\PSoC5/SCLK_2.c **** /*******************************************************************************
   2:Generated_Source\PSoC5/SCLK_2.c **** * File Name: SCLK_2.c  
   3:Generated_Source\PSoC5/SCLK_2.c **** * Version 2.20
   4:Generated_Source\PSoC5/SCLK_2.c **** *
   5:Generated_Source\PSoC5/SCLK_2.c **** * Description:
   6:Generated_Source\PSoC5/SCLK_2.c **** *  This file contains API to enable firmware control of a Pins component.
   7:Generated_Source\PSoC5/SCLK_2.c **** *
   8:Generated_Source\PSoC5/SCLK_2.c **** * Note:
   9:Generated_Source\PSoC5/SCLK_2.c **** *
  10:Generated_Source\PSoC5/SCLK_2.c **** ********************************************************************************
  11:Generated_Source\PSoC5/SCLK_2.c **** * Copyright 2008-2015, Cypress Semiconductor Corporation.  All rights reserved.
  12:Generated_Source\PSoC5/SCLK_2.c **** * You may use this file only in accordance with the license, terms, conditions, 
  13:Generated_Source\PSoC5/SCLK_2.c **** * disclaimers, and limitations in the end user license agreement accompanying 
  14:Generated_Source\PSoC5/SCLK_2.c **** * the software package with which this file was provided.
  15:Generated_Source\PSoC5/SCLK_2.c **** *******************************************************************************/
  16:Generated_Source\PSoC5/SCLK_2.c **** 
  17:Generated_Source\PSoC5/SCLK_2.c **** #include "cytypes.h"
  18:Generated_Source\PSoC5/SCLK_2.c **** #include "SCLK_2.h"
  19:Generated_Source\PSoC5/SCLK_2.c **** 
  20:Generated_Source\PSoC5/SCLK_2.c **** /* APIs are not generated for P15[7:6] on PSoC 5 */
  21:Generated_Source\PSoC5/SCLK_2.c **** #if !(CY_PSOC5A &&\
  22:Generated_Source\PSoC5/SCLK_2.c **** 	 SCLK_2__PORT == 15 && ((SCLK_2__MASK & 0xC0) != 0))
  23:Generated_Source\PSoC5/SCLK_2.c **** 
  24:Generated_Source\PSoC5/SCLK_2.c **** 
  25:Generated_Source\PSoC5/SCLK_2.c **** /*******************************************************************************
  26:Generated_Source\PSoC5/SCLK_2.c **** * Function Name: SCLK_2_Write
  27:Generated_Source\PSoC5/SCLK_2.c **** ****************************************************************************//**
  28:Generated_Source\PSoC5/SCLK_2.c **** *
  29:Generated_Source\PSoC5/SCLK_2.c **** * \brief Writes the value to the physical port (data output register), masking
  30:Generated_Source\PSoC5/SCLK_2.c **** *  and shifting the bits appropriately. 
  31:Generated_Source\PSoC5/SCLK_2.c **** *
  32:Generated_Source\PSoC5/SCLK_2.c **** * The data output register controls the signal applied to the physical pin in 
  33:Generated_Source\PSoC5/SCLK_2.c **** * conjunction with the drive mode parameter. This function avoids changing 
  34:Generated_Source\PSoC5/SCLK_2.c **** * other bits in the port by using the appropriate method (read-modify-write or
  35:Generated_Source\PSoC5/SCLK_2.c **** * bit banding).
  36:Generated_Source\PSoC5/SCLK_2.c **** *
  37:Generated_Source\PSoC5/SCLK_2.c **** * <b>Note</b> This function should not be used on a hardware digital output pin 
  38:Generated_Source\PSoC5/SCLK_2.c **** * as it is driven by the hardware signal attached to it.
  39:Generated_Source\PSoC5/SCLK_2.c **** *
  40:Generated_Source\PSoC5/SCLK_2.c **** * \param value
  41:Generated_Source\PSoC5/SCLK_2.c **** *  Value to write to the component instance.
  42:Generated_Source\PSoC5/SCLK_2.c **** *
ARM GAS  C:\Users\JEFFSN~1\AppData\Local\Temp\ccP5tmJE.s 			page 16


  43:Generated_Source\PSoC5/SCLK_2.c **** * \return 
  44:Generated_Source\PSoC5/SCLK_2.c **** *  None 
  45:Generated_Source\PSoC5/SCLK_2.c **** *
  46:Generated_Source\PSoC5/SCLK_2.c **** * \sideeffect
  47:Generated_Source\PSoC5/SCLK_2.c **** *  If you use read-modify-write operations that are not atomic; the Interrupt 
  48:Generated_Source\PSoC5/SCLK_2.c **** *  Service Routines (ISR) can cause corruption of this function. An ISR that 
  49:Generated_Source\PSoC5/SCLK_2.c **** *  interrupts this function and performs writes to the Pins component data 
  50:Generated_Source\PSoC5/SCLK_2.c **** *  register can cause corrupted port data. To avoid this issue, you should 
  51:Generated_Source\PSoC5/SCLK_2.c **** *  either use the Per-Pin APIs (primary method) or disable interrupts around 
  52:Generated_Source\PSoC5/SCLK_2.c **** *  this function.
  53:Generated_Source\PSoC5/SCLK_2.c **** *
  54:Generated_Source\PSoC5/SCLK_2.c **** * \funcusage
  55:Generated_Source\PSoC5/SCLK_2.c **** *  \snippet SCLK_2_SUT.c usage_SCLK_2_Write
  56:Generated_Source\PSoC5/SCLK_2.c **** *******************************************************************************/
  57:Generated_Source\PSoC5/SCLK_2.c **** void SCLK_2_Write(uint8 value)
  58:Generated_Source\PSoC5/SCLK_2.c **** {
 235              		.loc 1 58 0
 236              		.cfi_startproc
 237              		@ args = 0, pretend = 0, frame = 0
 238              		@ frame_needed = 0, uses_anonymous_args = 0
 239              		@ link register save eliminated.
 240              	.LVL0:
  59:Generated_Source\PSoC5/SCLK_2.c ****     uint8 staticBits = (SCLK_2_DR & (uint8)(~SCLK_2_MASK));
 241              		.loc 1 59 0
 242 0000 044A     		ldr	r2, .L2
  60:Generated_Source\PSoC5/SCLK_2.c ****     SCLK_2_DR = staticBits | ((uint8)(value << SCLK_2_SHIFT) & SCLK_2_MASK);
 243              		.loc 1 60 0
 244 0002 4001     		lsls	r0, r0, #5
 245              	.LVL1:
  59:Generated_Source\PSoC5/SCLK_2.c ****     uint8 staticBits = (SCLK_2_DR & (uint8)(~SCLK_2_MASK));
 246              		.loc 1 59 0
 247 0004 1378     		ldrb	r3, [r2]	@ zero_extendqisi2
 248              	.LVL2:
 249              		.loc 1 60 0
 250 0006 00F02000 		and	r0, r0, #32
 251 000a 03F0DF03 		and	r3, r3, #223
 252              	.LVL3:
 253 000e 1843     		orrs	r0, r0, r3
 254 0010 1070     		strb	r0, [r2]
 255 0012 7047     		bx	lr
 256              	.L3:
 257              		.align	2
 258              	.L2:
 259 0014 C0510040 		.word	1073762752
 260              		.cfi_endproc
 261              	.LFE0:
 262              		.size	SCLK_2_Write, .-SCLK_2_Write
 263              		.section	.text.SCLK_2_SetDriveMode,"ax",%progbits
 264              		.align	2
 265              		.global	SCLK_2_SetDriveMode
 266              		.thumb
 267              		.thumb_func
 268              		.type	SCLK_2_SetDriveMode, %function
 269              	SCLK_2_SetDriveMode:
 270              	.LFB1:
  61:Generated_Source\PSoC5/SCLK_2.c **** }
  62:Generated_Source\PSoC5/SCLK_2.c **** 
ARM GAS  C:\Users\JEFFSN~1\AppData\Local\Temp\ccP5tmJE.s 			page 17


  63:Generated_Source\PSoC5/SCLK_2.c **** 
  64:Generated_Source\PSoC5/SCLK_2.c **** /*******************************************************************************
  65:Generated_Source\PSoC5/SCLK_2.c **** * Function Name: SCLK_2_SetDriveMode
  66:Generated_Source\PSoC5/SCLK_2.c **** ****************************************************************************//**
  67:Generated_Source\PSoC5/SCLK_2.c **** *
  68:Generated_Source\PSoC5/SCLK_2.c **** * \brief Sets the drive mode for each of the Pins component's pins.
  69:Generated_Source\PSoC5/SCLK_2.c **** * 
  70:Generated_Source\PSoC5/SCLK_2.c **** * <b>Note</b> This affects all pins in the Pins component instance. Use the
  71:Generated_Source\PSoC5/SCLK_2.c **** * Per-Pin APIs if you wish to control individual pin's drive modes.
  72:Generated_Source\PSoC5/SCLK_2.c **** *
  73:Generated_Source\PSoC5/SCLK_2.c **** * \param mode
  74:Generated_Source\PSoC5/SCLK_2.c **** *  Mode for the selected signals. Valid options are documented in 
  75:Generated_Source\PSoC5/SCLK_2.c **** *  \ref driveMode.
  76:Generated_Source\PSoC5/SCLK_2.c **** *
  77:Generated_Source\PSoC5/SCLK_2.c **** * \return
  78:Generated_Source\PSoC5/SCLK_2.c **** *  None
  79:Generated_Source\PSoC5/SCLK_2.c **** *
  80:Generated_Source\PSoC5/SCLK_2.c **** * \sideeffect
  81:Generated_Source\PSoC5/SCLK_2.c **** *  If you use read-modify-write operations that are not atomic, the ISR can
  82:Generated_Source\PSoC5/SCLK_2.c **** *  cause corruption of this function. An ISR that interrupts this function 
  83:Generated_Source\PSoC5/SCLK_2.c **** *  and performs writes to the Pins component Drive Mode registers can cause 
  84:Generated_Source\PSoC5/SCLK_2.c **** *  corrupted port data. To avoid this issue, you should either use the Per-Pin
  85:Generated_Source\PSoC5/SCLK_2.c **** *  APIs (primary method) or disable interrupts around this function.
  86:Generated_Source\PSoC5/SCLK_2.c **** *
  87:Generated_Source\PSoC5/SCLK_2.c **** * \funcusage
  88:Generated_Source\PSoC5/SCLK_2.c **** *  \snippet SCLK_2_SUT.c usage_SCLK_2_SetDriveMode
  89:Generated_Source\PSoC5/SCLK_2.c **** *******************************************************************************/
  90:Generated_Source\PSoC5/SCLK_2.c **** void SCLK_2_SetDriveMode(uint8 mode)
  91:Generated_Source\PSoC5/SCLK_2.c **** {
 271              		.loc 1 91 0
 272              		.cfi_startproc
 273              		@ args = 0, pretend = 0, frame = 0
 274              		@ frame_needed = 0, uses_anonymous_args = 0
 275              		@ link register save eliminated.
 276              	.LVL4:
  92:Generated_Source\PSoC5/SCLK_2.c **** 	CyPins_SetPinDriveMode(SCLK_2_0, mode);
 277              		.loc 1 92 0
 278 0000 044A     		ldr	r2, .L5
 279 0002 00F00E00 		and	r0, r0, #14
 280              	.LVL5:
 281 0006 1378     		ldrb	r3, [r2]	@ zero_extendqisi2
 282 0008 03F0F103 		and	r3, r3, #241
 283 000c 1843     		orrs	r0, r0, r3
 284 000e 1070     		strb	r0, [r2]
 285 0010 7047     		bx	lr
 286              	.L6:
 287 0012 00BF     		.align	2
 288              	.L5:
 289 0014 65500040 		.word	1073762405
 290              		.cfi_endproc
 291              	.LFE1:
 292              		.size	SCLK_2_SetDriveMode, .-SCLK_2_SetDriveMode
 293              		.section	.text.SCLK_2_Read,"ax",%progbits
 294              		.align	2
 295              		.global	SCLK_2_Read
 296              		.thumb
 297              		.thumb_func
ARM GAS  C:\Users\JEFFSN~1\AppData\Local\Temp\ccP5tmJE.s 			page 18


 298              		.type	SCLK_2_Read, %function
 299              	SCLK_2_Read:
 300              	.LFB2:
  93:Generated_Source\PSoC5/SCLK_2.c **** }
  94:Generated_Source\PSoC5/SCLK_2.c **** 
  95:Generated_Source\PSoC5/SCLK_2.c **** 
  96:Generated_Source\PSoC5/SCLK_2.c **** /*******************************************************************************
  97:Generated_Source\PSoC5/SCLK_2.c **** * Function Name: SCLK_2_Read
  98:Generated_Source\PSoC5/SCLK_2.c **** ****************************************************************************//**
  99:Generated_Source\PSoC5/SCLK_2.c **** *
 100:Generated_Source\PSoC5/SCLK_2.c **** * \brief Reads the associated physical port (pin status register) and masks 
 101:Generated_Source\PSoC5/SCLK_2.c **** *  the required bits according to the width and bit position of the component
 102:Generated_Source\PSoC5/SCLK_2.c **** *  instance. 
 103:Generated_Source\PSoC5/SCLK_2.c **** *
 104:Generated_Source\PSoC5/SCLK_2.c **** * The pin's status register returns the current logic level present on the 
 105:Generated_Source\PSoC5/SCLK_2.c **** * physical pin.
 106:Generated_Source\PSoC5/SCLK_2.c **** *
 107:Generated_Source\PSoC5/SCLK_2.c **** * \return 
 108:Generated_Source\PSoC5/SCLK_2.c **** *  The current value for the pins in the component as a right justified number.
 109:Generated_Source\PSoC5/SCLK_2.c **** *
 110:Generated_Source\PSoC5/SCLK_2.c **** * \funcusage
 111:Generated_Source\PSoC5/SCLK_2.c **** *  \snippet SCLK_2_SUT.c usage_SCLK_2_Read  
 112:Generated_Source\PSoC5/SCLK_2.c **** *******************************************************************************/
 113:Generated_Source\PSoC5/SCLK_2.c **** uint8 SCLK_2_Read(void)
 114:Generated_Source\PSoC5/SCLK_2.c **** {
 301              		.loc 1 114 0
 302              		.cfi_startproc
 303              		@ args = 0, pretend = 0, frame = 0
 304              		@ frame_needed = 0, uses_anonymous_args = 0
 305              		@ link register save eliminated.
 115:Generated_Source\PSoC5/SCLK_2.c ****     return (SCLK_2_PS & SCLK_2_MASK) >> SCLK_2_SHIFT;
 306              		.loc 1 115 0
 307 0000 024B     		ldr	r3, .L8
 308 0002 1878     		ldrb	r0, [r3]	@ zero_extendqisi2
 116:Generated_Source\PSoC5/SCLK_2.c **** }
 309              		.loc 1 116 0
 310 0004 C0F34010 		ubfx	r0, r0, #5, #1
 311 0008 7047     		bx	lr
 312              	.L9:
 313 000a 00BF     		.align	2
 314              	.L8:
 315 000c C1510040 		.word	1073762753
 316              		.cfi_endproc
 317              	.LFE2:
 318              		.size	SCLK_2_Read, .-SCLK_2_Read
 319              		.section	.text.SCLK_2_ReadDataReg,"ax",%progbits
 320              		.align	2
 321              		.global	SCLK_2_ReadDataReg
 322              		.thumb
 323              		.thumb_func
 324              		.type	SCLK_2_ReadDataReg, %function
 325              	SCLK_2_ReadDataReg:
 326              	.LFB3:
 117:Generated_Source\PSoC5/SCLK_2.c **** 
 118:Generated_Source\PSoC5/SCLK_2.c **** 
 119:Generated_Source\PSoC5/SCLK_2.c **** /*******************************************************************************
 120:Generated_Source\PSoC5/SCLK_2.c **** * Function Name: SCLK_2_ReadDataReg
ARM GAS  C:\Users\JEFFSN~1\AppData\Local\Temp\ccP5tmJE.s 			page 19


 121:Generated_Source\PSoC5/SCLK_2.c **** ****************************************************************************//**
 122:Generated_Source\PSoC5/SCLK_2.c **** *
 123:Generated_Source\PSoC5/SCLK_2.c **** * \brief Reads the associated physical port's data output register and masks 
 124:Generated_Source\PSoC5/SCLK_2.c **** *  the correct bits according to the width and bit position of the component 
 125:Generated_Source\PSoC5/SCLK_2.c **** *  instance. 
 126:Generated_Source\PSoC5/SCLK_2.c **** *
 127:Generated_Source\PSoC5/SCLK_2.c **** * The data output register controls the signal applied to the physical pin in 
 128:Generated_Source\PSoC5/SCLK_2.c **** * conjunction with the drive mode parameter. This is not the same as the 
 129:Generated_Source\PSoC5/SCLK_2.c **** * preferred SCLK_2_Read() API because the 
 130:Generated_Source\PSoC5/SCLK_2.c **** * SCLK_2_ReadDataReg() reads the data register instead of the status 
 131:Generated_Source\PSoC5/SCLK_2.c **** * register. For output pins this is a useful function to determine the value 
 132:Generated_Source\PSoC5/SCLK_2.c **** * just written to the pin.
 133:Generated_Source\PSoC5/SCLK_2.c **** *
 134:Generated_Source\PSoC5/SCLK_2.c **** * \return 
 135:Generated_Source\PSoC5/SCLK_2.c **** *  The current value of the data register masked and shifted into a right 
 136:Generated_Source\PSoC5/SCLK_2.c **** *  justified number for the component instance.
 137:Generated_Source\PSoC5/SCLK_2.c **** *
 138:Generated_Source\PSoC5/SCLK_2.c **** * \funcusage
 139:Generated_Source\PSoC5/SCLK_2.c **** *  \snippet SCLK_2_SUT.c usage_SCLK_2_ReadDataReg 
 140:Generated_Source\PSoC5/SCLK_2.c **** *******************************************************************************/
 141:Generated_Source\PSoC5/SCLK_2.c **** uint8 SCLK_2_ReadDataReg(void)
 142:Generated_Source\PSoC5/SCLK_2.c **** {
 327              		.loc 1 142 0
 328              		.cfi_startproc
 329              		@ args = 0, pretend = 0, frame = 0
 330              		@ frame_needed = 0, uses_anonymous_args = 0
 331              		@ link register save eliminated.
 143:Generated_Source\PSoC5/SCLK_2.c ****     return (SCLK_2_DR & SCLK_2_MASK) >> SCLK_2_SHIFT;
 332              		.loc 1 143 0
 333 0000 024B     		ldr	r3, .L11
 334 0002 1878     		ldrb	r0, [r3]	@ zero_extendqisi2
 144:Generated_Source\PSoC5/SCLK_2.c **** }
 335              		.loc 1 144 0
 336 0004 C0F34010 		ubfx	r0, r0, #5, #1
 337 0008 7047     		bx	lr
 338              	.L12:
 339 000a 00BF     		.align	2
 340              	.L11:
 341 000c C0510040 		.word	1073762752
 342              		.cfi_endproc
 343              	.LFE3:
 344              		.size	SCLK_2_ReadDataReg, .-SCLK_2_ReadDataReg
 345              		.text
 346              	.Letext0:
 347              		.file 2 "Generated_Source\\PSoC5\\cytypes.h"
 348              		.section	.debug_info,"",%progbits
 349              	.Ldebug_info0:
 350 0000 1D010000 		.4byte	0x11d
 351 0004 0400     		.2byte	0x4
 352 0006 00000000 		.4byte	.Ldebug_abbrev0
 353 000a 04       		.byte	0x4
 354 000b 01       		.uleb128 0x1
 355 000c 45000000 		.4byte	.LASF20
 356 0010 0C       		.byte	0xc
 357 0011 11010000 		.4byte	.LASF21
 358 0015 99010000 		.4byte	.LASF22
 359 0019 00000000 		.4byte	.Ldebug_ranges0+0
ARM GAS  C:\Users\JEFFSN~1\AppData\Local\Temp\ccP5tmJE.s 			page 20


 360 001d 00000000 		.4byte	0
 361 0021 00000000 		.4byte	.Ldebug_line0
 362 0025 02       		.uleb128 0x2
 363 0026 01       		.byte	0x1
 364 0027 06       		.byte	0x6
 365 0028 21020000 		.4byte	.LASF0
 366 002c 02       		.uleb128 0x2
 367 002d 01       		.byte	0x1
 368 002e 08       		.byte	0x8
 369 002f 37000000 		.4byte	.LASF1
 370 0033 02       		.uleb128 0x2
 371 0034 02       		.byte	0x2
 372 0035 05       		.byte	0x5
 373 0036 08020000 		.4byte	.LASF2
 374 003a 02       		.uleb128 0x2
 375 003b 02       		.byte	0x2
 376 003c 07       		.byte	0x7
 377 003d FE000000 		.4byte	.LASF3
 378 0041 02       		.uleb128 0x2
 379 0042 04       		.byte	0x4
 380 0043 05       		.byte	0x5
 381 0044 18020000 		.4byte	.LASF4
 382 0048 02       		.uleb128 0x2
 383 0049 04       		.byte	0x4
 384 004a 07       		.byte	0x7
 385 004b EC000000 		.4byte	.LASF5
 386 004f 02       		.uleb128 0x2
 387 0050 08       		.byte	0x8
 388 0051 05       		.byte	0x5
 389 0052 86010000 		.4byte	.LASF6
 390 0056 02       		.uleb128 0x2
 391 0057 08       		.byte	0x8
 392 0058 07       		.byte	0x7
 393 0059 65010000 		.4byte	.LASF7
 394 005d 03       		.uleb128 0x3
 395 005e 04       		.byte	0x4
 396 005f 05       		.byte	0x5
 397 0060 696E7400 		.ascii	"int\000"
 398 0064 02       		.uleb128 0x2
 399 0065 04       		.byte	0x4
 400 0066 07       		.byte	0x7
 401 0067 58010000 		.4byte	.LASF8
 402 006b 04       		.uleb128 0x4
 403 006c 12020000 		.4byte	.LASF12
 404 0070 02       		.byte	0x2
 405 0071 E401     		.2byte	0x1e4
 406 0073 2C000000 		.4byte	0x2c
 407 0077 02       		.uleb128 0x2
 408 0078 04       		.byte	0x4
 409 0079 04       		.byte	0x4
 410 007a 31000000 		.4byte	.LASF9
 411 007e 02       		.uleb128 0x2
 412 007f 08       		.byte	0x8
 413 0080 04       		.byte	0x4
 414 0081 51010000 		.4byte	.LASF10
 415 0085 02       		.uleb128 0x2
 416 0086 01       		.byte	0x1
ARM GAS  C:\Users\JEFFSN~1\AppData\Local\Temp\ccP5tmJE.s 			page 21


 417 0087 08       		.byte	0x8
 418 0088 94010000 		.4byte	.LASF11
 419 008c 04       		.uleb128 0x4
 420 008d 81010000 		.4byte	.LASF13
 421 0091 02       		.byte	0x2
 422 0092 8E02     		.2byte	0x28e
 423 0094 98000000 		.4byte	0x98
 424 0098 05       		.uleb128 0x5
 425 0099 6B000000 		.4byte	0x6b
 426 009d 06       		.uleb128 0x6
 427 009e 11000000 		.4byte	.LASF14
 428 00a2 01       		.byte	0x1
 429 00a3 39       		.byte	0x39
 430 00a4 00000000 		.4byte	.LFB0
 431 00a8 18000000 		.4byte	.LFE0-.LFB0
 432 00ac 01       		.uleb128 0x1
 433 00ad 9C       		.byte	0x9c
 434 00ae D1000000 		.4byte	0xd1
 435 00b2 07       		.uleb128 0x7
 436 00b3 00000000 		.4byte	.LASF16
 437 00b7 01       		.byte	0x1
 438 00b8 39       		.byte	0x39
 439 00b9 6B000000 		.4byte	0x6b
 440 00bd 00000000 		.4byte	.LLST0
 441 00c1 08       		.uleb128 0x8
 442 00c2 06000000 		.4byte	.LASF23
 443 00c6 01       		.byte	0x1
 444 00c7 3B       		.byte	0x3b
 445 00c8 6B000000 		.4byte	0x6b
 446 00cc 21000000 		.4byte	.LLST1
 447 00d0 00       		.byte	0
 448 00d1 06       		.uleb128 0x6
 449 00d2 31010000 		.4byte	.LASF15
 450 00d6 01       		.byte	0x1
 451 00d7 5A       		.byte	0x5a
 452 00d8 00000000 		.4byte	.LFB1
 453 00dc 18000000 		.4byte	.LFE1-.LFB1
 454 00e0 01       		.uleb128 0x1
 455 00e1 9C       		.byte	0x9c
 456 00e2 F6000000 		.4byte	0xf6
 457 00e6 07       		.uleb128 0x7
 458 00e7 7C010000 		.4byte	.LASF17
 459 00eb 01       		.byte	0x1
 460 00ec 5A       		.byte	0x5a
 461 00ed 6B000000 		.4byte	0x6b
 462 00f1 39000000 		.4byte	.LLST2
 463 00f5 00       		.byte	0
 464 00f6 09       		.uleb128 0x9
 465 00f7 45010000 		.4byte	.LASF18
 466 00fb 01       		.byte	0x1
 467 00fc 71       		.byte	0x71
 468 00fd 6B000000 		.4byte	0x6b
 469 0101 00000000 		.4byte	.LFB2
 470 0105 10000000 		.4byte	.LFE2-.LFB2
 471 0109 01       		.uleb128 0x1
 472 010a 9C       		.byte	0x9c
 473 010b 09       		.uleb128 0x9
ARM GAS  C:\Users\JEFFSN~1\AppData\Local\Temp\ccP5tmJE.s 			page 22


 474 010c 1E000000 		.4byte	.LASF19
 475 0110 01       		.byte	0x1
 476 0111 8D       		.byte	0x8d
 477 0112 6B000000 		.4byte	0x6b
 478 0116 00000000 		.4byte	.LFB3
 479 011a 10000000 		.4byte	.LFE3-.LFB3
 480 011e 01       		.uleb128 0x1
 481 011f 9C       		.byte	0x9c
 482 0120 00       		.byte	0
 483              		.section	.debug_abbrev,"",%progbits
 484              	.Ldebug_abbrev0:
 485 0000 01       		.uleb128 0x1
 486 0001 11       		.uleb128 0x11
 487 0002 01       		.byte	0x1
 488 0003 25       		.uleb128 0x25
 489 0004 0E       		.uleb128 0xe
 490 0005 13       		.uleb128 0x13
 491 0006 0B       		.uleb128 0xb
 492 0007 03       		.uleb128 0x3
 493 0008 0E       		.uleb128 0xe
 494 0009 1B       		.uleb128 0x1b
 495 000a 0E       		.uleb128 0xe
 496 000b 55       		.uleb128 0x55
 497 000c 17       		.uleb128 0x17
 498 000d 11       		.uleb128 0x11
 499 000e 01       		.uleb128 0x1
 500 000f 10       		.uleb128 0x10
 501 0010 17       		.uleb128 0x17
 502 0011 00       		.byte	0
 503 0012 00       		.byte	0
 504 0013 02       		.uleb128 0x2
 505 0014 24       		.uleb128 0x24
 506 0015 00       		.byte	0
 507 0016 0B       		.uleb128 0xb
 508 0017 0B       		.uleb128 0xb
 509 0018 3E       		.uleb128 0x3e
 510 0019 0B       		.uleb128 0xb
 511 001a 03       		.uleb128 0x3
 512 001b 0E       		.uleb128 0xe
 513 001c 00       		.byte	0
 514 001d 00       		.byte	0
 515 001e 03       		.uleb128 0x3
 516 001f 24       		.uleb128 0x24
 517 0020 00       		.byte	0
 518 0021 0B       		.uleb128 0xb
 519 0022 0B       		.uleb128 0xb
 520 0023 3E       		.uleb128 0x3e
 521 0024 0B       		.uleb128 0xb
 522 0025 03       		.uleb128 0x3
 523 0026 08       		.uleb128 0x8
 524 0027 00       		.byte	0
 525 0028 00       		.byte	0
 526 0029 04       		.uleb128 0x4
 527 002a 16       		.uleb128 0x16
 528 002b 00       		.byte	0
 529 002c 03       		.uleb128 0x3
 530 002d 0E       		.uleb128 0xe
ARM GAS  C:\Users\JEFFSN~1\AppData\Local\Temp\ccP5tmJE.s 			page 23


 531 002e 3A       		.uleb128 0x3a
 532 002f 0B       		.uleb128 0xb
 533 0030 3B       		.uleb128 0x3b
 534 0031 05       		.uleb128 0x5
 535 0032 49       		.uleb128 0x49
 536 0033 13       		.uleb128 0x13
 537 0034 00       		.byte	0
 538 0035 00       		.byte	0
 539 0036 05       		.uleb128 0x5
 540 0037 35       		.uleb128 0x35
 541 0038 00       		.byte	0
 542 0039 49       		.uleb128 0x49
 543 003a 13       		.uleb128 0x13
 544 003b 00       		.byte	0
 545 003c 00       		.byte	0
 546 003d 06       		.uleb128 0x6
 547 003e 2E       		.uleb128 0x2e
 548 003f 01       		.byte	0x1
 549 0040 3F       		.uleb128 0x3f
 550 0041 19       		.uleb128 0x19
 551 0042 03       		.uleb128 0x3
 552 0043 0E       		.uleb128 0xe
 553 0044 3A       		.uleb128 0x3a
 554 0045 0B       		.uleb128 0xb
 555 0046 3B       		.uleb128 0x3b
 556 0047 0B       		.uleb128 0xb
 557 0048 27       		.uleb128 0x27
 558 0049 19       		.uleb128 0x19
 559 004a 11       		.uleb128 0x11
 560 004b 01       		.uleb128 0x1
 561 004c 12       		.uleb128 0x12
 562 004d 06       		.uleb128 0x6
 563 004e 40       		.uleb128 0x40
 564 004f 18       		.uleb128 0x18
 565 0050 9742     		.uleb128 0x2117
 566 0052 19       		.uleb128 0x19
 567 0053 01       		.uleb128 0x1
 568 0054 13       		.uleb128 0x13
 569 0055 00       		.byte	0
 570 0056 00       		.byte	0
 571 0057 07       		.uleb128 0x7
 572 0058 05       		.uleb128 0x5
 573 0059 00       		.byte	0
 574 005a 03       		.uleb128 0x3
 575 005b 0E       		.uleb128 0xe
 576 005c 3A       		.uleb128 0x3a
 577 005d 0B       		.uleb128 0xb
 578 005e 3B       		.uleb128 0x3b
 579 005f 0B       		.uleb128 0xb
 580 0060 49       		.uleb128 0x49
 581 0061 13       		.uleb128 0x13
 582 0062 02       		.uleb128 0x2
 583 0063 17       		.uleb128 0x17
 584 0064 00       		.byte	0
 585 0065 00       		.byte	0
 586 0066 08       		.uleb128 0x8
 587 0067 34       		.uleb128 0x34
ARM GAS  C:\Users\JEFFSN~1\AppData\Local\Temp\ccP5tmJE.s 			page 24


 588 0068 00       		.byte	0
 589 0069 03       		.uleb128 0x3
 590 006a 0E       		.uleb128 0xe
 591 006b 3A       		.uleb128 0x3a
 592 006c 0B       		.uleb128 0xb
 593 006d 3B       		.uleb128 0x3b
 594 006e 0B       		.uleb128 0xb
 595 006f 49       		.uleb128 0x49
 596 0070 13       		.uleb128 0x13
 597 0071 02       		.uleb128 0x2
 598 0072 17       		.uleb128 0x17
 599 0073 00       		.byte	0
 600 0074 00       		.byte	0
 601 0075 09       		.uleb128 0x9
 602 0076 2E       		.uleb128 0x2e
 603 0077 00       		.byte	0
 604 0078 3F       		.uleb128 0x3f
 605 0079 19       		.uleb128 0x19
 606 007a 03       		.uleb128 0x3
 607 007b 0E       		.uleb128 0xe
 608 007c 3A       		.uleb128 0x3a
 609 007d 0B       		.uleb128 0xb
 610 007e 3B       		.uleb128 0x3b
 611 007f 0B       		.uleb128 0xb
 612 0080 27       		.uleb128 0x27
 613 0081 19       		.uleb128 0x19
 614 0082 49       		.uleb128 0x49
 615 0083 13       		.uleb128 0x13
 616 0084 11       		.uleb128 0x11
 617 0085 01       		.uleb128 0x1
 618 0086 12       		.uleb128 0x12
 619 0087 06       		.uleb128 0x6
 620 0088 40       		.uleb128 0x40
 621 0089 18       		.uleb128 0x18
 622 008a 9742     		.uleb128 0x2117
 623 008c 19       		.uleb128 0x19
 624 008d 00       		.byte	0
 625 008e 00       		.byte	0
 626 008f 00       		.byte	0
 627              		.section	.debug_loc,"",%progbits
 628              	.Ldebug_loc0:
 629              	.LLST0:
 630 0000 00000000 		.4byte	.LVL0
 631 0004 04000000 		.4byte	.LVL1
 632 0008 0100     		.2byte	0x1
 633 000a 50       		.byte	0x50
 634 000b 04000000 		.4byte	.LVL1
 635 000f 18000000 		.4byte	.LFE0
 636 0013 0400     		.2byte	0x4
 637 0015 F3       		.byte	0xf3
 638 0016 01       		.uleb128 0x1
 639 0017 50       		.byte	0x50
 640 0018 9F       		.byte	0x9f
 641 0019 00000000 		.4byte	0
 642 001d 00000000 		.4byte	0
 643              	.LLST1:
 644 0021 06000000 		.4byte	.LVL2
ARM GAS  C:\Users\JEFFSN~1\AppData\Local\Temp\ccP5tmJE.s 			page 25


 645 0025 0E000000 		.4byte	.LVL3
 646 0029 0600     		.2byte	0x6
 647 002b 73       		.byte	0x73
 648 002c 00       		.sleb128 0
 649 002d 09       		.byte	0x9
 650 002e DF       		.byte	0xdf
 651 002f 1A       		.byte	0x1a
 652 0030 9F       		.byte	0x9f
 653 0031 00000000 		.4byte	0
 654 0035 00000000 		.4byte	0
 655              	.LLST2:
 656 0039 00000000 		.4byte	.LVL4
 657 003d 06000000 		.4byte	.LVL5
 658 0041 0100     		.2byte	0x1
 659 0043 50       		.byte	0x50
 660 0044 06000000 		.4byte	.LVL5
 661 0048 18000000 		.4byte	.LFE1
 662 004c 0400     		.2byte	0x4
 663 004e F3       		.byte	0xf3
 664 004f 01       		.uleb128 0x1
 665 0050 50       		.byte	0x50
 666 0051 9F       		.byte	0x9f
 667 0052 00000000 		.4byte	0
 668 0056 00000000 		.4byte	0
 669              		.section	.debug_aranges,"",%progbits
 670 0000 34000000 		.4byte	0x34
 671 0004 0200     		.2byte	0x2
 672 0006 00000000 		.4byte	.Ldebug_info0
 673 000a 04       		.byte	0x4
 674 000b 00       		.byte	0
 675 000c 0000     		.2byte	0
 676 000e 0000     		.2byte	0
 677 0010 00000000 		.4byte	.LFB0
 678 0014 18000000 		.4byte	.LFE0-.LFB0
 679 0018 00000000 		.4byte	.LFB1
 680 001c 18000000 		.4byte	.LFE1-.LFB1
 681 0020 00000000 		.4byte	.LFB2
 682 0024 10000000 		.4byte	.LFE2-.LFB2
 683 0028 00000000 		.4byte	.LFB3
 684 002c 10000000 		.4byte	.LFE3-.LFB3
 685 0030 00000000 		.4byte	0
 686 0034 00000000 		.4byte	0
 687              		.section	.debug_ranges,"",%progbits
 688              	.Ldebug_ranges0:
 689 0000 00000000 		.4byte	.LFB0
 690 0004 18000000 		.4byte	.LFE0
 691 0008 00000000 		.4byte	.LFB1
 692 000c 18000000 		.4byte	.LFE1
 693 0010 00000000 		.4byte	.LFB2
 694 0014 10000000 		.4byte	.LFE2
 695 0018 00000000 		.4byte	.LFB3
 696 001c 10000000 		.4byte	.LFE3
 697 0020 00000000 		.4byte	0
 698 0024 00000000 		.4byte	0
 699              		.section	.debug_line,"",%progbits
 700              	.Ldebug_line0:
 701 0000 91000000 		.section	.debug_str,"MS",%progbits,1
ARM GAS  C:\Users\JEFFSN~1\AppData\Local\Temp\ccP5tmJE.s 			page 26


 701      02004300 
 701      00000201 
 701      FB0E0D00 
 701      01010101 
 702              	.LASF16:
 703 0000 76616C75 		.ascii	"value\000"
 703      6500
 704              	.LASF23:
 705 0006 73746174 		.ascii	"staticBits\000"
 705      69634269 
 705      747300
 706              	.LASF14:
 707 0011 53434C4B 		.ascii	"SCLK_2_Write\000"
 707      5F325F57 
 707      72697465 
 707      00
 708              	.LASF19:
 709 001e 53434C4B 		.ascii	"SCLK_2_ReadDataReg\000"
 709      5F325F52 
 709      65616444 
 709      61746152 
 709      656700
 710              	.LASF9:
 711 0031 666C6F61 		.ascii	"float\000"
 711      7400
 712              	.LASF1:
 713 0037 756E7369 		.ascii	"unsigned char\000"
 713      676E6564 
 713      20636861 
 713      7200
 714              	.LASF20:
 715 0045 474E5520 		.ascii	"GNU C11 5.4.1 20160609 (release) [ARM/embedded-5-br"
 715      43313120 
 715      352E342E 
 715      31203230 
 715      31363036 
 716 0078 616E6368 		.ascii	"anch revision 237715] -mcpu=cortex-m3 -mthumb -g -O"
 716      20726576 
 716      6973696F 
 716      6E203233 
 716      37373135 
 717 00ab 33202D66 		.ascii	"3 -ffunction-sections -ffat-lto-objects -finline-fu"
 717      66756E63 
 717      74696F6E 
 717      2D736563 
 717      74696F6E 
 718 00de 6E637469 		.ascii	"nctions -flto\000"
 718      6F6E7320 
 718      2D666C74 
 718      6F00
 719              	.LASF5:
 720 00ec 6C6F6E67 		.ascii	"long unsigned int\000"
 720      20756E73 
 720      69676E65 
 720      6420696E 
 720      7400
 721              	.LASF3:
ARM GAS  C:\Users\JEFFSN~1\AppData\Local\Temp\ccP5tmJE.s 			page 27


 722 00fe 73686F72 		.ascii	"short unsigned int\000"
 722      7420756E 
 722      7369676E 
 722      65642069 
 722      6E7400
 723              	.LASF21:
 724 0111 47656E65 		.ascii	"Generated_Source\\PSoC5\\SCLK_2.c\000"
 724      72617465 
 724      645F536F 
 724      75726365 
 724      5C50536F 
 725              	.LASF15:
 726 0131 53434C4B 		.ascii	"SCLK_2_SetDriveMode\000"
 726      5F325F53 
 726      65744472 
 726      6976654D 
 726      6F646500 
 727              	.LASF18:
 728 0145 53434C4B 		.ascii	"SCLK_2_Read\000"
 728      5F325F52 
 728      65616400 
 729              	.LASF10:
 730 0151 646F7562 		.ascii	"double\000"
 730      6C6500
 731              	.LASF8:
 732 0158 756E7369 		.ascii	"unsigned int\000"
 732      676E6564 
 732      20696E74 
 732      00
 733              	.LASF7:
 734 0165 6C6F6E67 		.ascii	"long long unsigned int\000"
 734      206C6F6E 
 734      6720756E 
 734      7369676E 
 734      65642069 
 735              	.LASF17:
 736 017c 6D6F6465 		.ascii	"mode\000"
 736      00
 737              	.LASF13:
 738 0181 72656738 		.ascii	"reg8\000"
 738      00
 739              	.LASF6:
 740 0186 6C6F6E67 		.ascii	"long long int\000"
 740      206C6F6E 
 740      6720696E 
 740      7400
 741              	.LASF11:
 742 0194 63686172 		.ascii	"char\000"
 742      00
 743              	.LASF22:
 744 0199 433A5C55 		.ascii	"C:\\Users\\JeffSnyder\\dev\\Electrobass_embedded\\P"
 744      73657273 
 744      5C4A6566 
 744      66536E79 
 744      6465725C 
 745 01c7 534F4335 		.ascii	"SOC5_electrobass_stringsensors\\CE210514_PSOC3_5_Th"
 745      5F656C65 
ARM GAS  C:\Users\JEFFSN~1\AppData\Local\Temp\ccP5tmJE.s 			page 28


 745      6374726F 
 745      62617373 
 745      5F737472 
 746 01f9 65726D69 		.ascii	"ermistor.cydsn\000"
 746      73746F72 
 746      2E637964 
 746      736E00
 747              	.LASF2:
 748 0208 73686F72 		.ascii	"short int\000"
 748      7420696E 
 748      7400
 749              	.LASF12:
 750 0212 75696E74 		.ascii	"uint8\000"
 750      3800
 751              	.LASF4:
 752 0218 6C6F6E67 		.ascii	"long int\000"
 752      20696E74 
 752      00
 753              	.LASF0:
 754 0221 7369676E 		.ascii	"signed char\000"
 754      65642063 
 754      68617200 
 755              		.comm	__gnu_lto_v1,1,1
 756              		.ident	"GCC: (GNU Tools for ARM Embedded Processors) 5.4.1 20160609 (release) [ARM/embedded-5-bran
