ARM GAS  C:\Users\JEFFSN~1\AppData\Local\Temp\ccgKrPP2.s 			page 1


   1              		.syntax unified
   2              		.cpu cortex-m3
   3              		.fpu softvfp
   4              		.eabi_attribute 20, 1
   5              		.eabi_attribute 21, 1
   6              		.eabi_attribute 23, 3
   7              		.eabi_attribute 24, 1
   8              		.eabi_attribute 25, 1
   9              		.eabi_attribute 26, 1
  10              		.eabi_attribute 30, 2
  11              		.eabi_attribute 34, 1
  12              		.eabi_attribute 18, 4
  13              		.thumb
  14              		.syntax unified
  15              		.file	"SDA_1.c"
  16              		.text
  17              	.Ltext0:
  18              		.section	.gnu.lto_.profile.807cabfc,"",%progbits
  19 0000 789C6361 		.ascii	"x\234ca`d`a`\000\222\222\242\000\000\261\0009"
  19      60646061 
  19      60009292 
  19      A20000B1 
  19      0039
  20              		.text
  21              		.section	.gnu.lto_.icf.807cabfc,"",%progbits
  22 0000 789C6361 		.ascii	"x\234ca`d\000\001)\006\004`a\330\272\263\361=?\343\343"
  22      60640001 
  22      29060460 
  22      61D8BAB3 
  22      F13D3FE3 
  23 0015 8625BFD9 		.ascii	"\206%\277\331\231\226>|s\212\213\371\315\255\253/\330"
  23      99963E7C 
  23      738A8BF9 
  23      CDADAB2F 
  23      D8
  24 0026 1800AAC4 		.ascii	"\030\000\252\304\014\357"
  24      0CEF
  25              		.text
  26              		.section	.gnu.lto_.jmpfuncs.807cabfc,"",%progbits
  27 0000 789C6361 		.ascii	"x\234ca`d\000\001!\006\004`a`dd\254g\004\021L\014\014"
  27      60640001 
  27      21060460 
  27      61606464 
  27      AC670411 
  28 0017 CC401100 		.ascii	"\314@\021\000\016\"\001&"
  28      0E220126 
  29              		.text
  30              		.section	.gnu.lto_.inline.807cabfc,"",%progbits
  31 0000 789C6361 		.ascii	"x\234ca`d\000\201$\006\004`a`\340\344`dd\340\000J1s"
  31      60640081 
  31      24060460 
  31      6160E0E4 
  31      606464E0 
  32 0018 1CB06360 		.ascii	"\034\260c`[ \317\304\300\262@\236\005$\013\024g\307"
  32      5B20CFC4 
  32      C0B2409E 
  32      05240B14 
ARM GAS  C:\Users\JEFFSN~1\AppData\Local\Temp\ccgKrPP2.s 			page 2


  32      67C7
  33 002a 9064BAC0 		.ascii	"\220d\272\300\017\226db`ced`b\373\240\007\021\007\002"
  33      0F966462 
  33      60636564 
  33      6062FBA0 
  33      07110702 
  34 003e 664C2106 		.ascii	"fL!\006\000\346\332\011\346"
  34      00E6DA09 
  34      E6
  35              		.text
  36              		.section	.gnu.lto_.pureconst.807cabfc,"",%progbits
  37 0000 789C6361 		.ascii	"x\234ca`d\340d```a\220b\224b\222b\226\002\000\002\261"
  37      6064E064 
  37      60606061 
  37      90629462 
  37      92629602 
  38 0017 0081     		.ascii	"\000\201"
  39              		.text
  40              		.section	.gnu.lto_SDA_1_Write.807cabfc,"",%progbits
  41 0000 789C5551 		.ascii	"x\234UQMk\023Q\024\275\347\275\231Il\253\177\300@\213"
  41      4D6B1351 
  41      14BDE7BD 
  41      99496CAB 
  41      7FC0408B 
  42 0014 506A5D88 		.ascii	"Pj]\210\037\370\003\374\000\267\322l\003%\304Y\024\324"
  42      1FF803FC 
  42      00B7D26C 
  42      0325C459 
  42      14D4
  43 0026 429BBAED 		.ascii	"B\233\272\355\233\246\231b\351\242\033\233\225\006,"
  43      9BA69962 
  43      E9A21B9B 
  43      95062C
  44 0035 A5A91FA9 		.ascii	"\245\251\037\251U\021\204.\206Ap\247(]\211J\351b\012"
  44      5511842E 
  44      864170A7 
  44      285D894A 
  44      E9620A
  45 0048 82904283 		.ascii	"\202\220B\203E\255\361\3367Y\330\013\357c\356\234s\356"
  45      45ADF1DE 
  45      3759D80B 
  45      EF63EE9C 
  45      73EE
  46 005a B9F73904 		.ascii	"\271\3679\004\2228\243\210.\360y\222\0274A-\276'\012"
  46      9238A388 
  46      2EF07992 
  46      1734412D 
  46      BE270A
  47 006d B20A908B 		.ascii	"\262\012\220\213\311\202\246\025\246\321V\207\012\361"
  47      C982A615 
  47      A6D15687 
  47      0AF1
  48 007b 5CF2460D 		.ascii	"\\\362F\015\257\032\216\355\225\207\3324\"T5QGY%\302"
  48      AF1A8EED 
  48      9587DA34 
  48      22543551 
  48      475925C2 
ARM GAS  C:\Users\JEFFSN~1\AppData\Local\Temp\ccgKrPP2.s 			page 3


  49 008f 2A8619B5 		.ascii	"*\206\031\265\2739\267\005}\012\304\3670n\267z\207V"
  49      BB39B705 
  49      7D0AC4F7 
  49      306EB77A 
  49      8756
  50 00a1 8C993166 		.ascii	"\214\2311f\257`tU\003\015hf\340b\016\347r\304\011\302"
  50      AF607455 
  50      030D6866 
  50      E0620EE7 
  50      72C409C2 
  51 00b5 1A86047C 		.ascii	"\032\206\004|\360y\253yB\237\266\304E\223<\352\033\\"
  51      F079AB79 
  51      429FB6C4 
  51      45933CEA 
  51      1B5C
  52 00c7 1662F4F3 		.ascii	"\026b\364\363v\315D\301\200p\037\377\317\225`\350\316"
  52      76CD44C1 
  52      80701FFF 
  52      CF9560E8 
  52      CE
  53 00d8 C6DFFBC7 		.ascii	"\306\337\373\307\275Yq5\200'\030L\375\340)<\356\020"
  53      BD597135 
  53      8027184C 
  53      FDE0293C 
  53      EE10
  54 00ea 92591F89 		.ascii	"\222Y\037\211L\247S1Q\333m\353c\212\213*\356\224\177"
  54      4CA75331 
  54      51DB6DEB 
  54      638A8B2A 
  54      EE947F
  55 00fd 3890DAAE 		.ascii	"8\220\332\256$<\3312\262\021\265xI\367{J\311\251\023"
  55      243CD932 
  55      B211B578 
  55      49F77B4A 
  55      C9A913
  56 0110 C4BFE6BF 		.ascii	"\304\277\346\277\3252\242Y\3212\211\245j\374!\263\257"
  56      D532A259 
  56      D13289A5 
  56      6AFC21B3 
  56      AF
  57 0121 AA5A5BB7 		.ascii	"\252Z[\267\037\033_k\335\317h90\016\247\232\257\267"
  57      1F1B5F6B 
  57      DDCF6839 
  57      300EA79A 
  57      AFB7
  58 0133 EFF5D5F1 		.ascii	"\357\365\325\361 \230\345\0319h\"\207g`\317XG\035\224"
  58      2098E519 
  58      39682287 
  58      6760CF58 
  58      471D94
  59 0146 A0F227FC 		.ascii	"\240\362'\374\202TP\247\232\301\217\360SVD\200C\340"
  59      825450A7 
  59      9AC18FF0 
  59      53564480 
  59      43E0
  60 0158 398377A0 		.ascii	"9\203w\240l\033\354\224QBj\205\311n\327\206[\321R\347"
  60      6C1BEC94 
ARM GAS  C:\Users\JEFFSN~1\AppData\Local\Temp\ccgKrPP2.s 			page 4


  60      51426A85 
  60      C96ED786 
  60      5BD152E7 
  61 016c D5DB77A1 		.ascii	"\325\333w\241e\271\0006\230d\245\367\273\322\202c\320"
  61      65B90036 
  61      9864A5F7 
  61      BBD28263 
  61      D0
  62 017d 667D61AD 		.ascii	"f}a\255G@\016+\276HA\007^\012\311X\003\036\247\342%"
  62      47400E2B 
  62      BE484107 
  62      5E0AC958 
  62      031EA7E2 
  63 0192 CB3A623E 		.ascii	"\313:b>0\246\367\250\377\227\354\237Y\364\0353\321o"
  63      30A6F7A8 
  63      FF97EC9F 
  63      59F41D33 
  63      D16F
  64 01a4 5708F621 		.ascii	"W\010\366!Z\0122+\236\\\377u\377\216?Q,\3737G\363\343"
  64      5A0A322B 
  64      9E5CFF75 
  64      FF8E3F51 
  64      2CFB3747 
  65 01ba 531325BF 		.ascii	"S\023%\277p#?~\365R!\177\355\362\350\371\263%r\357\026"
  65      70233F7E 
  65      F552217F 
  65      EDF2E8F9 
  65      B32572EF 
  66 01cf 6F4DF93D 		.ascii	"oM\371=\223\345by\254te\254<\371\017\343\303\301>"
  66      93E56279 
  66      AC7465AC 
  66      3CF90FE3 
  66      C3C13E
  67              		.text
  68              		.section	.gnu.lto_SDA_1_SetDriveMode.807cabfc,"",%progbits
  69 0000 789C7D51 		.ascii	"x\234}QM+DQ\030~\237s\356\334;\223\370\003\246\310\202"
  69      4D2B4451 
  69      187E9F73 
  69      EEDC3B93 
  69      F803A6C8 
  70 0015 6C44F203 		.ascii	"lD\362\003Dle\266S\232\270K&b\355\314\214I\261Qb#\215"
  70      446C65B6 
  70      539AB84B 
  70      2662EDCC 
  70      8C49B151 
  71 002c CDE4DB90 		.ascii	"\315\344\333\220\225\262\030S,\331YX\010\213Q\212\306"
  71      95B21853 
  71      2CD95958 
  71      088B518A 
  71      C6
  72 003d 57E46BBC 		.ascii	"W\344k\274\357\275\026\263r\272\347\375xz\236\247\367"
  72      EFBD16B3 
  72      72BAE7FD 
  72      787A9EA7 
  72      F7
  73 004e 3DD72290 		.ascii	"=\327\"\220\234[N\215\234k\371B\023\324\334)Q\"\250"
  73      9C5B4E8D 
ARM GAS  C:\Users\JEFFSN~1\AppData\Local\Temp\ccgKrPP2.s 			page 5


  73      9C6BF942 
  73      13D4DC29 
  73      5122A8
  74 0061 00294C10 		.ascii	"\000)L\0204\2510\211W\365\255P\230.\036\250\346U\303"
  74      34A93089 
  74      57F5AD50 
  74      982E1EA8 
  74      E655C3
  75 0074 E7EAF8A1 		.ascii	"\347\352\370\241\325\254\345\221\326De\3459\021V\321"
  75      D5ACE591 
  75      D64465E5 
  75      391156D1 
  76 0084 CCACE7FD 		.ascii	"\314\254\347\375\354|\225n\000q\375xZ\272\254i\312\032"
  76      EC7C956E 
  76      0071FD78 
  76      5ABAAC69 
  76      CA1A
  77 0096 9334A61C 		.ascii	"\2234\246\0345:\255\2015hV\240=\214\32601@XG\223\220"
  77      353AAD81 
  77      356856A0 
  77      3D8CD630 
  77      31405847 
  78 00ac 6FF67E16 		.ascii	"o\366~\026\252\355)\261\257\367M\261\001[\306\314\365"
  78      AAED29B1 
  78      AFF74DB1 
  78      015BC6CC 
  78      F5
  79 00bd E74DB99C 		.ascii	"\347M\271\2342\3717\373\350\303\256R,S\232\203\266$"
  79      32F937FB 
  79      E8C3AE52 
  79      2C539A83 
  79      B624
  80 00cf 04200EB6 		.ascii	"\004 \016\266\224\216\204\240\204\220p\210J|e\221G\245"
  80      948E84A0 
  80      84907088 
  80      4A7C6591 
  80      47A5
  81 00e1 24EB220A 		.ascii	"$\353\"\012\0373\305%K\234SZ\226ZL\027\316\234\027\225"
  81      1F33C525 
  81      4B9C535A 
  81      965A4C17 
  81      CE9C1795 
  82 00f5 D69637F1 		.ascii	"\326\2267\361\302\315}\314\357\256W\022\306b$\271}\230"
  82      C2CD7DCC 
  82      EFAE5712 
  82      C66224B9 
  82      7D98
  83 0107 A9CE6039 		.ascii	"\251\316`91\305\333\006\260\20506\021\346\341\266\221"
  83      31C5DB06 
  83      B0853036 
  83      11E6E1B6 
  83      91
  84 0118 0115917C 		.ascii	"\001\025\221|r|7\315\206\334\247\276l\277\267\030b\375"
  84      727C37CD 
  84      86DCA7BE 
  84      6CBFB718 
  84      62FD
ARM GAS  C:\Users\JEFFSN~1\AppData\Local\Temp\ccgKrPP2.s 			page 6


  85 012a C5C9EC77 		.ascii	"\305\311\354wH,5F\261\303\312\012\011\177\201J\211\303"
  85      482C3546 
  85      B1C3CA0A 
  85      097F814A 
  85      89C3
  86 013c 104BEECF 		.ascii	"\020K\356\3177\267\264/\251A\316\223\244\336\377(A\317"
  86      37B7B42F 
  86      A941CE93 
  86      A4DEFF28 
  86      41CF
  87 014e D8A97409 		.ascii	"\330\251t\0111\312}a\021\322\3777\362.\217\314|\272"
  87      31CA7D61 
  87      11D2FF37 
  87      F22E8FCC 
  87      7CBA
  88 0160 4332FFD9 		.ascii	"C2\377\331#l\357\317\225\024\344u\370\255\352z\335\021"
  88      236CEFCF 
  88      9514E475 
  88      F8ADEA7A 
  88      DD11
  89 0172 772C36EE 		.ascii	"w,6\356\016\015D\342\023c\203n\264/\022\357\352\210"
  89      0E0D44E2 
  89      1363836E 
  89      B42F12EF 
  89      EA88
  90 0184 46BA3B07 		.ascii	"F\272;\007\332Z\006\311\032\216\017\271\277e\002\244"
  90      DA5A06C9 
  90      1A8E0FB9 
  90      BF6502A4 
  91 0194 80       		.ascii	"\200"
  92              		.text
  93              		.section	.gnu.lto_SDA_1_Read.807cabfc,"",%progbits
  94 0000 789C3550 		.ascii	"x\2345P\317K\002A\024~\337\314\272+A\364\007$TG/QD\020"
  94      CF4B0241 
  94      147EDFCC 
  94      BA2B41F4 
  94      07245447 
  95 0018 DDA2A86B 		.ascii	"\335\242\250k$t\022$l\257\011Rgw]\327 :\324\241:\225"
  95      24741224 
  95      6CAF0952 
  95      67775DD7 
  95      203AD4A1 
  96 002e 8708B592 		.ascii	"\207\010\265\222\010\002\257\253\024\006A\235\202N\021"
  96      0802AFAB 
  96      1406419D 
  96      824E11
  97 003d 211E3A95 		.ascii	"!\036:\225\030\202T\333\233\264\201yo\346\315\367\343"
  97      188254DB 
  97      9BB48179 
  97      6FE6CDF7 
  97      E3
  98 004e BDD108A4 		.ascii	"\275\321\010\244\3262\247\021\316\203\274!\011b\347"
  98      D632A711 
  98      CE83BC21 
  98      0962E7
  99 005d 9EC80E0A 		.ascii	"\236\310\016\012@\035\254 (%\220\302\247\370\026\270"
  99      401DAC20 
ARM GAS  C:\Users\JEFFSN~1\AppData\Local\Temp\ccgKrPP2.s 			page 7


  99      282590C2 
  99      A7F816B8 
 100 006d 6BDF6EF7 		.ascii	"k\337n\367\205\363\226\225\266^N:S\007\005\017\256$"
 100      85F39695 
 100      B65E4E3A 
 100      5307050F 
 100      AE24
 101 007f F2056122 		.ascii	"\362\005a\"\204\261\220\222\310#L\014}\275\374\331\353"
 101      84B19092 
 101      C8234C0C 
 101      7DBDFCD9 
 101      EB
 102 0090 D73316AF 		.ascii	"\3273\026\257a\005\340\227\002tey\261\344Y\276\357X"
 102      6105E097 
 102      02746579 
 102      B1E459BE 
 102      EF58
 103 00a2 DEA35179 		.ascii	"\336\243Qy2\014\220+\331\227\203\306A\004T\320I\311"
 103      320C902B 
 103      D99783C6 
 103      410454D0 
 103      49C9
 104 00b4 D23BD354 		.ascii	"\322;\323T\023\037B\250,\033\250v\266\236\217\246\225"
 104      131F42A8 
 104      2C1BA876 
 104      B69E8FA6 
 104      95
 105 00c5 922325BB 		.ascii	"\222#%\273\354\273\325\007\243%\\)\241L\213\273\345"
 105      ECBBD507 
 105      A3255C29 
 105      A14C8BBB 
 105      E5
 106 00d6 66EF5A39 		.ascii	"f\357Z9\266-\215Kv\271T3r8\2643\334\252\206S\204P\004"
 106      B62D8D4B 
 106      76B95433 
 106      7238B433 
 106      DCAA8653 
 107 00ed 378A33E4 		.ascii	"7\2123\344@\0158_\363\344Ht\345n\374\2667\240\370\200"
 107      400D385F 
 107      F3E44874 
 107      E56EFCB6 
 107      37A0F880 
 108 0101 C039C31A 		.ascii	"\3009\303\032H77[\242k\2501N1\232\331\272\326\255\004"
 108      4837375B 
 108      A26BA831 
 108      4E319AD9 
 108      BAD6AD04 
 109 0115 B8C8B4AB 		.ascii	"\270\310\264\253\353Z6\250h\374i(\375\323\352\350\202"
 109      EB5A36A8 
 109      68FC6928 
 109      FDD3EAE8 
 109      82
 110 0126 148EDED0 		.ascii	"\024\216\336\320\023\321\351o0\250\201x\274\241\005"
 110      13D1E96F 
 110      30A88178 
 110      BCA105
 111 0135 73CD4CAE 		.ascii	"s\315L\256\254\233\253\261Hb#\0317\243\213\221\304\354"
ARM GAS  C:\Users\JEFFSN~1\AppData\Local\Temp\ccgKrPP2.s 			page 8


 111      AC9BABB1 
 111      48622319 
 111      37A38B91 
 111      C4EC
 112 0147 64343237 		.ascii	"d427\023\033\037\215\323/\266\"z\242"
 112      131B1F8D 
 112      D32FB622 
 112      7AA2
 113              		.text
 114              		.section	.gnu.lto_SDA_1_ReadDataReg.807cabfc,"",%progbits
 115 0000 789C3550 		.ascii	"x\2345P;K\003A\020\236o\367\362 (\376\000\003j\231F"
 115      3B4B0341 
 115      109E6FF7 
 115      F22028FE 
 115      00036A99 
 116 0015 14B1D04E 		.ascii	"\024\261\320N\024m\305\200U H\274\326@\320:\233\\.\242"
 116      146DC580 
 116      552048BC 
 116      D640D03A 
 116      9B5C2EA2 
 117 0029 58D8682A 		.ascii	"X\330h*I!\222\304'\202\330\011gP\024\004\037?@\010\022"
 117      492192C4 
 117      2782D809 
 117      67501404 
 117      1F3F4008 
 118 003e 52586988 		.ascii	"RXi\210\004Ds\316z\272\2603\273\263\337cf\015\002\351"
 118      044473CE 
 118      7ABAB033 
 118      BBB3DF63 
 118      660D02E9 
 119 0052 35CF6980 		.ascii	"5\317i\200s/oH\202\330\274'\312\004\005\240\017*\010"
 119      732F6F48 
 119      82D8BC27 
 119      CA0405A0 
 119      0F2A08
 120 0065 4A0BA4F1 		.ascii	"J\013\244\361!\276\005\356\332\267\033\241HI\251\254"
 120      21BE05EE 
 120      DAB71BA1 
 120      4849A9AC 
 121 0075 AAED95C6 		.ascii	"\252\355\225\306\012e\007\266$r\005a$\214\241\260\226"
 121      0A6507B6 
 121      24720561 
 121      248CA1B0 
 121      96
 122 0086 2821420C 		.ascii	"(!B\014}9\355lu\373s\212W\277\006\360K\031~my2\347("
 122      7D39ED6C 
 122      75FB738A 
 122      57BF06F0 
 122      4B197E6D 
 123 009e D7B59473 		.ascii	"\327\265\224s\021\272|\014\005@\266d_\016\006\007\341"
 123      11BA7C0C 
 123      0540B664 
 123      5F0E0607 
 123      E1
 124 00af D3C14F5A 		.ascii	"\323\301OZ\226\336\230\246\233x\027Bg\331@\365s\275"
 124      96DE98A6 
 124      9B781742 
ARM GAS  C:\Users\JEFFSN~1\AppData\Local\Temp\ccgKrPP2.s 			page 9


 124      67D940F5 
 124      73BD
 125 00c1 5319D74A 		.ascii	"S\031\327J\226\224\354\262mW\037\002-aK\011m\372T~."
 125      9694ECB2 
 125      6D571F02 
 125      2D614B09 
 125      6DFA547E 
 126 00d6 FC5D9DDD 		.ascii	"\374]\235\335\2142\270t|^[\353*b'\223\343V\015\354#"
 126      8C32B874 
 126      7C5E5BEB 
 126      2A622793 
 126      E3560DEC 
 127 00eb 8C0AB851 		.ascii	"\214\012\270Q\034\240\010j\300\372\232&K\302\223\273"
 127      1CA0086A 
 127      C0FA9A26 
 127      4BC293BB 
 128 00fb 76DB4E8F 		.ascii	"v\333N\217\346\003\002\207\014k \333\\m\011\317\320"
 128      E6030287 
 128      0C6B20DB 
 128      5C6D09CF 
 128      D0
 129 010c 609C6634 		.ascii	"`\234f4\363u\303\253\370\270\310\264\263\253\233|P\323"
 129      F375C3AB 
 129      F8B8C8B4 
 129      B3AB9B7C 
 129      50D3
 130 011e F8D370F4 		.ascii	"\370\323p\364O\253\303\003i\034\275\342O\304O\277\203"
 130      4FABC303 
 130      691CBDE2 
 130      4FC44FBF 
 130      83
 131 012f 410FC4E3 		.ascii	"A\017\304\343\365\315\230Kfja\331\\\214G\223+\251\204"
 131      F5CD984B 
 131      666A61D9 
 131      5C8C4793 
 131      2BA984
 132 0142 199B8D26 		.ascii	"\031\233\215&'Gc\321\251\211\370\360`\202~\000r\315"
 132      274763D1 
 132      A989F8F0 
 132      60827E00 
 132      72CD
 133 0154 7A90     		.ascii	"z\220"
 134              		.text
 135              		.section	.gnu.lto_.symbol_nodes.807cabfc,"",%progbits
 136 0000 789C6361 		.ascii	"x\234ca`dpc\000\002&\206z\006\206\011\347\030@\324\256"
 136      60647063 
 136      00022686 
 136      7A068609 
 136      E71840D4 
 137 0015 0645A000 		.ascii	"\006E\240\000c=#\252\000S=\023\252\000s=3\212\000\003"
 137      633D23AA 
 137      00533D13 
 137      AA00733D 
 137      338A0003 
 138 0029 0026B60F 		.ascii	"\000&\266\017<"
 138      3C
 139              		.text
ARM GAS  C:\Users\JEFFSN~1\AppData\Local\Temp\ccgKrPP2.s 			page 10


 140              		.section	.gnu.lto_.refs.807cabfc,"",%progbits
 141 0000 789C6361 		.ascii	"x\234ca`\004B \000\000\0009\000\007"
 141      60044220 
 141      00000039 
 141      0007
 142              		.text
 143              		.section	.gnu.lto_.decls.807cabfc,"",%progbits
 144 0000 789C8D53 		.ascii	"x\234\215S]H\024Q\024\276gfv\225\321\266\222(\037\226"
 144      5D481451 
 144      14BE6766 
 144      7695D1B6 
 144      92281F96 
 145 0014 329F7C5A 		.ascii	"2\237|Z\022)|\351\017%\237\312p\313^\204e\325\241|\321"
 145      12297CE9 
 145      0F259FCA 
 145      70CB5E84 
 145      65D5A17C 
 146 0029 D8D6C087 		.ascii	"\330\326\300\207\340\246\033\364\363\240\213\230\255"
 146      E0A61BF4 
 146      F3A08B98 
 146      AD
 147 0036 495A0FA9 		.ascii	"IZ\017\251\271\272[\356\232\273\371\017\375P\010\232"
 147      B9BA5BEE 
 147      9ABBF90F 
 147      FD50089A 
 148 0046 20844182 		.ascii	" \204A\202\011J\012FR\211\330v\356\235\031g\261\015"
 148      094A0A46 
 148      5289D876 
 148      EE9D1967 
 148      B10D
 149 0058 3CCC993D 		.ascii	"<\314\231=\347\336\363}\347\273g\356J\004\010\263\343"
 149      E7DEF37D 
 149      E7BB67EE 
 149      4A0408B3 
 149      E3
 150 0069 12218DF8 		.ascii	"\022!\215\370k\3054\206f\302\270\230\030\206\333\244"
 150      6BC53486 
 150      66C2B898 
 150      1886DBA4 
 151 0079 0F3D8C3E 		.ascii	"\017=\214>\200\036%\377\032\3337k\270^\306\205>\202"
 151      801E25FF 
 151      1ADB376B 
 151      B85EC685 
 151      3E82
 152 008b 3E845EA8 		.ascii	">\204^\250\325\200V\267\335\302\011\260\343qx\035\033"
 152      D58056B7 
 152      DDC209B0 
 152      E371781D 
 152      1B
 153 009c 4E80657A 		.ascii	"N\200ezLq\270\302\004\270\201\004\270\350\016p\211\316"
 153      4C71B8C2 
 153      04B88104 
 153      B8E80E70 
 153      89CE
 154 00ae B92940AC 		.ascii	"\271)@\254-T\237<\013\237@$\332\000\011\200\372\006"
 154      2D549F3C 
 154      0B9F4024 
ARM GAS  C:\Users\JEFFSN~1\AppData\Local\Temp\ccgKrPP2.s 			page 11


 154      DA000980 
 154      FA06
 155 00c0 EE44759E 		.ascii	"\356Du\236b \0205\320\227\266\214h%\202\036\032d\374"
 155      62201035 
 155      D097B68C 
 155      6825821E 
 155      1A64FC
 156 00d3 D1F010D3 		.ascii	"\321\360\020\323\215\223\030\354\240\201\324\\\327\255"
 156      8D9318EC 
 156      A081D45C 
 156      D7AD
 157 00e1 8140301A 		.ascii	"\201@0\032\200\232\352\2108\276m\212t\315z\033\"\350"
 157      809AEA88 
 157      38BE6D8A 
 157      74CD7A1B 
 157      22E8
 158 00f3 871E1BFE 		.ascii	"\207\036\033\376\331c\022\005`\361\227\365\31636?Ek"
 158      D9631205 
 158      60F197F5 
 158      CE33363F 
 158      456B
 159 0105 A0543868 		.ascii	"\240T8hL&p\353kW\362\232\000V\031b\300\362\345\310\372"
 159      4C2670EB 
 159      6B57F29A 
 159      00561962 
 159      C0F2E5C8 
 160 011a 2E3567DB 		.ascii	".5g\333>\357\374\237\024\361\000\213\205\351\371\356"
 160      3EEFFC9F 
 160      14F1008B 
 160      85E9F9EE 
 161 012a 2509B2E4 		.ascii	"%\011\262\344\247\214fn#x\"B\351\036\350\005\031\374"
 161      A78C666E 
 161      23782242 
 161      E91EE805 
 161      19FC
 162 013c 204217D8 		.ascii	" B\027\330\230\006\253\214\357\333\224\326\322\325'"
 162      9806AB8C 
 162      EFDB94D6 
 162      D2D527
 163 014b D49C4E20 		.ascii	"\324\234N \307\012G\254\004z \213q\262*\350\006+<\003"
 163      C70A47AC 
 163      047A208B 
 163      71B22AE8 
 163      062B3C03 
 164 015f 2BE35F68 		.ascii	"+\343_hn\373f\226P2\347)\225\330\332\224'\330*\242\204"
 164      6EFB6696 
 164      5032E729 
 164      95D8DA94 
 164      27D82AA2 
 165 0174 3419244C 		.ascii	"4\031$L\277O\264\314[0\335'C\006\246\376\350\347es\372"
 165      BF4FB4CC 
 165      5B30DD27 
 165      4306A6FE 
 165      E8E76573 
 166 0189 7D7E943A 		.ascii	"}~\224:\232!A\361~x\216\204A$$\360\002\322\361\035\000"
 166      9A2141F1 
 166      7E788E84 
ARM GAS  C:\Users\JEFFSN~1\AppData\Local\Temp\ccgKrPP2.s 			page 12


 166      412424F0 
 166      02D2F11D 
 167 019e 493DDDE2 		.ascii	"I=\335\342\257\216c\231\355\264=H\347b\0139>:\352A\230"
 167      AF8E6399 
 167      EDB43D48 
 167      E7620B39 
 167      3E3AEA41 
 168 01b3 C0AAA0D3 		.ascii	"\300\252\240\323\320\334\311\256\005\201\016\230\305"
 168      D0DCC9AE 
 168      05810E98 
 168      C5
 169 01c0 11F64126 		.ascii	"\021\366A&\002W\026\375~\223\350\3403h\3664v\245\250"
 169      025716FD 
 169      7E93E8E0 
 169      3368F634 
 169      76A5A8
 170 01d3 2CA36B6F 		.ascii	",\243koRi\303MJOq\216\220\301\021\212\347\010s\216\017"
 170      5269C34D 
 170      4A4F718E 
 170      90C1118A 
 170      E708738E 
 171 01e8 73EB3EB3 		.ascii	"s\353>\263\350\342\034\223\367^\327\355\216W\315\216"
 171      E8E21C93 
 171      F75ED7ED 
 171      8E57CD8E 
 172 01f8 6BC87EC9 		.ascii	"k\310~\311e\227j\252\207\275\336\200\2505\234~+n\311"
 172      65976AAA 
 172      87BDDE80 
 172      A8359C7E 
 172      2B6EC9
 173 020b C62AE837 		.ascii	"\306*\3507Z\366\307\267\034\340-g\037\265\366Z\304\033"
 173      5AF6C7B7 
 173      1CE02D67 
 173      1FB5F65A 
 173      C41B
 174 021d BCE5C6C7 		.ascii	"\274\345\306\307\221~Yc\211\276\327e3\216\210\301\021"
 174      917E5963 
 174      89BED765 
 174      338E88C1 
 174      11
 175 022e 89E78872 		.ascii	"\211\347\210r\2165\317\217\031\263\214\237\260ng\237"
 175      8E35CF8F 
 175      19B38C9F 
 175      B06E679F 
 176 023e 7062E971 		.ascii	"pb\351q,I\254\007~G\372\232|MI g%\200\017'\200kW\351"
 176      2C49AC07 
 176      7E47FA9A 
 176      7C4D4920 
 176      6725800F 
 177 0257 F705EF1D 		.ascii	"\367\005\357\035v\300!\034\312\240!\356\025\310\352"
 177      76C0211C 
 177      CAA021EE 
 177      15C8EA
 178 0266 4042932B 		.ascii	"@B\223+\001S\352]v\253pzi\357,\274\322\030\337\010\244"
 178      0153EA5D 
 178      76AB707A 
 178      69EF2CBC 
ARM GAS  C:\Users\JEFFSN~1\AppData\Local\Temp\ccgKrPP2.s 			page 13


 178      D218DF08 
 179 027b F23F00FE 		.ascii	"\362?\000\376n\012\342\340\314\303V\021\367\330#\267"
 179      6E0AE2E0 
 179      CCC35611 
 179      F7D823B7 
 180 028b 509442A7 		.ascii	"P\224B\247\000\306\221\214'\253'y\314\226\351j-5?\260"
 180      00C6918C 
 180      27AB2779 
 180      CC96E96A 
 180      2D353FB0 
 181 029f E81209DF 		.ascii	"\350\022\011\337 0\212\3101$\346i\212=\377\264#\333"
 181      20308AC8 
 181      3124E669 
 181      8A3DFFB4 
 181      23DB
 182 02b1 71C955E1 		.ascii	"q\311U\341V\222\013\316]\314\310\313\316&\246\352\212"
 182      56920BCE 
 182      5DCCC8CB 
 182      CE26A6EA 
 182      8A
 183 02c2 4A77EEE1 		.ascii	"Jw\356\341\002\245Rq9\335J\271\303^U\355*SJ\316\333"
 183      02A55271 
 183      39DD4AB9 
 183      C35E55ED 
 183      2A534ACE 
 184 02d7 ABF28E96 		.ascii	"\253\362\216\226\224\325\270k\256*\327lW\310\241\377"
 184      94D5B86B 
 184      AE2AD76C 
 184      57C8A1FF 
 185 02e7 54704E5B 		.ascii	"TpN[\031IS\311\355\212;\337Uq]9[U\256\310\352R\221\342"
 185      194953C9 
 185      ED8A3BDF 
 185      55715D39 
 185      5B55AEC8 
 186 02ff 2CDF6B84 		.ascii	",\337k\204\371N\267\263H\271,\271\224\313\271\177\001"
 186      F94EB7B3 
 186      48B92CB9 
 186      94CBB97F 
 186      01
 187 0310 C7BD5F4D 		.ascii	"\307\275_M"
 188              		.text
 189              		.section	.gnu.lto_.symtab.807cabfc,"",%progbits
 190 0000 5344415F 		.ascii	"SDA_1_Write\000"
 190      315F5772 
 190      69746500 
 191 000c 00       		.ascii	"\000"
 192 000d 00       		.ascii	"\000"
 193 000e 00       		.ascii	"\000"
 194 000f 00000000 		.ascii	"\000\000\000\000\000\000\000\000"
 194      00000000 
 195 0017 B3000000 		.ascii	"\263\000\000\000"
 196 001b 5344415F 		.ascii	"SDA_1_SetDriveMode\000"
 196      315F5365 
 196      74447269 
 196      76654D6F 
 196      646500
 197 002e 00       		.ascii	"\000"
ARM GAS  C:\Users\JEFFSN~1\AppData\Local\Temp\ccgKrPP2.s 			page 14


 198 002f 00       		.ascii	"\000"
 199 0030 00       		.ascii	"\000"
 200 0031 00000000 		.ascii	"\000\000\000\000\000\000\000\000"
 200      00000000 
 201 0039 B5000000 		.ascii	"\265\000\000\000"
 202 003d 5344415F 		.ascii	"SDA_1_Read\000"
 202      315F5265 
 202      616400
 203 0048 00       		.ascii	"\000"
 204 0049 00       		.ascii	"\000"
 205 004a 00       		.ascii	"\000"
 206 004b 00000000 		.ascii	"\000\000\000\000\000\000\000\000"
 206      00000000 
 207 0053 B8000000 		.ascii	"\270\000\000\000"
 208 0057 5344415F 		.ascii	"SDA_1_ReadDataReg\000"
 208      315F5265 
 208      61644461 
 208      74615265 
 208      6700
 209 0069 00       		.ascii	"\000"
 210 006a 00       		.ascii	"\000"
 211 006b 00       		.ascii	"\000"
 212 006c 00000000 		.ascii	"\000\000\000\000\000\000\000\000"
 212      00000000 
 213 0074 BA000000 		.ascii	"\272\000\000\000"
 214              		.text
 215              		.section	.gnu.lto_.opts,"",%progbits
 216 0000 272D666D 		.ascii	"'-fmath-errno' '-fsigned-zeros' '-ftrapping-math' '"
 216      6174682D 
 216      6572726E 
 216      6F272027 
 216      2D667369 
 217 0033 2D666E6F 		.ascii	"-fno-trapv' '-fno-openmp' '-fno-openacc' '-mcpu=cor"
 217      2D747261 
 217      70762720 
 217      272D666E 
 217      6F2D6F70 
 218 0066 7465782D 		.ascii	"tex-m3' '-mthumb' '-g' '-O3' '-ffunction-sections' "
 218      6D332720 
 218      272D6D74 
 218      68756D62 
 218      2720272D 
 219 0099 272D6666 		.ascii	"'-ffat-lto-objects' '-finline-functions' '-flto'\000"
 219      61742D6C 
 219      746F2D6F 
 219      626A6563 
 219      74732720 
 220              		.text
 221              		.cfi_sections	.debug_frame
 222              		.section	.text.SDA_1_Write,"ax",%progbits
 223              		.align	2
 224              		.global	SDA_1_Write
 225              		.thumb
 226              		.thumb_func
 227              		.type	SDA_1_Write, %function
 228              	SDA_1_Write:
 229              	.LFB0:
ARM GAS  C:\Users\JEFFSN~1\AppData\Local\Temp\ccgKrPP2.s 			page 15


 230              		.file 1 "Generated_Source\\PSoC5\\SDA_1.c"
   1:Generated_Source\PSoC5/SDA_1.c **** /*******************************************************************************
   2:Generated_Source\PSoC5/SDA_1.c **** * File Name: SDA_1.c  
   3:Generated_Source\PSoC5/SDA_1.c **** * Version 2.20
   4:Generated_Source\PSoC5/SDA_1.c **** *
   5:Generated_Source\PSoC5/SDA_1.c **** * Description:
   6:Generated_Source\PSoC5/SDA_1.c **** *  This file contains API to enable firmware control of a Pins component.
   7:Generated_Source\PSoC5/SDA_1.c **** *
   8:Generated_Source\PSoC5/SDA_1.c **** * Note:
   9:Generated_Source\PSoC5/SDA_1.c **** *
  10:Generated_Source\PSoC5/SDA_1.c **** ********************************************************************************
  11:Generated_Source\PSoC5/SDA_1.c **** * Copyright 2008-2015, Cypress Semiconductor Corporation.  All rights reserved.
  12:Generated_Source\PSoC5/SDA_1.c **** * You may use this file only in accordance with the license, terms, conditions, 
  13:Generated_Source\PSoC5/SDA_1.c **** * disclaimers, and limitations in the end user license agreement accompanying 
  14:Generated_Source\PSoC5/SDA_1.c **** * the software package with which this file was provided.
  15:Generated_Source\PSoC5/SDA_1.c **** *******************************************************************************/
  16:Generated_Source\PSoC5/SDA_1.c **** 
  17:Generated_Source\PSoC5/SDA_1.c **** #include "cytypes.h"
  18:Generated_Source\PSoC5/SDA_1.c **** #include "SDA_1.h"
  19:Generated_Source\PSoC5/SDA_1.c **** 
  20:Generated_Source\PSoC5/SDA_1.c **** /* APIs are not generated for P15[7:6] on PSoC 5 */
  21:Generated_Source\PSoC5/SDA_1.c **** #if !(CY_PSOC5A &&\
  22:Generated_Source\PSoC5/SDA_1.c **** 	 SDA_1__PORT == 15 && ((SDA_1__MASK & 0xC0) != 0))
  23:Generated_Source\PSoC5/SDA_1.c **** 
  24:Generated_Source\PSoC5/SDA_1.c **** 
  25:Generated_Source\PSoC5/SDA_1.c **** /*******************************************************************************
  26:Generated_Source\PSoC5/SDA_1.c **** * Function Name: SDA_1_Write
  27:Generated_Source\PSoC5/SDA_1.c **** ****************************************************************************//**
  28:Generated_Source\PSoC5/SDA_1.c **** *
  29:Generated_Source\PSoC5/SDA_1.c **** * \brief Writes the value to the physical port (data output register), masking
  30:Generated_Source\PSoC5/SDA_1.c **** *  and shifting the bits appropriately. 
  31:Generated_Source\PSoC5/SDA_1.c **** *
  32:Generated_Source\PSoC5/SDA_1.c **** * The data output register controls the signal applied to the physical pin in 
  33:Generated_Source\PSoC5/SDA_1.c **** * conjunction with the drive mode parameter. This function avoids changing 
  34:Generated_Source\PSoC5/SDA_1.c **** * other bits in the port by using the appropriate method (read-modify-write or
  35:Generated_Source\PSoC5/SDA_1.c **** * bit banding).
  36:Generated_Source\PSoC5/SDA_1.c **** *
  37:Generated_Source\PSoC5/SDA_1.c **** * <b>Note</b> This function should not be used on a hardware digital output pin 
  38:Generated_Source\PSoC5/SDA_1.c **** * as it is driven by the hardware signal attached to it.
  39:Generated_Source\PSoC5/SDA_1.c **** *
  40:Generated_Source\PSoC5/SDA_1.c **** * \param value
  41:Generated_Source\PSoC5/SDA_1.c **** *  Value to write to the component instance.
  42:Generated_Source\PSoC5/SDA_1.c **** *
  43:Generated_Source\PSoC5/SDA_1.c **** * \return 
  44:Generated_Source\PSoC5/SDA_1.c **** *  None 
  45:Generated_Source\PSoC5/SDA_1.c **** *
  46:Generated_Source\PSoC5/SDA_1.c **** * \sideeffect
  47:Generated_Source\PSoC5/SDA_1.c **** *  If you use read-modify-write operations that are not atomic; the Interrupt 
  48:Generated_Source\PSoC5/SDA_1.c **** *  Service Routines (ISR) can cause corruption of this function. An ISR that 
  49:Generated_Source\PSoC5/SDA_1.c **** *  interrupts this function and performs writes to the Pins component data 
  50:Generated_Source\PSoC5/SDA_1.c **** *  register can cause corrupted port data. To avoid this issue, you should 
  51:Generated_Source\PSoC5/SDA_1.c **** *  either use the Per-Pin APIs (primary method) or disable interrupts around 
  52:Generated_Source\PSoC5/SDA_1.c **** *  this function.
  53:Generated_Source\PSoC5/SDA_1.c **** *
  54:Generated_Source\PSoC5/SDA_1.c **** * \funcusage
  55:Generated_Source\PSoC5/SDA_1.c **** *  \snippet SDA_1_SUT.c usage_SDA_1_Write
  56:Generated_Source\PSoC5/SDA_1.c **** *******************************************************************************/
ARM GAS  C:\Users\JEFFSN~1\AppData\Local\Temp\ccgKrPP2.s 			page 16


  57:Generated_Source\PSoC5/SDA_1.c **** void SDA_1_Write(uint8 value)
  58:Generated_Source\PSoC5/SDA_1.c **** {
 231              		.loc 1 58 0
 232              		.cfi_startproc
 233              		@ args = 0, pretend = 0, frame = 0
 234              		@ frame_needed = 0, uses_anonymous_args = 0
 235              		@ link register save eliminated.
 236              	.LVL0:
  59:Generated_Source\PSoC5/SDA_1.c ****     uint8 staticBits = (SDA_1_DR & (uint8)(~SDA_1_MASK));
 237              		.loc 1 59 0
 238 0000 044A     		ldr	r2, .L2
  60:Generated_Source\PSoC5/SDA_1.c ****     SDA_1_DR = staticBits | ((uint8)(value << SDA_1_SHIFT) & SDA_1_MASK);
 239              		.loc 1 60 0
 240 0002 4000     		lsls	r0, r0, #1
 241              	.LVL1:
  59:Generated_Source\PSoC5/SDA_1.c ****     uint8 staticBits = (SDA_1_DR & (uint8)(~SDA_1_MASK));
 242              		.loc 1 59 0
 243 0004 1378     		ldrb	r3, [r2]	@ zero_extendqisi2
 244              	.LVL2:
 245              		.loc 1 60 0
 246 0006 00F00200 		and	r0, r0, #2
 247 000a 03F0FD03 		and	r3, r3, #253
 248              	.LVL3:
 249 000e 1843     		orrs	r0, r0, r3
 250 0010 1070     		strb	r0, [r2]
 251 0012 7047     		bx	lr
 252              	.L3:
 253              		.align	2
 254              	.L2:
 255 0014 C0510040 		.word	1073762752
 256              		.cfi_endproc
 257              	.LFE0:
 258              		.size	SDA_1_Write, .-SDA_1_Write
 259              		.section	.text.SDA_1_SetDriveMode,"ax",%progbits
 260              		.align	2
 261              		.global	SDA_1_SetDriveMode
 262              		.thumb
 263              		.thumb_func
 264              		.type	SDA_1_SetDriveMode, %function
 265              	SDA_1_SetDriveMode:
 266              	.LFB1:
  61:Generated_Source\PSoC5/SDA_1.c **** }
  62:Generated_Source\PSoC5/SDA_1.c **** 
  63:Generated_Source\PSoC5/SDA_1.c **** 
  64:Generated_Source\PSoC5/SDA_1.c **** /*******************************************************************************
  65:Generated_Source\PSoC5/SDA_1.c **** * Function Name: SDA_1_SetDriveMode
  66:Generated_Source\PSoC5/SDA_1.c **** ****************************************************************************//**
  67:Generated_Source\PSoC5/SDA_1.c **** *
  68:Generated_Source\PSoC5/SDA_1.c **** * \brief Sets the drive mode for each of the Pins component's pins.
  69:Generated_Source\PSoC5/SDA_1.c **** * 
  70:Generated_Source\PSoC5/SDA_1.c **** * <b>Note</b> This affects all pins in the Pins component instance. Use the
  71:Generated_Source\PSoC5/SDA_1.c **** * Per-Pin APIs if you wish to control individual pin's drive modes.
  72:Generated_Source\PSoC5/SDA_1.c **** *
  73:Generated_Source\PSoC5/SDA_1.c **** * \param mode
  74:Generated_Source\PSoC5/SDA_1.c **** *  Mode for the selected signals. Valid options are documented in 
  75:Generated_Source\PSoC5/SDA_1.c **** *  \ref driveMode.
  76:Generated_Source\PSoC5/SDA_1.c **** *
ARM GAS  C:\Users\JEFFSN~1\AppData\Local\Temp\ccgKrPP2.s 			page 17


  77:Generated_Source\PSoC5/SDA_1.c **** * \return
  78:Generated_Source\PSoC5/SDA_1.c **** *  None
  79:Generated_Source\PSoC5/SDA_1.c **** *
  80:Generated_Source\PSoC5/SDA_1.c **** * \sideeffect
  81:Generated_Source\PSoC5/SDA_1.c **** *  If you use read-modify-write operations that are not atomic, the ISR can
  82:Generated_Source\PSoC5/SDA_1.c **** *  cause corruption of this function. An ISR that interrupts this function 
  83:Generated_Source\PSoC5/SDA_1.c **** *  and performs writes to the Pins component Drive Mode registers can cause 
  84:Generated_Source\PSoC5/SDA_1.c **** *  corrupted port data. To avoid this issue, you should either use the Per-Pin
  85:Generated_Source\PSoC5/SDA_1.c **** *  APIs (primary method) or disable interrupts around this function.
  86:Generated_Source\PSoC5/SDA_1.c **** *
  87:Generated_Source\PSoC5/SDA_1.c **** * \funcusage
  88:Generated_Source\PSoC5/SDA_1.c **** *  \snippet SDA_1_SUT.c usage_SDA_1_SetDriveMode
  89:Generated_Source\PSoC5/SDA_1.c **** *******************************************************************************/
  90:Generated_Source\PSoC5/SDA_1.c **** void SDA_1_SetDriveMode(uint8 mode)
  91:Generated_Source\PSoC5/SDA_1.c **** {
 267              		.loc 1 91 0
 268              		.cfi_startproc
 269              		@ args = 0, pretend = 0, frame = 0
 270              		@ frame_needed = 0, uses_anonymous_args = 0
 271              		@ link register save eliminated.
 272              	.LVL4:
  92:Generated_Source\PSoC5/SDA_1.c **** 	CyPins_SetPinDriveMode(SDA_1_0, mode);
 273              		.loc 1 92 0
 274 0000 044A     		ldr	r2, .L5
 275 0002 00F00E00 		and	r0, r0, #14
 276              	.LVL5:
 277 0006 1378     		ldrb	r3, [r2]	@ zero_extendqisi2
 278 0008 03F0F103 		and	r3, r3, #241
 279 000c 1843     		orrs	r0, r0, r3
 280 000e 1070     		strb	r0, [r2]
 281 0010 7047     		bx	lr
 282              	.L6:
 283 0012 00BF     		.align	2
 284              	.L5:
 285 0014 61500040 		.word	1073762401
 286              		.cfi_endproc
 287              	.LFE1:
 288              		.size	SDA_1_SetDriveMode, .-SDA_1_SetDriveMode
 289              		.section	.text.SDA_1_Read,"ax",%progbits
 290              		.align	2
 291              		.global	SDA_1_Read
 292              		.thumb
 293              		.thumb_func
 294              		.type	SDA_1_Read, %function
 295              	SDA_1_Read:
 296              	.LFB2:
  93:Generated_Source\PSoC5/SDA_1.c **** }
  94:Generated_Source\PSoC5/SDA_1.c **** 
  95:Generated_Source\PSoC5/SDA_1.c **** 
  96:Generated_Source\PSoC5/SDA_1.c **** /*******************************************************************************
  97:Generated_Source\PSoC5/SDA_1.c **** * Function Name: SDA_1_Read
  98:Generated_Source\PSoC5/SDA_1.c **** ****************************************************************************//**
  99:Generated_Source\PSoC5/SDA_1.c **** *
 100:Generated_Source\PSoC5/SDA_1.c **** * \brief Reads the associated physical port (pin status register) and masks 
 101:Generated_Source\PSoC5/SDA_1.c **** *  the required bits according to the width and bit position of the component
 102:Generated_Source\PSoC5/SDA_1.c **** *  instance. 
 103:Generated_Source\PSoC5/SDA_1.c **** *
ARM GAS  C:\Users\JEFFSN~1\AppData\Local\Temp\ccgKrPP2.s 			page 18


 104:Generated_Source\PSoC5/SDA_1.c **** * The pin's status register returns the current logic level present on the 
 105:Generated_Source\PSoC5/SDA_1.c **** * physical pin.
 106:Generated_Source\PSoC5/SDA_1.c **** *
 107:Generated_Source\PSoC5/SDA_1.c **** * \return 
 108:Generated_Source\PSoC5/SDA_1.c **** *  The current value for the pins in the component as a right justified number.
 109:Generated_Source\PSoC5/SDA_1.c **** *
 110:Generated_Source\PSoC5/SDA_1.c **** * \funcusage
 111:Generated_Source\PSoC5/SDA_1.c **** *  \snippet SDA_1_SUT.c usage_SDA_1_Read  
 112:Generated_Source\PSoC5/SDA_1.c **** *******************************************************************************/
 113:Generated_Source\PSoC5/SDA_1.c **** uint8 SDA_1_Read(void)
 114:Generated_Source\PSoC5/SDA_1.c **** {
 297              		.loc 1 114 0
 298              		.cfi_startproc
 299              		@ args = 0, pretend = 0, frame = 0
 300              		@ frame_needed = 0, uses_anonymous_args = 0
 301              		@ link register save eliminated.
 115:Generated_Source\PSoC5/SDA_1.c ****     return (SDA_1_PS & SDA_1_MASK) >> SDA_1_SHIFT;
 302              		.loc 1 115 0
 303 0000 024B     		ldr	r3, .L8
 304 0002 1878     		ldrb	r0, [r3]	@ zero_extendqisi2
 116:Generated_Source\PSoC5/SDA_1.c **** }
 305              		.loc 1 116 0
 306 0004 C0F34000 		ubfx	r0, r0, #1, #1
 307 0008 7047     		bx	lr
 308              	.L9:
 309 000a 00BF     		.align	2
 310              	.L8:
 311 000c C1510040 		.word	1073762753
 312              		.cfi_endproc
 313              	.LFE2:
 314              		.size	SDA_1_Read, .-SDA_1_Read
 315              		.section	.text.SDA_1_ReadDataReg,"ax",%progbits
 316              		.align	2
 317              		.global	SDA_1_ReadDataReg
 318              		.thumb
 319              		.thumb_func
 320              		.type	SDA_1_ReadDataReg, %function
 321              	SDA_1_ReadDataReg:
 322              	.LFB3:
 117:Generated_Source\PSoC5/SDA_1.c **** 
 118:Generated_Source\PSoC5/SDA_1.c **** 
 119:Generated_Source\PSoC5/SDA_1.c **** /*******************************************************************************
 120:Generated_Source\PSoC5/SDA_1.c **** * Function Name: SDA_1_ReadDataReg
 121:Generated_Source\PSoC5/SDA_1.c **** ****************************************************************************//**
 122:Generated_Source\PSoC5/SDA_1.c **** *
 123:Generated_Source\PSoC5/SDA_1.c **** * \brief Reads the associated physical port's data output register and masks 
 124:Generated_Source\PSoC5/SDA_1.c **** *  the correct bits according to the width and bit position of the component 
 125:Generated_Source\PSoC5/SDA_1.c **** *  instance. 
 126:Generated_Source\PSoC5/SDA_1.c **** *
 127:Generated_Source\PSoC5/SDA_1.c **** * The data output register controls the signal applied to the physical pin in 
 128:Generated_Source\PSoC5/SDA_1.c **** * conjunction with the drive mode parameter. This is not the same as the 
 129:Generated_Source\PSoC5/SDA_1.c **** * preferred SDA_1_Read() API because the 
 130:Generated_Source\PSoC5/SDA_1.c **** * SDA_1_ReadDataReg() reads the data register instead of the status 
 131:Generated_Source\PSoC5/SDA_1.c **** * register. For output pins this is a useful function to determine the value 
 132:Generated_Source\PSoC5/SDA_1.c **** * just written to the pin.
 133:Generated_Source\PSoC5/SDA_1.c **** *
 134:Generated_Source\PSoC5/SDA_1.c **** * \return 
ARM GAS  C:\Users\JEFFSN~1\AppData\Local\Temp\ccgKrPP2.s 			page 19


 135:Generated_Source\PSoC5/SDA_1.c **** *  The current value of the data register masked and shifted into a right 
 136:Generated_Source\PSoC5/SDA_1.c **** *  justified number for the component instance.
 137:Generated_Source\PSoC5/SDA_1.c **** *
 138:Generated_Source\PSoC5/SDA_1.c **** * \funcusage
 139:Generated_Source\PSoC5/SDA_1.c **** *  \snippet SDA_1_SUT.c usage_SDA_1_ReadDataReg 
 140:Generated_Source\PSoC5/SDA_1.c **** *******************************************************************************/
 141:Generated_Source\PSoC5/SDA_1.c **** uint8 SDA_1_ReadDataReg(void)
 142:Generated_Source\PSoC5/SDA_1.c **** {
 323              		.loc 1 142 0
 324              		.cfi_startproc
 325              		@ args = 0, pretend = 0, frame = 0
 326              		@ frame_needed = 0, uses_anonymous_args = 0
 327              		@ link register save eliminated.
 143:Generated_Source\PSoC5/SDA_1.c ****     return (SDA_1_DR & SDA_1_MASK) >> SDA_1_SHIFT;
 328              		.loc 1 143 0
 329 0000 024B     		ldr	r3, .L11
 330 0002 1878     		ldrb	r0, [r3]	@ zero_extendqisi2
 144:Generated_Source\PSoC5/SDA_1.c **** }
 331              		.loc 1 144 0
 332 0004 C0F34000 		ubfx	r0, r0, #1, #1
 333 0008 7047     		bx	lr
 334              	.L12:
 335 000a 00BF     		.align	2
 336              	.L11:
 337 000c C0510040 		.word	1073762752
 338              		.cfi_endproc
 339              	.LFE3:
 340              		.size	SDA_1_ReadDataReg, .-SDA_1_ReadDataReg
 341              		.text
 342              	.Letext0:
 343              		.file 2 "Generated_Source\\PSoC5\\cytypes.h"
 344              		.section	.debug_info,"",%progbits
 345              	.Ldebug_info0:
 346 0000 1D010000 		.4byte	0x11d
 347 0004 0400     		.2byte	0x4
 348 0006 00000000 		.4byte	.Ldebug_abbrev0
 349 000a 04       		.byte	0x4
 350 000b 01       		.uleb128 0x1
 351 000c 4A000000 		.4byte	.LASF20
 352 0010 0C       		.byte	0xc
 353 0011 09020000 		.4byte	.LASF21
 354 0015 69010000 		.4byte	.LASF22
 355 0019 00000000 		.4byte	.Ldebug_ranges0+0
 356 001d 00000000 		.4byte	0
 357 0021 00000000 		.4byte	.Ldebug_line0
 358 0025 02       		.uleb128 0x2
 359 0026 01       		.byte	0x1
 360 0027 06       		.byte	0x6
 361 0028 FD010000 		.4byte	.LASF0
 362 002c 02       		.uleb128 0x2
 363 002d 01       		.byte	0x1
 364 002e 08       		.byte	0x8
 365 002f 3C000000 		.4byte	.LASF1
 366 0033 02       		.uleb128 0x2
 367 0034 02       		.byte	0x2
 368 0035 05       		.byte	0x5
 369 0036 E4010000 		.4byte	.LASF2
ARM GAS  C:\Users\JEFFSN~1\AppData\Local\Temp\ccgKrPP2.s 			page 20


 370 003a 02       		.uleb128 0x2
 371 003b 02       		.byte	0x2
 372 003c 07       		.byte	0x7
 373 003d 03010000 		.4byte	.LASF3
 374 0041 02       		.uleb128 0x2
 375 0042 04       		.byte	0x4
 376 0043 05       		.byte	0x5
 377 0044 F4010000 		.4byte	.LASF4
 378 0048 02       		.uleb128 0x2
 379 0049 04       		.byte	0x4
 380 004a 07       		.byte	0x7
 381 004b F1000000 		.4byte	.LASF5
 382 004f 02       		.uleb128 0x2
 383 0050 08       		.byte	0x8
 384 0051 05       		.byte	0x5
 385 0052 56010000 		.4byte	.LASF6
 386 0056 02       		.uleb128 0x2
 387 0057 08       		.byte	0x8
 388 0058 07       		.byte	0x7
 389 0059 35010000 		.4byte	.LASF7
 390 005d 03       		.uleb128 0x3
 391 005e 04       		.byte	0x4
 392 005f 05       		.byte	0x5
 393 0060 696E7400 		.ascii	"int\000"
 394 0064 02       		.uleb128 0x2
 395 0065 04       		.byte	0x4
 396 0066 07       		.byte	0x7
 397 0067 28010000 		.4byte	.LASF8
 398 006b 04       		.uleb128 0x4
 399 006c EE010000 		.4byte	.LASF12
 400 0070 02       		.byte	0x2
 401 0071 E401     		.2byte	0x1e4
 402 0073 2C000000 		.4byte	0x2c
 403 0077 02       		.uleb128 0x2
 404 0078 04       		.byte	0x4
 405 0079 04       		.byte	0x4
 406 007a 36000000 		.4byte	.LASF9
 407 007e 02       		.uleb128 0x2
 408 007f 08       		.byte	0x8
 409 0080 04       		.byte	0x4
 410 0081 16010000 		.4byte	.LASF10
 411 0085 02       		.uleb128 0x2
 412 0086 01       		.byte	0x1
 413 0087 08       		.byte	0x8
 414 0088 64010000 		.4byte	.LASF11
 415 008c 04       		.uleb128 0x4
 416 008d 51010000 		.4byte	.LASF13
 417 0091 02       		.byte	0x2
 418 0092 8E02     		.2byte	0x28e
 419 0094 98000000 		.4byte	0x98
 420 0098 05       		.uleb128 0x5
 421 0099 6B000000 		.4byte	0x6b
 422 009d 06       		.uleb128 0x6
 423 009e D8010000 		.4byte	.LASF14
 424 00a2 01       		.byte	0x1
 425 00a3 39       		.byte	0x39
 426 00a4 00000000 		.4byte	.LFB0
ARM GAS  C:\Users\JEFFSN~1\AppData\Local\Temp\ccgKrPP2.s 			page 21


 427 00a8 18000000 		.4byte	.LFE0-.LFB0
 428 00ac 01       		.uleb128 0x1
 429 00ad 9C       		.byte	0x9c
 430 00ae D1000000 		.4byte	0xd1
 431 00b2 07       		.uleb128 0x7
 432 00b3 00000000 		.4byte	.LASF16
 433 00b7 01       		.byte	0x1
 434 00b8 39       		.byte	0x39
 435 00b9 6B000000 		.4byte	0x6b
 436 00bd 00000000 		.4byte	.LLST0
 437 00c1 08       		.uleb128 0x8
 438 00c2 06000000 		.4byte	.LASF23
 439 00c6 01       		.byte	0x1
 440 00c7 3B       		.byte	0x3b
 441 00c8 6B000000 		.4byte	0x6b
 442 00cc 21000000 		.4byte	.LLST1
 443 00d0 00       		.byte	0
 444 00d1 06       		.uleb128 0x6
 445 00d2 23000000 		.4byte	.LASF15
 446 00d6 01       		.byte	0x1
 447 00d7 5A       		.byte	0x5a
 448 00d8 00000000 		.4byte	.LFB1
 449 00dc 18000000 		.4byte	.LFE1-.LFB1
 450 00e0 01       		.uleb128 0x1
 451 00e1 9C       		.byte	0x9c
 452 00e2 F6000000 		.4byte	0xf6
 453 00e6 07       		.uleb128 0x7
 454 00e7 4C010000 		.4byte	.LASF17
 455 00eb 01       		.byte	0x1
 456 00ec 5A       		.byte	0x5a
 457 00ed 6B000000 		.4byte	0x6b
 458 00f1 39000000 		.4byte	.LLST2
 459 00f5 00       		.byte	0
 460 00f6 09       		.uleb128 0x9
 461 00f7 1D010000 		.4byte	.LASF18
 462 00fb 01       		.byte	0x1
 463 00fc 71       		.byte	0x71
 464 00fd 6B000000 		.4byte	0x6b
 465 0101 00000000 		.4byte	.LFB2
 466 0105 10000000 		.4byte	.LFE2-.LFB2
 467 0109 01       		.uleb128 0x1
 468 010a 9C       		.byte	0x9c
 469 010b 09       		.uleb128 0x9
 470 010c 11000000 		.4byte	.LASF19
 471 0110 01       		.byte	0x1
 472 0111 8D       		.byte	0x8d
 473 0112 6B000000 		.4byte	0x6b
 474 0116 00000000 		.4byte	.LFB3
 475 011a 10000000 		.4byte	.LFE3-.LFB3
 476 011e 01       		.uleb128 0x1
 477 011f 9C       		.byte	0x9c
 478 0120 00       		.byte	0
 479              		.section	.debug_abbrev,"",%progbits
 480              	.Ldebug_abbrev0:
 481 0000 01       		.uleb128 0x1
 482 0001 11       		.uleb128 0x11
 483 0002 01       		.byte	0x1
ARM GAS  C:\Users\JEFFSN~1\AppData\Local\Temp\ccgKrPP2.s 			page 22


 484 0003 25       		.uleb128 0x25
 485 0004 0E       		.uleb128 0xe
 486 0005 13       		.uleb128 0x13
 487 0006 0B       		.uleb128 0xb
 488 0007 03       		.uleb128 0x3
 489 0008 0E       		.uleb128 0xe
 490 0009 1B       		.uleb128 0x1b
 491 000a 0E       		.uleb128 0xe
 492 000b 55       		.uleb128 0x55
 493 000c 17       		.uleb128 0x17
 494 000d 11       		.uleb128 0x11
 495 000e 01       		.uleb128 0x1
 496 000f 10       		.uleb128 0x10
 497 0010 17       		.uleb128 0x17
 498 0011 00       		.byte	0
 499 0012 00       		.byte	0
 500 0013 02       		.uleb128 0x2
 501 0014 24       		.uleb128 0x24
 502 0015 00       		.byte	0
 503 0016 0B       		.uleb128 0xb
 504 0017 0B       		.uleb128 0xb
 505 0018 3E       		.uleb128 0x3e
 506 0019 0B       		.uleb128 0xb
 507 001a 03       		.uleb128 0x3
 508 001b 0E       		.uleb128 0xe
 509 001c 00       		.byte	0
 510 001d 00       		.byte	0
 511 001e 03       		.uleb128 0x3
 512 001f 24       		.uleb128 0x24
 513 0020 00       		.byte	0
 514 0021 0B       		.uleb128 0xb
 515 0022 0B       		.uleb128 0xb
 516 0023 3E       		.uleb128 0x3e
 517 0024 0B       		.uleb128 0xb
 518 0025 03       		.uleb128 0x3
 519 0026 08       		.uleb128 0x8
 520 0027 00       		.byte	0
 521 0028 00       		.byte	0
 522 0029 04       		.uleb128 0x4
 523 002a 16       		.uleb128 0x16
 524 002b 00       		.byte	0
 525 002c 03       		.uleb128 0x3
 526 002d 0E       		.uleb128 0xe
 527 002e 3A       		.uleb128 0x3a
 528 002f 0B       		.uleb128 0xb
 529 0030 3B       		.uleb128 0x3b
 530 0031 05       		.uleb128 0x5
 531 0032 49       		.uleb128 0x49
 532 0033 13       		.uleb128 0x13
 533 0034 00       		.byte	0
 534 0035 00       		.byte	0
 535 0036 05       		.uleb128 0x5
 536 0037 35       		.uleb128 0x35
 537 0038 00       		.byte	0
 538 0039 49       		.uleb128 0x49
 539 003a 13       		.uleb128 0x13
 540 003b 00       		.byte	0
ARM GAS  C:\Users\JEFFSN~1\AppData\Local\Temp\ccgKrPP2.s 			page 23


 541 003c 00       		.byte	0
 542 003d 06       		.uleb128 0x6
 543 003e 2E       		.uleb128 0x2e
 544 003f 01       		.byte	0x1
 545 0040 3F       		.uleb128 0x3f
 546 0041 19       		.uleb128 0x19
 547 0042 03       		.uleb128 0x3
 548 0043 0E       		.uleb128 0xe
 549 0044 3A       		.uleb128 0x3a
 550 0045 0B       		.uleb128 0xb
 551 0046 3B       		.uleb128 0x3b
 552 0047 0B       		.uleb128 0xb
 553 0048 27       		.uleb128 0x27
 554 0049 19       		.uleb128 0x19
 555 004a 11       		.uleb128 0x11
 556 004b 01       		.uleb128 0x1
 557 004c 12       		.uleb128 0x12
 558 004d 06       		.uleb128 0x6
 559 004e 40       		.uleb128 0x40
 560 004f 18       		.uleb128 0x18
 561 0050 9742     		.uleb128 0x2117
 562 0052 19       		.uleb128 0x19
 563 0053 01       		.uleb128 0x1
 564 0054 13       		.uleb128 0x13
 565 0055 00       		.byte	0
 566 0056 00       		.byte	0
 567 0057 07       		.uleb128 0x7
 568 0058 05       		.uleb128 0x5
 569 0059 00       		.byte	0
 570 005a 03       		.uleb128 0x3
 571 005b 0E       		.uleb128 0xe
 572 005c 3A       		.uleb128 0x3a
 573 005d 0B       		.uleb128 0xb
 574 005e 3B       		.uleb128 0x3b
 575 005f 0B       		.uleb128 0xb
 576 0060 49       		.uleb128 0x49
 577 0061 13       		.uleb128 0x13
 578 0062 02       		.uleb128 0x2
 579 0063 17       		.uleb128 0x17
 580 0064 00       		.byte	0
 581 0065 00       		.byte	0
 582 0066 08       		.uleb128 0x8
 583 0067 34       		.uleb128 0x34
 584 0068 00       		.byte	0
 585 0069 03       		.uleb128 0x3
 586 006a 0E       		.uleb128 0xe
 587 006b 3A       		.uleb128 0x3a
 588 006c 0B       		.uleb128 0xb
 589 006d 3B       		.uleb128 0x3b
 590 006e 0B       		.uleb128 0xb
 591 006f 49       		.uleb128 0x49
 592 0070 13       		.uleb128 0x13
 593 0071 02       		.uleb128 0x2
 594 0072 17       		.uleb128 0x17
 595 0073 00       		.byte	0
 596 0074 00       		.byte	0
 597 0075 09       		.uleb128 0x9
ARM GAS  C:\Users\JEFFSN~1\AppData\Local\Temp\ccgKrPP2.s 			page 24


 598 0076 2E       		.uleb128 0x2e
 599 0077 00       		.byte	0
 600 0078 3F       		.uleb128 0x3f
 601 0079 19       		.uleb128 0x19
 602 007a 03       		.uleb128 0x3
 603 007b 0E       		.uleb128 0xe
 604 007c 3A       		.uleb128 0x3a
 605 007d 0B       		.uleb128 0xb
 606 007e 3B       		.uleb128 0x3b
 607 007f 0B       		.uleb128 0xb
 608 0080 27       		.uleb128 0x27
 609 0081 19       		.uleb128 0x19
 610 0082 49       		.uleb128 0x49
 611 0083 13       		.uleb128 0x13
 612 0084 11       		.uleb128 0x11
 613 0085 01       		.uleb128 0x1
 614 0086 12       		.uleb128 0x12
 615 0087 06       		.uleb128 0x6
 616 0088 40       		.uleb128 0x40
 617 0089 18       		.uleb128 0x18
 618 008a 9742     		.uleb128 0x2117
 619 008c 19       		.uleb128 0x19
 620 008d 00       		.byte	0
 621 008e 00       		.byte	0
 622 008f 00       		.byte	0
 623              		.section	.debug_loc,"",%progbits
 624              	.Ldebug_loc0:
 625              	.LLST0:
 626 0000 00000000 		.4byte	.LVL0
 627 0004 04000000 		.4byte	.LVL1
 628 0008 0100     		.2byte	0x1
 629 000a 50       		.byte	0x50
 630 000b 04000000 		.4byte	.LVL1
 631 000f 18000000 		.4byte	.LFE0
 632 0013 0400     		.2byte	0x4
 633 0015 F3       		.byte	0xf3
 634 0016 01       		.uleb128 0x1
 635 0017 50       		.byte	0x50
 636 0018 9F       		.byte	0x9f
 637 0019 00000000 		.4byte	0
 638 001d 00000000 		.4byte	0
 639              	.LLST1:
 640 0021 06000000 		.4byte	.LVL2
 641 0025 0E000000 		.4byte	.LVL3
 642 0029 0600     		.2byte	0x6
 643 002b 73       		.byte	0x73
 644 002c 00       		.sleb128 0
 645 002d 09       		.byte	0x9
 646 002e FD       		.byte	0xfd
 647 002f 1A       		.byte	0x1a
 648 0030 9F       		.byte	0x9f
 649 0031 00000000 		.4byte	0
 650 0035 00000000 		.4byte	0
 651              	.LLST2:
 652 0039 00000000 		.4byte	.LVL4
 653 003d 06000000 		.4byte	.LVL5
 654 0041 0100     		.2byte	0x1
ARM GAS  C:\Users\JEFFSN~1\AppData\Local\Temp\ccgKrPP2.s 			page 25


 655 0043 50       		.byte	0x50
 656 0044 06000000 		.4byte	.LVL5
 657 0048 18000000 		.4byte	.LFE1
 658 004c 0400     		.2byte	0x4
 659 004e F3       		.byte	0xf3
 660 004f 01       		.uleb128 0x1
 661 0050 50       		.byte	0x50
 662 0051 9F       		.byte	0x9f
 663 0052 00000000 		.4byte	0
 664 0056 00000000 		.4byte	0
 665              		.section	.debug_aranges,"",%progbits
 666 0000 34000000 		.4byte	0x34
 667 0004 0200     		.2byte	0x2
 668 0006 00000000 		.4byte	.Ldebug_info0
 669 000a 04       		.byte	0x4
 670 000b 00       		.byte	0
 671 000c 0000     		.2byte	0
 672 000e 0000     		.2byte	0
 673 0010 00000000 		.4byte	.LFB0
 674 0014 18000000 		.4byte	.LFE0-.LFB0
 675 0018 00000000 		.4byte	.LFB1
 676 001c 18000000 		.4byte	.LFE1-.LFB1
 677 0020 00000000 		.4byte	.LFB2
 678 0024 10000000 		.4byte	.LFE2-.LFB2
 679 0028 00000000 		.4byte	.LFB3
 680 002c 10000000 		.4byte	.LFE3-.LFB3
 681 0030 00000000 		.4byte	0
 682 0034 00000000 		.4byte	0
 683              		.section	.debug_ranges,"",%progbits
 684              	.Ldebug_ranges0:
 685 0000 00000000 		.4byte	.LFB0
 686 0004 18000000 		.4byte	.LFE0
 687 0008 00000000 		.4byte	.LFB1
 688 000c 18000000 		.4byte	.LFE1
 689 0010 00000000 		.4byte	.LFB2
 690 0014 10000000 		.4byte	.LFE2
 691 0018 00000000 		.4byte	.LFB3
 692 001c 10000000 		.4byte	.LFE3
 693 0020 00000000 		.4byte	0
 694 0024 00000000 		.4byte	0
 695              		.section	.debug_line,"",%progbits
 696              	.Ldebug_line0:
 697 0000 90000000 		.section	.debug_str,"MS",%progbits,1
 697      02004200 
 697      00000201 
 697      FB0E0D00 
 697      01010101 
 698              	.LASF16:
 699 0000 76616C75 		.ascii	"value\000"
 699      6500
 700              	.LASF23:
 701 0006 73746174 		.ascii	"staticBits\000"
 701      69634269 
 701      747300
 702              	.LASF19:
 703 0011 5344415F 		.ascii	"SDA_1_ReadDataReg\000"
 703      315F5265 
ARM GAS  C:\Users\JEFFSN~1\AppData\Local\Temp\ccgKrPP2.s 			page 26


 703      61644461 
 703      74615265 
 703      6700
 704              	.LASF15:
 705 0023 5344415F 		.ascii	"SDA_1_SetDriveMode\000"
 705      315F5365 
 705      74447269 
 705      76654D6F 
 705      646500
 706              	.LASF9:
 707 0036 666C6F61 		.ascii	"float\000"
 707      7400
 708              	.LASF1:
 709 003c 756E7369 		.ascii	"unsigned char\000"
 709      676E6564 
 709      20636861 
 709      7200
 710              	.LASF20:
 711 004a 474E5520 		.ascii	"GNU C11 5.4.1 20160609 (release) [ARM/embedded-5-br"
 711      43313120 
 711      352E342E 
 711      31203230 
 711      31363036 
 712 007d 616E6368 		.ascii	"anch revision 237715] -mcpu=cortex-m3 -mthumb -g -O"
 712      20726576 
 712      6973696F 
 712      6E203233 
 712      37373135 
 713 00b0 33202D66 		.ascii	"3 -ffunction-sections -ffat-lto-objects -finline-fu"
 713      66756E63 
 713      74696F6E 
 713      2D736563 
 713      74696F6E 
 714 00e3 6E637469 		.ascii	"nctions -flto\000"
 714      6F6E7320 
 714      2D666C74 
 714      6F00
 715              	.LASF5:
 716 00f1 6C6F6E67 		.ascii	"long unsigned int\000"
 716      20756E73 
 716      69676E65 
 716      6420696E 
 716      7400
 717              	.LASF3:
 718 0103 73686F72 		.ascii	"short unsigned int\000"
 718      7420756E 
 718      7369676E 
 718      65642069 
 718      6E7400
 719              	.LASF10:
 720 0116 646F7562 		.ascii	"double\000"
 720      6C6500
 721              	.LASF18:
 722 011d 5344415F 		.ascii	"SDA_1_Read\000"
 722      315F5265 
 722      616400
 723              	.LASF8:
ARM GAS  C:\Users\JEFFSN~1\AppData\Local\Temp\ccgKrPP2.s 			page 27


 724 0128 756E7369 		.ascii	"unsigned int\000"
 724      676E6564 
 724      20696E74 
 724      00
 725              	.LASF7:
 726 0135 6C6F6E67 		.ascii	"long long unsigned int\000"
 726      206C6F6E 
 726      6720756E 
 726      7369676E 
 726      65642069 
 727              	.LASF17:
 728 014c 6D6F6465 		.ascii	"mode\000"
 728      00
 729              	.LASF13:
 730 0151 72656738 		.ascii	"reg8\000"
 730      00
 731              	.LASF6:
 732 0156 6C6F6E67 		.ascii	"long long int\000"
 732      206C6F6E 
 732      6720696E 
 732      7400
 733              	.LASF11:
 734 0164 63686172 		.ascii	"char\000"
 734      00
 735              	.LASF22:
 736 0169 433A5C55 		.ascii	"C:\\Users\\JeffSnyder\\dev\\Electrobass_embedded\\P"
 736      73657273 
 736      5C4A6566 
 736      66536E79 
 736      6465725C 
 737 0197 534F4335 		.ascii	"SOC5_electrobass_stringsensors\\CE210514_PSOC3_5_Th"
 737      5F656C65 
 737      6374726F 
 737      62617373 
 737      5F737472 
 738 01c9 65726D69 		.ascii	"ermistor.cydsn\000"
 738      73746F72 
 738      2E637964 
 738      736E00
 739              	.LASF14:
 740 01d8 5344415F 		.ascii	"SDA_1_Write\000"
 740      315F5772 
 740      69746500 
 741              	.LASF2:
 742 01e4 73686F72 		.ascii	"short int\000"
 742      7420696E 
 742      7400
 743              	.LASF12:
 744 01ee 75696E74 		.ascii	"uint8\000"
 744      3800
 745              	.LASF4:
 746 01f4 6C6F6E67 		.ascii	"long int\000"
 746      20696E74 
 746      00
 747              	.LASF0:
 748 01fd 7369676E 		.ascii	"signed char\000"
 748      65642063 
ARM GAS  C:\Users\JEFFSN~1\AppData\Local\Temp\ccgKrPP2.s 			page 28


 748      68617200 
 749              	.LASF21:
 750 0209 47656E65 		.ascii	"Generated_Source\\PSoC5\\SDA_1.c\000"
 750      72617465 
 750      645F536F 
 750      75726365 
 750      5C50536F 
 751              		.comm	__gnu_lto_v1,1,1
 752              		.ident	"GCC: (GNU Tools for ARM Embedded Processors) 5.4.1 20160609 (release) [ARM/embedded-5-bran
