ARM GAS  C:\Users\JEFFSN~1\AppData\Local\Temp\ccZDwPQS.s 			page 1


   1              		.syntax unified
   2              		.cpu cortex-m3
   3              		.fpu softvfp
   4              		.eabi_attribute 20, 1
   5              		.eabi_attribute 21, 1
   6              		.eabi_attribute 23, 3
   7              		.eabi_attribute 24, 1
   8              		.eabi_attribute 25, 1
   9              		.eabi_attribute 26, 1
  10              		.eabi_attribute 30, 2
  11              		.eabi_attribute 34, 1
  12              		.eabi_attribute 18, 4
  13              		.thumb
  14              		.syntax unified
  15              		.file	"SPIM_1_INT.c"
  16              		.text
  17              	.Ltext0:
  18              		.section	.gnu.lto_.profile.a80ce849,"",%progbits
  19 0000 789C6361 		.ascii	"x\234ca`d`a`\000\221L\000\000t\000\021"
  19      60646061 
  19      6000914C 
  19      00007400 
  19      11
  20              		.text
  21              		.section	.gnu.lto_.icf.a80ce849,"",%progbits
  22 0000 789C6361 		.ascii	"x\234ca`d\000\001>\006\004`bX?\363A\013\023#\230d\000"
  22      60640001 
  22      3E060460 
  22      62583FF3 
  22      410B1323 
  23 0017 002ABB05 		.ascii	"\000*\273\005s"
  23      73
  24              		.text
  25              		.section	.gnu.lto_.jmpfuncs.a80ce849,"",%progbits
  26 0000 789C6361 		.ascii	"x\234ca`d\000\001\016\006\004`\002b\220(\000\001Z\000"
  26      60640001 
  26      0E060460 
  26      02629028 
  26      00015A00 
  27 0014 11       		.ascii	"\021"
  28              		.text
  29              		.section	.gnu.lto_.inline.a80ce849,"",%progbits
  30 0000 789C6361 		.ascii	"x\234ca`d\000\0015\006\004`b``fb\004Q\014l\013\344A"
  30      60640001 
  30      35060460 
  30      62606066 
  30      6204510C 
  31 0018 145011BA 		.ascii	"\024P\021\272\010\003\000$\341\001\315"
  31      08030024 
  31      E101CD
  32              		.text
  33              		.section	.gnu.lto_.pureconst.a80ce849,"",%progbits
  34 0000 789C6361 		.ascii	"x\234ca`d`e```b\0002\000\000\205\000\016"
  34      60646065 
  34      60606062 
  34      00320000 
  34      85000E
ARM GAS  C:\Users\JEFFSN~1\AppData\Local\Temp\ccZDwPQS.s 			page 2


  35              		.text
  36              		.section	.gnu.lto_SPIM_1_TX_ISR.a80ce849,"",%progbits
  37 0000 789C6361 		.ascii	"x\234ca`d\000\201* V\003bi fdf`d\232p\216\201\241\221"
  37      60640081 
  37      2A205603 
  37      62692066 
  37      64666064 
  38 001a 83899111 		.ascii	"\203\211\221\021\304h\340`d\250gb\254g\374\312\364\227"
  38      C468E060 
  38      64A86762 
  38      AC67FCCA 
  38      F497
  39 002c 89F150FB 		.ascii	"\211\361P\373\263\235L\232\313\033\200\340Akt\303\212"
  39      B39D4C9A 
  39      CB1B80E0 
  39      416B74C3 
  39      8A
  40 003d 038CADCC 		.ascii	"\003\214\255\314\014\014\377\231\300\00610.g\324d\000"
  40      0C0CFF99 
  40      C0063130 
  40      2E67D464 
  40      00
  41 004e AA7AB4F1 		.ascii	"\252z\264\361\337T^\266\026\220*\005\210$\343\012F6"
  41      DF545EB6 
  41      16902A05 
  41      8824E30A 
  41      4636
  42 0060 906DEB83 		.ascii	"\220m\353\203\0164\374\377\337\334p\340\226\340\033"
  42      0E34FCFF 
  42      DFDC70E0 
  42      96E01B
  43 006f 66A0C407 		.ascii	"f\240\304\007 \006\331\362\221\211\011D3\277bd\002)"
  43      2006D9F2 
  43      91890944 
  43      33BF6264 
  43      0229
  44 0081 059BF681 		.ascii	"\005\233\366\201\211\021$\006T\241\342\236\232\227Z"
  44      89112406 
  44      54A1E29E 
  44      9A975A
  45 0090 9458929A 		.ascii	"\224X\222\232\022\037\234_Z\224\234\032\023\020\234"
  45      121F9C5F 
  45      5A949C1A 
  45      13109C
  46 009f EF6C1A13 		.ascii	"\357l\032\023\034\340\351\033o\030\357\351\027\242\227"
  46      1CE0E91B 
  46      6F18EFE9 
  46      17A297
  47 00ae CC000004 		.ascii	"\314\000\000\004\0108\275"
  47      0838BD
  48              		.text
  49              		.section	.gnu.lto_SPIM_1_RX_ISR.a80ce849,"",%progbits
  50 0000 789C6361 		.ascii	"x\234ca`d\000\201j V\003bi fdf`d\232p\216\201\241\221"
  50      60640081 
  50      6A205603 
  50      62692066 
  50      64666064 
ARM GAS  C:\Users\JEFFSN~1\AppData\Local\Temp\ccZDwPQS.s 			page 3


  51 001a 83899111 		.ascii	"\203\211\221\021\304h\340`d\250gb\254g\374\312\364\227"
  51      C468E060 
  51      64A86762 
  51      AC67FCCA 
  51      F497
  52 002c 89F150FB 		.ascii	"\211\361P\373\263\235L\232\313\033\200\340\301\323\345"
  52      B39D4C9A 
  52      CB1B80E0 
  52      C1D3E5
  53 003b 9C0D2B0E 		.ascii	"\234\015+\0160\266230\374g\002\233\304\300\270\234Q"
  53      30B63233 
  53      30FC6702 
  53      9BC4C0B8 
  53      9C51
  54 004d 9301A8EC 		.ascii	"\223\001\250\354\321\306\177Sy\331Z@\312\024 \222\214"
  54      D1C67F53 
  54      79D95A40 
  54      CA142092 
  54      8C
  55 005e 2B18D940 		.ascii	"+\030\331@\326\255\017:\320\360\377\177s\303\201\013"
  55      D6AD0F3A 
  55      D0F0FF7F 
  55      73C3810B 
  56 006e 5C1F6580 		.ascii	"\\\037e\200\022\037\200\030d\315G&&\020\315\374\212"
  56      121F8018 
  56      64CD4726 
  56      2610CDFC 
  56      8A
  57 007f 9109A414 		.ascii	"\221\011\244\024l\332\007&F\220\030P\205\212{j^jQbI"
  57      6CDA0726 
  57      46901850 
  57      858A7B6A 
  57      5E6A5162 
  58 0094 6A4A7C70 		.ascii	"jJ|p~iQrjL@p\276\263iLp\200\247o\274a\274\247_\210^"
  58      7E695172 
  58      6A4C4070 
  58      BEB3694C 
  58      7080A76F 
  59 00af 3203007D 		.ascii	"2\003\000}+9\200"
  59      2B3980
  60              		.text
  61              		.section	.gnu.lto_.symbol_nodes.a80ce849,"",%progbits
  62 0000 789C6361 		.ascii	"x\234ca`dPa\000\002&\206z\006\206\011\347\030@\324\256"
  62      60645061 
  62      00022686 
  62      7A068609 
  62      E71840D4 
  63 0015 0645A000 		.ascii	"\006E\240\000c=#\212\000\003\000\217\325\007\236"
  63      633D238A 
  63      0003008F 
  63      D5079E
  64              		.text
  65              		.section	.gnu.lto_.refs.a80ce849,"",%progbits
  66 0000 789C6361 		.ascii	"x\234ca`\004B \000\000\0009\000\007"
  66      60044220 
  66      00000039 
  66      0007
ARM GAS  C:\Users\JEFFSN~1\AppData\Local\Temp\ccZDwPQS.s 			page 4


  67              		.text
  68              		.section	.gnu.lto_.decls.a80ce849,"",%progbits
  69 0000 789C6361 		.ascii	"x\234ca`d\000\201G@\312\033H\327\000\361\177 `\006\322"
  69      60640081 
  69      4740CA1B 
  69      48D700F1 
  69      7F206006 
  70 0015 610C08C0 		.ascii	"a\014\010\300\004\304k\201x=\003&\000\2113\"\251g\204"
  70      04C46B81 
  70      783D0326 
  70      00893322 
  70      A96784
  71 0028 8AA183F5 		.ascii	"\212\241\203\365X\324a3\357/\023\343\377\371[\3729n"
  71      58D46133 
  71      EF2F13E3 
  71      FFF95BFA 
  71      396E
  72 003a 33DE6464 		.ascii	"3\336ddf\200:\220\201\221\021B2\2021\003\004\203\271"
  72      66803A90 
  72      81911142 
  72      32823103 
  72      0483B9
  73 004d 40061303 		.ascii	"@\006\023\003\204\001\023\202\003\006\250\022&\030\023"
  73      84011382 
  73      0306A812 
  73      261813
  74 005c 61181841 		.ascii	"a\030\030A\3653\376\207\001\260!\010\323\031\241\232"
  74      F533FE87 
  74      01B02108 
  74      D319A19A 
  75 006c 207C98BB 		.ascii	" |\230\273\241\232\030\231\020\0260B\2700\035H\346\241"
  75      A19A1899 
  75      10163042 
  75      B8301D48 
  75      E6A1
  76 007e B908E666 		.ascii	"\271\010\346f\2305\340\240\005{z\363\246K\363y\230\231"
  76      9835E0A0 
  76      057B7AF3 
  76      A64BF379 
  76      9899
  77 0090 1841ECFB 		.ascii	"\030A\354\373?W\270\351\255i\000\202\011\015\015L\032"
  77      3F57B8E9 
  77      AD690082 
  77      090D0D4C 
  77      1A
  78 00a1 8890B9D8 		.ascii	"\210\220\271\330\262a\016\363\027&F!.F\026 \367\343"
  78      B2610EF3 
  78      17264621 
  78      2E461620 
  78      F7E3
  79 00b3 D9598FF9 		.ascii	"\331Y\217\371\200\\\021.F\005 \367\357\311\331\263\230"
  79      805C112E 
  79      460520F7 
  79      EFC9D9B3 
  79      98
  80 00c4 24A681F5 		.ascii	"$\246\201\36557(\2600\206\2111\256f\224a\\\305(\003"
  80      353728B0 
ARM GAS  C:\Users\JEFFSN~1\AppData\Local\Temp\ccZDwPQS.s 			page 5


  80      30868931 
  80      AE669461 
  80      5CC52803 
  81 00d8 B46F0DA3 		.ascii	"\264o\015\243\004\220Lb\201\230\364\366\347\257n\026"
  81      04904C62 
  81      8198F4F6 
  81      E7AF6E16 
  82 00e8 A5050D1B 		.ascii	"\245\005\015\03364<\370\274\201{f\303\201\026\2406&"
  82      36343CF8 
  82      BC817B66 
  82      C38116A0 
  82      3626
  83 00fa 902AC615 		.ascii	"\220*\306\025\214\314\214+\031\365@\216\\\001\212\003"
  83      8CCC8C2B 
  83      19F5408E 
  83      5C018A03 
  84 010a 06C6E58C 		.ascii	"\006\306\345\214\267\201\356]\313\250\004\324\371\372"
  84      B781EE5D 
  84      CBA804D4 
  84      F9FA
  85 0118 C4ACFF6C 		.ascii	"\304\254\377l\314v`\207.x\374\363\011\017\304\224\003"
  85      CC766087 
  85      2E78FCF3 
  85      090FC494 
  85      03
  86 0129 FB4EF134 		.ascii	"\373N\3614Lhlhp\000\233\261\016a\306:d3\3263*1\360\006"
  86      4C686C68 
  86      70009BB1 
  86      0E61C63A 
  86      6433D633 
  87 0141 0778FAC6 		.ascii	"\007x\372\306\033\306\207D\304{\006\007q\270\373\205"
  87      1BC68744 
  87      C47B0607 
  87      71B8FB85 
  88 0151 2A381B1A 		.ascii	"*8\033\0322\250\270\247\346\245\026%\226\244\246\304"
  88      32A8B8A7 
  88      E6A51625 
  88      96A4A6C4 
  89 0161 07E79716 		.ascii	"\007\347\227\026%\247\306\004\004\347;\233\306@U{\372"
  89      25A7C604 
  89      04E73B9B 
  89      C640557B 
  89      FA
  90 0172 85E825C3 		.ascii	"\205\350%\303\365\006\201\365\002\000\3725\205U"
  90      F50681F5 
  90      0200FA35 
  90      8555
  91              		.text
  92              		.section	.gnu.lto_.symtab.a80ce849,"",%progbits
  93 0000 5350494D 		.ascii	"SPIM_1_TX_ISR\000"
  93      5F315F54 
  93      585F4953 
  93      5200
  94 000e 00       		.ascii	"\000"
  95 000f 00       		.ascii	"\000"
  96 0010 00       		.ascii	"\000"
  97 0011 00000000 		.ascii	"\000\000\000\000\000\000\000\000"
ARM GAS  C:\Users\JEFFSN~1\AppData\Local\Temp\ccZDwPQS.s 			page 6


  97      00000000 
  98 0019 AD000000 		.ascii	"\255\000\000\000"
  99 001d 5350494D 		.ascii	"SPIM_1_RX_ISR\000"
  99      5F315F52 
  99      585F4953 
  99      5200
 100 002b 00       		.ascii	"\000"
 101 002c 00       		.ascii	"\000"
 102 002d 00       		.ascii	"\000"
 103 002e 00000000 		.ascii	"\000\000\000\000\000\000\000\000"
 103      00000000 
 104 0036 AF000000 		.ascii	"\257\000\000\000"
 105              		.text
 106              		.section	.gnu.lto_.opts,"",%progbits
 107 0000 272D666D 		.ascii	"'-fmath-errno' '-fsigned-zeros' '-ftrapping-math' '"
 107      6174682D 
 107      6572726E 
 107      6F272027 
 107      2D667369 
 108 0033 2D666E6F 		.ascii	"-fno-trapv' '-fno-openmp' '-fno-openacc' '-mcpu=cor"
 108      2D747261 
 108      70762720 
 108      272D666E 
 108      6F2D6F70 
 109 0066 7465782D 		.ascii	"tex-m3' '-mthumb' '-g' '-O3' '-ffunction-sections' "
 109      6D332720 
 109      272D6D74 
 109      68756D62 
 109      2720272D 
 110 0099 272D6666 		.ascii	"'-ffat-lto-objects' '-finline-functions' '-flto'\000"
 110      61742D6C 
 110      746F2D6F 
 110      626A6563 
 110      74732720 
 111              		.text
 112              		.cfi_sections	.debug_frame
 113              		.section	.text.SPIM_1_TX_ISR,"ax",%progbits
 114              		.align	2
 115              		.global	SPIM_1_TX_ISR
 116              		.thumb
 117              		.thumb_func
 118              		.type	SPIM_1_TX_ISR, %function
 119              	SPIM_1_TX_ISR:
 120              	.LFB3:
 121              		.cfi_startproc
 122              		@ args = 0, pretend = 0, frame = 0
 123              		@ frame_needed = 0, uses_anonymous_args = 0
 124              		@ link register save eliminated.
 125 0000 7047     		bx	lr
 126              		.cfi_endproc
 127              	.LFE3:
 128              		.size	SPIM_1_TX_ISR, .-SPIM_1_TX_ISR
 129 0002 00BF     		.section	.text.SPIM_1_RX_ISR,"ax",%progbits
 130              		.align	2
 131              		.global	SPIM_1_RX_ISR
 132              		.thumb
 133              		.thumb_func
ARM GAS  C:\Users\JEFFSN~1\AppData\Local\Temp\ccZDwPQS.s 			page 7


 134              		.type	SPIM_1_RX_ISR, %function
 135              	SPIM_1_RX_ISR:
 136              	.LFB1:
 137              		.file 1 "Generated_Source\\PSoC5\\SPIM_1_INT.c"
   1:Generated_Source\PSoC5/SPIM_1_INT.c **** /*******************************************************************************
   2:Generated_Source\PSoC5/SPIM_1_INT.c **** * File Name: SPIM_1_INT.c
   3:Generated_Source\PSoC5/SPIM_1_INT.c **** * Version 2.50
   4:Generated_Source\PSoC5/SPIM_1_INT.c **** *
   5:Generated_Source\PSoC5/SPIM_1_INT.c **** * Description:
   6:Generated_Source\PSoC5/SPIM_1_INT.c **** *  This file provides all Interrupt Service Routine (ISR) for the SPI Master
   7:Generated_Source\PSoC5/SPIM_1_INT.c **** *  component.
   8:Generated_Source\PSoC5/SPIM_1_INT.c **** *
   9:Generated_Source\PSoC5/SPIM_1_INT.c **** * Note:
  10:Generated_Source\PSoC5/SPIM_1_INT.c **** *  None.
  11:Generated_Source\PSoC5/SPIM_1_INT.c **** *
  12:Generated_Source\PSoC5/SPIM_1_INT.c **** ********************************************************************************
  13:Generated_Source\PSoC5/SPIM_1_INT.c **** * Copyright 2008-2015, Cypress Semiconductor Corporation.  All rights reserved.
  14:Generated_Source\PSoC5/SPIM_1_INT.c **** * You may use this file only in accordance with the license, terms, conditions,
  15:Generated_Source\PSoC5/SPIM_1_INT.c **** * disclaimers, and limitations in the end user license agreement accompanying
  16:Generated_Source\PSoC5/SPIM_1_INT.c **** * the software package with which this file was provided.
  17:Generated_Source\PSoC5/SPIM_1_INT.c **** *******************************************************************************/
  18:Generated_Source\PSoC5/SPIM_1_INT.c **** 
  19:Generated_Source\PSoC5/SPIM_1_INT.c **** #include "SPIM_1_PVT.h"
  20:Generated_Source\PSoC5/SPIM_1_INT.c **** 
  21:Generated_Source\PSoC5/SPIM_1_INT.c **** 
  22:Generated_Source\PSoC5/SPIM_1_INT.c **** /* User code required at start of ISR */
  23:Generated_Source\PSoC5/SPIM_1_INT.c **** /* `#START SPIM_1_ISR_START_DEF` */
  24:Generated_Source\PSoC5/SPIM_1_INT.c **** 
  25:Generated_Source\PSoC5/SPIM_1_INT.c **** /* `#END` */
  26:Generated_Source\PSoC5/SPIM_1_INT.c **** 
  27:Generated_Source\PSoC5/SPIM_1_INT.c **** 
  28:Generated_Source\PSoC5/SPIM_1_INT.c **** /*******************************************************************************
  29:Generated_Source\PSoC5/SPIM_1_INT.c **** * Function Name: SPIM_1_TX_ISR
  30:Generated_Source\PSoC5/SPIM_1_INT.c **** ********************************************************************************
  31:Generated_Source\PSoC5/SPIM_1_INT.c **** *
  32:Generated_Source\PSoC5/SPIM_1_INT.c **** * Summary:
  33:Generated_Source\PSoC5/SPIM_1_INT.c **** *  Interrupt Service Routine for TX portion of the SPI Master.
  34:Generated_Source\PSoC5/SPIM_1_INT.c **** *
  35:Generated_Source\PSoC5/SPIM_1_INT.c **** * Parameters:
  36:Generated_Source\PSoC5/SPIM_1_INT.c **** *  None.
  37:Generated_Source\PSoC5/SPIM_1_INT.c **** *
  38:Generated_Source\PSoC5/SPIM_1_INT.c **** * Return:
  39:Generated_Source\PSoC5/SPIM_1_INT.c **** *  None.
  40:Generated_Source\PSoC5/SPIM_1_INT.c **** *
  41:Generated_Source\PSoC5/SPIM_1_INT.c **** * Global variables:
  42:Generated_Source\PSoC5/SPIM_1_INT.c **** *  SPIM_1_txBufferWrite - used for the account of the bytes which
  43:Generated_Source\PSoC5/SPIM_1_INT.c **** *  have been written down in the TX software buffer.
  44:Generated_Source\PSoC5/SPIM_1_INT.c **** *  SPIM_1_txBufferRead - used for the account of the bytes which
  45:Generated_Source\PSoC5/SPIM_1_INT.c **** *  have been read from the TX software buffer, modified when exist data to
  46:Generated_Source\PSoC5/SPIM_1_INT.c **** *  sending and FIFO Not Full.
  47:Generated_Source\PSoC5/SPIM_1_INT.c **** *  SPIM_1_txBuffer[SPIM_1_TX_BUFFER_SIZE] - used to store
  48:Generated_Source\PSoC5/SPIM_1_INT.c **** *  data to sending.
  49:Generated_Source\PSoC5/SPIM_1_INT.c **** *  All described above Global variables are used when Software Buffer is used.
  50:Generated_Source\PSoC5/SPIM_1_INT.c **** *
  51:Generated_Source\PSoC5/SPIM_1_INT.c **** *******************************************************************************/
  52:Generated_Source\PSoC5/SPIM_1_INT.c **** CY_ISR(SPIM_1_TX_ISR)
  53:Generated_Source\PSoC5/SPIM_1_INT.c **** {
ARM GAS  C:\Users\JEFFSN~1\AppData\Local\Temp\ccZDwPQS.s 			page 8


  54:Generated_Source\PSoC5/SPIM_1_INT.c ****     #if(SPIM_1_TX_SOFTWARE_BUF_ENABLED)
  55:Generated_Source\PSoC5/SPIM_1_INT.c ****         uint8 tmpStatus;
  56:Generated_Source\PSoC5/SPIM_1_INT.c ****     #endif /* (SPIM_1_TX_SOFTWARE_BUF_ENABLED) */
  57:Generated_Source\PSoC5/SPIM_1_INT.c **** 
  58:Generated_Source\PSoC5/SPIM_1_INT.c ****     #ifdef SPIM_1_TX_ISR_ENTRY_CALLBACK
  59:Generated_Source\PSoC5/SPIM_1_INT.c ****         SPIM_1_TX_ISR_EntryCallback();
  60:Generated_Source\PSoC5/SPIM_1_INT.c ****     #endif /* SPIM_1_TX_ISR_ENTRY_CALLBACK */
  61:Generated_Source\PSoC5/SPIM_1_INT.c **** 
  62:Generated_Source\PSoC5/SPIM_1_INT.c ****     /* User code required at start of ISR */
  63:Generated_Source\PSoC5/SPIM_1_INT.c ****     /* `#START SPIM_1_TX_ISR_START` */
  64:Generated_Source\PSoC5/SPIM_1_INT.c **** 
  65:Generated_Source\PSoC5/SPIM_1_INT.c ****     /* `#END` */
  66:Generated_Source\PSoC5/SPIM_1_INT.c ****     
  67:Generated_Source\PSoC5/SPIM_1_INT.c ****     #if(SPIM_1_TX_SOFTWARE_BUF_ENABLED)
  68:Generated_Source\PSoC5/SPIM_1_INT.c ****         /* Check if TX data buffer is not empty and there is space in TX FIFO */
  69:Generated_Source\PSoC5/SPIM_1_INT.c ****         while(SPIM_1_txBufferRead != SPIM_1_txBufferWrite)
  70:Generated_Source\PSoC5/SPIM_1_INT.c ****         {
  71:Generated_Source\PSoC5/SPIM_1_INT.c ****             tmpStatus = SPIM_1_GET_STATUS_TX(SPIM_1_swStatusTx);
  72:Generated_Source\PSoC5/SPIM_1_INT.c ****             SPIM_1_swStatusTx = tmpStatus;
  73:Generated_Source\PSoC5/SPIM_1_INT.c **** 
  74:Generated_Source\PSoC5/SPIM_1_INT.c ****             if(0u != (SPIM_1_swStatusTx & SPIM_1_STS_TX_FIFO_NOT_FULL))
  75:Generated_Source\PSoC5/SPIM_1_INT.c ****             {
  76:Generated_Source\PSoC5/SPIM_1_INT.c ****                 if(0u == SPIM_1_txBufferFull)
  77:Generated_Source\PSoC5/SPIM_1_INT.c ****                 {
  78:Generated_Source\PSoC5/SPIM_1_INT.c ****                    SPIM_1_txBufferRead++;
  79:Generated_Source\PSoC5/SPIM_1_INT.c **** 
  80:Generated_Source\PSoC5/SPIM_1_INT.c ****                     if(SPIM_1_txBufferRead >= SPIM_1_TX_BUFFER_SIZE)
  81:Generated_Source\PSoC5/SPIM_1_INT.c ****                     {
  82:Generated_Source\PSoC5/SPIM_1_INT.c ****                         SPIM_1_txBufferRead = 0u;
  83:Generated_Source\PSoC5/SPIM_1_INT.c ****                     }
  84:Generated_Source\PSoC5/SPIM_1_INT.c ****                 }
  85:Generated_Source\PSoC5/SPIM_1_INT.c ****                 else
  86:Generated_Source\PSoC5/SPIM_1_INT.c ****                 {
  87:Generated_Source\PSoC5/SPIM_1_INT.c ****                     SPIM_1_txBufferFull = 0u;
  88:Generated_Source\PSoC5/SPIM_1_INT.c ****                 }
  89:Generated_Source\PSoC5/SPIM_1_INT.c **** 
  90:Generated_Source\PSoC5/SPIM_1_INT.c ****                 /* Put data element into the TX FIFO */
  91:Generated_Source\PSoC5/SPIM_1_INT.c ****                 CY_SET_REG8(SPIM_1_TXDATA_PTR, 
  92:Generated_Source\PSoC5/SPIM_1_INT.c ****                                              SPIM_1_txBuffer[SPIM_1_txBufferRead]);
  93:Generated_Source\PSoC5/SPIM_1_INT.c ****             }
  94:Generated_Source\PSoC5/SPIM_1_INT.c ****             else
  95:Generated_Source\PSoC5/SPIM_1_INT.c ****             {
  96:Generated_Source\PSoC5/SPIM_1_INT.c ****                 break;
  97:Generated_Source\PSoC5/SPIM_1_INT.c ****             }
  98:Generated_Source\PSoC5/SPIM_1_INT.c ****         }
  99:Generated_Source\PSoC5/SPIM_1_INT.c **** 
 100:Generated_Source\PSoC5/SPIM_1_INT.c ****         if(SPIM_1_txBufferRead == SPIM_1_txBufferWrite)
 101:Generated_Source\PSoC5/SPIM_1_INT.c ****         {
 102:Generated_Source\PSoC5/SPIM_1_INT.c ****             /* TX Buffer is EMPTY: disable interrupt on TX NOT FULL */
 103:Generated_Source\PSoC5/SPIM_1_INT.c ****             SPIM_1_TX_STATUS_MASK_REG &= ((uint8) ~SPIM_1_STS_TX_FIFO_NOT_FULL);
 104:Generated_Source\PSoC5/SPIM_1_INT.c ****         }
 105:Generated_Source\PSoC5/SPIM_1_INT.c **** 
 106:Generated_Source\PSoC5/SPIM_1_INT.c ****     #endif /* (SPIM_1_TX_SOFTWARE_BUF_ENABLED) */
 107:Generated_Source\PSoC5/SPIM_1_INT.c **** 
 108:Generated_Source\PSoC5/SPIM_1_INT.c ****     /* User code required at end of ISR (Optional) */
 109:Generated_Source\PSoC5/SPIM_1_INT.c ****     /* `#START SPIM_1_TX_ISR_END` */
 110:Generated_Source\PSoC5/SPIM_1_INT.c **** 
ARM GAS  C:\Users\JEFFSN~1\AppData\Local\Temp\ccZDwPQS.s 			page 9


 111:Generated_Source\PSoC5/SPIM_1_INT.c ****     /* `#END` */
 112:Generated_Source\PSoC5/SPIM_1_INT.c ****     
 113:Generated_Source\PSoC5/SPIM_1_INT.c ****     #ifdef SPIM_1_TX_ISR_EXIT_CALLBACK
 114:Generated_Source\PSoC5/SPIM_1_INT.c ****         SPIM_1_TX_ISR_ExitCallback();
 115:Generated_Source\PSoC5/SPIM_1_INT.c ****     #endif /* SPIM_1_TX_ISR_EXIT_CALLBACK */
 116:Generated_Source\PSoC5/SPIM_1_INT.c **** }
 117:Generated_Source\PSoC5/SPIM_1_INT.c **** 
 118:Generated_Source\PSoC5/SPIM_1_INT.c **** 
 119:Generated_Source\PSoC5/SPIM_1_INT.c **** /*******************************************************************************
 120:Generated_Source\PSoC5/SPIM_1_INT.c **** * Function Name: SPIM_1_RX_ISR
 121:Generated_Source\PSoC5/SPIM_1_INT.c **** ********************************************************************************
 122:Generated_Source\PSoC5/SPIM_1_INT.c **** *
 123:Generated_Source\PSoC5/SPIM_1_INT.c **** * Summary:
 124:Generated_Source\PSoC5/SPIM_1_INT.c **** *  Interrupt Service Routine for RX portion of the SPI Master.
 125:Generated_Source\PSoC5/SPIM_1_INT.c **** *
 126:Generated_Source\PSoC5/SPIM_1_INT.c **** * Parameters:
 127:Generated_Source\PSoC5/SPIM_1_INT.c **** *  None.
 128:Generated_Source\PSoC5/SPIM_1_INT.c **** *
 129:Generated_Source\PSoC5/SPIM_1_INT.c **** * Return:
 130:Generated_Source\PSoC5/SPIM_1_INT.c **** *  None.
 131:Generated_Source\PSoC5/SPIM_1_INT.c **** *
 132:Generated_Source\PSoC5/SPIM_1_INT.c **** * Global variables:
 133:Generated_Source\PSoC5/SPIM_1_INT.c **** *  SPIM_1_rxBufferWrite - used for the account of the bytes which
 134:Generated_Source\PSoC5/SPIM_1_INT.c **** *  have been written down in the RX software buffer modified when FIFO contains
 135:Generated_Source\PSoC5/SPIM_1_INT.c **** *  new data.
 136:Generated_Source\PSoC5/SPIM_1_INT.c **** *  SPIM_1_rxBufferRead - used for the account of the bytes which
 137:Generated_Source\PSoC5/SPIM_1_INT.c **** *  have been read from the RX software buffer, modified when overflow occurred.
 138:Generated_Source\PSoC5/SPIM_1_INT.c **** *  SPIM_1_rxBuffer[SPIM_1_RX_BUFFER_SIZE] - used to store
 139:Generated_Source\PSoC5/SPIM_1_INT.c **** *  received data, modified when FIFO contains new data.
 140:Generated_Source\PSoC5/SPIM_1_INT.c **** *  All described above Global variables are used when Software Buffer is used.
 141:Generated_Source\PSoC5/SPIM_1_INT.c **** *
 142:Generated_Source\PSoC5/SPIM_1_INT.c **** *******************************************************************************/
 143:Generated_Source\PSoC5/SPIM_1_INT.c **** CY_ISR(SPIM_1_RX_ISR)
 144:Generated_Source\PSoC5/SPIM_1_INT.c **** {
 138              		.loc 1 144 0
 139              		.cfi_startproc
 140              		@ args = 0, pretend = 0, frame = 0
 141              		@ frame_needed = 0, uses_anonymous_args = 0
 142              		@ link register save eliminated.
 143 0000 7047     		bx	lr
 144              		.cfi_endproc
 145              	.LFE1:
 146              		.size	SPIM_1_RX_ISR, .-SPIM_1_RX_ISR
 147 0002 00BF     		.text
 148              	.Letext0:
 149              		.section	.debug_info,"",%progbits
 150              	.Ldebug_info0:
 151 0000 A2000000 		.4byte	0xa2
 152 0004 0400     		.2byte	0x4
 153 0006 00000000 		.4byte	.Ldebug_abbrev0
 154 000a 04       		.byte	0x4
 155 000b 01       		.uleb128 0x1
 156 000c 4C010000 		.4byte	.LASF14
 157 0010 0C       		.byte	0xc
 158 0011 EA000000 		.4byte	.LASF15
 159 0015 66000000 		.4byte	.LASF16
 160 0019 00000000 		.4byte	.Ldebug_ranges0+0
ARM GAS  C:\Users\JEFFSN~1\AppData\Local\Temp\ccZDwPQS.s 			page 10


 161 001d 00000000 		.4byte	0
 162 0021 00000000 		.4byte	.Ldebug_line0
 163 0025 02       		.uleb128 0x2
 164 0026 01       		.byte	0x1
 165 0027 06       		.byte	0x6
 166 0028 21010000 		.4byte	.LASF0
 167 002c 02       		.uleb128 0x2
 168 002d 01       		.byte	0x1
 169 002e 08       		.byte	0x8
 170 002f 58000000 		.4byte	.LASF1
 171 0033 02       		.uleb128 0x2
 172 0034 02       		.byte	0x2
 173 0035 05       		.byte	0x5
 174 0036 39010000 		.4byte	.LASF2
 175 003a 02       		.uleb128 0x2
 176 003b 02       		.byte	0x2
 177 003c 07       		.byte	0x7
 178 003d 0E010000 		.4byte	.LASF3
 179 0041 02       		.uleb128 0x2
 180 0042 04       		.byte	0x4
 181 0043 05       		.byte	0x5
 182 0044 DA000000 		.4byte	.LASF4
 183 0048 02       		.uleb128 0x2
 184 0049 04       		.byte	0x4
 185 004a 07       		.byte	0x7
 186 004b 29000000 		.4byte	.LASF5
 187 004f 02       		.uleb128 0x2
 188 0050 08       		.byte	0x8
 189 0051 05       		.byte	0x5
 190 0052 00000000 		.4byte	.LASF6
 191 0056 02       		.uleb128 0x2
 192 0057 08       		.byte	0x8
 193 0058 07       		.byte	0x7
 194 0059 3B000000 		.4byte	.LASF7
 195 005d 03       		.uleb128 0x3
 196 005e 04       		.byte	0x4
 197 005f 05       		.byte	0x5
 198 0060 696E7400 		.ascii	"int\000"
 199 0064 02       		.uleb128 0x2
 200 0065 04       		.byte	0x4
 201 0066 07       		.byte	0x7
 202 0067 0E000000 		.4byte	.LASF8
 203 006b 02       		.uleb128 0x2
 204 006c 04       		.byte	0x4
 205 006d 04       		.byte	0x4
 206 006e 52000000 		.4byte	.LASF9
 207 0072 02       		.uleb128 0x2
 208 0073 08       		.byte	0x8
 209 0074 04       		.byte	0x4
 210 0075 E3000000 		.4byte	.LASF10
 211 0079 02       		.uleb128 0x2
 212 007a 01       		.byte	0x1
 213 007b 08       		.byte	0x8
 214 007c D5000000 		.4byte	.LASF11
 215 0080 02       		.uleb128 0x2
 216 0081 08       		.byte	0x8
 217 0082 04       		.byte	0x4
ARM GAS  C:\Users\JEFFSN~1\AppData\Local\Temp\ccZDwPQS.s 			page 11


 218 0083 2D010000 		.4byte	.LASF12
 219 0087 02       		.uleb128 0x2
 220 0088 04       		.byte	0x4
 221 0089 07       		.byte	0x7
 222 008a 43010000 		.4byte	.LASF13
 223 008e 04       		.uleb128 0x4
 224 008f 1B000000 		.4byte	.LASF17
 225 0093 01       		.byte	0x1
 226 0094 8F       		.byte	0x8f
 227 0095 01       		.byte	0x1
 228 0096 05       		.uleb128 0x5
 229 0097 8E000000 		.4byte	0x8e
 230 009b 00000000 		.4byte	.LFB1
 231 009f 02000000 		.4byte	.LFE1-.LFB1
 232 00a3 01       		.uleb128 0x1
 233 00a4 9C       		.byte	0x9c
 234 00a5 00       		.byte	0
 235              		.section	.debug_abbrev,"",%progbits
 236              	.Ldebug_abbrev0:
 237 0000 01       		.uleb128 0x1
 238 0001 11       		.uleb128 0x11
 239 0002 01       		.byte	0x1
 240 0003 25       		.uleb128 0x25
 241 0004 0E       		.uleb128 0xe
 242 0005 13       		.uleb128 0x13
 243 0006 0B       		.uleb128 0xb
 244 0007 03       		.uleb128 0x3
 245 0008 0E       		.uleb128 0xe
 246 0009 1B       		.uleb128 0x1b
 247 000a 0E       		.uleb128 0xe
 248 000b 55       		.uleb128 0x55
 249 000c 17       		.uleb128 0x17
 250 000d 11       		.uleb128 0x11
 251 000e 01       		.uleb128 0x1
 252 000f 10       		.uleb128 0x10
 253 0010 17       		.uleb128 0x17
 254 0011 00       		.byte	0
 255 0012 00       		.byte	0
 256 0013 02       		.uleb128 0x2
 257 0014 24       		.uleb128 0x24
 258 0015 00       		.byte	0
 259 0016 0B       		.uleb128 0xb
 260 0017 0B       		.uleb128 0xb
 261 0018 3E       		.uleb128 0x3e
 262 0019 0B       		.uleb128 0xb
 263 001a 03       		.uleb128 0x3
 264 001b 0E       		.uleb128 0xe
 265 001c 00       		.byte	0
 266 001d 00       		.byte	0
 267 001e 03       		.uleb128 0x3
 268 001f 24       		.uleb128 0x24
 269 0020 00       		.byte	0
 270 0021 0B       		.uleb128 0xb
 271 0022 0B       		.uleb128 0xb
 272 0023 3E       		.uleb128 0x3e
 273 0024 0B       		.uleb128 0xb
 274 0025 03       		.uleb128 0x3
ARM GAS  C:\Users\JEFFSN~1\AppData\Local\Temp\ccZDwPQS.s 			page 12


 275 0026 08       		.uleb128 0x8
 276 0027 00       		.byte	0
 277 0028 00       		.byte	0
 278 0029 04       		.uleb128 0x4
 279 002a 2E       		.uleb128 0x2e
 280 002b 00       		.byte	0
 281 002c 3F       		.uleb128 0x3f
 282 002d 19       		.uleb128 0x19
 283 002e 03       		.uleb128 0x3
 284 002f 0E       		.uleb128 0xe
 285 0030 3A       		.uleb128 0x3a
 286 0031 0B       		.uleb128 0xb
 287 0032 3B       		.uleb128 0x3b
 288 0033 0B       		.uleb128 0xb
 289 0034 27       		.uleb128 0x27
 290 0035 19       		.uleb128 0x19
 291 0036 20       		.uleb128 0x20
 292 0037 0B       		.uleb128 0xb
 293 0038 00       		.byte	0
 294 0039 00       		.byte	0
 295 003a 05       		.uleb128 0x5
 296 003b 2E       		.uleb128 0x2e
 297 003c 00       		.byte	0
 298 003d 31       		.uleb128 0x31
 299 003e 13       		.uleb128 0x13
 300 003f 11       		.uleb128 0x11
 301 0040 01       		.uleb128 0x1
 302 0041 12       		.uleb128 0x12
 303 0042 06       		.uleb128 0x6
 304 0043 40       		.uleb128 0x40
 305 0044 18       		.uleb128 0x18
 306 0045 9742     		.uleb128 0x2117
 307 0047 19       		.uleb128 0x19
 308 0048 00       		.byte	0
 309 0049 00       		.byte	0
 310 004a 00       		.byte	0
 311              		.section	.debug_aranges,"",%progbits
 312 0000 1C000000 		.4byte	0x1c
 313 0004 0200     		.2byte	0x2
 314 0006 00000000 		.4byte	.Ldebug_info0
 315 000a 04       		.byte	0x4
 316 000b 00       		.byte	0
 317 000c 0000     		.2byte	0
 318 000e 0000     		.2byte	0
 319 0010 00000000 		.4byte	.LFB1
 320 0014 02000000 		.4byte	.LFE1-.LFB1
 321 0018 00000000 		.4byte	0
 322 001c 00000000 		.4byte	0
 323              		.section	.debug_ranges,"",%progbits
 324              	.Ldebug_ranges0:
 325 0000 00000000 		.4byte	.LFB1
 326 0004 02000000 		.4byte	.LFE1
 327 0008 00000000 		.4byte	0
 328 000c 00000000 		.4byte	0
 329              		.section	.debug_line,"",%progbits
 330              	.Ldebug_line0:
 331 0000 50000000 		.section	.debug_str,"MS",%progbits,1
ARM GAS  C:\Users\JEFFSN~1\AppData\Local\Temp\ccZDwPQS.s 			page 13


 331      02003A00 
 331      00000201 
 331      FB0E0D00 
 331      01010101 
 332              	.LASF6:
 333 0000 6C6F6E67 		.ascii	"long long int\000"
 333      206C6F6E 
 333      6720696E 
 333      7400
 334              	.LASF8:
 335 000e 756E7369 		.ascii	"unsigned int\000"
 335      676E6564 
 335      20696E74 
 335      00
 336              	.LASF17:
 337 001b 5350494D 		.ascii	"SPIM_1_RX_ISR\000"
 337      5F315F52 
 337      585F4953 
 337      5200
 338              	.LASF5:
 339 0029 6C6F6E67 		.ascii	"long unsigned int\000"
 339      20756E73 
 339      69676E65 
 339      6420696E 
 339      7400
 340              	.LASF7:
 341 003b 6C6F6E67 		.ascii	"long long unsigned int\000"
 341      206C6F6E 
 341      6720756E 
 341      7369676E 
 341      65642069 
 342              	.LASF9:
 343 0052 666C6F61 		.ascii	"float\000"
 343      7400
 344              	.LASF1:
 345 0058 756E7369 		.ascii	"unsigned char\000"
 345      676E6564 
 345      20636861 
 345      7200
 346              	.LASF16:
 347 0066 433A5C55 		.ascii	"C:\\Users\\JeffSnyder\\dev\\Electrobass_embedded\\P"
 347      73657273 
 347      5C4A6566 
 347      66536E79 
 347      6465725C 
 348 0094 534F4335 		.ascii	"SOC5_electrobass_stringsensors\\CE210514_PSOC3_5_Th"
 348      5F656C65 
 348      6374726F 
 348      62617373 
 348      5F737472 
 349 00c6 65726D69 		.ascii	"ermistor.cydsn\000"
 349      73746F72 
 349      2E637964 
 349      736E00
 350              	.LASF11:
 351 00d5 63686172 		.ascii	"char\000"
 351      00
ARM GAS  C:\Users\JEFFSN~1\AppData\Local\Temp\ccZDwPQS.s 			page 14


 352              	.LASF4:
 353 00da 6C6F6E67 		.ascii	"long int\000"
 353      20696E74 
 353      00
 354              	.LASF10:
 355 00e3 646F7562 		.ascii	"double\000"
 355      6C6500
 356              	.LASF15:
 357 00ea 47656E65 		.ascii	"Generated_Source\\PSoC5\\SPIM_1_INT.c\000"
 357      72617465 
 357      645F536F 
 357      75726365 
 357      5C50536F 
 358              	.LASF3:
 359 010e 73686F72 		.ascii	"short unsigned int\000"
 359      7420756E 
 359      7369676E 
 359      65642069 
 359      6E7400
 360              	.LASF0:
 361 0121 7369676E 		.ascii	"signed char\000"
 361      65642063 
 361      68617200 
 362              	.LASF12:
 363 012d 6C6F6E67 		.ascii	"long double\000"
 363      20646F75 
 363      626C6500 
 364              	.LASF2:
 365 0139 73686F72 		.ascii	"short int\000"
 365      7420696E 
 365      7400
 366              	.LASF13:
 367 0143 73697A65 		.ascii	"sizetype\000"
 367      74797065 
 367      00
 368              	.LASF14:
 369 014c 474E5520 		.ascii	"GNU C11 5.4.1 20160609 (release) [ARM/embedded-5-br"
 369      43313120 
 369      352E342E 
 369      31203230 
 369      31363036 
 370 017f 616E6368 		.ascii	"anch revision 237715] -mcpu=cortex-m3 -mthumb -g -O"
 370      20726576 
 370      6973696F 
 370      6E203233 
 370      37373135 
 371 01b2 33202D66 		.ascii	"3 -ffunction-sections -ffat-lto-objects -finline-fu"
 371      66756E63 
 371      74696F6E 
 371      2D736563 
 371      74696F6E 
 372 01e5 6E637469 		.ascii	"nctions -flto\000"
 372      6F6E7320 
 372      2D666C74 
 372      6F00
 373              		.comm	__gnu_lto_v1,1,1
 374              		.ident	"GCC: (GNU Tools for ARM Embedded Processors) 5.4.1 20160609 (release) [ARM/embedded-5-bran
ARM GAS  C:\Users\JEFFSN~1\AppData\Local\Temp\ccZDwPQS.s 			page 15


