ARM GAS  C:\Users\JEFFSN~1\AppData\Local\Temp\ccsXR5ig.s 			page 1


   1              		.syntax unified
   2              		.cpu cortex-m3
   3              		.fpu softvfp
   4              		.eabi_attribute 20, 1
   5              		.eabi_attribute 21, 1
   6              		.eabi_attribute 23, 3
   7              		.eabi_attribute 24, 1
   8              		.eabi_attribute 25, 1
   9              		.eabi_attribute 26, 1
  10              		.eabi_attribute 30, 1
  11              		.eabi_attribute 34, 1
  12              		.eabi_attribute 18, 4
  13              		.thumb
  14              		.syntax unified
  15              		.file	"SPIM_2_INT.c"
  16              		.text
  17              	.Ltext0:
  18              		.section	.gnu.lto_.profile.ed0dd4b6,"",%progbits
  19 0000 789C6361 		.ascii	"x\234ca`d`a`\000\221L\000\000t\000\021"
  19      60646061 
  19      6000914C 
  19      00007400 
  19      11
  20              		.text
  21              		.section	.gnu.lto_.inline.ed0dd4b6,"",%progbits
  22 0000 789C6361 		.ascii	"x\234ca`d\000\0015\006\004`b``fb\004Q\014l\013\344A"
  22      60640001 
  22      35060460 
  22      62606066 
  22      6204510C 
  23 0018 145011BA 		.ascii	"\024P\021\272\010\003\000$\341\001\315"
  23      08030024 
  23      E101CD
  24              		.text
  25              		.section	.gnu.lto_.jmpfuncs.ed0dd4b6,"",%progbits
  26 0000 789C6361 		.ascii	"x\234ca`d\000\001\016\006\004`\002b\220(\000\001Z\000"
  26      60640001 
  26      0E060460 
  26      02629028 
  26      00015A00 
  27 0014 11       		.ascii	"\021"
  28              		.text
  29              		.section	.gnu.lto_.pureconst.ed0dd4b6,"",%progbits
  30 0000 789C6361 		.ascii	"x\234ca`d`e```b\0002\000\000\205\000\016"
  30      60646065 
  30      60606062 
  30      00320000 
  30      85000E
  31              		.text
  32              		.section	.gnu.lto_SPIM_2_TX_ISR.ed0dd4b6,"",%progbits
  33 0000 789C6361 		.ascii	"x\234ca`d\000\201* V\003bi fdf`d\232p\216\201\241\221"
  33      60640081 
  33      2A205603 
  33      62692066 
  33      64666064 
  34 001a 83899111 		.ascii	"\203\211\221\021\304h\340`d\250gb\254g\374\312\364\227"
  34      C468E060 
ARM GAS  C:\Users\JEFFSN~1\AppData\Local\Temp\ccsXR5ig.s 			page 2


  34      64A86762 
  34      AC67FCCA 
  34      F497
  35 002c 89F150FB 		.ascii	"\211\361P\373\263\235L\232\313\033\200\340Akt\303\212"
  35      B39D4C9A 
  35      CB1B80E0 
  35      416B74C3 
  35      8A
  36 003d 038CADCC 		.ascii	"\003\214\255\314\014\014\377\231\300\00610.g\324d\000"
  36      0C0CFF99 
  36      C0063130 
  36      2E67D464 
  36      00
  37 004e AA7AB4F1 		.ascii	"\252z\264\361\337T^\266\026\220*\005\210$\343\012F6"
  37      DF545EB6 
  37      16902A05 
  37      8824E30A 
  37      4636
  38 0060 906DEB83 		.ascii	"\220m\353\203\0164\374\377\337\334p\340\226\340\033"
  38      0E34FCFF 
  38      DFDC70E0 
  38      96E01B
  39 006f 66A0C407 		.ascii	"f\240\304\007 \006\331\362\221\211\011D3\277bd\002)"
  39      2006D9F2 
  39      91890944 
  39      33BF6264 
  39      0229
  40 0081 059BF681 		.ascii	"\005\233\366\201\211\021$\006T\241\342\236\232\227Z"
  40      89112406 
  40      54A1E29E 
  40      9A975A
  41 0090 9458929A 		.ascii	"\224X\222\232\022\037\234_Z\224\234\032\023\020\234"
  41      121F9C5F 
  41      5A949C1A 
  41      13109C
  42 009f EF6C1A13 		.ascii	"\357l\032\023\034\340\351\033o\024\357\351\027\242\227"
  42      1CE0E91B 
  42      6F14EFE9 
  42      17A297
  43 00ae CC000004 		.ascii	"\314\000\000\004\0208\276"
  43      1038BE
  44              		.text
  45              		.section	.gnu.lto_SPIM_2_RX_ISR.ed0dd4b6,"",%progbits
  46 0000 789C6361 		.ascii	"x\234ca`d\000\201j V\003bi fdf`d\232p\216\201\241\221"
  46      60640081 
  46      6A205603 
  46      62692066 
  46      64666064 
  47 001a 83899111 		.ascii	"\203\211\221\021\304h\340`d\250gb\254g\374\312\364\227"
  47      C468E060 
  47      64A86762 
  47      AC67FCCA 
  47      F497
  48 002c 89F150FB 		.ascii	"\211\361P\373\263\235L\232\313\033\200\340\301\323\345"
  48      B39D4C9A 
  48      CB1B80E0 
  48      C1D3E5
ARM GAS  C:\Users\JEFFSN~1\AppData\Local\Temp\ccsXR5ig.s 			page 3


  49 003b 9C0D2B0E 		.ascii	"\234\015+\0160\266230\374g\002\233\304\300\270\234Q"
  49      30B63233 
  49      30FC6702 
  49      9BC4C0B8 
  49      9C51
  50 004d 9301A8EC 		.ascii	"\223\001\250\354\321\306\177Sy\331Z@\312\024 \222\214"
  50      D1C67F53 
  50      79D95A40 
  50      CA142092 
  50      8C
  51 005e 2B18D940 		.ascii	"+\030\331@\326\255\017:\320\360\377\177s\303\201\013"
  51      D6AD0F3A 
  51      D0F0FF7F 
  51      73C3810B 
  52 006e 5C1F6580 		.ascii	"\\\037e\200\022\037\200\030d\315G&&\020\315\374\212"
  52      121F8018 
  52      64CD4726 
  52      2610CDFC 
  52      8A
  53 007f 9109A414 		.ascii	"\221\011\244\024l\332\007&F\220\030P\205\212{j^jQbI"
  53      6CDA0726 
  53      46901850 
  53      858A7B6A 
  53      5E6A5162 
  54 0094 6A4A7C70 		.ascii	"jJ|p~iQrjL@p\276\263iLp\200\247o\274Q\274\247_\210^"
  54      7E695172 
  54      6A4C4070 
  54      BEB3694C 
  54      7080A76F 
  55 00af 3203007D 		.ascii	"2\003\000}39\201"
  55      333981
  56              		.text
  57              		.section	.gnu.lto_.symbol_nodes.ed0dd4b6,"",%progbits
  58 0000 789C6361 		.ascii	"x\234ca`dPa\000\002&\206z\006\206\011\347\030@\324\252"
  58      60645061 
  58      00022686 
  58      7A068609 
  58      E71840D4 
  59 0015 0645A000 		.ascii	"\006E\240\000c=#\212\000\003\000\216\005\007~"
  59      633D238A 
  59      0003008E 
  59      05077E
  60              		.text
  61              		.section	.gnu.lto_.refs.ed0dd4b6,"",%progbits
  62 0000 789C6361 		.ascii	"x\234ca`\004B \000\000\0009\000\007"
  62      60044220 
  62      00000039 
  62      0007
  63              		.text
  64              		.section	.gnu.lto_.decls.ed0dd4b6,"",%progbits
  65 0000 789C6361 		.ascii	"x\234ca`d\000\201G@\312\033H\327\000\361\177 `\006\322"
  65      60640081 
  65      4740CA1B 
  65      48D700F1 
  65      7F206006 
  66 0015 610C08C0 		.ascii	"a\014\010\300\004\304k\201x=\003&\000\2113\"\251g\204"
  66      04C46B81 
ARM GAS  C:\Users\JEFFSN~1\AppData\Local\Temp\ccsXR5ig.s 			page 4


  66      783D0326 
  66      00893322 
  66      A96784
  67 0028 8AA183F5 		.ascii	"\212\241\203\365X\324a3\357/\023\343\234\203\363\016"
  67      58D46133 
  67      EF2F13E3 
  67      9C83F30E 
  68 0038 B3DE66BC 		.ascii	"\263\336f\274\311\310\310\300\010\006\014Pw2\200D\240"
  68      C9C8C8C0 
  68      08060C50 
  68      77328044 
  68      A0
  69 0049 3488C108 		.ascii	"4\210\301\010\3410\301\314c\204)\202Y\001V\316\310\300"
  69      E130C1CC 
  69      63842982 
  69      590156CE 
  69      C8C0
  70 005b 04560F17 		.ascii	"\004V\017\027\207\251\203\333\371\037\006\020B\214p"
  70      87A983DB 
  70      F91F0610 
  70      428C70
  71 006a 0053C988 		.ascii	"\000S\311\210j(\310T\004\027\310gBh@2\017\352z\250\375"
  71      6A28C854 
  71      0417C867 
  71      42684032 
  71      0FEA7AA8 
  72 007f 8CC8D682 		.ascii	"\214\310\326\202\215f\206yz\345\204\025\237Y\231\201"
  72      8D668679 
  72      7AE58415 
  72      9F599981 
  73 008f 6602D9F7 		.ascii	"f\002\331\367\177\256p\323[\323\000\004\023\032\032"
  73      7FAE70D3 
  73      5BD30004 
  73      131A1A
  74 009e 98341021 		.ascii	"\2304\020!s\261e\303\034\346/L\214B\\\214,@\356\307"
  74      73B165C3 
  74      1CE62F4C 
  74      8C425C8C 
  74      2C40EEC7 
  75 00b2 B3B31EF3 		.ascii	"\263\263\036\363\001\271\"\\\214\012@\356\337\223\263"
  75      01B9225C 
  75      8C0A40EE 
  75      DF93B3
  76 00c1 6731494C 		.ascii	"g1IL\003\353knP`a\014\023c\\\315(\303\270\212Q\006h"
  76      03EB6B6E 
  76      5060610C 
  76      13635CCD 
  76      28C3B88A 
  77 00d8 DB1A4609 		.ascii	"\333\032F\011 \231\304\0021i\356\303\236\331\274J\013"
  77      2099C402 
  77      3169EEC3 
  77      9ED9BC4A 
  77      0B
  78 00e9 1A366C68 		.ascii	"\0326lhx\360y\003\367\314\206\003-@mL U\214+\030\231"
  78      78F07903 
  78      F7CC8603 
  78      2D406D4C 
ARM GAS  C:\Users\JEFFSN~1\AppData\Local\Temp\ccsXR5ig.s 			page 5


  78      20558C2B 
  79 00ff 195732EA 		.ascii	"\031W2\352\201\234\010d\202\250\345\214\267\201\216"
  79      819C0864 
  79      82A8E58C 
  79      B7818E
  80 010e 5FCBA804 		.ascii	"_\313\250\004\324\371o\313\215\347|\314v`\207\276\273"
  80      D4F96FCB 
  80      8DE77CCC 
  80      766087BE 
  80      BB
  81 011f F962160B 		.ascii	"\371b\026\013\304\224\003\373N\3614Lhlhp\000\233\261"
  81      C49403FB 
  81      4EF1344C 
  81      686C6870 
  81      009BB1
  82 0132 0E61C63A 		.ascii	"\016a\306:d3\3263*1\360\006\007x\372\306\033\305\207"
  82      6433D633 
  82      2A31F006 
  82      0778FAC6 
  82      1BC587
  83 0145 44C47B06 		.ascii	"D\304{\006\007q\270\373\205*8\033\0322\250\270\247\346"
  83      0771B8FB 
  83      852A381B 
  83      1A32A8B8 
  83      A7E6
  84 0157 A5162596 		.ascii	"\245\026%\226\244\246\304\007\347\227\026%\247\306\004"
  84      A4A6C407 
  84      E7971625 
  84      A7C604
  85 0166 04E73B9B 		.ascii	"\004\347;\233\306@U{\372\205\350%\303\365\006\201\365"
  85      C640557B 
  85      FA85E825 
  85      C3F50681 
  85      F5
  86 0177 0200C3CA 		.ascii	"\002\000\303\312\204J"
  86      844A
  87              		.text
  88              		.section	.gnu.lto_.symtab.ed0dd4b6,"",%progbits
  89 0000 5350494D 		.ascii	"SPIM_2_TX_ISR\000"
  89      5F325F54 
  89      585F4953 
  89      5200
  90 000e 00       		.ascii	"\000"
  91 000f 00       		.ascii	"\000"
  92 0010 00       		.ascii	"\000"
  93 0011 00000000 		.ascii	"\000\000\000\000\000\000\000\000"
  93      00000000 
  94 0019 AD000000 		.ascii	"\255\000\000\000"
  95 001d 5350494D 		.ascii	"SPIM_2_RX_ISR\000"
  95      5F325F52 
  95      585F4953 
  95      5200
  96 002b 00       		.ascii	"\000"
  97 002c 00       		.ascii	"\000"
  98 002d 00       		.ascii	"\000"
  99 002e 00000000 		.ascii	"\000\000\000\000\000\000\000\000"
  99      00000000 
ARM GAS  C:\Users\JEFFSN~1\AppData\Local\Temp\ccsXR5ig.s 			page 6


 100 0036 AF000000 		.ascii	"\257\000\000\000"
 101              		.text
 102              		.section	.gnu.lto_.opts,"",%progbits
 103 0000 272D666D 		.ascii	"'-fmath-errno' '-fsigned-zeros' '-ftrapping-math' '"
 103      6174682D 
 103      6572726E 
 103      6F272027 
 103      2D667369 
 104 0033 2D666E6F 		.ascii	"-fno-trapv' '-fno-strict-overflow' '-fno-openmp' '-"
 104      2D747261 
 104      70762720 
 104      272D666E 
 104      6F2D7374 
 105 0066 666E6F2D 		.ascii	"fno-openacc' '-mcpu=cortex-m3' '-mthumb' '-g' '-Og'"
 105      6F70656E 
 105      61636327 
 105      20272D6D 
 105      6370753D 
 106 0099 20272D66 		.ascii	" '-ffunction-sections' '-ffat-lto-objects' '-finlin"
 106      66756E63 
 106      74696F6E 
 106      2D736563 
 106      74696F6E 
 107 00cc 652D6675 		.ascii	"e-functions' '-flto'\000"
 107      6E637469 
 107      6F6E7327 
 107      20272D66 
 107      6C746F27 
 108              		.text
 109              		.cfi_sections	.debug_frame
 110              		.section	.text.SPIM_2_TX_ISR,"ax",%progbits
 111              		.align	2
 112              		.global	SPIM_2_TX_ISR
 113              		.thumb
 114              		.thumb_func
 115              		.type	SPIM_2_TX_ISR, %function
 116              	SPIM_2_TX_ISR:
 117              	.LFB0:
 118              		.file 1 "Generated_Source\\PSoC5\\SPIM_2_INT.c"
   1:Generated_Source\PSoC5/SPIM_2_INT.c **** /*******************************************************************************
   2:Generated_Source\PSoC5/SPIM_2_INT.c **** * File Name: SPIM_2_INT.c
   3:Generated_Source\PSoC5/SPIM_2_INT.c **** * Version 2.50
   4:Generated_Source\PSoC5/SPIM_2_INT.c **** *
   5:Generated_Source\PSoC5/SPIM_2_INT.c **** * Description:
   6:Generated_Source\PSoC5/SPIM_2_INT.c **** *  This file provides all Interrupt Service Routine (ISR) for the SPI Master
   7:Generated_Source\PSoC5/SPIM_2_INT.c **** *  component.
   8:Generated_Source\PSoC5/SPIM_2_INT.c **** *
   9:Generated_Source\PSoC5/SPIM_2_INT.c **** * Note:
  10:Generated_Source\PSoC5/SPIM_2_INT.c **** *  None.
  11:Generated_Source\PSoC5/SPIM_2_INT.c **** *
  12:Generated_Source\PSoC5/SPIM_2_INT.c **** ********************************************************************************
  13:Generated_Source\PSoC5/SPIM_2_INT.c **** * Copyright 2008-2015, Cypress Semiconductor Corporation.  All rights reserved.
  14:Generated_Source\PSoC5/SPIM_2_INT.c **** * You may use this file only in accordance with the license, terms, conditions,
  15:Generated_Source\PSoC5/SPIM_2_INT.c **** * disclaimers, and limitations in the end user license agreement accompanying
  16:Generated_Source\PSoC5/SPIM_2_INT.c **** * the software package with which this file was provided.
  17:Generated_Source\PSoC5/SPIM_2_INT.c **** *******************************************************************************/
  18:Generated_Source\PSoC5/SPIM_2_INT.c **** 
ARM GAS  C:\Users\JEFFSN~1\AppData\Local\Temp\ccsXR5ig.s 			page 7


  19:Generated_Source\PSoC5/SPIM_2_INT.c **** #include "SPIM_2_PVT.h"
  20:Generated_Source\PSoC5/SPIM_2_INT.c **** 
  21:Generated_Source\PSoC5/SPIM_2_INT.c **** 
  22:Generated_Source\PSoC5/SPIM_2_INT.c **** /* User code required at start of ISR */
  23:Generated_Source\PSoC5/SPIM_2_INT.c **** /* `#START SPIM_2_ISR_START_DEF` */
  24:Generated_Source\PSoC5/SPIM_2_INT.c **** 
  25:Generated_Source\PSoC5/SPIM_2_INT.c **** /* `#END` */
  26:Generated_Source\PSoC5/SPIM_2_INT.c **** 
  27:Generated_Source\PSoC5/SPIM_2_INT.c **** 
  28:Generated_Source\PSoC5/SPIM_2_INT.c **** /*******************************************************************************
  29:Generated_Source\PSoC5/SPIM_2_INT.c **** * Function Name: SPIM_2_TX_ISR
  30:Generated_Source\PSoC5/SPIM_2_INT.c **** ********************************************************************************
  31:Generated_Source\PSoC5/SPIM_2_INT.c **** *
  32:Generated_Source\PSoC5/SPIM_2_INT.c **** * Summary:
  33:Generated_Source\PSoC5/SPIM_2_INT.c **** *  Interrupt Service Routine for TX portion of the SPI Master.
  34:Generated_Source\PSoC5/SPIM_2_INT.c **** *
  35:Generated_Source\PSoC5/SPIM_2_INT.c **** * Parameters:
  36:Generated_Source\PSoC5/SPIM_2_INT.c **** *  None.
  37:Generated_Source\PSoC5/SPIM_2_INT.c **** *
  38:Generated_Source\PSoC5/SPIM_2_INT.c **** * Return:
  39:Generated_Source\PSoC5/SPIM_2_INT.c **** *  None.
  40:Generated_Source\PSoC5/SPIM_2_INT.c **** *
  41:Generated_Source\PSoC5/SPIM_2_INT.c **** * Global variables:
  42:Generated_Source\PSoC5/SPIM_2_INT.c **** *  SPIM_2_txBufferWrite - used for the account of the bytes which
  43:Generated_Source\PSoC5/SPIM_2_INT.c **** *  have been written down in the TX software buffer.
  44:Generated_Source\PSoC5/SPIM_2_INT.c **** *  SPIM_2_txBufferRead - used for the account of the bytes which
  45:Generated_Source\PSoC5/SPIM_2_INT.c **** *  have been read from the TX software buffer, modified when exist data to
  46:Generated_Source\PSoC5/SPIM_2_INT.c **** *  sending and FIFO Not Full.
  47:Generated_Source\PSoC5/SPIM_2_INT.c **** *  SPIM_2_txBuffer[SPIM_2_TX_BUFFER_SIZE] - used to store
  48:Generated_Source\PSoC5/SPIM_2_INT.c **** *  data to sending.
  49:Generated_Source\PSoC5/SPIM_2_INT.c **** *  All described above Global variables are used when Software Buffer is used.
  50:Generated_Source\PSoC5/SPIM_2_INT.c **** *
  51:Generated_Source\PSoC5/SPIM_2_INT.c **** *******************************************************************************/
  52:Generated_Source\PSoC5/SPIM_2_INT.c **** CY_ISR(SPIM_2_TX_ISR)
  53:Generated_Source\PSoC5/SPIM_2_INT.c **** {
 119              		.loc 1 53 0
 120              		.cfi_startproc
 121              		@ args = 0, pretend = 0, frame = 0
 122              		@ frame_needed = 0, uses_anonymous_args = 0
 123              		@ link register save eliminated.
 124 0000 7047     		bx	lr
 125              		.cfi_endproc
 126              	.LFE0:
 127              		.size	SPIM_2_TX_ISR, .-SPIM_2_TX_ISR
 128 0002 00BF     		.section	.text.SPIM_2_RX_ISR,"ax",%progbits
 129              		.align	2
 130              		.global	SPIM_2_RX_ISR
 131              		.thumb
 132              		.thumb_func
 133              		.type	SPIM_2_RX_ISR, %function
 134              	SPIM_2_RX_ISR:
 135              	.LFB1:
  54:Generated_Source\PSoC5/SPIM_2_INT.c ****     #if(SPIM_2_TX_SOFTWARE_BUF_ENABLED)
  55:Generated_Source\PSoC5/SPIM_2_INT.c ****         uint8 tmpStatus;
  56:Generated_Source\PSoC5/SPIM_2_INT.c ****     #endif /* (SPIM_2_TX_SOFTWARE_BUF_ENABLED) */
  57:Generated_Source\PSoC5/SPIM_2_INT.c **** 
  58:Generated_Source\PSoC5/SPIM_2_INT.c ****     #ifdef SPIM_2_TX_ISR_ENTRY_CALLBACK
ARM GAS  C:\Users\JEFFSN~1\AppData\Local\Temp\ccsXR5ig.s 			page 8


  59:Generated_Source\PSoC5/SPIM_2_INT.c ****         SPIM_2_TX_ISR_EntryCallback();
  60:Generated_Source\PSoC5/SPIM_2_INT.c ****     #endif /* SPIM_2_TX_ISR_ENTRY_CALLBACK */
  61:Generated_Source\PSoC5/SPIM_2_INT.c **** 
  62:Generated_Source\PSoC5/SPIM_2_INT.c ****     /* User code required at start of ISR */
  63:Generated_Source\PSoC5/SPIM_2_INT.c ****     /* `#START SPIM_2_TX_ISR_START` */
  64:Generated_Source\PSoC5/SPIM_2_INT.c **** 
  65:Generated_Source\PSoC5/SPIM_2_INT.c ****     /* `#END` */
  66:Generated_Source\PSoC5/SPIM_2_INT.c ****     
  67:Generated_Source\PSoC5/SPIM_2_INT.c ****     #if(SPIM_2_TX_SOFTWARE_BUF_ENABLED)
  68:Generated_Source\PSoC5/SPIM_2_INT.c ****         /* Check if TX data buffer is not empty and there is space in TX FIFO */
  69:Generated_Source\PSoC5/SPIM_2_INT.c ****         while(SPIM_2_txBufferRead != SPIM_2_txBufferWrite)
  70:Generated_Source\PSoC5/SPIM_2_INT.c ****         {
  71:Generated_Source\PSoC5/SPIM_2_INT.c ****             tmpStatus = SPIM_2_GET_STATUS_TX(SPIM_2_swStatusTx);
  72:Generated_Source\PSoC5/SPIM_2_INT.c ****             SPIM_2_swStatusTx = tmpStatus;
  73:Generated_Source\PSoC5/SPIM_2_INT.c **** 
  74:Generated_Source\PSoC5/SPIM_2_INT.c ****             if(0u != (SPIM_2_swStatusTx & SPIM_2_STS_TX_FIFO_NOT_FULL))
  75:Generated_Source\PSoC5/SPIM_2_INT.c ****             {
  76:Generated_Source\PSoC5/SPIM_2_INT.c ****                 if(0u == SPIM_2_txBufferFull)
  77:Generated_Source\PSoC5/SPIM_2_INT.c ****                 {
  78:Generated_Source\PSoC5/SPIM_2_INT.c ****                    SPIM_2_txBufferRead++;
  79:Generated_Source\PSoC5/SPIM_2_INT.c **** 
  80:Generated_Source\PSoC5/SPIM_2_INT.c ****                     if(SPIM_2_txBufferRead >= SPIM_2_TX_BUFFER_SIZE)
  81:Generated_Source\PSoC5/SPIM_2_INT.c ****                     {
  82:Generated_Source\PSoC5/SPIM_2_INT.c ****                         SPIM_2_txBufferRead = 0u;
  83:Generated_Source\PSoC5/SPIM_2_INT.c ****                     }
  84:Generated_Source\PSoC5/SPIM_2_INT.c ****                 }
  85:Generated_Source\PSoC5/SPIM_2_INT.c ****                 else
  86:Generated_Source\PSoC5/SPIM_2_INT.c ****                 {
  87:Generated_Source\PSoC5/SPIM_2_INT.c ****                     SPIM_2_txBufferFull = 0u;
  88:Generated_Source\PSoC5/SPIM_2_INT.c ****                 }
  89:Generated_Source\PSoC5/SPIM_2_INT.c **** 
  90:Generated_Source\PSoC5/SPIM_2_INT.c ****                 /* Put data element into the TX FIFO */
  91:Generated_Source\PSoC5/SPIM_2_INT.c ****                 CY_SET_REG8(SPIM_2_TXDATA_PTR, 
  92:Generated_Source\PSoC5/SPIM_2_INT.c ****                                              SPIM_2_txBuffer[SPIM_2_txBufferRead]);
  93:Generated_Source\PSoC5/SPIM_2_INT.c ****             }
  94:Generated_Source\PSoC5/SPIM_2_INT.c ****             else
  95:Generated_Source\PSoC5/SPIM_2_INT.c ****             {
  96:Generated_Source\PSoC5/SPIM_2_INT.c ****                 break;
  97:Generated_Source\PSoC5/SPIM_2_INT.c ****             }
  98:Generated_Source\PSoC5/SPIM_2_INT.c ****         }
  99:Generated_Source\PSoC5/SPIM_2_INT.c **** 
 100:Generated_Source\PSoC5/SPIM_2_INT.c ****         if(SPIM_2_txBufferRead == SPIM_2_txBufferWrite)
 101:Generated_Source\PSoC5/SPIM_2_INT.c ****         {
 102:Generated_Source\PSoC5/SPIM_2_INT.c ****             /* TX Buffer is EMPTY: disable interrupt on TX NOT FULL */
 103:Generated_Source\PSoC5/SPIM_2_INT.c ****             SPIM_2_TX_STATUS_MASK_REG &= ((uint8) ~SPIM_2_STS_TX_FIFO_NOT_FULL);
 104:Generated_Source\PSoC5/SPIM_2_INT.c ****         }
 105:Generated_Source\PSoC5/SPIM_2_INT.c **** 
 106:Generated_Source\PSoC5/SPIM_2_INT.c ****     #endif /* (SPIM_2_TX_SOFTWARE_BUF_ENABLED) */
 107:Generated_Source\PSoC5/SPIM_2_INT.c **** 
 108:Generated_Source\PSoC5/SPIM_2_INT.c ****     /* User code required at end of ISR (Optional) */
 109:Generated_Source\PSoC5/SPIM_2_INT.c ****     /* `#START SPIM_2_TX_ISR_END` */
 110:Generated_Source\PSoC5/SPIM_2_INT.c **** 
 111:Generated_Source\PSoC5/SPIM_2_INT.c ****     /* `#END` */
 112:Generated_Source\PSoC5/SPIM_2_INT.c ****     
 113:Generated_Source\PSoC5/SPIM_2_INT.c ****     #ifdef SPIM_2_TX_ISR_EXIT_CALLBACK
 114:Generated_Source\PSoC5/SPIM_2_INT.c ****         SPIM_2_TX_ISR_ExitCallback();
 115:Generated_Source\PSoC5/SPIM_2_INT.c ****     #endif /* SPIM_2_TX_ISR_EXIT_CALLBACK */
ARM GAS  C:\Users\JEFFSN~1\AppData\Local\Temp\ccsXR5ig.s 			page 9


 116:Generated_Source\PSoC5/SPIM_2_INT.c **** }
 117:Generated_Source\PSoC5/SPIM_2_INT.c **** 
 118:Generated_Source\PSoC5/SPIM_2_INT.c **** 
 119:Generated_Source\PSoC5/SPIM_2_INT.c **** /*******************************************************************************
 120:Generated_Source\PSoC5/SPIM_2_INT.c **** * Function Name: SPIM_2_RX_ISR
 121:Generated_Source\PSoC5/SPIM_2_INT.c **** ********************************************************************************
 122:Generated_Source\PSoC5/SPIM_2_INT.c **** *
 123:Generated_Source\PSoC5/SPIM_2_INT.c **** * Summary:
 124:Generated_Source\PSoC5/SPIM_2_INT.c **** *  Interrupt Service Routine for RX portion of the SPI Master.
 125:Generated_Source\PSoC5/SPIM_2_INT.c **** *
 126:Generated_Source\PSoC5/SPIM_2_INT.c **** * Parameters:
 127:Generated_Source\PSoC5/SPIM_2_INT.c **** *  None.
 128:Generated_Source\PSoC5/SPIM_2_INT.c **** *
 129:Generated_Source\PSoC5/SPIM_2_INT.c **** * Return:
 130:Generated_Source\PSoC5/SPIM_2_INT.c **** *  None.
 131:Generated_Source\PSoC5/SPIM_2_INT.c **** *
 132:Generated_Source\PSoC5/SPIM_2_INT.c **** * Global variables:
 133:Generated_Source\PSoC5/SPIM_2_INT.c **** *  SPIM_2_rxBufferWrite - used for the account of the bytes which
 134:Generated_Source\PSoC5/SPIM_2_INT.c **** *  have been written down in the RX software buffer modified when FIFO contains
 135:Generated_Source\PSoC5/SPIM_2_INT.c **** *  new data.
 136:Generated_Source\PSoC5/SPIM_2_INT.c **** *  SPIM_2_rxBufferRead - used for the account of the bytes which
 137:Generated_Source\PSoC5/SPIM_2_INT.c **** *  have been read from the RX software buffer, modified when overflow occurred.
 138:Generated_Source\PSoC5/SPIM_2_INT.c **** *  SPIM_2_rxBuffer[SPIM_2_RX_BUFFER_SIZE] - used to store
 139:Generated_Source\PSoC5/SPIM_2_INT.c **** *  received data, modified when FIFO contains new data.
 140:Generated_Source\PSoC5/SPIM_2_INT.c **** *  All described above Global variables are used when Software Buffer is used.
 141:Generated_Source\PSoC5/SPIM_2_INT.c **** *
 142:Generated_Source\PSoC5/SPIM_2_INT.c **** *******************************************************************************/
 143:Generated_Source\PSoC5/SPIM_2_INT.c **** CY_ISR(SPIM_2_RX_ISR)
 144:Generated_Source\PSoC5/SPIM_2_INT.c **** {
 136              		.loc 1 144 0
 137              		.cfi_startproc
 138              		@ args = 0, pretend = 0, frame = 0
 139              		@ frame_needed = 0, uses_anonymous_args = 0
 140              		@ link register save eliminated.
 141 0000 7047     		bx	lr
 142              		.cfi_endproc
 143              	.LFE1:
 144              		.size	SPIM_2_RX_ISR, .-SPIM_2_RX_ISR
 145 0002 00BF     		.text
 146              	.Letext0:
 147              		.section	.debug_info,"",%progbits
 148              	.Ldebug_info0:
 149 0000 AD000000 		.4byte	0xad
 150 0004 0400     		.2byte	0x4
 151 0006 00000000 		.4byte	.Ldebug_abbrev0
 152 000a 04       		.byte	0x4
 153 000b 01       		.uleb128 0x1
 154 000c 1F010000 		.4byte	.LASF16
 155 0010 0C       		.byte	0xc
 156 0011 1B000000 		.4byte	.LASF17
 157 0015 7C000000 		.4byte	.LASF18
 158 0019 00000000 		.4byte	.Ldebug_ranges0+0
 159 001d 00000000 		.4byte	0
 160 0021 00000000 		.4byte	.Ldebug_line0
 161 0025 02       		.uleb128 0x2
 162 0026 01       		.byte	0x1
 163 0027 06       		.byte	0x6
ARM GAS  C:\Users\JEFFSN~1\AppData\Local\Temp\ccsXR5ig.s 			page 10


 164 0028 13010000 		.4byte	.LASF0
 165 002c 02       		.uleb128 0x2
 166 002d 01       		.byte	0x1
 167 002e 08       		.byte	0x8
 168 002f 6E000000 		.4byte	.LASF1
 169 0033 02       		.uleb128 0x2
 170 0034 02       		.byte	0x2
 171 0035 05       		.byte	0x5
 172 0036 E0010000 		.4byte	.LASF2
 173 003a 02       		.uleb128 0x2
 174 003b 02       		.byte	0x2
 175 003c 07       		.byte	0x7
 176 003d 00010000 		.4byte	.LASF3
 177 0041 02       		.uleb128 0x2
 178 0042 04       		.byte	0x4
 179 0043 05       		.byte	0x5
 180 0044 F0000000 		.4byte	.LASF4
 181 0048 02       		.uleb128 0x2
 182 0049 04       		.byte	0x4
 183 004a 07       		.byte	0x7
 184 004b 3F000000 		.4byte	.LASF5
 185 004f 02       		.uleb128 0x2
 186 0050 08       		.byte	0x8
 187 0051 05       		.byte	0x5
 188 0052 00000000 		.4byte	.LASF6
 189 0056 02       		.uleb128 0x2
 190 0057 08       		.byte	0x8
 191 0058 07       		.byte	0x7
 192 0059 51000000 		.4byte	.LASF7
 193 005d 03       		.uleb128 0x3
 194 005e 04       		.byte	0x4
 195 005f 05       		.byte	0x5
 196 0060 696E7400 		.ascii	"int\000"
 197 0064 02       		.uleb128 0x2
 198 0065 04       		.byte	0x4
 199 0066 07       		.byte	0x7
 200 0067 0E000000 		.4byte	.LASF8
 201 006b 02       		.uleb128 0x2
 202 006c 04       		.byte	0x4
 203 006d 04       		.byte	0x4
 204 006e 68000000 		.4byte	.LASF9
 205 0072 02       		.uleb128 0x2
 206 0073 08       		.byte	0x8
 207 0074 04       		.byte	0x4
 208 0075 F9000000 		.4byte	.LASF10
 209 0079 02       		.uleb128 0x2
 210 007a 01       		.byte	0x1
 211 007b 08       		.byte	0x8
 212 007c EB000000 		.4byte	.LASF11
 213 0080 02       		.uleb128 0x2
 214 0081 08       		.byte	0x8
 215 0082 04       		.byte	0x4
 216 0083 D4010000 		.4byte	.LASF12
 217 0087 02       		.uleb128 0x2
 218 0088 04       		.byte	0x4
 219 0089 07       		.byte	0x7
 220 008a F8010000 		.4byte	.LASF13
ARM GAS  C:\Users\JEFFSN~1\AppData\Local\Temp\ccsXR5ig.s 			page 11


 221 008e 04       		.uleb128 0x4
 222 008f EA010000 		.4byte	.LASF14
 223 0093 01       		.byte	0x1
 224 0094 34       		.byte	0x34
 225 0095 00000000 		.4byte	.LFB0
 226 0099 02000000 		.4byte	.LFE0-.LFB0
 227 009d 01       		.uleb128 0x1
 228 009e 9C       		.byte	0x9c
 229 009f 04       		.uleb128 0x4
 230 00a0 C6010000 		.4byte	.LASF15
 231 00a4 01       		.byte	0x1
 232 00a5 8F       		.byte	0x8f
 233 00a6 00000000 		.4byte	.LFB1
 234 00aa 02000000 		.4byte	.LFE1-.LFB1
 235 00ae 01       		.uleb128 0x1
 236 00af 9C       		.byte	0x9c
 237 00b0 00       		.byte	0
 238              		.section	.debug_abbrev,"",%progbits
 239              	.Ldebug_abbrev0:
 240 0000 01       		.uleb128 0x1
 241 0001 11       		.uleb128 0x11
 242 0002 01       		.byte	0x1
 243 0003 25       		.uleb128 0x25
 244 0004 0E       		.uleb128 0xe
 245 0005 13       		.uleb128 0x13
 246 0006 0B       		.uleb128 0xb
 247 0007 03       		.uleb128 0x3
 248 0008 0E       		.uleb128 0xe
 249 0009 1B       		.uleb128 0x1b
 250 000a 0E       		.uleb128 0xe
 251 000b 55       		.uleb128 0x55
 252 000c 17       		.uleb128 0x17
 253 000d 11       		.uleb128 0x11
 254 000e 01       		.uleb128 0x1
 255 000f 10       		.uleb128 0x10
 256 0010 17       		.uleb128 0x17
 257 0011 00       		.byte	0
 258 0012 00       		.byte	0
 259 0013 02       		.uleb128 0x2
 260 0014 24       		.uleb128 0x24
 261 0015 00       		.byte	0
 262 0016 0B       		.uleb128 0xb
 263 0017 0B       		.uleb128 0xb
 264 0018 3E       		.uleb128 0x3e
 265 0019 0B       		.uleb128 0xb
 266 001a 03       		.uleb128 0x3
 267 001b 0E       		.uleb128 0xe
 268 001c 00       		.byte	0
 269 001d 00       		.byte	0
 270 001e 03       		.uleb128 0x3
 271 001f 24       		.uleb128 0x24
 272 0020 00       		.byte	0
 273 0021 0B       		.uleb128 0xb
 274 0022 0B       		.uleb128 0xb
 275 0023 3E       		.uleb128 0x3e
 276 0024 0B       		.uleb128 0xb
 277 0025 03       		.uleb128 0x3
ARM GAS  C:\Users\JEFFSN~1\AppData\Local\Temp\ccsXR5ig.s 			page 12


 278 0026 08       		.uleb128 0x8
 279 0027 00       		.byte	0
 280 0028 00       		.byte	0
 281 0029 04       		.uleb128 0x4
 282 002a 2E       		.uleb128 0x2e
 283 002b 00       		.byte	0
 284 002c 3F       		.uleb128 0x3f
 285 002d 19       		.uleb128 0x19
 286 002e 03       		.uleb128 0x3
 287 002f 0E       		.uleb128 0xe
 288 0030 3A       		.uleb128 0x3a
 289 0031 0B       		.uleb128 0xb
 290 0032 3B       		.uleb128 0x3b
 291 0033 0B       		.uleb128 0xb
 292 0034 27       		.uleb128 0x27
 293 0035 19       		.uleb128 0x19
 294 0036 11       		.uleb128 0x11
 295 0037 01       		.uleb128 0x1
 296 0038 12       		.uleb128 0x12
 297 0039 06       		.uleb128 0x6
 298 003a 40       		.uleb128 0x40
 299 003b 18       		.uleb128 0x18
 300 003c 9742     		.uleb128 0x2117
 301 003e 19       		.uleb128 0x19
 302 003f 00       		.byte	0
 303 0040 00       		.byte	0
 304 0041 00       		.byte	0
 305              		.section	.debug_aranges,"",%progbits
 306 0000 24000000 		.4byte	0x24
 307 0004 0200     		.2byte	0x2
 308 0006 00000000 		.4byte	.Ldebug_info0
 309 000a 04       		.byte	0x4
 310 000b 00       		.byte	0
 311 000c 0000     		.2byte	0
 312 000e 0000     		.2byte	0
 313 0010 00000000 		.4byte	.LFB0
 314 0014 02000000 		.4byte	.LFE0-.LFB0
 315 0018 00000000 		.4byte	.LFB1
 316 001c 02000000 		.4byte	.LFE1-.LFB1
 317 0020 00000000 		.4byte	0
 318 0024 00000000 		.4byte	0
 319              		.section	.debug_ranges,"",%progbits
 320              	.Ldebug_ranges0:
 321 0000 00000000 		.4byte	.LFB0
 322 0004 02000000 		.4byte	.LFE0
 323 0008 00000000 		.4byte	.LFB1
 324 000c 02000000 		.4byte	.LFE1
 325 0010 00000000 		.4byte	0
 326 0014 00000000 		.4byte	0
 327              		.section	.debug_line,"",%progbits
 328              	.Ldebug_line0:
 329 0000 5F000000 		.section	.debug_str,"MS",%progbits,1
 329      02003A00 
 329      00000201 
 329      FB0E0D00 
 329      01010101 
 330              	.LASF6:
ARM GAS  C:\Users\JEFFSN~1\AppData\Local\Temp\ccsXR5ig.s 			page 13


 331 0000 6C6F6E67 		.ascii	"long long int\000"
 331      206C6F6E 
 331      6720696E 
 331      7400
 332              	.LASF8:
 333 000e 756E7369 		.ascii	"unsigned int\000"
 333      676E6564 
 333      20696E74 
 333      00
 334              	.LASF17:
 335 001b 47656E65 		.ascii	"Generated_Source\\PSoC5\\SPIM_2_INT.c\000"
 335      72617465 
 335      645F536F 
 335      75726365 
 335      5C50536F 
 336              	.LASF5:
 337 003f 6C6F6E67 		.ascii	"long unsigned int\000"
 337      20756E73 
 337      69676E65 
 337      6420696E 
 337      7400
 338              	.LASF7:
 339 0051 6C6F6E67 		.ascii	"long long unsigned int\000"
 339      206C6F6E 
 339      6720756E 
 339      7369676E 
 339      65642069 
 340              	.LASF9:
 341 0068 666C6F61 		.ascii	"float\000"
 341      7400
 342              	.LASF1:
 343 006e 756E7369 		.ascii	"unsigned char\000"
 343      676E6564 
 343      20636861 
 343      7200
 344              	.LASF18:
 345 007c 433A5C55 		.ascii	"C:\\Users\\JeffSnyder\\dev\\Electrobass_embedded\\P"
 345      73657273 
 345      5C4A6566 
 345      66536E79 
 345      6465725C 
 346 00aa 534F4335 		.ascii	"SOC5_electrobass_stringsensors\\CE210514_PSOC3_5_Th"
 346      5F656C65 
 346      6374726F 
 346      62617373 
 346      5F737472 
 347 00dc 65726D69 		.ascii	"ermistor.cydsn\000"
 347      73746F72 
 347      2E637964 
 347      736E00
 348              	.LASF11:
 349 00eb 63686172 		.ascii	"char\000"
 349      00
 350              	.LASF4:
 351 00f0 6C6F6E67 		.ascii	"long int\000"
 351      20696E74 
 351      00
ARM GAS  C:\Users\JEFFSN~1\AppData\Local\Temp\ccsXR5ig.s 			page 14


 352              	.LASF10:
 353 00f9 646F7562 		.ascii	"double\000"
 353      6C6500
 354              	.LASF3:
 355 0100 73686F72 		.ascii	"short unsigned int\000"
 355      7420756E 
 355      7369676E 
 355      65642069 
 355      6E7400
 356              	.LASF0:
 357 0113 7369676E 		.ascii	"signed char\000"
 357      65642063 
 357      68617200 
 358              	.LASF16:
 359 011f 474E5520 		.ascii	"GNU C11 5.4.1 20160609 (release) [ARM/embedded-5-br"
 359      43313120 
 359      352E342E 
 359      31203230 
 359      31363036 
 360 0152 616E6368 		.ascii	"anch revision 237715] -mcpu=cortex-m3 -mthumb -g -O"
 360      20726576 
 360      6973696F 
 360      6E203233 
 360      37373135 
 361 0185 67202D66 		.ascii	"g -ffunction-sections -ffat-lto-objects -finline-fu"
 361      66756E63 
 361      74696F6E 
 361      2D736563 
 361      74696F6E 
 362 01b8 6E637469 		.ascii	"nctions -flto\000"
 362      6F6E7320 
 362      2D666C74 
 362      6F00
 363              	.LASF15:
 364 01c6 5350494D 		.ascii	"SPIM_2_RX_ISR\000"
 364      5F325F52 
 364      585F4953 
 364      5200
 365              	.LASF12:
 366 01d4 6C6F6E67 		.ascii	"long double\000"
 366      20646F75 
 366      626C6500 
 367              	.LASF2:
 368 01e0 73686F72 		.ascii	"short int\000"
 368      7420696E 
 368      7400
 369              	.LASF14:
 370 01ea 5350494D 		.ascii	"SPIM_2_TX_ISR\000"
 370      5F325F54 
 370      585F4953 
 370      5200
 371              	.LASF13:
 372 01f8 73697A65 		.ascii	"sizetype\000"
 372      74797065 
 372      00
 373              		.comm	__gnu_lto_v1,1,1
 374              		.ident	"GCC: (GNU Tools for ARM Embedded Processors) 5.4.1 20160609 (release) [ARM/embedded-5-bran
ARM GAS  C:\Users\JEFFSN~1\AppData\Local\Temp\ccsXR5ig.s 			page 15


