ARM GAS  C:\Users\JEFFSN~1\AppData\Local\Temp\cchf68fZ.s 			page 1


   1              		.syntax unified
   2              		.cpu cortex-m3
   3              		.fpu softvfp
   4              		.eabi_attribute 20, 1
   5              		.eabi_attribute 21, 1
   6              		.eabi_attribute 23, 3
   7              		.eabi_attribute 24, 1
   8              		.eabi_attribute 25, 1
   9              		.eabi_attribute 26, 1
  10              		.eabi_attribute 30, 1
  11              		.eabi_attribute 34, 1
  12              		.eabi_attribute 18, 4
  13              		.thumb
  14              		.syntax unified
  15              		.file	"SPIM_1_PM.c"
  16              		.text
  17              	.Ltext0:
  18              		.section	.gnu.lto_.profile.c7245f02,"",%progbits
  19 0000 789C6361 		.ascii	"x\234ca`d`a`\000\222\272|\000\000\322\000F"
  19      60646061 
  19      600092BA 
  19      7C0000D2 
  19      0046
  20              		.text
  21              		.section	.gnu.lto_.inline.c7245f02,"",%progbits
  22 0000 789C6361 		.ascii	"x\234ca`d\000\201h\006\004`a``fbd`\0022\331\026\310"
  22      60640081 
  22      68060460 
  22      61606066 
  22      62646002 
  23 0018 8328A022 		.ascii	"\203(\240\"t\021&\006\016\001\240\010\307\001;\204\""
  23      74112606 
  23      0E01A008 
  23      C7013B84 
  23      22
  24 0029 2EB0660E 		.ascii	".\260f\016a\2408\333\007=Tq0\301\000\000\0341\006\034"
  24      61A038DB 
  24      073D5471 
  24      30C10000 
  24      1C31061C 
  25              		.text
  26              		.section	.gnu.lto_.jmpfuncs.c7245f02,"",%progbits
  27 0000 789C6361 		.ascii	"x\234ca`d\000\001A\006\004`\001b\240(\023\224\311\300"
  27      60640001 
  27      41060460 
  27      0162A028 
  27      1394C9C0 
  28 0014 00000346 		.ascii	"\000\000\003F\000\""
  28      0022
  29              		.text
  30              		.section	.gnu.lto_.pureconst.c7245f02,"",%progbits
  31 0000 789C6361 		.ascii	"x\234ca`d\340d```a\0002\230\244X$\000\001y\000L"
  31      6064E064 
  31      60606061 
  31      003298A4 
  31      58240001 
  32              		.text
ARM GAS  C:\Users\JEFFSN~1\AppData\Local\Temp\cchf68fZ.s 			page 2


  33              		.section	.gnu.lto_SPIM_1_SaveConfig.c7245f02,"",%progbits
  34 0000 789C6361 		.ascii	"x\234ca`d\000\201j V\005bi fdf`d\232p\216\201\241\221"
  34      60640081 
  34      6A205605 
  34      62692066 
  34      64666064 
  35 001a 83899111 		.ascii	"\203\211\221\021\304h\340`d\250gb\254g\374\312\364\227"
  35      C468E060 
  35      64A86762 
  35      AC67FCCA 
  35      F497
  36 002c 89F150FB 		.ascii	"\211\361P\373\263\235L\232\313\033\200\340\301\322i"
  36      B39D4C9A 
  36      CB1B80E0 
  36      C1D269
  37 003b CC0D2B0E 		.ascii	"\314\015+\0160\266230\374g\002\233\304\300\270\234Q"
  37      30B63233 
  37      30FC6702 
  37      9BC4C0B8 
  37      9C51
  38 004d 9301A8EC 		.ascii	"\223\001\250\354\321\306\177Sy\331Z@\312\024 \222\214"
  38      D1C67F53 
  38      79D95A40 
  38      CA142092 
  38      8C
  39 005e 2B18D940 		.ascii	"+\030\331@\326\255\017:\320\360\377\177s\303\201\255"
  39      D6AD0F3A 
  39      D0F0FF7F 
  39      73C381AD 
  40 006e AC1F9980 		.ascii	"\254\037\231\200\022\037\200\030d\015\210\003\244\231"
  40      121F8018 
  40      640D8803 
  40      A499
  41 007c 5F313281 		.ascii	"_12\201\224\202M\373\300\304\010\022\003\252PvO\315"
  41      94824DFB 
  41      C0C40812 
  41      03AA5076 
  41      4FCD
  42 008e 4B2D4A2C 		.ascii	"K-J,IM\211\017\316/-JN\215\011\010\316w6\215\011\016"
  42      494D890F 
  42      CE2F2D4A 
  42      4E8D0908 
  42      CE77368D 
  43 00a4 F0F48D37 		.ascii	"\360\364\2157\214\017\360\325Kf\000\000\377\3468\237"
  43      8C0FF0D5 
  43      4B660000 
  43      FFE6389F 
  44              		.text
  45              		.section	.gnu.lto_SPIM_1_RestoreConfig.c7245f02,"",%progbits
  46 0000 789C6361 		.ascii	"x\234ca`d\000\201j V\005bi fdf`d\232p\216\201\241\221"
  46      60640081 
  46      6A205605 
  46      62692066 
  46      64666064 
  47 001a 83899111 		.ascii	"\203\211\221\021\304h\340`d\250gb\254g\374\312\364\227"
  47      C468E060 
  47      64A86762 
ARM GAS  C:\Users\JEFFSN~1\AppData\Local\Temp\cchf68fZ.s 			page 3


  47      AC67FCCA 
  47      F497
  48 002c 89F150FB 		.ascii	"\211\361P\373\263\235L\232\313\033\200\340\301\322\371"
  48      B39D4C9A 
  48      CB1B80E0 
  48      C1D2F9
  49 003b CC0D2B0E 		.ascii	"\314\015+\0160\266230\374g\002\233\304\300\270\234Q"
  49      30B63233 
  49      30FC6702 
  49      9BC4C0B8 
  49      9C51
  50 004d 9301A8EC 		.ascii	"\223\001\250\354\321\306\177Sy\331Z@\312\024 \222\214"
  50      D1C67F53 
  50      79D95A40 
  50      CA142092 
  50      8C
  51 005e 2B18D940 		.ascii	"+\030\331@\326\255\017:\320\360\377\177s\303\201\277"
  51      D6AD0F3A 
  51      D0F0FF7F 
  51      73C381BF 
  52 006e AC0B7980 		.ascii	"\254\013y\200\022\037\200\030d\315G&&\020\315\374\212"
  52      121F8018 
  52      64CD4726 
  52      2610CDFC 
  52      8A
  53 007f 9109A414 		.ascii	"\221\011\244\024l\332\007&F\220\030P\205\262{j^jQbI"
  53      6CDA0726 
  53      46901850 
  53      85B27B6A 
  53      5E6A5162 
  54 0094 6A4A7C70 		.ascii	"jJ|p~iQrjL@p\276\263iLp\200\247o\274a|\200\257^2\003"
  54      7E695172 
  54      6A4C4070 
  54      BEB3694C 
  54      7080A76F 
  55 00b0 00061738 		.ascii	"\000\006\0278\252"
  55      AA
  56              		.text
  57              		.section	.gnu.lto_SPIM_1_Sleep.c7245f02,"",%progbits
  58 0000 789C6550 		.ascii	"x\234ePAKTQ\024>\337\275o\336L\211\341>\301 Z\270\311"
  58      414B5451 
  58      143EDFBD 
  58      6FDE4C89 
  58      E13EC120 
  59 0017 5CF40B04 		.ascii	"\\\364\013\004\243\20504\264\023\206\260\331&H\255\347"
  59      A3853034 
  59      B41386B0 
  59      D92648AD 
  59      E7
  60 0028 8ECF87E9 		.ascii	"\216\317\207\351\"\332(AXK\307\312FE\244\267(^CD\220"
  60      22DA2841 
  60      584BC7CA 
  60      4645A4B7 
  60      285E4344 
  61 003d 2844B5A8 		.ascii	"(D\265\250M\011\015\241.\306\310\205\2323~\347\275M"
  61      4D090DA1 
  61      2EC6C885 
ARM GAS  C:\Users\JEFFSN~1\AppData\Local\Temp\cchf68fZ.s 			page 4


  61      9A337EE7 
  61      BD4D
  62 004f E0817BCF 		.ascii	"\340\201{\317=\347|\367|\037\237'\020\215oL\227\230"
  62      3DE77CF7 
  62      7C1F9F27 
  62      108D6F4C 
  62      9798
  63 0061 CFF3C00A 		.ascii	"\317\363\300\012\314\303\015\221J\316\000\372p9H\331"
  63      CCC30D91 
  63      4ACE00FA 
  63      703948D9 
  64 0071 A08C7D73 		.ascii	"\240\214}slP\237lD\246w\3361~\374\332\271\342\2521B"
  64      6C509F6C 
  64      44A677DE 
  64      317EFCDA 
  64      B9E2AA31 
  65 0086 2BD236C9 		.ascii	"+\3226\311&\301<z\205\260\255\345\326L\247?\241\260"
  65      26C13C7A 
  65      85B0ADE5 
  65      D64CA73F 
  65      A1B0
  66 0098 0BE91055 		.ascii	"\013\351\020U\370JW\273\021\273v;p\361\236\377\366\320"
  66      F84A57BB 
  66      11BB763B 
  66      70F19EFF 
  66      F6D0
  67 00aa E7EED092 		.ascii	"\347\356\320\222\223\227\307\313d\364%\322\344\017\345"
  67      9397C7CB 
  67      64F425D2 
  67      E40FE5
  68 00b9 DE3346B3 		.ascii	"\3363F\263m\240~8\375\365\361*tK`-\031f\303\372f\366"
  68      6DA07E38 
  68      FDF5F12A 
  68      744B602D 
  68      1966C3FA 
  69 00cf AF092DF1 		.ascii	"\257\011-\361,[\257\2437\347\322\362\321\307\212\363"
  69      2C5BAFA3 
  69      37E7D2F2 
  69      D1C78AF3 
  70 00df D87AB2F0 		.ascii	"\330z\262\360\241\212\247\230\253LP\242\207g\350\306"
  70      A18AA798 
  70      AB4C50A2 
  70      8767E8C6 
  71 00ef 02BAA9E4 		.ascii	"\002\272\251\3449\273\322@\360oP\002\213t\335\247\346"
  71      39BBD240 
  71      F06F5002 
  71      8B74DDA7 
  71      E6
  72 0100 FA5C87FE 		.ascii	"\372\\\207\376\007\272\360\2020\316\327&?{)\241G\034"
  72      07BAF082 
  72      30CED726 
  72      3F7B29A1 
  72      471C
  73 0112 41B5DDE8 		.ascii	"A\265\335\350\2403\005\011\026\023\320\370\237l\012"
  73      A0330509 
  73      1613D0F8 
  73      9F6C0A
ARM GAS  C:\Users\JEFFSN~1\AppData\Local\Temp\cchf68fZ.s 			page 5


  74 0121 C910A5F5 		.ascii	"\311\020\245\365\354\317\036m\374\2570\223(\214\242"
  74      ECCF1E6D 
  74      FCAF3093 
  74      288CA2
  75 0130 DDEFD9F2 		.ascii	"\335\357\331\362\261\273\357\\\027{StM\333\333\353_"
  75      B1BBEF5C 
  75      177B5374 
  75      4DDBDBEB 
  75      5F
  76 0141 DE9D5595 		.ascii	"\336\235U\225.\351\373\250\321\352\227\252\223\303\007"
  76      2EE9FBA8 
  76      D1EA97AA 
  76      93C307
  77 0150 AF96A672 		.ascii	"\257\226\246r}\213j\243\273\031\332,\226(\275\225x\215"
  77      7D8B6AA3 
  77      BB19DA2C 
  77      9628BD95 
  77      788D
  78 0162 65F49155 		.ascii	"e\364\221U~#\210\017\336\033\345<\315\222k\033\272\211"
  78      7E23880F 
  78      DE1BE53C 
  78      CD926B1B 
  78      BA89
  79 0174 1594E9EB 		.ascii	"\025\224\351\353\031\331\306x|4\230@5\232\034\322]\256"
  79      19D9C678 
  79      7C349840 
  79      359A1CD2 
  79      5DAE
  80 0186 BB78AD74 		.ascii	"\273x\255t\2474v\353n\351v\2610zol\2444\234/\214\016"
  80      A73476EB 
  80      6EE976B1 
  80      307A6F6C 
  80      A4349C2F 
  81 019c 5C1D2EE4 		.ascii	"\\\035.\344\257\017\025\373\213\371\241\313#r\002\306"
  81      AF0F15FB 
  81      8BF9A1CB 
  81      237202C6 
  82 01ac 34AE7C   		.ascii	"4\256|"
  83              		.text
  84              		.section	.gnu.lto_SPIM_1_backup.c7245f02,"",%progbits
  85 0000 789C6361 		.ascii	"x\234ca`d\000\001g \206\260\030\030\37621\256\373\364"
  85      60640001 
  85      672086B0 
  85      1818FE32 
  85      31AEFBF4 
  86 0014 651DDB17 		.ascii	"e\035\333\027\246Vf\006F~ w\375\233\235?y!\\\220\354"
  86      A6566606 
  86      467E2077 
  86      FD9B9D3F 
  86      79215C90 
  87 0029 9E398BAF 		.ascii	"\2369\213\2573Zlk\350X\320\240\320\312\314\370\217\211"
  87      335A6C6B 
  87      E858D0A0 
  87      D0CACCF8 
  87      8F89
  88 003b 817105A3 		.ascii	"\201q\005\243\314?&F\306\345\2142\014\214+\031-\030"
  88      CC3F2646 
ARM GAS  C:\Users\JEFFSN~1\AppData\Local\Temp\cchf68fZ.s 			page 6


  88      C6E58C32 
  88      0C8C2B19 
  88      2D18
  89 004d 00BFD917 		.ascii	"\000\277\331\027\372"
  89      FA
  90              		.text
  91              		.section	.gnu.lto_SPIM_1_Wakeup.c7245f02,"",%progbits
  92 0000 789C754F 		.ascii	"x\234uO\277K\202Q\024\275\347\275\347\247\210A\177@"
  92      BF4B8251 
  92      14BDE7BD 
  92      E7A78841 
  92      7F40
  93 0012 48100D0D 		.ascii	"H\020\015\015eA\375\005\015Q\020H\256\202D\271\026H"
  93      6541FD05 
  93      0D511048 
  93      AE8244B9 
  93      1648
  94 0024 CD3ED38F 		.ascii	"\315>\323\217j\211\226\332\242Q\373i\266\224N_\321$"
  94      6A8996DA 
  94      A251FB69 
  94      B6944E5F 
  94      D124
  95 0036 9104D5E2 		.ascii	"\221\004\325\342R\015\022\341PPC\204~\335\367\0254D"
  95      520D12E1 
  95      50504384 
  95      7EDDF715 
  95      3444
  96 0048 171EF771 		.ascii	"\027\036\367q\3569\367\334\243\010d*\303\255\227\373"
  96      EE39F7DC 
  96      A308642A 
  96      C3AD97FB 
  97 0058 303FF808 		.ascii	"0?\370\010b\375\212\301\200\020\262\022&\035Tw\021\322"
  97      62FD8AC1 
  97      8010B212 
  97      261D5477 
  97      11D2
  98 006a 2109F50D 		.ascii	"!\011\365\015+\300|t\000\224\026R!\215w\321\0228_n\224"
  98      2BC07C74 
  98      00941652 
  98      218D77D1 
  98      12385F6E 
  99 007f 455F5E73 		.ascii	"E_^s\335\333\356\240.8\260%\221+<\013B\036}\304\264"
  99      DDDBEEA0 
  99      2E38B025 
  99      912B3C0B 
  99      421E7DC4 
 100 0094 C7527BA3 		.ascii	"\307R{\243\303\312\031Z\367\367\020\005X\346\216\342"
 100      C3CA195A 
 100      F7F71005 
 100      58E68EE2 
 101 00a4 94A35D37 		.ascii	"\224\243]7\253\235O\377\331M\320RdK\206_\230b\354^\205"
 101      AB9D4FFF 
 101      D94DD052 
 101      644B865F 
 101      9862EC5E 
 102 00b9 305D3E21 		.ascii	"0]>!\353\234T\205\021\231u\345r\263\356O\267\364\212"
 102      EB9C5485 
ARM GAS  C:\Users\JEFFSN~1\AppData\Local\Temp\cchf68fZ.s 			page 7


 102      119975E5 
 102      72B3EE4F 
 102      B7F48A
 103 00cc D69DB614 		.ascii	"\326\235\266\024\256`\011v\220f\261\244\006\226*\245"
 103      AE600976 
 103      9066B1A4 
 103      06962AA5 
 104 00dc DAB1DF90 		.ascii	"\332\261\337\220\263R1}\323>\257\371\337\204\315g\377"
 104      B352317D 
 104      D33EAFF9 
 104      DF84CD67 
 104      FF
 105 00ed 55AB55BE 		.ascii	"U\253U\276\327\300\317\227\267\027\301mle\264\207\373"
 105      D7C0CF97 
 105      B717C16D 
 105      6C65B487 
 105      FB
 106 00fe B0C72177 		.ascii	"\260\307!w\321\345\015\327N\217V\003\221~[Z\330\307"
 106      D1E50DD7 
 106      4E8F5603 
 106      917E5B5A 
 106      D8C7
 107 0110 36DA5E3E 		.ascii	"6\332^>\034 B\017\310\325\263\341_\263b\263\374\321"
 107      1C20420F 
 107      C8D5B3E1 
 107      5FB362B3 
 107      FCD1
 108 0122 61CC00C2 		.ascii	"a\314\000\302\241\221\223\311!\251\022\366b\\WC\377"
 108      A19193C9 
 108      21A912F6 
 108      625C5743 
 108      FF
 109 0133 C6E0AD28 		.ascii	"\306\340\255(\376\3040\"\345\205\177\306\222s;\341\211"
 109      FEC43022 
 109      E5857FC6 
 109      92733BE1 
 109      89
 110 0144 4CBD705A 		.ascii	"L\275pZ\206\231\3333\226\234K\246\246\027\222\263\211"
 110      8699DB33 
 110      969C4BA6 
 110      A61792B3 
 110      89
 111 0155 D8FC626A 		.ascii	"\330\374bj&\031\217\306\346GG\342\261\350\370db(\021"
 111      26198FC6 
 111      E64747E2 
 111      B1E8F864 
 111      622811
 112 0168 9D1C98A1 		.ascii	"\235\034\230\241/\336\322\225\214"
 112      2FDED295 
 112      8C
 113              		.text
 114              		.section	.gnu.lto_.symbol_nodes.c7245f02,"",%progbits
 115 0000 789C558A 		.ascii	"x\234U\212\273\025@P\020Dg\177O\256\002z\320\337\276"
 115      BB154050 
 115      1044677F 
 115      4FAE027A 
 115      D0DFBE
ARM GAS  C:\Users\JEFFSN~1\AppData\Local\Temp\cchf68fZ.s 			page 8


 116 0013 4001121D 		.ascii	"@\001\022\035\210\344:\020\253\201F\034Kd'\231s\357"
 116      88E43A10 
 116      AB81461C 
 116      4B642799 
 116      73EF
 117 0025 8C823023 		.ascii	"\214\2020#\302\344\300t\000Qk\355C\260S\026\342\234"
 117      C2E4C074 
 117      00516BED 
 117      43B05316 
 117      E29C
 118 0037 8401B505 		.ascii	"\204\001\265\005\204\325%\015d\256\237\210C\355\202"
 118      84D5250D 
 118      64AE9F88 
 118      43ED82
 119 0046 1BB7C4C5 		.ascii	"\033\267\304\305\313\237\205\015\373u\223h\203\345|"
 119      CB9F850D 
 119      FB759368 
 119      83E57C
 120 0055 BB60DC06 		.ascii	"\273`\334\006<\033&\037\275"
 120      3C1B261F 
 120      BD
 121              		.text
 122              		.section	.gnu.lto_.refs.c7245f02,"",%progbits
 123 0000 789C6361 		.ascii	"x\234ca`d\340f```dbdfeda`fb\000\000\001\237\000'"
 123      6064E066 
 123      60606064 
 123      62646665 
 123      64616066 
 124              		.text
 125              		.section	.gnu.lto_.decls.c7245f02,"",%progbits
 126 0000 789C8D54 		.ascii	"x\234\215ToL[U\024\177\347\275BK)\016\307b0\351\007"
 126      6F4C5B55 
 126      147FE7BD 
 126      424B290E 
 126      C76230E9 
 127 0015 9C2CC1C4 		.ascii	"\234,\301\304\240\270\230\354\243\033\031\333b\346\310"
 127      A0B898EC 
 127      A31B19DB 
 127      62E6C8
 128 0024 0AF86509 		.ascii	"\012\370e\011+\335s\022\032\212]1\331\267\313\006\262"
 128      2BDD7312 
 128      1A8A5D31 
 128      D9B7CB06 
 128      B2
 129 0035 CD2D0327 		.ascii	"\315-\003'h+\"\314\310\306(k\3717@\306, E(\240\033\014"
 129      682B22CC 
 129      C8C6286B 
 129      F93740C6 
 129      2C204528 
 130 004c 42B64C16 		.ascii	"B\266L\026\370 Q\227\241\370g\022\254\347\336w\037\257"
 130      F8205197 
 130      A1F86712 
 130      ACE7DE77 
 130      1FAF
 131 005e 9862BCC9 		.ascii	"\230b\274\311y\357\236\373~\277\3379\367\334\363\256"
 131      79EF9EFB 
 131      7EBFDF39 
ARM GAS  C:\Users\JEFFSN~1\AppData\Local\Temp\cchf68fZ.s 			page 9


 131      F7DCF3AE 
 132 006e 4E00818E 		.ascii	"N\000\201\216P\254 \274\200S;Z\030\007\272B\236\240"
 132      50AC20BC 
 132      80533B5A 
 132      1807BA42 
 132      9EA0
 133 0080 0D3D5A2B 		.ascii	"\015=Z+\232\017\255\015\255\003\255\013\255\033\255"
 133      9A0FAD0D 
 133      AD03AD0B 
 133      AD1BAD
 134 008f 178DAA84 		.ascii	"\027\215\252\204\204\215\243\225\257\253:\300\327\376"
 134      848DA395 
 134      AFAB3AC0 
 134      D7FE
 135 009d 3D7C5170 		.ascii	"=|Qp\276(8\032\327\310qf\264\011\264\273hSh3h\243h\203"
 135      BE28381A 
 135      D7C87166 
 135      B409B4BB 
 135      68536833 
 136 00b5 68B3685E 		.ascii	"h\263h^\2563\214&rn\327&y\2068\306\3145D\316\013F\311"
 136      AE338C26 
 136      726ED726 
 136      798638C6 
 136      CC3544CE 
 137 00cc 41E07BD7 		.ascii	"A\340{\327G\344\241\306\213\314A\215-q<\255Q\367&\361"
 137      47E4A1C6 
 137      8BCC418D 
 137      2D713CAD 
 137      51F726F1 
 138 00e0 D744A81B 		.ascii	"\327D\250\033\250\037\212\271\007s\000\002\260!\360"
 138      A81F8AB9 
 138      07730002 
 138      B021F0
 139 00ef 7311E80A 		.ascii	"s\021\350\012\177\323\011(\216\250\326\011T\220Z:\006"
 139      7FD30928 
 139      8EA8D609 
 139      54905A3A 
 139      06
 140 0100 074164F8 		.ascii	"\007Ad\370\365u\025\267\0363\254\016m\011\326\207\212"
 140      F57515B7 
 140      1E33AC0E 
 140      6D09D687 
 140      8A
 141 0111 848DA254 		.ascii	"\204\215\242TUs\321\0275B\204\036\317\236\307\207\310"
 141      5573D117 
 141      3542841E 
 141      CF9EC787 
 141      C8
 142 0122 B04C5A52 		.ascii	"\260LZR7\375\260oq9VBM\234\177\377\344jV\272\227\340"
 142      37FDB06F 
 142      71395642 
 142      4D9C7FFF 
 142      E46A56BA 
 143 0138 A822447C 		.ascii	"\250\"D|Q\253\314\355r\177\235\264\"\302V#\350\320]"
 143      51ABCCED 
 143      727F9DB4 
 143      22C25623 
ARM GAS  C:\Users\JEFFSN~1\AppData\Local\Temp\cchf68fZ.s 			page 10


 143      E8D05D
 144 014b 9EF02C3C 		.ascii	"\236\360,<\205\3566#\244\240\2736\372\211GL\256e\274"
 144      85EE3623 
 144      A4A0BB36 
 144      FA89474C 
 144      AE65BC
 145 015e D3244507 		.ascii	"\323$E\007y\317@\013\230\341\032\340\301\200\027\222"
 145      79CF400B 
 145      98E11AE0 
 145      C1801792 
 146 016e F159A053 		.ascii	"\361Y\240S\224\026;\202\327\014\333\033\210\337O\346"
 146      94163B82 
 146      D70CDB1B 
 146      88DF4FE6 
 147 017e 57175F71 		.ascii	"W\027_q\223@9\322D\212\202\253 A3\244\323\024qJ_W\340"
 147      934039D2 
 147      448A82AB 
 147      204133A4 
 147      D314714A 
 148 0195 1E26DF0A 		.ascii	"\036&\337\012\333\2219\353\276\370\273N\332\315\022"
 148      DB9139EB 
 148      BEF8BB4E 
 148      DACD12
 149 01a4 BDF0F087 		.ascii	"\275\360\360\207P\234\242\022\370K&gQB\307$\256k\022"
 149      509CA212 
 149      F84B2667 
 149      5142C724 
 149      AE6B12
 150 01b7 D723257C 		.ascii	"\327#%|L\242\242q\354\242$\3451\211\251\037;\037lA\211"
 150      4CA2A271 
 150      ECA224E5 
 150      3189A91F 
 150      3B1F6C41 
 151 01cc 06947810 		.ascii	"\006\224x\0204\221\2522B^c\032~M\303\037\251\321\306"
 151      3491AA32 
 151      425E631A 
 151      7E4DC31F 
 151      A9D1C6
 152 01df 34BCFEFE 		.ascii	"4\274\376\376\237\215\222\215i\274\337\327i\347\022"
 152      9F8D928D 
 152      69BCDFD7 
 152      69E712
 153 01ee 7F8E444A 		.ascii	"\177\216DJ\264k\022\355\221\022\035Lb`r\376\214Az\207"
 153      B46B12ED 
 153      91121D4C 
 153      626072FE 
 153      8C417A87 
 154 0202 49DCAFA8 		.ascii	"I\334\257\250?kB\215y\202\365\250<\264\334N\312\343"
 154      3F6B428D 
 154      7982F5A8 
 154      3CB4DC4E 
 154      CAE3
 155 0214 9844A726 		.ascii	"\230D\247&\321\011\312iA\027\243\337\271\260\342\213"
 155      D109CA69 
 155      4117A3DF 
 155      B9B0E28B 
 156 0224 95EA81F1 		.ascii	"\225\352\201\361Gg~9\037\243\360\003=AS\240\012\030"
ARM GAS  C:\Users\JEFFSN~1\AppData\Local\Temp\cchf68fZ.s 			page 11


 156      47677E39 
 156      1FA3F003 
 156      3D4153A0 
 156      0A18
 157 0236 FB86C6BE 		.ascii	"\373\206\306\276\241\262\273\031\373VYw(N\362*\354\232"
 157      A1B2BB19 
 157      FB565977 
 157      284EF22A 
 157      EC9A
 158 0248 A6B1224E 		.ascii	"\246\261\"N\256\033Y'\367h\344\036\225\334\313\3107"
 158      AE1B5927 
 158      F768E41E 
 158      95DCCBC8 
 158      37
 159 0259 FB5AFA13 		.ascii	"\373Z\372\023\244~\205<\034\376#\260Ei\012\221\246\365"
 159      A47E853C 
 159      1CFE23B0 
 159      45690A91 
 159      A6F5
 160 026b 78FCD378 		.ascii	"x\374\323x\245)\022\321\035\254\275?m\222B\012\324W"
 160      A52912D1 
 160      1DACBD3F 
 160      6D92420A 
 160      D457
 161 027d B1D86CC0 		.ascii	"\261\330l\300of#\204\201\372?\365>IP|\372\331]\275\360"
 161      6F662384 
 161      81FA3FF5 
 161      3E49507C 
 161      FAD95DBD 
 162 0292 77BC34CB 		.ascii	"w\2744\313\260\342\324B\313\222\016\322\214M\264\237"
 162      B0E2D442 
 162      CB920ED2 
 162      8C4DB49F 
 163 02a2 E65727ED 		.ascii	"\346W'\355\037U\322\006\031\004#\004\264\304\314\364"
 163      1F55D206 
 163      19042304 
 163      B4C4CCF4 
 164 02b2 0E3A43C8 		.ascii	"\016:C\310)\362\3702\211M\026`\247\031^6\0130\000iT"
 164      29F2F832 
 164      894D1660 
 164      A7195E36 
 164      0B300069 
 165 02c7 95A2E02B 		.ascii	"\225\242\340+\354\301[\330\203\030a\245\352=/Ha\026"
 165      ECC15BD8 
 165      831861A5 
 165      EA3D2F48 
 165      6116
 166 02d9 41F7E88A 		.ascii	"A\367\350\212{M\017I\251\251i\325\254g\003\204\320\177"
 166      7B4D0F49 
 166      A9A969D5 
 166      AC670384 
 166      D07F
 167 02eb E426C2FB 		.ascii	"\344&\302\373X\313~\015IT\001FPl\030R!\010\251\254\012"
 167      58CB7E0D 
 167      49540146 
 167      506C1852 
 167      2108A9AC 
ARM GAS  C:\Users\JEFFSN~1\AppData\Local\Temp\cchf68fZ.s 			page 12


 168 0300 97693C3C 		.ascii	"\227i<<\246\275m\013\025\304\177\224\345\324\2179Q<"
 168      A6BD6D0B 
 168      15C47F94 
 168      E5D48F39 
 168      513C
 169 0312 8FFF12E5 		.ascii	"\217\377\022\345g\230Up\2406\030\257\"\207\242 wR$\333"
 169      67985570 
 169      A03618AF 
 169      2287A220 
 169      775224DB 
 170 0326 69A01A9B 		.ascii	"i\240\032\233\220\030(B\340\233\344?\337\334\371\351"
 170      90182842 
 170      E09BE43F 
 170      DFDCF9E9 
 171 0336 A118E91C 		.ascii	"\241\030\351\034\373E\305K\343\263\317BR\364\304a\014"
 171      FB45C54B 
 171      E3B3CF42 
 171      52F4C461 
 171      0C
 172 0347 F3DD2C77 		.ascii	"\363\335,w%\210;\0104\310(\202\276\321\212Ic\262P\203"
 172      25883B08 
 172      34C82882 
 172      BED18A49 
 172      63B25083 
 173 035b 83BF75C0 		.ascii	"\203\277u\300\216\317\011\301\236X\365\027^\"d?\303"
 173      8ECF09C1 
 173      9E58F517 
 173      5E22643F 
 173      C3
 174 036c 7EA96023 		.ascii	"~\251`#JDWrD\001B\260\003y\023\303S\037\353\245\317"
 174      4A445772 
 174      440142B0 
 174      037913C3 
 174      531FEBA5 
 175 0381 588ABA25 		.ascii	"X\212\272%_c\255\021\342\314\200`H\253dgt\252!\005\326"
 175      5F63AD11 
 175      E2CC8060 
 175      48AB6467 
 175      74AA2105 
 176 0396 CFE83B4C 		.ascii	"\317\350;Lm\002\342Pe\022!\337\242\236\007s\242+\036"
 176      6D02E250 
 176      651221DF 
 176      A29E0773 
 176      A22B1E
 177 03a9 82479AC8 		.ascii	"\202G\232\310\246M\3525$P\027\306y#\322t\321\247GZ\376"
 177      A64DEA35 
 177      245017C6 
 177      7923D274 
 177      D1A7475A 
 178 03be EB4CAC11 		.ascii	"\353L\254\021\361\247\377_\013L,5\206\365\322\027J\031"
 178      F1A7FF5F 
 178      0B4C2C35 
 178      86F5D217 
 178      4A19
 179 03d0 3B6ADC35 		.ascii	";j\3345z0\246E\241OG\241\253\275\230\353\371\240\214"
 179      7A30A645 
 179      A14F47A1 
ARM GAS  C:\Users\JEFFSN~1\AppData\Local\Temp\cchf68fZ.s 			page 13


 179      ABBD98EB 
 179      F9A08C
 180 03e3 A4C0149E 		.ascii	"\244\300\024\236\346\035\255|\267\301\250\224\257\371"
 180      E61DAD7C 
 180      B7C1A894 
 180      AFF9
 181 03f1 D150004C 		.ascii	"\321P\000L\347\350\216\361\"\334\272\237\001\265\233"
 181      E7E88EF1 
 181      22DCBA9F 
 181      01B59B
 182 0400 F02E9858 		.ascii	"\360.\230X\376\370\2467\341\207\241\272\015`Zh\015<"
 182      FEF8A637 
 182      E187A1BA 
 182      0D605A68 
 182      0D3C
 183 0412 C3C1330C 		.ascii	"\303\3013\014\354\231\253\013\031\"\301\364?\325\300"
 183      EC99AB0B 
 183      1922C1F4 
 183      3FD5C0
 184 0421 B3605293 		.ascii	"\263`R\223\301\251\360\264%\373\300\301\374\214|\213"
 184      C1A9F0B4 
 184      25FBC0C1 
 184      FC8C7C8B 
 185 0431 F55D39D3 		.ascii	"\365]9\323Q\374V\341q\303\2767rS232\204\347\367\311"
 185      51FC56E1 
 185      71C3BE37 
 185      72533233 
 185      3284E7F7 
 186 0446 C5B2D3EA 		.ascii	"\305\262\323\352\222\217\345[\034\245N\233|$\333\342"
 186      928FE55B 
 186      1CA54E9B 
 186      7C24DBE2 
 187 0456 C87CF508 		.ascii	"\310|\365\010gd\037L\267\011\333\270sX>\341r8\271\202"
 187      67641F4C 
 187      B709DBB8 
 187      73583EE1 
 187      7238B982 
 188 046a 49D5B4CB 		.ascii	"I\325\264\313rI\002w\336\264\026\311\245%\361\352'\227"
 188      72490277 
 188      DEB416C9 
 188      A525F1EA 
 188      2797
 189 047c A324E53F 		.ascii	"\243$\345?\365\323\337\026T\352\336bk\201]N\344^\246"
 189      F5D3DF16 
 189      54EADE62 
 189      6B815D4E 
 189      E45EA6
 190 048f 5DB63AB3 		.ascii	"]\266:\263\016d\035R?\027XmE\250,3\224\305\205\2021"
 190      0E641D52 
 190      3F17586D 
 190      45A82C33 
 190      94C58582 
 191 04a4 A585C5AE 		.ascii	"\245\205\305\256]\317m\242o;\351:Y\"\237\300\000F[\261"
 191      5DCF6DA2 
 191      6F3BE93A 
 191      59229FC0 
 191      00465BB1 
ARM GAS  C:\Users\JEFFSN~1\AppData\Local\Temp\cchf68fZ.s 			page 14


 192 04b8 CB992D3B 		.ascii	"\313\231-;\013\035\307\324\215\354\331\235\371znv\276"
 192      0B1DC7D4 
 192      8DECD99D 
 192      F97A6E76 
 192      BE
 193 04c9 25E7706E 		.ascii	"%\347pnfNL\376\036\207\303\256s\312\307w\375\003\\\017"
 193      664E4CFE 
 193      1E87C3AE 
 193      73CAC777 
 193      FD035C0F 
 194 04dd 5F5D     		.ascii	"_]"
 195              		.text
 196              		.section	.gnu.lto_.symtab.c7245f02,"",%progbits
 197 0000 5350494D 		.ascii	"SPIM_1_SaveConfig\000"
 197      5F315F53 
 197      61766543 
 197      6F6E6669 
 197      6700
 198 0012 00       		.ascii	"\000"
 199 0013 00       		.ascii	"\000"
 200 0014 00       		.ascii	"\000"
 201 0015 00000000 		.ascii	"\000\000\000\000\000\000\000\000"
 201      00000000 
 202 001d AD000000 		.ascii	"\255\000\000\000"
 203 0021 5350494D 		.ascii	"SPIM_1_RestoreConfig\000"
 203      5F315F52 
 203      6573746F 
 203      7265436F 
 203      6E666967 
 204 0036 00       		.ascii	"\000"
 205 0037 00       		.ascii	"\000"
 206 0038 00       		.ascii	"\000"
 207 0039 00000000 		.ascii	"\000\000\000\000\000\000\000\000"
 207      00000000 
 208 0041 AF000000 		.ascii	"\257\000\000\000"
 209 0045 5350494D 		.ascii	"SPIM_1_Sleep\000"
 209      5F315F53 
 209      6C656570 
 209      00
 210 0052 00       		.ascii	"\000"
 211 0053 00       		.ascii	"\000"
 212 0054 00       		.ascii	"\000"
 213 0055 00000000 		.ascii	"\000\000\000\000\000\000\000\000"
 213      00000000 
 214 005d B1000000 		.ascii	"\261\000\000\000"
 215 0061 5350494D 		.ascii	"SPIM_1_Wakeup\000"
 215      5F315F57 
 215      616B6575 
 215      7000
 216 006f 00       		.ascii	"\000"
 217 0070 00       		.ascii	"\000"
 218 0071 00       		.ascii	"\000"
 219 0072 00000000 		.ascii	"\000\000\000\000\000\000\000\000"
 219      00000000 
 220 007a B3000000 		.ascii	"\263\000\000\000"
 221 007e 5350494D 		.ascii	"SPIM_1_Stop\000"
 221      5F315F53 
ARM GAS  C:\Users\JEFFSN~1\AppData\Local\Temp\cchf68fZ.s 			page 15


 221      746F7000 
 222 008a 00       		.ascii	"\000"
 223 008b 02       		.ascii	"\002"
 224 008c 00       		.ascii	"\000"
 225 008d 00000000 		.ascii	"\000\000\000\000\000\000\000\000"
 225      00000000 
 226 0095 B5000000 		.ascii	"\265\000\000\000"
 227 0099 5350494D 		.ascii	"SPIM_1_Enable\000"
 227      5F315F45 
 227      6E61626C 
 227      6500
 228 00a7 00       		.ascii	"\000"
 229 00a8 02       		.ascii	"\002"
 230 00a9 00       		.ascii	"\000"
 231 00aa 00000000 		.ascii	"\000\000\000\000\000\000\000\000"
 231      00000000 
 232 00b2 B7000000 		.ascii	"\267\000\000\000"
 233 00b6 5350494D 		.ascii	"SPIM_1_ClearFIFO\000"
 233      5F315F43 
 233      6C656172 
 233      4649464F 
 233      00
 234 00c7 00       		.ascii	"\000"
 235 00c8 02       		.ascii	"\002"
 236 00c9 00       		.ascii	"\000"
 237 00ca 00000000 		.ascii	"\000\000\000\000\000\000\000\000"
 237      00000000 
 238 00d2 B9000000 		.ascii	"\271\000\000\000"
 239              		.text
 240              		.section	.gnu.lto_.opts,"",%progbits
 241 0000 272D666D 		.ascii	"'-fmath-errno' '-fsigned-zeros' '-ftrapping-math' '"
 241      6174682D 
 241      6572726E 
 241      6F272027 
 241      2D667369 
 242 0033 2D666E6F 		.ascii	"-fno-trapv' '-fno-strict-overflow' '-fno-openmp' '-"
 242      2D747261 
 242      70762720 
 242      272D666E 
 242      6F2D7374 
 243 0066 666E6F2D 		.ascii	"fno-openacc' '-mcpu=cortex-m3' '-mthumb' '-g' '-Og'"
 243      6F70656E 
 243      61636327 
 243      20272D6D 
 243      6370753D 
 244 0099 20272D66 		.ascii	" '-ffunction-sections' '-ffat-lto-objects' '-finlin"
 244      66756E63 
 244      74696F6E 
 244      2D736563 
 244      74696F6E 
 245 00cc 652D6675 		.ascii	"e-functions' '-flto'\000"
 245      6E637469 
 245      6F6E7327 
 245      20272D66 
 245      6C746F27 
 246              		.text
 247              		.cfi_sections	.debug_frame
ARM GAS  C:\Users\JEFFSN~1\AppData\Local\Temp\cchf68fZ.s 			page 16


 248              		.section	.text.SPIM_1_SaveConfig,"ax",%progbits
 249              		.align	2
 250              		.global	SPIM_1_SaveConfig
 251              		.thumb
 252              		.thumb_func
 253              		.type	SPIM_1_SaveConfig, %function
 254              	SPIM_1_SaveConfig:
 255              	.LFB0:
 256              		.file 1 "Generated_Source\\PSoC5\\SPIM_1_PM.c"
   1:Generated_Source\PSoC5/SPIM_1_PM.c **** /*******************************************************************************
   2:Generated_Source\PSoC5/SPIM_1_PM.c **** * File Name: SPIM_1_PM.c
   3:Generated_Source\PSoC5/SPIM_1_PM.c **** * Version 2.50
   4:Generated_Source\PSoC5/SPIM_1_PM.c **** *
   5:Generated_Source\PSoC5/SPIM_1_PM.c **** * Description:
   6:Generated_Source\PSoC5/SPIM_1_PM.c **** *  This file contains the setup, control and status commands to support
   7:Generated_Source\PSoC5/SPIM_1_PM.c **** *  component operations in low power mode.
   8:Generated_Source\PSoC5/SPIM_1_PM.c **** *
   9:Generated_Source\PSoC5/SPIM_1_PM.c **** * Note:
  10:Generated_Source\PSoC5/SPIM_1_PM.c **** *
  11:Generated_Source\PSoC5/SPIM_1_PM.c **** ********************************************************************************
  12:Generated_Source\PSoC5/SPIM_1_PM.c **** * Copyright 2008-2015, Cypress Semiconductor Corporation.  All rights reserved.
  13:Generated_Source\PSoC5/SPIM_1_PM.c **** * You may use this file only in accordance with the license, terms, conditions,
  14:Generated_Source\PSoC5/SPIM_1_PM.c **** * disclaimers, and limitations in the end user license agreement accompanying
  15:Generated_Source\PSoC5/SPIM_1_PM.c **** * the software package with which this file was provided.
  16:Generated_Source\PSoC5/SPIM_1_PM.c **** *******************************************************************************/
  17:Generated_Source\PSoC5/SPIM_1_PM.c **** 
  18:Generated_Source\PSoC5/SPIM_1_PM.c **** #include "SPIM_1_PVT.h"
  19:Generated_Source\PSoC5/SPIM_1_PM.c **** 
  20:Generated_Source\PSoC5/SPIM_1_PM.c **** static SPIM_1_BACKUP_STRUCT SPIM_1_backup =
  21:Generated_Source\PSoC5/SPIM_1_PM.c **** {
  22:Generated_Source\PSoC5/SPIM_1_PM.c ****     SPIM_1_DISABLED,
  23:Generated_Source\PSoC5/SPIM_1_PM.c ****     SPIM_1_BITCTR_INIT,
  24:Generated_Source\PSoC5/SPIM_1_PM.c **** };
  25:Generated_Source\PSoC5/SPIM_1_PM.c **** 
  26:Generated_Source\PSoC5/SPIM_1_PM.c **** 
  27:Generated_Source\PSoC5/SPIM_1_PM.c **** /*******************************************************************************
  28:Generated_Source\PSoC5/SPIM_1_PM.c **** * Function Name: SPIM_1_SaveConfig
  29:Generated_Source\PSoC5/SPIM_1_PM.c **** ********************************************************************************
  30:Generated_Source\PSoC5/SPIM_1_PM.c **** *
  31:Generated_Source\PSoC5/SPIM_1_PM.c **** * Summary:
  32:Generated_Source\PSoC5/SPIM_1_PM.c **** *  Empty function. Included for consistency with other components.
  33:Generated_Source\PSoC5/SPIM_1_PM.c **** *
  34:Generated_Source\PSoC5/SPIM_1_PM.c **** * Parameters:
  35:Generated_Source\PSoC5/SPIM_1_PM.c **** *  None.
  36:Generated_Source\PSoC5/SPIM_1_PM.c **** *
  37:Generated_Source\PSoC5/SPIM_1_PM.c **** * Return:
  38:Generated_Source\PSoC5/SPIM_1_PM.c **** *  None.
  39:Generated_Source\PSoC5/SPIM_1_PM.c **** *
  40:Generated_Source\PSoC5/SPIM_1_PM.c **** *******************************************************************************/
  41:Generated_Source\PSoC5/SPIM_1_PM.c **** void SPIM_1_SaveConfig(void) 
  42:Generated_Source\PSoC5/SPIM_1_PM.c **** {
 257              		.loc 1 42 0
 258              		.cfi_startproc
 259              		@ args = 0, pretend = 0, frame = 0
 260              		@ frame_needed = 0, uses_anonymous_args = 0
 261              		@ link register save eliminated.
 262 0000 7047     		bx	lr
ARM GAS  C:\Users\JEFFSN~1\AppData\Local\Temp\cchf68fZ.s 			page 17


 263              		.cfi_endproc
 264              	.LFE0:
 265              		.size	SPIM_1_SaveConfig, .-SPIM_1_SaveConfig
 266 0002 00BF     		.section	.text.SPIM_1_RestoreConfig,"ax",%progbits
 267              		.align	2
 268              		.global	SPIM_1_RestoreConfig
 269              		.thumb
 270              		.thumb_func
 271              		.type	SPIM_1_RestoreConfig, %function
 272              	SPIM_1_RestoreConfig:
 273              	.LFB1:
  43:Generated_Source\PSoC5/SPIM_1_PM.c **** 
  44:Generated_Source\PSoC5/SPIM_1_PM.c **** }
  45:Generated_Source\PSoC5/SPIM_1_PM.c **** 
  46:Generated_Source\PSoC5/SPIM_1_PM.c **** 
  47:Generated_Source\PSoC5/SPIM_1_PM.c **** /*******************************************************************************
  48:Generated_Source\PSoC5/SPIM_1_PM.c **** * Function Name: SPIM_1_RestoreConfig
  49:Generated_Source\PSoC5/SPIM_1_PM.c **** ********************************************************************************
  50:Generated_Source\PSoC5/SPIM_1_PM.c **** *
  51:Generated_Source\PSoC5/SPIM_1_PM.c **** * Summary:
  52:Generated_Source\PSoC5/SPIM_1_PM.c **** *  Empty function. Included for consistency with other components.
  53:Generated_Source\PSoC5/SPIM_1_PM.c **** *
  54:Generated_Source\PSoC5/SPIM_1_PM.c **** * Parameters:
  55:Generated_Source\PSoC5/SPIM_1_PM.c **** *  None.
  56:Generated_Source\PSoC5/SPIM_1_PM.c **** *
  57:Generated_Source\PSoC5/SPIM_1_PM.c **** * Return:
  58:Generated_Source\PSoC5/SPIM_1_PM.c **** *  None.
  59:Generated_Source\PSoC5/SPIM_1_PM.c **** *
  60:Generated_Source\PSoC5/SPIM_1_PM.c **** *******************************************************************************/
  61:Generated_Source\PSoC5/SPIM_1_PM.c **** void SPIM_1_RestoreConfig(void) 
  62:Generated_Source\PSoC5/SPIM_1_PM.c **** {
 274              		.loc 1 62 0
 275              		.cfi_startproc
 276              		@ args = 0, pretend = 0, frame = 0
 277              		@ frame_needed = 0, uses_anonymous_args = 0
 278              		@ link register save eliminated.
 279 0000 7047     		bx	lr
 280              		.cfi_endproc
 281              	.LFE1:
 282              		.size	SPIM_1_RestoreConfig, .-SPIM_1_RestoreConfig
 283 0002 00BF     		.section	.text.SPIM_1_Sleep,"ax",%progbits
 284              		.align	2
 285              		.global	SPIM_1_Sleep
 286              		.thumb
 287              		.thumb_func
 288              		.type	SPIM_1_Sleep, %function
 289              	SPIM_1_Sleep:
 290              	.LFB2:
  63:Generated_Source\PSoC5/SPIM_1_PM.c **** 
  64:Generated_Source\PSoC5/SPIM_1_PM.c **** }
  65:Generated_Source\PSoC5/SPIM_1_PM.c **** 
  66:Generated_Source\PSoC5/SPIM_1_PM.c **** 
  67:Generated_Source\PSoC5/SPIM_1_PM.c **** /*******************************************************************************
  68:Generated_Source\PSoC5/SPIM_1_PM.c **** * Function Name: SPIM_1_Sleep
  69:Generated_Source\PSoC5/SPIM_1_PM.c **** ********************************************************************************
  70:Generated_Source\PSoC5/SPIM_1_PM.c **** *
  71:Generated_Source\PSoC5/SPIM_1_PM.c **** * Summary:
ARM GAS  C:\Users\JEFFSN~1\AppData\Local\Temp\cchf68fZ.s 			page 18


  72:Generated_Source\PSoC5/SPIM_1_PM.c **** *  Prepare SPIM Component goes to sleep.
  73:Generated_Source\PSoC5/SPIM_1_PM.c **** *
  74:Generated_Source\PSoC5/SPIM_1_PM.c **** * Parameters:
  75:Generated_Source\PSoC5/SPIM_1_PM.c **** *  None.
  76:Generated_Source\PSoC5/SPIM_1_PM.c **** *
  77:Generated_Source\PSoC5/SPIM_1_PM.c **** * Return:
  78:Generated_Source\PSoC5/SPIM_1_PM.c **** *  None.
  79:Generated_Source\PSoC5/SPIM_1_PM.c **** *
  80:Generated_Source\PSoC5/SPIM_1_PM.c **** * Global Variables:
  81:Generated_Source\PSoC5/SPIM_1_PM.c **** *  SPIM_1_backup - modified when non-retention registers are saved.
  82:Generated_Source\PSoC5/SPIM_1_PM.c **** *
  83:Generated_Source\PSoC5/SPIM_1_PM.c **** * Reentrant:
  84:Generated_Source\PSoC5/SPIM_1_PM.c **** *  No.
  85:Generated_Source\PSoC5/SPIM_1_PM.c **** *
  86:Generated_Source\PSoC5/SPIM_1_PM.c **** *******************************************************************************/
  87:Generated_Source\PSoC5/SPIM_1_PM.c **** void SPIM_1_Sleep(void) 
  88:Generated_Source\PSoC5/SPIM_1_PM.c **** {
 291              		.loc 1 88 0
 292              		.cfi_startproc
 293              		@ args = 0, pretend = 0, frame = 0
 294              		@ frame_needed = 0, uses_anonymous_args = 0
 295              		.loc 1 88 0
 296 0000 08B5     		push	{r3, lr}
 297              		.cfi_def_cfa_offset 8
 298              		.cfi_offset 3, -8
 299              		.cfi_offset 14, -4
  89:Generated_Source\PSoC5/SPIM_1_PM.c ****     /* Save components enable state */
  90:Generated_Source\PSoC5/SPIM_1_PM.c ****     SPIM_1_backup.enableState = ((uint8) SPIM_1_IS_ENABLED);
 300              		.loc 1 90 0
 301 0002 044B     		ldr	r3, .L5
 302 0004 1B78     		ldrb	r3, [r3]	@ zero_extendqisi2
 303 0006 C3F30013 		ubfx	r3, r3, #4, #1
 304 000a 034A     		ldr	r2, .L5+4
 305 000c 1370     		strb	r3, [r2]
  91:Generated_Source\PSoC5/SPIM_1_PM.c **** 
  92:Generated_Source\PSoC5/SPIM_1_PM.c ****     SPIM_1_Stop();
 306              		.loc 1 92 0
 307 000e FFF7FEFF 		bl	SPIM_1_Stop
 308              	.LVL0:
 309 0012 08BD     		pop	{r3, pc}
 310              	.L6:
 311              		.align	2
 312              	.L5:
 313 0014 98650040 		.word	1073767832
 314 0018 00000000 		.word	.LANCHOR0
 315              		.cfi_endproc
 316              	.LFE2:
 317              		.size	SPIM_1_Sleep, .-SPIM_1_Sleep
 318              		.section	.text.SPIM_1_Wakeup,"ax",%progbits
 319              		.align	2
 320              		.global	SPIM_1_Wakeup
 321              		.thumb
 322              		.thumb_func
 323              		.type	SPIM_1_Wakeup, %function
 324              	SPIM_1_Wakeup:
 325              	.LFB3:
  93:Generated_Source\PSoC5/SPIM_1_PM.c **** }
ARM GAS  C:\Users\JEFFSN~1\AppData\Local\Temp\cchf68fZ.s 			page 19


  94:Generated_Source\PSoC5/SPIM_1_PM.c **** 
  95:Generated_Source\PSoC5/SPIM_1_PM.c **** 
  96:Generated_Source\PSoC5/SPIM_1_PM.c **** /*******************************************************************************
  97:Generated_Source\PSoC5/SPIM_1_PM.c **** * Function Name: SPIM_1_Wakeup
  98:Generated_Source\PSoC5/SPIM_1_PM.c **** ********************************************************************************
  99:Generated_Source\PSoC5/SPIM_1_PM.c **** *
 100:Generated_Source\PSoC5/SPIM_1_PM.c **** * Summary:
 101:Generated_Source\PSoC5/SPIM_1_PM.c **** *  Prepare SPIM Component to wake up.
 102:Generated_Source\PSoC5/SPIM_1_PM.c **** *
 103:Generated_Source\PSoC5/SPIM_1_PM.c **** * Parameters:
 104:Generated_Source\PSoC5/SPIM_1_PM.c **** *  None.
 105:Generated_Source\PSoC5/SPIM_1_PM.c **** *
 106:Generated_Source\PSoC5/SPIM_1_PM.c **** * Return:
 107:Generated_Source\PSoC5/SPIM_1_PM.c **** *  None.
 108:Generated_Source\PSoC5/SPIM_1_PM.c **** *
 109:Generated_Source\PSoC5/SPIM_1_PM.c **** * Global Variables:
 110:Generated_Source\PSoC5/SPIM_1_PM.c **** *  SPIM_1_backup - used when non-retention registers are restored.
 111:Generated_Source\PSoC5/SPIM_1_PM.c **** *  SPIM_1_txBufferWrite - modified every function call - resets to
 112:Generated_Source\PSoC5/SPIM_1_PM.c **** *  zero.
 113:Generated_Source\PSoC5/SPIM_1_PM.c **** *  SPIM_1_txBufferRead - modified every function call - resets to
 114:Generated_Source\PSoC5/SPIM_1_PM.c **** *  zero.
 115:Generated_Source\PSoC5/SPIM_1_PM.c **** *  SPIM_1_rxBufferWrite - modified every function call - resets to
 116:Generated_Source\PSoC5/SPIM_1_PM.c **** *  zero.
 117:Generated_Source\PSoC5/SPIM_1_PM.c **** *  SPIM_1_rxBufferRead - modified every function call - resets to
 118:Generated_Source\PSoC5/SPIM_1_PM.c **** *  zero.
 119:Generated_Source\PSoC5/SPIM_1_PM.c **** *
 120:Generated_Source\PSoC5/SPIM_1_PM.c **** * Reentrant:
 121:Generated_Source\PSoC5/SPIM_1_PM.c **** *  No.
 122:Generated_Source\PSoC5/SPIM_1_PM.c **** *
 123:Generated_Source\PSoC5/SPIM_1_PM.c **** *******************************************************************************/
 124:Generated_Source\PSoC5/SPIM_1_PM.c **** void SPIM_1_Wakeup(void) 
 125:Generated_Source\PSoC5/SPIM_1_PM.c **** {
 326              		.loc 1 125 0
 327              		.cfi_startproc
 328              		@ args = 0, pretend = 0, frame = 0
 329              		@ frame_needed = 0, uses_anonymous_args = 0
 330 0000 08B5     		push	{r3, lr}
 331              		.cfi_def_cfa_offset 8
 332              		.cfi_offset 3, -8
 333              		.cfi_offset 14, -4
 126:Generated_Source\PSoC5/SPIM_1_PM.c ****     #if(SPIM_1_RX_SOFTWARE_BUF_ENABLED)
 127:Generated_Source\PSoC5/SPIM_1_PM.c ****         SPIM_1_rxBufferFull  = 0u;
 128:Generated_Source\PSoC5/SPIM_1_PM.c ****         SPIM_1_rxBufferRead  = 0u;
 129:Generated_Source\PSoC5/SPIM_1_PM.c ****         SPIM_1_rxBufferWrite = 0u;
 130:Generated_Source\PSoC5/SPIM_1_PM.c ****     #endif /* (SPIM_1_RX_SOFTWARE_BUF_ENABLED) */
 131:Generated_Source\PSoC5/SPIM_1_PM.c **** 
 132:Generated_Source\PSoC5/SPIM_1_PM.c ****     #if(SPIM_1_TX_SOFTWARE_BUF_ENABLED)
 133:Generated_Source\PSoC5/SPIM_1_PM.c ****         SPIM_1_txBufferFull  = 0u;
 134:Generated_Source\PSoC5/SPIM_1_PM.c ****         SPIM_1_txBufferRead  = 0u;
 135:Generated_Source\PSoC5/SPIM_1_PM.c ****         SPIM_1_txBufferWrite = 0u;
 136:Generated_Source\PSoC5/SPIM_1_PM.c ****     #endif /* (SPIM_1_TX_SOFTWARE_BUF_ENABLED) */
 137:Generated_Source\PSoC5/SPIM_1_PM.c **** 
 138:Generated_Source\PSoC5/SPIM_1_PM.c ****     /* Clear any data from the RX and TX FIFO */
 139:Generated_Source\PSoC5/SPIM_1_PM.c ****     SPIM_1_ClearFIFO();
 334              		.loc 1 139 0
 335 0002 FFF7FEFF 		bl	SPIM_1_ClearFIFO
 336              	.LVL1:
ARM GAS  C:\Users\JEFFSN~1\AppData\Local\Temp\cchf68fZ.s 			page 20


 140:Generated_Source\PSoC5/SPIM_1_PM.c **** 
 141:Generated_Source\PSoC5/SPIM_1_PM.c ****     /* Restore components block enable state */
 142:Generated_Source\PSoC5/SPIM_1_PM.c ****     if(0u != SPIM_1_backup.enableState)
 337              		.loc 1 142 0
 338 0006 034B     		ldr	r3, .L10
 339 0008 1B78     		ldrb	r3, [r3]	@ zero_extendqisi2
 340 000a 0BB1     		cbz	r3, .L7
 143:Generated_Source\PSoC5/SPIM_1_PM.c ****     {
 144:Generated_Source\PSoC5/SPIM_1_PM.c ****         SPIM_1_Enable();
 341              		.loc 1 144 0
 342 000c FFF7FEFF 		bl	SPIM_1_Enable
 343              	.LVL2:
 344              	.L7:
 345 0010 08BD     		pop	{r3, pc}
 346              	.L11:
 347 0012 00BF     		.align	2
 348              	.L10:
 349 0014 00000000 		.word	.LANCHOR0
 350              		.cfi_endproc
 351              	.LFE3:
 352              		.size	SPIM_1_Wakeup, .-SPIM_1_Wakeup
 353              		.data
 354              		.align	2
 355              		.set	.LANCHOR0,. + 0
 356              		.type	SPIM_1_backup, %object
 357              		.size	SPIM_1_backup, 2
 358              	SPIM_1_backup:
 359 0000 00       		.byte	0
 360 0001 0F       		.byte	15
 361              		.text
 362              	.Letext0:
 363              		.file 2 "Generated_Source\\PSoC5\\cytypes.h"
 364              		.file 3 "Generated_Source\\PSoC5\\SPIM_1.h"
 365              		.section	.debug_info,"",%progbits
 366              	.Ldebug_info0:
 367 0000 6F010000 		.4byte	0x16f
 368 0004 0400     		.2byte	0x4
 369 0006 00000000 		.4byte	.Ldebug_abbrev0
 370 000a 04       		.byte	0x4
 371 000b 01       		.uleb128 0x1
 372 000c 57010000 		.4byte	.LASF26
 373 0010 0C       		.byte	0xc
 374 0011 A3000000 		.4byte	.LASF27
 375 0015 23000000 		.4byte	.LASF28
 376 0019 00000000 		.4byte	.Ldebug_ranges0+0
 377 001d 00000000 		.4byte	0
 378 0021 00000000 		.4byte	.Ldebug_line0
 379 0025 02       		.uleb128 0x2
 380 0026 01       		.byte	0x1
 381 0027 06       		.byte	0x6
 382 0028 8A020000 		.4byte	.LASF0
 383 002c 02       		.uleb128 0x2
 384 002d 01       		.byte	0x1
 385 002e 08       		.byte	0x8
 386 002f FF000000 		.4byte	.LASF1
 387 0033 02       		.uleb128 0x2
 388 0034 02       		.byte	0x2
ARM GAS  C:\Users\JEFFSN~1\AppData\Local\Temp\cchf68fZ.s 			page 21


 389 0035 05       		.byte	0x5
 390 0036 52020000 		.4byte	.LASF2
 391 003a 02       		.uleb128 0x2
 392 003b 02       		.byte	0x2
 393 003c 07       		.byte	0x7
 394 003d C6000000 		.4byte	.LASF3
 395 0041 02       		.uleb128 0x2
 396 0042 04       		.byte	0x4
 397 0043 05       		.byte	0x5
 398 0044 69020000 		.4byte	.LASF4
 399 0048 02       		.uleb128 0x2
 400 0049 04       		.byte	0x4
 401 004a 07       		.byte	0x7
 402 004b 12010000 		.4byte	.LASF5
 403 004f 02       		.uleb128 0x2
 404 0050 08       		.byte	0x8
 405 0051 05       		.byte	0x5
 406 0052 33020000 		.4byte	.LASF6
 407 0056 02       		.uleb128 0x2
 408 0057 08       		.byte	0x8
 409 0058 07       		.byte	0x7
 410 0059 13020000 		.4byte	.LASF7
 411 005d 03       		.uleb128 0x3
 412 005e 04       		.byte	0x4
 413 005f 05       		.byte	0x5
 414 0060 696E7400 		.ascii	"int\000"
 415 0064 02       		.uleb128 0x2
 416 0065 04       		.byte	0x4
 417 0066 07       		.byte	0x7
 418 0067 4A010000 		.4byte	.LASF8
 419 006b 04       		.uleb128 0x4
 420 006c 24010000 		.4byte	.LASF12
 421 0070 02       		.byte	0x2
 422 0071 E901     		.2byte	0x1e9
 423 0073 2C000000 		.4byte	0x2c
 424 0077 02       		.uleb128 0x2
 425 0078 04       		.byte	0x4
 426 0079 04       		.byte	0x4
 427 007a F9000000 		.4byte	.LASF9
 428 007e 02       		.uleb128 0x2
 429 007f 08       		.byte	0x8
 430 0080 04       		.byte	0x4
 431 0081 2A010000 		.4byte	.LASF10
 432 0085 02       		.uleb128 0x2
 433 0086 01       		.byte	0x1
 434 0087 08       		.byte	0x8
 435 0088 41020000 		.4byte	.LASF11
 436 008c 04       		.uleb128 0x4
 437 008d 0D010000 		.4byte	.LASF13
 438 0091 02       		.byte	0x2
 439 0092 9302     		.2byte	0x293
 440 0094 98000000 		.4byte	0x98
 441 0098 05       		.uleb128 0x5
 442 0099 6B000000 		.4byte	0x6b
 443 009d 02       		.uleb128 0x2
 444 009e 08       		.byte	0x8
 445 009f 04       		.byte	0x4
ARM GAS  C:\Users\JEFFSN~1\AppData\Local\Temp\cchf68fZ.s 			page 22


 446 00a0 7E020000 		.4byte	.LASF14
 447 00a4 02       		.uleb128 0x2
 448 00a5 04       		.byte	0x4
 449 00a6 07       		.byte	0x7
 450 00a7 2A020000 		.4byte	.LASF15
 451 00ab 06       		.uleb128 0x6
 452 00ac 02       		.byte	0x2
 453 00ad 03       		.byte	0x3
 454 00ae 40       		.byte	0x40
 455 00af CC000000 		.4byte	0xcc
 456 00b3 07       		.uleb128 0x7
 457 00b4 72020000 		.4byte	.LASF16
 458 00b8 03       		.byte	0x3
 459 00b9 42       		.byte	0x42
 460 00ba 6B000000 		.4byte	0x6b
 461 00be 00       		.byte	0
 462 00bf 07       		.uleb128 0x7
 463 00c0 3F010000 		.4byte	.LASF17
 464 00c4 03       		.byte	0x3
 465 00c5 43       		.byte	0x43
 466 00c6 6B000000 		.4byte	0x6b
 467 00ca 01       		.byte	0x1
 468 00cb 00       		.byte	0
 469 00cc 08       		.uleb128 0x8
 470 00cd FE010000 		.4byte	.LASF18
 471 00d1 03       		.byte	0x3
 472 00d2 44       		.byte	0x44
 473 00d3 AB000000 		.4byte	0xab
 474 00d7 09       		.uleb128 0x9
 475 00d8 D9000000 		.4byte	.LASF19
 476 00dc 01       		.byte	0x1
 477 00dd 29       		.byte	0x29
 478 00de 00000000 		.4byte	.LFB0
 479 00e2 02000000 		.4byte	.LFE0-.LFB0
 480 00e6 01       		.uleb128 0x1
 481 00e7 9C       		.byte	0x9c
 482 00e8 09       		.uleb128 0x9
 483 00e9 00000000 		.4byte	.LASF20
 484 00ed 01       		.byte	0x1
 485 00ee 3D       		.byte	0x3d
 486 00ef 00000000 		.4byte	.LFB1
 487 00f3 02000000 		.4byte	.LFE1-.LFB1
 488 00f7 01       		.uleb128 0x1
 489 00f8 9C       		.byte	0x9c
 490 00f9 0A       		.uleb128 0xa
 491 00fa 5C020000 		.4byte	.LASF21
 492 00fe 01       		.byte	0x1
 493 00ff 57       		.byte	0x57
 494 0100 00000000 		.4byte	.LFB2
 495 0104 1C000000 		.4byte	.LFE2-.LFB2
 496 0108 01       		.uleb128 0x1
 497 0109 9C       		.byte	0x9c
 498 010a 18010000 		.4byte	0x118
 499 010e 0B       		.uleb128 0xb
 500 010f 12000000 		.4byte	.LVL0
 501 0113 51010000 		.4byte	0x151
 502 0117 00       		.byte	0
ARM GAS  C:\Users\JEFFSN~1\AppData\Local\Temp\cchf68fZ.s 			page 23


 503 0118 0A       		.uleb128 0xa
 504 0119 31010000 		.4byte	.LASF22
 505 011d 01       		.byte	0x1
 506 011e 7C       		.byte	0x7c
 507 011f 00000000 		.4byte	.LFB3
 508 0123 18000000 		.4byte	.LFE3-.LFB3
 509 0127 01       		.uleb128 0x1
 510 0128 9C       		.byte	0x9c
 511 0129 40010000 		.4byte	0x140
 512 012d 0B       		.uleb128 0xb
 513 012e 06000000 		.4byte	.LVL1
 514 0132 5C010000 		.4byte	0x15c
 515 0136 0B       		.uleb128 0xb
 516 0137 10000000 		.4byte	.LVL2
 517 013b 67010000 		.4byte	0x167
 518 013f 00       		.byte	0
 519 0140 0C       		.uleb128 0xc
 520 0141 EB000000 		.4byte	.LASF29
 521 0145 01       		.byte	0x1
 522 0146 14       		.byte	0x14
 523 0147 CC000000 		.4byte	0xcc
 524 014b 05       		.uleb128 0x5
 525 014c 03       		.byte	0x3
 526 014d 00000000 		.4byte	SPIM_1_backup
 527 0151 0D       		.uleb128 0xd
 528 0152 46020000 		.4byte	.LASF23
 529 0156 46020000 		.4byte	.LASF23
 530 015a 03       		.byte	0x3
 531 015b 4E       		.byte	0x4e
 532 015c 0D       		.uleb128 0xd
 533 015d 92000000 		.4byte	.LASF24
 534 0161 92000000 		.4byte	.LASF24
 535 0165 03       		.byte	0x3
 536 0166 66       		.byte	0x66
 537 0167 0D       		.uleb128 0xd
 538 0168 15000000 		.4byte	.LASF25
 539 016c 15000000 		.4byte	.LASF25
 540 0170 03       		.byte	0x3
 541 0171 4C       		.byte	0x4c
 542 0172 00       		.byte	0
 543              		.section	.debug_abbrev,"",%progbits
 544              	.Ldebug_abbrev0:
 545 0000 01       		.uleb128 0x1
 546 0001 11       		.uleb128 0x11
 547 0002 01       		.byte	0x1
 548 0003 25       		.uleb128 0x25
 549 0004 0E       		.uleb128 0xe
 550 0005 13       		.uleb128 0x13
 551 0006 0B       		.uleb128 0xb
 552 0007 03       		.uleb128 0x3
 553 0008 0E       		.uleb128 0xe
 554 0009 1B       		.uleb128 0x1b
 555 000a 0E       		.uleb128 0xe
 556 000b 55       		.uleb128 0x55
 557 000c 17       		.uleb128 0x17
 558 000d 11       		.uleb128 0x11
 559 000e 01       		.uleb128 0x1
ARM GAS  C:\Users\JEFFSN~1\AppData\Local\Temp\cchf68fZ.s 			page 24


 560 000f 10       		.uleb128 0x10
 561 0010 17       		.uleb128 0x17
 562 0011 00       		.byte	0
 563 0012 00       		.byte	0
 564 0013 02       		.uleb128 0x2
 565 0014 24       		.uleb128 0x24
 566 0015 00       		.byte	0
 567 0016 0B       		.uleb128 0xb
 568 0017 0B       		.uleb128 0xb
 569 0018 3E       		.uleb128 0x3e
 570 0019 0B       		.uleb128 0xb
 571 001a 03       		.uleb128 0x3
 572 001b 0E       		.uleb128 0xe
 573 001c 00       		.byte	0
 574 001d 00       		.byte	0
 575 001e 03       		.uleb128 0x3
 576 001f 24       		.uleb128 0x24
 577 0020 00       		.byte	0
 578 0021 0B       		.uleb128 0xb
 579 0022 0B       		.uleb128 0xb
 580 0023 3E       		.uleb128 0x3e
 581 0024 0B       		.uleb128 0xb
 582 0025 03       		.uleb128 0x3
 583 0026 08       		.uleb128 0x8
 584 0027 00       		.byte	0
 585 0028 00       		.byte	0
 586 0029 04       		.uleb128 0x4
 587 002a 16       		.uleb128 0x16
 588 002b 00       		.byte	0
 589 002c 03       		.uleb128 0x3
 590 002d 0E       		.uleb128 0xe
 591 002e 3A       		.uleb128 0x3a
 592 002f 0B       		.uleb128 0xb
 593 0030 3B       		.uleb128 0x3b
 594 0031 05       		.uleb128 0x5
 595 0032 49       		.uleb128 0x49
 596 0033 13       		.uleb128 0x13
 597 0034 00       		.byte	0
 598 0035 00       		.byte	0
 599 0036 05       		.uleb128 0x5
 600 0037 35       		.uleb128 0x35
 601 0038 00       		.byte	0
 602 0039 49       		.uleb128 0x49
 603 003a 13       		.uleb128 0x13
 604 003b 00       		.byte	0
 605 003c 00       		.byte	0
 606 003d 06       		.uleb128 0x6
 607 003e 13       		.uleb128 0x13
 608 003f 01       		.byte	0x1
 609 0040 0B       		.uleb128 0xb
 610 0041 0B       		.uleb128 0xb
 611 0042 3A       		.uleb128 0x3a
 612 0043 0B       		.uleb128 0xb
 613 0044 3B       		.uleb128 0x3b
 614 0045 0B       		.uleb128 0xb
 615 0046 01       		.uleb128 0x1
 616 0047 13       		.uleb128 0x13
ARM GAS  C:\Users\JEFFSN~1\AppData\Local\Temp\cchf68fZ.s 			page 25


 617 0048 00       		.byte	0
 618 0049 00       		.byte	0
 619 004a 07       		.uleb128 0x7
 620 004b 0D       		.uleb128 0xd
 621 004c 00       		.byte	0
 622 004d 03       		.uleb128 0x3
 623 004e 0E       		.uleb128 0xe
 624 004f 3A       		.uleb128 0x3a
 625 0050 0B       		.uleb128 0xb
 626 0051 3B       		.uleb128 0x3b
 627 0052 0B       		.uleb128 0xb
 628 0053 49       		.uleb128 0x49
 629 0054 13       		.uleb128 0x13
 630 0055 38       		.uleb128 0x38
 631 0056 0B       		.uleb128 0xb
 632 0057 00       		.byte	0
 633 0058 00       		.byte	0
 634 0059 08       		.uleb128 0x8
 635 005a 16       		.uleb128 0x16
 636 005b 00       		.byte	0
 637 005c 03       		.uleb128 0x3
 638 005d 0E       		.uleb128 0xe
 639 005e 3A       		.uleb128 0x3a
 640 005f 0B       		.uleb128 0xb
 641 0060 3B       		.uleb128 0x3b
 642 0061 0B       		.uleb128 0xb
 643 0062 49       		.uleb128 0x49
 644 0063 13       		.uleb128 0x13
 645 0064 00       		.byte	0
 646 0065 00       		.byte	0
 647 0066 09       		.uleb128 0x9
 648 0067 2E       		.uleb128 0x2e
 649 0068 00       		.byte	0
 650 0069 3F       		.uleb128 0x3f
 651 006a 19       		.uleb128 0x19
 652 006b 03       		.uleb128 0x3
 653 006c 0E       		.uleb128 0xe
 654 006d 3A       		.uleb128 0x3a
 655 006e 0B       		.uleb128 0xb
 656 006f 3B       		.uleb128 0x3b
 657 0070 0B       		.uleb128 0xb
 658 0071 27       		.uleb128 0x27
 659 0072 19       		.uleb128 0x19
 660 0073 11       		.uleb128 0x11
 661 0074 01       		.uleb128 0x1
 662 0075 12       		.uleb128 0x12
 663 0076 06       		.uleb128 0x6
 664 0077 40       		.uleb128 0x40
 665 0078 18       		.uleb128 0x18
 666 0079 9742     		.uleb128 0x2117
 667 007b 19       		.uleb128 0x19
 668 007c 00       		.byte	0
 669 007d 00       		.byte	0
 670 007e 0A       		.uleb128 0xa
 671 007f 2E       		.uleb128 0x2e
 672 0080 01       		.byte	0x1
 673 0081 3F       		.uleb128 0x3f
ARM GAS  C:\Users\JEFFSN~1\AppData\Local\Temp\cchf68fZ.s 			page 26


 674 0082 19       		.uleb128 0x19
 675 0083 03       		.uleb128 0x3
 676 0084 0E       		.uleb128 0xe
 677 0085 3A       		.uleb128 0x3a
 678 0086 0B       		.uleb128 0xb
 679 0087 3B       		.uleb128 0x3b
 680 0088 0B       		.uleb128 0xb
 681 0089 27       		.uleb128 0x27
 682 008a 19       		.uleb128 0x19
 683 008b 11       		.uleb128 0x11
 684 008c 01       		.uleb128 0x1
 685 008d 12       		.uleb128 0x12
 686 008e 06       		.uleb128 0x6
 687 008f 40       		.uleb128 0x40
 688 0090 18       		.uleb128 0x18
 689 0091 9742     		.uleb128 0x2117
 690 0093 19       		.uleb128 0x19
 691 0094 01       		.uleb128 0x1
 692 0095 13       		.uleb128 0x13
 693 0096 00       		.byte	0
 694 0097 00       		.byte	0
 695 0098 0B       		.uleb128 0xb
 696 0099 898201   		.uleb128 0x4109
 697 009c 00       		.byte	0
 698 009d 11       		.uleb128 0x11
 699 009e 01       		.uleb128 0x1
 700 009f 31       		.uleb128 0x31
 701 00a0 13       		.uleb128 0x13
 702 00a1 00       		.byte	0
 703 00a2 00       		.byte	0
 704 00a3 0C       		.uleb128 0xc
 705 00a4 34       		.uleb128 0x34
 706 00a5 00       		.byte	0
 707 00a6 03       		.uleb128 0x3
 708 00a7 0E       		.uleb128 0xe
 709 00a8 3A       		.uleb128 0x3a
 710 00a9 0B       		.uleb128 0xb
 711 00aa 3B       		.uleb128 0x3b
 712 00ab 0B       		.uleb128 0xb
 713 00ac 49       		.uleb128 0x49
 714 00ad 13       		.uleb128 0x13
 715 00ae 02       		.uleb128 0x2
 716 00af 18       		.uleb128 0x18
 717 00b0 00       		.byte	0
 718 00b1 00       		.byte	0
 719 00b2 0D       		.uleb128 0xd
 720 00b3 2E       		.uleb128 0x2e
 721 00b4 00       		.byte	0
 722 00b5 3F       		.uleb128 0x3f
 723 00b6 19       		.uleb128 0x19
 724 00b7 3C       		.uleb128 0x3c
 725 00b8 19       		.uleb128 0x19
 726 00b9 6E       		.uleb128 0x6e
 727 00ba 0E       		.uleb128 0xe
 728 00bb 03       		.uleb128 0x3
 729 00bc 0E       		.uleb128 0xe
 730 00bd 3A       		.uleb128 0x3a
ARM GAS  C:\Users\JEFFSN~1\AppData\Local\Temp\cchf68fZ.s 			page 27


 731 00be 0B       		.uleb128 0xb
 732 00bf 3B       		.uleb128 0x3b
 733 00c0 0B       		.uleb128 0xb
 734 00c1 00       		.byte	0
 735 00c2 00       		.byte	0
 736 00c3 00       		.byte	0
 737              		.section	.debug_aranges,"",%progbits
 738 0000 34000000 		.4byte	0x34
 739 0004 0200     		.2byte	0x2
 740 0006 00000000 		.4byte	.Ldebug_info0
 741 000a 04       		.byte	0x4
 742 000b 00       		.byte	0
 743 000c 0000     		.2byte	0
 744 000e 0000     		.2byte	0
 745 0010 00000000 		.4byte	.LFB0
 746 0014 02000000 		.4byte	.LFE0-.LFB0
 747 0018 00000000 		.4byte	.LFB1
 748 001c 02000000 		.4byte	.LFE1-.LFB1
 749 0020 00000000 		.4byte	.LFB2
 750 0024 1C000000 		.4byte	.LFE2-.LFB2
 751 0028 00000000 		.4byte	.LFB3
 752 002c 18000000 		.4byte	.LFE3-.LFB3
 753 0030 00000000 		.4byte	0
 754 0034 00000000 		.4byte	0
 755              		.section	.debug_ranges,"",%progbits
 756              	.Ldebug_ranges0:
 757 0000 00000000 		.4byte	.LFB0
 758 0004 02000000 		.4byte	.LFE0
 759 0008 00000000 		.4byte	.LFB1
 760 000c 02000000 		.4byte	.LFE1
 761 0010 00000000 		.4byte	.LFB2
 762 0014 1C000000 		.4byte	.LFE2
 763 0018 00000000 		.4byte	.LFB3
 764 001c 18000000 		.4byte	.LFE3
 765 0020 00000000 		.4byte	0
 766 0024 00000000 		.4byte	0
 767              		.section	.debug_line,"",%progbits
 768              	.Ldebug_line0:
 769 0000 9E000000 		.section	.debug_str,"MS",%progbits,1
 769      02005200 
 769      00000201 
 769      FB0E0D00 
 769      01010101 
 770              	.LASF20:
 771 0000 5350494D 		.ascii	"SPIM_1_RestoreConfig\000"
 771      5F315F52 
 771      6573746F 
 771      7265436F 
 771      6E666967 
 772              	.LASF25:
 773 0015 5350494D 		.ascii	"SPIM_1_Enable\000"
 773      5F315F45 
 773      6E61626C 
 773      6500
 774              	.LASF28:
 775 0023 433A5C55 		.ascii	"C:\\Users\\JeffSnyder\\dev\\Electrobass_embedded\\P"
 775      73657273 
ARM GAS  C:\Users\JEFFSN~1\AppData\Local\Temp\cchf68fZ.s 			page 28


 775      5C4A6566 
 775      66536E79 
 775      6465725C 
 776 0051 534F4335 		.ascii	"SOC5_electrobass_stringsensors\\CE210514_PSOC3_5_Th"
 776      5F656C65 
 776      6374726F 
 776      62617373 
 776      5F737472 
 777 0083 65726D69 		.ascii	"ermistor.cydsn\000"
 777      73746F72 
 777      2E637964 
 777      736E00
 778              	.LASF24:
 779 0092 5350494D 		.ascii	"SPIM_1_ClearFIFO\000"
 779      5F315F43 
 779      6C656172 
 779      4649464F 
 779      00
 780              	.LASF27:
 781 00a3 47656E65 		.ascii	"Generated_Source\\PSoC5\\SPIM_1_PM.c\000"
 781      72617465 
 781      645F536F 
 781      75726365 
 781      5C50536F 
 782              	.LASF3:
 783 00c6 73686F72 		.ascii	"short unsigned int\000"
 783      7420756E 
 783      7369676E 
 783      65642069 
 783      6E7400
 784              	.LASF19:
 785 00d9 5350494D 		.ascii	"SPIM_1_SaveConfig\000"
 785      5F315F53 
 785      61766543 
 785      6F6E6669 
 785      6700
 786              	.LASF29:
 787 00eb 5350494D 		.ascii	"SPIM_1_backup\000"
 787      5F315F62 
 787      61636B75 
 787      7000
 788              	.LASF9:
 789 00f9 666C6F61 		.ascii	"float\000"
 789      7400
 790              	.LASF1:
 791 00ff 756E7369 		.ascii	"unsigned char\000"
 791      676E6564 
 791      20636861 
 791      7200
 792              	.LASF13:
 793 010d 72656738 		.ascii	"reg8\000"
 793      00
 794              	.LASF5:
 795 0112 6C6F6E67 		.ascii	"long unsigned int\000"
 795      20756E73 
 795      69676E65 
 795      6420696E 
ARM GAS  C:\Users\JEFFSN~1\AppData\Local\Temp\cchf68fZ.s 			page 29


 795      7400
 796              	.LASF12:
 797 0124 75696E74 		.ascii	"uint8\000"
 797      3800
 798              	.LASF10:
 799 012a 646F7562 		.ascii	"double\000"
 799      6C6500
 800              	.LASF22:
 801 0131 5350494D 		.ascii	"SPIM_1_Wakeup\000"
 801      5F315F57 
 801      616B6575 
 801      7000
 802              	.LASF17:
 803 013f 636E7472 		.ascii	"cntrPeriod\000"
 803      50657269 
 803      6F6400
 804              	.LASF8:
 805 014a 756E7369 		.ascii	"unsigned int\000"
 805      676E6564 
 805      20696E74 
 805      00
 806              	.LASF26:
 807 0157 474E5520 		.ascii	"GNU C11 5.4.1 20160609 (release) [ARM/embedded-5-br"
 807      43313120 
 807      352E342E 
 807      31203230 
 807      31363036 
 808 018a 616E6368 		.ascii	"anch revision 237715] -mcpu=cortex-m3 -mthumb -g -O"
 808      20726576 
 808      6973696F 
 808      6E203233 
 808      37373135 
 809 01bd 67202D66 		.ascii	"g -ffunction-sections -ffat-lto-objects -finline-fu"
 809      66756E63 
 809      74696F6E 
 809      2D736563 
 809      74696F6E 
 810 01f0 6E637469 		.ascii	"nctions -flto\000"
 810      6F6E7320 
 810      2D666C74 
 810      6F00
 811              	.LASF18:
 812 01fe 5350494D 		.ascii	"SPIM_1_BACKUP_STRUCT\000"
 812      5F315F42 
 812      41434B55 
 812      505F5354 
 812      52554354 
 813              	.LASF7:
 814 0213 6C6F6E67 		.ascii	"long long unsigned int\000"
 814      206C6F6E 
 814      6720756E 
 814      7369676E 
 814      65642069 
 815              	.LASF15:
 816 022a 73697A65 		.ascii	"sizetype\000"
 816      74797065 
 816      00
ARM GAS  C:\Users\JEFFSN~1\AppData\Local\Temp\cchf68fZ.s 			page 30


 817              	.LASF6:
 818 0233 6C6F6E67 		.ascii	"long long int\000"
 818      206C6F6E 
 818      6720696E 
 818      7400
 819              	.LASF11:
 820 0241 63686172 		.ascii	"char\000"
 820      00
 821              	.LASF23:
 822 0246 5350494D 		.ascii	"SPIM_1_Stop\000"
 822      5F315F53 
 822      746F7000 
 823              	.LASF2:
 824 0252 73686F72 		.ascii	"short int\000"
 824      7420696E 
 824      7400
 825              	.LASF21:
 826 025c 5350494D 		.ascii	"SPIM_1_Sleep\000"
 826      5F315F53 
 826      6C656570 
 826      00
 827              	.LASF4:
 828 0269 6C6F6E67 		.ascii	"long int\000"
 828      20696E74 
 828      00
 829              	.LASF16:
 830 0272 656E6162 		.ascii	"enableState\000"
 830      6C655374 
 830      61746500 
 831              	.LASF14:
 832 027e 6C6F6E67 		.ascii	"long double\000"
 832      20646F75 
 832      626C6500 
 833              	.LASF0:
 834 028a 7369676E 		.ascii	"signed char\000"
 834      65642063 
 834      68617200 
 835              		.comm	__gnu_lto_v1,1,1
 836              		.ident	"GCC: (GNU Tools for ARM Embedded Processors) 5.4.1 20160609 (release) [ARM/embedded-5-bran
