ARM GAS  C:\Users\JEFFSN~1\AppData\Local\Temp\cc9Lv7fa.s 			page 1


   1              		.syntax unified
   2              		.cpu cortex-m3
   3              		.fpu softvfp
   4              		.eabi_attribute 20, 1
   5              		.eabi_attribute 21, 1
   6              		.eabi_attribute 23, 3
   7              		.eabi_attribute 24, 1
   8              		.eabi_attribute 25, 1
   9              		.eabi_attribute 26, 1
  10              		.eabi_attribute 30, 1
  11              		.eabi_attribute 34, 1
  12              		.eabi_attribute 18, 4
  13              		.thumb
  14              		.syntax unified
  15              		.file	"SPIM_2_PM.c"
  16              		.text
  17              	.Ltext0:
  18              		.section	.gnu.lto_.profile.7239f932,"",%progbits
  19 0000 789C6361 		.ascii	"x\234ca`d`a`\000\222\272|\000\000\322\000F"
  19      60646061 
  19      600092BA 
  19      7C0000D2 
  19      0046
  20              		.text
  21              		.section	.gnu.lto_.inline.7239f932,"",%progbits
  22 0000 789C6361 		.ascii	"x\234ca`d\000\201h\006\004`a``fbd`\0022\331\026\310"
  22      60640081 
  22      68060460 
  22      61606066 
  22      62646002 
  23 0018 8328A022 		.ascii	"\203(\240\"t\021&\006\016\001\240\010\307\001;\204\""
  23      74112606 
  23      0E01A008 
  23      C7013B84 
  23      22
  24 0029 2EB0660E 		.ascii	".\260f\016a\2408\333\007=Tq0\301\000\000\0341\006\034"
  24      61A038DB 
  24      073D5471 
  24      30C10000 
  24      1C31061C 
  25              		.text
  26              		.section	.gnu.lto_.jmpfuncs.7239f932,"",%progbits
  27 0000 789C6361 		.ascii	"x\234ca`d\000\001A\006\004`\001b\240(\023\224\311\300"
  27      60640001 
  27      41060460 
  27      0162A028 
  27      1394C9C0 
  28 0014 00000346 		.ascii	"\000\000\003F\000\""
  28      0022
  29              		.text
  30              		.section	.gnu.lto_.pureconst.7239f932,"",%progbits
  31 0000 789C6361 		.ascii	"x\234ca`d\340d```a\0002\230\244X$\000\001y\000L"
  31      6064E064 
  31      60606061 
  31      003298A4 
  31      58240001 
  32              		.text
ARM GAS  C:\Users\JEFFSN~1\AppData\Local\Temp\cc9Lv7fa.s 			page 2


  33              		.section	.gnu.lto_SPIM_2_SaveConfig.7239f932,"",%progbits
  34 0000 789C6361 		.ascii	"x\234ca`d\000\201j V\005bi fdf`d\232p\216\201\241\221"
  34      60640081 
  34      6A205605 
  34      62692066 
  34      64666064 
  35 001a 83899111 		.ascii	"\203\211\221\021\304h\340`d\250gb\254g\374\312\364\227"
  35      C468E060 
  35      64A86762 
  35      AC67FCCA 
  35      F497
  36 002c 89F150FB 		.ascii	"\211\361P\373\263\235L\232\313\033\200\340\301\322i"
  36      B39D4C9A 
  36      CB1B80E0 
  36      C1D269
  37 003b CC0D2B0E 		.ascii	"\314\015+\0160\266230\374g\002\233\304\300\270\234Q"
  37      30B63233 
  37      30FC6702 
  37      9BC4C0B8 
  37      9C51
  38 004d 9301A8EC 		.ascii	"\223\001\250\354\321\306\177Sy\331Z@\312\024 \222\214"
  38      D1C67F53 
  38      79D95A40 
  38      CA142092 
  38      8C
  39 005e 2B18D940 		.ascii	"+\030\331@\326\255\017:\320\360\377\177s\303\201\255"
  39      D6AD0F3A 
  39      D0F0FF7F 
  39      73C381AD 
  40 006e AC1F9980 		.ascii	"\254\037\231\200\022\037\200\030d\015\210\003\244\231"
  40      121F8018 
  40      640D8803 
  40      A499
  41 007c 5F313281 		.ascii	"_12\201\224\202M\373\300\304\010\022\003\252PvO\315"
  41      94824DFB 
  41      C0C40812 
  41      03AA5076 
  41      4FCD
  42 008e 4B2D4A2C 		.ascii	"K-J,IM\211\017\316/-JN\215\011\010\316w6\215\011\016"
  42      494D890F 
  42      CE2F2D4A 
  42      4E8D0908 
  42      CE77368D 
  43 00a4 F0F48D37 		.ascii	"\360\364\2157\212\017\360\325Kf\000\000\377\3558\240"
  43      8A0FF0D5 
  43      4B660000 
  43      FFED38A0 
  44              		.text
  45              		.section	.gnu.lto_SPIM_2_RestoreConfig.7239f932,"",%progbits
  46 0000 789C6361 		.ascii	"x\234ca`d\000\201j V\005bi fdf`d\232p\216\201\241\221"
  46      60640081 
  46      6A205605 
  46      62692066 
  46      64666064 
  47 001a 83899111 		.ascii	"\203\211\221\021\304h\340`d\250gb\254g\374\312\364\227"
  47      C468E060 
  47      64A86762 
ARM GAS  C:\Users\JEFFSN~1\AppData\Local\Temp\cc9Lv7fa.s 			page 3


  47      AC67FCCA 
  47      F497
  48 002c 89F150FB 		.ascii	"\211\361P\373\263\235L\232\313\033\200\340\301\322\371"
  48      B39D4C9A 
  48      CB1B80E0 
  48      C1D2F9
  49 003b CC0D2B0E 		.ascii	"\314\015+\0160\266230\374g\002\233\304\300\270\234Q"
  49      30B63233 
  49      30FC6702 
  49      9BC4C0B8 
  49      9C51
  50 004d 9301A8EC 		.ascii	"\223\001\250\354\321\306\177Sy\331Z@\312\024 \222\214"
  50      D1C67F53 
  50      79D95A40 
  50      CA142092 
  50      8C
  51 005e 2B18D940 		.ascii	"+\030\331@\326\255\017:\320\360\377\177s\303\201\277"
  51      D6AD0F3A 
  51      D0F0FF7F 
  51      73C381BF 
  52 006e AC0B7980 		.ascii	"\254\013y\200\022\037\200\030d\315G&&\020\315\374\212"
  52      121F8018 
  52      64CD4726 
  52      2610CDFC 
  52      8A
  53 007f 9109A414 		.ascii	"\221\011\244\024l\332\007&F\220\030P\205\262{j^jQbI"
  53      6CDA0726 
  53      46901850 
  53      85B27B6A 
  53      5E6A5162 
  54 0094 6A4A7C70 		.ascii	"jJ|p~iQrjL@p\276\263iLp\200\247o\274Q|\200\257^2\003"
  54      7E695172 
  54      6A4C4070 
  54      BEB3694C 
  54      7080A76F 
  55 00b0 00061E38 		.ascii	"\000\006\0368\253"
  55      AB
  56              		.text
  57              		.section	.gnu.lto_SPIM_2_Sleep.7239f932,"",%progbits
  58 0000 789C6550 		.ascii	"x\234eP=KcQ\020\235s\357\313Kt\021\355\025\024\304\302"
  58      3D4B6351 
  58      109D73EF 
  58      CB4B7411 
  58      ED1514C4 
  59 0015 4645F017 		.ascii	"FE\360\027\010.\026B0\330\011aq\323*\210\326\271\361"
  59      082E1642 
  59      30D80961 
  59      71D32A88 
  59      D6B9F1
  60 0028 F9F0A310 		.ascii	"\371\360\243\020\033mD\264\3633&\312*\233\356\031E\020"
  60      1B6D44B4 
  60      F33326CA 
  60      2A9BEE19 
  60      4510
  61 003a 446159B7 		.ascii	"DaY\267X\033\025\014\213ZD\321Bw5\316\274\267\205\340"
  61      581B150C 
  61      8B5A44D1 
ARM GAS  C:\Users\JEFFSN~1\AppData\Local\Temp\cc9Lv7fa.s 			page 4


  61      427735CE 
  61      BCB785E0 
  62 004e C0BD7367 		.ascii	"\300\275sg\346\3349\207c\021H\3427\247\006\316\325|"
  62      E6DC3987 
  62      631148E2 
  62      37A706CE 
  62      D57C
  63 0060 A0096AFA 		.ascii	"\240\011j\372\230(\025Q\200<L\004\224TH\342Q\275(\344"
  63      98281551 
  63      803C4C04 
  63      945448E2 
  63      51BD28E4 
  64 0074 C70A39D5 		.ascii	"\307\0129\325\270d8\316\257nZ\314\262\007W\023\225\224"
  64      B86438CE 
  64      AF6E5ACC 
  64      B2075713 
  64      9594
  65 0086 BF89B084 		.ascii	"\277\211\260\204Fb\330\345\346\353L\205=*\260\272`\210"
  65      4662D8E5 
  65      E6EB4C85 
  65      3D2AB0BA 
  65      6088
  66 0098 65D84297 		.ascii	"e\330B\227\351\366L\251\344\030\357\316\336}\266y\267"
  66      E9F64CA9 
  66      E418EFCE 
  66      DE7DB679 
  66      B7
  67 00a9 AB99932F 		.ascii	"\253\231\223/\213/\025\222\027Q\221\177\010\367\235"
  67      8B2F1592 
  67      1751917F 
  67      08F79D
  68 00b8 52927501 		.ascii	"R\222u\001\371\347\311_s\337 [\034\255\231a\326\315"
  68      F9E7C95F 
  68      73DF205B 
  68      1CAD9961 
  68      D6CD
  69 00ca 9F841F94 		.ascii	"\237\204\037\224\253\031\317\345\312\366N\366\1779w"
  69      AB19CFE5 
  69      CAF64EF6 
  69      7F3977
  70 00d9 983216B7 		.ascii	"\2302\026\267\026\267\366\322\225\013\230O\215\262D"
  70      16B7F6D2 
  70      950B984F 
  70      8DB244
  71 00e8 0BABA8C1 		.ascii	"\013\253\250\301\012jX\311\032\026@\0058\377:\310\321"
  71      0A6A58C9 
  71      1A164005 
  71      38FF3AC8 
  71      D1
  72 00f9 08D6FD28 		.ascii	"\010\326\375(\036\315\177\222\377@\025\326\031\306\363"
  72      1ECD7F92 
  72      FF4015D6 
  72      19C6F3
  73 0108 9DB19F56 		.ascii	"\235\261\237V@h1\216A\231\333\334SE\000\"\244}\320\310"
  73      4068318E 
  73      4199DBDC 
  73      53450022 
ARM GAS  C:\Users\JEFFSN~1\AppData\Local\Temp\cc9Lv7fa.s 			page 5


  73      A47DD0C8 
  74 011c 7D388084 		.ascii	"}8\200\204\030%\365\354E\2554\336+\014\371\012s\271"
  74      1825F5EC 
  74      45AD34DE 
  74      2B0CF90A 
  74      73B9
  75 012e DBB370F2 		.ascii	"\333\263p\362\305\214\033S\305\275\011vM\332\327G\247"
  75      C58C1B53 
  75      C5BD0976 
  75      4DDAD747 
  75      A7
  76 013f FBE5A2D2 		.ascii	"\373\345\242\322\370}\033\031\266zCt\362p\352{v\"\322"
  76      F87D1B19 
  76      B67A4374 
  76      F270EA7B 
  76      7622D2
  77 0152 9C161B4D 		.ascii	"\234\026\033M\217\253\303\310\262\364W\337kl\242\231"
  77      8FABC3C8 
  77      B2F457DF 
  77      6B6CA299 
  78 0162 59E90F1C 		.ascii	"Y\351\017\034\357\351@\011\347G\226HI\261\233\330B\222"
  78      EFE94009 
  78      E7479648 
  78      49B19BD8 
  78      4292
  79 0174 7D2DA36B 		.ascii	"}-\243k\214x\177;|\250D\221\207\354.\257\253\377\234"
  79      8C787F3B 
  79      7CA84491 
  79      87EC2EAF 
  79      ABFF9C
  80 0187 E84F0C7E 		.ascii	"\350O\014~\031J|\215\307\006\206\007\373\022\275\321"
  80      194A7C8D 
  80      C7068607 
  80      FB12BDD1 
  81 0197 D8407B5B 		.ascii	"\330@{[o,\332\331\025o\215G\273\232\372\350\015F\217"
  81      6F2CDAD9 
  81      156F8D47 
  81      BB9AFAE8 
  81      0D468F
  82 01aa AE22     		.ascii	"\256\""
  83              		.text
  84              		.section	.gnu.lto_SPIM_2_backup.7239f932,"",%progbits
  85 0000 789C6361 		.ascii	"x\234ca`d\000\001g \206\260\030\030\37621\256\373\364"
  85      60640001 
  85      672086B0 
  85      1818FE32 
  85      31AEFBF4 
  86 0014 651DDB17 		.ascii	"e\035\333\027\246Vf\006F~ w\375\233\235?y!\\\220\354"
  86      A6566606 
  86      467E2077 
  86      FD9B9D3F 
  86      79215C90 
  87 0029 9E398BAF 		.ascii	"\2369\213\2573Zlk\350X\320\240\320\312\314\370\217\211"
  87      335A6C6B 
  87      E858D0A0 
  87      D0CACCF8 
  87      8F89
ARM GAS  C:\Users\JEFFSN~1\AppData\Local\Temp\cc9Lv7fa.s 			page 6


  88 003b 817105A3 		.ascii	"\201q\005\243\314?&F\306\345\2142\014\214+\031-\030"
  88      CC3F2646 
  88      C6E58C32 
  88      0C8C2B19 
  88      2D18
  89 004d 00BFD917 		.ascii	"\000\277\331\027\372"
  89      FA
  90              		.text
  91              		.section	.gnu.lto_SPIM_2_Wakeup.7239f932,"",%progbits
  92 0000 789C754F 		.ascii	"x\234uO\277K\202Q\024\275\347\275\347\247\210A\177@"
  92      BF4B8251 
  92      14BDE7BD 
  92      E7A78841 
  92      7F40
  93 0012 48100D0D 		.ascii	"H\020\015\015eD\375\005\015Q\020H\256\202D\271\026H"
  93      6544FD05 
  93      0D511048 
  93      AE8244B9 
  93      1648
  94 0024 CD3ED38F 		.ascii	"\315>\323\217j\211\226\332\242Q\373i\266\224N_\321$"
  94      6A8996DA 
  94      A251FB69 
  94      B6944E5F 
  94      D124
  95 0036 9104D5E2 		.ascii	"\221\004\325\342R\015\022\341PPC\204~\335\367\0254D"
  95      520D12E1 
  95      50504384 
  95      7EDDF715 
  95      3444
  96 0048 171EF771 		.ascii	"\027\036\367q\3569\367\334\243\010d*\303\255\227\373"
  96      EE39F7DC 
  96      A308642A 
  96      C3AD97FB 
  97 0058 303FF808 		.ascii	"0?\370\010b\375\212\301\200\020\262\022&\035Tw\021\322"
  97      62FD8AC1 
  97      8010B212 
  97      261D5477 
  97      11D2
  98 006a 2109F50D 		.ascii	"!\011\365\015+\300|t\000\224\026R!\215w\321\0228_n\224"
  98      2BC07C74 
  98      00941652 
  98      218D77D1 
  98      12385F6E 
  99 007f 455F5E73 		.ascii	"E_^s\335\333\356\240.8\260%\221+<\013B\036}\304\264"
  99      DDDBEEA0 
  99      2E38B025 
  99      912B3C0B 
  99      421E7DC4 
 100 0094 C7527BA3 		.ascii	"\307R{\243\303\312\031Z\367\367\020\005X\346\216\342"
 100      C3CA195A 
 100      F7F71005 
 100      58E68EE2 
 101 00a4 94A35D37 		.ascii	"\224\243]7\253\235O\377\331M\320RdK\206_\230b\354^\205"
 101      AB9D4FFF 
 101      D94DD052 
 101      644B865F 
 101      9862EC5E 
ARM GAS  C:\Users\JEFFSN~1\AppData\Local\Temp\cc9Lv7fa.s 			page 7


 102 00b9 305D3E21 		.ascii	"0]>!\353\234T\205\021\231u\345r\263\356O\267\364\212"
 102      EB9C5485 
 102      119975E5 
 102      72B3EE4F 
 102      B7F48A
 103 00cc D69DB614 		.ascii	"\326\235\266\024\256`\011v\220f\261\244\006\226*\245"
 103      AE600976 
 103      9066B1A4 
 103      06962AA5 
 104 00dc DAB1DF90 		.ascii	"\332\261\337\220\263R1}\323>\257\371\337\204\315g\377"
 104      B352317D 
 104      D33EAFF9 
 104      DF84CD67 
 104      FF
 105 00ed 55AB55BE 		.ascii	"U\253U\276\327\300\317\227\267\027\301mle\264\207\373"
 105      D7C0CF97 
 105      B717C16D 
 105      6C65B487 
 105      FB
 106 00fe B0C72177 		.ascii	"\260\307!w\321\345\015\327N\217V\003\221~[Z\330\307"
 106      D1E50DD7 
 106      4E8F5603 
 106      917E5B5A 
 106      D8C7
 107 0110 36DA5E3E 		.ascii	"6\332^>\034 B\017\310\325\263\341_\263b\263\374\321"
 107      1C20420F 
 107      C8D5B3E1 
 107      5FB362B3 
 107      FCD1
 108 0122 61CC00C2 		.ascii	"a\314\000\302\241\221\223\311!\251\022\366b\\WC\377"
 108      A19193C9 
 108      21A912F6 
 108      625C5743 
 108      FF
 109 0133 C6E0AD28 		.ascii	"\306\340\255(\376\3040\"\345\205\177\306\222s;\341\211"
 109      FEC43022 
 109      E5857FC6 
 109      92733BE1 
 109      89
 110 0144 4CBD705A 		.ascii	"L\275pZ\206\231\3333\226\234K\246\246\027\222\263\211"
 110      8699DB33 
 110      969C4BA6 
 110      A61792B3 
 110      89
 111 0155 D8FC626A 		.ascii	"\330\374bj&\031\217\306\346GG\342\261\350\370db(\021"
 111      26198FC6 
 111      E64747E2 
 111      B1E8F864 
 111      622811
 112 0168 9D1C98A1 		.ascii	"\235\034\230\241/\336\331\225\215"
 112      2FDED995 
 112      8D
 113              		.text
 114              		.section	.gnu.lto_.symbol_nodes.7239f932,"",%progbits
 115 0000 789C558A 		.ascii	"x\234U\212\273\025@P\020Dg\177O\256\002z\320\337\276"
 115      BB154050 
 115      1044677F 
ARM GAS  C:\Users\JEFFSN~1\AppData\Local\Temp\cc9Lv7fa.s 			page 8


 115      4FAE027A 
 115      D0DFBE
 116 0013 4001121D 		.ascii	"@\001\022\035\210\344:\020\253\201F\034Kd'\231s\357"
 116      88E43A10 
 116      AB81461C 
 116      4B642799 
 116      73EF
 117 0025 8C823023 		.ascii	"\214\2020#\302\344\300t\000Qk\355C\260S\026\342\234"
 117      C2E4C074 
 117      00516BED 
 117      43B05316 
 117      E29C
 118 0037 8401B505 		.ascii	"\204\001\265\005\204\325%\015d\256\237\210C\355\202"
 118      84D5250D 
 118      64AE9F88 
 118      43ED82
 119 0046 1BB7C4C5 		.ascii	"\033\267\304\305\313\237\205\015\373u\223h\203\345|"
 119      CB9F850D 
 119      FB759368 
 119      83E57C
 120 0055 BB60DC06 		.ascii	"\273`\334\006<\033&\037\275"
 120      3C1B261F 
 120      BD
 121              		.text
 122              		.section	.gnu.lto_.refs.7239f932,"",%progbits
 123 0000 789C6361 		.ascii	"x\234ca`d\340f```dbdfeda`fb\000\000\001\237\000'"
 123      6064E066 
 123      60606064 
 123      62646665 
 123      64616066 
 124              		.text
 125              		.section	.gnu.lto_.decls.7239f932,"",%progbits
 126 0000 789C8D54 		.ascii	"x\234\215ToLSW\024\177\347\275B\351\037&\023\263\360"
 126      6F4C5357 
 126      147FE7BD 
 126      42E91F26 
 126      13B3F0
 127 0013 A11F3A87 		.ascii	"\241\037:\207\011K\02664K\3708mD\315\342$\362g_LX\251"
 127      094B1636 
 127      344BF838 
 127      6D44CDE2 
 127      24F2675F 
 128 002a 6F8ED850 		.ascii	"o\216\330PV\313\022\277]\020d\230l\202\016\224\312\024"
 128      56CB12BF 
 128      5D106498 
 128      6C820E94 
 128      CA14
 129 003c 5826F24F 		.ascii	"X&\362O\012\310?\235[\005)\303R&V!F\263\221\341\027"
 129      0AC83F9D 
 129      5B0529C3 
 129      52265621 
 129      46B391E1 
 130 0051 12759099 		.ascii	"\022u\220\2318d\330\235{\337}\274\272\224e79\355=\367"
 130      3864D89D 
 130      7BDF7DBC 
 130      BA946537 
 130      39ED3DF7 
ARM GAS  C:\Users\JEFFSN~1\AppData\Local\Temp\cc9Lv7fa.s 			page 9


 131 0065 FD7EBF73 		.ascii	"\375~\277s\3569\347=\235\000\002]\241xAx\033\267N\264"
 131      EE39E73D 
 131      9D00025D 
 131      A1784178 
 131      1BB74EB4 
 132 0079 082E7485 		.ascii	"\010.t\205|A[z\264.\264n\264\036\264>\264~\264A\264"
 132      7C415B7A 
 132      B42EB46E 
 132      B41EB43E 
 132      B47EB441 
 133 008e 6134AA12 		.ascii	"a4\252\022\024^]]\374\\\325\001~\366\357\325\035\003"
 133      145E5D5D 
 133      FC5CD501 
 133      7EF6EFD5 
 133      1D03
 134 00a0 D71D0347 		.ascii	"\327\035\003G\343\0329\316BsF\273\207\026F\233A\273"
 134      E31A39CE 
 134      427346BB 
 134      8716469B 
 134      41BB
 135 00b2 85368236 		.ascii	"\2056\2026\213\326\311u\306\320D\316\355_'\317 \307"
 135      8BD6C975 
 135      C6D044CE 
 135      ED5F27CF 
 135      20C7
 136 00c4 58B886C8 		.ascii	"X\270\206\310y\201\0309\010\374\356\372\250<\324x\321"
 136      79811839 
 136      08FCEEFA 
 136      A83CD478 
 136      D1
 137 00d5 39A8B125 		.ascii	"9\250\261%\216\2475\032\\'\376\252\010\2157\316\217"
 137      8EA7351A 
 137      5C27FEAA 
 137      088D37CE 
 137      8F
 138 00e6 C63D80FB 		.ascii	"\306=\200\373\000\002\260%\360\276\010\364\204\377\323"
 138      0002B025 
 138      F0BE08F4 
 138      84FFD3
 139 00f5 0D288EA8 		.ascii	"\015(\216\250\326\011T\220Z:\006\007Ad\370\265s\025"
 139      D6095490 
 139      5A3A0607 
 139      4164F8B5 
 139      7315
 140 0107 B71633A2 		.ascii	"\267\0263\242.\355\010\326\226\212\204WE\251\252\346"
 140      2EED08D6 
 140      968A8457 
 140      45A9AAE6 
 141 0117 A22F6A84 		.ascii	"\242/j\204(=\236=\217\017\321a\231\264\264v\351\013"
 141      283D9E3D 
 141      8F0FD161 
 141      99B4B476 
 141      E90B
 142 0129 1D7F274A 		.ascii	"\035\177'J\250\211\373\337\226/e\245w\022\\5\204\210"
 142      A889FBDF 
 142      962F65A5 
 142      77125C35 
ARM GAS  C:\Users\JEFFSN~1\AppData\Local\Temp\cc9Lv7fa.s 			page 10


 142      8488
 143 013b EF689599 		.ascii	"\357h\225\231\256\3605J\317D\330h\004\035\272K!\357"
 143      AEF0354A 
 143      CF44D868 
 143      041DBA4B 
 143      21EF
 144 014d FC6BE86E 		.ascii	"\374k\350n2\202\025\335\325\211s^1\245\236\361\216\021"
 144      328215DD 
 144      D589735E 
 144      31A59EF1 
 144      8E11
 145 015f AB0EF2DF 		.ascii	"\253\016\362\337\200\016\260@;`c\240\023R\360\267P\247"
 145      800EB040 
 145      3B6063A0 
 145      1352F0B7 
 145      50A7
 146 0171 288D84DB 		.ascii	"(\215\204\333\247\315\233\233\210\317G\346V\036mm \376"
 146      A7CD9B9B 
 146      88CF47E6 
 146      561E6D6D 
 146      20FE
 147 0183 0AA48914 		.ascii	"\012\244\211\024\005\227@\2026H\247)\342\226\376\265"
 147      05974082 
 147      3648A729 
 147      E296FEB5 
 148 0193 C2034CBE 		.ascii	"\302\003L\276\0136\323(M\263M\006i;K\364jeEY\242\242"
 148      0B36D328 
 148      4DB34D06 
 148      693B4BF4 
 148      6A654559 
 149 01a9 E27F2193 		.ascii	"\342\177!\223j\224\3201\211\313\232\304\345h\211n&\021"
 149      6A94D031 
 149      89CB9AC4 
 149      E568896E 
 149      2611
 150 01bb 6EFF7ACA 		.ascii	"n\377z\312$\3453\211\352\307\301\260\011%\232P\342\327"
 150      24E53389 
 150      EAC7C1B0 
 150      09259A50 
 150      E2D7
 151 01cd 8099D494 		.ascii	"\200\231\324\224\021\362\001\323\360i\032\276h\215\036"
 151      11F201D3 
 151      F0691ABE 
 151      688D1E
 152 01dc A6B1B054 		.ascii	"\246\261\260T\375B/9\230\306\331\227\017\207$\256\361"
 152      FD422F39 
 152      98C6D997 
 152      0F8724AE 
 152      F1
 153 01ed D778B446 		.ascii	"\327x\264F\257\246\321\033\255\321\3074\232\007\236"
 153      AFA6D11B 
 153      ADD1C734 
 153      9A079E
 154 01fc 54E9A5CF 		.ascii	"T\351\245\317\231F\260\361\253!Z\2209\202\005\251\332"
 154      9946B0F1 
 154      AB215A90 
 154      398205A9 
ARM GAS  C:\Users\JEFFSN~1\AppData\Local\Temp\cc9Lv7fa.s 			page 11


 154      DA
 155 020d B7D44B2A 		.ascii	"\267\324K*\014L\342\212&q\005\224vA?\243?i\011\215n"
 155      0C4CE28A 
 155      26710594 
 155      76413FA3 
 155      3F69098D 
 156 0222 90CE83D2 		.ascii	"\220\316\203\322\263\347'\257\031\024\276\177(`\366"
 156      B3E727AF 
 156      1914BE7F 
 156      2860F6
 157 0231 D700630F 		.ascii	"\327\000c\017h\354\001\225=\310\330\375\255\213\345"
 157      68EC0195 
 157      3DC8D8FD 
 157      AD8BE5
 158 0240 06A95361 		.ascii	"\006\251SaO\236\276]\306\243\373\033\307\327\330C\032"
 158      4F9EBE5D 
 158      C6A3FB1B 
 158      C7D7D843 
 158      1A
 159 0251 7B48650F 		.ascii	"{He\0173v\357\304\350I\235t]a\217E\236\3737(c!\242{"
 159      3376EFC4 
 159      E8499D74 
 159      5D618F45 
 159      9EFB3728 
 160 0269 6771F25B 		.ascii	"gq\362[\2232\026I\264\325\365\017\357\232\245\240\002"
 160      93321649 
 160      B4D5F50F 
 160      EF9AA5A0 
 160      02
 161 027a EDAE7CD4 		.ascii	"\355\256|\324\226\200\317,F\210\000\365\037\017/'*>"
 161      9680CF2C 
 161      468800F5 
 161      1F0F2F27 
 161      2A3E
 162 028c 7DDC503B 		.ascii	"}\334P;\377\322$\3152\254\030\236\357X\320A\232\361"
 162      FFD224CD 
 162      32AC189E 
 162      EF58D041 
 162      9AF1
 163 029e 229DA8B9 		.ascii	"\"\235\250\271\225)\347\231*:\"#`\004\277\226\230\205"
 163      9529E799 
 163      2A3A2223 
 163      6004BF96 
 163      9885
 164 02b0 7E85BE24 		.ascii	"~\205\276$\244\234,\266\220\370\024\001\266Y\340=\213"
 164      A49C2CB6 
 164      90F81401 
 164      B659E03D 
 164      8B
 165 02c1 0037208D 		.ascii	"\0007 \215\252R\024\374\204S\370#N!FxVs\274\023\244"
 165      AA5214FC 
 165      8453F823 
 165      4E214678 
 165      5673BC13 
 166 02d6 088BA07B 		.ascii	"\010\213\240{\332\332\260\252\207\344\324\324\264Z6"
 166      DADAB0AA 
 166      87E4D4D4 
ARM GAS  C:\Users\JEFFSN~1\AppData\Local\Temp\cc9Lv7fa.s 			page 12


 166      B45A36
 167 02e5 B57E42E8 		.ascii	"\265~B\350[\362\003\302\257\261\241\275\011\311T\001"
 167      5BF203C2 
 167      AFB1A1BD 
 167      09C95401 
 168 02f5 C6516C0C 		.ascii	"\306Ql\014R!\000\251\254\012-4\036\366ig\317|%\361}"
 168      522100A9 
 168      AC0A2D34 
 168      1EF66967 
 168      CF7C25F1 
 169 030a C272BA8E 		.ascii	"\302r\272\2169Q<\217\377.\345gXT\260\277>`R\221\243"
 169      39513C8F 
 169      FF2EE567 
 169      5854B0BF 
 169      3E605291 
 170 031f 3190DB28 		.ascii	"1\220\333(\222\335\324_\213cH\022(B\340\227\344\257"
 170      92DDD45F 
 170      8B634812 
 170      2842E097 
 170      E4AF
 171 0331 DFA9AA9A 		.ascii	"\337\251\252\232L\351\004{G\305o~\017/\033!-Y\2414\004"
 171      4CE9047B 
 171      47C56F7E 
 171      0F2F1B21 
 171      2D59A134 
 172 0346 80526EA1 		.ascii	"\200Rn\241\350\317Zi\250\202 \304\274\032L\340\215\326"
 172      E8CF5A69 
 172      A88220C4 
 172      BC1A4CE0 
 172      8DD6
 173 0358 BB1D863A 		.ascii	"\273\035\206:s\356\217\343\246-\337\021\2023\261\342"
 173      73EE8FE3 
 173      A62DDF11 
 173      8233B1E2 
 174 0368 2B3A4DC8 		.ascii	"+:M\310n\246~UQ\217*\021=\311\025\005\010\302\026\344"
 174      6EA67E55 
 174      518F2A11 
 174      3DC91505 
 174      08C216E4 
 175 037c 85C6C267 		.ascii	"\205\306\302g\365\322\005\226\243n\241\273\271\336\010"
 175      F5D20596 
 175      A36EA1BB 
 175      B9DE08
 176 038b 060B2018 		.ascii	"\006\013 \030\322\252X\217\312\233\254\260\326\243\333"
 176      D2AA588F 
 176      CA9BACB0 
 176      D6A3DB
 177 039a 18380406 		.ascii	"\0308\004\006T\231B\310/\250\347\305[\320\023/\301\226"
 177      549942C8 
 177      2FA8E7C5 
 177      5BD0132F 
 177      C196
 178 03ac 26B1ED45 		.ascii	"&\261\355E\365C$P\027&\371 \322\013\242O[Z\361\347L"
 178      F5432450 
 178      1726F920 
 178      D20BA24F 
 178      5B5AF1E7 
ARM GAS  C:\Users\JEFFSN~1\AppData\Local\Temp\cc9Lv7fa.s 			page 13


 179 03c1 BC11F1C7 		.ascii	"\274\021\361\307\376\337\010\204\026\232#z\351{\245"
 179      FEDF0884 
 179      169A237A 
 179      E97BA5
 180 03d0 8E7D750D 		.ascii	"\216}u\015uz0\246\305\240\337\215AWg1\317{\252\214X"
 180      757A30A6 
 180      C5A0DF8D 
 180      41576731 
 180      CF7BAA8C 
 181 03e5 218CDDBC 		.ascii	"!\214\335\274\243\025|\032\214J\371\332\236\216\372"
 181      A3157C1A 
 181      8C4AF9DA 
 181      9E8EFA
 182 03f4 C17C82DE 		.ascii	"\301|\202\336\030?\205\033w3\240\366-\274\007f\226?"
 182      183F851B 
 182      7733A0F6 
 182      2DBC0766 
 182      963F
 183 0406 FE23B8AC 		.ascii	"\376#\270\254\356\246O\212\006\323Bk\340\031\016\236"
 183      EEA64F8A 
 183      06D3426B 
 183      E0190E9E 
 184 0416 6160EFFD 		.ascii	"a`\357\375\306`B4\230\276\247\032x\026\314j2\270\025"
 184      C6604234 
 184      98BEA71A 
 184      7816CC6A 
 184      32B815
 185 0429 5ECFC9DE 		.ascii	"^\317\311\336\263\267`kA\216\375\013\331\346*\376\264"
 185      B3B7606B 
 185      418EFD0B 
 185      D9E62AFE 
 185      B4
 186 043a E850C2AE 		.ascii	"\350P\302\256\217\362\254\266\214\014\341\255]r\261"
 186      8FF2ACB6 
 186      8C0CE1AD 
 186      5D72B1
 187 0449 ECB67BE4 		.ascii	"\354\266{\344\203\0059\256R\267C>\220\235\343\262\275"
 187      830539AE 
 187      52B7433E 
 187      909DE3B2 
 187      BD
 188 045a 7F8033B2 		.ascii	"\177\2003\262\367\246;\204M\334\331/\037\361\270\334"
 188      F7A63B84 
 188      4DDCD92F 
 188      1FF1B8DC 
 189 046a 5CC1AC6A 		.ascii	"\\\301\254j:e\271$\221;\037\333\017\313\245%&\365\221"
 189      3A65B924 
 189      913B1FDB 
 189      0FCBA525 
 189      26F591
 190 047d C75562FD 		.ascii	"\307Ub\375O\375\364\317\004\225\272\263\330^\350\224"
 190      4FFDF4CF 
 190      0495BAB3 
 190      D85EE894 
 191 048d 93B86773 		.ascii	"\223\270gs\312vw\326\236\254}\352\343B\273\3430*\313"
 191      CA7677D6 
 191      9EAC7DEA 
ARM GAS  C:\Users\JEFFSN~1\AppData\Local\Temp\cc9Lv7fa.s 			page 14


 191      E342BBE3 
 191      302ACB
 192 04a0 0C95E341 		.ascii	"\014\225\343A\301\270\322\242bO\346\233\353\350;\216"
 192      C1B8D2A2 
 192      624FE69B 
 192      EBE83B8E 
 193 04b0 7A8E96C8 		.ascii	"z\216\226\310G0\200\321Q\354qg\313\356\"\327A\365\""
 193      473080D1 
 193      51EC7167 
 193      CBEE22D7 
 193      41F522
 194 04c3 3BB6DB3E 		.ascii	";\266\333>\314\313.\310\311\335\237g\313\215+\330\341"
 194      CCCB2EC8 
 194      C9DD9F67 
 194      CB8D2BD8 
 194      E1
 195 04d4 7239756E 		.ascii	"r9un\371P\346?>\023^\354"
 195      F950E63F 
 195      3E135EEC 
 196              		.text
 197              		.section	.gnu.lto_.symtab.7239f932,"",%progbits
 198 0000 5350494D 		.ascii	"SPIM_2_SaveConfig\000"
 198      5F325F53 
 198      61766543 
 198      6F6E6669 
 198      6700
 199 0012 00       		.ascii	"\000"
 200 0013 00       		.ascii	"\000"
 201 0014 00       		.ascii	"\000"
 202 0015 00000000 		.ascii	"\000\000\000\000\000\000\000\000"
 202      00000000 
 203 001d AD000000 		.ascii	"\255\000\000\000"
 204 0021 5350494D 		.ascii	"SPIM_2_RestoreConfig\000"
 204      5F325F52 
 204      6573746F 
 204      7265436F 
 204      6E666967 
 205 0036 00       		.ascii	"\000"
 206 0037 00       		.ascii	"\000"
 207 0038 00       		.ascii	"\000"
 208 0039 00000000 		.ascii	"\000\000\000\000\000\000\000\000"
 208      00000000 
 209 0041 AF000000 		.ascii	"\257\000\000\000"
 210 0045 5350494D 		.ascii	"SPIM_2_Sleep\000"
 210      5F325F53 
 210      6C656570 
 210      00
 211 0052 00       		.ascii	"\000"
 212 0053 00       		.ascii	"\000"
 213 0054 00       		.ascii	"\000"
 214 0055 00000000 		.ascii	"\000\000\000\000\000\000\000\000"
 214      00000000 
 215 005d B1000000 		.ascii	"\261\000\000\000"
 216 0061 5350494D 		.ascii	"SPIM_2_Wakeup\000"
 216      5F325F57 
 216      616B6575 
 216      7000
ARM GAS  C:\Users\JEFFSN~1\AppData\Local\Temp\cc9Lv7fa.s 			page 15


 217 006f 00       		.ascii	"\000"
 218 0070 00       		.ascii	"\000"
 219 0071 00       		.ascii	"\000"
 220 0072 00000000 		.ascii	"\000\000\000\000\000\000\000\000"
 220      00000000 
 221 007a B3000000 		.ascii	"\263\000\000\000"
 222 007e 5350494D 		.ascii	"SPIM_2_Stop\000"
 222      5F325F53 
 222      746F7000 
 223 008a 00       		.ascii	"\000"
 224 008b 02       		.ascii	"\002"
 225 008c 00       		.ascii	"\000"
 226 008d 00000000 		.ascii	"\000\000\000\000\000\000\000\000"
 226      00000000 
 227 0095 B5000000 		.ascii	"\265\000\000\000"
 228 0099 5350494D 		.ascii	"SPIM_2_Enable\000"
 228      5F325F45 
 228      6E61626C 
 228      6500
 229 00a7 00       		.ascii	"\000"
 230 00a8 02       		.ascii	"\002"
 231 00a9 00       		.ascii	"\000"
 232 00aa 00000000 		.ascii	"\000\000\000\000\000\000\000\000"
 232      00000000 
 233 00b2 B7000000 		.ascii	"\267\000\000\000"
 234 00b6 5350494D 		.ascii	"SPIM_2_ClearFIFO\000"
 234      5F325F43 
 234      6C656172 
 234      4649464F 
 234      00
 235 00c7 00       		.ascii	"\000"
 236 00c8 02       		.ascii	"\002"
 237 00c9 00       		.ascii	"\000"
 238 00ca 00000000 		.ascii	"\000\000\000\000\000\000\000\000"
 238      00000000 
 239 00d2 B9000000 		.ascii	"\271\000\000\000"
 240              		.text
 241              		.section	.gnu.lto_.opts,"",%progbits
 242 0000 272D666D 		.ascii	"'-fmath-errno' '-fsigned-zeros' '-ftrapping-math' '"
 242      6174682D 
 242      6572726E 
 242      6F272027 
 242      2D667369 
 243 0033 2D666E6F 		.ascii	"-fno-trapv' '-fno-strict-overflow' '-fno-openmp' '-"
 243      2D747261 
 243      70762720 
 243      272D666E 
 243      6F2D7374 
 244 0066 666E6F2D 		.ascii	"fno-openacc' '-mcpu=cortex-m3' '-mthumb' '-g' '-Og'"
 244      6F70656E 
 244      61636327 
 244      20272D6D 
 244      6370753D 
 245 0099 20272D66 		.ascii	" '-ffunction-sections' '-ffat-lto-objects' '-finlin"
 245      66756E63 
 245      74696F6E 
 245      2D736563 
ARM GAS  C:\Users\JEFFSN~1\AppData\Local\Temp\cc9Lv7fa.s 			page 16


 245      74696F6E 
 246 00cc 652D6675 		.ascii	"e-functions' '-flto'\000"
 246      6E637469 
 246      6F6E7327 
 246      20272D66 
 246      6C746F27 
 247              		.text
 248              		.cfi_sections	.debug_frame
 249              		.section	.text.SPIM_2_SaveConfig,"ax",%progbits
 250              		.align	2
 251              		.global	SPIM_2_SaveConfig
 252              		.thumb
 253              		.thumb_func
 254              		.type	SPIM_2_SaveConfig, %function
 255              	SPIM_2_SaveConfig:
 256              	.LFB0:
 257              		.file 1 "Generated_Source\\PSoC5\\SPIM_2_PM.c"
   1:Generated_Source\PSoC5/SPIM_2_PM.c **** /*******************************************************************************
   2:Generated_Source\PSoC5/SPIM_2_PM.c **** * File Name: SPIM_2_PM.c
   3:Generated_Source\PSoC5/SPIM_2_PM.c **** * Version 2.50
   4:Generated_Source\PSoC5/SPIM_2_PM.c **** *
   5:Generated_Source\PSoC5/SPIM_2_PM.c **** * Description:
   6:Generated_Source\PSoC5/SPIM_2_PM.c **** *  This file contains the setup, control and status commands to support
   7:Generated_Source\PSoC5/SPIM_2_PM.c **** *  component operations in low power mode.
   8:Generated_Source\PSoC5/SPIM_2_PM.c **** *
   9:Generated_Source\PSoC5/SPIM_2_PM.c **** * Note:
  10:Generated_Source\PSoC5/SPIM_2_PM.c **** *
  11:Generated_Source\PSoC5/SPIM_2_PM.c **** ********************************************************************************
  12:Generated_Source\PSoC5/SPIM_2_PM.c **** * Copyright 2008-2015, Cypress Semiconductor Corporation.  All rights reserved.
  13:Generated_Source\PSoC5/SPIM_2_PM.c **** * You may use this file only in accordance with the license, terms, conditions,
  14:Generated_Source\PSoC5/SPIM_2_PM.c **** * disclaimers, and limitations in the end user license agreement accompanying
  15:Generated_Source\PSoC5/SPIM_2_PM.c **** * the software package with which this file was provided.
  16:Generated_Source\PSoC5/SPIM_2_PM.c **** *******************************************************************************/
  17:Generated_Source\PSoC5/SPIM_2_PM.c **** 
  18:Generated_Source\PSoC5/SPIM_2_PM.c **** #include "SPIM_2_PVT.h"
  19:Generated_Source\PSoC5/SPIM_2_PM.c **** 
  20:Generated_Source\PSoC5/SPIM_2_PM.c **** static SPIM_2_BACKUP_STRUCT SPIM_2_backup =
  21:Generated_Source\PSoC5/SPIM_2_PM.c **** {
  22:Generated_Source\PSoC5/SPIM_2_PM.c ****     SPIM_2_DISABLED,
  23:Generated_Source\PSoC5/SPIM_2_PM.c ****     SPIM_2_BITCTR_INIT,
  24:Generated_Source\PSoC5/SPIM_2_PM.c **** };
  25:Generated_Source\PSoC5/SPIM_2_PM.c **** 
  26:Generated_Source\PSoC5/SPIM_2_PM.c **** 
  27:Generated_Source\PSoC5/SPIM_2_PM.c **** /*******************************************************************************
  28:Generated_Source\PSoC5/SPIM_2_PM.c **** * Function Name: SPIM_2_SaveConfig
  29:Generated_Source\PSoC5/SPIM_2_PM.c **** ********************************************************************************
  30:Generated_Source\PSoC5/SPIM_2_PM.c **** *
  31:Generated_Source\PSoC5/SPIM_2_PM.c **** * Summary:
  32:Generated_Source\PSoC5/SPIM_2_PM.c **** *  Empty function. Included for consistency with other components.
  33:Generated_Source\PSoC5/SPIM_2_PM.c **** *
  34:Generated_Source\PSoC5/SPIM_2_PM.c **** * Parameters:
  35:Generated_Source\PSoC5/SPIM_2_PM.c **** *  None.
  36:Generated_Source\PSoC5/SPIM_2_PM.c **** *
  37:Generated_Source\PSoC5/SPIM_2_PM.c **** * Return:
  38:Generated_Source\PSoC5/SPIM_2_PM.c **** *  None.
  39:Generated_Source\PSoC5/SPIM_2_PM.c **** *
  40:Generated_Source\PSoC5/SPIM_2_PM.c **** *******************************************************************************/
ARM GAS  C:\Users\JEFFSN~1\AppData\Local\Temp\cc9Lv7fa.s 			page 17


  41:Generated_Source\PSoC5/SPIM_2_PM.c **** void SPIM_2_SaveConfig(void) 
  42:Generated_Source\PSoC5/SPIM_2_PM.c **** {
 258              		.loc 1 42 0
 259              		.cfi_startproc
 260              		@ args = 0, pretend = 0, frame = 0
 261              		@ frame_needed = 0, uses_anonymous_args = 0
 262              		@ link register save eliminated.
 263 0000 7047     		bx	lr
 264              		.cfi_endproc
 265              	.LFE0:
 266              		.size	SPIM_2_SaveConfig, .-SPIM_2_SaveConfig
 267 0002 00BF     		.section	.text.SPIM_2_RestoreConfig,"ax",%progbits
 268              		.align	2
 269              		.global	SPIM_2_RestoreConfig
 270              		.thumb
 271              		.thumb_func
 272              		.type	SPIM_2_RestoreConfig, %function
 273              	SPIM_2_RestoreConfig:
 274              	.LFB1:
  43:Generated_Source\PSoC5/SPIM_2_PM.c **** 
  44:Generated_Source\PSoC5/SPIM_2_PM.c **** }
  45:Generated_Source\PSoC5/SPIM_2_PM.c **** 
  46:Generated_Source\PSoC5/SPIM_2_PM.c **** 
  47:Generated_Source\PSoC5/SPIM_2_PM.c **** /*******************************************************************************
  48:Generated_Source\PSoC5/SPIM_2_PM.c **** * Function Name: SPIM_2_RestoreConfig
  49:Generated_Source\PSoC5/SPIM_2_PM.c **** ********************************************************************************
  50:Generated_Source\PSoC5/SPIM_2_PM.c **** *
  51:Generated_Source\PSoC5/SPIM_2_PM.c **** * Summary:
  52:Generated_Source\PSoC5/SPIM_2_PM.c **** *  Empty function. Included for consistency with other components.
  53:Generated_Source\PSoC5/SPIM_2_PM.c **** *
  54:Generated_Source\PSoC5/SPIM_2_PM.c **** * Parameters:
  55:Generated_Source\PSoC5/SPIM_2_PM.c **** *  None.
  56:Generated_Source\PSoC5/SPIM_2_PM.c **** *
  57:Generated_Source\PSoC5/SPIM_2_PM.c **** * Return:
  58:Generated_Source\PSoC5/SPIM_2_PM.c **** *  None.
  59:Generated_Source\PSoC5/SPIM_2_PM.c **** *
  60:Generated_Source\PSoC5/SPIM_2_PM.c **** *******************************************************************************/
  61:Generated_Source\PSoC5/SPIM_2_PM.c **** void SPIM_2_RestoreConfig(void) 
  62:Generated_Source\PSoC5/SPIM_2_PM.c **** {
 275              		.loc 1 62 0
 276              		.cfi_startproc
 277              		@ args = 0, pretend = 0, frame = 0
 278              		@ frame_needed = 0, uses_anonymous_args = 0
 279              		@ link register save eliminated.
 280 0000 7047     		bx	lr
 281              		.cfi_endproc
 282              	.LFE1:
 283              		.size	SPIM_2_RestoreConfig, .-SPIM_2_RestoreConfig
 284 0002 00BF     		.section	.text.SPIM_2_Sleep,"ax",%progbits
 285              		.align	2
 286              		.global	SPIM_2_Sleep
 287              		.thumb
 288              		.thumb_func
 289              		.type	SPIM_2_Sleep, %function
 290              	SPIM_2_Sleep:
 291              	.LFB2:
  63:Generated_Source\PSoC5/SPIM_2_PM.c **** 
ARM GAS  C:\Users\JEFFSN~1\AppData\Local\Temp\cc9Lv7fa.s 			page 18


  64:Generated_Source\PSoC5/SPIM_2_PM.c **** }
  65:Generated_Source\PSoC5/SPIM_2_PM.c **** 
  66:Generated_Source\PSoC5/SPIM_2_PM.c **** 
  67:Generated_Source\PSoC5/SPIM_2_PM.c **** /*******************************************************************************
  68:Generated_Source\PSoC5/SPIM_2_PM.c **** * Function Name: SPIM_2_Sleep
  69:Generated_Source\PSoC5/SPIM_2_PM.c **** ********************************************************************************
  70:Generated_Source\PSoC5/SPIM_2_PM.c **** *
  71:Generated_Source\PSoC5/SPIM_2_PM.c **** * Summary:
  72:Generated_Source\PSoC5/SPIM_2_PM.c **** *  Prepare SPIM Component goes to sleep.
  73:Generated_Source\PSoC5/SPIM_2_PM.c **** *
  74:Generated_Source\PSoC5/SPIM_2_PM.c **** * Parameters:
  75:Generated_Source\PSoC5/SPIM_2_PM.c **** *  None.
  76:Generated_Source\PSoC5/SPIM_2_PM.c **** *
  77:Generated_Source\PSoC5/SPIM_2_PM.c **** * Return:
  78:Generated_Source\PSoC5/SPIM_2_PM.c **** *  None.
  79:Generated_Source\PSoC5/SPIM_2_PM.c **** *
  80:Generated_Source\PSoC5/SPIM_2_PM.c **** * Global Variables:
  81:Generated_Source\PSoC5/SPIM_2_PM.c **** *  SPIM_2_backup - modified when non-retention registers are saved.
  82:Generated_Source\PSoC5/SPIM_2_PM.c **** *
  83:Generated_Source\PSoC5/SPIM_2_PM.c **** * Reentrant:
  84:Generated_Source\PSoC5/SPIM_2_PM.c **** *  No.
  85:Generated_Source\PSoC5/SPIM_2_PM.c **** *
  86:Generated_Source\PSoC5/SPIM_2_PM.c **** *******************************************************************************/
  87:Generated_Source\PSoC5/SPIM_2_PM.c **** void SPIM_2_Sleep(void) 
  88:Generated_Source\PSoC5/SPIM_2_PM.c **** {
 292              		.loc 1 88 0
 293              		.cfi_startproc
 294              		@ args = 0, pretend = 0, frame = 0
 295              		@ frame_needed = 0, uses_anonymous_args = 0
 296              		.loc 1 88 0
 297 0000 08B5     		push	{r3, lr}
 298              		.cfi_def_cfa_offset 8
 299              		.cfi_offset 3, -8
 300              		.cfi_offset 14, -4
  89:Generated_Source\PSoC5/SPIM_2_PM.c ****     /* Save components enable state */
  90:Generated_Source\PSoC5/SPIM_2_PM.c ****     SPIM_2_backup.enableState = ((uint8) SPIM_2_IS_ENABLED);
 301              		.loc 1 90 0
 302 0002 044B     		ldr	r3, .L5
 303 0004 1B78     		ldrb	r3, [r3]	@ zero_extendqisi2
 304 0006 C3F30013 		ubfx	r3, r3, #4, #1
 305 000a 034A     		ldr	r2, .L5+4
 306 000c 1370     		strb	r3, [r2]
  91:Generated_Source\PSoC5/SPIM_2_PM.c **** 
  92:Generated_Source\PSoC5/SPIM_2_PM.c ****     SPIM_2_Stop();
 307              		.loc 1 92 0
 308 000e FFF7FEFF 		bl	SPIM_2_Stop
 309              	.LVL0:
 310 0012 08BD     		pop	{r3, pc}
 311              	.L6:
 312              		.align	2
 313              	.L5:
 314 0014 9B640040 		.word	1073767579
 315 0018 00000000 		.word	.LANCHOR0
 316              		.cfi_endproc
 317              	.LFE2:
 318              		.size	SPIM_2_Sleep, .-SPIM_2_Sleep
 319              		.section	.text.SPIM_2_Wakeup,"ax",%progbits
ARM GAS  C:\Users\JEFFSN~1\AppData\Local\Temp\cc9Lv7fa.s 			page 19


 320              		.align	2
 321              		.global	SPIM_2_Wakeup
 322              		.thumb
 323              		.thumb_func
 324              		.type	SPIM_2_Wakeup, %function
 325              	SPIM_2_Wakeup:
 326              	.LFB3:
  93:Generated_Source\PSoC5/SPIM_2_PM.c **** }
  94:Generated_Source\PSoC5/SPIM_2_PM.c **** 
  95:Generated_Source\PSoC5/SPIM_2_PM.c **** 
  96:Generated_Source\PSoC5/SPIM_2_PM.c **** /*******************************************************************************
  97:Generated_Source\PSoC5/SPIM_2_PM.c **** * Function Name: SPIM_2_Wakeup
  98:Generated_Source\PSoC5/SPIM_2_PM.c **** ********************************************************************************
  99:Generated_Source\PSoC5/SPIM_2_PM.c **** *
 100:Generated_Source\PSoC5/SPIM_2_PM.c **** * Summary:
 101:Generated_Source\PSoC5/SPIM_2_PM.c **** *  Prepare SPIM Component to wake up.
 102:Generated_Source\PSoC5/SPIM_2_PM.c **** *
 103:Generated_Source\PSoC5/SPIM_2_PM.c **** * Parameters:
 104:Generated_Source\PSoC5/SPIM_2_PM.c **** *  None.
 105:Generated_Source\PSoC5/SPIM_2_PM.c **** *
 106:Generated_Source\PSoC5/SPIM_2_PM.c **** * Return:
 107:Generated_Source\PSoC5/SPIM_2_PM.c **** *  None.
 108:Generated_Source\PSoC5/SPIM_2_PM.c **** *
 109:Generated_Source\PSoC5/SPIM_2_PM.c **** * Global Variables:
 110:Generated_Source\PSoC5/SPIM_2_PM.c **** *  SPIM_2_backup - used when non-retention registers are restored.
 111:Generated_Source\PSoC5/SPIM_2_PM.c **** *  SPIM_2_txBufferWrite - modified every function call - resets to
 112:Generated_Source\PSoC5/SPIM_2_PM.c **** *  zero.
 113:Generated_Source\PSoC5/SPIM_2_PM.c **** *  SPIM_2_txBufferRead - modified every function call - resets to
 114:Generated_Source\PSoC5/SPIM_2_PM.c **** *  zero.
 115:Generated_Source\PSoC5/SPIM_2_PM.c **** *  SPIM_2_rxBufferWrite - modified every function call - resets to
 116:Generated_Source\PSoC5/SPIM_2_PM.c **** *  zero.
 117:Generated_Source\PSoC5/SPIM_2_PM.c **** *  SPIM_2_rxBufferRead - modified every function call - resets to
 118:Generated_Source\PSoC5/SPIM_2_PM.c **** *  zero.
 119:Generated_Source\PSoC5/SPIM_2_PM.c **** *
 120:Generated_Source\PSoC5/SPIM_2_PM.c **** * Reentrant:
 121:Generated_Source\PSoC5/SPIM_2_PM.c **** *  No.
 122:Generated_Source\PSoC5/SPIM_2_PM.c **** *
 123:Generated_Source\PSoC5/SPIM_2_PM.c **** *******************************************************************************/
 124:Generated_Source\PSoC5/SPIM_2_PM.c **** void SPIM_2_Wakeup(void) 
 125:Generated_Source\PSoC5/SPIM_2_PM.c **** {
 327              		.loc 1 125 0
 328              		.cfi_startproc
 329              		@ args = 0, pretend = 0, frame = 0
 330              		@ frame_needed = 0, uses_anonymous_args = 0
 331 0000 08B5     		push	{r3, lr}
 332              		.cfi_def_cfa_offset 8
 333              		.cfi_offset 3, -8
 334              		.cfi_offset 14, -4
 126:Generated_Source\PSoC5/SPIM_2_PM.c ****     #if(SPIM_2_RX_SOFTWARE_BUF_ENABLED)
 127:Generated_Source\PSoC5/SPIM_2_PM.c ****         SPIM_2_rxBufferFull  = 0u;
 128:Generated_Source\PSoC5/SPIM_2_PM.c ****         SPIM_2_rxBufferRead  = 0u;
 129:Generated_Source\PSoC5/SPIM_2_PM.c ****         SPIM_2_rxBufferWrite = 0u;
 130:Generated_Source\PSoC5/SPIM_2_PM.c ****     #endif /* (SPIM_2_RX_SOFTWARE_BUF_ENABLED) */
 131:Generated_Source\PSoC5/SPIM_2_PM.c **** 
 132:Generated_Source\PSoC5/SPIM_2_PM.c ****     #if(SPIM_2_TX_SOFTWARE_BUF_ENABLED)
 133:Generated_Source\PSoC5/SPIM_2_PM.c ****         SPIM_2_txBufferFull  = 0u;
 134:Generated_Source\PSoC5/SPIM_2_PM.c ****         SPIM_2_txBufferRead  = 0u;
ARM GAS  C:\Users\JEFFSN~1\AppData\Local\Temp\cc9Lv7fa.s 			page 20


 135:Generated_Source\PSoC5/SPIM_2_PM.c ****         SPIM_2_txBufferWrite = 0u;
 136:Generated_Source\PSoC5/SPIM_2_PM.c ****     #endif /* (SPIM_2_TX_SOFTWARE_BUF_ENABLED) */
 137:Generated_Source\PSoC5/SPIM_2_PM.c **** 
 138:Generated_Source\PSoC5/SPIM_2_PM.c ****     /* Clear any data from the RX and TX FIFO */
 139:Generated_Source\PSoC5/SPIM_2_PM.c ****     SPIM_2_ClearFIFO();
 335              		.loc 1 139 0
 336 0002 FFF7FEFF 		bl	SPIM_2_ClearFIFO
 337              	.LVL1:
 140:Generated_Source\PSoC5/SPIM_2_PM.c **** 
 141:Generated_Source\PSoC5/SPIM_2_PM.c ****     /* Restore components block enable state */
 142:Generated_Source\PSoC5/SPIM_2_PM.c ****     if(0u != SPIM_2_backup.enableState)
 338              		.loc 1 142 0
 339 0006 034B     		ldr	r3, .L10
 340 0008 1B78     		ldrb	r3, [r3]	@ zero_extendqisi2
 341 000a 0BB1     		cbz	r3, .L7
 143:Generated_Source\PSoC5/SPIM_2_PM.c ****     {
 144:Generated_Source\PSoC5/SPIM_2_PM.c ****         SPIM_2_Enable();
 342              		.loc 1 144 0
 343 000c FFF7FEFF 		bl	SPIM_2_Enable
 344              	.LVL2:
 345              	.L7:
 346 0010 08BD     		pop	{r3, pc}
 347              	.L11:
 348 0012 00BF     		.align	2
 349              	.L10:
 350 0014 00000000 		.word	.LANCHOR0
 351              		.cfi_endproc
 352              	.LFE3:
 353              		.size	SPIM_2_Wakeup, .-SPIM_2_Wakeup
 354              		.data
 355              		.align	2
 356              		.set	.LANCHOR0,. + 0
 357              		.type	SPIM_2_backup, %object
 358              		.size	SPIM_2_backup, 2
 359              	SPIM_2_backup:
 360 0000 00       		.byte	0
 361 0001 0F       		.byte	15
 362              		.text
 363              	.Letext0:
 364              		.file 2 "Generated_Source\\PSoC5\\cytypes.h"
 365              		.file 3 "Generated_Source\\PSoC5\\SPIM_2.h"
 366              		.section	.debug_info,"",%progbits
 367              	.Ldebug_info0:
 368 0000 6F010000 		.4byte	0x16f
 369 0004 0400     		.2byte	0x4
 370 0006 00000000 		.4byte	.Ldebug_abbrev0
 371 000a 04       		.byte	0x4
 372 000b 01       		.uleb128 0x1
 373 000c D4000000 		.4byte	.LASF26
 374 0010 0C       		.byte	0xc
 375 0011 78000000 		.4byte	.LASF27
 376 0015 DE010000 		.4byte	.LASF28
 377 0019 00000000 		.4byte	.Ldebug_ranges0+0
 378 001d 00000000 		.4byte	0
 379 0021 00000000 		.4byte	.Ldebug_line0
 380 0025 02       		.uleb128 0x2
 381 0026 01       		.byte	0x1
ARM GAS  C:\Users\JEFFSN~1\AppData\Local\Temp\cc9Lv7fa.s 			page 21


 382 0027 06       		.byte	0x6
 383 0028 71020000 		.4byte	.LASF0
 384 002c 02       		.uleb128 0x2
 385 002d 01       		.byte	0x1
 386 002e 08       		.byte	0x8
 387 002f 38000000 		.4byte	.LASF1
 388 0033 02       		.uleb128 0x2
 389 0034 02       		.byte	0x2
 390 0035 05       		.byte	0x5
 391 0036 4D020000 		.4byte	.LASF2
 392 003a 02       		.uleb128 0x2
 393 003b 02       		.byte	0x2
 394 003c 07       		.byte	0x7
 395 003d 0E000000 		.4byte	.LASF3
 396 0041 02       		.uleb128 0x2
 397 0042 04       		.byte	0x4
 398 0043 05       		.byte	0x5
 399 0044 57020000 		.4byte	.LASF4
 400 0048 02       		.uleb128 0x2
 401 0049 04       		.byte	0x4
 402 004a 07       		.byte	0x7
 403 004b 59000000 		.4byte	.LASF5
 404 004f 02       		.uleb128 0x2
 405 0050 08       		.byte	0x8
 406 0051 05       		.byte	0x5
 407 0052 C2010000 		.4byte	.LASF6
 408 0056 02       		.uleb128 0x2
 409 0057 08       		.byte	0x8
 410 0058 07       		.byte	0x7
 411 0059 7B010000 		.4byte	.LASF7
 412 005d 03       		.uleb128 0x3
 413 005e 04       		.byte	0x4
 414 005f 05       		.byte	0x5
 415 0060 696E7400 		.ascii	"int\000"
 416 0064 02       		.uleb128 0x2
 417 0065 04       		.byte	0x4
 418 0066 07       		.byte	0x7
 419 0067 C7000000 		.4byte	.LASF8
 420 006b 04       		.uleb128 0x4
 421 006c 6B000000 		.4byte	.LASF12
 422 0070 02       		.byte	0x2
 423 0071 E901     		.2byte	0x1e9
 424 0073 2C000000 		.4byte	0x2c
 425 0077 02       		.uleb128 0x2
 426 0078 04       		.byte	0x4
 427 0079 04       		.byte	0x4
 428 007a 32000000 		.4byte	.LASF9
 429 007e 02       		.uleb128 0x2
 430 007f 08       		.byte	0x8
 431 0080 04       		.byte	0x4
 432 0081 71000000 		.4byte	.LASF10
 433 0085 02       		.uleb128 0x2
 434 0086 01       		.byte	0x1
 435 0087 08       		.byte	0x8
 436 0088 60020000 		.4byte	.LASF11
 437 008c 04       		.uleb128 0x4
 438 008d 54000000 		.4byte	.LASF13
ARM GAS  C:\Users\JEFFSN~1\AppData\Local\Temp\cc9Lv7fa.s 			page 22


 439 0091 02       		.byte	0x2
 440 0092 9302     		.2byte	0x293
 441 0094 98000000 		.4byte	0x98
 442 0098 05       		.uleb128 0x5
 443 0099 6B000000 		.4byte	0x6b
 444 009d 02       		.uleb128 0x2
 445 009e 08       		.byte	0x8
 446 009f 04       		.byte	0x4
 447 00a0 65020000 		.4byte	.LASF14
 448 00a4 02       		.uleb128 0x2
 449 00a5 04       		.byte	0x4
 450 00a6 07       		.byte	0x7
 451 00a7 B9010000 		.4byte	.LASF15
 452 00ab 06       		.uleb128 0x6
 453 00ac 02       		.byte	0x2
 454 00ad 03       		.byte	0x3
 455 00ae 40       		.byte	0x40
 456 00af CC000000 		.4byte	0xcc
 457 00b3 07       		.uleb128 0x7
 458 00b4 BB000000 		.4byte	.LASF16
 459 00b8 03       		.byte	0x3
 460 00b9 42       		.byte	0x42
 461 00ba 6B000000 		.4byte	0x6b
 462 00be 00       		.byte	0
 463 00bf 07       		.uleb128 0x7
 464 00c0 B0000000 		.4byte	.LASF17
 465 00c4 03       		.byte	0x3
 466 00c5 43       		.byte	0x43
 467 00c6 6B000000 		.4byte	0x6b
 468 00ca 01       		.byte	0x1
 469 00cb 00       		.byte	0
 470 00cc 08       		.uleb128 0x8
 471 00cd 9B000000 		.4byte	.LASF18
 472 00d1 03       		.byte	0x3
 473 00d2 44       		.byte	0x44
 474 00d3 AB000000 		.4byte	0xab
 475 00d7 09       		.uleb128 0x9
 476 00d8 92010000 		.4byte	.LASF19
 477 00dc 01       		.byte	0x1
 478 00dd 29       		.byte	0x29
 479 00de 00000000 		.4byte	.LFB0
 480 00e2 02000000 		.4byte	.LFE0-.LFB0
 481 00e6 01       		.uleb128 0x1
 482 00e7 9C       		.byte	0x9c
 483 00e8 09       		.uleb128 0x9
 484 00e9 A4010000 		.4byte	.LASF20
 485 00ed 01       		.byte	0x1
 486 00ee 3D       		.byte	0x3d
 487 00ef 00000000 		.4byte	.LFB1
 488 00f3 02000000 		.4byte	.LFE1-.LFB1
 489 00f7 01       		.uleb128 0x1
 490 00f8 9C       		.byte	0x9c
 491 00f9 0A       		.uleb128 0xa
 492 00fa 7D020000 		.4byte	.LASF21
 493 00fe 01       		.byte	0x1
 494 00ff 57       		.byte	0x57
 495 0100 00000000 		.4byte	.LFB2
ARM GAS  C:\Users\JEFFSN~1\AppData\Local\Temp\cc9Lv7fa.s 			page 23


 496 0104 1C000000 		.4byte	.LFE2-.LFB2
 497 0108 01       		.uleb128 0x1
 498 0109 9C       		.byte	0x9c
 499 010a 18010000 		.4byte	0x118
 500 010e 0B       		.uleb128 0xb
 501 010f 12000000 		.4byte	.LVL0
 502 0113 51010000 		.4byte	0x151
 503 0117 00       		.byte	0
 504 0118 0A       		.uleb128 0xa
 505 0119 46000000 		.4byte	.LASF22
 506 011d 01       		.byte	0x1
 507 011e 7C       		.byte	0x7c
 508 011f 00000000 		.4byte	.LFB3
 509 0123 18000000 		.4byte	.LFE3-.LFB3
 510 0127 01       		.uleb128 0x1
 511 0128 9C       		.byte	0x9c
 512 0129 40010000 		.4byte	0x140
 513 012d 0B       		.uleb128 0xb
 514 012e 06000000 		.4byte	.LVL1
 515 0132 5C010000 		.4byte	0x15c
 516 0136 0B       		.uleb128 0xb
 517 0137 10000000 		.4byte	.LVL2
 518 013b 67010000 		.4byte	0x167
 519 013f 00       		.byte	0
 520 0140 0C       		.uleb128 0xc
 521 0141 00000000 		.4byte	.LASF29
 522 0145 01       		.byte	0x1
 523 0146 14       		.byte	0x14
 524 0147 CC000000 		.4byte	0xcc
 525 014b 05       		.uleb128 0x5
 526 014c 03       		.byte	0x3
 527 014d 00000000 		.4byte	SPIM_2_backup
 528 0151 0D       		.uleb128 0xd
 529 0152 8A020000 		.4byte	.LASF23
 530 0156 8A020000 		.4byte	.LASF23
 531 015a 03       		.byte	0x3
 532 015b 4E       		.byte	0x4e
 533 015c 0D       		.uleb128 0xd
 534 015d 21000000 		.4byte	.LASF24
 535 0161 21000000 		.4byte	.LASF24
 536 0165 03       		.byte	0x3
 537 0166 66       		.byte	0x66
 538 0167 0D       		.uleb128 0xd
 539 0168 D0010000 		.4byte	.LASF25
 540 016c D0010000 		.4byte	.LASF25
 541 0170 03       		.byte	0x3
 542 0171 4C       		.byte	0x4c
 543 0172 00       		.byte	0
 544              		.section	.debug_abbrev,"",%progbits
 545              	.Ldebug_abbrev0:
 546 0000 01       		.uleb128 0x1
 547 0001 11       		.uleb128 0x11
 548 0002 01       		.byte	0x1
 549 0003 25       		.uleb128 0x25
 550 0004 0E       		.uleb128 0xe
 551 0005 13       		.uleb128 0x13
 552 0006 0B       		.uleb128 0xb
ARM GAS  C:\Users\JEFFSN~1\AppData\Local\Temp\cc9Lv7fa.s 			page 24


 553 0007 03       		.uleb128 0x3
 554 0008 0E       		.uleb128 0xe
 555 0009 1B       		.uleb128 0x1b
 556 000a 0E       		.uleb128 0xe
 557 000b 55       		.uleb128 0x55
 558 000c 17       		.uleb128 0x17
 559 000d 11       		.uleb128 0x11
 560 000e 01       		.uleb128 0x1
 561 000f 10       		.uleb128 0x10
 562 0010 17       		.uleb128 0x17
 563 0011 00       		.byte	0
 564 0012 00       		.byte	0
 565 0013 02       		.uleb128 0x2
 566 0014 24       		.uleb128 0x24
 567 0015 00       		.byte	0
 568 0016 0B       		.uleb128 0xb
 569 0017 0B       		.uleb128 0xb
 570 0018 3E       		.uleb128 0x3e
 571 0019 0B       		.uleb128 0xb
 572 001a 03       		.uleb128 0x3
 573 001b 0E       		.uleb128 0xe
 574 001c 00       		.byte	0
 575 001d 00       		.byte	0
 576 001e 03       		.uleb128 0x3
 577 001f 24       		.uleb128 0x24
 578 0020 00       		.byte	0
 579 0021 0B       		.uleb128 0xb
 580 0022 0B       		.uleb128 0xb
 581 0023 3E       		.uleb128 0x3e
 582 0024 0B       		.uleb128 0xb
 583 0025 03       		.uleb128 0x3
 584 0026 08       		.uleb128 0x8
 585 0027 00       		.byte	0
 586 0028 00       		.byte	0
 587 0029 04       		.uleb128 0x4
 588 002a 16       		.uleb128 0x16
 589 002b 00       		.byte	0
 590 002c 03       		.uleb128 0x3
 591 002d 0E       		.uleb128 0xe
 592 002e 3A       		.uleb128 0x3a
 593 002f 0B       		.uleb128 0xb
 594 0030 3B       		.uleb128 0x3b
 595 0031 05       		.uleb128 0x5
 596 0032 49       		.uleb128 0x49
 597 0033 13       		.uleb128 0x13
 598 0034 00       		.byte	0
 599 0035 00       		.byte	0
 600 0036 05       		.uleb128 0x5
 601 0037 35       		.uleb128 0x35
 602 0038 00       		.byte	0
 603 0039 49       		.uleb128 0x49
 604 003a 13       		.uleb128 0x13
 605 003b 00       		.byte	0
 606 003c 00       		.byte	0
 607 003d 06       		.uleb128 0x6
 608 003e 13       		.uleb128 0x13
 609 003f 01       		.byte	0x1
ARM GAS  C:\Users\JEFFSN~1\AppData\Local\Temp\cc9Lv7fa.s 			page 25


 610 0040 0B       		.uleb128 0xb
 611 0041 0B       		.uleb128 0xb
 612 0042 3A       		.uleb128 0x3a
 613 0043 0B       		.uleb128 0xb
 614 0044 3B       		.uleb128 0x3b
 615 0045 0B       		.uleb128 0xb
 616 0046 01       		.uleb128 0x1
 617 0047 13       		.uleb128 0x13
 618 0048 00       		.byte	0
 619 0049 00       		.byte	0
 620 004a 07       		.uleb128 0x7
 621 004b 0D       		.uleb128 0xd
 622 004c 00       		.byte	0
 623 004d 03       		.uleb128 0x3
 624 004e 0E       		.uleb128 0xe
 625 004f 3A       		.uleb128 0x3a
 626 0050 0B       		.uleb128 0xb
 627 0051 3B       		.uleb128 0x3b
 628 0052 0B       		.uleb128 0xb
 629 0053 49       		.uleb128 0x49
 630 0054 13       		.uleb128 0x13
 631 0055 38       		.uleb128 0x38
 632 0056 0B       		.uleb128 0xb
 633 0057 00       		.byte	0
 634 0058 00       		.byte	0
 635 0059 08       		.uleb128 0x8
 636 005a 16       		.uleb128 0x16
 637 005b 00       		.byte	0
 638 005c 03       		.uleb128 0x3
 639 005d 0E       		.uleb128 0xe
 640 005e 3A       		.uleb128 0x3a
 641 005f 0B       		.uleb128 0xb
 642 0060 3B       		.uleb128 0x3b
 643 0061 0B       		.uleb128 0xb
 644 0062 49       		.uleb128 0x49
 645 0063 13       		.uleb128 0x13
 646 0064 00       		.byte	0
 647 0065 00       		.byte	0
 648 0066 09       		.uleb128 0x9
 649 0067 2E       		.uleb128 0x2e
 650 0068 00       		.byte	0
 651 0069 3F       		.uleb128 0x3f
 652 006a 19       		.uleb128 0x19
 653 006b 03       		.uleb128 0x3
 654 006c 0E       		.uleb128 0xe
 655 006d 3A       		.uleb128 0x3a
 656 006e 0B       		.uleb128 0xb
 657 006f 3B       		.uleb128 0x3b
 658 0070 0B       		.uleb128 0xb
 659 0071 27       		.uleb128 0x27
 660 0072 19       		.uleb128 0x19
 661 0073 11       		.uleb128 0x11
 662 0074 01       		.uleb128 0x1
 663 0075 12       		.uleb128 0x12
 664 0076 06       		.uleb128 0x6
 665 0077 40       		.uleb128 0x40
 666 0078 18       		.uleb128 0x18
ARM GAS  C:\Users\JEFFSN~1\AppData\Local\Temp\cc9Lv7fa.s 			page 26


 667 0079 9742     		.uleb128 0x2117
 668 007b 19       		.uleb128 0x19
 669 007c 00       		.byte	0
 670 007d 00       		.byte	0
 671 007e 0A       		.uleb128 0xa
 672 007f 2E       		.uleb128 0x2e
 673 0080 01       		.byte	0x1
 674 0081 3F       		.uleb128 0x3f
 675 0082 19       		.uleb128 0x19
 676 0083 03       		.uleb128 0x3
 677 0084 0E       		.uleb128 0xe
 678 0085 3A       		.uleb128 0x3a
 679 0086 0B       		.uleb128 0xb
 680 0087 3B       		.uleb128 0x3b
 681 0088 0B       		.uleb128 0xb
 682 0089 27       		.uleb128 0x27
 683 008a 19       		.uleb128 0x19
 684 008b 11       		.uleb128 0x11
 685 008c 01       		.uleb128 0x1
 686 008d 12       		.uleb128 0x12
 687 008e 06       		.uleb128 0x6
 688 008f 40       		.uleb128 0x40
 689 0090 18       		.uleb128 0x18
 690 0091 9742     		.uleb128 0x2117
 691 0093 19       		.uleb128 0x19
 692 0094 01       		.uleb128 0x1
 693 0095 13       		.uleb128 0x13
 694 0096 00       		.byte	0
 695 0097 00       		.byte	0
 696 0098 0B       		.uleb128 0xb
 697 0099 898201   		.uleb128 0x4109
 698 009c 00       		.byte	0
 699 009d 11       		.uleb128 0x11
 700 009e 01       		.uleb128 0x1
 701 009f 31       		.uleb128 0x31
 702 00a0 13       		.uleb128 0x13
 703 00a1 00       		.byte	0
 704 00a2 00       		.byte	0
 705 00a3 0C       		.uleb128 0xc
 706 00a4 34       		.uleb128 0x34
 707 00a5 00       		.byte	0
 708 00a6 03       		.uleb128 0x3
 709 00a7 0E       		.uleb128 0xe
 710 00a8 3A       		.uleb128 0x3a
 711 00a9 0B       		.uleb128 0xb
 712 00aa 3B       		.uleb128 0x3b
 713 00ab 0B       		.uleb128 0xb
 714 00ac 49       		.uleb128 0x49
 715 00ad 13       		.uleb128 0x13
 716 00ae 02       		.uleb128 0x2
 717 00af 18       		.uleb128 0x18
 718 00b0 00       		.byte	0
 719 00b1 00       		.byte	0
 720 00b2 0D       		.uleb128 0xd
 721 00b3 2E       		.uleb128 0x2e
 722 00b4 00       		.byte	0
 723 00b5 3F       		.uleb128 0x3f
ARM GAS  C:\Users\JEFFSN~1\AppData\Local\Temp\cc9Lv7fa.s 			page 27


 724 00b6 19       		.uleb128 0x19
 725 00b7 3C       		.uleb128 0x3c
 726 00b8 19       		.uleb128 0x19
 727 00b9 6E       		.uleb128 0x6e
 728 00ba 0E       		.uleb128 0xe
 729 00bb 03       		.uleb128 0x3
 730 00bc 0E       		.uleb128 0xe
 731 00bd 3A       		.uleb128 0x3a
 732 00be 0B       		.uleb128 0xb
 733 00bf 3B       		.uleb128 0x3b
 734 00c0 0B       		.uleb128 0xb
 735 00c1 00       		.byte	0
 736 00c2 00       		.byte	0
 737 00c3 00       		.byte	0
 738              		.section	.debug_aranges,"",%progbits
 739 0000 34000000 		.4byte	0x34
 740 0004 0200     		.2byte	0x2
 741 0006 00000000 		.4byte	.Ldebug_info0
 742 000a 04       		.byte	0x4
 743 000b 00       		.byte	0
 744 000c 0000     		.2byte	0
 745 000e 0000     		.2byte	0
 746 0010 00000000 		.4byte	.LFB0
 747 0014 02000000 		.4byte	.LFE0-.LFB0
 748 0018 00000000 		.4byte	.LFB1
 749 001c 02000000 		.4byte	.LFE1-.LFB1
 750 0020 00000000 		.4byte	.LFB2
 751 0024 1C000000 		.4byte	.LFE2-.LFB2
 752 0028 00000000 		.4byte	.LFB3
 753 002c 18000000 		.4byte	.LFE3-.LFB3
 754 0030 00000000 		.4byte	0
 755 0034 00000000 		.4byte	0
 756              		.section	.debug_ranges,"",%progbits
 757              	.Ldebug_ranges0:
 758 0000 00000000 		.4byte	.LFB0
 759 0004 02000000 		.4byte	.LFE0
 760 0008 00000000 		.4byte	.LFB1
 761 000c 02000000 		.4byte	.LFE1
 762 0010 00000000 		.4byte	.LFB2
 763 0014 1C000000 		.4byte	.LFE2
 764 0018 00000000 		.4byte	.LFB3
 765 001c 18000000 		.4byte	.LFE3
 766 0020 00000000 		.4byte	0
 767 0024 00000000 		.4byte	0
 768              		.section	.debug_line,"",%progbits
 769              	.Ldebug_line0:
 770 0000 9E000000 		.section	.debug_str,"MS",%progbits,1
 770      02005200 
 770      00000201 
 770      FB0E0D00 
 770      01010101 
 771              	.LASF29:
 772 0000 5350494D 		.ascii	"SPIM_2_backup\000"
 772      5F325F62 
 772      61636B75 
 772      7000
 773              	.LASF3:
ARM GAS  C:\Users\JEFFSN~1\AppData\Local\Temp\cc9Lv7fa.s 			page 28


 774 000e 73686F72 		.ascii	"short unsigned int\000"
 774      7420756E 
 774      7369676E 
 774      65642069 
 774      6E7400
 775              	.LASF24:
 776 0021 5350494D 		.ascii	"SPIM_2_ClearFIFO\000"
 776      5F325F43 
 776      6C656172 
 776      4649464F 
 776      00
 777              	.LASF9:
 778 0032 666C6F61 		.ascii	"float\000"
 778      7400
 779              	.LASF1:
 780 0038 756E7369 		.ascii	"unsigned char\000"
 780      676E6564 
 780      20636861 
 780      7200
 781              	.LASF22:
 782 0046 5350494D 		.ascii	"SPIM_2_Wakeup\000"
 782      5F325F57 
 782      616B6575 
 782      7000
 783              	.LASF13:
 784 0054 72656738 		.ascii	"reg8\000"
 784      00
 785              	.LASF5:
 786 0059 6C6F6E67 		.ascii	"long unsigned int\000"
 786      20756E73 
 786      69676E65 
 786      6420696E 
 786      7400
 787              	.LASF12:
 788 006b 75696E74 		.ascii	"uint8\000"
 788      3800
 789              	.LASF10:
 790 0071 646F7562 		.ascii	"double\000"
 790      6C6500
 791              	.LASF27:
 792 0078 47656E65 		.ascii	"Generated_Source\\PSoC5\\SPIM_2_PM.c\000"
 792      72617465 
 792      645F536F 
 792      75726365 
 792      5C50536F 
 793              	.LASF18:
 794 009b 5350494D 		.ascii	"SPIM_2_BACKUP_STRUCT\000"
 794      5F325F42 
 794      41434B55 
 794      505F5354 
 794      52554354 
 795              	.LASF17:
 796 00b0 636E7472 		.ascii	"cntrPeriod\000"
 796      50657269 
 796      6F6400
 797              	.LASF16:
 798 00bb 656E6162 		.ascii	"enableState\000"
ARM GAS  C:\Users\JEFFSN~1\AppData\Local\Temp\cc9Lv7fa.s 			page 29


 798      6C655374 
 798      61746500 
 799              	.LASF8:
 800 00c7 756E7369 		.ascii	"unsigned int\000"
 800      676E6564 
 800      20696E74 
 800      00
 801              	.LASF26:
 802 00d4 474E5520 		.ascii	"GNU C11 5.4.1 20160609 (release) [ARM/embedded-5-br"
 802      43313120 
 802      352E342E 
 802      31203230 
 802      31363036 
 803 0107 616E6368 		.ascii	"anch revision 237715] -mcpu=cortex-m3 -mthumb -g -O"
 803      20726576 
 803      6973696F 
 803      6E203233 
 803      37373135 
 804 013a 67202D66 		.ascii	"g -ffunction-sections -ffat-lto-objects -finline-fu"
 804      66756E63 
 804      74696F6E 
 804      2D736563 
 804      74696F6E 
 805 016d 6E637469 		.ascii	"nctions -flto\000"
 805      6F6E7320 
 805      2D666C74 
 805      6F00
 806              	.LASF7:
 807 017b 6C6F6E67 		.ascii	"long long unsigned int\000"
 807      206C6F6E 
 807      6720756E 
 807      7369676E 
 807      65642069 
 808              	.LASF19:
 809 0192 5350494D 		.ascii	"SPIM_2_SaveConfig\000"
 809      5F325F53 
 809      61766543 
 809      6F6E6669 
 809      6700
 810              	.LASF20:
 811 01a4 5350494D 		.ascii	"SPIM_2_RestoreConfig\000"
 811      5F325F52 
 811      6573746F 
 811      7265436F 
 811      6E666967 
 812              	.LASF15:
 813 01b9 73697A65 		.ascii	"sizetype\000"
 813      74797065 
 813      00
 814              	.LASF6:
 815 01c2 6C6F6E67 		.ascii	"long long int\000"
 815      206C6F6E 
 815      6720696E 
 815      7400
 816              	.LASF25:
 817 01d0 5350494D 		.ascii	"SPIM_2_Enable\000"
 817      5F325F45 
ARM GAS  C:\Users\JEFFSN~1\AppData\Local\Temp\cc9Lv7fa.s 			page 30


 817      6E61626C 
 817      6500
 818              	.LASF28:
 819 01de 433A5C55 		.ascii	"C:\\Users\\JeffSnyder\\dev\\Electrobass_embedded\\P"
 819      73657273 
 819      5C4A6566 
 819      66536E79 
 819      6465725C 
 820 020c 534F4335 		.ascii	"SOC5_electrobass_stringsensors\\CE210514_PSOC3_5_Th"
 820      5F656C65 
 820      6374726F 
 820      62617373 
 820      5F737472 
 821 023e 65726D69 		.ascii	"ermistor.cydsn\000"
 821      73746F72 
 821      2E637964 
 821      736E00
 822              	.LASF2:
 823 024d 73686F72 		.ascii	"short int\000"
 823      7420696E 
 823      7400
 824              	.LASF4:
 825 0257 6C6F6E67 		.ascii	"long int\000"
 825      20696E74 
 825      00
 826              	.LASF11:
 827 0260 63686172 		.ascii	"char\000"
 827      00
 828              	.LASF14:
 829 0265 6C6F6E67 		.ascii	"long double\000"
 829      20646F75 
 829      626C6500 
 830              	.LASF0:
 831 0271 7369676E 		.ascii	"signed char\000"
 831      65642063 
 831      68617200 
 832              	.LASF21:
 833 027d 5350494D 		.ascii	"SPIM_2_Sleep\000"
 833      5F325F53 
 833      6C656570 
 833      00
 834              	.LASF23:
 835 028a 5350494D 		.ascii	"SPIM_2_Stop\000"
 835      5F325F53 
 835      746F7000 
 836              		.comm	__gnu_lto_v1,1,1
 837              		.ident	"GCC: (GNU Tools for ARM Embedded Processors) 5.4.1 20160609 (release) [ARM/embedded-5-bran
