ARM GAS  C:\Users\JEFFSN~1\AppData\Local\Temp\ccsnayYd.s 			page 1


   1              		.syntax unified
   2              		.cpu cortex-m3
   3              		.fpu softvfp
   4              		.eabi_attribute 20, 1
   5              		.eabi_attribute 21, 1
   6              		.eabi_attribute 23, 3
   7              		.eabi_attribute 24, 1
   8              		.eabi_attribute 25, 1
   9              		.eabi_attribute 26, 1
  10              		.eabi_attribute 30, 1
  11              		.eabi_attribute 34, 1
  12              		.eabi_attribute 18, 4
  13              		.thumb
  14              		.syntax unified
  15              		.file	"up.c"
  16              		.text
  17              	.Ltext0:
  18              		.section	.gnu.lto_.profile.4235b7b1,"",%progbits
  19 0000 789C6361 		.ascii	"x\234ca`d`a`\000\222\222\242\000\000\261\0009"
  19      60646061 
  19      60009292 
  19      A20000B1 
  19      0039
  20              		.text
  21              		.section	.gnu.lto_.inline.4235b7b1,"",%progbits
  22 0000 789C6361 		.ascii	"x\234ca`d\000\001?\006\004`a`\340\344`d`\342y\020\313"
  22      60640001 
  22      3F060460 
  22      6160E0E4 
  22      606460E2 
  23 0017 C0B6409E 		.ascii	"\300\266@\236\011$\306\310\300\301\016\024\342\232\340"
  23      0924C6C8 
  23      C0C10E14 
  23      E29AE0
  24 0026 07176262 		.ascii	"\007\027bb`c\005\012\261}\320\203\0131c\0121\000\000"
  24      6063050A 
  24      B17DD083 
  24      0B31630A 
  24      310000
  25 0039 537C0835 		.ascii	"S|\0105"
  26              		.text
  27              		.section	.gnu.lto_.jmpfuncs.4235b7b1,"",%progbits
  28 0000 789C6361 		.ascii	"x\234ca`d\000\001>\006\004`\001b\240(\023\003\0033\220"
  28      60640001 
  28      3E060460 
  28      0162A028 
  28      13030333 
  29 0015 05000292 		.ascii	"\005\000\002\222\000\036"
  29      001E
  30              		.text
  31              		.section	.gnu.lto_.pureconst.4235b7b1,"",%progbits
  32 0000 789C6361 		.ascii	"x\234ca`d\340d```a\220b\224b\222b\226\002\000\002\261"
  32      6064E064 
  32      60606061 
  32      90629462 
  32      92629602 
  33 0017 0081     		.ascii	"\000\201"
ARM GAS  C:\Users\JEFFSN~1\AppData\Local\Temp\ccsnayYd.s 			page 2


  34              		.text
  35              		.section	.gnu.lto_up_Write.4235b7b1,"",%progbits
  36 0000 789C5551 		.ascii	"x\234UQMKTa\024>\317\373\336\217I\253?\320@n\006\321"
  36      4D4B5461 
  36      143ECFFB 
  36      DE8F49AB 
  36      3FD0406E 
  37 0016 4506D21F 		.ascii	"E\006\322\037\250E[\311\355@\014\343]\010\245\2413m"
  37      A8455BC9 
  37      ED400CE3 
  37      5D08A5A1 
  37      336D
  38 0028 7DAFE35C 		.ascii	"}\257\343\\AZ\270I\021\312\001E\374\314\217\012Bpq\271"
  38      415AB849 
  38      11CA0145 
  38      FCCC8F0A 
  38      427071B9 
  39 003c 04EE0AC2 		.ascii	"\004\356\012\302M\031\".n\020$\0234$\231M\347\334\333"
  39      4D19222E 
  39      6E102413 
  39      3424994D 
  39      E7DCDB
  40 004f A239F07E 		.ascii	"\2429\360~\334s\237\3479\3179\257E \211nE\324\303\347"
  40      DC739FE7 
  40      39CF39AF 
  40      4520896E 
  40      45D4C3E7 
  41 0063 355ED004 		.ascii	"5^\320\0045\375\216\310\317(@.&\003\032S\030CC](D\223"
  41      35FD8EC8 
  41      CF28402E 
  41      26031A53 
  41      1843435D 
  42 007a F1AEEA5A 		.ascii	"\361\256\352Z6\034\307K\363\332\254\204\250j\242\246"
  42      361CC74B 
  42      F3DAAC84 
  42      A86AA2A6 
  43 008a 4A9408CB 		.ascii	"J\224\010\313\350b\324\227\275\311\003\350\353 \276"
  43      E862D497 
  43      BDC903E8 
  43      EB20BE
  44 0099 0751A3DE 		.ascii	"\007Q\243\336\336\271d\314\2701\207y\243\253\032X\201"
  44      DEB964CC 
  44      B8318779 
  44      A3AB1A58 
  44      81
  45 00aa 66067AB3 		.ascii	"f\006z\263\270\231%N\020V\321)\340\263O\007\233Wu.!"
  45      B899254E 
  45      1056D129 
  45      E0B34F07 
  45      9B57752E 
  46 00bf 4E9B78E1 		.ascii	"N\233x\341rnQ\210\341\317\207\263&\364;\204\273\366"
  46      726E5188 
  46      E1CF87B3 
  46      26F43B84 
  46      BBF6
  47 00d1 3F5782A1 		.ascii	"?W\202\241';\177\236^q&\304U\007\326\221K\375`\003\016"
  47      273B7F9E 
ARM GAS  C:\Users\JEFFSN~1\AppData\Local\Temp\ccsnayYd.s 			page 3


  47      5E7126C4 
  47      5507D691 
  47      4BFD6003 
  48 00e6 7708C96C 		.ascii	"w\010\311l\335\013M\263Y1a\303n\350K\212\213*\356\224"
  48      DD0B4DB3 
  48      593161C3 
  48      6EE84B8A 
  48      8B2AEE94 
  49 00fa 7F5890DA 		.ascii	"\177X\220\332\266$\034\331\\\331\210\352\274\244\373"
  49      B6241CD9 
  49      5CD988EA 
  49      BCA4FB
  50 0109 EF4AC9A9 		.ascii	"\357J\311\251cD\277\246\216f]\321\254h\231\304L5z\357"
  50      6344BFA6 
  50      8E665DD1 
  50      AC6899C4 
  50      4C357AEF 
  51 011d FE5055AD 		.ascii	"\376PU\255\023\267\037\017\347N\235\364s{\3017\026\247"
  51      13B71F0F 
  51      E74E9DF4 
  51      737BC137 
  51      16A7
  52 012f 8EA79E9D 		.ascii	"\216\247\236\235\2735<\367'xF\0266\221\305\013\260g"
  52      BB353CF7 
  52      27784616 
  52      3691C50B 
  52      B067
  53 0141 6CA1068A 		.ascii	"l\241\006\212Q\371\035|F*\250SM\377[\360!#\"\300\005"
  53      51F91D7C 
  53      462AA853 
  53      4DFF5BF0 
  53      212322C0 
  54 0156 B0CDE013 		.ascii	"\260\315\340\023\250\244\015v\312(!\325\203\370\315"
  54      A8A40D76 
  54      CA2821D5 
  54      83F8CD
  55 0165 3F1B7645 		.ascii	"?\033vEK\235\327o\367\203\204e\003\330aR\213\264\340"
  55      4B9DD76F 
  55      F7838465 
  55      03D86152 
  55      8BB4E0
  56 0178 18B4577B 		.ascii	"\030\264W{\262\332& \213\025_\246\2403'\205\270\211"
  56      B2DA2620 
  56      8B155FA6 
  56      A0332785 
  56      B889
  57 018a 018753D1 		.ascii	"\001\207S\321L\302j1\357\033\323\336\352\377\025\373"
  57      4CC26A31 
  57      EF1BD3DE 
  57      EAFF15FB 
  58 019a 67167DC5 		.ascii	"g\026}\305xxn\013!y\210\272\202\314\212'\227\275\353"
  58      78786E0B 
  58      217988BA 
  58      82CC8A27 
  58      97BDEB
  59 01ad 0D792385 		.ascii	"\015y#\205\2227p\277\177\270<R\364\362}\375\303wn\345"
  59      923770BF 
ARM GAS  C:\Users\JEFFSN~1\AppData\Local\Temp\ccsnayYd.s 			page 4


  59      7FB83C52 
  59      F4F27DFD 
  59      C3776EE5 
  60 01c1 CB8F6E14 		.ascii	"\313\217n\024\311~\\xP\366\332FK\205\322`\361\366`i"
  60      C97E5C78 
  60      50F6DA46 
  60      4B85D260 
  60      F1F66069 
  61 01d5 F42FC543 		.ascii	"\364/\305C\300\353"
  61      C0EB
  62              		.text
  63              		.section	.gnu.lto_up_SetDriveMode.4235b7b1,"",%progbits
  64 0000 789C7D51 		.ascii	"x\234}Q;K#Q\024>\337\275\223\231D\321?\340\200\202\205"
  64      3B4B2351 
  64      143EDFBD 
  64      939944D1 
  64      3FE08082 
  65 0015 D88820FB 		.ascii	"\330\210 \373\013\004mE\333\200\210N\251Ye\255\275I"
  65      0B046D45 
  65      DB80884E 
  65      A95965AD 
  65      BD49
  66 0027 0C823682 		.ascii	"\014\2026\202(\210\2106\301G\342\013+\2738\342V\022"
  66      28888836 
  66      C147E20B 
  66      2BBB38E2 
  66      5612
  67 0039 0B618B2D 		.ascii	"\013a\213-\026\261\010\"(\361\261\3706\2363c\221\312"
  67      16B10822 
  67      28F1B1F8 
  67      369E3363 
  67      91CA
  68 004b CBDCF3F8 		.ascii	"\313\334\363\370\370\276\217s\356X\004\222s\311\251"
  68      F8BE8F73 
  68      EE580492 
  68      73C9A9
  69 005a 9973035F 		.ascii	"\231s\003_h\202\232-\022%\243\012\220\302DA\023\012"
  69      68829A2D 
  69      1225A30A 
  69      90C24441 
  69      130A
  70 006c 13F8AFDE 		.ascii	"\023\370\257\336\025\374\251\322\201j]3|\316\217o\332"
  70      15FCA9D2 
  70      816A5D33 
  70      7CCE8F6F 
  70      DA
  71 007d CD7A0119 		.ascii	"\315z\001\031MTQ\201\023a\015\255\314\272\337\317\316"
  71      4D545181 
  71      13610DAD 
  71      CCBADFCF 
  71      CE
  72 008e D5EA4610 		.ascii	"\325\352F\020\327\267\305\362\277\372\226\2541)c\236"
  72      D7B7C5F2 
  72      BFFA96AC 
  72      3129639E 
  73 009e E3466734 		.ascii	"\343Fg4\260\016\315\012t\270hw\211\001\302\006Z\204"
  73      B00ECD0A 
ARM GAS  C:\Users\JEFFSN~1\AppData\Local\Temp\ccsnayYd.s 			page 5


  73      74B86877 
  73      8901C206 
  73      5A84
  74 00b0 7CB1F731 		.ascii	"|\261\3671_gO\212}Sh\212M\3302\346No\301T*iSx\264\017"
  74      5F674F8A 
  74      7D53688A 
  74      4DD832E6 
  74      4E6FC154 
  75 00ca 5FEC5AC5 		.ascii	"_\354Z\3052\2459hKB\004\342`K\351H\210J\210\011\207"
  75      32A53968 
  75      4B4204E2 
  75      604BE948 
  75      884A8809 
  76 00df A8CC5716 		.ascii	"\250\314W\026\271UJ\262.\301\177\231.-Y\342\234\326"
  76      B9554AB2 
  76      2EC17F99 
  76      2E2D59E2 
  76      9CD6
  77 00f1 B2D442C6 		.ascii	"\262\324B\306?u\036TF[\301\3047\305\223\243\232\260"
  77      3F751E54 
  77      465BC1C4 
  77      37C593A3 
  77      9AB0
  78 0103 5D5C4D1A 		.ascii	"]\\M\032\213\241\263\255G\277f\005\313\311I^7\202<\\"
  78      8BA1B3AD 
  78      47BF6605 
  78      CBC9495E 
  78      37823C5C 
  79 0117 E4E0F274 		.ascii	"\344\340\362t[X\001\225\220\272sB;\315\216\334\247\337"
  79      5B580195 
  79      90BA7342 
  79      3BCD8EDC 
  79      A7DF
  80 0129 ECB0B718 		.ascii	"\354\260\267\030b\375\337\3373\3571\261\324\030\305"
  80      62FDDFDF 
  80      33EF31B1 
  80      D418C5
  81 0138 362BAB24 		.ascii	"6+\253$\374E\252%\016C,\271\376\223\313\353PR\217\235"
  81      FC45AA25 
  81      0E432CB9 
  81      FE93CBEB 
  81      50528F9D 
  82 014c 40927EFA 		.ascii	"@\222~\372\242D\003c\247\332%\306(\367\376\002\244\377"
  82      A2440363 
  82      A7DA25C6 
  82      28F7FE02 
  82      A4FF
  83 015e 6EE45D1E 		.ascii	"n\344]\036\231\371t\205T\341\265K\330\301\257++\310"
  83      99F97485 
  83      54E1B54B 
  83      D8C1AF2B 
  83      2BC8
  84 0170 F3F063B9 		.ascii	"\363\360c\271\335\336\21076\360\313\033\352\357K\214"
  84      DDDE8837 
  84      36F0CB1B 
  84      EAEF4B8C 
  85 0180 8F0D7AF1 		.ascii	"\217\015z\361\236\276D\347\217\370\370\317\266A\262"
ARM GAS  C:\Users\JEFFSN~1\AppData\Local\Temp\ccsnayYd.s 			page 6


  85      9EBE44E7 
  85      8FF8F8CF 
  85      B641B2
  86 018f 861343DE 		.ascii	"\206\023C\336'\374\246\245\217"
  86      27FCA6A5 
  86      8F
  87              		.text
  88              		.section	.gnu.lto_up_Read.4235b7b1,"",%progbits
  89 0000 789C3550 		.ascii	"x\2345P;K\003A\020\236o\367r\027\024\365\007x\210m\032"
  89      3B4B0341 
  89      109E6FF7 
  89      721714F5 
  89      0778886D 
  90 0015 1144105B 		.ascii	"\021D\020[A[Q\260\012\210\304k\215\004S\347.\227\213"
  90      415B51B0 
  90      0A88C46B 
  90      8D0453E7 
  90      2E978B
  91 0028 2016366A 		.ascii	" \0266j\245\001A\022_H\300\037p\006EA\320B\004\301\020"
  91      A5014112 
  91      5F48C01F 
  91      70064541 
  91      D04204C1 
  92 003d 44248295 		.ascii	"D$\202\225\206H \250\347\254\247\013;\263;\373=fV#\220"
  92      864820A8 
  92      E7ACA70B 
  92      3BB33BFB 
  92      3D665623 
  93 0052 5A339CFA 		.ascii	"Z3\234\3728\367\362\206$\210\265k\"'*\000u\260\243\240"
  93      38F7F286 
  93      2488B56B 
  93      22272A00 
  93      75B0A3A0 
  94 0066 8C40061F 		.ascii	"\214@\006\037\342K\340\252u\271\332\021+\332v\326~\334"
  94      E24BE0AA 
  94      75B9DA11 
  94      2BDA76D6 
  94      7EDC
  95 0078 6D8F6C96 		.ascii	"m\217l\226|x\222(\020\204!\023\203\246\222(\"F\014}"
  95      7C789228 
  95      10842113 
  95      83A69228 
  95      22460C7D 
  96 008c 2A7FAF77 		.ascii	"*\177\257w\3519\233W\277\002\360K\011\272\262<\236\362"
  96      E9399B57 
  96      BF02F04B 
  96      09BAB23C 
  96      9EF2
  97 009e ED20706D 		.ascii	"\355 pm\377\3168\2757\014\220'\331\227\203\306ADT\320"
  97      FFCE38BD 
  97      370C9027 
  97      D99783C6 
  97      414454D0 
  98 00b2 49C9D21B 		.ascii	"I\311\322\033\323T\023\357B\250,\353\250\264Wj\333\243"
  98      D35413EF 
  98      42A82CEB 
  98      A8B4576A 
ARM GAS  C:\Users\JEFFSN~1\AppData\Local\Temp\ccsnayYd.s 			page 7


  98      DBA3
  99 00c4 4AC99592 		.ascii	"J\311\225\222]6\274\312\215\321\024\236\224P\246\331"
  99      5D36BCCA 
  99      8DD1149E 
  99      9450A6D9 
 100 00d4 97DA4367 		.ascii	"\227\332Cgx-\3578\266\306%\317\271\255v\027\260\345"
 100      782DEF38 
 100      B6C625CF 
 100      B9AD7617 
 100      B0E5
 101 00e6 E4B8550D 		.ascii	"\344\270U\015\3730\261\007n\024\007(\200\352p?\307\311"
 101      FB30B107 
 101      6E140728 
 101      80EA703F 
 101      C7C9
 102 00f8 9508E5CE 		.ascii	"\225\010\345\316\203\226\337\243\370\200\300!\303\352"
 102      8396DFA3 
 102      F880C021 
 102      C3EA
 103 0106 C83696AB 		.ascii	"\3106\226\253\"4\324\030\247\030\215|S\206\225\010\027"
 103      2234D418 
 103      A7188D7C 
 103      53869508 
 103      17
 104 0117 99767276 		.ascii	"\231vrv\221\217*\032\177\032\216\376i\317\010A\012G"
 104      918F2A1A 
 104      7F1A8EFE 
 104      69CF0841 
 104      0A47
 105 0129 AFF813D1 		.ascii	"\257\370\023\321\351w0\250\201x<s\302Z\260RsK\326\374"
 105      E97730A8 
 105      81783C73 
 105      C25AB052 
 105      734BD6FC 
 106 013d EC74329D 		.ascii	"\354t2\235JX\361\311\351\344\330p<\2758\220\240\037"
 106      4A58F1C9 
 106      E9E4D870 
 106      3CBD3890 
 106      A01F
 107 014f 71287A52 		.ascii	"q(zR"
 108              		.text
 109              		.section	.gnu.lto_up_ReadDataReg.4235b7b1,"",%progbits
 110 0000 789C3550 		.ascii	"x\2345P\315K\002A\024\177\277\231u\025!\372\003\222"
 110      CD4B0241 
 110      147FBF99 
 110      751521FA 
 110      0392
 111 0012 E8EA2582 		.ascii	"\350\352%\202\350P\327\240\256\221\320I\210\260\275"
 111      E850D7A0 
 111      AE91D049 
 111      88B0BD
 112 0021 66489E1D 		.ascii	"fH\236\035]\327@:t\251\010\012!\010\265\017*\350\032"
 112      5DD7403A 
 112      74A9080A 
 112      2108B50F 
 112      2AE81A
 113 0034 6C521404 		.ascii	"lR\024\004\3255\352 \021\036:D\211!\364\341\366\246"
ARM GAS  C:\Users\JEFFSN~1\AppData\Local\Temp\ccsnayYd.s 			page 8


 113      D535EA20 
 113      111E3A44 
 113      8921F4E1 
 113      F6A6
 114 0046 AD81796F 		.ascii	"\255\201yo\346\315\357\343\2751\010\244\327\024\247"
 114      E6CDEFE3 
 114      BD3108A4 
 114      D714A7
 115 0055 5ECE3DBC 		.ascii	"^\316=\274!\011b\371\232(\033\022\200>\250\020(#\220"
 115      210962F9 
 115      9A281B12 
 115      803EA810 
 115      282390
 116 0068 C1BBF816 		.ascii	"\301\273\370\026\270j_.\205\243e\245r\252\276]\036^"
 116      B86A5F2E 
 116      85A365A5 
 116      72AABE5D 
 116      1E5E
 117 007a ABB87024 		.ascii	"\253\270p$\221'\010\203\021\014D\264D\031Qb\350\343"
 117      91270883 
 117      110C44B4 
 117      44195162 
 117      E8E3
 118 008c 5167A5CB 		.ascii	"Qg\245\313\314+^}\032\300/\025\230\332\362`\322U\236"
 118      CC2B5E7D 
 118      1AC02F15 
 118      98DAF260 
 118      D2559E
 119 009f 672BF724 		.ascii	"g+\367$|z\033\016\202\034\311\276\034\014\016\"\240"
 119      7C7A1B0E 
 119      821CC9BE 
 119      1C0C0E22 
 119      A0
 120 00b0 83495A96 		.ascii	"\203IZ\226^\231\246\233x\023Bg\331@\355\243\330\251"
 120      5E99A69B 
 120      78134267 
 120      D940EDA3 
 120      D8A9
 121 00c2 8E68255B 		.ascii	"\216h%[JvYuj7\301\226p\244\2046\275\273_\1771\375\353"
 121      4A765975 
 121      6A37C196 
 121      70A48436 
 121      BDBB5F7F 
 122 00d9 E1565619 		.ascii	"\341VV\031\\\252\0277>\203%lf\363\334\252\201\035DP"
 122      5CAA1737 
 122      3E83256C 
 122      66F3DCAA 
 122      811D4450 
 123 00ed 05378A5D 		.ascii	"\0057\212]\224@\015\330_cdK\370r\347^\333\355\326|@"
 123      94400DD8 
 123      5F63644B 
 123      F872E75E 
 123      DBEDD67C 
 124 0102 608F610D 		.ascii	"`\217a\015\344\232\213\017\30274\030\247\031\315BK\372"
 124      E49A8B0F 
 124      C2373418 
 124      A719CD42 
ARM GAS  C:\Users\JEFFSN~1\AppData\Local\Temp\ccsnayYd.s 			page 9


 124      4BFA
 125 0114 95001799 		.ascii	"\225\000\027\231v|vQ\010i\032\177\032\366\377iO\360"
 125      767C7651 
 125      08691A7F 
 125      1AF6FF69 
 125      4FF0
 126 0126 411A47CF 		.ascii	"A\032G\317\370\0231\351w0\350\201x\274\310\2705g\245"
 126      F81331E9 
 126      7730E881 
 126      78BCC8B8 
 126      3567A5
 127 0139 6616ACD9 		.ascii	"f\026\254\331\351X2\235JX\361\211Xrt(\236\236\357O\320"
 127      E958329D 
 127      4A58F189 
 127      58727428 
 127      9E9EEF4F 
 128 014e 0F4C897A 		.ascii	"\017L\211zi"
 128      69
 129              		.text
 130              		.section	.gnu.lto_.symbol_nodes.4235b7b1,"",%progbits
 131 0000 789C6361 		.ascii	"x\234ca`dpc\000\002&\206z\006\206\011\347\030@\324\252"
 131      60647063 
 131      00022686 
 131      7A068609 
 131      E71840D4 
 132 0015 0645A000 		.ascii	"\006E\240\000c=#\252\000S=\023\252\000s=3\212\000\003"
 132      633D23AA 
 132      00533D13 
 132      AA00733D 
 132      338A0003 
 133 0029 001ED60E 		.ascii	"\000\036\326\016\374"
 133      FC
 134              		.text
 135              		.section	.gnu.lto_.refs.4235b7b1,"",%progbits
 136 0000 789C6361 		.ascii	"x\234ca`\004B \000\000\0009\000\007"
 136      60044220 
 136      00000039 
 136      0007
 137              		.text
 138              		.section	.gnu.lto_.decls.4235b7b1,"",%progbits
 139 0000 789C8D52 		.ascii	"x\234\215R]H\024Q\024\276gfvWF\323\020\011\243y0\237"
 139      5D481451 
 139      14BE6766 
 139      765746D3 
 139      1009A379 
 140 0016 7C5A1209 		.ascii	"|Z\022\011\204\240\002%{)C\321\010\004Yu\260}Q\333v"
 140      84A00225 
 140      7B2943D1 
 140      08045975 
 140      B07D51DB 
 141 002b 03DF6EEE 		.ascii	"\003\337n\356\006\226/\372`\242H\251\201\271\371\377"
 141      06962FFA 
 141      60A248A9 
 141      81B9F9FF 
 142 003b B3E6AE99 		.ascii	"\263\346\256\231kZB!%B\021\026\011\352\203$ad\201\017"
 142      6B5A4221 
 142      25421116 
ARM GAS  C:\Users\JEFFSN~1\AppData\Local\Temp\ccsnayYd.s 			page 10


 142      09EA8324 
 142      6164810F 
 143 004f BA9D7B77 		.ascii	"\272\235{wfg\252\015<p\347\336s\357\367}\347\273g\256"
 143      6667AA0D 
 143      3C70E7DE 
 143      73EFF77D 
 143      E7BB67AE 
 144 0063 4480B038 		.ascii	"D\200\2608#\021\342\303Y\3014\202a\301u)1\002\217\311"
 144      2311E2C3 
 144      59C13482 
 144      61C17529 
 144      31028FC9 
 145 0077 388E008E 		.ascii	"8\216\000\216)\034!\362o\260s\253\306\033bZ8fq\314\340"
 145      291C21F2 
 145      6FB073AB 
 145      C61B625A 
 145      386671CC 
 146 008c 28D430A0 		.ascii	"(\3240\240\341\376\216@\034n\330\304\327\271\2018\\"
 146      E1FE8E40 
 146      1C6ED8C4 
 146      D7B98138 
 146      5C
 147 009d E6C762E2 		.ascii	"\346\307b\342\025\306\341M\305\341\205\016\301\213w"
 147      15C6E14D 
 147      C5E1850E 
 147      C18B77
 148 00ac CF7D013A 		.ascii	"\317}\001:\347\036\314[V\341#\000\001\036D\353#a;\332"
 148      E71ECC5B 
 148      56E12300 
 148      011E44EB 
 148      23613BDA 
 149 00c0 CC16104D 		.ascii	"\314\026\020M\004]\017t\220^\202\303\201\010\034\037"
 149      045D0F74 
 149      905E82C3 
 149      81081C1F 
 150 00d0 DBD771B1 		.ascii	"\333\327q\261\232\021=\214-\210\205\216\204?E\231\252"
 150      9A113D8C 
 150      2D88858E 
 150      843F4599 
 150      AA
 151 00e1 91622E18 		.ascii	"\221b.\030\004\223\236\346^\253\017\346\262\\Z\324/"
 151      04939EE6 
 151      5EAB0FE6 
 151      B25C5AD4 
 151      2F
 152 00f2 DD15F26F 		.ascii	"\335\025\362o\245\210\250\211\353/{}\027\354\003\024"
 152      A588A889 
 152      EB2F7B7D 
 152      17EC0314 
 153 0102 A39952E1 		.ascii	"\243\231R\341\204\321\231\341;\033\376\204]\001\024"
 153      84D199E1 
 153      3B1BFE84 
 153      5D0114
 154 0111 1922C0F2 		.ascii	"\031\"\300\362\355\340\336\221h\316\216\333[\326\017"
 154      EDE0DE91 
 154      68CE8EDB 
 154      5BD60F
ARM GAS  C:\Users\JEFFSN~1\AppData\Local\Temp\ccsnayYd.s 			page 11


 155 0120 12C534B6 		.ascii	"\022\3054\266\026V\326\373\267$\310\222{\231\314\332"
 155      1656D6FB 
 155      B724C892 
 155      7B99CCDA 
 156 0130 CF8DB341 		.ascii	"\317\215\263AJ\217\302\020\3100\000\"\370\301\316\034"
 156      4A8FC210 
 156      C8300022 
 156      F8C1CE1C 
 157 0140 28327E1B 		.ascii	"(2~\033)m\240;=\324\232N G\201S\012\201A\310b\232\014"
 157      296DA03B 
 157      3DD49A4E 
 157      20478153 
 157      0A8141C8 
 158 0157 05FDA0C0 		.ascii	"\005\375\240\300\023P\230\376f\333\303\257V\011\333"
 158      135098FE 
 158      66DBC3AF 
 158      5609DB
 159 0166 CD752A24 		.ascii	"\315u*$\266\267\354\033\351\024\321B\252\014\022\246"
 159      B6B7EC1B 
 159      E914D142 
 159      AA0C12A6 
 160 0176 DF973AD6 		.ascii	"\337\227:\326\2231M\223!\003\323\201\320\247mk\372}"
 160      93314D93 
 160      2103D381 
 160      D0A76D6B 
 160      FA7D
 161 0188 7E152FCD 		.ascii	"~\025/\315\220\240\364\030\214\242\340\010\012\022\030"
 161      90A0F418 
 161      8CA2E008 
 161      0A1218
 162 0197 8374FC0E 		.ascii	"\203t\374\016\203\024\275\335\302\301\352\207\244\314"
 162      8314BDDD 
 162      C2C1EA87 
 162      A4CC
 163 01a5 2EDA3542 		.ascii	".\3325B\327\3666s\332i\330\207<\201\301\240\3170\215"
 163      D7F63673 
 163      DA69D887 
 163      3C81C1A0 
 163      CF308D
 164 01b8 4B363D86 		.ascii	"K6=\206Ul\3508d\"\263g\361\327g\233x\2157\241\355\355"
 164      556CE838 
 164      6422B367 
 164      F1D7679B 
 164      788D37A1 
 165 01ce 58134455 		.ascii	"X\023DU\302\273\257\222h\363mJ\317s\215\011Cc\302\254"
 165      C2BBAF92 
 165      68F36D4A 
 165      CF738D09 
 165      4363C2AC 
 166 01e2 11E01AAD 		.ascii	"\021\340\032\255\2417\323\222\350\344\032\357\232^z"
 166      A137D392 
 166      E8E41AEF 
 166      9A5E7A
 167 01f1 53CCB6D9 		.ascii	"S\314\266\331}\015\337O\271\357\012\315\366\350\243"
 167      7D0DDF4F 
 167      B9EF0ACD 
 167      F6E8A3
ARM GAS  C:\Users\JEFFSN~1\AppData\Local\Temp\ccsnayYd.s 			page 12


 168 0200 83E35ABD 		.ascii	"\203\343Z\275\225E1\346\032A0iT\2344W\234\342\025G\275"
 168      954531E6 
 168      1A413069 
 168      549C3457 
 168      9CE21547 
 169 0215 DDBDA278 		.ascii	"\335\275\242x\203W\034\334l\246\211\232J\350\265\356"
 169      83571CDC 
 169      6CA6899A 
 169      4AE8B5EE 
 170 0225 9A69040D 		.ascii	"\232i\004\015\215\240Y#\3045v}?\336[e\374\205\336\303"
 170      8DA05923 
 170      C435767D 
 170      3FDE5B65 
 170      FC85DEC3 
 171 0239 FDC2A5AD 		.ascii	"\375\302\245\255\356\210M\244\300\337\310xk{\253\015"
 171      EE884DA4 
 171      C0DFC878 
 171      6B7BAB0D 
 172 0249 E4AC38F4 		.ascii	"\344\2548\364\347q\350\332S\032(i\271\313.8\203=yf\230"
 172      E771E8DA 
 172      531A2869 
 172      B9CB2E38 
 172      833D7966 
 173 025e 9B0639DA 		.ascii	"\233\0069\332\017\377\267\3710$\335c\257\012\233\227"
 173      0FFFB7F9 
 173      3024DD63 
 173      AF0A9B97 
 174 026e 7A91038D 		.ascii	"z\221\003\215\346\315B\022\177\3758\357\013\342\302"
 174      E6CD4212 
 174      7FFD38EF 
 174      0BE2C2
 175 027d CAF0AC0C 		.ascii	"\312\360\254\014\262\002x\016\215\254\300N\203\311\007"
 175      B202780E 
 175      8DACC04E 
 175      83C907
 176 028c 81309385 		.ascii	"\2010\223\2059<~\201\364\016\3120\313\300\267y\262s"
 176      393C7E81 
 176      F40ECA30 
 176      CBC0B779 
 176      B273
 177 029e 8EAFF927 		.ascii	"\216\257\371'\301SW~\325\345t\253\011\005\227K2\362"
 177      C153577E 
 177      D5E574AB 
 177      0905974B 
 177      32F2
 178 02b0 B2B389C5 		.ascii	"\262\263\211\305\343\254q\347\236,PkT\227\303\255V\225"
 178      E3AC71E7 
 178      9E2C506B 
 178      5497C3AD 
 178      5695
 179 02c2 17D77A5C 		.ascii	"\027\327z\\\225j\331\225\342\332\274\323e\225\365\356"
 179      956AD995 
 179      E2DABCD3 
 179      6595F5EE 
 180 02d2 FA3AF5A6 		.ascii	"\372:\365\246\375:Q\376\203\360\324\331+I\012\312\026"
 180      FD3A51FE 
 180      83F0D4D9 
ARM GAS  C:\Users\JEFFSN~1\AppData\Local\Temp\ccsnayYd.s 			page 13


 180      2B490ACA 
 180      16
 181 02e3 ABEE7C97 		.ascii	"\253\356|\227\363\226z\251\266J\265a^\244:\252\222\265"
 181      F3967AA9 
 181      B64AB561 
 181      5EA43AAA 
 181      92B5
 182 02f5 39DFE176 		.ascii	"9\337\341v\024\251\325\222K\255\316\375\015S\372Zl"
 182      14A9D592 
 182      4BADCEFD 
 182      0D53FA5A 
 182      6C
 183              		.text
 184              		.section	.gnu.lto_.symtab.4235b7b1,"",%progbits
 185 0000 75705F57 		.ascii	"up_Write\000"
 185      72697465 
 185      00
 186 0009 00       		.ascii	"\000"
 187 000a 00       		.ascii	"\000"
 188 000b 00       		.ascii	"\000"
 189 000c 00000000 		.ascii	"\000\000\000\000\000\000\000\000"
 189      00000000 
 190 0014 B3000000 		.ascii	"\263\000\000\000"
 191 0018 75705F53 		.ascii	"up_SetDriveMode\000"
 191      65744472 
 191      6976654D 
 191      6F646500 
 192 0028 00       		.ascii	"\000"
 193 0029 00       		.ascii	"\000"
 194 002a 00       		.ascii	"\000"
 195 002b 00000000 		.ascii	"\000\000\000\000\000\000\000\000"
 195      00000000 
 196 0033 B5000000 		.ascii	"\265\000\000\000"
 197 0037 75705F52 		.ascii	"up_Read\000"
 197      65616400 
 198 003f 00       		.ascii	"\000"
 199 0040 00       		.ascii	"\000"
 200 0041 00       		.ascii	"\000"
 201 0042 00000000 		.ascii	"\000\000\000\000\000\000\000\000"
 201      00000000 
 202 004a B8000000 		.ascii	"\270\000\000\000"
 203 004e 75705F52 		.ascii	"up_ReadDataReg\000"
 203      65616444 
 203      61746152 
 203      656700
 204 005d 00       		.ascii	"\000"
 205 005e 00       		.ascii	"\000"
 206 005f 00       		.ascii	"\000"
 207 0060 00000000 		.ascii	"\000\000\000\000\000\000\000\000"
 207      00000000 
 208 0068 BA000000 		.ascii	"\272\000\000\000"
 209              		.text
 210              		.section	.gnu.lto_.opts,"",%progbits
 211 0000 272D666D 		.ascii	"'-fmath-errno' '-fsigned-zeros' '-ftrapping-math' '"
 211      6174682D 
 211      6572726E 
 211      6F272027 
ARM GAS  C:\Users\JEFFSN~1\AppData\Local\Temp\ccsnayYd.s 			page 14


 211      2D667369 
 212 0033 2D666E6F 		.ascii	"-fno-trapv' '-fno-strict-overflow' '-fno-openmp' '-"
 212      2D747261 
 212      70762720 
 212      272D666E 
 212      6F2D7374 
 213 0066 666E6F2D 		.ascii	"fno-openacc' '-mcpu=cortex-m3' '-mthumb' '-g' '-Og'"
 213      6F70656E 
 213      61636327 
 213      20272D6D 
 213      6370753D 
 214 0099 20272D66 		.ascii	" '-ffunction-sections' '-ffat-lto-objects' '-finlin"
 214      66756E63 
 214      74696F6E 
 214      2D736563 
 214      74696F6E 
 215 00cc 652D6675 		.ascii	"e-functions' '-flto'\000"
 215      6E637469 
 215      6F6E7327 
 215      20272D66 
 215      6C746F27 
 216              		.text
 217              		.cfi_sections	.debug_frame
 218              		.section	.text.up_Write,"ax",%progbits
 219              		.align	2
 220              		.global	up_Write
 221              		.thumb
 222              		.thumb_func
 223              		.type	up_Write, %function
 224              	up_Write:
 225              	.LFB0:
 226              		.file 1 "Generated_Source\\PSoC5\\up.c"
   1:Generated_Source\PSoC5/up.c **** /*******************************************************************************
   2:Generated_Source\PSoC5/up.c **** * File Name: up.c  
   3:Generated_Source\PSoC5/up.c **** * Version 2.20
   4:Generated_Source\PSoC5/up.c **** *
   5:Generated_Source\PSoC5/up.c **** * Description:
   6:Generated_Source\PSoC5/up.c **** *  This file contains API to enable firmware control of a Pins component.
   7:Generated_Source\PSoC5/up.c **** *
   8:Generated_Source\PSoC5/up.c **** * Note:
   9:Generated_Source\PSoC5/up.c **** *
  10:Generated_Source\PSoC5/up.c **** ********************************************************************************
  11:Generated_Source\PSoC5/up.c **** * Copyright 2008-2015, Cypress Semiconductor Corporation.  All rights reserved.
  12:Generated_Source\PSoC5/up.c **** * You may use this file only in accordance with the license, terms, conditions, 
  13:Generated_Source\PSoC5/up.c **** * disclaimers, and limitations in the end user license agreement accompanying 
  14:Generated_Source\PSoC5/up.c **** * the software package with which this file was provided.
  15:Generated_Source\PSoC5/up.c **** *******************************************************************************/
  16:Generated_Source\PSoC5/up.c **** 
  17:Generated_Source\PSoC5/up.c **** #include "cytypes.h"
  18:Generated_Source\PSoC5/up.c **** #include "up.h"
  19:Generated_Source\PSoC5/up.c **** 
  20:Generated_Source\PSoC5/up.c **** /* APIs are not generated for P15[7:6] on PSoC 5 */
  21:Generated_Source\PSoC5/up.c **** #if !(CY_PSOC5A &&\
  22:Generated_Source\PSoC5/up.c **** 	 up__PORT == 15 && ((up__MASK & 0xC0) != 0))
  23:Generated_Source\PSoC5/up.c **** 
  24:Generated_Source\PSoC5/up.c **** 
  25:Generated_Source\PSoC5/up.c **** /*******************************************************************************
ARM GAS  C:\Users\JEFFSN~1\AppData\Local\Temp\ccsnayYd.s 			page 15


  26:Generated_Source\PSoC5/up.c **** * Function Name: up_Write
  27:Generated_Source\PSoC5/up.c **** ****************************************************************************//**
  28:Generated_Source\PSoC5/up.c **** *
  29:Generated_Source\PSoC5/up.c **** * \brief Writes the value to the physical port (data output register), masking
  30:Generated_Source\PSoC5/up.c **** *  and shifting the bits appropriately. 
  31:Generated_Source\PSoC5/up.c **** *
  32:Generated_Source\PSoC5/up.c **** * The data output register controls the signal applied to the physical pin in 
  33:Generated_Source\PSoC5/up.c **** * conjunction with the drive mode parameter. This function avoids changing 
  34:Generated_Source\PSoC5/up.c **** * other bits in the port by using the appropriate method (read-modify-write or
  35:Generated_Source\PSoC5/up.c **** * bit banding).
  36:Generated_Source\PSoC5/up.c **** *
  37:Generated_Source\PSoC5/up.c **** * <b>Note</b> This function should not be used on a hardware digital output pin 
  38:Generated_Source\PSoC5/up.c **** * as it is driven by the hardware signal attached to it.
  39:Generated_Source\PSoC5/up.c **** *
  40:Generated_Source\PSoC5/up.c **** * \param value
  41:Generated_Source\PSoC5/up.c **** *  Value to write to the component instance.
  42:Generated_Source\PSoC5/up.c **** *
  43:Generated_Source\PSoC5/up.c **** * \return 
  44:Generated_Source\PSoC5/up.c **** *  None 
  45:Generated_Source\PSoC5/up.c **** *
  46:Generated_Source\PSoC5/up.c **** * \sideeffect
  47:Generated_Source\PSoC5/up.c **** *  If you use read-modify-write operations that are not atomic; the Interrupt 
  48:Generated_Source\PSoC5/up.c **** *  Service Routines (ISR) can cause corruption of this function. An ISR that 
  49:Generated_Source\PSoC5/up.c **** *  interrupts this function and performs writes to the Pins component data 
  50:Generated_Source\PSoC5/up.c **** *  register can cause corrupted port data. To avoid this issue, you should 
  51:Generated_Source\PSoC5/up.c **** *  either use the Per-Pin APIs (primary method) or disable interrupts around 
  52:Generated_Source\PSoC5/up.c **** *  this function.
  53:Generated_Source\PSoC5/up.c **** *
  54:Generated_Source\PSoC5/up.c **** * \funcusage
  55:Generated_Source\PSoC5/up.c **** *  \snippet up_SUT.c usage_up_Write
  56:Generated_Source\PSoC5/up.c **** *******************************************************************************/
  57:Generated_Source\PSoC5/up.c **** void up_Write(uint8 value)
  58:Generated_Source\PSoC5/up.c **** {
 227              		.loc 1 58 0
 228              		.cfi_startproc
 229              		@ args = 0, pretend = 0, frame = 0
 230              		@ frame_needed = 0, uses_anonymous_args = 0
 231              		@ link register save eliminated.
 232              	.LVL0:
  59:Generated_Source\PSoC5/up.c ****     uint8 staticBits = (up_DR & (uint8)(~up_MASK));
 233              		.loc 1 59 0
 234 0000 044A     		ldr	r2, .L2
 235 0002 1378     		ldrb	r3, [r2]	@ zero_extendqisi2
 236 0004 03F0FD03 		and	r3, r3, #253
 237              	.LVL1:
  60:Generated_Source\PSoC5/up.c ****     up_DR = staticBits | ((uint8)(value << up_SHIFT) & up_MASK);
 238              		.loc 1 60 0
 239 0008 4000     		lsls	r0, r0, #1
 240              	.LVL2:
 241 000a 00F00200 		and	r0, r0, #2
 242 000e 1843     		orrs	r0, r0, r3
 243 0010 1070     		strb	r0, [r2]
 244 0012 7047     		bx	lr
 245              	.L3:
 246              		.align	2
 247              	.L2:
 248 0014 30510040 		.word	1073762608
ARM GAS  C:\Users\JEFFSN~1\AppData\Local\Temp\ccsnayYd.s 			page 16


 249              		.cfi_endproc
 250              	.LFE0:
 251              		.size	up_Write, .-up_Write
 252              		.section	.text.up_SetDriveMode,"ax",%progbits
 253              		.align	2
 254              		.global	up_SetDriveMode
 255              		.thumb
 256              		.thumb_func
 257              		.type	up_SetDriveMode, %function
 258              	up_SetDriveMode:
 259              	.LFB1:
  61:Generated_Source\PSoC5/up.c **** }
  62:Generated_Source\PSoC5/up.c **** 
  63:Generated_Source\PSoC5/up.c **** 
  64:Generated_Source\PSoC5/up.c **** /*******************************************************************************
  65:Generated_Source\PSoC5/up.c **** * Function Name: up_SetDriveMode
  66:Generated_Source\PSoC5/up.c **** ****************************************************************************//**
  67:Generated_Source\PSoC5/up.c **** *
  68:Generated_Source\PSoC5/up.c **** * \brief Sets the drive mode for each of the Pins component's pins.
  69:Generated_Source\PSoC5/up.c **** * 
  70:Generated_Source\PSoC5/up.c **** * <b>Note</b> This affects all pins in the Pins component instance. Use the
  71:Generated_Source\PSoC5/up.c **** * Per-Pin APIs if you wish to control individual pin's drive modes.
  72:Generated_Source\PSoC5/up.c **** *
  73:Generated_Source\PSoC5/up.c **** * \param mode
  74:Generated_Source\PSoC5/up.c **** *  Mode for the selected signals. Valid options are documented in 
  75:Generated_Source\PSoC5/up.c **** *  \ref driveMode.
  76:Generated_Source\PSoC5/up.c **** *
  77:Generated_Source\PSoC5/up.c **** * \return
  78:Generated_Source\PSoC5/up.c **** *  None
  79:Generated_Source\PSoC5/up.c **** *
  80:Generated_Source\PSoC5/up.c **** * \sideeffect
  81:Generated_Source\PSoC5/up.c **** *  If you use read-modify-write operations that are not atomic, the ISR can
  82:Generated_Source\PSoC5/up.c **** *  cause corruption of this function. An ISR that interrupts this function 
  83:Generated_Source\PSoC5/up.c **** *  and performs writes to the Pins component Drive Mode registers can cause 
  84:Generated_Source\PSoC5/up.c **** *  corrupted port data. To avoid this issue, you should either use the Per-Pin
  85:Generated_Source\PSoC5/up.c **** *  APIs (primary method) or disable interrupts around this function.
  86:Generated_Source\PSoC5/up.c **** *
  87:Generated_Source\PSoC5/up.c **** * \funcusage
  88:Generated_Source\PSoC5/up.c **** *  \snippet up_SUT.c usage_up_SetDriveMode
  89:Generated_Source\PSoC5/up.c **** *******************************************************************************/
  90:Generated_Source\PSoC5/up.c **** void up_SetDriveMode(uint8 mode)
  91:Generated_Source\PSoC5/up.c **** {
 260              		.loc 1 91 0
 261              		.cfi_startproc
 262              		@ args = 0, pretend = 0, frame = 0
 263              		@ frame_needed = 0, uses_anonymous_args = 0
 264              		@ link register save eliminated.
 265              	.LVL3:
  92:Generated_Source\PSoC5/up.c **** 	CyPins_SetPinDriveMode(up_0, mode);
 266              		.loc 1 92 0
 267 0000 044A     		ldr	r2, .L5
 268 0002 1378     		ldrb	r3, [r2]	@ zero_extendqisi2
 269 0004 03F0F103 		and	r3, r3, #241
 270 0008 00F00E00 		and	r0, r0, #14
 271              	.LVL4:
 272 000c 1843     		orrs	r0, r0, r3
 273 000e 1070     		strb	r0, [r2]
ARM GAS  C:\Users\JEFFSN~1\AppData\Local\Temp\ccsnayYd.s 			page 17


 274 0010 7047     		bx	lr
 275              	.L6:
 276 0012 00BF     		.align	2
 277              	.L5:
 278 0014 19500040 		.word	1073762329
 279              		.cfi_endproc
 280              	.LFE1:
 281              		.size	up_SetDriveMode, .-up_SetDriveMode
 282              		.section	.text.up_Read,"ax",%progbits
 283              		.align	2
 284              		.global	up_Read
 285              		.thumb
 286              		.thumb_func
 287              		.type	up_Read, %function
 288              	up_Read:
 289              	.LFB2:
  93:Generated_Source\PSoC5/up.c **** }
  94:Generated_Source\PSoC5/up.c **** 
  95:Generated_Source\PSoC5/up.c **** 
  96:Generated_Source\PSoC5/up.c **** /*******************************************************************************
  97:Generated_Source\PSoC5/up.c **** * Function Name: up_Read
  98:Generated_Source\PSoC5/up.c **** ****************************************************************************//**
  99:Generated_Source\PSoC5/up.c **** *
 100:Generated_Source\PSoC5/up.c **** * \brief Reads the associated physical port (pin status register) and masks 
 101:Generated_Source\PSoC5/up.c **** *  the required bits according to the width and bit position of the component
 102:Generated_Source\PSoC5/up.c **** *  instance. 
 103:Generated_Source\PSoC5/up.c **** *
 104:Generated_Source\PSoC5/up.c **** * The pin's status register returns the current logic level present on the 
 105:Generated_Source\PSoC5/up.c **** * physical pin.
 106:Generated_Source\PSoC5/up.c **** *
 107:Generated_Source\PSoC5/up.c **** * \return 
 108:Generated_Source\PSoC5/up.c **** *  The current value for the pins in the component as a right justified number.
 109:Generated_Source\PSoC5/up.c **** *
 110:Generated_Source\PSoC5/up.c **** * \funcusage
 111:Generated_Source\PSoC5/up.c **** *  \snippet up_SUT.c usage_up_Read  
 112:Generated_Source\PSoC5/up.c **** *******************************************************************************/
 113:Generated_Source\PSoC5/up.c **** uint8 up_Read(void)
 114:Generated_Source\PSoC5/up.c **** {
 290              		.loc 1 114 0
 291              		.cfi_startproc
 292              		@ args = 0, pretend = 0, frame = 0
 293              		@ frame_needed = 0, uses_anonymous_args = 0
 294              		@ link register save eliminated.
 115:Generated_Source\PSoC5/up.c ****     return (up_PS & up_MASK) >> up_SHIFT;
 295              		.loc 1 115 0
 296 0000 024B     		ldr	r3, .L8
 297 0002 1878     		ldrb	r0, [r3]	@ zero_extendqisi2
 116:Generated_Source\PSoC5/up.c **** }
 298              		.loc 1 116 0
 299 0004 C0F34000 		ubfx	r0, r0, #1, #1
 300 0008 7047     		bx	lr
 301              	.L9:
 302 000a 00BF     		.align	2
 303              	.L8:
 304 000c 31510040 		.word	1073762609
 305              		.cfi_endproc
 306              	.LFE2:
ARM GAS  C:\Users\JEFFSN~1\AppData\Local\Temp\ccsnayYd.s 			page 18


 307              		.size	up_Read, .-up_Read
 308              		.section	.text.up_ReadDataReg,"ax",%progbits
 309              		.align	2
 310              		.global	up_ReadDataReg
 311              		.thumb
 312              		.thumb_func
 313              		.type	up_ReadDataReg, %function
 314              	up_ReadDataReg:
 315              	.LFB3:
 117:Generated_Source\PSoC5/up.c **** 
 118:Generated_Source\PSoC5/up.c **** 
 119:Generated_Source\PSoC5/up.c **** /*******************************************************************************
 120:Generated_Source\PSoC5/up.c **** * Function Name: up_ReadDataReg
 121:Generated_Source\PSoC5/up.c **** ****************************************************************************//**
 122:Generated_Source\PSoC5/up.c **** *
 123:Generated_Source\PSoC5/up.c **** * \brief Reads the associated physical port's data output register and masks 
 124:Generated_Source\PSoC5/up.c **** *  the correct bits according to the width and bit position of the component 
 125:Generated_Source\PSoC5/up.c **** *  instance. 
 126:Generated_Source\PSoC5/up.c **** *
 127:Generated_Source\PSoC5/up.c **** * The data output register controls the signal applied to the physical pin in 
 128:Generated_Source\PSoC5/up.c **** * conjunction with the drive mode parameter. This is not the same as the 
 129:Generated_Source\PSoC5/up.c **** * preferred up_Read() API because the 
 130:Generated_Source\PSoC5/up.c **** * up_ReadDataReg() reads the data register instead of the status 
 131:Generated_Source\PSoC5/up.c **** * register. For output pins this is a useful function to determine the value 
 132:Generated_Source\PSoC5/up.c **** * just written to the pin.
 133:Generated_Source\PSoC5/up.c **** *
 134:Generated_Source\PSoC5/up.c **** * \return 
 135:Generated_Source\PSoC5/up.c **** *  The current value of the data register masked and shifted into a right 
 136:Generated_Source\PSoC5/up.c **** *  justified number for the component instance.
 137:Generated_Source\PSoC5/up.c **** *
 138:Generated_Source\PSoC5/up.c **** * \funcusage
 139:Generated_Source\PSoC5/up.c **** *  \snippet up_SUT.c usage_up_ReadDataReg 
 140:Generated_Source\PSoC5/up.c **** *******************************************************************************/
 141:Generated_Source\PSoC5/up.c **** uint8 up_ReadDataReg(void)
 142:Generated_Source\PSoC5/up.c **** {
 316              		.loc 1 142 0
 317              		.cfi_startproc
 318              		@ args = 0, pretend = 0, frame = 0
 319              		@ frame_needed = 0, uses_anonymous_args = 0
 320              		@ link register save eliminated.
 143:Generated_Source\PSoC5/up.c ****     return (up_DR & up_MASK) >> up_SHIFT;
 321              		.loc 1 143 0
 322 0000 024B     		ldr	r3, .L11
 323 0002 1878     		ldrb	r0, [r3]	@ zero_extendqisi2
 144:Generated_Source\PSoC5/up.c **** }
 324              		.loc 1 144 0
 325 0004 C0F34000 		ubfx	r0, r0, #1, #1
 326 0008 7047     		bx	lr
 327              	.L12:
 328 000a 00BF     		.align	2
 329              	.L11:
 330 000c 30510040 		.word	1073762608
 331              		.cfi_endproc
 332              	.LFE3:
 333              		.size	up_ReadDataReg, .-up_ReadDataReg
 334              		.text
 335              	.Letext0:
ARM GAS  C:\Users\JEFFSN~1\AppData\Local\Temp\ccsnayYd.s 			page 19


 336              		.file 2 "Generated_Source\\PSoC5\\cytypes.h"
 337              		.section	.debug_info,"",%progbits
 338              	.Ldebug_info0:
 339 0000 1B010000 		.4byte	0x11b
 340 0004 0400     		.2byte	0x4
 341 0006 00000000 		.4byte	.Ldebug_abbrev0
 342 000a 04       		.byte	0x4
 343 000b 01       		.uleb128 0x1
 344 000c AF000000 		.4byte	.LASF20
 345 0010 0C       		.byte	0xc
 346 0011 67000000 		.4byte	.LASF21
 347 0015 85010000 		.4byte	.LASF22
 348 0019 00000000 		.4byte	.Ldebug_ranges0+0
 349 001d 00000000 		.4byte	0
 350 0021 00000000 		.4byte	.Ldebug_line0
 351 0025 02       		.uleb128 0x2
 352 0026 01       		.byte	0x1
 353 0027 06       		.byte	0x6
 354 0028 0D020000 		.4byte	.LASF0
 355 002c 02       		.uleb128 0x2
 356 002d 01       		.byte	0x1
 357 002e 08       		.byte	0x8
 358 002f 42000000 		.4byte	.LASF1
 359 0033 02       		.uleb128 0x2
 360 0034 02       		.byte	0x2
 361 0035 05       		.byte	0x5
 362 0036 F4010000 		.4byte	.LASF2
 363 003a 02       		.uleb128 0x2
 364 003b 02       		.byte	0x2
 365 003c 07       		.byte	0x7
 366 003d 11000000 		.4byte	.LASF3
 367 0041 02       		.uleb128 0x2
 368 0042 04       		.byte	0x4
 369 0043 05       		.byte	0x5
 370 0044 04020000 		.4byte	.LASF4
 371 0048 02       		.uleb128 0x2
 372 0049 04       		.byte	0x4
 373 004a 07       		.byte	0x7
 374 004b 55000000 		.4byte	.LASF5
 375 004f 02       		.uleb128 0x2
 376 0050 08       		.byte	0x8
 377 0051 05       		.byte	0x5
 378 0052 72010000 		.4byte	.LASF6
 379 0056 02       		.uleb128 0x2
 380 0057 08       		.byte	0x8
 381 0058 07       		.byte	0x7
 382 0059 56010000 		.4byte	.LASF7
 383 005d 03       		.uleb128 0x3
 384 005e 04       		.byte	0x4
 385 005f 05       		.byte	0x5
 386 0060 696E7400 		.ascii	"int\000"
 387 0064 02       		.uleb128 0x2
 388 0065 04       		.byte	0x4
 389 0066 07       		.byte	0x7
 390 0067 A2000000 		.4byte	.LASF8
 391 006b 04       		.uleb128 0x4
 392 006c FE010000 		.4byte	.LASF12
ARM GAS  C:\Users\JEFFSN~1\AppData\Local\Temp\ccsnayYd.s 			page 20


 393 0070 02       		.byte	0x2
 394 0071 E901     		.2byte	0x1e9
 395 0073 2C000000 		.4byte	0x2c
 396 0077 02       		.uleb128 0x2
 397 0078 04       		.byte	0x4
 398 0079 04       		.byte	0x4
 399 007a 3C000000 		.4byte	.LASF9
 400 007e 02       		.uleb128 0x2
 401 007f 08       		.byte	0x8
 402 0080 04       		.byte	0x4
 403 0081 93000000 		.4byte	.LASF10
 404 0085 02       		.uleb128 0x2
 405 0086 01       		.byte	0x1
 406 0087 08       		.byte	0x8
 407 0088 80010000 		.4byte	.LASF11
 408 008c 04       		.uleb128 0x4
 409 008d 50000000 		.4byte	.LASF13
 410 0091 02       		.byte	0x2
 411 0092 9302     		.2byte	0x293
 412 0094 98000000 		.4byte	0x98
 413 0098 05       		.uleb128 0x5
 414 0099 6B000000 		.4byte	0x6b
 415 009d 06       		.uleb128 0x6
 416 009e 24000000 		.4byte	.LASF14
 417 00a2 01       		.byte	0x1
 418 00a3 39       		.byte	0x39
 419 00a4 00000000 		.4byte	.LFB0
 420 00a8 18000000 		.4byte	.LFE0-.LFB0
 421 00ac 01       		.uleb128 0x1
 422 00ad 9C       		.byte	0x9c
 423 00ae CF000000 		.4byte	0xcf
 424 00b2 07       		.uleb128 0x7
 425 00b3 00000000 		.4byte	.LASF16
 426 00b7 01       		.byte	0x1
 427 00b8 39       		.byte	0x39
 428 00b9 6B000000 		.4byte	0x6b
 429 00bd 00000000 		.4byte	.LLST0
 430 00c1 08       		.uleb128 0x8
 431 00c2 06000000 		.4byte	.LASF23
 432 00c6 01       		.byte	0x1
 433 00c7 3B       		.byte	0x3b
 434 00c8 6B000000 		.4byte	0x6b
 435 00cc 01       		.uleb128 0x1
 436 00cd 53       		.byte	0x53
 437 00ce 00       		.byte	0
 438 00cf 06       		.uleb128 0x6
 439 00d0 83000000 		.4byte	.LASF15
 440 00d4 01       		.byte	0x1
 441 00d5 5A       		.byte	0x5a
 442 00d6 00000000 		.4byte	.LFB1
 443 00da 18000000 		.4byte	.LFE1-.LFB1
 444 00de 01       		.uleb128 0x1
 445 00df 9C       		.byte	0x9c
 446 00e0 F4000000 		.4byte	0xf4
 447 00e4 07       		.uleb128 0x7
 448 00e5 6D010000 		.4byte	.LASF17
 449 00e9 01       		.byte	0x1
ARM GAS  C:\Users\JEFFSN~1\AppData\Local\Temp\ccsnayYd.s 			page 21


 450 00ea 5A       		.byte	0x5a
 451 00eb 6B000000 		.4byte	0x6b
 452 00ef 21000000 		.4byte	.LLST1
 453 00f3 00       		.byte	0
 454 00f4 09       		.uleb128 0x9
 455 00f5 9A000000 		.4byte	.LASF18
 456 00f9 01       		.byte	0x1
 457 00fa 71       		.byte	0x71
 458 00fb 6B000000 		.4byte	0x6b
 459 00ff 00000000 		.4byte	.LFB2
 460 0103 10000000 		.4byte	.LFE2-.LFB2
 461 0107 01       		.uleb128 0x1
 462 0108 9C       		.byte	0x9c
 463 0109 09       		.uleb128 0x9
 464 010a 2D000000 		.4byte	.LASF19
 465 010e 01       		.byte	0x1
 466 010f 8D       		.byte	0x8d
 467 0110 6B000000 		.4byte	0x6b
 468 0114 00000000 		.4byte	.LFB3
 469 0118 10000000 		.4byte	.LFE3-.LFB3
 470 011c 01       		.uleb128 0x1
 471 011d 9C       		.byte	0x9c
 472 011e 00       		.byte	0
 473              		.section	.debug_abbrev,"",%progbits
 474              	.Ldebug_abbrev0:
 475 0000 01       		.uleb128 0x1
 476 0001 11       		.uleb128 0x11
 477 0002 01       		.byte	0x1
 478 0003 25       		.uleb128 0x25
 479 0004 0E       		.uleb128 0xe
 480 0005 13       		.uleb128 0x13
 481 0006 0B       		.uleb128 0xb
 482 0007 03       		.uleb128 0x3
 483 0008 0E       		.uleb128 0xe
 484 0009 1B       		.uleb128 0x1b
 485 000a 0E       		.uleb128 0xe
 486 000b 55       		.uleb128 0x55
 487 000c 17       		.uleb128 0x17
 488 000d 11       		.uleb128 0x11
 489 000e 01       		.uleb128 0x1
 490 000f 10       		.uleb128 0x10
 491 0010 17       		.uleb128 0x17
 492 0011 00       		.byte	0
 493 0012 00       		.byte	0
 494 0013 02       		.uleb128 0x2
 495 0014 24       		.uleb128 0x24
 496 0015 00       		.byte	0
 497 0016 0B       		.uleb128 0xb
 498 0017 0B       		.uleb128 0xb
 499 0018 3E       		.uleb128 0x3e
 500 0019 0B       		.uleb128 0xb
 501 001a 03       		.uleb128 0x3
 502 001b 0E       		.uleb128 0xe
 503 001c 00       		.byte	0
 504 001d 00       		.byte	0
 505 001e 03       		.uleb128 0x3
 506 001f 24       		.uleb128 0x24
ARM GAS  C:\Users\JEFFSN~1\AppData\Local\Temp\ccsnayYd.s 			page 22


 507 0020 00       		.byte	0
 508 0021 0B       		.uleb128 0xb
 509 0022 0B       		.uleb128 0xb
 510 0023 3E       		.uleb128 0x3e
 511 0024 0B       		.uleb128 0xb
 512 0025 03       		.uleb128 0x3
 513 0026 08       		.uleb128 0x8
 514 0027 00       		.byte	0
 515 0028 00       		.byte	0
 516 0029 04       		.uleb128 0x4
 517 002a 16       		.uleb128 0x16
 518 002b 00       		.byte	0
 519 002c 03       		.uleb128 0x3
 520 002d 0E       		.uleb128 0xe
 521 002e 3A       		.uleb128 0x3a
 522 002f 0B       		.uleb128 0xb
 523 0030 3B       		.uleb128 0x3b
 524 0031 05       		.uleb128 0x5
 525 0032 49       		.uleb128 0x49
 526 0033 13       		.uleb128 0x13
 527 0034 00       		.byte	0
 528 0035 00       		.byte	0
 529 0036 05       		.uleb128 0x5
 530 0037 35       		.uleb128 0x35
 531 0038 00       		.byte	0
 532 0039 49       		.uleb128 0x49
 533 003a 13       		.uleb128 0x13
 534 003b 00       		.byte	0
 535 003c 00       		.byte	0
 536 003d 06       		.uleb128 0x6
 537 003e 2E       		.uleb128 0x2e
 538 003f 01       		.byte	0x1
 539 0040 3F       		.uleb128 0x3f
 540 0041 19       		.uleb128 0x19
 541 0042 03       		.uleb128 0x3
 542 0043 0E       		.uleb128 0xe
 543 0044 3A       		.uleb128 0x3a
 544 0045 0B       		.uleb128 0xb
 545 0046 3B       		.uleb128 0x3b
 546 0047 0B       		.uleb128 0xb
 547 0048 27       		.uleb128 0x27
 548 0049 19       		.uleb128 0x19
 549 004a 11       		.uleb128 0x11
 550 004b 01       		.uleb128 0x1
 551 004c 12       		.uleb128 0x12
 552 004d 06       		.uleb128 0x6
 553 004e 40       		.uleb128 0x40
 554 004f 18       		.uleb128 0x18
 555 0050 9742     		.uleb128 0x2117
 556 0052 19       		.uleb128 0x19
 557 0053 01       		.uleb128 0x1
 558 0054 13       		.uleb128 0x13
 559 0055 00       		.byte	0
 560 0056 00       		.byte	0
 561 0057 07       		.uleb128 0x7
 562 0058 05       		.uleb128 0x5
 563 0059 00       		.byte	0
ARM GAS  C:\Users\JEFFSN~1\AppData\Local\Temp\ccsnayYd.s 			page 23


 564 005a 03       		.uleb128 0x3
 565 005b 0E       		.uleb128 0xe
 566 005c 3A       		.uleb128 0x3a
 567 005d 0B       		.uleb128 0xb
 568 005e 3B       		.uleb128 0x3b
 569 005f 0B       		.uleb128 0xb
 570 0060 49       		.uleb128 0x49
 571 0061 13       		.uleb128 0x13
 572 0062 02       		.uleb128 0x2
 573 0063 17       		.uleb128 0x17
 574 0064 00       		.byte	0
 575 0065 00       		.byte	0
 576 0066 08       		.uleb128 0x8
 577 0067 34       		.uleb128 0x34
 578 0068 00       		.byte	0
 579 0069 03       		.uleb128 0x3
 580 006a 0E       		.uleb128 0xe
 581 006b 3A       		.uleb128 0x3a
 582 006c 0B       		.uleb128 0xb
 583 006d 3B       		.uleb128 0x3b
 584 006e 0B       		.uleb128 0xb
 585 006f 49       		.uleb128 0x49
 586 0070 13       		.uleb128 0x13
 587 0071 02       		.uleb128 0x2
 588 0072 18       		.uleb128 0x18
 589 0073 00       		.byte	0
 590 0074 00       		.byte	0
 591 0075 09       		.uleb128 0x9
 592 0076 2E       		.uleb128 0x2e
 593 0077 00       		.byte	0
 594 0078 3F       		.uleb128 0x3f
 595 0079 19       		.uleb128 0x19
 596 007a 03       		.uleb128 0x3
 597 007b 0E       		.uleb128 0xe
 598 007c 3A       		.uleb128 0x3a
 599 007d 0B       		.uleb128 0xb
 600 007e 3B       		.uleb128 0x3b
 601 007f 0B       		.uleb128 0xb
 602 0080 27       		.uleb128 0x27
 603 0081 19       		.uleb128 0x19
 604 0082 49       		.uleb128 0x49
 605 0083 13       		.uleb128 0x13
 606 0084 11       		.uleb128 0x11
 607 0085 01       		.uleb128 0x1
 608 0086 12       		.uleb128 0x12
 609 0087 06       		.uleb128 0x6
 610 0088 40       		.uleb128 0x40
 611 0089 18       		.uleb128 0x18
 612 008a 9742     		.uleb128 0x2117
 613 008c 19       		.uleb128 0x19
 614 008d 00       		.byte	0
 615 008e 00       		.byte	0
 616 008f 00       		.byte	0
 617              		.section	.debug_loc,"",%progbits
 618              	.Ldebug_loc0:
 619              	.LLST0:
 620 0000 00000000 		.4byte	.LVL0
ARM GAS  C:\Users\JEFFSN~1\AppData\Local\Temp\ccsnayYd.s 			page 24


 621 0004 0A000000 		.4byte	.LVL2
 622 0008 0100     		.2byte	0x1
 623 000a 50       		.byte	0x50
 624 000b 0A000000 		.4byte	.LVL2
 625 000f 18000000 		.4byte	.LFE0
 626 0013 0400     		.2byte	0x4
 627 0015 F3       		.byte	0xf3
 628 0016 01       		.uleb128 0x1
 629 0017 50       		.byte	0x50
 630 0018 9F       		.byte	0x9f
 631 0019 00000000 		.4byte	0
 632 001d 00000000 		.4byte	0
 633              	.LLST1:
 634 0021 00000000 		.4byte	.LVL3
 635 0025 0C000000 		.4byte	.LVL4
 636 0029 0100     		.2byte	0x1
 637 002b 50       		.byte	0x50
 638 002c 0C000000 		.4byte	.LVL4
 639 0030 18000000 		.4byte	.LFE1
 640 0034 0400     		.2byte	0x4
 641 0036 F3       		.byte	0xf3
 642 0037 01       		.uleb128 0x1
 643 0038 50       		.byte	0x50
 644 0039 9F       		.byte	0x9f
 645 003a 00000000 		.4byte	0
 646 003e 00000000 		.4byte	0
 647              		.section	.debug_aranges,"",%progbits
 648 0000 34000000 		.4byte	0x34
 649 0004 0200     		.2byte	0x2
 650 0006 00000000 		.4byte	.Ldebug_info0
 651 000a 04       		.byte	0x4
 652 000b 00       		.byte	0
 653 000c 0000     		.2byte	0
 654 000e 0000     		.2byte	0
 655 0010 00000000 		.4byte	.LFB0
 656 0014 18000000 		.4byte	.LFE0-.LFB0
 657 0018 00000000 		.4byte	.LFB1
 658 001c 18000000 		.4byte	.LFE1-.LFB1
 659 0020 00000000 		.4byte	.LFB2
 660 0024 10000000 		.4byte	.LFE2-.LFB2
 661 0028 00000000 		.4byte	.LFB3
 662 002c 10000000 		.4byte	.LFE3-.LFB3
 663 0030 00000000 		.4byte	0
 664 0034 00000000 		.4byte	0
 665              		.section	.debug_ranges,"",%progbits
 666              	.Ldebug_ranges0:
 667 0000 00000000 		.4byte	.LFB0
 668 0004 18000000 		.4byte	.LFE0
 669 0008 00000000 		.4byte	.LFB1
 670 000c 18000000 		.4byte	.LFE1
 671 0010 00000000 		.4byte	.LFB2
 672 0014 10000000 		.4byte	.LFE2
 673 0018 00000000 		.4byte	.LFB3
 674 001c 10000000 		.4byte	.LFE3
 675 0020 00000000 		.4byte	0
 676 0024 00000000 		.4byte	0
 677              		.section	.debug_line,"",%progbits
ARM GAS  C:\Users\JEFFSN~1\AppData\Local\Temp\ccsnayYd.s 			page 25


 678              	.Ldebug_line0:
 679 0000 8B000000 		.section	.debug_str,"MS",%progbits,1
 679      02003F00 
 679      00000201 
 679      FB0E0D00 
 679      01010101 
 680              	.LASF16:
 681 0000 76616C75 		.ascii	"value\000"
 681      6500
 682              	.LASF23:
 683 0006 73746174 		.ascii	"staticBits\000"
 683      69634269 
 683      747300
 684              	.LASF3:
 685 0011 73686F72 		.ascii	"short unsigned int\000"
 685      7420756E 
 685      7369676E 
 685      65642069 
 685      6E7400
 686              	.LASF14:
 687 0024 75705F57 		.ascii	"up_Write\000"
 687      72697465 
 687      00
 688              	.LASF19:
 689 002d 75705F52 		.ascii	"up_ReadDataReg\000"
 689      65616444 
 689      61746152 
 689      656700
 690              	.LASF9:
 691 003c 666C6F61 		.ascii	"float\000"
 691      7400
 692              	.LASF1:
 693 0042 756E7369 		.ascii	"unsigned char\000"
 693      676E6564 
 693      20636861 
 693      7200
 694              	.LASF13:
 695 0050 72656738 		.ascii	"reg8\000"
 695      00
 696              	.LASF5:
 697 0055 6C6F6E67 		.ascii	"long unsigned int\000"
 697      20756E73 
 697      69676E65 
 697      6420696E 
 697      7400
 698              	.LASF21:
 699 0067 47656E65 		.ascii	"Generated_Source\\PSoC5\\up.c\000"
 699      72617465 
 699      645F536F 
 699      75726365 
 699      5C50536F 
 700              	.LASF15:
 701 0083 75705F53 		.ascii	"up_SetDriveMode\000"
 701      65744472 
 701      6976654D 
 701      6F646500 
 702              	.LASF10:
ARM GAS  C:\Users\JEFFSN~1\AppData\Local\Temp\ccsnayYd.s 			page 26


 703 0093 646F7562 		.ascii	"double\000"
 703      6C6500
 704              	.LASF18:
 705 009a 75705F52 		.ascii	"up_Read\000"
 705      65616400 
 706              	.LASF8:
 707 00a2 756E7369 		.ascii	"unsigned int\000"
 707      676E6564 
 707      20696E74 
 707      00
 708              	.LASF20:
 709 00af 474E5520 		.ascii	"GNU C11 5.4.1 20160609 (release) [ARM/embedded-5-br"
 709      43313120 
 709      352E342E 
 709      31203230 
 709      31363036 
 710 00e2 616E6368 		.ascii	"anch revision 237715] -mcpu=cortex-m3 -mthumb -g -O"
 710      20726576 
 710      6973696F 
 710      6E203233 
 710      37373135 
 711 0115 67202D66 		.ascii	"g -ffunction-sections -ffat-lto-objects -finline-fu"
 711      66756E63 
 711      74696F6E 
 711      2D736563 
 711      74696F6E 
 712 0148 6E637469 		.ascii	"nctions -flto\000"
 712      6F6E7320 
 712      2D666C74 
 712      6F00
 713              	.LASF7:
 714 0156 6C6F6E67 		.ascii	"long long unsigned int\000"
 714      206C6F6E 
 714      6720756E 
 714      7369676E 
 714      65642069 
 715              	.LASF17:
 716 016d 6D6F6465 		.ascii	"mode\000"
 716      00
 717              	.LASF6:
 718 0172 6C6F6E67 		.ascii	"long long int\000"
 718      206C6F6E 
 718      6720696E 
 718      7400
 719              	.LASF11:
 720 0180 63686172 		.ascii	"char\000"
 720      00
 721              	.LASF22:
 722 0185 433A5C55 		.ascii	"C:\\Users\\JeffSnyder\\dev\\Electrobass_embedded\\P"
 722      73657273 
 722      5C4A6566 
 722      66536E79 
 722      6465725C 
 723 01b3 534F4335 		.ascii	"SOC5_electrobass_stringsensors\\CE210514_PSOC3_5_Th"
 723      5F656C65 
 723      6374726F 
 723      62617373 
ARM GAS  C:\Users\JEFFSN~1\AppData\Local\Temp\ccsnayYd.s 			page 27


 723      5F737472 
 724 01e5 65726D69 		.ascii	"ermistor.cydsn\000"
 724      73746F72 
 724      2E637964 
 724      736E00
 725              	.LASF2:
 726 01f4 73686F72 		.ascii	"short int\000"
 726      7420696E 
 726      7400
 727              	.LASF12:
 728 01fe 75696E74 		.ascii	"uint8\000"
 728      3800
 729              	.LASF4:
 730 0204 6C6F6E67 		.ascii	"long int\000"
 730      20696E74 
 730      00
 731              	.LASF0:
 732 020d 7369676E 		.ascii	"signed char\000"
 732      65642063 
 732      68617200 
 733              		.comm	__gnu_lto_v1,1,1
 734              		.ident	"GCC: (GNU Tools for ARM Embedded Processors) 5.4.1 20160609 (release) [ARM/embedded-5-bran
