ARM GAS  C:\Users\JEFFSN~1\AppData\Local\Temp\cczBNGwj.s 			page 1


   1              		.syntax unified
   2              		.cpu cortex-m3
   3              		.fpu softvfp
   4              		.eabi_attribute 20, 1
   5              		.eabi_attribute 21, 1
   6              		.eabi_attribute 23, 3
   7              		.eabi_attribute 24, 1
   8              		.eabi_attribute 25, 1
   9              		.eabi_attribute 26, 1
  10              		.eabi_attribute 30, 2
  11              		.eabi_attribute 34, 1
  12              		.eabi_attribute 18, 4
  13              		.thumb
  14              		.syntax unified
  15              		.file	"USB_Dm.c"
  16              		.text
  17              	.Ltext0:
  18              		.section	.gnu.lto_.profile.a80ca1f0,"",%progbits
  19 0000 789C6361 		.ascii	"x\234ca`d`a`\000\222\022\"\000\000\256\0007"
  19      60646061 
  19      60009212 
  19      220000AE 
  19      0037
  20              		.text
  21              		.section	.gnu.lto_.icf.a80ca1f0,"",%progbits
  22 0000 789C6361 		.ascii	"x\234ca`d\000\001)\006\004`aX\3302m\001#\343\237\307"
  22      60640001 
  22      29060460 
  22      6158D832 
  22      6D0123E3 
  23 0016 FFCEF133 		.ascii	"\377\316\3613\335\332q\361:3\363\335C\253\317\2631\000"
  23      DDDA71F1 
  23      3A33F3DD 
  23      43ABCFB3 
  23      3100
  24 0028 00A8410C 		.ascii	"\000\250A\014\234"
  24      9C
  25              		.text
  26              		.section	.gnu.lto_.jmpfuncs.a80ca1f0,"",%progbits
  27 0000 789C6361 		.ascii	"x\234ca`d\000\001!\006\004`a`dd\254g\004\021L\014\014"
  27      60640001 
  27      21060460 
  27      61606464 
  27      AC670411 
  28 0017 CC401100 		.ascii	"\314@\021\000\016\"\001&"
  28      0E220126 
  29              		.text
  30              		.section	.gnu.lto_.inline.a80ca1f0,"",%progbits
  31 0000 789C6361 		.ascii	"x\234ca`d\000\201$\006\004`a`\340`gdd\340\000J1s\034"
  31      60640081 
  31      24060460 
  31      6160E060 
  31      676464E0 
  32 0019 B063605B 		.ascii	"\260c`[ \317\304\300t\201\237\005$\313\210O\222\211"
  32      20CFC4C0 
  32      74819F05 
  32      24CB884F 
ARM GAS  C:\Users\JEFFSN~1\AppData\Local\Temp\cczBNGwj.s 			page 2


  32      9289
  33 002b 818D9591 		.ascii	"\201\215\225\221\201\211\355\203\036D\034\010\2301\205"
  33      8189ED83 
  33      1E441C08 
  33      983185
  34 003a 1800EEF5 		.ascii	"\030\000\356\365\012\002"
  34      0A02
  35              		.text
  36              		.section	.gnu.lto_.pureconst.a80ca1f0,"",%progbits
  37 0000 789C6361 		.ascii	"x\234ca`d\340d```a\220b\224b\222b\226\002\000\002\261"
  37      6064E064 
  37      60606061 
  37      90629462 
  37      92629602 
  38 0017 0081     		.ascii	"\000\201"
  39              		.text
  40              		.section	.gnu.lto_USB_Dm_Write.a80ca1f0,"",%progbits
  41 0000 789C5550 		.ascii	"x\234UPMK\033Q\024\275\347\275\231$\030\333\376\200"
  41      4D4B1B51 
  41      14BDE7BD 
  41      992418DB 
  41      FE80
  42 0012 66112822 		.ascii	"f\021(\"\331\224\202\364\017\330B\267\305\340. !\235"
  42      D99482F4 
  42      0FD842B7 
  42      C5E02E20 
  42      219D
  43 0024 85501534 		.ascii	"\205P\0254\272\365\215\343Dp%\024u\245\201\212\250\375"
  43      BAF58DE3 
  43      44702514 
  43      75A5818A 
  43      A8FD
  44 0036 D0DA45A1 		.ascii	"\320\332E\241Pp\230\225+\335\270\020)\245\270\230\202"
  44      50709895 
  44      2BDDB810 
  44      29A5B898 
  44      82
  45 0047 AB293524 		.ascii	"\253)5$T\333\364\336\031\027\365\301\233\367\346\274"
  45      54DBF4DE 
  45      1917F5C1 
  45      9BF7E6BC 
  46 0057 73CE3DF7 		.ascii	"s\316=\367Z\004\222\245\024\321\000\237\367yC\023\324"
  46      5A0492A5 
  46      14D1009F 
  46      F7794313 
  46      D4
  47 0068 D211919B 		.ascii	"\322\021\221\233S\200\\L\0164\2530\213\226\372\243\020"
  47      53805C4C 
  47      0E34AB30 
  47      8B96FAA3 
  47      10
  48 0079 2E449F55 		.ascii	".D\237Ui\313\360\372\276\271\256\315v\000_\023uU\342"
  48      69CBF0FA 
  48      BEB9AECD 
  48      76005F13 
  48      7555E2
  49 008c 44D84289 		.ascii	"D\330B\211Y?\276,\234@?\000\361\275\021\266\342|\377"
ARM GAS  C:\Users\JEFFSN~1\AppData\Local\Temp\cczBNGwj.s 			page 3


  49      593FBE2C 
  49      9C403F00 
  49      F1BD11B6 
  49      E27CFF
  50 009f A63173C6 		.ascii	"\2461s\306\374\252\030\355k`\033\232\025\030(\340Q\201"
  50      FCAA18ED 
  50      6B601B9A 
  50      151828E0 
  50      5181
  51 00b1 1820ECA0 		.ascii	"\030 \354\240_\310\235\263\223\335\273\272\224\010\227"
  51      5FC89DB3 
  51      93DDBBBA 
  51      940897
  52 00c0 4CF4BAB7 		.ascii	"L\364\272\267oC\204A{l\325\004nQ\264o\376\327\312b\352"
  52      6F438441 
  52      7B6CD504 
  52      6E51B46F 
  52      FED7CA62 
  53 00d5 F9FEDFE5 		.ascii	"\371\376\337\345;\231yIU\304[\364\245y\360\016\031\356"
  53      3B997949 
  53      55C45BF4 
  53      A579F00E 
  53      19EE
  54 00e7 1082EC0D 		.ascii	"\020\202\354\015\005\246\333\365L\320\262[:\247\270"
  54      05A6DBF5 
  54      4CD0B25B 
  54      3AA7B8
  55 00f6 A8E24EF9 		.ascii	"\250\342N\371\301\202\324\266\005\310\310\207(\346-"
  55      C182D4B6 
  55      05C8C887 
  55      28E62D
  56 0105 8DFFE4B9 		.ascii	"\215\377\344\271\360\251#\204\277\027\277\255f\305\316"
  56      F0A92384 
  56      BF17BFAD 
  56      66C5CE
  57 0114 D3328415 		.ascii	"\3232\204\025?<\316^*_\353$\350\251\327\354\344\323"
  57      3F3CCE5E 
  57      2A5FEB24 
  57      E8A9D7EC 
  57      E4D3
  58 0126 DF78C335 		.ascii	"\337x\3035\026C\257>-_XM\254\271\363<\036\013\273(\340"
  58      1643AF3E 
  58      2D5F584D 
  58      ACB9F33C 
  58      1E0BBB28 
  59 013b 3D382EF6 		.ascii	"=8.\366\320\004E\360\256\033_\221\032\352\324\363\352"
  59      D00445F0 
  59      AE1B5F91 
  59      1AEAD4F3 
  59      EA
  60 014c 303AB827 		.ascii	"0:\270'&@\227\360\201\311\347PI\007\034\222Y\"\212\033"
  60      264097F0 
  60      81C9E750 
  60      49071C92 
  60      59228A1B 
  61 0160 51FB2686 		.ascii	"Q\373&\206\355i\251s\271\350\267\265\250ld\261\317\""
  61      ED69A973 
ARM GAS  C:\Users\JEFFSN~1\AppData\Local\Temp\cczBNGwj.s 			page 4


  61      B9E8B7B5 
  61      A86C64B1 
  61      CF22
  62 0172 66751AD7 		.ascii	"fu\032\3277\326\251\273\315`\270\222@\267\222\271\306"
  62      37D6A9BB 
  62      CD60B892 
  62      40B792B9 
  62      C6
  63 0183 E46F87FB 		.ascii	"\344o\207\373\310\341XE\027\230\013\256l\021$\003\216"
  63      C8E15845 
  63      17980BAE 
  63      6C112403 
  63      8E
  64 0194 1564103C 		.ascii	"\025d\020<\226\3423g\334\231\254\326\235\027#\345\211"
  64      96E23367 
  64      DC99ACD6 
  64      9D1723E5 
  64      89
  65 01a5 E9C99A53 		.ascii	"\351\311\232Sy^\236x\362\2702\\\036\034y:\366\260F\366"
  65      795E9E78 
  65      F2B8325C 
  65      1E1C793A 
  65      F6B046F6 
  66 01b9 4CF5E5B4 		.ascii	"L\365\345\264\3233U\257\326Gk\203\243\365\251\177P\252"
  66      D33355AF 
  66      D6476B83 
  66      A3F5A97F 
  66      50AA
  67 01cb B809     		.ascii	"\270\011"
  68              		.text
  69              		.section	.gnu.lto_USB_Dm_SetDriveMode.a80ca1f0,"",%progbits
  70 0000 789C7D51 		.ascii	"x\234}Q\273J\003A\024\275gf\263\233 \372\003\246\020"
  70      BB4A0341 
  70      14BD6766 
  70      B39B20FA 
  70      03A610
  71 0013 2C828D04 		.ascii	",\202\215\004\304\037P\321V\014v\212\210n\251\301\240"
  71      C41F50D1 
  71      560C768A 
  71      886EA9C1 
  71      A0
  72 0024 B593C420 		.ascii	"\265\223\304 h\243\2106\"\332\210\357\0276\332\305\200"
  72      68A38836 
  72      22DA88EF 
  72      1736DAC5 
  72      80
  73 0035 96DA5958 		.ascii	"\226\332YX\204`\021DP\342\013E\215\361\336]\213T\016"
  73      84601144 
  73      50E20B45 
  73      8DF1DE5D 
  73      8B540E
  74 0048 3BF77138 		.ascii	";\367q8\347p\357\254E 9w\234\"\234\353\371B\023\324"
  74      E770EFAC 
  74      45203977 
  74      9C229CEB 
  74      F94213D4 
  75 005c DC255132 		.ascii	"\334%Q2\250\000)L\0204\2510\2117UV\310M\027OU\323\206"
ARM GAS  C:\Users\JEFFSN~1\AppData\Local\Temp\cczBNGwj.s 			page 5


  75      A800294C 
  75      1034A930 
  75      89375556 
  75      C84D174F 
  76 0073 E153387F 		.ascii	"\341S8\177\214\232\315,2\232\250\242<'\302\006\232\230"
  76      8C9ACD2C 
  76      329AA8A2 
  76      3C27C206 
  76      9A98
  77 0085 F572BCBE 		.ascii	"\365r\274\276P\243\033A\\?]\226\362u\221ucR\306\314"
  77      50A31B41 
  77      5C3F5D96 
  77      F2759175 
  77      6352C6CC 
  78 0099 F71B9DD1 		.ascii	"\367\033\235\321\300&4+\320\022F4L\014\020\266\020\021"
  78      C026342B 
  78      D0124634 
  78      4C0C10B6 
  78      1011
  79 00ab F2EDD1CF 		.ascii	"\362\355\321\317b\255=%\366\015\276)\266a\313\230\007"
  79      62AD3D25 
  79      F60DBE29 
  79      B661CB98 
  79      07
  80 00bc 3D5953A9 		.ascii	"=YS\251\244M\366\335>\373\264k\024\313\224\346\240-"
  80      A44DF6DD 
  80      3EFBB46B 
  80      14CB94E6 
  80      A02D
  81 00ce 09018883 		.ascii	"\011\001\210\203-\245#!(!$\034\242\022_Y\344I)\311\272"
  81      2DA52321 
  81      2821241C 
  81      A2125F59 
  81      E44929C9 
  82 00e3 88DCE74C 		.ascii	"\210\334\347Lq\331\022\347\264\226\245\2262\271+\347"
  82      71D912E7 
  82      B496A596 
  82      32B92BE7 
  83 00f3 5565B4E5 		.ascii	"Ue\264\345M\374zW8\321~[YK\032\213\241\257\213r\336"
  83      4DFC7A57 
  83      38D17E5B 
  83      594B1A8B 
  83      A1AF8B72 
  84 0108 5AC54A72 		.ascii	"Z\305Jr\212\327\015`\027a\354 \314\323\355a\025TD\352"
  84      8AD70D60 
  84      1761EC20 
  84      CCD3ED61 
  84      155444EA 
  85 011c D9F1ED34 		.ascii	"\331\361\3554;r\237\376\266\375\336b\210\3657\027\263"
  85      3B729FFE 
  85      B6FDDE62 
  85      88F53717 
  85      B3
  86 012d E590586A 		.ascii	"\345\220Xj\214a\237\225U\022\376\002\325\022\207!\226"
  86      8C619F95 
  86      5512FE02 
  86      D5128721 
ARM GAS  C:\Users\JEFFSN~1\AppData\Local\Temp\cczBNGwj.s 			page 6


  86      96
  87 013e 3C5CEFEC 		.ascii	"<\\\357\354j_R\207\003O\222\376\370\243\004=c\247\332"
  87      6A5F5287 
  87      034F92FE 
  87      F8A3043D 
  87      63A7DA
  88 0151 25C428F7 		.ascii	"%\304(\367\271%H\377\337\310\207<2\363\351\036\251\354"
  88      B92548FF 
  88      DFC8873C 
  88      32F3E91E 
  88      A9EC
  89 0163 57A7B0BD 		.ascii	"W\247\260\275_WR\220\347\341\307j\350rG\335\304\340"
  89      5F575290 
  89      E7E1C76A 
  89      E87247DD 
  89      C4E0
  90 0175 B83B3C10 		.ascii	"\270;<\020\213O$\206\334\276\356X\274\275\265\2577\326"
  90      8B4F2486 
  90      DCBEEE58 
  90      BCBDB5AF 
  90      37D6
  91 0187 36D031D2 		.ascii	"6\3201\322<D\326H|\330\375\005\0128\247\213"
  91      3C44D648 
  91      7CD8FD05 
  91      0A38A78B 
  92              		.text
  93              		.section	.gnu.lto_USB_Dm_Read.a80ca1f0,"",%progbits
  94 0000 789C354F 		.ascii	"x\2345O\275KBQ\024?\277{\237>\021\372\013r\2106\227"
  94      BD4B4251 
  94      143FBF7B 
  94      9F3E11FA 
  94      0B728836 
  95 0015 082288C6 		.ascii	"\010\"\210\306\212Z#\251I\220\260GS\011R\263\367\371"
  95      8A5A23A9 
  95      4990B047 
  95      530952B3 
  95      F7F9
  96 0027 7C0552E0 		.ascii	"|\005R\340bM\345\020\242}\021-\315\346\020EPS\320\024"
  96      624DE510 
  96      A27D112D 
  96      CDE61045 
  96      5053D014 
  97 003b 11F182A6 		.ascii	"\021\361\202\246\024C\020\313\316\355\325\201{\316\275"
  97      144310CB 
  97      CEEDD581 
  97      7BCEBD
  98 004a E7FE3ECE 		.ascii	"\347\376>\3161\010\244c\201\313 \327~>\220\004Q\270"
  98      3108A463 
  98      81CB20D7 
  98      7E3E9004 
  98      51B8
  99 005c 23B24302 		.ascii	"#\262C\002\320\027\025\002e\0042\370\024_\002\267\355"
  99      D0171502 
  99      650432F8 
  99      145F02B7 
  99      ED
 100 006d EBAD70B4 		.ascii	"\353\255p\264\242TV=\227;c\273\325\032\\I\324\023\204"
ARM GAS  C:\Users\JEFFSN~1\AppData\Local\Temp\cczBNGwj.s 			page 7


 100      A254563D 
 100      973B63BB 
 100      D51A5C49 
 100      D41384
 101 0080 91088623 		.ascii	"\221\010\206#Z\242\202(1\364\345\374\273\330\027\314"
 101      5AA28228 
 101      31F4E5FC 
 101      BBD817CC 
 102 0090 298E010D 		.ascii	")\216\001\015\340\237*\202\332\362l\256\246z=G\325\036"
 102      E09F2A82 
 102      DAF26CAE 
 102      A67A3D47 
 102      D51E
 103 00a2 CCCB47D3 		.ascii	"\314\313G\323\004\271\222}9\031\234D@\247 iY\372`\232"
 103      04B9927D 
 103      39199C44 
 103      40A72069 
 103      59FA609A 
 104 00b6 1EA22184 		.ascii	"\036\242!\204\256\322C\275\223\177\332\037\327J\216"
 104      AED243BD 
 104      937FDA1F 
 104      D74A8E
 105 00c5 94ECB2E3 		.ascii	"\224\354\262\343\326\357\315\226p\245\2046\355n\027"
 105      D6EFCD96 
 105      70A58436 
 105      ED6E17
 106 00d4 DFE03F1B 		.ascii	"\337\340?\033\007\2662\270U.\330\313%\354\3319\236\324"
 106      07B632B8 
 106      552ED8CB 
 106      25ECD939 
 106      9ED4
 107 00e6 C0112238 		.ascii	"\300\021\"8\004\317\211c\224@\036\234\35649\022\276"
 107      04CF8963 
 107      94401E9C 
 107      EE343912 
 107      BE
 108 00f7 DA857773 		.ascii	"\332\205ws\025\326t@\001'\214\363\220mnv\205oh0PS\232"
 108      15D67440 
 108      01278CF3 
 108      906D6E76 
 108      856F6830 
 109 010e 1B2DC3EF 		.ascii	"\033-\303\357\004\270\311\274V\336mK\315\0230q\372O"
 109      04B8C9BC 
 109      56DE6D4B 
 109      CD133071 
 109      FA4F
 110 0120 7B850FD2 		.ascii	"{\205\017\3228z\307\237H\220~\027\203^\210\327\033\230"
 110      387AC79F 
 110      48907E17 
 110      835E88D7 
 110      1B98
 111 0132 B156ADF4 		.ascii	"\261V\255\364\342\232\265\224\210\245\326\323I+>\033"
 111      E29AB594 
 111      88A5D6D3 
 111      492B3E1B 
 112 0142 4B4D8EC6 		.ascii	"KM\216\306\347c\023\211\251\225\241$\375\000B\353{d"
 112      E7631389 
ARM GAS  C:\Users\JEFFSN~1\AppData\Local\Temp\cczBNGwj.s 			page 8


 112      A995A124 
 112      FD0042EB 
 112      7B64
 113              		.text
 114              		.section	.gnu.lto_USB_Dm_ReadDataReg.a80ca1f0,"",%progbits
 115 0000 789C354F 		.ascii	"x\2345O\275KBQ\024?\277{\237Oy\321_\220\203\264\271"
 115      BD4B4251 
 115      143FBF7B 
 115      9F4F79D1 
 115      5F9083B4 
 116 0015 44100D35 		.ascii	"D\020\0155V\324\032I\264\010\022\366\306\022\244f\257"
 116      56D41A49 
 116      B40812F6 
 116      C612A466 
 116      AF
 117 0026 3E5F4134 		.ascii	">_A4\004aM\341\020\241\366A\264\270\005\346\020EP\215"
 117      04614DE1 
 117      10A1F641 
 117      B4B805E6 
 117      1045508D 
 118 003a 8D11F106 		.ascii	"\215\021\361\006'\023\303\010\323\316\355\325\201{\316"
 118      2713C308 
 118      D3CEEDD5 
 118      817BCE
 119 0049 BDE7FE3E 		.ascii	"\275\347\376>\3161\010\244c\211\3130\327!>\220\004\261"
 119      CE3108A4 
 119      6389CB30 
 119      D7213E90 
 119      04B1
 120 005b FB40940D 		.ascii	"\373@\224\015\011@_T\010\224\021\310\340C|\013\334w"
 120      09405F54 
 120      089411C8 
 120      E0437C0B 
 120      DC77
 121 006d 6E77AC68 		.ascii	"nw\254hI\251\234z9.M\034\224kp%Q_\020\306\302\030\015"
 121      49A99C7A 
 121      392E4D1C 
 121      946B7025 
 121      515F10C6 
 122 0084 6B8912A2 		.ascii	"k\211\022\242\304\320\327\313^a\320\314+\216\210\006"
 122      C4D0D7CB 
 122      5E61D0CC 
 122      2B8E8806 
 123 0094 F04F19A6 		.ascii	"\360O\031\246\266\274X\250\251~\337Q\265+\353\372\311"
 123      B6BC58A8 
 123      A97EDF51 
 123      B52BEBFA 
 123      C9
 124 00a5 0A825CC9 		.ascii	"\012\202\\\311\276\234\014N\"\240\223IZ\226\232L\323"
 124      BE9C0C4E 
 124      22A09349 
 124      5A969A4C 
 124      D3
 125 00b6 43BC0BA1 		.ascii	"C\274\013\241\253\364P\377\332\356U&\265\222#%\273\354"
 125      ABF450FF 
 125      DAEE5526 
 125      B5922325 
ARM GAS  C:\Users\JEFFSN~1\AppData\Local\Temp\cczBNGwj.s 			page 9


 125      BBEC
 126 00c8 BBF5C760 		.ascii	"\273\365\307`[\270RB\233>;\305\317\001\377\331<\312"
 126      5BB85242 
 126      9B3E3BC5 
 126      CF01FFD9 
 126      3CCA
 127 00da 2A835B7B 		.ascii	"*\203[{\325B\303(\3420\233\347Q\015\234 \214\012xP\234"
 127      D542C328 
 127      E2309BE7 
 127      510D9C20 
 127      8C0A7850 
 128 00ef A208F2E0 		.ascii	"\242\010\362\340tg\311\221\360\345\252\336\335\215\245"
 128      7467C991 
 128      F0E5AADE 
 128      DD8DA5
 129 00fe F98002CE 		.ascii	"\371\200\002\316\030\347!\327\332\352\012\337\321`\240"
 129      18E721D7 
 129      DAEA0ADF 
 129      D160A0
 130 010d A6B436DB 		.ascii	"\246\2646\333\206\337\011p\223y\355m\267#5O \210\363"
 130      86DF0970 
 130      9379ED6D 
 130      B723354F 
 130      2088F3
 131 0120 7FDA1B7C 		.ascii	"\177\332\033|\220\306Q\003\177\"&\375n\006\275\021\357"
 131      90C65103 
 131      7F2226FD 
 131      6E06BD11 
 131      EF
 132 0131 1799B3D7 		.ascii	"\027\231\263\327\354\364\362\272\275\222\210\2456\322"
 132      ECF4F2BA 
 132      BD9288A5 
 132      36D2
 133 013f 493B3E1F 		.ascii	"I;>\037KM\217\307\027cS\211\231\325\221$\375\000\231"
 133      4B4D8FC7 
 133      17635389 
 133      99D59124 
 133      FD0099
 134 0152 7B7BC9   		.ascii	"{{\311"
 135              		.text
 136              		.section	.gnu.lto_.symbol_nodes.a80ca1f0,"",%progbits
 137 0000 789C6361 		.ascii	"x\234ca`dpc\000\002&\206z\006\206\011\347\030@\324\256"
 137      60647063 
 137      00022686 
 137      7A068609 
 137      E71840D4 
 138 0015 0645A000 		.ascii	"\006E\240\000c=#\252\000S=\023\252\000s=3\212\000\003"
 138      633D23AA 
 138      00533D13 
 138      AA00733D 
 138      338A0003 
 139 0029 0026B60F 		.ascii	"\000&\266\017<"
 139      3C
 140              		.text
 141              		.section	.gnu.lto_.refs.a80ca1f0,"",%progbits
 142 0000 789C6361 		.ascii	"x\234ca`\004B \000\000\0009\000\007"
 142      60044220 
ARM GAS  C:\Users\JEFFSN~1\AppData\Local\Temp\cczBNGwj.s 			page 10


 142      00000039 
 142      0007
 143              		.text
 144              		.section	.gnu.lto_.decls.a80ca1f0,"",%progbits
 145 0000 789C8D53 		.ascii	"x\234\215S]H\024Q\024\276gfv\225\331m\013\213\330\207"
 145      5D481451 
 145      14BE6766 
 145      7695D96D 
 145      0B8BD887 
 146 0014 85369F7C 		.ascii	"\2056\237|Z\222\010|\010\213\224|*\303E{\021d\325\301"
 146      5A92087C 
 146      088B947C 
 146      2AC3457B 
 146      1164D5C1 
 147 0028 7C48635B 		.ascii	"|Hc[\003\337\256\256\201\326C\012\371\233\240E\224\346"
 147      03DFAEAE 
 147      81D6430A 
 147      F99BA045 
 147      94E6
 148 003a A696BBE6 		.ascii	"\246\226\273\346n\232\026\244\"H\212 \205a\202\366 "
 148      6E9A16A4 
 148      22488A20 
 148      856182F6 
 148      20
 149 004b 1919F922 		.ascii	"\031\031\371\"\265m\347\336\231i\006\333\300\303\234"
 149      B56DE7DE 
 149      996906DB 
 149      C0C39C
 150 005a 9973EE3D 		.ascii	"\231s\356=\337w\276{fF\"@\230eK\204t\340\323\205i\002"
 150      DF77BE7B 
 150      66462240 
 150      98654B84 
 150      74E0D385 
 151 0070 CD827111 		.ascii	"\315\202q\0211\014\267\311\010z\004}\014=F\3765\266"
 151      310CB7C9 
 151      087A047D 
 151      0C3D46FE 
 151      35B6
 152 0082 6FD57083 		.ascii	"o\325p\203\214\013}\022}\002=_\253\001\255n\257E\222"
 152      8C0B7D12 
 152      7D023D5F 
 152      AB01AD6E 
 152      AF4592
 153 0095 60DF98F0 		.ascii	"`\337\230\360:6\222\004\313\364XL\270\374$\270\261$"
 153      3A369204 
 153      CBF4584C 
 153      B8FC24B8 
 153      B124
 154 00a7 B8D83E70 		.ascii	"\270\330>p\311\316\031\027 \321\023\276\223\272\002"
 154      C9CE1917 
 154      20D113BE 
 154      93BA02
 155 00b6 1F4024DA 		.ascii	"\037@$\332\000\011\200z\007\356Du\236b \0205\320\227"
 155      0009807A 
 155      07EE4475 
 155      9E622010 
 155      35D097
ARM GAS  C:\Users\JEFFSN~1\AppData\Local\Temp\cczBNGwj.s 			page 11


 156 00c9 FE1AD14A 		.ascii	"\376\032\321J\004=4\310\370\245\341!\241\033'1\330A"
 156      043D34C8 
 156      F8A5E121 
 156      A11B2731 
 156      D841
 157 00db 03A9B9AE 		.ascii	"\003\251\271\256[\003\201`4\0005\325\021&\276=\212t"
 157      5B038160 
 157      340035D5 
 157      1126BE3D 
 157      8A74
 158 00ed CD7A1B22 		.ascii	"\315z\033\"\350\207\236k\212\257\332D\001X\374i\267"
 158      E8879E6B 
 158      8AAFDA44 
 158      0158FC69 
 158      B7
 159 00fe EFBC2744 		.ascii	"\357\274'D\321\232)\025\216\031\223\031\272\271\321"
 159      D19A2915 
 159      8E199319 
 159      BAB9D1
 160 010d 9FBA2380 		.ascii	"\237\272#\200K\206\004\260|+\272{@\315\331vg\313\372"
 160      4B8604B0 
 160      7C2BBA7B 
 160      40CDD976 
 160      67CBFA
 161 0120 6F9BE864 		.ascii	"o\233\350d\261\260\264>\260)A\206\374\210\321\254\305"
 161      B1B0B43E 
 161      B0294186 
 161      FC88D1AC 
 161      C5
 162 0131 37B2A394 		.ascii	"7\262\243\224\036\202A\220!\004\"\364\203\207ip\311"
 162      1E824190 
 162      210422F4 
 162      83876970 
 162      C9
 163 0142 786FA4B4 		.ascii	"xo\244\264\236n?\240V'\201\223.8\341\"\360\0242\030"
 163      9E6E3FA0 
 163      56278193 
 163      2E38E122 
 163      F0143218 
 164 0156 27AB8201 		.ascii	"'\253\202\001p\301\023p1\376\317\355=_\254\022J\346"
 164      70C11370 
 164      31FECFED 
 164      3D5FAC12 
 164      4AE6
 165 0168 3CA5125B 		.ascii	"<\245\022[[l\030\356\026QB\232\014\022\246\337\347\273"
 165      5B6C18EE 
 165      1651429A 
 165      0C12A6DF 
 165      E7BB
 166 017a D61D981E 		.ascii	"\326\035\230\036\221\301\215i(\366q\313\352l\343G\011"
 166      91C18D69 
 166      28F671CB 
 166      EA6CE347 
 166      09
 167 018b 52B70445 		.ascii	"R\267\004EG\341\031\022\016#!\201\347\340\304\373\020"
 167      47E11912 
 167      0E232181 
ARM GAS  C:\Users\JEFFSN~1\AppData\Local\Temp\cczBNGwj.s 			page 12


 167      E7E0C4FB 
 167      10
 168 019c 48EAE906 		.ascii	"H\352\351\006:\026'\034\351\275\264w\230\256\265L\237"
 168      3A16271C 
 168      E9BDB477 
 168      98AEB54C 
 168      9F
 169 01ad 6E0BD259 		.ascii	"n\013\322Y\304\271Y\031\364\031\242\373\330wA\3401\254"
 169      C4B95919 
 169      F419A2FB 
 169      D87741E0 
 169      31AC
 170 01bf E00C4720 		.ascii	"\340\014G \035\221m\241w\275\016\321\247\016\257\273"
 170      1D916DA1 
 170      77BD0ED1 
 170      A70EAFBB 
 171 01cf B1DFA6B2 		.ascii	"\261\337\246\262L\355L\333is\035\245g9G\330\340\010"
 171      4CED4CDB 
 171      69731DA5 
 171      673947D8 
 171      E008
 172 01e1 9B39229C 		.ascii	"\2339\"\234c|\265\243\331!\326p\216\205\333o\203\007"
 172      637CB5A3 
 172      D921D670 
 172      8E85DB6F 
 172      8307
 173 01f3 CDB2D979 		.ascii	"\315\262\331y\015\335/\270\356RM\366\373\351o!Qk\270"
 173      0DDD2FB8 
 173      EE524DF6 
 173      FBE96F21 
 173      516BB8
 174 0206 342376D2 		.ascii	"4#v\322\251\006\304\011\254\012F\215\226\243\346\226"
 174      A906C409 
 174      AC0A468D 
 174      96A3E696 
 175 0216 63BCE5AF 		.ascii	"c\274\345\257\366\301\237V\261\016x\317\207\221\031"
 175      F6C19F56 
 175      B10E78CF 
 175      879119
 176 0225 BBC6129B 		.ascii	"\273\306\022\233\323e3\216\250\301\0215s\3048\307N\303"
 176      D365338E 
 176      A8C11135 
 176      73C438C7 
 176      4EC3
 177 0237 8F65AB8C 		.ascii	"\217e\253\214\3570\270\277w8\277y?\221\"\336\345=\205"
 177      EF30B8BF 
 177      7738BF79 
 177      3F9122DE 
 177      E53D85
 178 024a 91D6CED6 		.ascii	"\221\326\316\326\024\2203\222\300_%\201k\337R\250\260"
 178      14903392 
 178      C05F2581 
 178      6BDF52A8 
 178      B0
 179 025b A5891D70 		.ascii	"\245\211\035p\002\2072n\210{\011\262:\220\360\302\327"
 179      0287326E 
 179      887B09B2 
ARM GAS  C:\Users\JEFFSN~1\AppData\Local\Temp\cczBNGwj.s 			page 13


 179      3A90F0C2 
 179      D7
 180 026c 218BFD16 		.ascii	"!\213\375\026\373\254pzi\263\016^i\214o\022\354\374"
 180      FBAC707A 
 180      69B30E5E 
 180      698C6F12 
 180      ECFC
 181 027e 0FC0675C 		.ascii	"\017\300g\\\020\307\227\357u\213\270\307.\271\213\242"
 181      10C797EF 
 181      758BB8C7 
 181      2EB98BA2 
 182 028e 14BA08F0 		.ascii	"\024\272\010\360\006\311x\262}\206\307l\231n\327Sk\207"
 182      06C978B2 
 182      7D86C76C 
 182      996ED753 
 182      6B87
 183 02a0 439748F8 		.ascii	"C\227H\370\006\201)D\276Fb\236\332\013\275\347Jr\257"
 183      06812944 
 183      BE46629E 
 183      DA0BBDE7 
 183      4A72AF
 184 02b3 965CF657 		.ascii	"\226\\\366W\006\224\324\274\213\205\356\234\314Lb\251"
 184      0694D4BC 
 184      8B85EE9C 
 184      CC4C62A9 
 185 02c3 A9AC0A64 		.ascii	"\251\254\012d\035\317S\252\024\277/\240\224\227x\253"
 185      1DCF53AA 
 185      14BF2FA0 
 185      949778AB 
 186 02d3 6BFC654A 		.ascii	"k\374eJ\361%ou\316\251\342\262\332@\3555\345\272\347"
 186      F1256F75 
 186      CEA9E2B2 
 186      DA40ED35 
 186      E5BAE7
 187 02e6 0A71FFA7 		.ascii	"\012q\377\247B%\365\224\221\303\032\275W\011\344\372"
 187      4225F594 
 187      91C31ABD 
 187      5709E4FA 
 188 02f6 2B6F2817 		.ascii	"+o(\027\252\313\025\233\266V\240\370\312\323Lq\256/"
 188      AACB159B 
 188      B656A0F8 
 188      CAD34C71 
 188      AE2F
 189 0308 E02B502A 		.ascii	"\340+P*$\277R\221\365\007~\256am"
 189      24BF5291 
 189      F5077EAE 
 189      616D
 190              		.text
 191              		.section	.gnu.lto_.symtab.a80ca1f0,"",%progbits
 192 0000 5553425F 		.ascii	"USB_Dm_Write\000"
 192      446D5F57 
 192      72697465 
 192      00
 193 000d 00       		.ascii	"\000"
 194 000e 00       		.ascii	"\000"
 195 000f 00       		.ascii	"\000"
 196 0010 00000000 		.ascii	"\000\000\000\000\000\000\000\000"
ARM GAS  C:\Users\JEFFSN~1\AppData\Local\Temp\cczBNGwj.s 			page 14


 196      00000000 
 197 0018 B3000000 		.ascii	"\263\000\000\000"
 198 001c 5553425F 		.ascii	"USB_Dm_SetDriveMode\000"
 198      446D5F53 
 198      65744472 
 198      6976654D 
 198      6F646500 
 199 0030 00       		.ascii	"\000"
 200 0031 00       		.ascii	"\000"
 201 0032 00       		.ascii	"\000"
 202 0033 00000000 		.ascii	"\000\000\000\000\000\000\000\000"
 202      00000000 
 203 003b B5000000 		.ascii	"\265\000\000\000"
 204 003f 5553425F 		.ascii	"USB_Dm_Read\000"
 204      446D5F52 
 204      65616400 
 205 004b 00       		.ascii	"\000"
 206 004c 00       		.ascii	"\000"
 207 004d 00       		.ascii	"\000"
 208 004e 00000000 		.ascii	"\000\000\000\000\000\000\000\000"
 208      00000000 
 209 0056 B8000000 		.ascii	"\270\000\000\000"
 210 005a 5553425F 		.ascii	"USB_Dm_ReadDataReg\000"
 210      446D5F52 
 210      65616444 
 210      61746152 
 210      656700
 211 006d 00       		.ascii	"\000"
 212 006e 00       		.ascii	"\000"
 213 006f 00       		.ascii	"\000"
 214 0070 00000000 		.ascii	"\000\000\000\000\000\000\000\000"
 214      00000000 
 215 0078 BA000000 		.ascii	"\272\000\000\000"
 216              		.text
 217              		.section	.gnu.lto_.opts,"",%progbits
 218 0000 272D666D 		.ascii	"'-fmath-errno' '-fsigned-zeros' '-ftrapping-math' '"
 218      6174682D 
 218      6572726E 
 218      6F272027 
 218      2D667369 
 219 0033 2D666E6F 		.ascii	"-fno-trapv' '-fno-openmp' '-fno-openacc' '-mcpu=cor"
 219      2D747261 
 219      70762720 
 219      272D666E 
 219      6F2D6F70 
 220 0066 7465782D 		.ascii	"tex-m3' '-mthumb' '-g' '-O3' '-ffunction-sections' "
 220      6D332720 
 220      272D6D74 
 220      68756D62 
 220      2720272D 
 221 0099 272D6666 		.ascii	"'-ffat-lto-objects' '-finline-functions' '-flto'\000"
 221      61742D6C 
 221      746F2D6F 
 221      626A6563 
 221      74732720 
 222              		.text
 223              		.cfi_sections	.debug_frame
ARM GAS  C:\Users\JEFFSN~1\AppData\Local\Temp\cczBNGwj.s 			page 15


 224              		.section	.text.USB_Dm_Write,"ax",%progbits
 225              		.align	2
 226              		.global	USB_Dm_Write
 227              		.thumb
 228              		.thumb_func
 229              		.type	USB_Dm_Write, %function
 230              	USB_Dm_Write:
 231              	.LFB0:
 232              		.file 1 "Generated_Source\\PSoC5\\USB_Dm.c"
   1:Generated_Source\PSoC5/USB_Dm.c **** /*******************************************************************************
   2:Generated_Source\PSoC5/USB_Dm.c **** * File Name: USB_Dm.c  
   3:Generated_Source\PSoC5/USB_Dm.c **** * Version 2.20
   4:Generated_Source\PSoC5/USB_Dm.c **** *
   5:Generated_Source\PSoC5/USB_Dm.c **** * Description:
   6:Generated_Source\PSoC5/USB_Dm.c **** *  This file contains API to enable firmware control of a Pins component.
   7:Generated_Source\PSoC5/USB_Dm.c **** *
   8:Generated_Source\PSoC5/USB_Dm.c **** * Note:
   9:Generated_Source\PSoC5/USB_Dm.c **** *
  10:Generated_Source\PSoC5/USB_Dm.c **** ********************************************************************************
  11:Generated_Source\PSoC5/USB_Dm.c **** * Copyright 2008-2015, Cypress Semiconductor Corporation.  All rights reserved.
  12:Generated_Source\PSoC5/USB_Dm.c **** * You may use this file only in accordance with the license, terms, conditions, 
  13:Generated_Source\PSoC5/USB_Dm.c **** * disclaimers, and limitations in the end user license agreement accompanying 
  14:Generated_Source\PSoC5/USB_Dm.c **** * the software package with which this file was provided.
  15:Generated_Source\PSoC5/USB_Dm.c **** *******************************************************************************/
  16:Generated_Source\PSoC5/USB_Dm.c **** 
  17:Generated_Source\PSoC5/USB_Dm.c **** #include "cytypes.h"
  18:Generated_Source\PSoC5/USB_Dm.c **** #include "USB_Dm.h"
  19:Generated_Source\PSoC5/USB_Dm.c **** 
  20:Generated_Source\PSoC5/USB_Dm.c **** /* APIs are not generated for P15[7:6] on PSoC 5 */
  21:Generated_Source\PSoC5/USB_Dm.c **** #if !(CY_PSOC5A &&\
  22:Generated_Source\PSoC5/USB_Dm.c **** 	 USB_Dm__PORT == 15 && ((USB_Dm__MASK & 0xC0) != 0))
  23:Generated_Source\PSoC5/USB_Dm.c **** 
  24:Generated_Source\PSoC5/USB_Dm.c **** 
  25:Generated_Source\PSoC5/USB_Dm.c **** /*******************************************************************************
  26:Generated_Source\PSoC5/USB_Dm.c **** * Function Name: USB_Dm_Write
  27:Generated_Source\PSoC5/USB_Dm.c **** ****************************************************************************//**
  28:Generated_Source\PSoC5/USB_Dm.c **** *
  29:Generated_Source\PSoC5/USB_Dm.c **** * \brief Writes the value to the physical port (data output register), masking
  30:Generated_Source\PSoC5/USB_Dm.c **** *  and shifting the bits appropriately. 
  31:Generated_Source\PSoC5/USB_Dm.c **** *
  32:Generated_Source\PSoC5/USB_Dm.c **** * The data output register controls the signal applied to the physical pin in 
  33:Generated_Source\PSoC5/USB_Dm.c **** * conjunction with the drive mode parameter. This function avoids changing 
  34:Generated_Source\PSoC5/USB_Dm.c **** * other bits in the port by using the appropriate method (read-modify-write or
  35:Generated_Source\PSoC5/USB_Dm.c **** * bit banding).
  36:Generated_Source\PSoC5/USB_Dm.c **** *
  37:Generated_Source\PSoC5/USB_Dm.c **** * <b>Note</b> This function should not be used on a hardware digital output pin 
  38:Generated_Source\PSoC5/USB_Dm.c **** * as it is driven by the hardware signal attached to it.
  39:Generated_Source\PSoC5/USB_Dm.c **** *
  40:Generated_Source\PSoC5/USB_Dm.c **** * \param value
  41:Generated_Source\PSoC5/USB_Dm.c **** *  Value to write to the component instance.
  42:Generated_Source\PSoC5/USB_Dm.c **** *
  43:Generated_Source\PSoC5/USB_Dm.c **** * \return 
  44:Generated_Source\PSoC5/USB_Dm.c **** *  None 
  45:Generated_Source\PSoC5/USB_Dm.c **** *
  46:Generated_Source\PSoC5/USB_Dm.c **** * \sideeffect
  47:Generated_Source\PSoC5/USB_Dm.c **** *  If you use read-modify-write operations that are not atomic; the Interrupt 
  48:Generated_Source\PSoC5/USB_Dm.c **** *  Service Routines (ISR) can cause corruption of this function. An ISR that 
ARM GAS  C:\Users\JEFFSN~1\AppData\Local\Temp\cczBNGwj.s 			page 16


  49:Generated_Source\PSoC5/USB_Dm.c **** *  interrupts this function and performs writes to the Pins component data 
  50:Generated_Source\PSoC5/USB_Dm.c **** *  register can cause corrupted port data. To avoid this issue, you should 
  51:Generated_Source\PSoC5/USB_Dm.c **** *  either use the Per-Pin APIs (primary method) or disable interrupts around 
  52:Generated_Source\PSoC5/USB_Dm.c **** *  this function.
  53:Generated_Source\PSoC5/USB_Dm.c **** *
  54:Generated_Source\PSoC5/USB_Dm.c **** * \funcusage
  55:Generated_Source\PSoC5/USB_Dm.c **** *  \snippet USB_Dm_SUT.c usage_USB_Dm_Write
  56:Generated_Source\PSoC5/USB_Dm.c **** *******************************************************************************/
  57:Generated_Source\PSoC5/USB_Dm.c **** void USB_Dm_Write(uint8 value)
  58:Generated_Source\PSoC5/USB_Dm.c **** {
 233              		.loc 1 58 0
 234              		.cfi_startproc
 235              		@ args = 0, pretend = 0, frame = 0
 236              		@ frame_needed = 0, uses_anonymous_args = 0
 237              		@ link register save eliminated.
 238              	.LVL0:
  59:Generated_Source\PSoC5/USB_Dm.c ****     uint8 staticBits = (USB_Dm_DR & (uint8)(~USB_Dm_MASK));
 239              		.loc 1 59 0
 240 0000 044A     		ldr	r2, .L2
 241 0002 1378     		ldrb	r3, [r2]	@ zero_extendqisi2
 242              	.LVL1:
  60:Generated_Source\PSoC5/USB_Dm.c ****     USB_Dm_DR = staticBits | ((uint8)(value << USB_Dm_SHIFT) & USB_Dm_MASK);
 243              		.loc 1 60 0
 244 0004 03F07F03 		and	r3, r3, #127
 245              	.LVL2:
 246 0008 43EAC010 		orr	r0, r3, r0, lsl #7
 247              	.LVL3:
 248 000c C0B2     		uxtb	r0, r0
 249 000e 1070     		strb	r0, [r2]
 250 0010 7047     		bx	lr
 251              	.L3:
 252 0012 00BF     		.align	2
 253              	.L2:
 254 0014 F0510040 		.word	1073762800
 255              		.cfi_endproc
 256              	.LFE0:
 257              		.size	USB_Dm_Write, .-USB_Dm_Write
 258              		.section	.text.USB_Dm_SetDriveMode,"ax",%progbits
 259              		.align	2
 260              		.global	USB_Dm_SetDriveMode
 261              		.thumb
 262              		.thumb_func
 263              		.type	USB_Dm_SetDriveMode, %function
 264              	USB_Dm_SetDriveMode:
 265              	.LFB1:
  61:Generated_Source\PSoC5/USB_Dm.c **** }
  62:Generated_Source\PSoC5/USB_Dm.c **** 
  63:Generated_Source\PSoC5/USB_Dm.c **** 
  64:Generated_Source\PSoC5/USB_Dm.c **** /*******************************************************************************
  65:Generated_Source\PSoC5/USB_Dm.c **** * Function Name: USB_Dm_SetDriveMode
  66:Generated_Source\PSoC5/USB_Dm.c **** ****************************************************************************//**
  67:Generated_Source\PSoC5/USB_Dm.c **** *
  68:Generated_Source\PSoC5/USB_Dm.c **** * \brief Sets the drive mode for each of the Pins component's pins.
  69:Generated_Source\PSoC5/USB_Dm.c **** * 
  70:Generated_Source\PSoC5/USB_Dm.c **** * <b>Note</b> This affects all pins in the Pins component instance. Use the
  71:Generated_Source\PSoC5/USB_Dm.c **** * Per-Pin APIs if you wish to control individual pin's drive modes.
  72:Generated_Source\PSoC5/USB_Dm.c **** *
ARM GAS  C:\Users\JEFFSN~1\AppData\Local\Temp\cczBNGwj.s 			page 17


  73:Generated_Source\PSoC5/USB_Dm.c **** * \param mode
  74:Generated_Source\PSoC5/USB_Dm.c **** *  Mode for the selected signals. Valid options are documented in 
  75:Generated_Source\PSoC5/USB_Dm.c **** *  \ref driveMode.
  76:Generated_Source\PSoC5/USB_Dm.c **** *
  77:Generated_Source\PSoC5/USB_Dm.c **** * \return
  78:Generated_Source\PSoC5/USB_Dm.c **** *  None
  79:Generated_Source\PSoC5/USB_Dm.c **** *
  80:Generated_Source\PSoC5/USB_Dm.c **** * \sideeffect
  81:Generated_Source\PSoC5/USB_Dm.c **** *  If you use read-modify-write operations that are not atomic, the ISR can
  82:Generated_Source\PSoC5/USB_Dm.c **** *  cause corruption of this function. An ISR that interrupts this function 
  83:Generated_Source\PSoC5/USB_Dm.c **** *  and performs writes to the Pins component Drive Mode registers can cause 
  84:Generated_Source\PSoC5/USB_Dm.c **** *  corrupted port data. To avoid this issue, you should either use the Per-Pin
  85:Generated_Source\PSoC5/USB_Dm.c **** *  APIs (primary method) or disable interrupts around this function.
  86:Generated_Source\PSoC5/USB_Dm.c **** *
  87:Generated_Source\PSoC5/USB_Dm.c **** * \funcusage
  88:Generated_Source\PSoC5/USB_Dm.c **** *  \snippet USB_Dm_SUT.c usage_USB_Dm_SetDriveMode
  89:Generated_Source\PSoC5/USB_Dm.c **** *******************************************************************************/
  90:Generated_Source\PSoC5/USB_Dm.c **** void USB_Dm_SetDriveMode(uint8 mode)
  91:Generated_Source\PSoC5/USB_Dm.c **** {
 266              		.loc 1 91 0
 267              		.cfi_startproc
 268              		@ args = 0, pretend = 0, frame = 0
 269              		@ frame_needed = 0, uses_anonymous_args = 0
 270              		@ link register save eliminated.
 271              	.LVL4:
  92:Generated_Source\PSoC5/USB_Dm.c **** 	CyPins_SetPinDriveMode(USB_Dm_0, mode);
 272              		.loc 1 92 0
 273 0000 044A     		ldr	r2, .L5
 274 0002 00F00E00 		and	r0, r0, #14
 275              	.LVL5:
 276 0006 1378     		ldrb	r3, [r2]	@ zero_extendqisi2
 277 0008 03F0F103 		and	r3, r3, #241
 278 000c 1843     		orrs	r0, r0, r3
 279 000e 1070     		strb	r0, [r2]
 280 0010 7047     		bx	lr
 281              	.L6:
 282 0012 00BF     		.align	2
 283              	.L5:
 284 0014 7F500040 		.word	1073762431
 285              		.cfi_endproc
 286              	.LFE1:
 287              		.size	USB_Dm_SetDriveMode, .-USB_Dm_SetDriveMode
 288              		.section	.text.USB_Dm_Read,"ax",%progbits
 289              		.align	2
 290              		.global	USB_Dm_Read
 291              		.thumb
 292              		.thumb_func
 293              		.type	USB_Dm_Read, %function
 294              	USB_Dm_Read:
 295              	.LFB2:
  93:Generated_Source\PSoC5/USB_Dm.c **** }
  94:Generated_Source\PSoC5/USB_Dm.c **** 
  95:Generated_Source\PSoC5/USB_Dm.c **** 
  96:Generated_Source\PSoC5/USB_Dm.c **** /*******************************************************************************
  97:Generated_Source\PSoC5/USB_Dm.c **** * Function Name: USB_Dm_Read
  98:Generated_Source\PSoC5/USB_Dm.c **** ****************************************************************************//**
  99:Generated_Source\PSoC5/USB_Dm.c **** *
ARM GAS  C:\Users\JEFFSN~1\AppData\Local\Temp\cczBNGwj.s 			page 18


 100:Generated_Source\PSoC5/USB_Dm.c **** * \brief Reads the associated physical port (pin status register) and masks 
 101:Generated_Source\PSoC5/USB_Dm.c **** *  the required bits according to the width and bit position of the component
 102:Generated_Source\PSoC5/USB_Dm.c **** *  instance. 
 103:Generated_Source\PSoC5/USB_Dm.c **** *
 104:Generated_Source\PSoC5/USB_Dm.c **** * The pin's status register returns the current logic level present on the 
 105:Generated_Source\PSoC5/USB_Dm.c **** * physical pin.
 106:Generated_Source\PSoC5/USB_Dm.c **** *
 107:Generated_Source\PSoC5/USB_Dm.c **** * \return 
 108:Generated_Source\PSoC5/USB_Dm.c **** *  The current value for the pins in the component as a right justified number.
 109:Generated_Source\PSoC5/USB_Dm.c **** *
 110:Generated_Source\PSoC5/USB_Dm.c **** * \funcusage
 111:Generated_Source\PSoC5/USB_Dm.c **** *  \snippet USB_Dm_SUT.c usage_USB_Dm_Read  
 112:Generated_Source\PSoC5/USB_Dm.c **** *******************************************************************************/
 113:Generated_Source\PSoC5/USB_Dm.c **** uint8 USB_Dm_Read(void)
 114:Generated_Source\PSoC5/USB_Dm.c **** {
 296              		.loc 1 114 0
 297              		.cfi_startproc
 298              		@ args = 0, pretend = 0, frame = 0
 299              		@ frame_needed = 0, uses_anonymous_args = 0
 300              		@ link register save eliminated.
 115:Generated_Source\PSoC5/USB_Dm.c ****     return (USB_Dm_PS & USB_Dm_MASK) >> USB_Dm_SHIFT;
 301              		.loc 1 115 0
 302 0000 014B     		ldr	r3, .L8
 303 0002 1878     		ldrb	r0, [r3]	@ zero_extendqisi2
 116:Generated_Source\PSoC5/USB_Dm.c **** }
 304              		.loc 1 116 0
 305 0004 C009     		lsrs	r0, r0, #7
 306 0006 7047     		bx	lr
 307              	.L9:
 308              		.align	2
 309              	.L8:
 310 0008 F1510040 		.word	1073762801
 311              		.cfi_endproc
 312              	.LFE2:
 313              		.size	USB_Dm_Read, .-USB_Dm_Read
 314              		.section	.text.USB_Dm_ReadDataReg,"ax",%progbits
 315              		.align	2
 316              		.global	USB_Dm_ReadDataReg
 317              		.thumb
 318              		.thumb_func
 319              		.type	USB_Dm_ReadDataReg, %function
 320              	USB_Dm_ReadDataReg:
 321              	.LFB3:
 117:Generated_Source\PSoC5/USB_Dm.c **** 
 118:Generated_Source\PSoC5/USB_Dm.c **** 
 119:Generated_Source\PSoC5/USB_Dm.c **** /*******************************************************************************
 120:Generated_Source\PSoC5/USB_Dm.c **** * Function Name: USB_Dm_ReadDataReg
 121:Generated_Source\PSoC5/USB_Dm.c **** ****************************************************************************//**
 122:Generated_Source\PSoC5/USB_Dm.c **** *
 123:Generated_Source\PSoC5/USB_Dm.c **** * \brief Reads the associated physical port's data output register and masks 
 124:Generated_Source\PSoC5/USB_Dm.c **** *  the correct bits according to the width and bit position of the component 
 125:Generated_Source\PSoC5/USB_Dm.c **** *  instance. 
 126:Generated_Source\PSoC5/USB_Dm.c **** *
 127:Generated_Source\PSoC5/USB_Dm.c **** * The data output register controls the signal applied to the physical pin in 
 128:Generated_Source\PSoC5/USB_Dm.c **** * conjunction with the drive mode parameter. This is not the same as the 
 129:Generated_Source\PSoC5/USB_Dm.c **** * preferred USB_Dm_Read() API because the 
 130:Generated_Source\PSoC5/USB_Dm.c **** * USB_Dm_ReadDataReg() reads the data register instead of the status 
ARM GAS  C:\Users\JEFFSN~1\AppData\Local\Temp\cczBNGwj.s 			page 19


 131:Generated_Source\PSoC5/USB_Dm.c **** * register. For output pins this is a useful function to determine the value 
 132:Generated_Source\PSoC5/USB_Dm.c **** * just written to the pin.
 133:Generated_Source\PSoC5/USB_Dm.c **** *
 134:Generated_Source\PSoC5/USB_Dm.c **** * \return 
 135:Generated_Source\PSoC5/USB_Dm.c **** *  The current value of the data register masked and shifted into a right 
 136:Generated_Source\PSoC5/USB_Dm.c **** *  justified number for the component instance.
 137:Generated_Source\PSoC5/USB_Dm.c **** *
 138:Generated_Source\PSoC5/USB_Dm.c **** * \funcusage
 139:Generated_Source\PSoC5/USB_Dm.c **** *  \snippet USB_Dm_SUT.c usage_USB_Dm_ReadDataReg 
 140:Generated_Source\PSoC5/USB_Dm.c **** *******************************************************************************/
 141:Generated_Source\PSoC5/USB_Dm.c **** uint8 USB_Dm_ReadDataReg(void)
 142:Generated_Source\PSoC5/USB_Dm.c **** {
 322              		.loc 1 142 0
 323              		.cfi_startproc
 324              		@ args = 0, pretend = 0, frame = 0
 325              		@ frame_needed = 0, uses_anonymous_args = 0
 326              		@ link register save eliminated.
 143:Generated_Source\PSoC5/USB_Dm.c ****     return (USB_Dm_DR & USB_Dm_MASK) >> USB_Dm_SHIFT;
 327              		.loc 1 143 0
 328 0000 014B     		ldr	r3, .L11
 329 0002 1878     		ldrb	r0, [r3]	@ zero_extendqisi2
 144:Generated_Source\PSoC5/USB_Dm.c **** }
 330              		.loc 1 144 0
 331 0004 C009     		lsrs	r0, r0, #7
 332 0006 7047     		bx	lr
 333              	.L12:
 334              		.align	2
 335              	.L11:
 336 0008 F0510040 		.word	1073762800
 337              		.cfi_endproc
 338              	.LFE3:
 339              		.size	USB_Dm_ReadDataReg, .-USB_Dm_ReadDataReg
 340              		.text
 341              	.Letext0:
 342              		.file 2 "Generated_Source\\PSoC5\\cytypes.h"
 343              		.section	.debug_info,"",%progbits
 344              	.Ldebug_info0:
 345 0000 1D010000 		.4byte	0x11d
 346 0004 0400     		.2byte	0x4
 347 0006 00000000 		.4byte	.Ldebug_abbrev0
 348 000a 04       		.byte	0x4
 349 000b 01       		.uleb128 0x1
 350 000c 45000000 		.4byte	.LASF20
 351 0010 0C       		.byte	0xc
 352 0011 53010000 		.4byte	.LASF21
 353 0015 86010000 		.4byte	.LASF22
 354 0019 00000000 		.4byte	.Ldebug_ranges0+0
 355 001d 00000000 		.4byte	0
 356 0021 00000000 		.4byte	.Ldebug_line0
 357 0025 02       		.uleb128 0x2
 358 0026 01       		.byte	0x1
 359 0027 06       		.byte	0x6
 360 0028 21020000 		.4byte	.LASF0
 361 002c 02       		.uleb128 0x2
 362 002d 01       		.byte	0x1
 363 002e 08       		.byte	0x8
 364 002f 37000000 		.4byte	.LASF1
ARM GAS  C:\Users\JEFFSN~1\AppData\Local\Temp\cczBNGwj.s 			page 20


 365 0033 02       		.uleb128 0x2
 366 0034 02       		.byte	0x2
 367 0035 05       		.byte	0x5
 368 0036 F5010000 		.4byte	.LASF2
 369 003a 02       		.uleb128 0x2
 370 003b 02       		.byte	0x2
 371 003c 07       		.byte	0x7
 372 003d FE000000 		.4byte	.LASF3
 373 0041 02       		.uleb128 0x2
 374 0042 04       		.byte	0x4
 375 0043 05       		.byte	0x5
 376 0044 05020000 		.4byte	.LASF4
 377 0048 02       		.uleb128 0x2
 378 0049 04       		.byte	0x4
 379 004a 07       		.byte	0x7
 380 004b EC000000 		.4byte	.LASF5
 381 004f 02       		.uleb128 0x2
 382 0050 08       		.byte	0x8
 383 0051 05       		.byte	0x5
 384 0052 73010000 		.4byte	.LASF6
 385 0056 02       		.uleb128 0x2
 386 0057 08       		.byte	0x8
 387 0058 07       		.byte	0x7
 388 0059 32010000 		.4byte	.LASF7
 389 005d 03       		.uleb128 0x3
 390 005e 04       		.byte	0x4
 391 005f 05       		.byte	0x5
 392 0060 696E7400 		.ascii	"int\000"
 393 0064 02       		.uleb128 0x2
 394 0065 04       		.byte	0x4
 395 0066 07       		.byte	0x7
 396 0067 25010000 		.4byte	.LASF8
 397 006b 04       		.uleb128 0x4
 398 006c FF010000 		.4byte	.LASF12
 399 0070 02       		.byte	0x2
 400 0071 E901     		.2byte	0x1e9
 401 0073 2C000000 		.4byte	0x2c
 402 0077 02       		.uleb128 0x2
 403 0078 04       		.byte	0x4
 404 0079 04       		.byte	0x4
 405 007a 31000000 		.4byte	.LASF9
 406 007e 02       		.uleb128 0x2
 407 007f 08       		.byte	0x8
 408 0080 04       		.byte	0x4
 409 0081 1E010000 		.4byte	.LASF10
 410 0085 02       		.uleb128 0x2
 411 0086 01       		.byte	0x1
 412 0087 08       		.byte	0x8
 413 0088 81010000 		.4byte	.LASF11
 414 008c 04       		.uleb128 0x4
 415 008d 4E010000 		.4byte	.LASF13
 416 0091 02       		.byte	0x2
 417 0092 9302     		.2byte	0x293
 418 0094 98000000 		.4byte	0x98
 419 0098 05       		.uleb128 0x5
 420 0099 6B000000 		.4byte	0x6b
 421 009d 06       		.uleb128 0x6
ARM GAS  C:\Users\JEFFSN~1\AppData\Local\Temp\cczBNGwj.s 			page 21


 422 009e 11010000 		.4byte	.LASF14
 423 00a2 01       		.byte	0x1
 424 00a3 39       		.byte	0x39
 425 00a4 00000000 		.4byte	.LFB0
 426 00a8 18000000 		.4byte	.LFE0-.LFB0
 427 00ac 01       		.uleb128 0x1
 428 00ad 9C       		.byte	0x9c
 429 00ae D1000000 		.4byte	0xd1
 430 00b2 07       		.uleb128 0x7
 431 00b3 14000000 		.4byte	.LASF16
 432 00b7 01       		.byte	0x1
 433 00b8 39       		.byte	0x39
 434 00b9 6B000000 		.4byte	0x6b
 435 00bd 00000000 		.4byte	.LLST0
 436 00c1 08       		.uleb128 0x8
 437 00c2 1A000000 		.4byte	.LASF23
 438 00c6 01       		.byte	0x1
 439 00c7 3B       		.byte	0x3b
 440 00c8 6B000000 		.4byte	0x6b
 441 00cc 21000000 		.4byte	.LLST1
 442 00d0 00       		.byte	0
 443 00d1 06       		.uleb128 0x6
 444 00d2 00000000 		.4byte	.LASF15
 445 00d6 01       		.byte	0x1
 446 00d7 5A       		.byte	0x5a
 447 00d8 00000000 		.4byte	.LFB1
 448 00dc 18000000 		.4byte	.LFE1-.LFB1
 449 00e0 01       		.uleb128 0x1
 450 00e1 9C       		.byte	0x9c
 451 00e2 F6000000 		.4byte	0xf6
 452 00e6 07       		.uleb128 0x7
 453 00e7 49010000 		.4byte	.LASF17
 454 00eb 01       		.byte	0x1
 455 00ec 5A       		.byte	0x5a
 456 00ed 6B000000 		.4byte	0x6b
 457 00f1 39000000 		.4byte	.LLST2
 458 00f5 00       		.byte	0
 459 00f6 09       		.uleb128 0x9
 460 00f7 25000000 		.4byte	.LASF18
 461 00fb 01       		.byte	0x1
 462 00fc 71       		.byte	0x71
 463 00fd 6B000000 		.4byte	0x6b
 464 0101 00000000 		.4byte	.LFB2
 465 0105 0C000000 		.4byte	.LFE2-.LFB2
 466 0109 01       		.uleb128 0x1
 467 010a 9C       		.byte	0x9c
 468 010b 09       		.uleb128 0x9
 469 010c 0E020000 		.4byte	.LASF19
 470 0110 01       		.byte	0x1
 471 0111 8D       		.byte	0x8d
 472 0112 6B000000 		.4byte	0x6b
 473 0116 00000000 		.4byte	.LFB3
 474 011a 0C000000 		.4byte	.LFE3-.LFB3
 475 011e 01       		.uleb128 0x1
 476 011f 9C       		.byte	0x9c
 477 0120 00       		.byte	0
 478              		.section	.debug_abbrev,"",%progbits
ARM GAS  C:\Users\JEFFSN~1\AppData\Local\Temp\cczBNGwj.s 			page 22


 479              	.Ldebug_abbrev0:
 480 0000 01       		.uleb128 0x1
 481 0001 11       		.uleb128 0x11
 482 0002 01       		.byte	0x1
 483 0003 25       		.uleb128 0x25
 484 0004 0E       		.uleb128 0xe
 485 0005 13       		.uleb128 0x13
 486 0006 0B       		.uleb128 0xb
 487 0007 03       		.uleb128 0x3
 488 0008 0E       		.uleb128 0xe
 489 0009 1B       		.uleb128 0x1b
 490 000a 0E       		.uleb128 0xe
 491 000b 55       		.uleb128 0x55
 492 000c 17       		.uleb128 0x17
 493 000d 11       		.uleb128 0x11
 494 000e 01       		.uleb128 0x1
 495 000f 10       		.uleb128 0x10
 496 0010 17       		.uleb128 0x17
 497 0011 00       		.byte	0
 498 0012 00       		.byte	0
 499 0013 02       		.uleb128 0x2
 500 0014 24       		.uleb128 0x24
 501 0015 00       		.byte	0
 502 0016 0B       		.uleb128 0xb
 503 0017 0B       		.uleb128 0xb
 504 0018 3E       		.uleb128 0x3e
 505 0019 0B       		.uleb128 0xb
 506 001a 03       		.uleb128 0x3
 507 001b 0E       		.uleb128 0xe
 508 001c 00       		.byte	0
 509 001d 00       		.byte	0
 510 001e 03       		.uleb128 0x3
 511 001f 24       		.uleb128 0x24
 512 0020 00       		.byte	0
 513 0021 0B       		.uleb128 0xb
 514 0022 0B       		.uleb128 0xb
 515 0023 3E       		.uleb128 0x3e
 516 0024 0B       		.uleb128 0xb
 517 0025 03       		.uleb128 0x3
 518 0026 08       		.uleb128 0x8
 519 0027 00       		.byte	0
 520 0028 00       		.byte	0
 521 0029 04       		.uleb128 0x4
 522 002a 16       		.uleb128 0x16
 523 002b 00       		.byte	0
 524 002c 03       		.uleb128 0x3
 525 002d 0E       		.uleb128 0xe
 526 002e 3A       		.uleb128 0x3a
 527 002f 0B       		.uleb128 0xb
 528 0030 3B       		.uleb128 0x3b
 529 0031 05       		.uleb128 0x5
 530 0032 49       		.uleb128 0x49
 531 0033 13       		.uleb128 0x13
 532 0034 00       		.byte	0
 533 0035 00       		.byte	0
 534 0036 05       		.uleb128 0x5
 535 0037 35       		.uleb128 0x35
ARM GAS  C:\Users\JEFFSN~1\AppData\Local\Temp\cczBNGwj.s 			page 23


 536 0038 00       		.byte	0
 537 0039 49       		.uleb128 0x49
 538 003a 13       		.uleb128 0x13
 539 003b 00       		.byte	0
 540 003c 00       		.byte	0
 541 003d 06       		.uleb128 0x6
 542 003e 2E       		.uleb128 0x2e
 543 003f 01       		.byte	0x1
 544 0040 3F       		.uleb128 0x3f
 545 0041 19       		.uleb128 0x19
 546 0042 03       		.uleb128 0x3
 547 0043 0E       		.uleb128 0xe
 548 0044 3A       		.uleb128 0x3a
 549 0045 0B       		.uleb128 0xb
 550 0046 3B       		.uleb128 0x3b
 551 0047 0B       		.uleb128 0xb
 552 0048 27       		.uleb128 0x27
 553 0049 19       		.uleb128 0x19
 554 004a 11       		.uleb128 0x11
 555 004b 01       		.uleb128 0x1
 556 004c 12       		.uleb128 0x12
 557 004d 06       		.uleb128 0x6
 558 004e 40       		.uleb128 0x40
 559 004f 18       		.uleb128 0x18
 560 0050 9742     		.uleb128 0x2117
 561 0052 19       		.uleb128 0x19
 562 0053 01       		.uleb128 0x1
 563 0054 13       		.uleb128 0x13
 564 0055 00       		.byte	0
 565 0056 00       		.byte	0
 566 0057 07       		.uleb128 0x7
 567 0058 05       		.uleb128 0x5
 568 0059 00       		.byte	0
 569 005a 03       		.uleb128 0x3
 570 005b 0E       		.uleb128 0xe
 571 005c 3A       		.uleb128 0x3a
 572 005d 0B       		.uleb128 0xb
 573 005e 3B       		.uleb128 0x3b
 574 005f 0B       		.uleb128 0xb
 575 0060 49       		.uleb128 0x49
 576 0061 13       		.uleb128 0x13
 577 0062 02       		.uleb128 0x2
 578 0063 17       		.uleb128 0x17
 579 0064 00       		.byte	0
 580 0065 00       		.byte	0
 581 0066 08       		.uleb128 0x8
 582 0067 34       		.uleb128 0x34
 583 0068 00       		.byte	0
 584 0069 03       		.uleb128 0x3
 585 006a 0E       		.uleb128 0xe
 586 006b 3A       		.uleb128 0x3a
 587 006c 0B       		.uleb128 0xb
 588 006d 3B       		.uleb128 0x3b
 589 006e 0B       		.uleb128 0xb
 590 006f 49       		.uleb128 0x49
 591 0070 13       		.uleb128 0x13
 592 0071 02       		.uleb128 0x2
ARM GAS  C:\Users\JEFFSN~1\AppData\Local\Temp\cczBNGwj.s 			page 24


 593 0072 17       		.uleb128 0x17
 594 0073 00       		.byte	0
 595 0074 00       		.byte	0
 596 0075 09       		.uleb128 0x9
 597 0076 2E       		.uleb128 0x2e
 598 0077 00       		.byte	0
 599 0078 3F       		.uleb128 0x3f
 600 0079 19       		.uleb128 0x19
 601 007a 03       		.uleb128 0x3
 602 007b 0E       		.uleb128 0xe
 603 007c 3A       		.uleb128 0x3a
 604 007d 0B       		.uleb128 0xb
 605 007e 3B       		.uleb128 0x3b
 606 007f 0B       		.uleb128 0xb
 607 0080 27       		.uleb128 0x27
 608 0081 19       		.uleb128 0x19
 609 0082 49       		.uleb128 0x49
 610 0083 13       		.uleb128 0x13
 611 0084 11       		.uleb128 0x11
 612 0085 01       		.uleb128 0x1
 613 0086 12       		.uleb128 0x12
 614 0087 06       		.uleb128 0x6
 615 0088 40       		.uleb128 0x40
 616 0089 18       		.uleb128 0x18
 617 008a 9742     		.uleb128 0x2117
 618 008c 19       		.uleb128 0x19
 619 008d 00       		.byte	0
 620 008e 00       		.byte	0
 621 008f 00       		.byte	0
 622              		.section	.debug_loc,"",%progbits
 623              	.Ldebug_loc0:
 624              	.LLST0:
 625 0000 00000000 		.4byte	.LVL0
 626 0004 0C000000 		.4byte	.LVL3
 627 0008 0100     		.2byte	0x1
 628 000a 50       		.byte	0x50
 629 000b 0C000000 		.4byte	.LVL3
 630 000f 18000000 		.4byte	.LFE0
 631 0013 0400     		.2byte	0x4
 632 0015 F3       		.byte	0xf3
 633 0016 01       		.uleb128 0x1
 634 0017 50       		.byte	0x50
 635 0018 9F       		.byte	0x9f
 636 0019 00000000 		.4byte	0
 637 001d 00000000 		.4byte	0
 638              	.LLST1:
 639 0021 04000000 		.4byte	.LVL1
 640 0025 08000000 		.4byte	.LVL2
 641 0029 0600     		.2byte	0x6
 642 002b 73       		.byte	0x73
 643 002c 00       		.sleb128 0
 644 002d 08       		.byte	0x8
 645 002e 7F       		.byte	0x7f
 646 002f 1A       		.byte	0x1a
 647 0030 9F       		.byte	0x9f
 648 0031 00000000 		.4byte	0
 649 0035 00000000 		.4byte	0
ARM GAS  C:\Users\JEFFSN~1\AppData\Local\Temp\cczBNGwj.s 			page 25


 650              	.LLST2:
 651 0039 00000000 		.4byte	.LVL4
 652 003d 06000000 		.4byte	.LVL5
 653 0041 0100     		.2byte	0x1
 654 0043 50       		.byte	0x50
 655 0044 06000000 		.4byte	.LVL5
 656 0048 18000000 		.4byte	.LFE1
 657 004c 0400     		.2byte	0x4
 658 004e F3       		.byte	0xf3
 659 004f 01       		.uleb128 0x1
 660 0050 50       		.byte	0x50
 661 0051 9F       		.byte	0x9f
 662 0052 00000000 		.4byte	0
 663 0056 00000000 		.4byte	0
 664              		.section	.debug_aranges,"",%progbits
 665 0000 34000000 		.4byte	0x34
 666 0004 0200     		.2byte	0x2
 667 0006 00000000 		.4byte	.Ldebug_info0
 668 000a 04       		.byte	0x4
 669 000b 00       		.byte	0
 670 000c 0000     		.2byte	0
 671 000e 0000     		.2byte	0
 672 0010 00000000 		.4byte	.LFB0
 673 0014 18000000 		.4byte	.LFE0-.LFB0
 674 0018 00000000 		.4byte	.LFB1
 675 001c 18000000 		.4byte	.LFE1-.LFB1
 676 0020 00000000 		.4byte	.LFB2
 677 0024 0C000000 		.4byte	.LFE2-.LFB2
 678 0028 00000000 		.4byte	.LFB3
 679 002c 0C000000 		.4byte	.LFE3-.LFB3
 680 0030 00000000 		.4byte	0
 681 0034 00000000 		.4byte	0
 682              		.section	.debug_ranges,"",%progbits
 683              	.Ldebug_ranges0:
 684 0000 00000000 		.4byte	.LFB0
 685 0004 18000000 		.4byte	.LFE0
 686 0008 00000000 		.4byte	.LFB1
 687 000c 18000000 		.4byte	.LFE1
 688 0010 00000000 		.4byte	.LFB2
 689 0014 0C000000 		.4byte	.LFE2
 690 0018 00000000 		.4byte	.LFB3
 691 001c 0C000000 		.4byte	.LFE3
 692 0020 00000000 		.4byte	0
 693 0024 00000000 		.4byte	0
 694              		.section	.debug_line,"",%progbits
 695              	.Ldebug_line0:
 696 0000 8F000000 		.section	.debug_str,"MS",%progbits,1
 696      02004300 
 696      00000201 
 696      FB0E0D00 
 696      01010101 
 697              	.LASF15:
 698 0000 5553425F 		.ascii	"USB_Dm_SetDriveMode\000"
 698      446D5F53 
 698      65744472 
 698      6976654D 
 698      6F646500 
ARM GAS  C:\Users\JEFFSN~1\AppData\Local\Temp\cczBNGwj.s 			page 26


 699              	.LASF16:
 700 0014 76616C75 		.ascii	"value\000"
 700      6500
 701              	.LASF23:
 702 001a 73746174 		.ascii	"staticBits\000"
 702      69634269 
 702      747300
 703              	.LASF18:
 704 0025 5553425F 		.ascii	"USB_Dm_Read\000"
 704      446D5F52 
 704      65616400 
 705              	.LASF9:
 706 0031 666C6F61 		.ascii	"float\000"
 706      7400
 707              	.LASF1:
 708 0037 756E7369 		.ascii	"unsigned char\000"
 708      676E6564 
 708      20636861 
 708      7200
 709              	.LASF20:
 710 0045 474E5520 		.ascii	"GNU C11 5.4.1 20160609 (release) [ARM/embedded-5-br"
 710      43313120 
 710      352E342E 
 710      31203230 
 710      31363036 
 711 0078 616E6368 		.ascii	"anch revision 237715] -mcpu=cortex-m3 -mthumb -g -O"
 711      20726576 
 711      6973696F 
 711      6E203233 
 711      37373135 
 712 00ab 33202D66 		.ascii	"3 -ffunction-sections -ffat-lto-objects -finline-fu"
 712      66756E63 
 712      74696F6E 
 712      2D736563 
 712      74696F6E 
 713 00de 6E637469 		.ascii	"nctions -flto\000"
 713      6F6E7320 
 713      2D666C74 
 713      6F00
 714              	.LASF5:
 715 00ec 6C6F6E67 		.ascii	"long unsigned int\000"
 715      20756E73 
 715      69676E65 
 715      6420696E 
 715      7400
 716              	.LASF3:
 717 00fe 73686F72 		.ascii	"short unsigned int\000"
 717      7420756E 
 717      7369676E 
 717      65642069 
 717      6E7400
 718              	.LASF14:
 719 0111 5553425F 		.ascii	"USB_Dm_Write\000"
 719      446D5F57 
 719      72697465 
 719      00
 720              	.LASF10:
ARM GAS  C:\Users\JEFFSN~1\AppData\Local\Temp\cczBNGwj.s 			page 27


 721 011e 646F7562 		.ascii	"double\000"
 721      6C6500
 722              	.LASF8:
 723 0125 756E7369 		.ascii	"unsigned int\000"
 723      676E6564 
 723      20696E74 
 723      00
 724              	.LASF7:
 725 0132 6C6F6E67 		.ascii	"long long unsigned int\000"
 725      206C6F6E 
 725      6720756E 
 725      7369676E 
 725      65642069 
 726              	.LASF17:
 727 0149 6D6F6465 		.ascii	"mode\000"
 727      00
 728              	.LASF13:
 729 014e 72656738 		.ascii	"reg8\000"
 729      00
 730              	.LASF21:
 731 0153 47656E65 		.ascii	"Generated_Source\\PSoC5\\USB_Dm.c\000"
 731      72617465 
 731      645F536F 
 731      75726365 
 731      5C50536F 
 732              	.LASF6:
 733 0173 6C6F6E67 		.ascii	"long long int\000"
 733      206C6F6E 
 733      6720696E 
 733      7400
 734              	.LASF11:
 735 0181 63686172 		.ascii	"char\000"
 735      00
 736              	.LASF22:
 737 0186 433A5C55 		.ascii	"C:\\Users\\JeffSnyder\\dev\\Electrobass_embedded\\P"
 737      73657273 
 737      5C4A6566 
 737      66536E79 
 737      6465725C 
 738 01b4 534F4335 		.ascii	"SOC5_electrobass_stringsensors\\CE210514_PSOC3_5_Th"
 738      5F656C65 
 738      6374726F 
 738      62617373 
 738      5F737472 
 739 01e6 65726D69 		.ascii	"ermistor.cydsn\000"
 739      73746F72 
 739      2E637964 
 739      736E00
 740              	.LASF2:
 741 01f5 73686F72 		.ascii	"short int\000"
 741      7420696E 
 741      7400
 742              	.LASF12:
 743 01ff 75696E74 		.ascii	"uint8\000"
 743      3800
 744              	.LASF4:
 745 0205 6C6F6E67 		.ascii	"long int\000"
ARM GAS  C:\Users\JEFFSN~1\AppData\Local\Temp\cczBNGwj.s 			page 28


 745      20696E74 
 745      00
 746              	.LASF19:
 747 020e 5553425F 		.ascii	"USB_Dm_ReadDataReg\000"
 747      446D5F52 
 747      65616444 
 747      61746152 
 747      656700
 748              	.LASF0:
 749 0221 7369676E 		.ascii	"signed char\000"
 749      65642063 
 749      68617200 
 750              		.comm	__gnu_lto_v1,1,1
 751              		.ident	"GCC: (GNU Tools for ARM Embedded Processors) 5.4.1 20160609 (release) [ARM/embedded-5-bran
