ARM GAS  C:\Users\JEFFSN~1\AppData\Local\Temp\ccWtFtUW.s 			page 1


   1              		.syntax unified
   2              		.cpu cortex-m3
   3              		.fpu softvfp
   4              		.eabi_attribute 20, 1
   5              		.eabi_attribute 21, 1
   6              		.eabi_attribute 23, 3
   7              		.eabi_attribute 24, 1
   8              		.eabi_attribute 25, 1
   9              		.eabi_attribute 26, 1
  10              		.eabi_attribute 30, 1
  11              		.eabi_attribute 34, 1
  12              		.eabi_attribute 18, 4
  13              		.thumb
  14              		.syntax unified
  15              		.file	"USB_EP8_DMA_Done_SR.c"
  16              		.text
  17              	.Ltext0:
  18              		.section	.gnu.lto_.profile.cdd09b7a,"",%progbits
  19 0000 789C6361 		.ascii	"x\234ca`d`a`\000\222\016\342\000\001\001\000b"
  19      60646061 
  19      6000920E 
  19      E2000101 
  19      0062
  20              		.text
  21              		.section	.gnu.lto_.inline.cdd09b7a,"",%progbits
  22 0000 789C6361 		.ascii	"x\234ca`d\000\201J\006\004`e``afd`b\272\300\317\300"
  22      60640081 
  22      4A060460 
  22      65606061 
  22      66646062 
  23 0018 B6409E09 		.ascii	"\266@\236\011$\306\310\300%\015\024b\373\240\007\027"
  23      24C6C8C0 
  23      250D1462 
  23      FBA00717 
  24 0028 62E2060A 		.ascii	"b\342\006\012O\360\003Q\014L\370\245\231\031XY\200\322"
  24      4FF00351 
  24      0C4CF8A5 
  24      99195859 
  24      80D2
  25 003a 2C0BE4E1 		.ascii	",\013\344\341\322,\230v0\000\000\363\364\013\240"
  25      D22C9876 
  25      300000F3 
  25      F40BA0
  26              		.text
  27              		.section	.gnu.lto_.jmpfuncs.cdd09b7a,"",%progbits
  28 0000 789C6361 		.ascii	"x\234ca`d\000\001Q\006\004`\005b\260(\023\210`f``\001"
  28      60640001 
  28      51060460 
  28      0562B028 
  28      13886066 
  29 0017 52000460 		.ascii	"R\000\004`\000*"
  29      002A
  30              		.text
  31              		.section	.gnu.lto_.pureconst.cdd09b7a,"",%progbits
  32 0000 789C6361 		.ascii	"x\234ca`d\340f```e\220b\224b\222b\226b\221\002\000\003"
  32      6064E066 
  32      60606065 
ARM GAS  C:\Users\JEFFSN~1\AppData\Local\Temp\ccWtFtUW.s 			page 2


  32      90629462 
  32      92629662 
  33 0018 FE00A2   		.ascii	"\376\000\242"
  34              		.text
  35              		.section	.gnu.lto_USB_EP8_DMA_Done_SR_Read.cdd09b7a,"",%progbits
  36 0000 789C6361 		.ascii	"x\234ca`d\000\201\033@\254\017\304\322@\314\310\314"
  36      60640081 
  36      1B40AC0F 
  36      C4D240CC 
  36      C8CC
  37 0012 C0C834E1 		.ascii	"\300\3104\341\034\003C#\007\023##\210\321\300\301\310"
  37      1C034323 
  37      07132323 
  37      88D1C0C1 
  37      C8
  38 0023 50CFC458 		.ascii	"P\317\304X\317\370\225\351/\023\343\351\357'z\2704\227"
  38      CFF895E9 
  38      2F13E3E9 
  38      EF277AB8 
  38      3497
  39 0035 37343435 		.ascii	"7445<Xz\231y\372\212\003\214\255\314\014\014\377\231"
  39      3C587A99 
  39      79FA8A03 
  39      8CADCC0C 
  39      0CFF99
  40 0048 18188D65 		.ascii	"\030\030\215e\030\015d@F,g\324d\000*}\264\361\337T^"
  40      180D6440 
  40      462C67D4 
  40      64002A7D 
  40      B4F1DF54 
  41 005d B6960620 		.ascii	"\266\226\006 P\000)\000\312\254`d\003Y\271>\350@\303"
  41      50002900 
  41      CAAC6064 
  41      0359B93E 
  41      E840C3
  42 0070 FFFFCD0D 		.ascii	"\377\377\315\015\007\346\262>dbfb\000\231\300\360\001"
  42      07E6B23E 
  42      64626662 
  42      0099C0F0 
  42      01
  43 0081 A80264DF 		.ascii	"\250\002d\337G&&\020\315\374\214\361\320\257\256\177"
  43      47262610 
  43      CDFC8CF1 
  43      D0AFAE7F 
  44 0091 4798419A 		.ascii	"G\230A\232\232\231AvOk=t\236\375\013S+3##\310\374\375"
  44      9A994176 
  44      4F6B3D74 
  44      9EFD0B53 
  44      2B332323 
  45 00a8 0767AC62 		.ascii	"\007g\254b\203p\237\237hl`\001\012-]\261z7\337|\306"
  45      83709F9F 
  45      686C6001 
  45      0A2D5DB1 
  45      7A37DF7C 
  46 00bd B98D2D40 		.ascii	"\271\215-@W11\256b\224a\\\311\010t\023\343j\306\371"
  46      573131AE 
  46      6294615C 
ARM GAS  C:\Users\JEFFSN~1\AppData\Local\Temp\ccWtFtUW.s 			page 3


  46      C9087413 
  46      E36AC6F9 
  47 00d1 8C0CAF18 		.ascii	"\214\014\257\030\231\240\2061\200\355c\004\331\003d"
  47      99A08631 
  47      80ED6304 
  47      D90364
  48 00e0 EBBAA7E6 		.ascii	"\353\272\247\346\245\026%\226\244\246\304\007\347\227"
  48      A5162596 
  48      A4A6C407 
  48      E797
  49 00ee 1625A7C6 		.ascii	"\026%\247\306\004\004\347;\233\306\204\006;\305\273"
  49      0404E73B 
  49      9BC68406 
  49      3BC5BB
  50 00fd 0658C4BB 		.ascii	"\006X\304\273\370:\306\273\344\347\245\306\007\007\351"
  50      F83AC6BB 
  50      E4E7A5C6 
  50      0707E9
  51 010c 25330000 		.ascii	"%3\000\000\264\343[R"
  51      B4E35B52 
  52              		.text
  53              		.section	.gnu.lto_USB_EP8_DMA_Done_SR_InterruptEnable.cdd09b7a,"",%progbits
  54 0000 789C7D90 		.ascii	"x\234}\220=H[Q\024\307\317\377\336\274\227PQ\\:\231"
  54      3D485B51 
  54      14C7CFFF 
  54      DEBC9750 
  54      515C3A99 
  55 0014 C1C5C1A1 		.ascii	"\301\305\301\241\"\024\241\223`\265t\022\304\207\233"
  55      2214A193 
  55      60B57412 
  55      C4879B
  56 0023 F010FB06 		.ascii	"\360\020\373\006\007\223\022\342\234\033\223G\245\223"
  56      079312E2 
  56      9C1B9347 
  56      A593
  57 0031 2026933A 		.ascii	" &\223:\210\370\375\221\315l\227\320\245E\024\034\225"
  57      88F8FD91 
  57      CD6C97D0 
  57      A545141C 
  57      95
  58 0042 42C91044 		.ascii	"B\311\020D\245\244E\321\026\342\353\271\357\215\005"
  58      A5A445D1 
  58      16E2EBB9 
  58      EF8D05
  59 0051 0FDC77EE 		.ascii	"\017\334w\356\273\374\377\277\363\021#\220\211\013N"
  59      BBFCFFBF 
  59      F3112390 
  59      890B4E
  60 0060 839CBBF8 		.ascii	"\203\234\273\370@\022\304\342)Q>!\000sQ\011PN \207{"
  60      4012C4E2 
  60      29513E21 
  60      00735109 
  60      504E2087 
  61 0075 D112A87D 		.ascii	"\321\022\250}jTE\357\246\342\370\261\261*\325\226\206"
  61      6A5445EF 
  61      A6E2F8B1 
  61      B12AD596 
ARM GAS  C:\Users\JEFFSN~1\AppData\Local\Temp\ccWtFtUW.s 			page 4


  61      86
  62 0086 2F890211 		.ascii	"/\211\002\021\222\010\233\350%\226-\375\376~l\313~\230"
  62      92089BE8 
  62      25962DFD 
  62      FE7E6CCB 
  62      7E98
  63 0098 FBC5C162 		.ascii	"\373\305\301b\361E\317\272R\363J?\314\226\225\316w\373"
  63      F145CFBA 
  63      52F34A3F 
  63      CC9695CE 
  63      77FB
  64 00aa 12D88264 		.ascii	"\022\330\202d\027^'\321\237\014\275,\255W\236\226\333"
  64      175E27D1 
  64      9F0CBD2C 
  64      AD579E96 
  64      DB
  65 00bb EDA2A177 		.ascii	"\355\242\241wc\033=\021\027;\260\271E\230\227\303q\255"
  65      631B3D11 
  65      173BB0B9 
  65      459897C3 
  65      71AD
  66 00cd 82A0A0F4 		.ascii	"\202\240\240\364\275\325\222\011n\226\337b\344Ka\231"
  66      BDD59209 
  66      6E96DF62 
  66      E44B6199 
  67 00dd 0F51938F 		.ascii	"\017Q\223\217\351\372\227\020&\313+\024\364\237\012"
  67      E9FA9710 
  67      26CB2B14 
  67      F49F0A
  68 00ec 0CA22025 		.ascii	"\014\242 %\227\250Vo/\343\271\226ZP\252\323\227\334"
  68      97A8566F 
  68      2FE3B996 
  68      5A50AAD3 
  68      97DC
  69 00fe 8221EF22 		.ascii	"\202!\357\"\307\366\030\325!\302b\014e55P\373\373\371"
  69      C7F618D5 
  69      21C2620C 
  69      65353550 
  69      FBFBF9
  70 0111 67B92D72 		.ascii	"g\271-r\307\330]\362kg\361;\341K+\034\355A\177\273i"
  70      C7D85DF2 
  70      6B67F13B 
  70      E14B2B1C 
  70      ED417FBB 
  71 0126 8F7ECB5F 		.ascii	"\217~\313_\363\312(\276,\324\033\3615\254\344\213\274"
  71      F3CA28BE 
  71      2CD41BF1 
  71      35ACE48B 
  71      BC
  72 0137 181BFB48 		.ascii	"\030\033\373Hb\017< \016\260\006&\026\036\355\010gE"
  72      620F3C20 
  72      0EB00626 
  72      161EED08 
  72      6745
  73 0149 C4F3E6C9 		.ascii	"\304\363\346\311J\233A\010t\342\220\225\\\264\024\366"
  73      4A9B4108 
  73      74E29095 
ARM GAS  C:\Users\JEFFSN~1\AppData\Local\Temp\ccWtFtUW.s 			page 5


  73      5CB414F6 
  74 0159 FB1CEC88 		.ascii	"\373\034\354\210a\214\240+\024u\353\245Q\323\177\263"
  74      618CA02B 
  74      1475EBA5 
  74      51D37FB3 
  75 0169 C503DE01 		.ascii	"\305\003\336\001\241\302\263\3610\276L\3205\346u`\205"
  75      A1C2B3F1 
  75      30BE4CD0 
  75      35E67560 
  75      85
  76 017a 6A134D9E 		.ascii	"j\023M\236\235w\304\242W\357\275\224\227\231\312z\037"
  76      9D77C4A2 
  76      57EFBD94 
  76      9799CA7A 
  76      1F
  77 018b 5C273D97 		.ascii	"\\'=\227\231\366&\307\234\364\360\300\344\204\363\326"
  77      99F626C7 
  77      9CF4F0C0 
  77      E484F3D6 
  78 019b 7D37F6C6 		.ascii	"}7\366\306\035\031\035rG\322)\317u\306\373\246\251c"
  78      1D191D72 
  78      47D229CF 
  78      75C6FBA6 
  78      A963
  79 01ad 2695F532 		.ascii	"&\225\3652\231\271\217Y'\313\236\177\012\245\263$"
  79      99B98F59 
  79      27CB9E7F 
  79      0AA5B324 
  80              		.text
  81              		.section	.gnu.lto_USB_EP8_DMA_Done_SR_InterruptDisable.cdd09b7a,"",%progbits
  82 0000 789C7D90 		.ascii	"x\234}\220?H[Q\024\306\317wo\362\022\204H'\227f\310"
  82      3F485B51 
  82      14C6CF77 
  82      6FF21284 
  82      48279766 
  83 0015 92C1C112 		.ascii	"\222\301\301\022\220\202\223P\265\355T\010>\272\011"
  83      90829350 
  83      B5ED5408 
  83      3EBA09
  84 0024 0FB16F70 		.ascii	"\017\261opIJ\210snL\236\225N\202\250P\010\201v0Z\377"
  84      494A8873 
  84      6E4C9E95 
  84      4E82A850 
  84      08817630 
  85 003a 4FCD761B 		.ascii	"O\315v\033D\320A\007\221BU\224\014Al\241V\224B\321\246"
  85      44D04107 
  85      91425594 
  85      0C416CA1 
  85      569442D1 
  86 004f E7BE3716 		.ascii	"\347\2767\026z\340\276s\337\345\373~\347O\210@&\316"
  86      7AE0BE73 
  86      DFE5FB7E 
  86      E74F8840 
  86      26CE
  87 0061 38F5737E 		.ascii	"8\365s~\310\007\222 f\366\211\212Q\001\230\213\212\202"
  87      C8079220 
  87      66F6898A 
ARM GAS  C:\Users\JEFFSN~1\AppData\Local\Temp\ccWtFtUW.s 			page 6


  87      5101988B 
  87      8A82
  88 0073 0A0205DC 		.ascii	"\012\002\005\334\212{\201\306\233V]t/*\216s\3572\245"
  88      8A7B81C6 
  88      9B565D74 
  88      2F2A8E73 
  88      EF32A5
  89 0086 6A1A9E24 		.ascii	"j\032\236$j\013\237DXD7\261l\366\372\364\223%S0\367"
  89      6A0B9F44 
  89      584437B1 
  89      6CF6FAF4 
  89      93255330 
  90 009b AF6B33E5 		.ascii	"\257k3\345\216\344\007\245&\225>\332\211-(]Lx\022\250"
  90      8EE407A5 
  90      26953EDA 
  90      892D285D 
  90      4C7812A8 
  91 00af 41B20DBD 		.ascii	"A\262\015\275q\244\342\276\231\265\315\315?s1\253l\360"
  91      71A4E2BE 
  91      99B5CDCD 
  91      3F7331AB 
  91      6CF0
  92 00c1 092C2119 		.ascii	"\011,!\031\200\261\014\213{\204yY\037\326\252\335.)"
  92      80B10C8B 
  92      7B847959 
  92      1FD6AADD 
  92      2E29
  93 00d3 7D687D3E 		.ascii	"}h}>\261\242\334.?\206\310\223\"l>DW|L\337?\2050Y^\240"
  93      B1A2DC2E 
  93      3F86C893 
  93      226C3E44 
  93      577C4CDF 
  94 00ed A4BF4C75 		.ascii	"\244\277Lu\031FIJ\256Q\257\177?\216\024\356\325\264"
  94      1946494A 
  94      AE51AF7F 
  94      3F8E14EE 
  94      D5B4
  95 00ff 520F3CC9 		.ascii	"R\017<\311=\030\364G\024\330\036\242&\204_\215\241\254"
  95      3D18F447 
  95      14D81EA2 
  95      26845F8D 
  95      A1AC
  96 0111 A6161ABF 		.ascii	"\246\026\032\277\337\266\336m!\260\207\330>\3575\016"
  96      DFB6DE6D 
  96      21B087D8 
  96      3EEF350E 
  97 0121 2237C293 		.ascii	"\"7\302\223a\177\272_z\357[,\370]\330-*\243\330\236"
  97      617FBA5F 
  97      7AEF5B2C 
  97      F85DD82D 
  97      2AA3D89E 
  98 0135 6EB62255 		.ascii	"n\266\"UT\212e\336\215\205U\304\261\002\036\021k\250"
  98      548A65DE 
  98      8D8555C4 
  98      B1021E11 
  98      6BA8
  99 0147 8291A53B 		.ascii	"\202\221\245;+\300\205\003\342\373\275J\243\303 ,\374"
ARM GAS  C:\Users\JEFFSN~1\AppData\Local\Temp\ccWtFtUW.s 			page 7


  99      2BC08503 
  99      E2FBBD4A 
  99      A3C3202C 
  99      FC
 100 0158 00D659CA 		.ascii	"\000\326Y\312e\347\375\222\377\243m0\215\031t\201\262"
 100      65E7FD92 
 100      FFA36D30 
 100      8D197481 
 100      B2
 101 0169 3EDEF1DB 		.ascii	">\336\361\333\246\177\306\213\264y\015\204M\036\217"
 101      A67FC68B 
 101      B4790D84 
 101      4D1E8F
 102 0178 E7F16494 		.ascii	"\347\361d\224.1\251O\237\371j\023W<>\257\211E=\317\335"
 102      2E31A94F 
 102      9FF96A13 
 102      573C3EAF 
 102      89453DCF 
 103 018d 8C9B1BCD 		.ascii	"\214\233\033\315\273\257\034;;\221\033sG\322vv\360\361"
 103      BBAF1C3B 
 103      3B911B73 
 103      47D27676 
 103      F0F1
 104 019f C84B7BC0 		.ascii	"\310K{\300y\232\356s\206^<q\206\262\031\327\261\207"
 104      799AEE73 
 104      865E3C71 
 104      86B219D7 
 104      B187
 105 01b1 1F8D51E7 		.ascii	"\037\215Q\347x&\357\346r\023\257\363v\236=\177\001\341"
 105      7826EFE6 
 105      7213AFF3 
 105      769E3D7F 
 105      01E1
 106 01c3 50B5EA   		.ascii	"P\265\352"
 107              		.text
 108              		.section	.gnu.lto_USB_EP8_DMA_Done_SR_WriteMask.cdd09b7a,"",%progbits
 109 0000 789C2590 		.ascii	"x\234%\220\275/\203Q\024\306\317soi\033\351_\240\203"
 109      BD2F8351 
 109      14C6CF73 
 109      6F691BE9 
 109      5FA083
 110 0013 4D3A9026 		.ascii	"M:\220&>bE\305$\021\215\255\362Fx'\321&\305\334\333"
 110      3E6245C5 
 110      24118DAD 
 110      F2467827 
 110      D126C5DC 
 111 0028 4FB11910 		.ascii	"O\261\031\020_M'Z\255\257\016\006,\325Ab\251XX):\030"
 111      5F4D275A 
 111      ADAF0E06 
 111      2CD54162 
 111      A9585829 
 112 003e A4820D75 		.ascii	"\244\202\015u\356\333\233\334\234sO\236\347w\237{m\004"
 112      EEDB9BDC 
 112      9C734F9E 
 112      E7779F7B 
 112      6D04
 113 0050 D26B8C4B 		.ascii	"\322k\214K/\327v\336\220\004\261Z!\212:\004\240\033"
ARM GAS  C:\Users\JEFFSN~1\AppData\Local\Temp\ccWtFtUW.s 			page 8


 113      2FD776DE 
 113      9004B15A 
 113      218A3A04 
 113      A01B
 114 0062 E5004504 		.ascii	"\345\000E\004\"\370\026\277\002\345\345\332\271\360"
 114      22F816BF 
 114      02E5E5DA 
 114      B9F0
 115 0070 6415AFC7 		.ascii	"d\025\257\307\327O\257\312\225\220\224D\015a\221\010"
 115      D74FAFCA 
 115      95909444 
 115      0D619108 
 116 0080 597858D5 		.ascii	"YxX\325\330?]qH/\210\373\315\324\313\265\253sO\251\230"
 116      D83F5D71 
 116      482F88FB 
 116      CDD4CBB5 
 116      AB734FA9 
 117 0095 5267534A 		.ascii	"RgSJ&%\220\203d\007z\334\360\272\211\007\204\003tjq"
 117      26259083 
 117      64077ADC 
 117      F0BA8907 
 117      8403746A 
 118 00aa B5F8B7EE 		.ascii	"\265\370\267\356jMh|G\023\212<Zu\314\223\211\222j4\342"
 118      6A4D687C 
 118      47138A3C 
 118      5A75CC93 
 118      89926A34 
 119 00bf AA54B45F 		.ascii	"\252T\264_]\330[\000m\021M#\325Y\251\263~\010\241\253"
 119      5DD85B00 
 119      6D114D23 
 119      D559A9B3 
 119      7E08A1AB 
 120 00d3 AC21FE93 		.ascii	"\254!\376\223\272O\367ks\\\212\270\004\263Wv\267\012"
 120      BA4FF76B 
 120      735C8AB8 
 120      04B35776 
 120      B70A
 121 00e5 F62FA1EF 		.ascii	"\366/\241\357\227(\300MU\010\213\316\010\026Q\015\345"
 121      9728C04D 
 121      55088BCE 
 121      0816510D 
 121      E5
 122 00f6 EDE2FB9D 		.ascii	"\355\342\373\235S\317X\276\221,\337Zra=\243\222x\310"
 122      53CF58BE 
 122      912CDF5A 
 122      72613DA3 
 122      9278C8
 123 0109 3B9BC7E5 		.ascii	";\233\307\345\233\250\262\361\350\351yg\315\225A:\232"
 123      9BA8B2F1 
 123      E8E97967 
 123      CD95413A 
 123      9A
 124 011a 882AD596 		.ascii	"\210*\325\226\224\022Gp\343\220\311\204cd\240\241o\210"
 124      94124770 
 124      E390C984 
 124      6364A0A1 
 124      6F88
ARM GAS  C:\Users\JEFFSN~1\AppData\Local\Temp\ccWtFtUW.s 			page 9


 125 012c 952E4735 		.ascii	"\225.G5\322\372\237:\3038 \307\355\0325\203fxz\321\234"
 125      D2FA9F3A 
 125      C33820C7 
 125      ED1A3583 
 125      66787AD1 
 126 0141 35FCA1A5 		.ascii	"5\374\241\245\360\214\031\030\367\207\206\373\002\223"
 126      F08C1918 
 126      F78786FB 
 126      0293
 127 014f FE216364 		.ascii	"\376!cd|\300\360\215\015\032\276P\3204\374\023\3353"
 127      7CC0F08D 
 127      0D1ABE50 
 127      D034FC13 
 127      DD33
 128 0161 649B9F5E 		.ascii	"d\233\237^\230\373\0072\314\201\014"
 128      98FB0732 
 128      CC810C
 129              		.text
 130              		.section	.gnu.lto_USB_EP8_DMA_Done_SR_ReadMask.cdd09b7a,"",%progbits
 131 0000 789C6361 		.ascii	"x\234ca`d\000\201\233@\254\017\304\322@\314\310\314"
 131      60640081 
 131      9B40AC0F 
 131      C4D240CC 
 131      C8CC
 132 0012 C0C834E1 		.ascii	"\300\3104\341\034\003C#\007\023##\210\321\300\301\310"
 132      1C034323 
 132      07132323 
 132      88D1C0C1 
 132      C8
 133 0023 50CFC458 		.ascii	"P\317\304X\317\370\225\351/\023\343\351\357'z\2704\227"
 133      CFF895E9 
 133      2F13E3E9 
 133      EF277AB8 
 133      3497
 134 0035 37343435 		.ascii	"7445<8\372\337b\372\212\003\214\255\314\014\014\377"
 134      3C38FADF 
 134      62FA8A03 
 134      8CADCC0C 
 134      0CFF
 135 0047 9918188D 		.ascii	"\231\030\030\215e\030\015d@F,g\324d\000*}\264\361\337"
 135      65180D64 
 135      40462C67 
 135      D464002A 
 135      7DB4F1DF 
 136 005b 545EB696 		.ascii	"T^\266\226\006 P\000)\000\312\254`d\003Y\271>\350@\303"
 136      06205000 
 136      2900CAAC 
 136      60640359 
 136      B93EE840 
 137 0070 FFFFCD0D 		.ascii	"\377\377\315\015\007\376\263\037\234\304\305\314\304"
 137      07FEB31F 
 137      9CC4C5CC 
 137      C4
 138 007d 003282E1 		.ascii	"\0002\202\341\003P\011\310\302\217LL \232\371\031\343"
 138      035009C8 
 138      C28F4C4C 
 138      209AF919 
ARM GAS  C:\Users\JEFFSN~1\AppData\Local\Temp\ccWtFtUW.s 			page 10


 138      E3
 139 008e A15F5DC7 		.ascii	"\241_]\307VX\200t53\203,\237\326z\350<\373\027\246V"
 139      56588074 
 139      3533832C 
 139      9FD67AE8 
 139      3CFB17A6 
 140 00a3 66464690 		.ascii	"fFF\220\005\347Z\256\257\342\204p\333O66\260\000\205"
 140      05E75AAE 
 140      AFE28470 
 140      DB4F3636 
 140      B00085
 141 00b6 1E3E9E3D 		.ascii	"\036>\236=\205w>\343\334\306\026\240\263\230\030W1\312"
 141      85773EE3 
 141      DCC616A0 
 141      B3981857 
 141      31CA
 142 00c8 30AE6404 		.ascii	"0\256d\004:\212q5\343|F\206W\214LP\303\030\300\3661"
 142      3A8A7135 
 142      E37C4686 
 142      578C4C50 
 142      C318C0F6 
 143 00dd 82EC01B2 		.ascii	"\202\354\001\262u\335S\363R\213\022KRS\342\203\363K"
 143      75DD53F3 
 143      528B124B 
 143      5253E283 
 143      F34B
 144 00ef 8B925363 		.ascii	"\213\222Sc\002\202\363\235McB\203\235\342]\003,\342"
 144      0282F39D 
 144      4D634283 
 144      9DE25D03 
 144      2CE2
 145 0101 5D7C1DE3 		.ascii	"]|\035\343]\362\363R\343\203\203\364\222\031\000\332"
 145      5DF2F352 
 145      E38383F4 
 145      921900DA 
 146 0111 7C5C87   		.ascii	"|\\\207"
 147              		.text
 148              		.section	.gnu.lto_.symbol_nodes.cdd09b7a,"",%progbits
 149 0000 789C55C8 		.ascii	"x\234U\310\261\021\204@\014CQ\311\336\335:\240Rm\011"
 149      B1118440 
 149      0C4351C9 
 149      DEDD3AA0 
 149      526D09
 150 0013 97D10011 		.ascii	"\227\321\000\021u\020S\0034\302`\340\002\254D\363_\001"
 150      75105303 
 150      34C260E0 
 150      02AC44F3 
 150      5F01
 151 0025 31216610 		.ascii	"1!f\020\360\333p\337\322\307\000\212\031L\226\301\345"
 151      F0DB70DF 
 151      D2C7008A 
 151      194C96C1 
 151      E5
 152 0036 198A4A02 		.ascii	"\031\212J\0026\325\007\200\336\207\350\252\366mg\303"
 152      36D50780 
 152      DE87E8AA 
 152      F66D67C3 
ARM GAS  C:\Users\JEFFSN~1\AppData\Local\Temp\ccWtFtUW.s 			page 11


 153 0046 BC9F7456 		.ascii	"\274\237tV\254G\274\375\333\336\306\005\363Q#\206"
 153      AC47BCFD 
 153      DBDEC605 
 153      F3512386 
 154              		.text
 155              		.section	.gnu.lto_.refs.cdd09b7a,"",%progbits
 156 0000 789C6361 		.ascii	"x\234ca`\004B \000\000\0009\000\007"
 156      60044220 
 156      00000039 
 156      0007
 157              		.text
 158              		.section	.gnu.lto_.decls.cdd09b7a,"",%progbits
 159 0000 789C9D53 		.ascii	"x\234\235S]L\024W\024\2363wXpD\251\2465<lS\374I\303"
 159      5D4C1457 
 159      149E3377 
 159      587044A9 
 159      A6353C6C 
 160 0018 4B89C634 		.ascii	"K\211\3064%i\322\264.h\233\370\0277\350\213\311fY&u"
 160      2569D2B4 
 160      2E689BF8 
 160      1737E88B 
 160      C9665926 
 161 002d A359CC32 		.ascii	"\243Y\3142$\245O\327.&\266\365\0015j\000E\264UAPPDd"
 161      24A54FD7 
 161      2E26B6F5 
 161      01356A00 
 161      45B45541 
 162 0045 616597C5 		.ascii	"ae\227\305]\374\255\255\246\011\241\0114\310\003\251"
 162      5DFCADAD 
 162      A609A109 
 162      34C803A9 
 163 0055 31361213 		.ascii	"16\022\023cp=\367\316\035f\300\205\030Orf\356\275\363"
 163      63703DF7 
 163      CE1D66C0 
 163      85184F72 
 163      66EEBDF3 
 164 0069 FD9C73EF 		.ascii	"\375\234s\357\035E\002\211\305\027\031\222\264\005\207"
 164      1D450289 
 164      C5171992 
 164      B40587
 165 0078 3A660AC3 		.ascii	":f\012\303\201k\333%+21\257`vbva\366`F0\3730c\322\333"
 165      816BDB25 
 165      2B3231AF 
 165      60766276 
 165      61F66046 
 166 0092 C1B004B3 		.ascii	"\301\260\004\263\0353\2019 \326A|\233\035Lw\201\360"
 166      1D338139 
 166      20D6417C 
 166      9B1D4C77 
 166      81F0
 167 00a4 641C2766 		.ascii	"d\034'f\022\363\262\215?\210\031\026x\"81Q\303\354\350"
 167      12F3B28D 
 167      3F881916 
 167      78223831 
 167      51C3ECE8 
 168 00b8 7A0FBDAE 		.ascii	"z\017\275\256y\364X\277\212MovO=i8\221y\366 \222\006"
 168      79F458BF 
ARM GAS  C:\Users\JEFFSN~1\AppData\Local\Temp\ccWtFtUW.s 			page 12


 168      8A4D6F76 
 168      4F3D6938 
 168      9179F620 
 169 00ce 3F25C389 		.ascii	"?%\303\211XC<c\030\206\000$\340!\211\363\221\330\212"
 169      58433C63 
 169      18860024 
 169      E02189F3 
 169      91D88A
 170 00e1 78B30118 		.ascii	"x\263\001\030\023\331\324\003\023dZp8H2\307O\257\233"
 170      13D9D403 
 170      13645A70 
 170      384832C7 
 170      4FAF9B
 171 00f4 B869CF94 		.ascii	"\270i\317\224\031\326\022L\207\211\204\231\242L\325"
 171      19D6124C 
 171      87898499 
 171      A24CD5
 172 0103 9AE25CB6 		.ascii	"\232\342\\\266\0106=Q\275\360\007\273-\227&f\323\221"
 172      08363D51 
 172      BDF007BB 
 172      2D972666 
 172      D391
 173 0115 C6C7F717 		.ascii	"\306\307\367\027\020\324\304\361\310\313\246\365\005"
 173      10D4C4F1 
 173      C8CBA6F5 
 173      05
 174 0122 AD14A386 		.ascii	"\255\024\243\206R\371Kkg\376\254n?A&eX\252\202\202\323"
 174      52F94B6B 
 174      67FEAC6E 
 174      3F412665 
 174      58AA8282 
 175 0137 FFEFD58D 		.ascii	"\377\357\325\215-\306\351\207*\344\341\264m\377\343"
 175      2DC6E987 
 175      2AE4E1B4 
 175      6DFFE3
 176 0146 E62C9C3A 		.ascii	"\346,\234:UH\001\233?\351~\271\310\2303r\355\241\261"
 176      5548019B 
 176      3FE97EB9 
 176      C8983372 
 176      EDA1B1
 177 0159 D70BC92A 		.ascii	"\327\013\311*6\226\037\216\265L(\220\257\236c&\243\235"
 177      36961F8E 
 177      B54C2890 
 177      AF9E6326 
 177      A39D
 178 016b E35F7553 		.ascii	"\343_uS\372\001\264\203\012\227\200@3\024\260\372\234"
 178      FA01B483 
 178      0A978040 
 178      3314B0FA 
 178      9C
 179 017c 2A3E0F50 		.ascii	"*>\017P\372\023}v\206:r%X\353\204\325N\011\332 \237"
 179      FA137D76 
 179      863A7225 
 179      58EB84D5 
 179      4E09DA20 
 180 0191 6932145C 		.ascii	"i2\024\\\004'\264\202\223\351?\370\365f('\367\030/;"
 180      0427B482 
ARM GAS  C:\Users\JEFFSN~1\AppData\Local\Temp\ccWtFtUW.s 			page 13


 180      93E93FF8 
 180      F5662827 
 180      F7182F3B 
 181 01a5 44F3142E 		.ascii	"D\363\024.\327\202\337/\340w\011.C.>K\025\243\223}u"
 181      D782DF2F 
 181      E077092E 
 181      432E3E4B 
 181      15A3937D 
 182 01ba 4D297545 		.ascii	"M)uE#ml\247\243\335\211O\217\207\350 \362\362\030\012"
 182      236D6CA7 
 182      A3DD894F 
 182      8F87E820 
 182      F2F2180A 
 183 01ce 9AAC1270 		.ascii	"\232\254\022p\310^\347a\0307\357\012\254@\346\037\223"
 183      C85EE761 
 183      1837EF0A 
 183      AC40E61F 
 183      93
 184 01df 8F461693 		.ascii	"\217F\026\223\037yKS\267\352\353d\273\345\366e6\307"
 184      1F794B53 
 184      B7EAEB64 
 184      BBE5F665 
 184      36C7
 185 01f1 AB331CC3 		.ascii	"\2533\034\303\364iM\266\341\030}>\224Mk\366Q\3725\303"
 185      F4694DB6 
 185      E1187D3E 
 185      944D6BF6 
 185      51FA35C3 
 186 0205 4087E5D7 		.ascii	"@\207\345\327a\367\353\344~\261\221\266\263*i\000n8"
 186      61F7EBE4 
 186      7EB191B6 
 186      B32A6900 
 186      6E38
 187 0217 7127F457 		.ascii	"q'\364W\226\020y\220\260\213\\\263D\256\331E\272\270"
 187      96107990 
 187      B08B5CB3 
 187      44AED945 
 187      BAB8
 188 0229 487DCB68 		.ascii	"H}\313hG\006\211\033\"\343\307O\375\347P\360\326\362"
 188      4706891B 
 188      22E3C74F 
 188      FDE750F0 
 188      D6F2
 189 023b 1DC2FA70 		.ascii	"\035\302\372p\2555\374\317\023\307\234\235\204y'\335"
 189      AD35FCCF 
 189      13C79C9D 
 189      847927DD 
 190 024b 205AE93F 		.ascii	" Z\351?0\271D\024\321\2204\213@\014\\\267\212\270n/"
 190      30B94414 
 190      D190348B 
 190      400C5CB7 
 190      8AB86E2F 
 191 025f A2871771 		.ascii	"\242\207\027q\254\277a \223\374k\024\361bxj<G\210L%"
 191      ACBF6120 
 191      93FC6B14 
 191      F162786A 
 191      3C47884C 
ARM GAS  C:\Users\JEFFSN~1\AppData\Local\Temp\ccWtFtUW.s 			page 14


 192 0274 492D8D56 		.ascii	"I-\215V\243\267\314\017\240\327\222\351\265\313D\270"
 192      A3B7CC0F 
 192      A0D792E9 
 192      B5CB44B8 
 193 0284 4CDFC4ED 		.ascii	"L\337\304\355\363\204\2746d\306~\253?\270\020eF)m\034"
 193      F384BC36 
 193      64C67EAB 
 193      3FB81065 
 193      46296D1C 
 194 0298 3A8C32FD 		.ascii	":\2142\375\012\257\344\206%q\003\214K\016}\234\336\332"
 194      0AAFE486 
 194      2571038C 
 194      4B0E7D9C 
 194      DEDA
 195 02aa 73F25516 		.ascii	"s\362U\026\271j\334\364\246\337\217\234q\030\364\350"
 195      B96ADCF4 
 195      A6DF8F9C 
 195      7118F4E8 
 196 02ba ABA44167 		.ascii	"\253\244Ag\025D-z\324\244\3078}\262\372\371\337\016"
 196      15442D7A 
 196      D4A4C738 
 196      7DB2FAF9 
 196      DF0E
 197 02cc 156F65E8 		.ascii	"\025oe\350\335n\345\275\211\323\251Lr\207\333\311\035"
 197      DD6EE5BD 
 197      89D3A94C 
 197      7287DBC9 
 197      1D
 198 02dd 476B8F66 		.ascii	"Gk\217f\202\232\237\206~3\015]\374\035\027K\016\375"
 198      829A9F86 
 198      7E330D5D 
 198      FC1D174B 
 198      0EFD
 199 02ef CCB66600 		.ascii	"\314\266f\000O+n\025\326\017\252q\034\315O\343Q\310"
 199      4F2B6E15 
 199      D60FAA71 
 199      1CCD4FE3 
 199      51C8
 200 0301 FE85FD28 		.ascii	"\376\205\375(xvK\277\345@\353\360\022\220\315\353\307"
 200      78764BBF 
 200      E540EBF0 
 200      1290CDEB 
 200      C7
 201 0312 37822FDC 		.ascii	"7\202/\334M\334'v0k\327\002'\0058\311\301\317b\203\361"
 201      4DDC2776 
 201      306BD702 
 201      270538C9 
 201      C1CF6283 
 202 0327 1C3B383C 		.ascii	"\034;8<\003<(\300\354\235[\342^\347)\336Z\350)\332\364"
 202      033C28C0 
 202      EC9D5BE2 
 202      5EE729DE 
 202      5AE829DA 
 203 033c 8DA7A83C 		.ascii	"\215\247\250<\240y\334\333<\3334oY\326\206\315%y\256"
 203      A079DCDB 
 203      3CDB346F 
 203      59D686CD 
ARM GAS  C:\Users\JEFFSN~1\AppData\Local\Temp\ccWtFtUW.s 			page 15


 203      2579AE
 204 034f 356BA48C 		.ascii	"5k\244\214J\177@/\\\276A\013hA\257\256\225y\334\345"
 204      4A7F402F 
 204      5CBE410B 
 204      6841AFAE 
 204      9579DCE5 
 205 0363 95419FB6 		.ascii	"\225A\237\266s\253\273\334\365\371N_\225^\265W\253("
 205      73ABBBDC 
 205      F5F94E5F 
 205      955EB557 
 205      AB28
 206 0375 D8257D36 		.ascii	"\330%}6\007\"\215A\201OZ\231\316\367\273\200\256\005"
 206      07228D41 
 206      814F5A99 
 206      CEF7BB80 
 206      AE05
 207 0387 83957BF5 		.ascii	"\203\225{\365\342\200\267t\217\266j^L\221\277\202\201"
 207      E280B774 
 207      8FB66A5E 
 207      4C91BF82 
 207      81
 208 0398 3E4E07DA 		.ascii	">N\007\332\021\364\353\332&o\305n\347\\\355\261\217"
 208      11F4EBDA 
 208      266FC56E 
 208      E75CEDB1 
 208      8F
 209 03a9 1FB9AA8A 		.ascii	"\037\271\252\212\177\360\353.\004\373}\336=n\315\247"
 209      7FF0EB2E 
 209      04FB7DDE 
 209      3D6ECDA7 
 210 03b9 FBCB039F 		.ascii	"\373\313\003\237\314\321\207\253j\243\277\024\373\\"
 210      CCD187AB 
 210      6AA3BF14 
 210      FB5C
 211 03c7 862C56C3 		.ascii	"\206,V\303,\232\022\324\276/|\003]}\375\244"
 211      2C9A12D4 
 211      BE2F7C03 
 211      5D7DFDA4 
 212              		.text
 213              		.section	.gnu.lto_.symtab.cdd09b7a,"",%progbits
 214 0000 5553425F 		.ascii	"USB_EP8_DMA_Done_SR_Read\000"
 214      4550385F 
 214      444D415F 
 214      446F6E65 
 214      5F53525F 
 215 0019 00       		.ascii	"\000"
 216 001a 00       		.ascii	"\000"
 217 001b 00       		.ascii	"\000"
 218 001c 00000000 		.ascii	"\000\000\000\000\000\000\000\000"
 218      00000000 
 219 0024 B2000000 		.ascii	"\262\000\000\000"
 220 0028 5553425F 		.ascii	"USB_EP8_DMA_Done_SR_InterruptEnable\000"
 220      4550385F 
 220      444D415F 
 220      446F6E65 
 220      5F53525F 
 221 004c 00       		.ascii	"\000"
ARM GAS  C:\Users\JEFFSN~1\AppData\Local\Temp\ccWtFtUW.s 			page 16


 222 004d 00       		.ascii	"\000"
 223 004e 00       		.ascii	"\000"
 224 004f 00000000 		.ascii	"\000\000\000\000\000\000\000\000"
 224      00000000 
 225 0057 B5000000 		.ascii	"\265\000\000\000"
 226 005b 5553425F 		.ascii	"USB_EP8_DMA_Done_SR_InterruptDisable\000"
 226      4550385F 
 226      444D415F 
 226      446F6E65 
 226      5F53525F 
 227 0080 00       		.ascii	"\000"
 228 0081 00       		.ascii	"\000"
 229 0082 00       		.ascii	"\000"
 230 0083 00000000 		.ascii	"\000\000\000\000\000\000\000\000"
 230      00000000 
 231 008b B7000000 		.ascii	"\267\000\000\000"
 232 008f 5553425F 		.ascii	"USB_EP8_DMA_Done_SR_WriteMask\000"
 232      4550385F 
 232      444D415F 
 232      446F6E65 
 232      5F53525F 
 233 00ad 00       		.ascii	"\000"
 234 00ae 00       		.ascii	"\000"
 235 00af 00       		.ascii	"\000"
 236 00b0 00000000 		.ascii	"\000\000\000\000\000\000\000\000"
 236      00000000 
 237 00b8 BB000000 		.ascii	"\273\000\000\000"
 238 00bc 5553425F 		.ascii	"USB_EP8_DMA_Done_SR_ReadMask\000"
 238      4550385F 
 238      444D415F 
 238      446F6E65 
 238      5F53525F 
 239 00d9 00       		.ascii	"\000"
 240 00da 00       		.ascii	"\000"
 241 00db 00       		.ascii	"\000"
 242 00dc 00000000 		.ascii	"\000\000\000\000\000\000\000\000"
 242      00000000 
 243 00e4 BD000000 		.ascii	"\275\000\000\000"
 244 00e8 43794578 		.ascii	"CyExitCriticalSection\000"
 244      69744372 
 244      69746963 
 244      616C5365 
 244      6374696F 
 245 00fe 00       		.ascii	"\000"
 246 00ff 02       		.ascii	"\002"
 247 0100 00       		.ascii	"\000"
 248 0101 00000000 		.ascii	"\000\000\000\000\000\000\000\000"
 248      00000000 
 249 0109 BF000000 		.ascii	"\277\000\000\000"
 250 010d 4379456E 		.ascii	"CyEnterCriticalSection\000"
 250      74657243 
 250      72697469 
 250      63616C53 
 250      65637469 
 251 0124 00       		.ascii	"\000"
 252 0125 02       		.ascii	"\002"
 253 0126 00       		.ascii	"\000"
ARM GAS  C:\Users\JEFFSN~1\AppData\Local\Temp\ccWtFtUW.s 			page 17


 254 0127 00000000 		.ascii	"\000\000\000\000\000\000\000\000"
 254      00000000 
 255 012f C1000000 		.ascii	"\301\000\000\000"
 256              		.text
 257              		.section	.gnu.lto_.opts,"",%progbits
 258 0000 272D666D 		.ascii	"'-fmath-errno' '-fsigned-zeros' '-ftrapping-math' '"
 258      6174682D 
 258      6572726E 
 258      6F272027 
 258      2D667369 
 259 0033 2D666E6F 		.ascii	"-fno-trapv' '-fno-strict-overflow' '-fno-openmp' '-"
 259      2D747261 
 259      70762720 
 259      272D666E 
 259      6F2D7374 
 260 0066 666E6F2D 		.ascii	"fno-openacc' '-mcpu=cortex-m3' '-mthumb' '-g' '-Og'"
 260      6F70656E 
 260      61636327 
 260      20272D6D 
 260      6370753D 
 261 0099 20272D66 		.ascii	" '-ffunction-sections' '-ffat-lto-objects' '-finlin"
 261      66756E63 
 261      74696F6E 
 261      2D736563 
 261      74696F6E 
 262 00cc 652D6675 		.ascii	"e-functions' '-flto'\000"
 262      6E637469 
 262      6F6E7327 
 262      20272D66 
 262      6C746F27 
 263              		.text
 264              		.cfi_sections	.debug_frame
 265              		.section	.text.USB_EP8_DMA_Done_SR_Read,"ax",%progbits
 266              		.align	2
 267              		.global	USB_EP8_DMA_Done_SR_Read
 268              		.thumb
 269              		.thumb_func
 270              		.type	USB_EP8_DMA_Done_SR_Read, %function
 271              	USB_EP8_DMA_Done_SR_Read:
 272              	.LFB0:
 273              		.file 1 "Generated_Source\\PSoC5\\USB_EP8_DMA_Done_SR.c"
   1:Generated_Source\PSoC5/USB_EP8_DMA_Done_SR.c **** /*******************************************************************************
   2:Generated_Source\PSoC5/USB_EP8_DMA_Done_SR.c **** * File Name: USB_EP8_DMA_Done_SR.c  
   3:Generated_Source\PSoC5/USB_EP8_DMA_Done_SR.c **** * Version 1.90
   4:Generated_Source\PSoC5/USB_EP8_DMA_Done_SR.c **** *
   5:Generated_Source\PSoC5/USB_EP8_DMA_Done_SR.c **** * Description:
   6:Generated_Source\PSoC5/USB_EP8_DMA_Done_SR.c **** *  This file contains API to enable firmware to read the value of a Status 
   7:Generated_Source\PSoC5/USB_EP8_DMA_Done_SR.c **** *  Register.
   8:Generated_Source\PSoC5/USB_EP8_DMA_Done_SR.c **** *
   9:Generated_Source\PSoC5/USB_EP8_DMA_Done_SR.c **** * Note:
  10:Generated_Source\PSoC5/USB_EP8_DMA_Done_SR.c **** *
  11:Generated_Source\PSoC5/USB_EP8_DMA_Done_SR.c **** ********************************************************************************
  12:Generated_Source\PSoC5/USB_EP8_DMA_Done_SR.c **** * Copyright 2008-2015, Cypress Semiconductor Corporation.  All rights reserved.
  13:Generated_Source\PSoC5/USB_EP8_DMA_Done_SR.c **** * You may use this file only in accordance with the license, terms, conditions, 
  14:Generated_Source\PSoC5/USB_EP8_DMA_Done_SR.c **** * disclaimers, and limitations in the end user license agreement accompanying 
  15:Generated_Source\PSoC5/USB_EP8_DMA_Done_SR.c **** * the software package with which this file was provided.
  16:Generated_Source\PSoC5/USB_EP8_DMA_Done_SR.c **** *******************************************************************************/
ARM GAS  C:\Users\JEFFSN~1\AppData\Local\Temp\ccWtFtUW.s 			page 18


  17:Generated_Source\PSoC5/USB_EP8_DMA_Done_SR.c **** 
  18:Generated_Source\PSoC5/USB_EP8_DMA_Done_SR.c **** #include "USB_EP8_DMA_Done_SR.h"
  19:Generated_Source\PSoC5/USB_EP8_DMA_Done_SR.c **** 
  20:Generated_Source\PSoC5/USB_EP8_DMA_Done_SR.c **** #if !defined(USB_EP8_DMA_Done_SR_sts_intr_sts_reg__REMOVED) /* Check for removal by optimization */
  21:Generated_Source\PSoC5/USB_EP8_DMA_Done_SR.c **** 
  22:Generated_Source\PSoC5/USB_EP8_DMA_Done_SR.c **** 
  23:Generated_Source\PSoC5/USB_EP8_DMA_Done_SR.c **** /*******************************************************************************
  24:Generated_Source\PSoC5/USB_EP8_DMA_Done_SR.c **** * Function Name: USB_EP8_DMA_Done_SR_Read
  25:Generated_Source\PSoC5/USB_EP8_DMA_Done_SR.c **** ********************************************************************************
  26:Generated_Source\PSoC5/USB_EP8_DMA_Done_SR.c **** *
  27:Generated_Source\PSoC5/USB_EP8_DMA_Done_SR.c **** * Summary:
  28:Generated_Source\PSoC5/USB_EP8_DMA_Done_SR.c **** *  Reads the current value assigned to the Status Register.
  29:Generated_Source\PSoC5/USB_EP8_DMA_Done_SR.c **** *
  30:Generated_Source\PSoC5/USB_EP8_DMA_Done_SR.c **** * Parameters:
  31:Generated_Source\PSoC5/USB_EP8_DMA_Done_SR.c **** *  None.
  32:Generated_Source\PSoC5/USB_EP8_DMA_Done_SR.c **** *
  33:Generated_Source\PSoC5/USB_EP8_DMA_Done_SR.c **** * Return:
  34:Generated_Source\PSoC5/USB_EP8_DMA_Done_SR.c **** *  The current value in the Status Register.
  35:Generated_Source\PSoC5/USB_EP8_DMA_Done_SR.c **** *
  36:Generated_Source\PSoC5/USB_EP8_DMA_Done_SR.c **** *******************************************************************************/
  37:Generated_Source\PSoC5/USB_EP8_DMA_Done_SR.c **** uint8 USB_EP8_DMA_Done_SR_Read(void) 
  38:Generated_Source\PSoC5/USB_EP8_DMA_Done_SR.c **** { 
 274              		.loc 1 38 0
 275              		.cfi_startproc
 276              		@ args = 0, pretend = 0, frame = 0
 277              		@ frame_needed = 0, uses_anonymous_args = 0
 278              		@ link register save eliminated.
  39:Generated_Source\PSoC5/USB_EP8_DMA_Done_SR.c ****     return USB_EP8_DMA_Done_SR_Status;
 279              		.loc 1 39 0
 280 0000 014B     		ldr	r3, .L2
 281 0002 1878     		ldrb	r0, [r3]	@ zero_extendqisi2
  40:Generated_Source\PSoC5/USB_EP8_DMA_Done_SR.c **** }
 282              		.loc 1 40 0
 283 0004 7047     		bx	lr
 284              	.L3:
 285 0006 00BF     		.align	2
 286              	.L2:
 287 0008 67640040 		.word	1073767527
 288              		.cfi_endproc
 289              	.LFE0:
 290              		.size	USB_EP8_DMA_Done_SR_Read, .-USB_EP8_DMA_Done_SR_Read
 291              		.section	.text.USB_EP8_DMA_Done_SR_InterruptEnable,"ax",%progbits
 292              		.align	2
 293              		.global	USB_EP8_DMA_Done_SR_InterruptEnable
 294              		.thumb
 295              		.thumb_func
 296              		.type	USB_EP8_DMA_Done_SR_InterruptEnable, %function
 297              	USB_EP8_DMA_Done_SR_InterruptEnable:
 298              	.LFB1:
  41:Generated_Source\PSoC5/USB_EP8_DMA_Done_SR.c **** 
  42:Generated_Source\PSoC5/USB_EP8_DMA_Done_SR.c **** 
  43:Generated_Source\PSoC5/USB_EP8_DMA_Done_SR.c **** /*******************************************************************************
  44:Generated_Source\PSoC5/USB_EP8_DMA_Done_SR.c **** * Function Name: USB_EP8_DMA_Done_SR_InterruptEnable
  45:Generated_Source\PSoC5/USB_EP8_DMA_Done_SR.c **** ********************************************************************************
  46:Generated_Source\PSoC5/USB_EP8_DMA_Done_SR.c **** *
  47:Generated_Source\PSoC5/USB_EP8_DMA_Done_SR.c **** * Summary:
  48:Generated_Source\PSoC5/USB_EP8_DMA_Done_SR.c **** *  Enables the Status Register interrupt.
ARM GAS  C:\Users\JEFFSN~1\AppData\Local\Temp\ccWtFtUW.s 			page 19


  49:Generated_Source\PSoC5/USB_EP8_DMA_Done_SR.c **** *
  50:Generated_Source\PSoC5/USB_EP8_DMA_Done_SR.c **** * Parameters:
  51:Generated_Source\PSoC5/USB_EP8_DMA_Done_SR.c **** *  None.
  52:Generated_Source\PSoC5/USB_EP8_DMA_Done_SR.c **** *
  53:Generated_Source\PSoC5/USB_EP8_DMA_Done_SR.c **** * Return:
  54:Generated_Source\PSoC5/USB_EP8_DMA_Done_SR.c **** *  None.
  55:Generated_Source\PSoC5/USB_EP8_DMA_Done_SR.c **** *
  56:Generated_Source\PSoC5/USB_EP8_DMA_Done_SR.c **** *******************************************************************************/
  57:Generated_Source\PSoC5/USB_EP8_DMA_Done_SR.c **** void USB_EP8_DMA_Done_SR_InterruptEnable(void) 
  58:Generated_Source\PSoC5/USB_EP8_DMA_Done_SR.c **** {
 299              		.loc 1 58 0
 300              		.cfi_startproc
 301              		@ args = 0, pretend = 0, frame = 0
 302              		@ frame_needed = 0, uses_anonymous_args = 0
 303 0000 08B5     		push	{r3, lr}
 304              		.cfi_def_cfa_offset 8
 305              		.cfi_offset 3, -8
 306              		.cfi_offset 14, -4
  59:Generated_Source\PSoC5/USB_EP8_DMA_Done_SR.c ****     uint8 interruptState;
  60:Generated_Source\PSoC5/USB_EP8_DMA_Done_SR.c ****     interruptState = CyEnterCriticalSection();
 307              		.loc 1 60 0
 308 0002 FFF7FEFF 		bl	CyEnterCriticalSection
 309              	.LVL0:
  61:Generated_Source\PSoC5/USB_EP8_DMA_Done_SR.c ****     USB_EP8_DMA_Done_SR_Status_Aux_Ctrl |= USB_EP8_DMA_Done_SR_STATUS_INTR_ENBL;
 310              		.loc 1 61 0
 311 0006 044A     		ldr	r2, .L6
 312 0008 1378     		ldrb	r3, [r2]	@ zero_extendqisi2
 313 000a 43F01003 		orr	r3, r3, #16
 314 000e 1370     		strb	r3, [r2]
  62:Generated_Source\PSoC5/USB_EP8_DMA_Done_SR.c ****     CyExitCriticalSection(interruptState);
 315              		.loc 1 62 0
 316 0010 FFF7FEFF 		bl	CyExitCriticalSection
 317              	.LVL1:
 318 0014 08BD     		pop	{r3, pc}
 319              	.L7:
 320 0016 00BF     		.align	2
 321              	.L6:
 322 0018 97640040 		.word	1073767575
 323              		.cfi_endproc
 324              	.LFE1:
 325              		.size	USB_EP8_DMA_Done_SR_InterruptEnable, .-USB_EP8_DMA_Done_SR_InterruptEnable
 326              		.section	.text.USB_EP8_DMA_Done_SR_InterruptDisable,"ax",%progbits
 327              		.align	2
 328              		.global	USB_EP8_DMA_Done_SR_InterruptDisable
 329              		.thumb
 330              		.thumb_func
 331              		.type	USB_EP8_DMA_Done_SR_InterruptDisable, %function
 332              	USB_EP8_DMA_Done_SR_InterruptDisable:
 333              	.LFB2:
  63:Generated_Source\PSoC5/USB_EP8_DMA_Done_SR.c **** }
  64:Generated_Source\PSoC5/USB_EP8_DMA_Done_SR.c **** 
  65:Generated_Source\PSoC5/USB_EP8_DMA_Done_SR.c **** 
  66:Generated_Source\PSoC5/USB_EP8_DMA_Done_SR.c **** /*******************************************************************************
  67:Generated_Source\PSoC5/USB_EP8_DMA_Done_SR.c **** * Function Name: USB_EP8_DMA_Done_SR_InterruptDisable
  68:Generated_Source\PSoC5/USB_EP8_DMA_Done_SR.c **** ********************************************************************************
  69:Generated_Source\PSoC5/USB_EP8_DMA_Done_SR.c **** *
  70:Generated_Source\PSoC5/USB_EP8_DMA_Done_SR.c **** * Summary:
ARM GAS  C:\Users\JEFFSN~1\AppData\Local\Temp\ccWtFtUW.s 			page 20


  71:Generated_Source\PSoC5/USB_EP8_DMA_Done_SR.c **** *  Disables the Status Register interrupt.
  72:Generated_Source\PSoC5/USB_EP8_DMA_Done_SR.c **** *
  73:Generated_Source\PSoC5/USB_EP8_DMA_Done_SR.c **** * Parameters:
  74:Generated_Source\PSoC5/USB_EP8_DMA_Done_SR.c **** *  None.
  75:Generated_Source\PSoC5/USB_EP8_DMA_Done_SR.c **** *
  76:Generated_Source\PSoC5/USB_EP8_DMA_Done_SR.c **** * Return:
  77:Generated_Source\PSoC5/USB_EP8_DMA_Done_SR.c **** *  None.
  78:Generated_Source\PSoC5/USB_EP8_DMA_Done_SR.c **** *
  79:Generated_Source\PSoC5/USB_EP8_DMA_Done_SR.c **** *******************************************************************************/
  80:Generated_Source\PSoC5/USB_EP8_DMA_Done_SR.c **** void USB_EP8_DMA_Done_SR_InterruptDisable(void) 
  81:Generated_Source\PSoC5/USB_EP8_DMA_Done_SR.c **** {
 334              		.loc 1 81 0
 335              		.cfi_startproc
 336              		@ args = 0, pretend = 0, frame = 0
 337              		@ frame_needed = 0, uses_anonymous_args = 0
 338 0000 08B5     		push	{r3, lr}
 339              		.cfi_def_cfa_offset 8
 340              		.cfi_offset 3, -8
 341              		.cfi_offset 14, -4
  82:Generated_Source\PSoC5/USB_EP8_DMA_Done_SR.c ****     uint8 interruptState;
  83:Generated_Source\PSoC5/USB_EP8_DMA_Done_SR.c ****     interruptState = CyEnterCriticalSection();
 342              		.loc 1 83 0
 343 0002 FFF7FEFF 		bl	CyEnterCriticalSection
 344              	.LVL2:
  84:Generated_Source\PSoC5/USB_EP8_DMA_Done_SR.c ****     USB_EP8_DMA_Done_SR_Status_Aux_Ctrl &= (uint8)(~USB_EP8_DMA_Done_SR_STATUS_INTR_ENBL);
 345              		.loc 1 84 0
 346 0006 044A     		ldr	r2, .L10
 347 0008 1378     		ldrb	r3, [r2]	@ zero_extendqisi2
 348 000a 03F0EF03 		and	r3, r3, #239
 349 000e 1370     		strb	r3, [r2]
  85:Generated_Source\PSoC5/USB_EP8_DMA_Done_SR.c ****     CyExitCriticalSection(interruptState);
 350              		.loc 1 85 0
 351 0010 FFF7FEFF 		bl	CyExitCriticalSection
 352              	.LVL3:
 353 0014 08BD     		pop	{r3, pc}
 354              	.L11:
 355 0016 00BF     		.align	2
 356              	.L10:
 357 0018 97640040 		.word	1073767575
 358              		.cfi_endproc
 359              	.LFE2:
 360              		.size	USB_EP8_DMA_Done_SR_InterruptDisable, .-USB_EP8_DMA_Done_SR_InterruptDisable
 361              		.section	.text.USB_EP8_DMA_Done_SR_WriteMask,"ax",%progbits
 362              		.align	2
 363              		.global	USB_EP8_DMA_Done_SR_WriteMask
 364              		.thumb
 365              		.thumb_func
 366              		.type	USB_EP8_DMA_Done_SR_WriteMask, %function
 367              	USB_EP8_DMA_Done_SR_WriteMask:
 368              	.LFB3:
  86:Generated_Source\PSoC5/USB_EP8_DMA_Done_SR.c **** }
  87:Generated_Source\PSoC5/USB_EP8_DMA_Done_SR.c **** 
  88:Generated_Source\PSoC5/USB_EP8_DMA_Done_SR.c **** 
  89:Generated_Source\PSoC5/USB_EP8_DMA_Done_SR.c **** /*******************************************************************************
  90:Generated_Source\PSoC5/USB_EP8_DMA_Done_SR.c **** * Function Name: USB_EP8_DMA_Done_SR_WriteMask
  91:Generated_Source\PSoC5/USB_EP8_DMA_Done_SR.c **** ********************************************************************************
  92:Generated_Source\PSoC5/USB_EP8_DMA_Done_SR.c **** *
ARM GAS  C:\Users\JEFFSN~1\AppData\Local\Temp\ccWtFtUW.s 			page 21


  93:Generated_Source\PSoC5/USB_EP8_DMA_Done_SR.c **** * Summary:
  94:Generated_Source\PSoC5/USB_EP8_DMA_Done_SR.c **** *  Writes the current mask value assigned to the Status Register.
  95:Generated_Source\PSoC5/USB_EP8_DMA_Done_SR.c **** *
  96:Generated_Source\PSoC5/USB_EP8_DMA_Done_SR.c **** * Parameters:
  97:Generated_Source\PSoC5/USB_EP8_DMA_Done_SR.c **** *  mask:  Value to write into the mask register.
  98:Generated_Source\PSoC5/USB_EP8_DMA_Done_SR.c **** *
  99:Generated_Source\PSoC5/USB_EP8_DMA_Done_SR.c **** * Return:
 100:Generated_Source\PSoC5/USB_EP8_DMA_Done_SR.c **** *  None.
 101:Generated_Source\PSoC5/USB_EP8_DMA_Done_SR.c **** *
 102:Generated_Source\PSoC5/USB_EP8_DMA_Done_SR.c **** *******************************************************************************/
 103:Generated_Source\PSoC5/USB_EP8_DMA_Done_SR.c **** void USB_EP8_DMA_Done_SR_WriteMask(uint8 mask) 
 104:Generated_Source\PSoC5/USB_EP8_DMA_Done_SR.c **** {
 369              		.loc 1 104 0
 370              		.cfi_startproc
 371              		@ args = 0, pretend = 0, frame = 0
 372              		@ frame_needed = 0, uses_anonymous_args = 0
 373              		@ link register save eliminated.
 374              	.LVL4:
 105:Generated_Source\PSoC5/USB_EP8_DMA_Done_SR.c ****     #if(USB_EP8_DMA_Done_SR_INPUTS < 8u)
 106:Generated_Source\PSoC5/USB_EP8_DMA_Done_SR.c ****     	mask &= ((uint8)(1u << USB_EP8_DMA_Done_SR_INPUTS) - 1u);
 375              		.loc 1 106 0
 376 0000 00F00300 		and	r0, r0, #3
 377              	.LVL5:
 107:Generated_Source\PSoC5/USB_EP8_DMA_Done_SR.c **** 	#endif /* End USB_EP8_DMA_Done_SR_INPUTS < 8u */
 108:Generated_Source\PSoC5/USB_EP8_DMA_Done_SR.c ****     USB_EP8_DMA_Done_SR_Status_Mask = mask;
 378              		.loc 1 108 0
 379 0004 014B     		ldr	r3, .L13
 380 0006 1870     		strb	r0, [r3]
 381 0008 7047     		bx	lr
 382              	.L14:
 383 000a 00BF     		.align	2
 384              	.L13:
 385 000c 87640040 		.word	1073767559
 386              		.cfi_endproc
 387              	.LFE3:
 388              		.size	USB_EP8_DMA_Done_SR_WriteMask, .-USB_EP8_DMA_Done_SR_WriteMask
 389              		.section	.text.USB_EP8_DMA_Done_SR_ReadMask,"ax",%progbits
 390              		.align	2
 391              		.global	USB_EP8_DMA_Done_SR_ReadMask
 392              		.thumb
 393              		.thumb_func
 394              		.type	USB_EP8_DMA_Done_SR_ReadMask, %function
 395              	USB_EP8_DMA_Done_SR_ReadMask:
 396              	.LFB4:
 109:Generated_Source\PSoC5/USB_EP8_DMA_Done_SR.c **** }
 110:Generated_Source\PSoC5/USB_EP8_DMA_Done_SR.c **** 
 111:Generated_Source\PSoC5/USB_EP8_DMA_Done_SR.c **** 
 112:Generated_Source\PSoC5/USB_EP8_DMA_Done_SR.c **** /*******************************************************************************
 113:Generated_Source\PSoC5/USB_EP8_DMA_Done_SR.c **** * Function Name: USB_EP8_DMA_Done_SR_ReadMask
 114:Generated_Source\PSoC5/USB_EP8_DMA_Done_SR.c **** ********************************************************************************
 115:Generated_Source\PSoC5/USB_EP8_DMA_Done_SR.c **** *
 116:Generated_Source\PSoC5/USB_EP8_DMA_Done_SR.c **** * Summary:
 117:Generated_Source\PSoC5/USB_EP8_DMA_Done_SR.c **** *  Reads the current interrupt mask assigned to the Status Register.
 118:Generated_Source\PSoC5/USB_EP8_DMA_Done_SR.c **** *
 119:Generated_Source\PSoC5/USB_EP8_DMA_Done_SR.c **** * Parameters:
 120:Generated_Source\PSoC5/USB_EP8_DMA_Done_SR.c **** *  None.
 121:Generated_Source\PSoC5/USB_EP8_DMA_Done_SR.c **** *
ARM GAS  C:\Users\JEFFSN~1\AppData\Local\Temp\ccWtFtUW.s 			page 22


 122:Generated_Source\PSoC5/USB_EP8_DMA_Done_SR.c **** * Return:
 123:Generated_Source\PSoC5/USB_EP8_DMA_Done_SR.c **** *  The value of the interrupt mask of the Status Register.
 124:Generated_Source\PSoC5/USB_EP8_DMA_Done_SR.c **** *
 125:Generated_Source\PSoC5/USB_EP8_DMA_Done_SR.c **** *******************************************************************************/
 126:Generated_Source\PSoC5/USB_EP8_DMA_Done_SR.c **** uint8 USB_EP8_DMA_Done_SR_ReadMask(void) 
 127:Generated_Source\PSoC5/USB_EP8_DMA_Done_SR.c **** {
 397              		.loc 1 127 0
 398              		.cfi_startproc
 399              		@ args = 0, pretend = 0, frame = 0
 400              		@ frame_needed = 0, uses_anonymous_args = 0
 401              		@ link register save eliminated.
 128:Generated_Source\PSoC5/USB_EP8_DMA_Done_SR.c ****     return USB_EP8_DMA_Done_SR_Status_Mask;
 402              		.loc 1 128 0
 403 0000 014B     		ldr	r3, .L16
 404 0002 1878     		ldrb	r0, [r3]	@ zero_extendqisi2
 129:Generated_Source\PSoC5/USB_EP8_DMA_Done_SR.c **** }
 405              		.loc 1 129 0
 406 0004 7047     		bx	lr
 407              	.L17:
 408 0006 00BF     		.align	2
 409              	.L16:
 410 0008 87640040 		.word	1073767559
 411              		.cfi_endproc
 412              	.LFE4:
 413              		.size	USB_EP8_DMA_Done_SR_ReadMask, .-USB_EP8_DMA_Done_SR_ReadMask
 414              		.text
 415              	.Letext0:
 416              		.file 2 "Generated_Source\\PSoC5\\cytypes.h"
 417              		.file 3 "Generated_Source\\PSoC5\\CyLib.h"
 418              		.section	.debug_info,"",%progbits
 419              	.Ldebug_info0:
 420 0000 7B010000 		.4byte	0x17b
 421 0004 0400     		.2byte	0x4
 422 0006 00000000 		.4byte	.Ldebug_abbrev0
 423 000a 04       		.byte	0x4
 424 000b 01       		.uleb128 0x1
 425 000c 7F010000 		.4byte	.LASF24
 426 0010 0C       		.byte	0xc
 427 0011 65020000 		.4byte	.LASF25
 428 0015 B7000000 		.4byte	.LASF26
 429 0019 00000000 		.4byte	.Ldebug_ranges0+0
 430 001d 00000000 		.4byte	0
 431 0021 00000000 		.4byte	.Ldebug_line0
 432 0025 02       		.uleb128 0x2
 433 0026 01       		.byte	0x1
 434 0027 06       		.byte	0x6
 435 0028 4E010000 		.4byte	.LASF0
 436 002c 02       		.uleb128 0x2
 437 002d 01       		.byte	0x1
 438 002e 08       		.byte	0x8
 439 002f A9000000 		.4byte	.LASF1
 440 0033 02       		.uleb128 0x2
 441 0034 02       		.byte	0x2
 442 0035 05       		.byte	0x5
 443 0036 92020000 		.4byte	.LASF2
 444 003a 02       		.uleb128 0x2
 445 003b 02       		.byte	0x2
ARM GAS  C:\Users\JEFFSN~1\AppData\Local\Temp\ccWtFtUW.s 			page 23


 446 003c 07       		.byte	0x7
 447 003d 3B010000 		.4byte	.LASF3
 448 0041 02       		.uleb128 0x2
 449 0042 04       		.byte	0x4
 450 0043 05       		.byte	0x5
 451 0044 2B010000 		.4byte	.LASF4
 452 0048 02       		.uleb128 0x2
 453 0049 04       		.byte	0x4
 454 004a 07       		.byte	0x7
 455 004b 75000000 		.4byte	.LASF5
 456 004f 02       		.uleb128 0x2
 457 0050 08       		.byte	0x8
 458 0051 05       		.byte	0x5
 459 0052 00000000 		.4byte	.LASF6
 460 0056 02       		.uleb128 0x2
 461 0057 08       		.byte	0x8
 462 0058 07       		.byte	0x7
 463 0059 87000000 		.4byte	.LASF7
 464 005d 03       		.uleb128 0x3
 465 005e 04       		.byte	0x4
 466 005f 05       		.byte	0x5
 467 0060 696E7400 		.ascii	"int\000"
 468 0064 02       		.uleb128 0x2
 469 0065 04       		.byte	0x4
 470 0066 07       		.byte	0x7
 471 0067 0E000000 		.4byte	.LASF8
 472 006b 04       		.uleb128 0x4
 473 006c 6F000000 		.4byte	.LASF12
 474 0070 02       		.byte	0x2
 475 0071 E901     		.2byte	0x1e9
 476 0073 2C000000 		.4byte	0x2c
 477 0077 02       		.uleb128 0x2
 478 0078 04       		.byte	0x4
 479 0079 04       		.byte	0x4
 480 007a 9E000000 		.4byte	.LASF9
 481 007e 02       		.uleb128 0x2
 482 007f 08       		.byte	0x8
 483 0080 04       		.byte	0x4
 484 0081 34010000 		.4byte	.LASF10
 485 0085 02       		.uleb128 0x2
 486 0086 01       		.byte	0x1
 487 0087 08       		.byte	0x8
 488 0088 26010000 		.4byte	.LASF11
 489 008c 04       		.uleb128 0x4
 490 008d 9C020000 		.4byte	.LASF13
 491 0091 02       		.byte	0x2
 492 0092 9302     		.2byte	0x293
 493 0094 98000000 		.4byte	0x98
 494 0098 05       		.uleb128 0x5
 495 0099 6B000000 		.4byte	0x6b
 496 009d 02       		.uleb128 0x2
 497 009e 08       		.byte	0x8
 498 009f 04       		.byte	0x4
 499 00a0 59020000 		.4byte	.LASF14
 500 00a4 02       		.uleb128 0x2
 501 00a5 04       		.byte	0x4
 502 00a6 07       		.byte	0x7
ARM GAS  C:\Users\JEFFSN~1\AppData\Local\Temp\ccWtFtUW.s 			page 24


 503 00a7 BF020000 		.4byte	.LASF15
 504 00ab 06       		.uleb128 0x6
 505 00ac 1B000000 		.4byte	.LASF20
 506 00b0 01       		.byte	0x1
 507 00b1 25       		.byte	0x25
 508 00b2 6B000000 		.4byte	0x6b
 509 00b6 00000000 		.4byte	.LFB0
 510 00ba 0C000000 		.4byte	.LFE0-.LFB0
 511 00be 01       		.uleb128 0x1
 512 00bf 9C       		.byte	0x9c
 513 00c0 07       		.uleb128 0x7
 514 00c1 4B000000 		.4byte	.LASF16
 515 00c5 01       		.byte	0x1
 516 00c6 39       		.byte	0x39
 517 00c7 00000000 		.4byte	.LFB1
 518 00cb 1C000000 		.4byte	.LFE1-.LFB1
 519 00cf 01       		.uleb128 0x1
 520 00d0 9C       		.byte	0x9c
 521 00d1 F7000000 		.4byte	0xf7
 522 00d5 08       		.uleb128 0x8
 523 00d6 C8020000 		.4byte	.LASF18
 524 00da 01       		.byte	0x1
 525 00db 3B       		.byte	0x3b
 526 00dc 6B000000 		.4byte	0x6b
 527 00e0 00000000 		.4byte	.LLST0
 528 00e4 09       		.uleb128 0x9
 529 00e5 06000000 		.4byte	.LVL0
 530 00e9 68010000 		.4byte	0x168
 531 00ed 09       		.uleb128 0x9
 532 00ee 14000000 		.4byte	.LVL1
 533 00f2 73010000 		.4byte	0x173
 534 00f6 00       		.byte	0
 535 00f7 07       		.uleb128 0x7
 536 00f8 5A010000 		.4byte	.LASF17
 537 00fc 01       		.byte	0x1
 538 00fd 50       		.byte	0x50
 539 00fe 00000000 		.4byte	.LFB2
 540 0102 1C000000 		.4byte	.LFE2-.LFB2
 541 0106 01       		.uleb128 0x1
 542 0107 9C       		.byte	0x9c
 543 0108 2E010000 		.4byte	0x12e
 544 010c 08       		.uleb128 0x8
 545 010d C8020000 		.4byte	.LASF18
 546 0111 01       		.byte	0x1
 547 0112 52       		.byte	0x52
 548 0113 6B000000 		.4byte	0x6b
 549 0117 13000000 		.4byte	.LLST1
 550 011b 09       		.uleb128 0x9
 551 011c 06000000 		.4byte	.LVL2
 552 0120 68010000 		.4byte	0x168
 553 0124 09       		.uleb128 0x9
 554 0125 14000000 		.4byte	.LVL3
 555 0129 73010000 		.4byte	0x173
 556 012d 00       		.byte	0
 557 012e 07       		.uleb128 0x7
 558 012f A1020000 		.4byte	.LASF19
 559 0133 01       		.byte	0x1
ARM GAS  C:\Users\JEFFSN~1\AppData\Local\Temp\ccWtFtUW.s 			page 25


 560 0134 67       		.byte	0x67
 561 0135 00000000 		.4byte	.LFB3
 562 0139 10000000 		.4byte	.LFE3-.LFB3
 563 013d 01       		.uleb128 0x1
 564 013e 9C       		.byte	0x9c
 565 013f 53010000 		.4byte	0x153
 566 0143 0A       		.uleb128 0xa
 567 0144 A4000000 		.4byte	.LASF27
 568 0148 01       		.byte	0x1
 569 0149 67       		.byte	0x67
 570 014a 6B000000 		.4byte	0x6b
 571 014e 26000000 		.4byte	.LLST2
 572 0152 00       		.byte	0
 573 0153 06       		.uleb128 0x6
 574 0154 26020000 		.4byte	.LASF21
 575 0158 01       		.byte	0x1
 576 0159 7E       		.byte	0x7e
 577 015a 6B000000 		.4byte	0x6b
 578 015e 00000000 		.4byte	.LFB4
 579 0162 0C000000 		.4byte	.LFE4-.LFB4
 580 0166 01       		.uleb128 0x1
 581 0167 9C       		.byte	0x9c
 582 0168 0B       		.uleb128 0xb
 583 0169 34000000 		.4byte	.LASF22
 584 016d 34000000 		.4byte	.LASF22
 585 0171 03       		.byte	0x3
 586 0172 7D       		.byte	0x7d
 587 0173 0B       		.uleb128 0xb
 588 0174 43020000 		.4byte	.LASF23
 589 0178 43020000 		.4byte	.LASF23
 590 017c 03       		.byte	0x3
 591 017d 7E       		.byte	0x7e
 592 017e 00       		.byte	0
 593              		.section	.debug_abbrev,"",%progbits
 594              	.Ldebug_abbrev0:
 595 0000 01       		.uleb128 0x1
 596 0001 11       		.uleb128 0x11
 597 0002 01       		.byte	0x1
 598 0003 25       		.uleb128 0x25
 599 0004 0E       		.uleb128 0xe
 600 0005 13       		.uleb128 0x13
 601 0006 0B       		.uleb128 0xb
 602 0007 03       		.uleb128 0x3
 603 0008 0E       		.uleb128 0xe
 604 0009 1B       		.uleb128 0x1b
 605 000a 0E       		.uleb128 0xe
 606 000b 55       		.uleb128 0x55
 607 000c 17       		.uleb128 0x17
 608 000d 11       		.uleb128 0x11
 609 000e 01       		.uleb128 0x1
 610 000f 10       		.uleb128 0x10
 611 0010 17       		.uleb128 0x17
 612 0011 00       		.byte	0
 613 0012 00       		.byte	0
 614 0013 02       		.uleb128 0x2
 615 0014 24       		.uleb128 0x24
 616 0015 00       		.byte	0
ARM GAS  C:\Users\JEFFSN~1\AppData\Local\Temp\ccWtFtUW.s 			page 26


 617 0016 0B       		.uleb128 0xb
 618 0017 0B       		.uleb128 0xb
 619 0018 3E       		.uleb128 0x3e
 620 0019 0B       		.uleb128 0xb
 621 001a 03       		.uleb128 0x3
 622 001b 0E       		.uleb128 0xe
 623 001c 00       		.byte	0
 624 001d 00       		.byte	0
 625 001e 03       		.uleb128 0x3
 626 001f 24       		.uleb128 0x24
 627 0020 00       		.byte	0
 628 0021 0B       		.uleb128 0xb
 629 0022 0B       		.uleb128 0xb
 630 0023 3E       		.uleb128 0x3e
 631 0024 0B       		.uleb128 0xb
 632 0025 03       		.uleb128 0x3
 633 0026 08       		.uleb128 0x8
 634 0027 00       		.byte	0
 635 0028 00       		.byte	0
 636 0029 04       		.uleb128 0x4
 637 002a 16       		.uleb128 0x16
 638 002b 00       		.byte	0
 639 002c 03       		.uleb128 0x3
 640 002d 0E       		.uleb128 0xe
 641 002e 3A       		.uleb128 0x3a
 642 002f 0B       		.uleb128 0xb
 643 0030 3B       		.uleb128 0x3b
 644 0031 05       		.uleb128 0x5
 645 0032 49       		.uleb128 0x49
 646 0033 13       		.uleb128 0x13
 647 0034 00       		.byte	0
 648 0035 00       		.byte	0
 649 0036 05       		.uleb128 0x5
 650 0037 35       		.uleb128 0x35
 651 0038 00       		.byte	0
 652 0039 49       		.uleb128 0x49
 653 003a 13       		.uleb128 0x13
 654 003b 00       		.byte	0
 655 003c 00       		.byte	0
 656 003d 06       		.uleb128 0x6
 657 003e 2E       		.uleb128 0x2e
 658 003f 00       		.byte	0
 659 0040 3F       		.uleb128 0x3f
 660 0041 19       		.uleb128 0x19
 661 0042 03       		.uleb128 0x3
 662 0043 0E       		.uleb128 0xe
 663 0044 3A       		.uleb128 0x3a
 664 0045 0B       		.uleb128 0xb
 665 0046 3B       		.uleb128 0x3b
 666 0047 0B       		.uleb128 0xb
 667 0048 27       		.uleb128 0x27
 668 0049 19       		.uleb128 0x19
 669 004a 49       		.uleb128 0x49
 670 004b 13       		.uleb128 0x13
 671 004c 11       		.uleb128 0x11
 672 004d 01       		.uleb128 0x1
 673 004e 12       		.uleb128 0x12
ARM GAS  C:\Users\JEFFSN~1\AppData\Local\Temp\ccWtFtUW.s 			page 27


 674 004f 06       		.uleb128 0x6
 675 0050 40       		.uleb128 0x40
 676 0051 18       		.uleb128 0x18
 677 0052 9742     		.uleb128 0x2117
 678 0054 19       		.uleb128 0x19
 679 0055 00       		.byte	0
 680 0056 00       		.byte	0
 681 0057 07       		.uleb128 0x7
 682 0058 2E       		.uleb128 0x2e
 683 0059 01       		.byte	0x1
 684 005a 3F       		.uleb128 0x3f
 685 005b 19       		.uleb128 0x19
 686 005c 03       		.uleb128 0x3
 687 005d 0E       		.uleb128 0xe
 688 005e 3A       		.uleb128 0x3a
 689 005f 0B       		.uleb128 0xb
 690 0060 3B       		.uleb128 0x3b
 691 0061 0B       		.uleb128 0xb
 692 0062 27       		.uleb128 0x27
 693 0063 19       		.uleb128 0x19
 694 0064 11       		.uleb128 0x11
 695 0065 01       		.uleb128 0x1
 696 0066 12       		.uleb128 0x12
 697 0067 06       		.uleb128 0x6
 698 0068 40       		.uleb128 0x40
 699 0069 18       		.uleb128 0x18
 700 006a 9742     		.uleb128 0x2117
 701 006c 19       		.uleb128 0x19
 702 006d 01       		.uleb128 0x1
 703 006e 13       		.uleb128 0x13
 704 006f 00       		.byte	0
 705 0070 00       		.byte	0
 706 0071 08       		.uleb128 0x8
 707 0072 34       		.uleb128 0x34
 708 0073 00       		.byte	0
 709 0074 03       		.uleb128 0x3
 710 0075 0E       		.uleb128 0xe
 711 0076 3A       		.uleb128 0x3a
 712 0077 0B       		.uleb128 0xb
 713 0078 3B       		.uleb128 0x3b
 714 0079 0B       		.uleb128 0xb
 715 007a 49       		.uleb128 0x49
 716 007b 13       		.uleb128 0x13
 717 007c 02       		.uleb128 0x2
 718 007d 17       		.uleb128 0x17
 719 007e 00       		.byte	0
 720 007f 00       		.byte	0
 721 0080 09       		.uleb128 0x9
 722 0081 898201   		.uleb128 0x4109
 723 0084 00       		.byte	0
 724 0085 11       		.uleb128 0x11
 725 0086 01       		.uleb128 0x1
 726 0087 31       		.uleb128 0x31
 727 0088 13       		.uleb128 0x13
 728 0089 00       		.byte	0
 729 008a 00       		.byte	0
 730 008b 0A       		.uleb128 0xa
ARM GAS  C:\Users\JEFFSN~1\AppData\Local\Temp\ccWtFtUW.s 			page 28


 731 008c 05       		.uleb128 0x5
 732 008d 00       		.byte	0
 733 008e 03       		.uleb128 0x3
 734 008f 0E       		.uleb128 0xe
 735 0090 3A       		.uleb128 0x3a
 736 0091 0B       		.uleb128 0xb
 737 0092 3B       		.uleb128 0x3b
 738 0093 0B       		.uleb128 0xb
 739 0094 49       		.uleb128 0x49
 740 0095 13       		.uleb128 0x13
 741 0096 02       		.uleb128 0x2
 742 0097 17       		.uleb128 0x17
 743 0098 00       		.byte	0
 744 0099 00       		.byte	0
 745 009a 0B       		.uleb128 0xb
 746 009b 2E       		.uleb128 0x2e
 747 009c 00       		.byte	0
 748 009d 3F       		.uleb128 0x3f
 749 009e 19       		.uleb128 0x19
 750 009f 3C       		.uleb128 0x3c
 751 00a0 19       		.uleb128 0x19
 752 00a1 6E       		.uleb128 0x6e
 753 00a2 0E       		.uleb128 0xe
 754 00a3 03       		.uleb128 0x3
 755 00a4 0E       		.uleb128 0xe
 756 00a5 3A       		.uleb128 0x3a
 757 00a6 0B       		.uleb128 0xb
 758 00a7 3B       		.uleb128 0x3b
 759 00a8 0B       		.uleb128 0xb
 760 00a9 00       		.byte	0
 761 00aa 00       		.byte	0
 762 00ab 00       		.byte	0
 763              		.section	.debug_loc,"",%progbits
 764              	.Ldebug_loc0:
 765              	.LLST0:
 766 0000 06000000 		.4byte	.LVL0
 767 0004 13000000 		.4byte	.LVL1-1
 768 0008 0100     		.2byte	0x1
 769 000a 50       		.byte	0x50
 770 000b 00000000 		.4byte	0
 771 000f 00000000 		.4byte	0
 772              	.LLST1:
 773 0013 06000000 		.4byte	.LVL2
 774 0017 13000000 		.4byte	.LVL3-1
 775 001b 0100     		.2byte	0x1
 776 001d 50       		.byte	0x50
 777 001e 00000000 		.4byte	0
 778 0022 00000000 		.4byte	0
 779              	.LLST2:
 780 0026 00000000 		.4byte	.LVL4
 781 002a 04000000 		.4byte	.LVL5
 782 002e 0100     		.2byte	0x1
 783 0030 50       		.byte	0x50
 784 0031 04000000 		.4byte	.LVL5
 785 0035 10000000 		.4byte	.LFE3
 786 0039 0100     		.2byte	0x1
 787 003b 50       		.byte	0x50
ARM GAS  C:\Users\JEFFSN~1\AppData\Local\Temp\ccWtFtUW.s 			page 29


 788 003c 00000000 		.4byte	0
 789 0040 00000000 		.4byte	0
 790              		.section	.debug_aranges,"",%progbits
 791 0000 3C000000 		.4byte	0x3c
 792 0004 0200     		.2byte	0x2
 793 0006 00000000 		.4byte	.Ldebug_info0
 794 000a 04       		.byte	0x4
 795 000b 00       		.byte	0
 796 000c 0000     		.2byte	0
 797 000e 0000     		.2byte	0
 798 0010 00000000 		.4byte	.LFB0
 799 0014 0C000000 		.4byte	.LFE0-.LFB0
 800 0018 00000000 		.4byte	.LFB1
 801 001c 1C000000 		.4byte	.LFE1-.LFB1
 802 0020 00000000 		.4byte	.LFB2
 803 0024 1C000000 		.4byte	.LFE2-.LFB2
 804 0028 00000000 		.4byte	.LFB3
 805 002c 10000000 		.4byte	.LFE3-.LFB3
 806 0030 00000000 		.4byte	.LFB4
 807 0034 0C000000 		.4byte	.LFE4-.LFB4
 808 0038 00000000 		.4byte	0
 809 003c 00000000 		.4byte	0
 810              		.section	.debug_ranges,"",%progbits
 811              	.Ldebug_ranges0:
 812 0000 00000000 		.4byte	.LFB0
 813 0004 0C000000 		.4byte	.LFE0
 814 0008 00000000 		.4byte	.LFB1
 815 000c 1C000000 		.4byte	.LFE1
 816 0010 00000000 		.4byte	.LFB2
 817 0014 1C000000 		.4byte	.LFE2
 818 0018 00000000 		.4byte	.LFB3
 819 001c 10000000 		.4byte	.LFE3
 820 0020 00000000 		.4byte	.LFB4
 821 0024 0C000000 		.4byte	.LFE4
 822 0028 00000000 		.4byte	0
 823 002c 00000000 		.4byte	0
 824              		.section	.debug_line,"",%progbits
 825              	.Ldebug_line0:
 826 0000 BB000000 		.section	.debug_str,"MS",%progbits,1
 826      02005B00 
 826      00000201 
 826      FB0E0D00 
 826      01010101 
 827              	.LASF6:
 828 0000 6C6F6E67 		.ascii	"long long int\000"
 828      206C6F6E 
 828      6720696E 
 828      7400
 829              	.LASF8:
 830 000e 756E7369 		.ascii	"unsigned int\000"
 830      676E6564 
 830      20696E74 
 830      00
 831              	.LASF20:
 832 001b 5553425F 		.ascii	"USB_EP8_DMA_Done_SR_Read\000"
 832      4550385F 
 832      444D415F 
ARM GAS  C:\Users\JEFFSN~1\AppData\Local\Temp\ccWtFtUW.s 			page 30


 832      446F6E65 
 832      5F53525F 
 833              	.LASF22:
 834 0034 4379456E 		.ascii	"CyEnterCriticalSection\000"
 834      74657243 
 834      72697469 
 834      63616C53 
 834      65637469 
 835              	.LASF16:
 836 004b 5553425F 		.ascii	"USB_EP8_DMA_Done_SR_InterruptEnable\000"
 836      4550385F 
 836      444D415F 
 836      446F6E65 
 836      5F53525F 
 837              	.LASF12:
 838 006f 75696E74 		.ascii	"uint8\000"
 838      3800
 839              	.LASF5:
 840 0075 6C6F6E67 		.ascii	"long unsigned int\000"
 840      20756E73 
 840      69676E65 
 840      6420696E 
 840      7400
 841              	.LASF7:
 842 0087 6C6F6E67 		.ascii	"long long unsigned int\000"
 842      206C6F6E 
 842      6720756E 
 842      7369676E 
 842      65642069 
 843              	.LASF9:
 844 009e 666C6F61 		.ascii	"float\000"
 844      7400
 845              	.LASF27:
 846 00a4 6D61736B 		.ascii	"mask\000"
 846      00
 847              	.LASF1:
 848 00a9 756E7369 		.ascii	"unsigned char\000"
 848      676E6564 
 848      20636861 
 848      7200
 849              	.LASF26:
 850 00b7 433A5C55 		.ascii	"C:\\Users\\JeffSnyder\\dev\\Electrobass_embedded\\P"
 850      73657273 
 850      5C4A6566 
 850      66536E79 
 850      6465725C 
 851 00e5 534F4335 		.ascii	"SOC5_electrobass_stringsensors\\CE210514_PSOC3_5_Th"
 851      5F656C65 
 851      6374726F 
 851      62617373 
 851      5F737472 
 852 0117 65726D69 		.ascii	"ermistor.cydsn\000"
 852      73746F72 
 852      2E637964 
 852      736E00
 853              	.LASF11:
 854 0126 63686172 		.ascii	"char\000"
ARM GAS  C:\Users\JEFFSN~1\AppData\Local\Temp\ccWtFtUW.s 			page 31


 854      00
 855              	.LASF4:
 856 012b 6C6F6E67 		.ascii	"long int\000"
 856      20696E74 
 856      00
 857              	.LASF10:
 858 0134 646F7562 		.ascii	"double\000"
 858      6C6500
 859              	.LASF3:
 860 013b 73686F72 		.ascii	"short unsigned int\000"
 860      7420756E 
 860      7369676E 
 860      65642069 
 860      6E7400
 861              	.LASF0:
 862 014e 7369676E 		.ascii	"signed char\000"
 862      65642063 
 862      68617200 
 863              	.LASF17:
 864 015a 5553425F 		.ascii	"USB_EP8_DMA_Done_SR_InterruptDisable\000"
 864      4550385F 
 864      444D415F 
 864      446F6E65 
 864      5F53525F 
 865              	.LASF24:
 866 017f 474E5520 		.ascii	"GNU C11 5.4.1 20160609 (release) [ARM/embedded-5-br"
 866      43313120 
 866      352E342E 
 866      31203230 
 866      31363036 
 867 01b2 616E6368 		.ascii	"anch revision 237715] -mcpu=cortex-m3 -mthumb -g -O"
 867      20726576 
 867      6973696F 
 867      6E203233 
 867      37373135 
 868 01e5 67202D66 		.ascii	"g -ffunction-sections -ffat-lto-objects -finline-fu"
 868      66756E63 
 868      74696F6E 
 868      2D736563 
 868      74696F6E 
 869 0218 6E637469 		.ascii	"nctions -flto\000"
 869      6F6E7320 
 869      2D666C74 
 869      6F00
 870              	.LASF21:
 871 0226 5553425F 		.ascii	"USB_EP8_DMA_Done_SR_ReadMask\000"
 871      4550385F 
 871      444D415F 
 871      446F6E65 
 871      5F53525F 
 872              	.LASF23:
 873 0243 43794578 		.ascii	"CyExitCriticalSection\000"
 873      69744372 
 873      69746963 
 873      616C5365 
 873      6374696F 
 874              	.LASF14:
ARM GAS  C:\Users\JEFFSN~1\AppData\Local\Temp\ccWtFtUW.s 			page 32


 875 0259 6C6F6E67 		.ascii	"long double\000"
 875      20646F75 
 875      626C6500 
 876              	.LASF25:
 877 0265 47656E65 		.ascii	"Generated_Source\\PSoC5\\USB_EP8_DMA_Done_SR.c\000"
 877      72617465 
 877      645F536F 
 877      75726365 
 877      5C50536F 
 878              	.LASF2:
 879 0292 73686F72 		.ascii	"short int\000"
 879      7420696E 
 879      7400
 880              	.LASF13:
 881 029c 72656738 		.ascii	"reg8\000"
 881      00
 882              	.LASF19:
 883 02a1 5553425F 		.ascii	"USB_EP8_DMA_Done_SR_WriteMask\000"
 883      4550385F 
 883      444D415F 
 883      446F6E65 
 883      5F53525F 
 884              	.LASF15:
 885 02bf 73697A65 		.ascii	"sizetype\000"
 885      74797065 
 885      00
 886              	.LASF18:
 887 02c8 696E7465 		.ascii	"interruptState\000"
 887      72727570 
 887      74537461 
 887      746500
 888              		.comm	__gnu_lto_v1,1,1
 889              		.ident	"GCC: (GNU Tools for ARM Embedded Processors) 5.4.1 20160609 (release) [ARM/embedded-5-bran
