ARM GAS  C:\Users\JEFFSN~1\AppData\Local\Temp\ccMXU2tg.s 			page 1


   1              		.syntax unified
   2              		.cpu cortex-m3
   3              		.fpu softvfp
   4              		.eabi_attribute 20, 1
   5              		.eabi_attribute 21, 1
   6              		.eabi_attribute 23, 3
   7              		.eabi_attribute 24, 1
   8              		.eabi_attribute 25, 1
   9              		.eabi_attribute 26, 1
  10              		.eabi_attribute 30, 2
  11              		.eabi_attribute 34, 1
  12              		.eabi_attribute 18, 4
  13              		.thumb
  14              		.syntax unified
  15              		.file	"USB_vnd.c"
  16              		.text
  17              	.Ltext0:
  18              		.section	.gnu.lto_.profile.47c45de,"",%progbits
  19 0000 789C6361 		.ascii	"x\234ca`d`a`\000\222l\254\000\000{\000\026"
  19      60646061 
  19      6000926C 
  19      AC00007B 
  19      0016
  20              		.text
  21              		.section	.gnu.lto_.icf.47c45de,"",%progbits
  22 0000 789C6361 		.ascii	"x\234ca`d\000\001\016\006\004`d\330\261|\303K\026\006"
  22      60640001 
  22      0E060460 
  22      64D8B17C 
  22      C34B1606 
  23 0014 000E6403 		.ascii	"\000\016d\003\013"
  23      0B
  24              		.text
  25              		.section	.gnu.lto_.jmpfuncs.47c45de,"",%progbits
  26 0000 789C6361 		.ascii	"x\234ca`d\000\001V\006\004\000\213\000\000\000\356\000"
  26      60640001 
  26      56060400 
  26      8B000000 
  26      EE00
  27 0012 0C       		.ascii	"\014"
  28              		.text
  29              		.section	.gnu.lto_.inline.47c45de,"",%progbits
  30 0000 789C6361 		.ascii	"x\234ca`d\000\001Q\006\004\000\212\260\263220q\2341"
  30      60640001 
  30      51060400 
  30      8AB0B332 
  30      3230719C 
  31 0015 61605B20 		.ascii	"a`[ \317\004\026\004\000\027\014\001\372"
  31      CF041604 
  31      00170C01 
  31      FA
  32              		.text
  33              		.section	.gnu.lto_.pureconst.47c45de,"",%progbits
  34 0000 789C6361 		.ascii	"x\234ca`d`f`\000\222R\000\000r\000$"
  34      60646066 
  34      60009252 
  34      00007200 
ARM GAS  C:\Users\JEFFSN~1\AppData\Local\Temp\ccMXU2tg.s 			page 2


  34      24
  35              		.text
  36              		.section	.gnu.lto_USB_HandleVendorRqst.47c45de,"",%progbits
  37 0000 789C9592 		.ascii	"x\234\225\222\315k\023Q\024\305\357y\357M\032\252\251"
  37      CD6B1351 
  37      14C5EF79 
  37      EF4D1AAA 
  37      A9
  38 0011 FE01B3A8 		.ascii	"\376\001\263\250`\301l\254\361\343\037\250\013]\270"
  38      60C16CAC 
  38      F1E31FA8 
  38      0B5DB8
  39 0020 1083BB42 		.ascii	"\020\203\273B\251\315\3544\305\330\272\355\313WE\251"
  39      A9CDEC34 
  39      C5D8BAED 
  39      CB5745A9 
  40 0030 E8A61604 		.ascii	"\350\246\026\004\351B\244\321\032cl\243\010V\207\"("
  40      E942A4D1 
  40      1A636CA3 
  40      08568722 
  40      28
  41 0041 142A2D88 		.ascii	"\024*-\210(\010Z\202\013\025\251E\011El\274w&\224l\035"
  41      28085A82 
  41      0B15A945 
  41      09456CBC 
  41      7726946C 
  42 0056 98795FE7 		.ascii	"\230y_\347\236\367;\2271\004\222\347\204\":\310\343"
  42      9EF73B97 
  42      310492E7 
  42      84223AC8 
  42      E3
  43 0067 617EE110 		.ascii	"a~\341\020\324\365e\242lT)\275\342\222\3554/\022dwj"
  43      D4F565A2 
  43      6C5429BD 
  43      E292ED34 
  43      2F126477 
  44 007c 9870DB00 		.ascii	"\230p\333\0002\261Q\320\230\322\006c\370\255\376*,5"
  44      32B151D0 
  44      98D20663 
  44      F8ADFE2A 
  44      2C35
  45 008e 5E4F74C6 		.ascii	"^Ot\306g\254\315\331Ow>\350\251\222\217\242&j*\302!"
  45      67ACCDD9 
  45      4F773EE8 
  45      A9928FA2 
  45      266A2AC2 
  46 00a3 17075CF1 		.ascii	"\027\007\\\361\236A\234XZ^\232\3304z/d\376\347\232\355"
  46      9E419C58 
  46      5A5E9AD8 
  46      347A2F64 
  46      FEE79AED 
  47 00b7 EBB92D55 		.ascii	"\353\271-U\376\273sS\326\317vs\025J\320\355\205$\312"
  47      FEBB7353 
  47      D6CF7673 
  47      154AD0ED 
  47      8524CA
  48 00ca B5EAD664 		.ascii	"\265\352\326d,R\260\374t\343.z\304\232=\357!\")*\247"
ARM GAS  C:\Users\JEFFSN~1\AppData\Local\Temp\ccMXU2tg.s 			page 3


  48      2C52B0FC 
  48      74E32E7A 
  48      C49A3DEF 
  48      2122292A 
  49 00df 7CDB6CE6 		.ascii	"|\333l\346\255\377\326\251\305\034EE\015\315\037edF"
  49      ADFFD6A9 
  49      C51C4545 
  49      0DCD1F65 
  49      6446
  50 00f1 B4CE5AA1 		.ascii	"\264\316Z\241\376\251\224\214z\0159\276/(f+v\277Q\\"
  50      FEA9948C 
  50      7A0D39BE 
  50      2F28662B 
  50      76BF515C 
  51 0105 7CD3F14B 		.ascii	"|\323\361K\311\345\204Y\270\364\005\213\317\253O\366"
  51      C9E58459 
  51      B8F4058B 
  51      CFAB4FF6 
  52 0115 8924AF25 		.ascii	"\211$\257%`\345\373\323\315\230(t\000\276]`\202e\343"
  52      60E5FBD3 
  52      CD982874 
  52      00BE5D60 
  52      8265E3
  53 0128 F2DC3727 		.ascii	"\362\3347'\\r\010kx\253t\245\\\217L\343V\266\300\235"
  53      5C72086B 
  53      78AB74A5 
  53      5C8F4CE3 
  53      56B6C09D 
  54 013c 70F0002E 		.ascii	"p\360\000.\312l,\352\332\352\307g\273z\313VN\"\250`"
  54      CA6C2CEA 
  54      DAEAC767 
  54      BB7ACB56 
  54      4E22A860 
  55 0150 1A5BAA15 		.ascii	"\032[\252\0253\377cr\025\211Jp\324\201\207\350\305}"
  55      33FF6372 
  55      15894A70 
  55      D48187E8 
  55      C57D
  56 0162 043D4015 		.ascii	"\004=@\025\011\246\312m\\\252#\244\322\014F\237QX\316"
  56      09A6CA6D 
  56      5CAA23A4 
  56      D20C469F 
  56      5158CE
  57 0175 9F696DB4 		.ascii	"\237im\264s)\016\362(,\345\330\232V\\\035dZ\210\207"
  57      73290EF2 
  57      282CE5D8 
  57      9A565C1D 
  57      645A8887 
  58 0189 62419C7F 		.ascii	"bA\234\177\371j<\032f\302\377\020\317\267\0237\026n"
  58      F96A3C1A 
  58      66C2FF10 
  58      CFB71337 
  58      166E
  59 019b 5EDDB14D 		.ascii	"^\335\261M\\c\342\271\026\361c&\226\313M\320\363:\262"
  59      5C63E2B9 
  59      16F16326 
  59      96CB4DD0 
ARM GAS  C:\Users\JEFFSN~1\AppData\Local\Temp\ccMXU2tg.s 			page 4


  59      F33AB2
  60 01ae BBC9F23F 		.ascii	"\273\311\362?\361\225\233\377~\274+\350\376l(]gZ\326"
  60      F1959BFF 
  60      7EBC2BE8 
  60      FE6C285D 
  60      675AD6
  61 01c1 B0E59E63 		.ascii	"\260\345\236c^\332\313\014\216x\251\201\344\360hf\310"
  61      5EDACB0C 
  61      8E78A981 
  61      E4F06866 
  61      C8
  62 01d2 EB3F991C 		.ascii	"\353?\231\034>z\244\377t\262o\340b:\265\177\210\272"
  62      3E7AA4FF 
  62      74B26FE0 
  62      623AB57F 
  62      88BA
  63 01e4 32DEF951 		.ascii	"2\336\371Q\357\302\310\361\301t\352\254\227\372\007"
  63      EFC2C8F1 
  63      C174EAAC 
  63      97FA07
  64 01f3 C563D390 		.ascii	"\305c\323\220"
  65              		.text
  66              		.section	.gnu.lto_.symbol_nodes.47c45de,"",%progbits
  67 0000 789C6361 		.ascii	"x\234ca`d\020f\000\002&\206z\006\206\011\347\030@\324"
  67      60641066 
  67      00022686 
  67      7A068609 
  67      E71840D4 
  68 0014 AE0645A0 		.ascii	"\256\006E\240\010\000'8\003\322"
  68      08002738 
  68      03D2
  69              		.text
  70              		.section	.gnu.lto_.refs.47c45de,"",%progbits
  71 0000 789C6361 		.ascii	"x\234ca`\004B \000\000\0009\000\007"
  71      60044220 
  71      00000039 
  71      0007
  72              		.text
  73              		.section	.gnu.lto_.decls.47c45de,"",%progbits
  74 0000 789C8D54 		.ascii	"x\234\215T]H\024Q\024\276gf\335\266q]cW\312\207\015"
  74      5D481451 
  74      14BE6766 
  74      DDB6715D 
  74      6357CA87 
  75 0015 36F5C127 		.ascii	"6\365\301'\177\250\240\247\212\214\354\251\"\321'\301"
  75      7FA8A0A7 
  75      8A8CECA9 
  75      22D127C1 
  76 0025 CC1DA888 		.ascii	"\314\035\250\210\365o\015|\273\272\032b\201\372\222"
  76      F56F0D7C 
  76      BBBA1A62 
  76      81FA92
  77 0034 A5466A60 		.ascii	"\245Fj`kZ\256\177\331\252\225\251\273\211\241(\202\024"
  77      6B5AAE7F 
  77      D9AA95A9 
  77      BB89A128 
  77      8214
ARM GAS  C:\Users\JEFFSN~1\AppData\Local\Temp\ccMXU2tg.s 			page 5


  78 0046 06F95342 		.ascii	"\006\371SB b$\204\205m\347\336\231q\3042\272\314\231"
  78      20622484 
  78      856DE7DE 
  78      9971C432 
  78      BACC99
  79 0059 7BCFBDDF 		.ascii	"{\317\275\337\371\316\271\347\234\031\003\001\302\306"
  79      F9CEB9E7 
  79      9C190301 
  79      C2C6
  80 0067 AC819066 		.ascii	"\254\201\220f\234\335(!\034\002\316\031D\037\014\325"
  80      9CDD2821 
  80      1C02CE19 
  80      441F0CD5 
  81 0077 45FE1C6C 		.ascii	"E\376\034l\317\204\342C\261\243\364\242\234G\031A\031"
  81      CF84E243 
  81      B1A3F4A2 
  81      9C471941 
  81      19
  82 0088 4609A08C 		.ascii	"F\011\240\214\252\366\203\333x\330\034\334\301\265)"
  82      AAF683DB 
  82      78D81CDC 
  82      C1B529
  83 0097 40E8414F 		.ascii	"@\350AO\225i\016\336\203H\324\300\010\200\362\006.D"
  83      95690EDE 
  83      8348D4C0 
  83      0880F206 
  83      2E44
  84 00a9 11AEE242 		.ascii	"\021\256\342B \312B\333\332\032D\205\010\332R'\343\217"
  84      20CA42DB 
  84      DA1A4485 
  84      08DA5227 
  84      E38F
  85 00bb 6A0F216D 		.ascii	"j\017!mp\022\235\035T#E\327r\240\032\201\240;\000E\325"
  85      70129D1D 
  85      542345D7 
  85      72A01A81 
  85      A03B0045 
  86 00d0 2CB6F1ED 		.ascii	",\266\361\355\210H\213YsC\004\355\3227\003u\357\"E\001"
  86      88488B59 
  86      734304ED 
  86      D2370375 
  86      EF224501 
  87 00e4 D8FAE386 		.ascii	"\330\372\343\206\367LB;\305QM\251\220\250gf\272\314"
  87      F74C423B 
  87      C5514DA9 
  87      90A86766 
  87      BACC
  88 00f6 D720AE0B 		.ascii	"\327 \256\013`\225\300\200\352\327\211\272%\013\252"
  88      6095C080 
  88      EAD789BA 
  88      250BAA
  89 0105 51123850 		.ascii	"Q\0228P\355(\377\324jB\325.A\010\230\276\342\337\210"
  89      ED28FFD4 
  89      6A42D52E 
  89      410898BE 
  89      E2DF88
  90 0118 5074667C 		.ascii	"Ptf|\257f\351W\270\350`kaf\251\355\213\001\342\245\026"
ARM GAS  C:\Users\JEFFSN~1\AppData\Local\Temp\ccMXU2tg.s 			page 6


  90      AF66E957 
  90      B8E8606B 
  90      6166A9ED 
  90      8B01E2A5 
  91 012d E664FEFE 		.ascii	"\346d\376\376\347\343~J\367\201\017$x\012\"\264B\002"
  91      E7E37E4A 
  91      F7810F24 
  91      780A22B4 
  91      4202
  92 013f 8BD02EE1 		.ascii	"\213\320.\341\273\202\322R\272\326L\215\321\004\016"
  92      BB82D252 
  92      BAD64C8D 
  92      D1040E
  93 014e DB21C94E 		.ascii	"\333!\311N\240\003\342\031'C\301\023\260C;\330\031\377"
  93      A003E219 
  93      2743C113 
  93      B0433BD8 
  93      19FF
  94 0160 D4AD8027 		.ascii	"\324\255\200'2\372\016\017\333C\035\006N\327\206\347"
  94      32FA0E0F 
  94      DB431D06 
  94      4ED786E7 
  95 0170 8FF19C40 		.ascii	"\217\361\234@'D\343\373\262A\271I/\235\030\013\213i"
  95      2744E3FB 
  95      B241B949 
  95      2F9D180B 
  95      8B69
  96 0182 A48D3E3A 		.ascii	"\244\215>:\337\031<R\353\241ch\347`(\360\352!xY\017"
  96      DF193C52 
  96      EBA16368 
  96      E76028F0 
  96      EA217859 
  97 0197 10780473 		.ascii	"\020x\004s\230\257.\210\331\024\304\301\331\372\006"
  97      98AF2E88 
  97      D914C4C1 
  97      D9FA06
  98 01a6 1159D923 		.ascii	"\021Y\331#\325Q\214\217N\003\364\202D\270\262v\202\257"
  98      D5518C8F 
  98      4E03F482 
  98      44B8B276 
  98      82AF
  99 01b8 D9365D2B 		.ascii	"\3316]+\245\306\273\026-n\302\017\010t\243e\017\206"
  99      A5C6BB16 
  99      2D6EC20F 
  99      0874A365 
  99      0F86
 100 01ca C4548CA4 		.ascii	"\304T\214\244n`}<L\311\251\011\325\276\325\266\276\010"
 100      6E607D3C 
 100      4CC9A909 
 100      D5BED5B6 
 100      BE08
 101 01dc 25A7432C 		.ascii	"%\247C,\320\376\037\243?-\3425\236\301\365\312\362\357"
 101      D0FE1FA3 
 101      3F2DE235 
 101      9EC1F5CA 
 101      F2EF
 102 01ee 6AFAF7A0 		.ascii	"j\372\367\240:\2608Uj\226*\324\013[\307,\354@\277p?"
ARM GAS  C:\Users\JEFFSN~1\AppData\Local\Temp\ccMXU2tg.s 			page 7


 102      3AB03855 
 102      6A962AD4 
 102      0B5BC72C 
 102      EC40BF70 
 103 0203 F7966807 		.ascii	"\367\226h\007\277\222\237\325\226\246\022\260Vs\370"
 103      BF929FD5 
 103      96A612B0 
 103      5673F8
 104 0212 103D093C 		.ascii	"\020=\011<?}\010\177\306\341\003`\325\214\020-z{\236"
 104      3F7D087F 
 104      C6E10360 
 104      D58C102D 
 104      7A7B9E
 105 0225 07C320CE 		.ascii	"\007\303 \316\026\337\314K4\363&\265\373!\245\276K\014"
 105      16DFCC4B 
 105      34F326B5 
 105      FB21A5BE 
 105      4B0C
 106 0237 07CF3143 		.ascii	"\007\3171C/\300\266e\215^\3206\231}{5*?\205|\262\215"
 106      2FC0B665 
 106      8D5ED036 
 106      997D7B35 
 106      2A3F857C 
 107 024d 9DA131A7 		.ascii	"\235\2411\247\360\022k7\010q\274\241x\361\207\352'\315"
 107      F0126B37 
 107      0871BCA1 
 107      78F187EA 
 107      27CD
 108 025f 949A1880 		.ascii	"\224\232\030\200\250YW\233mq\356\303\001\261\012x\277"
 108      A859579B 
 108      6D71EEC3 
 108      01B10A78 
 108      BF
 109 0270 F4FB9B6E 		.ascii	"\364\373\233n\357\005[\374_\331\3415\222\356\356\240"
 109      EF055BFC 
 109      5FD9E135 
 109      92EEEEA0 
 110 0280 73129883 		.ascii	"s\022\230\203!\004\274\322+\313\374q7\345\313\013\301"
 110      2104BCD2 
 110      2BCBFC71 
 110      37E5CB0B 
 110      C1
 111 0291 701B1297 		.ascii	"p\033\022\227\374\223\230l\261\242\315\362\370\352\246"
 111      FC93986C 
 111      B1A2CDF2 
 111      F8EAA6
 112 02a0 60AE64AD 		.ascii	"`\256d\255\251f~\030Qz\352G\300\314\2771\234Y\331\312"
 112      A9667E18 
 112      517AEA47 
 112      C0CCBF31 
 112      9C59D9CA 
 113 02b4 BECD1A59 		.ascii	"\276\315\032Y\235<\377\327\310\303o;VL\333\0135\272"
 113      9D3CFFD7 
 113      C8C36F3B 
 113      564CDB0B 
 113      35BA
 114 02c6 6BA12000 		.ascii	"k\241 \000V\264X\250]\235\260\3046)_l%\376\2172\366"
ARM GAS  C:\Users\JEFFSN~1\AppData\Local\Temp\ccMXU2tg.s 			page 8


 114      56B458A8 
 114      5D9DB0C4 
 114      36295F6C 
 114      25FE8F32 
 115 02db F37655FE 		.ascii	"\363vU\376\030A\210%Q\351i\247\262\316f\273\234\327"
 115      18418825 
 115      51E969A7 
 115      B2CE66BB 
 115      9CD7
 116 02ed E50CD9E5 		.ascii	"\345\014\331\345\314-\270\230_\3506\245\236Kw\244$'"
 116      CC2DB898 
 116      5FE836A5 
 116      9E4B77A4 
 116      2427
 117 02ff 93B0A2AB 		.ascii	"\223\260\242\253.\367\261C\251\262K.\310v\313\316\254"
 117      2EF7B143 
 117      A9B24B2E 
 117      C876CBCE 
 117      AC
 118 0310 B4DCA282 		.ascii	"\264\334\242\202\0349\363BZn\312\321\314\234bwq\236"
 118      1C39F342 
 118      5A6ECAD1 
 118      CC9C6277 
 118      719E
 119 0322 5C987085 		.ascii	"\\\230p\205\354\206`\3447\\\316\204\034b\224\363Ng\273"
 119      EC8660E4 
 119      375CCE84 
 119      1C6294F3 
 119      4E67BB
 120 0335 B30FEE0E 		.ascii	"\263\017\356\016D\032\033\303\313yIYN\204f\025\272\013"
 120      441A1BC3 
 120      CB794959 
 120      4E846615 
 120      BA0B
 121 0347 8A72DCBF 		.ascii	"\212r\334\277\0017c\200\251"
 121      01376380 
 121      A9
 122              		.text
 123              		.section	.gnu.lto_.symtab.47c45de,"",%progbits
 124 0000 5553425F 		.ascii	"USB_HandleVendorRqst\000"
 124      48616E64 
 124      6C655665 
 124      6E646F72 
 124      52717374 
 125 0015 00       		.ascii	"\000"
 126 0016 00       		.ascii	"\000"
 127 0017 00       		.ascii	"\000"
 128 0018 00000000 		.ascii	"\000\000\000\000\000\000\000\000"
 128      00000000 
 129 0020 B2000000 		.ascii	"\262\000\000\000"
 130              		.text
 131              		.section	.gnu.lto_.opts,"",%progbits
 132 0000 272D666D 		.ascii	"'-fmath-errno' '-fsigned-zeros' '-ftrapping-math' '"
 132      6174682D 
 132      6572726E 
 132      6F272027 
 132      2D667369 
ARM GAS  C:\Users\JEFFSN~1\AppData\Local\Temp\ccMXU2tg.s 			page 9


 133 0033 2D666E6F 		.ascii	"-fno-trapv' '-fno-openmp' '-fno-openacc' '-mcpu=cor"
 133      2D747261 
 133      70762720 
 133      272D666E 
 133      6F2D6F70 
 134 0066 7465782D 		.ascii	"tex-m3' '-mthumb' '-g' '-O3' '-ffunction-sections' "
 134      6D332720 
 134      272D6D74 
 134      68756D62 
 134      2720272D 
 135 0099 272D6666 		.ascii	"'-ffat-lto-objects' '-finline-functions' '-flto'\000"
 135      61742D6C 
 135      746F2D6F 
 135      626A6563 
 135      74732720 
 136              		.text
 137              		.cfi_sections	.debug_frame
 138              		.section	.text.USB_HandleVendorRqst,"ax",%progbits
 139              		.align	2
 140              		.global	USB_HandleVendorRqst
 141              		.thumb
 142              		.thumb_func
 143              		.type	USB_HandleVendorRqst, %function
 144              	USB_HandleVendorRqst:
 145              	.LFB0:
 146              		.file 1 "Generated_Source\\PSoC5\\USB_vnd.c"
   1:Generated_Source\PSoC5/USB_vnd.c **** /***************************************************************************//**
   2:Generated_Source\PSoC5/USB_vnd.c **** * \file USB_vnd.c
   3:Generated_Source\PSoC5/USB_vnd.c **** * \version 3.20
   4:Generated_Source\PSoC5/USB_vnd.c **** *
   5:Generated_Source\PSoC5/USB_vnd.c **** * \brief
   6:Generated_Source\PSoC5/USB_vnd.c **** *  This file contains the  USB vendor request handler.
   7:Generated_Source\PSoC5/USB_vnd.c **** *
   8:Generated_Source\PSoC5/USB_vnd.c **** ********************************************************************************
   9:Generated_Source\PSoC5/USB_vnd.c **** * \copyright
  10:Generated_Source\PSoC5/USB_vnd.c **** * Copyright 2008-2016, Cypress Semiconductor Corporation.  All rights reserved.
  11:Generated_Source\PSoC5/USB_vnd.c **** * You may use this file only in accordance with the license, terms, conditions,
  12:Generated_Source\PSoC5/USB_vnd.c **** * disclaimers, and limitations in the end user license agreement accompanying
  13:Generated_Source\PSoC5/USB_vnd.c **** * the software package with which this file was provided.
  14:Generated_Source\PSoC5/USB_vnd.c **** *******************************************************************************/
  15:Generated_Source\PSoC5/USB_vnd.c **** 
  16:Generated_Source\PSoC5/USB_vnd.c **** #include "USB_pvt.h"
  17:Generated_Source\PSoC5/USB_vnd.c **** 
  18:Generated_Source\PSoC5/USB_vnd.c **** 
  19:Generated_Source\PSoC5/USB_vnd.c **** #if(USB_EXTERN_VND == USB_FALSE)
  20:Generated_Source\PSoC5/USB_vnd.c **** 
  21:Generated_Source\PSoC5/USB_vnd.c **** /***************************************
  22:Generated_Source\PSoC5/USB_vnd.c **** * Vendor Specific Declarations
  23:Generated_Source\PSoC5/USB_vnd.c **** ***************************************/
  24:Generated_Source\PSoC5/USB_vnd.c **** 
  25:Generated_Source\PSoC5/USB_vnd.c **** /* `#START VENDOR_SPECIFIC_DECLARATIONS` Place your declaration here */
  26:Generated_Source\PSoC5/USB_vnd.c **** 
  27:Generated_Source\PSoC5/USB_vnd.c **** /* `#END` */
  28:Generated_Source\PSoC5/USB_vnd.c **** 
  29:Generated_Source\PSoC5/USB_vnd.c **** 
  30:Generated_Source\PSoC5/USB_vnd.c **** /*******************************************************************************
  31:Generated_Source\PSoC5/USB_vnd.c **** * Function Name: USB_HandleVendorRqst
ARM GAS  C:\Users\JEFFSN~1\AppData\Local\Temp\ccMXU2tg.s 			page 10


  32:Generated_Source\PSoC5/USB_vnd.c **** ****************************************************************************//**
  33:Generated_Source\PSoC5/USB_vnd.c **** *
  34:Generated_Source\PSoC5/USB_vnd.c **** *  This routine provide users with a method to implement vendor specific
  35:Generated_Source\PSoC5/USB_vnd.c **** *  requests.
  36:Generated_Source\PSoC5/USB_vnd.c **** *
  37:Generated_Source\PSoC5/USB_vnd.c **** *  To implement vendor specific requests, add your code in this function to
  38:Generated_Source\PSoC5/USB_vnd.c **** *  decode and disposition the request.  If the request is handled, your code
  39:Generated_Source\PSoC5/USB_vnd.c **** *  must set the variable "requestHandled" to TRUE, indicating that the
  40:Generated_Source\PSoC5/USB_vnd.c **** *  request has been handled.
  41:Generated_Source\PSoC5/USB_vnd.c **** *
  42:Generated_Source\PSoC5/USB_vnd.c **** * \return
  43:Generated_Source\PSoC5/USB_vnd.c **** *  requestHandled.
  44:Generated_Source\PSoC5/USB_vnd.c **** *
  45:Generated_Source\PSoC5/USB_vnd.c **** * \reentrant
  46:Generated_Source\PSoC5/USB_vnd.c **** *  No.
  47:Generated_Source\PSoC5/USB_vnd.c **** *
  48:Generated_Source\PSoC5/USB_vnd.c **** *******************************************************************************/
  49:Generated_Source\PSoC5/USB_vnd.c **** uint8 USB_HandleVendorRqst(void) 
  50:Generated_Source\PSoC5/USB_vnd.c **** {
 147              		.loc 1 50 0
 148              		.cfi_startproc
 149              		@ args = 0, pretend = 0, frame = 0
 150              		@ frame_needed = 0, uses_anonymous_args = 0
 151              		@ link register save eliminated.
 152              	.LVL0:
  51:Generated_Source\PSoC5/USB_vnd.c ****     uint8 requestHandled = USB_FALSE;
  52:Generated_Source\PSoC5/USB_vnd.c **** 
  53:Generated_Source\PSoC5/USB_vnd.c ****     /* Check request direction: D2H or H2D. */
  54:Generated_Source\PSoC5/USB_vnd.c ****     if (0u != (USB_bmRequestTypeReg & USB_RQST_DIR_D2H))
 153              		.loc 1 54 0
 154 0000 034B     		ldr	r3, .L4
  55:Generated_Source\PSoC5/USB_vnd.c ****     {
  56:Generated_Source\PSoC5/USB_vnd.c ****         /* Handle direction from device to host. */
  57:Generated_Source\PSoC5/USB_vnd.c ****         
  58:Generated_Source\PSoC5/USB_vnd.c ****         switch (USB_bRequestReg)
  59:Generated_Source\PSoC5/USB_vnd.c ****         {
  60:Generated_Source\PSoC5/USB_vnd.c ****             case USB_GET_EXTENDED_CONFIG_DESCRIPTOR:
  61:Generated_Source\PSoC5/USB_vnd.c ****             #if defined(USB_ENABLE_MSOS_STRING)
  62:Generated_Source\PSoC5/USB_vnd.c ****                 USB_currentTD.pData = (volatile uint8 *) &USB_MSOS_CONFIGURATION_DESCR[0u];
  63:Generated_Source\PSoC5/USB_vnd.c ****                 USB_currentTD.count = USB_MSOS_CONFIGURATION_DESCR[0u];
  64:Generated_Source\PSoC5/USB_vnd.c ****                 requestHandled  = USB_InitControlRead();
  65:Generated_Source\PSoC5/USB_vnd.c ****             #endif /* (USB_ENABLE_MSOS_STRING) */
  66:Generated_Source\PSoC5/USB_vnd.c ****                 break;
  67:Generated_Source\PSoC5/USB_vnd.c ****             
  68:Generated_Source\PSoC5/USB_vnd.c ****             default:
  69:Generated_Source\PSoC5/USB_vnd.c ****                 break;
  70:Generated_Source\PSoC5/USB_vnd.c ****         }
  71:Generated_Source\PSoC5/USB_vnd.c ****     }
  72:Generated_Source\PSoC5/USB_vnd.c **** 
  73:Generated_Source\PSoC5/USB_vnd.c ****     /* `#START VENDOR_SPECIFIC_CODE` Place your vendor specific request here */
  74:Generated_Source\PSoC5/USB_vnd.c **** 
  75:Generated_Source\PSoC5/USB_vnd.c ****     /* `#END` */
  76:Generated_Source\PSoC5/USB_vnd.c **** 
  77:Generated_Source\PSoC5/USB_vnd.c **** #ifdef USB_HANDLE_VENDOR_RQST_CALLBACK
  78:Generated_Source\PSoC5/USB_vnd.c ****     if (USB_FALSE == requestHandled)
  79:Generated_Source\PSoC5/USB_vnd.c ****     {
  80:Generated_Source\PSoC5/USB_vnd.c ****         requestHandled = USB_HandleVendorRqst_Callback();
ARM GAS  C:\Users\JEFFSN~1\AppData\Local\Temp\ccMXU2tg.s 			page 11


  81:Generated_Source\PSoC5/USB_vnd.c ****     }
  82:Generated_Source\PSoC5/USB_vnd.c **** #endif /* (USB_HANDLE_VENDOR_RQST_CALLBACK) */
  83:Generated_Source\PSoC5/USB_vnd.c **** 
  84:Generated_Source\PSoC5/USB_vnd.c ****     return (requestHandled);
  85:Generated_Source\PSoC5/USB_vnd.c **** }
 155              		.loc 1 85 0
 156 0002 0020     		movs	r0, #0
  54:Generated_Source\PSoC5/USB_vnd.c ****     {
 157              		.loc 1 54 0
 158 0004 1A78     		ldrb	r2, [r3]	@ zero_extendqisi2
 159 0006 1206     		lsls	r2, r2, #24
  58:Generated_Source\PSoC5/USB_vnd.c ****         {
 160              		.loc 1 58 0
 161 0008 48BF     		it	mi
 162 000a 5B78     		ldrbmi	r3, [r3, #1]	@ zero_extendqisi2
 163              		.loc 1 85 0
 164 000c 7047     		bx	lr
 165              	.L5:
 166 000e 00BF     		.align	2
 167              	.L4:
 168 0010 00600040 		.word	1073766400
 169              		.cfi_endproc
 170              	.LFE0:
 171              		.size	USB_HandleVendorRqst, .-USB_HandleVendorRqst
 172              		.text
 173              	.Letext0:
 174              		.file 2 "Generated_Source\\PSoC5\\cytypes.h"
 175              		.file 3 "Generated_Source\\PSoC5\\USB.h"
 176              		.section	.debug_info,"",%progbits
 177              	.Ldebug_info0:
 178 0000 E9000000 		.4byte	0xe9
 179 0004 0400     		.2byte	0x4
 180 0006 00000000 		.4byte	.Ldebug_abbrev0
 181 000a 04       		.byte	0x4
 182 000b 01       		.uleb128 0x1
 183 000c 80010000 		.4byte	.LASF16
 184 0010 0C       		.byte	0xc
 185 0011 66000000 		.4byte	.LASF17
 186 0015 95000000 		.4byte	.LASF18
 187 0019 00000000 		.4byte	.Ldebug_ranges0+0
 188 001d 00000000 		.4byte	0
 189 0021 00000000 		.4byte	.Ldebug_line0
 190 0025 02       		.uleb128 0x2
 191 0026 01       		.byte	0x1
 192 0027 06       		.byte	0x6
 193 0028 55010000 		.4byte	.LASF0
 194 002c 02       		.uleb128 0x2
 195 002d 01       		.byte	0x1
 196 002e 08       		.byte	0x8
 197 002f 87000000 		.4byte	.LASF1
 198 0033 02       		.uleb128 0x2
 199 0034 02       		.byte	0x2
 200 0035 05       		.byte	0x5
 201 0036 6D010000 		.4byte	.LASF2
 202 003a 02       		.uleb128 0x2
 203 003b 02       		.byte	0x2
 204 003c 07       		.byte	0x7
ARM GAS  C:\Users\JEFFSN~1\AppData\Local\Temp\ccMXU2tg.s 			page 12


 205 003d 42010000 		.4byte	.LASF3
 206 0041 02       		.uleb128 0x2
 207 0042 04       		.byte	0x4
 208 0043 05       		.byte	0x5
 209 0044 09010000 		.4byte	.LASF4
 210 0048 02       		.uleb128 0x2
 211 0049 04       		.byte	0x4
 212 004a 07       		.byte	0x7
 213 004b 28000000 		.4byte	.LASF5
 214 004f 02       		.uleb128 0x2
 215 0050 08       		.byte	0x8
 216 0051 05       		.byte	0x5
 217 0052 00000000 		.4byte	.LASF6
 218 0056 02       		.uleb128 0x2
 219 0057 08       		.byte	0x8
 220 0058 07       		.byte	0x7
 221 0059 49000000 		.4byte	.LASF7
 222 005d 03       		.uleb128 0x3
 223 005e 04       		.byte	0x4
 224 005f 05       		.byte	0x5
 225 0060 696E7400 		.ascii	"int\000"
 226 0064 02       		.uleb128 0x2
 227 0065 04       		.byte	0x4
 228 0066 07       		.byte	0x7
 229 0067 15000000 		.4byte	.LASF8
 230 006b 04       		.uleb128 0x4
 231 006c 22000000 		.4byte	.LASF14
 232 0070 02       		.byte	0x2
 233 0071 E901     		.2byte	0x1e9
 234 0073 2C000000 		.4byte	0x2c
 235 0077 02       		.uleb128 0x2
 236 0078 04       		.byte	0x4
 237 0079 04       		.byte	0x4
 238 007a 60000000 		.4byte	.LASF9
 239 007e 02       		.uleb128 0x2
 240 007f 08       		.byte	0x8
 241 0080 04       		.byte	0x4
 242 0081 3B010000 		.4byte	.LASF10
 243 0085 02       		.uleb128 0x2
 244 0086 01       		.byte	0x1
 245 0087 08       		.byte	0x8
 246 0088 04010000 		.4byte	.LASF11
 247 008c 02       		.uleb128 0x2
 248 008d 08       		.byte	0x8
 249 008e 04       		.byte	0x4
 250 008f 61010000 		.4byte	.LASF12
 251 0093 02       		.uleb128 0x2
 252 0094 04       		.byte	0x4
 253 0095 07       		.byte	0x7
 254 0096 77010000 		.4byte	.LASF13
 255 009a 05       		.uleb128 0x5
 256 009b 08       		.byte	0x8
 257 009c 03       		.byte	0x3
 258 009d C5       		.byte	0xc5
 259 009e AF000000 		.4byte	0xaf
 260 00a2 06       		.uleb128 0x6
 261 00a3 0E000000 		.4byte	.LASF19
ARM GAS  C:\Users\JEFFSN~1\AppData\Local\Temp\ccMXU2tg.s 			page 13


 262 00a7 03       		.byte	0x3
 263 00a8 C7       		.byte	0xc7
 264 00a9 AF000000 		.4byte	0xaf
 265 00ad 00       		.byte	0
 266 00ae 00       		.byte	0
 267 00af 07       		.uleb128 0x7
 268 00b0 6B000000 		.4byte	0x6b
 269 00b4 BF000000 		.4byte	0xbf
 270 00b8 08       		.uleb128 0x8
 271 00b9 93000000 		.4byte	0x93
 272 00bd 07       		.byte	0x7
 273 00be 00       		.byte	0
 274 00bf 09       		.uleb128 0x9
 275 00c0 12010000 		.4byte	.LASF15
 276 00c4 03       		.byte	0x3
 277 00c5 C8       		.byte	0xc8
 278 00c6 9A000000 		.4byte	0x9a
 279 00ca 0A       		.uleb128 0xa
 280 00cb 26010000 		.4byte	.LASF20
 281 00cf 01       		.byte	0x1
 282 00d0 31       		.byte	0x31
 283 00d1 6B000000 		.4byte	0x6b
 284 00d5 00000000 		.4byte	.LFB0
 285 00d9 14000000 		.4byte	.LFE0-.LFB0
 286 00dd 01       		.uleb128 0x1
 287 00de 9C       		.byte	0x9c
 288 00df 0B       		.uleb128 0xb
 289 00e0 3A000000 		.4byte	.LASF21
 290 00e4 01       		.byte	0x1
 291 00e5 33       		.byte	0x33
 292 00e6 6B000000 		.4byte	0x6b
 293 00ea 00       		.byte	0
 294 00eb 00       		.byte	0
 295 00ec 00       		.byte	0
 296              		.section	.debug_abbrev,"",%progbits
 297              	.Ldebug_abbrev0:
 298 0000 01       		.uleb128 0x1
 299 0001 11       		.uleb128 0x11
 300 0002 01       		.byte	0x1
 301 0003 25       		.uleb128 0x25
 302 0004 0E       		.uleb128 0xe
 303 0005 13       		.uleb128 0x13
 304 0006 0B       		.uleb128 0xb
 305 0007 03       		.uleb128 0x3
 306 0008 0E       		.uleb128 0xe
 307 0009 1B       		.uleb128 0x1b
 308 000a 0E       		.uleb128 0xe
 309 000b 55       		.uleb128 0x55
 310 000c 17       		.uleb128 0x17
 311 000d 11       		.uleb128 0x11
 312 000e 01       		.uleb128 0x1
 313 000f 10       		.uleb128 0x10
 314 0010 17       		.uleb128 0x17
 315 0011 00       		.byte	0
 316 0012 00       		.byte	0
 317 0013 02       		.uleb128 0x2
 318 0014 24       		.uleb128 0x24
ARM GAS  C:\Users\JEFFSN~1\AppData\Local\Temp\ccMXU2tg.s 			page 14


 319 0015 00       		.byte	0
 320 0016 0B       		.uleb128 0xb
 321 0017 0B       		.uleb128 0xb
 322 0018 3E       		.uleb128 0x3e
 323 0019 0B       		.uleb128 0xb
 324 001a 03       		.uleb128 0x3
 325 001b 0E       		.uleb128 0xe
 326 001c 00       		.byte	0
 327 001d 00       		.byte	0
 328 001e 03       		.uleb128 0x3
 329 001f 24       		.uleb128 0x24
 330 0020 00       		.byte	0
 331 0021 0B       		.uleb128 0xb
 332 0022 0B       		.uleb128 0xb
 333 0023 3E       		.uleb128 0x3e
 334 0024 0B       		.uleb128 0xb
 335 0025 03       		.uleb128 0x3
 336 0026 08       		.uleb128 0x8
 337 0027 00       		.byte	0
 338 0028 00       		.byte	0
 339 0029 04       		.uleb128 0x4
 340 002a 16       		.uleb128 0x16
 341 002b 00       		.byte	0
 342 002c 03       		.uleb128 0x3
 343 002d 0E       		.uleb128 0xe
 344 002e 3A       		.uleb128 0x3a
 345 002f 0B       		.uleb128 0xb
 346 0030 3B       		.uleb128 0x3b
 347 0031 05       		.uleb128 0x5
 348 0032 49       		.uleb128 0x49
 349 0033 13       		.uleb128 0x13
 350 0034 00       		.byte	0
 351 0035 00       		.byte	0
 352 0036 05       		.uleb128 0x5
 353 0037 13       		.uleb128 0x13
 354 0038 01       		.byte	0x1
 355 0039 0B       		.uleb128 0xb
 356 003a 0B       		.uleb128 0xb
 357 003b 3A       		.uleb128 0x3a
 358 003c 0B       		.uleb128 0xb
 359 003d 3B       		.uleb128 0x3b
 360 003e 0B       		.uleb128 0xb
 361 003f 01       		.uleb128 0x1
 362 0040 13       		.uleb128 0x13
 363 0041 00       		.byte	0
 364 0042 00       		.byte	0
 365 0043 06       		.uleb128 0x6
 366 0044 0D       		.uleb128 0xd
 367 0045 00       		.byte	0
 368 0046 03       		.uleb128 0x3
 369 0047 0E       		.uleb128 0xe
 370 0048 3A       		.uleb128 0x3a
 371 0049 0B       		.uleb128 0xb
 372 004a 3B       		.uleb128 0x3b
 373 004b 0B       		.uleb128 0xb
 374 004c 49       		.uleb128 0x49
 375 004d 13       		.uleb128 0x13
ARM GAS  C:\Users\JEFFSN~1\AppData\Local\Temp\ccMXU2tg.s 			page 15


 376 004e 38       		.uleb128 0x38
 377 004f 0B       		.uleb128 0xb
 378 0050 00       		.byte	0
 379 0051 00       		.byte	0
 380 0052 07       		.uleb128 0x7
 381 0053 01       		.uleb128 0x1
 382 0054 01       		.byte	0x1
 383 0055 49       		.uleb128 0x49
 384 0056 13       		.uleb128 0x13
 385 0057 01       		.uleb128 0x1
 386 0058 13       		.uleb128 0x13
 387 0059 00       		.byte	0
 388 005a 00       		.byte	0
 389 005b 08       		.uleb128 0x8
 390 005c 21       		.uleb128 0x21
 391 005d 00       		.byte	0
 392 005e 49       		.uleb128 0x49
 393 005f 13       		.uleb128 0x13
 394 0060 2F       		.uleb128 0x2f
 395 0061 0B       		.uleb128 0xb
 396 0062 00       		.byte	0
 397 0063 00       		.byte	0
 398 0064 09       		.uleb128 0x9
 399 0065 16       		.uleb128 0x16
 400 0066 00       		.byte	0
 401 0067 03       		.uleb128 0x3
 402 0068 0E       		.uleb128 0xe
 403 0069 3A       		.uleb128 0x3a
 404 006a 0B       		.uleb128 0xb
 405 006b 3B       		.uleb128 0x3b
 406 006c 0B       		.uleb128 0xb
 407 006d 49       		.uleb128 0x49
 408 006e 13       		.uleb128 0x13
 409 006f 00       		.byte	0
 410 0070 00       		.byte	0
 411 0071 0A       		.uleb128 0xa
 412 0072 2E       		.uleb128 0x2e
 413 0073 01       		.byte	0x1
 414 0074 3F       		.uleb128 0x3f
 415 0075 19       		.uleb128 0x19
 416 0076 03       		.uleb128 0x3
 417 0077 0E       		.uleb128 0xe
 418 0078 3A       		.uleb128 0x3a
 419 0079 0B       		.uleb128 0xb
 420 007a 3B       		.uleb128 0x3b
 421 007b 0B       		.uleb128 0xb
 422 007c 27       		.uleb128 0x27
 423 007d 19       		.uleb128 0x19
 424 007e 49       		.uleb128 0x49
 425 007f 13       		.uleb128 0x13
 426 0080 11       		.uleb128 0x11
 427 0081 01       		.uleb128 0x1
 428 0082 12       		.uleb128 0x12
 429 0083 06       		.uleb128 0x6
 430 0084 40       		.uleb128 0x40
 431 0085 18       		.uleb128 0x18
 432 0086 9742     		.uleb128 0x2117
ARM GAS  C:\Users\JEFFSN~1\AppData\Local\Temp\ccMXU2tg.s 			page 16


 433 0088 19       		.uleb128 0x19
 434 0089 00       		.byte	0
 435 008a 00       		.byte	0
 436 008b 0B       		.uleb128 0xb
 437 008c 34       		.uleb128 0x34
 438 008d 00       		.byte	0
 439 008e 03       		.uleb128 0x3
 440 008f 0E       		.uleb128 0xe
 441 0090 3A       		.uleb128 0x3a
 442 0091 0B       		.uleb128 0xb
 443 0092 3B       		.uleb128 0x3b
 444 0093 0B       		.uleb128 0xb
 445 0094 49       		.uleb128 0x49
 446 0095 13       		.uleb128 0x13
 447 0096 1C       		.uleb128 0x1c
 448 0097 0B       		.uleb128 0xb
 449 0098 00       		.byte	0
 450 0099 00       		.byte	0
 451 009a 00       		.byte	0
 452              		.section	.debug_aranges,"",%progbits
 453 0000 1C000000 		.4byte	0x1c
 454 0004 0200     		.2byte	0x2
 455 0006 00000000 		.4byte	.Ldebug_info0
 456 000a 04       		.byte	0x4
 457 000b 00       		.byte	0
 458 000c 0000     		.2byte	0
 459 000e 0000     		.2byte	0
 460 0010 00000000 		.4byte	.LFB0
 461 0014 14000000 		.4byte	.LFE0-.LFB0
 462 0018 00000000 		.4byte	0
 463 001c 00000000 		.4byte	0
 464              		.section	.debug_ranges,"",%progbits
 465              	.Ldebug_ranges0:
 466 0000 00000000 		.4byte	.LFB0
 467 0004 14000000 		.4byte	.LFE0
 468 0008 00000000 		.4byte	0
 469 000c 00000000 		.4byte	0
 470              		.section	.debug_line,"",%progbits
 471              	.Ldebug_line0:
 472 0000 6D000000 		.section	.debug_str,"MS",%progbits,1
 472      02004D00 
 472      00000201 
 472      FB0E0D00 
 472      01010101 
 473              	.LASF6:
 474 0000 6C6F6E67 		.ascii	"long long int\000"
 474      206C6F6E 
 474      6720696E 
 474      7400
 475              	.LASF19:
 476 000e 65704461 		.ascii	"epData\000"
 476      746100
 477              	.LASF8:
 478 0015 756E7369 		.ascii	"unsigned int\000"
 478      676E6564 
 478      20696E74 
 478      00
ARM GAS  C:\Users\JEFFSN~1\AppData\Local\Temp\ccMXU2tg.s 			page 17


 479              	.LASF14:
 480 0022 75696E74 		.ascii	"uint8\000"
 480      3800
 481              	.LASF5:
 482 0028 6C6F6E67 		.ascii	"long unsigned int\000"
 482      20756E73 
 482      69676E65 
 482      6420696E 
 482      7400
 483              	.LASF21:
 484 003a 72657175 		.ascii	"requestHandled\000"
 484      65737448 
 484      616E646C 
 484      656400
 485              	.LASF7:
 486 0049 6C6F6E67 		.ascii	"long long unsigned int\000"
 486      206C6F6E 
 486      6720756E 
 486      7369676E 
 486      65642069 
 487              	.LASF9:
 488 0060 666C6F61 		.ascii	"float\000"
 488      7400
 489              	.LASF17:
 490 0066 47656E65 		.ascii	"Generated_Source\\PSoC5\\USB_vnd.c\000"
 490      72617465 
 490      645F536F 
 490      75726365 
 490      5C50536F 
 491              	.LASF1:
 492 0087 756E7369 		.ascii	"unsigned char\000"
 492      676E6564 
 492      20636861 
 492      7200
 493              	.LASF18:
 494 0095 433A5C55 		.ascii	"C:\\Users\\JeffSnyder\\dev\\Electrobass_embedded\\P"
 494      73657273 
 494      5C4A6566 
 494      66536E79 
 494      6465725C 
 495 00c3 534F4335 		.ascii	"SOC5_electrobass_stringsensors\\CE210514_PSOC3_5_Th"
 495      5F656C65 
 495      6374726F 
 495      62617373 
 495      5F737472 
 496 00f5 65726D69 		.ascii	"ermistor.cydsn\000"
 496      73746F72 
 496      2E637964 
 496      736E00
 497              	.LASF11:
 498 0104 63686172 		.ascii	"char\000"
 498      00
 499              	.LASF4:
 500 0109 6C6F6E67 		.ascii	"long int\000"
 500      20696E74 
 500      00
 501              	.LASF15:
ARM GAS  C:\Users\JEFFSN~1\AppData\Local\Temp\ccMXU2tg.s 			page 18


 502 0112 5553425F 		.ascii	"USB_ep0_data_struct\000"
 502      6570305F 
 502      64617461 
 502      5F737472 
 502      75637400 
 503              	.LASF20:
 504 0126 5553425F 		.ascii	"USB_HandleVendorRqst\000"
 504      48616E64 
 504      6C655665 
 504      6E646F72 
 504      52717374 
 505              	.LASF10:
 506 013b 646F7562 		.ascii	"double\000"
 506      6C6500
 507              	.LASF3:
 508 0142 73686F72 		.ascii	"short unsigned int\000"
 508      7420756E 
 508      7369676E 
 508      65642069 
 508      6E7400
 509              	.LASF0:
 510 0155 7369676E 		.ascii	"signed char\000"
 510      65642063 
 510      68617200 
 511              	.LASF12:
 512 0161 6C6F6E67 		.ascii	"long double\000"
 512      20646F75 
 512      626C6500 
 513              	.LASF2:
 514 016d 73686F72 		.ascii	"short int\000"
 514      7420696E 
 514      7400
 515              	.LASF13:
 516 0177 73697A65 		.ascii	"sizetype\000"
 516      74797065 
 516      00
 517              	.LASF16:
 518 0180 474E5520 		.ascii	"GNU C11 5.4.1 20160609 (release) [ARM/embedded-5-br"
 518      43313120 
 518      352E342E 
 518      31203230 
 518      31363036 
 519 01b3 616E6368 		.ascii	"anch revision 237715] -mcpu=cortex-m3 -mthumb -g -O"
 519      20726576 
 519      6973696F 
 519      6E203233 
 519      37373135 
 520 01e6 33202D66 		.ascii	"3 -ffunction-sections -ffat-lto-objects -finline-fu"
 520      66756E63 
 520      74696F6E 
 520      2D736563 
 520      74696F6E 
 521 0219 6E637469 		.ascii	"nctions -flto\000"
 521      6F6E7320 
 521      2D666C74 
 521      6F00
 522              		.comm	__gnu_lto_v1,1,1
ARM GAS  C:\Users\JEFFSN~1\AppData\Local\Temp\ccMXU2tg.s 			page 19


 523              		.ident	"GCC: (GNU Tools for ARM Embedded Processors) 5.4.1 20160609 (release) [ARM/embedded-5-bran
