ARM GAS  C:\Users\JEFFSN~1\AppData\Local\Temp\ccVFFxZM.s 			page 1


   1              		.syntax unified
   2              		.cpu cortex-m3
   3              		.fpu softvfp
   4              		.eabi_attribute 20, 1
   5              		.eabi_attribute 21, 1
   6              		.eabi_attribute 23, 3
   7              		.eabi_attribute 24, 1
   8              		.eabi_attribute 25, 1
   9              		.eabi_attribute 26, 1
  10              		.eabi_attribute 30, 6
  11              		.eabi_attribute 34, 1
  12              		.eabi_attribute 18, 4
  13              		.thumb
  14              		.syntax unified
  15              		.file	"USB_descr.c"
  16              		.text
  17              	.Ltext0:
  18              		.cfi_sections	.debug_frame
  19              		.global	USB_DEVICE0_DESCR
  20              		.section	.rodata
  21              		.align	2
  22              		.type	USB_DEVICE0_DESCR, %object
  23              		.size	USB_DEVICE0_DESCR, 18
  24              	USB_DEVICE0_DESCR:
  25 0000 12       		.byte	18
  26 0001 01       		.byte	1
  27 0002 00       		.byte	0
  28 0003 02       		.byte	2
  29 0004 00       		.byte	0
  30 0005 00       		.byte	0
  31 0006 00       		.byte	0
  32 0007 08       		.byte	8
  33 0008 B4       		.byte	-76
  34 0009 04       		.byte	4
  35 000a 37       		.byte	55
  36 000b D2       		.byte	-46
  37 000c 01       		.byte	1
  38 000d 00       		.byte	0
  39 000e 01       		.byte	1
  40 000f 02       		.byte	2
  41 0010 80       		.byte	-128
  42 0011 01       		.byte	1
  43              		.global	USB_DEVICE0_CONFIGURATION0_DESCR
  44 0012 0000     		.align	2
  45              		.type	USB_DEVICE0_CONFIGURATION0_DESCR, %object
  46              		.size	USB_DEVICE0_CONFIGURATION0_DESCR, 101
  47              	USB_DEVICE0_CONFIGURATION0_DESCR:
  48 0014 09       		.byte	9
  49 0015 02       		.byte	2
  50 0016 65       		.byte	101
  51 0017 00       		.byte	0
  52 0018 02       		.byte	2
  53 0019 01       		.byte	1
  54 001a 01       		.byte	1
  55 001b C0       		.byte	-64
  56 001c 32       		.byte	50
  57 001d 09       		.byte	9
ARM GAS  C:\Users\JEFFSN~1\AppData\Local\Temp\ccVFFxZM.s 			page 2


  58 001e 04       		.byte	4
  59 001f 00       		.byte	0
  60 0020 00       		.byte	0
  61 0021 00       		.byte	0
  62 0022 01       		.byte	1
  63 0023 01       		.byte	1
  64 0024 00       		.byte	0
  65 0025 03       		.byte	3
  66 0026 09       		.byte	9
  67 0027 24       		.byte	36
  68 0028 01       		.byte	1
  69 0029 00       		.byte	0
  70 002a 01       		.byte	1
  71 002b 09       		.byte	9
  72 002c 00       		.byte	0
  73 002d 01       		.byte	1
  74 002e 01       		.byte	1
  75 002f 09       		.byte	9
  76 0030 04       		.byte	4
  77 0031 01       		.byte	1
  78 0032 00       		.byte	0
  79 0033 02       		.byte	2
  80 0034 01       		.byte	1
  81 0035 03       		.byte	3
  82 0036 00       		.byte	0
  83 0037 04       		.byte	4
  84 0038 07       		.byte	7
  85 0039 24       		.byte	36
  86 003a 01       		.byte	1
  87 003b 00       		.byte	0
  88 003c 01       		.byte	1
  89 003d 25       		.byte	37
  90 003e 00       		.byte	0
  91 003f 06       		.byte	6
  92 0040 24       		.byte	36
  93 0041 02       		.byte	2
  94 0042 01       		.byte	1
  95 0043 01       		.byte	1
  96 0044 05       		.byte	5
  97 0045 06       		.byte	6
  98 0046 24       		.byte	36
  99 0047 02       		.byte	2
 100 0048 02       		.byte	2
 101 0049 02       		.byte	2
 102 004a 05       		.byte	5
 103 004b 09       		.byte	9
 104 004c 24       		.byte	36
 105 004d 03       		.byte	3
 106 004e 01       		.byte	1
 107 004f 03       		.byte	3
 108 0050 01       		.byte	1
 109 0051 02       		.byte	2
 110 0052 01       		.byte	1
 111 0053 06       		.byte	6
 112 0054 09       		.byte	9
 113 0055 24       		.byte	36
 114 0056 03       		.byte	3
ARM GAS  C:\Users\JEFFSN~1\AppData\Local\Temp\ccVFFxZM.s 			page 3


 115 0057 02       		.byte	2
 116 0058 04       		.byte	4
 117 0059 01       		.byte	1
 118 005a 01       		.byte	1
 119 005b 01       		.byte	1
 120 005c 06       		.byte	6
 121 005d 09       		.byte	9
 122 005e 05       		.byte	5
 123 005f 81       		.byte	-127
 124 0060 02       		.byte	2
 125 0061 40       		.byte	64
 126 0062 00       		.byte	0
 127 0063 00       		.byte	0
 128 0064 00       		.byte	0
 129 0065 00       		.byte	0
 130 0066 05       		.byte	5
 131 0067 25       		.byte	37
 132 0068 01       		.byte	1
 133 0069 01       		.byte	1
 134 006a 03       		.byte	3
 135 006b 09       		.byte	9
 136 006c 05       		.byte	5
 137 006d 02       		.byte	2
 138 006e 02       		.byte	2
 139 006f 40       		.byte	64
 140 0070 00       		.byte	0
 141 0071 00       		.byte	0
 142 0072 00       		.byte	0
 143 0073 00       		.byte	0
 144 0074 05       		.byte	5
 145 0075 25       		.byte	37
 146 0076 01       		.byte	1
 147 0077 01       		.byte	1
 148 0078 01       		.byte	1
 149              		.global	USB_STRING_DESCRIPTORS
 150 0079 000000   		.align	2
 151              		.type	USB_STRING_DESCRIPTORS, %object
 152              		.size	USB_STRING_DESCRIPTORS, 195
 153              	USB_STRING_DESCRIPTORS:
 154 007c 04       		.byte	4
 155 007d 03       		.byte	3
 156 007e 09       		.byte	9
 157 007f 04       		.byte	4
 158 0080 1C       		.byte	28
 159 0081 03       		.byte	3
 160 0082 53       		.byte	83
 161 0083 00       		.byte	0
 162 0084 6E       		.byte	110
 163 0085 00       		.byte	0
 164 0086 79       		.byte	121
 165 0087 00       		.byte	0
 166 0088 64       		.byte	100
 167 0089 00       		.byte	0
 168 008a 65       		.byte	101
 169 008b 00       		.byte	0
 170 008c 72       		.byte	114
 171 008d 00       		.byte	0
ARM GAS  C:\Users\JEFFSN~1\AppData\Local\Temp\ccVFFxZM.s 			page 4


 172 008e 70       		.byte	112
 173 008f 00       		.byte	0
 174 0090 68       		.byte	104
 175 0091 00       		.byte	0
 176 0092 6F       		.byte	111
 177 0093 00       		.byte	0
 178 0094 6E       		.byte	110
 179 0095 00       		.byte	0
 180 0096 69       		.byte	105
 181 0097 00       		.byte	0
 182 0098 63       		.byte	99
 183 0099 00       		.byte	0
 184 009a 73       		.byte	115
 185 009b 00       		.byte	0
 186 009c 18       		.byte	24
 187 009d 03       		.byte	3
 188 009e 45       		.byte	69
 189 009f 00       		.byte	0
 190 00a0 6C       		.byte	108
 191 00a1 00       		.byte	0
 192 00a2 65       		.byte	101
 193 00a3 00       		.byte	0
 194 00a4 63       		.byte	99
 195 00a5 00       		.byte	0
 196 00a6 74       		.byte	116
 197 00a7 00       		.byte	0
 198 00a8 72       		.byte	114
 199 00a9 00       		.byte	0
 200 00aa 6F       		.byte	111
 201 00ab 00       		.byte	0
 202 00ac 62       		.byte	98
 203 00ad 00       		.byte	0
 204 00ae 61       		.byte	97
 205 00af 00       		.byte	0
 206 00b0 73       		.byte	115
 207 00b1 00       		.byte	0
 208 00b2 73       		.byte	115
 209 00b3 00       		.byte	0
 210 00b4 24       		.byte	36
 211 00b5 03       		.byte	3
 212 00b6 4D       		.byte	77
 213 00b7 00       		.byte	0
 214 00b8 49       		.byte	73
 215 00b9 00       		.byte	0
 216 00ba 44       		.byte	68
 217 00bb 00       		.byte	0
 218 00bc 49       		.byte	73
 219 00bd 00       		.byte	0
 220 00be 20       		.byte	32
 221 00bf 00       		.byte	0
 222 00c0 43       		.byte	67
 223 00c1 00       		.byte	0
 224 00c2 6F       		.byte	111
 225 00c3 00       		.byte	0
 226 00c4 6E       		.byte	110
 227 00c5 00       		.byte	0
 228 00c6 74       		.byte	116
ARM GAS  C:\Users\JEFFSN~1\AppData\Local\Temp\ccVFFxZM.s 			page 5


 229 00c7 00       		.byte	0
 230 00c8 72       		.byte	114
 231 00c9 00       		.byte	0
 232 00ca 6F       		.byte	111
 233 00cb 00       		.byte	0
 234 00cc 6C       		.byte	108
 235 00cd 00       		.byte	0
 236 00ce 20       		.byte	32
 237 00cf 00       		.byte	0
 238 00d0 49       		.byte	73
 239 00d1 00       		.byte	0
 240 00d2 6E       		.byte	110
 241 00d3 00       		.byte	0
 242 00d4 74       		.byte	116
 243 00d5 00       		.byte	0
 244 00d6 66       		.byte	102
 245 00d7 00       		.byte	0
 246 00d8 28       		.byte	40
 247 00d9 03       		.byte	3
 248 00da 4D       		.byte	77
 249 00db 00       		.byte	0
 250 00dc 49       		.byte	73
 251 00dd 00       		.byte	0
 252 00de 44       		.byte	68
 253 00df 00       		.byte	0
 254 00e0 49       		.byte	73
 255 00e1 00       		.byte	0
 256 00e2 20       		.byte	32
 257 00e3 00       		.byte	0
 258 00e4 53       		.byte	83
 259 00e5 00       		.byte	0
 260 00e6 74       		.byte	116
 261 00e7 00       		.byte	0
 262 00e8 72       		.byte	114
 263 00e9 00       		.byte	0
 264 00ea 65       		.byte	101
 265 00eb 00       		.byte	0
 266 00ec 61       		.byte	97
 267 00ed 00       		.byte	0
 268 00ee 6D       		.byte	109
 269 00ef 00       		.byte	0
 270 00f0 69       		.byte	105
 271 00f1 00       		.byte	0
 272 00f2 6E       		.byte	110
 273 00f3 00       		.byte	0
 274 00f4 67       		.byte	103
 275 00f5 00       		.byte	0
 276 00f6 20       		.byte	32
 277 00f7 00       		.byte	0
 278 00f8 49       		.byte	73
 279 00f9 00       		.byte	0
 280 00fa 6E       		.byte	110
 281 00fb 00       		.byte	0
 282 00fc 74       		.byte	116
 283 00fd 00       		.byte	0
 284 00fe 66       		.byte	102
 285 00ff 00       		.byte	0
ARM GAS  C:\Users\JEFFSN~1\AppData\Local\Temp\ccVFFxZM.s 			page 6


 286 0100 1E       		.byte	30
 287 0101 03       		.byte	3
 288 0102 45       		.byte	69
 289 0103 00       		.byte	0
 290 0104 6C       		.byte	108
 291 0105 00       		.byte	0
 292 0106 65       		.byte	101
 293 0107 00       		.byte	0
 294 0108 63       		.byte	99
 295 0109 00       		.byte	0
 296 010a 74       		.byte	116
 297 010b 00       		.byte	0
 298 010c 72       		.byte	114
 299 010d 00       		.byte	0
 300 010e 6F       		.byte	111
 301 010f 00       		.byte	0
 302 0110 62       		.byte	98
 303 0111 00       		.byte	0
 304 0112 61       		.byte	97
 305 0113 00       		.byte	0
 306 0114 73       		.byte	115
 307 0115 00       		.byte	0
 308 0116 73       		.byte	115
 309 0117 00       		.byte	0
 310 0118 20       		.byte	32
 311 0119 00       		.byte	0
 312 011a 49       		.byte	73
 313 011b 00       		.byte	0
 314 011c 4E       		.byte	78
 315 011d 00       		.byte	0
 316 011e 20       		.byte	32
 317 011f 03       		.byte	3
 318 0120 45       		.byte	69
 319 0121 00       		.byte	0
 320 0122 6C       		.byte	108
 321 0123 00       		.byte	0
 322 0124 65       		.byte	101
 323 0125 00       		.byte	0
 324 0126 63       		.byte	99
 325 0127 00       		.byte	0
 326 0128 74       		.byte	116
 327 0129 00       		.byte	0
 328 012a 72       		.byte	114
 329 012b 00       		.byte	0
 330 012c 6F       		.byte	111
 331 012d 00       		.byte	0
 332 012e 62       		.byte	98
 333 012f 00       		.byte	0
 334 0130 61       		.byte	97
 335 0131 00       		.byte	0
 336 0132 73       		.byte	115
 337 0133 00       		.byte	0
 338 0134 73       		.byte	115
 339 0135 00       		.byte	0
 340 0136 20       		.byte	32
 341 0137 00       		.byte	0
 342 0138 4F       		.byte	79
ARM GAS  C:\Users\JEFFSN~1\AppData\Local\Temp\ccVFFxZM.s 			page 7


 343 0139 00       		.byte	0
 344 013a 55       		.byte	85
 345 013b 00       		.byte	0
 346 013c 54       		.byte	84
 347 013d 00       		.byte	0
 348 013e 00       		.byte	0
 349              		.global	USB_SN_STRING_DESCRIPTOR
 350 013f 00       		.align	2
 351              		.type	USB_SN_STRING_DESCRIPTOR, %object
 352              		.size	USB_SN_STRING_DESCRIPTOR, 2
 353              	USB_SN_STRING_DESCRIPTOR:
 354 0140 02       		.byte	2
 355 0141 03       		.byte	3
 356              		.global	USB_DEVICE0_CONFIGURATION0_EP_SETTINGS_TABLE
 357 0142 0000     		.align	2
 358              		.type	USB_DEVICE0_CONFIGURATION0_EP_SETTINGS_TABLE, %object
 359              		.size	USB_DEVICE0_CONFIGURATION0_EP_SETTINGS_TABLE, 16
 360              	USB_DEVICE0_CONFIGURATION0_EP_SETTINGS_TABLE:
 361 0144 01       		.byte	1
 362 0145 00       		.byte	0
 363 0146 81       		.byte	-127
 364 0147 02       		.byte	2
 365 0148 4000     		.short	64
 366 014a 01       		.byte	1
 367 014b 00       		.space	1
 368 014c 01       		.byte	1
 369 014d 00       		.byte	0
 370 014e 02       		.byte	2
 371 014f 02       		.byte	2
 372 0150 4000     		.short	64
 373 0152 01       		.byte	1
 374 0153 00       		.space	1
 375              		.global	USB_DEVICE0_CONFIGURATION0_INTERFACE_CLASS
 376              		.align	2
 377              		.type	USB_DEVICE0_CONFIGURATION0_INTERFACE_CLASS, %object
 378              		.size	USB_DEVICE0_CONFIGURATION0_INTERFACE_CLASS, 2
 379              	USB_DEVICE0_CONFIGURATION0_INTERFACE_CLASS:
 380 0154 01       		.byte	1
 381 0155 01       		.byte	1
 382              		.global	USB_DEVICE0_CONFIGURATION0_TABLE
 383 0156 0000     		.align	2
 384              		.type	USB_DEVICE0_CONFIGURATION0_TABLE, %object
 385              		.size	USB_DEVICE0_CONFIGURATION0_TABLE, 40
 386              	USB_DEVICE0_CONFIGURATION0_TABLE:
 387 0158 01       		.byte	1
 388 0159 000000   		.space	3
 389 015c 00000000 		.word	USB_DEVICE0_CONFIGURATION0_DESCR
 390 0160 02       		.byte	2
 391 0161 000000   		.space	3
 392 0164 00000000 		.word	USB_DEVICE0_CONFIGURATION0_EP_SETTINGS_TABLE
 393 0168 00       		.byte	0
 394 0169 000000   		.space	3
 395 016c 00000000 		.word	0
 396 0170 00       		.byte	0
 397 0171 000000   		.space	3
 398 0174 00000000 		.word	0
 399 0178 00       		.byte	0
ARM GAS  C:\Users\JEFFSN~1\AppData\Local\Temp\ccVFFxZM.s 			page 8


 400 0179 000000   		.space	3
 401 017c 00000000 		.word	USB_DEVICE0_CONFIGURATION0_INTERFACE_CLASS
 402              		.global	USB_DEVICE0_TABLE
 403              		.align	2
 404              		.type	USB_DEVICE0_TABLE, %object
 405              		.size	USB_DEVICE0_TABLE, 24
 406              	USB_DEVICE0_TABLE:
 407 0180 01       		.byte	1
 408 0181 000000   		.space	3
 409 0184 00000000 		.word	USB_DEVICE0_DESCR
 410 0188 00       		.byte	0
 411 0189 000000   		.space	3
 412 018c 00000000 		.word	0
 413 0190 01       		.byte	1
 414 0191 000000   		.space	3
 415 0194 00000000 		.word	USB_DEVICE0_CONFIGURATION0_TABLE
 416              		.global	USB_TABLE
 417              		.align	2
 418              		.type	USB_TABLE, %object
 419              		.size	USB_TABLE, 8
 420              	USB_TABLE:
 421 0198 01       		.byte	1
 422 0199 000000   		.space	3
 423 019c 00000000 		.word	USB_DEVICE0_TABLE
 424              		.comm	USB_idSerialNumberStringDescriptor,34,4
 425              		.text
 426              	.Letext0:
 427              		.file 1 "Generated_Source\\PSoC5\\cytypes.h"
 428              		.file 2 "Generated_Source\\PSoC5\\USB.h"
 429              		.file 3 "Generated_Source\\PSoC5\\USB_descr.c"
 430              		.section	.debug_info,"",%progbits
 431              	.Ldebug_info0:
 432 0000 A4020000 		.4byte	0x2a4
 433 0004 0400     		.2byte	0x4
 434 0006 00000000 		.4byte	.Ldebug_abbrev0
 435 000a 04       		.byte	0x4
 436 000b 01       		.uleb128 0x1
 437 000c 00000000 		.4byte	.LASF35
 438 0010 0C       		.byte	0xc
 439 0011 F7010000 		.4byte	.LASF36
 440 0015 54020000 		.4byte	.LASF37
 441 0019 00000000 		.4byte	.Ldebug_line0
 442 001d 02       		.uleb128 0x2
 443 001e 01       		.byte	0x1
 444 001f 06       		.byte	0x6
 445 0020 40030000 		.4byte	.LASF0
 446 0024 02       		.uleb128 0x2
 447 0025 01       		.byte	0x1
 448 0026 08       		.byte	0x8
 449 0027 29010000 		.4byte	.LASF1
 450 002b 02       		.uleb128 0x2
 451 002c 02       		.byte	0x2
 452 002d 05       		.byte	0x5
 453 002e E6020000 		.4byte	.LASF2
 454 0032 02       		.uleb128 0x2
 455 0033 02       		.byte	0x2
 456 0034 07       		.byte	0x7
ARM GAS  C:\Users\JEFFSN~1\AppData\Local\Temp\ccVFFxZM.s 			page 9


 457 0035 B1000000 		.4byte	.LASF3
 458 0039 02       		.uleb128 0x2
 459 003a 04       		.byte	0x4
 460 003b 05       		.byte	0x5
 461 003c 2B030000 		.4byte	.LASF4
 462 0040 02       		.uleb128 0x2
 463 0041 04       		.byte	0x4
 464 0042 07       		.byte	0x7
 465 0043 42010000 		.4byte	.LASF5
 466 0047 02       		.uleb128 0x2
 467 0048 08       		.byte	0x8
 468 0049 05       		.byte	0x5
 469 004a 41020000 		.4byte	.LASF6
 470 004e 02       		.uleb128 0x2
 471 004f 08       		.byte	0x8
 472 0050 07       		.byte	0x7
 473 0051 1A020000 		.4byte	.LASF7
 474 0055 03       		.uleb128 0x3
 475 0056 04       		.byte	0x4
 476 0057 05       		.byte	0x5
 477 0058 696E7400 		.ascii	"int\000"
 478 005c 02       		.uleb128 0x2
 479 005d 04       		.byte	0x4
 480 005e 07       		.byte	0x7
 481 005f EA010000 		.4byte	.LASF8
 482 0063 04       		.uleb128 0x4
 483 0064 F0020000 		.4byte	.LASF9
 484 0068 01       		.byte	0x1
 485 0069 E401     		.2byte	0x1e4
 486 006b 24000000 		.4byte	0x24
 487 006f 04       		.uleb128 0x4
 488 0070 E3010000 		.4byte	.LASF10
 489 0074 01       		.byte	0x1
 490 0075 E501     		.2byte	0x1e5
 491 0077 32000000 		.4byte	0x32
 492 007b 02       		.uleb128 0x2
 493 007c 04       		.byte	0x4
 494 007d 04       		.byte	0x4
 495 007e F7000000 		.4byte	.LASF11
 496 0082 02       		.uleb128 0x2
 497 0083 08       		.byte	0x8
 498 0084 04       		.byte	0x4
 499 0085 A4010000 		.4byte	.LASF12
 500 0089 02       		.uleb128 0x2
 501 008a 01       		.byte	0x1
 502 008b 08       		.byte	0x8
 503 008c 4F020000 		.4byte	.LASF13
 504 0090 02       		.uleb128 0x2
 505 0091 08       		.byte	0x8
 506 0092 04       		.byte	0x4
 507 0093 34030000 		.4byte	.LASF14
 508 0097 02       		.uleb128 0x2
 509 0098 04       		.byte	0x4
 510 0099 07       		.byte	0x7
 511 009a 38020000 		.4byte	.LASF15
 512 009e 05       		.uleb128 0x5
 513 009f 08       		.byte	0x8
ARM GAS  C:\Users\JEFFSN~1\AppData\Local\Temp\ccVFFxZM.s 			page 10


 514 00a0 02       		.byte	0x2
 515 00a1 9A       		.byte	0x9a
 516 00a2 EF000000 		.4byte	0xef
 517 00a6 06       		.uleb128 0x6
 518 00a7 F6020000 		.4byte	.LASF16
 519 00ab 02       		.byte	0x2
 520 00ac 9C       		.byte	0x9c
 521 00ad 63000000 		.4byte	0x63
 522 00b1 00       		.byte	0
 523 00b2 06       		.uleb128 0x6
 524 00b3 FD000000 		.4byte	.LASF17
 525 00b7 02       		.byte	0x2
 526 00b8 9D       		.byte	0x9d
 527 00b9 63000000 		.4byte	0x63
 528 00bd 01       		.byte	0x1
 529 00be 06       		.uleb128 0x6
 530 00bf 54010000 		.4byte	.LASF18
 531 00c3 02       		.byte	0x2
 532 00c4 9E       		.byte	0x9e
 533 00c5 63000000 		.4byte	0x63
 534 00c9 02       		.byte	0x2
 535 00ca 06       		.uleb128 0x6
 536 00cb 37010000 		.4byte	.LASF19
 537 00cf 02       		.byte	0x2
 538 00d0 9F       		.byte	0x9f
 539 00d1 63000000 		.4byte	0x63
 540 00d5 03       		.byte	0x3
 541 00d6 06       		.uleb128 0x6
 542 00d7 AB010000 		.4byte	.LASF20
 543 00db 02       		.byte	0x2
 544 00dc A0       		.byte	0xa0
 545 00dd 6F000000 		.4byte	0x6f
 546 00e1 04       		.byte	0x4
 547 00e2 06       		.uleb128 0x6
 548 00e3 4C030000 		.4byte	.LASF21
 549 00e7 02       		.byte	0x2
 550 00e8 A1       		.byte	0xa1
 551 00e9 63000000 		.4byte	0x63
 552 00ed 06       		.byte	0x6
 553 00ee 00       		.byte	0
 554 00ef 07       		.uleb128 0x7
 555 00f0 59010000 		.4byte	.LASF22
 556 00f4 02       		.byte	0x2
 557 00f5 A2       		.byte	0xa2
 558 00f6 9E000000 		.4byte	0x9e
 559 00fa 05       		.uleb128 0x5
 560 00fb 08       		.byte	0x8
 561 00fc 02       		.byte	0x2
 562 00fd B1       		.byte	0xb1
 563 00fe 19010000 		.4byte	0x119
 564 0102 08       		.uleb128 0x8
 565 0103 6300     		.ascii	"c\000"
 566 0105 02       		.byte	0x2
 567 0106 B3       		.byte	0xb3
 568 0107 63000000 		.4byte	0x63
 569 010b 00       		.byte	0
 570 010c 06       		.uleb128 0x6
ARM GAS  C:\Users\JEFFSN~1\AppData\Local\Temp\ccVFFxZM.s 			page 11


 571 010d 31020000 		.4byte	.LASF23
 572 0111 02       		.byte	0x2
 573 0112 B4       		.byte	0xb4
 574 0113 19010000 		.4byte	0x119
 575 0117 04       		.byte	0x4
 576 0118 00       		.byte	0
 577 0119 09       		.uleb128 0x9
 578 011a 04       		.byte	0x4
 579 011b 1F010000 		.4byte	0x11f
 580 011f 0A       		.uleb128 0xa
 581 0120 07       		.uleb128 0x7
 582 0121 1F010000 		.4byte	.LASF24
 583 0125 02       		.byte	0x2
 584 0126 B5       		.byte	0xb5
 585 0127 FA000000 		.4byte	0xfa
 586 012b 0B       		.uleb128 0xb
 587 012c 3B010000 		.4byte	0x13b
 588 0130 3B010000 		.4byte	0x13b
 589 0134 0C       		.uleb128 0xc
 590 0135 97000000 		.4byte	0x97
 591 0139 11       		.byte	0x11
 592 013a 00       		.byte	0
 593 013b 0D       		.uleb128 0xd
 594 013c 63000000 		.4byte	0x63
 595 0140 0E       		.uleb128 0xe
 596 0141 71010000 		.4byte	.LASF25
 597 0145 03       		.byte	0x3
 598 0146 24       		.byte	0x24
 599 0147 51010000 		.4byte	0x151
 600 014b 05       		.uleb128 0x5
 601 014c 03       		.byte	0x3
 602 014d 00000000 		.4byte	USB_DEVICE0_DESCR
 603 0151 0D       		.uleb128 0xd
 604 0152 2B010000 		.4byte	0x12b
 605 0156 0B       		.uleb128 0xb
 606 0157 3B010000 		.4byte	0x13b
 607 015b 66010000 		.4byte	0x166
 608 015f 0C       		.uleb128 0xc
 609 0160 97000000 		.4byte	0x97
 610 0164 64       		.byte	0x64
 611 0165 00       		.byte	0
 612 0166 0E       		.uleb128 0xe
 613 0167 83010000 		.4byte	.LASF26
 614 016b 03       		.byte	0x3
 615 016c 37       		.byte	0x37
 616 016d 77010000 		.4byte	0x177
 617 0171 05       		.uleb128 0x5
 618 0172 03       		.byte	0x3
 619 0173 00000000 		.4byte	USB_DEVICE0_CONFIGURATION0_DESCR
 620 0177 0D       		.uleb128 0xd
 621 0178 56010000 		.4byte	0x156
 622 017c 0B       		.uleb128 0xb
 623 017d 8C010000 		.4byte	0x18c
 624 0181 8C010000 		.4byte	0x18c
 625 0185 0C       		.uleb128 0xc
 626 0186 97000000 		.4byte	0x97
 627 018a 01       		.byte	0x1
ARM GAS  C:\Users\JEFFSN~1\AppData\Local\Temp\ccVFFxZM.s 			page 12


 628 018b 00       		.byte	0
 629 018c 0D       		.uleb128 0xd
 630 018d EF000000 		.4byte	0xef
 631 0191 0F       		.uleb128 0xf
 632 0192 B6010000 		.4byte	.LASF27
 633 0196 03       		.byte	0x3
 634 0197 0E01     		.2byte	0x10e
 635 0199 A3010000 		.4byte	0x1a3
 636 019d 05       		.uleb128 0x5
 637 019e 03       		.byte	0x3
 638 019f 00000000 		.4byte	USB_DEVICE0_CONFIGURATION0_EP_SETTINGS_TABLE
 639 01a3 0D       		.uleb128 0xd
 640 01a4 7C010000 		.4byte	0x17c
 641 01a8 0B       		.uleb128 0xb
 642 01a9 3B010000 		.4byte	0x13b
 643 01ad B8010000 		.4byte	0x1b8
 644 01b1 0C       		.uleb128 0xc
 645 01b2 97000000 		.4byte	0x97
 646 01b6 01       		.byte	0x1
 647 01b7 00       		.byte	0
 648 01b8 0F       		.uleb128 0xf
 649 01b9 00030000 		.4byte	.LASF28
 650 01bd 03       		.byte	0x3
 651 01be 1301     		.2byte	0x113
 652 01c0 CA010000 		.4byte	0x1ca
 653 01c4 05       		.uleb128 0x5
 654 01c5 03       		.byte	0x3
 655 01c6 00000000 		.4byte	USB_DEVICE0_CONFIGURATION0_INTERFACE_CLASS
 656 01ca 0D       		.uleb128 0xd
 657 01cb A8010000 		.4byte	0x1a8
 658 01cf 0B       		.uleb128 0xb
 659 01d0 DF010000 		.4byte	0x1df
 660 01d4 DF010000 		.4byte	0x1df
 661 01d8 0C       		.uleb128 0xc
 662 01d9 97000000 		.4byte	0x97
 663 01dd 04       		.byte	0x4
 664 01de 00       		.byte	0
 665 01df 0D       		.uleb128 0xd
 666 01e0 20010000 		.4byte	0x120
 667 01e4 0F       		.uleb128 0xf
 668 01e5 D6000000 		.4byte	.LASF29
 669 01e9 03       		.byte	0x3
 670 01ea 1B01     		.2byte	0x11b
 671 01ec F6010000 		.4byte	0x1f6
 672 01f0 05       		.uleb128 0x5
 673 01f1 03       		.byte	0x3
 674 01f2 00000000 		.4byte	USB_DEVICE0_CONFIGURATION0_TABLE
 675 01f6 0D       		.uleb128 0xd
 676 01f7 CF010000 		.4byte	0x1cf
 677 01fb 0B       		.uleb128 0xb
 678 01fc DF010000 		.4byte	0x1df
 679 0200 0B020000 		.4byte	0x20b
 680 0204 0C       		.uleb128 0xc
 681 0205 97000000 		.4byte	0x97
 682 0209 02       		.byte	0x2
 683 020a 00       		.byte	0
 684 020b 0F       		.uleb128 0xf
ARM GAS  C:\Users\JEFFSN~1\AppData\Local\Temp\ccVFFxZM.s 			page 13


 685 020c C4000000 		.4byte	.LASF30
 686 0210 03       		.byte	0x3
 687 0211 2601     		.2byte	0x126
 688 0213 1D020000 		.4byte	0x21d
 689 0217 05       		.uleb128 0x5
 690 0218 03       		.byte	0x3
 691 0219 00000000 		.4byte	USB_DEVICE0_TABLE
 692 021d 0D       		.uleb128 0xd
 693 021e FB010000 		.4byte	0x1fb
 694 0222 0B       		.uleb128 0xb
 695 0223 DF010000 		.4byte	0x1df
 696 0227 32020000 		.4byte	0x232
 697 022b 0C       		.uleb128 0xc
 698 022c 97000000 		.4byte	0x97
 699 0230 00       		.byte	0
 700 0231 00       		.byte	0
 701 0232 0F       		.uleb128 0xf
 702 0233 DC020000 		.4byte	.LASF31
 703 0237 03       		.byte	0x3
 704 0238 2E01     		.2byte	0x12e
 705 023a 44020000 		.4byte	0x244
 706 023e 05       		.uleb128 0x5
 707 023f 03       		.byte	0x3
 708 0240 00000000 		.4byte	USB_TABLE
 709 0244 0D       		.uleb128 0xd
 710 0245 22020000 		.4byte	0x222
 711 0249 0E       		.uleb128 0xe
 712 024a C3020000 		.4byte	.LASF32
 713 024e 03       		.byte	0x3
 714 024f FF       		.byte	0xff
 715 0250 5A020000 		.4byte	0x25a
 716 0254 05       		.uleb128 0x5
 717 0255 03       		.byte	0x3
 718 0256 00000000 		.4byte	USB_SN_STRING_DESCRIPTOR
 719 025a 0D       		.uleb128 0xd
 720 025b A8010000 		.4byte	0x1a8
 721 025f 0B       		.uleb128 0xb
 722 0260 3B010000 		.4byte	0x13b
 723 0264 6F020000 		.4byte	0x26f
 724 0268 0C       		.uleb128 0xc
 725 0269 97000000 		.4byte	0x97
 726 026d C2       		.byte	0xc2
 727 026e 00       		.byte	0
 728 026f 0E       		.uleb128 0xe
 729 0270 08010000 		.4byte	.LASF33
 730 0274 03       		.byte	0x3
 731 0275 BF       		.byte	0xbf
 732 0276 80020000 		.4byte	0x280
 733 027a 05       		.uleb128 0x5
 734 027b 03       		.byte	0x3
 735 027c 00000000 		.4byte	USB_STRING_DESCRIPTORS
 736 0280 0D       		.uleb128 0xd
 737 0281 5F020000 		.4byte	0x25f
 738 0285 0B       		.uleb128 0xb
 739 0286 63000000 		.4byte	0x63
 740 028a 95020000 		.4byte	0x295
 741 028e 0C       		.uleb128 0xc
ARM GAS  C:\Users\JEFFSN~1\AppData\Local\Temp\ccVFFxZM.s 			page 14


 742 028f 97000000 		.4byte	0x97
 743 0293 21       		.byte	0x21
 744 0294 00       		.byte	0
 745 0295 0F       		.uleb128 0xf
 746 0296 8E000000 		.4byte	.LASF34
 747 029a 03       		.byte	0x3
 748 029b 5C01     		.2byte	0x15c
 749 029d 85020000 		.4byte	0x285
 750 02a1 05       		.uleb128 0x5
 751 02a2 03       		.byte	0x3
 752 02a3 00000000 		.4byte	USB_idSerialNumberStringDescriptor
 753 02a7 00       		.byte	0
 754              		.section	.debug_abbrev,"",%progbits
 755              	.Ldebug_abbrev0:
 756 0000 01       		.uleb128 0x1
 757 0001 11       		.uleb128 0x11
 758 0002 01       		.byte	0x1
 759 0003 25       		.uleb128 0x25
 760 0004 0E       		.uleb128 0xe
 761 0005 13       		.uleb128 0x13
 762 0006 0B       		.uleb128 0xb
 763 0007 03       		.uleb128 0x3
 764 0008 0E       		.uleb128 0xe
 765 0009 1B       		.uleb128 0x1b
 766 000a 0E       		.uleb128 0xe
 767 000b 10       		.uleb128 0x10
 768 000c 17       		.uleb128 0x17
 769 000d 00       		.byte	0
 770 000e 00       		.byte	0
 771 000f 02       		.uleb128 0x2
 772 0010 24       		.uleb128 0x24
 773 0011 00       		.byte	0
 774 0012 0B       		.uleb128 0xb
 775 0013 0B       		.uleb128 0xb
 776 0014 3E       		.uleb128 0x3e
 777 0015 0B       		.uleb128 0xb
 778 0016 03       		.uleb128 0x3
 779 0017 0E       		.uleb128 0xe
 780 0018 00       		.byte	0
 781 0019 00       		.byte	0
 782 001a 03       		.uleb128 0x3
 783 001b 24       		.uleb128 0x24
 784 001c 00       		.byte	0
 785 001d 0B       		.uleb128 0xb
 786 001e 0B       		.uleb128 0xb
 787 001f 3E       		.uleb128 0x3e
 788 0020 0B       		.uleb128 0xb
 789 0021 03       		.uleb128 0x3
 790 0022 08       		.uleb128 0x8
 791 0023 00       		.byte	0
 792 0024 00       		.byte	0
 793 0025 04       		.uleb128 0x4
 794 0026 16       		.uleb128 0x16
 795 0027 00       		.byte	0
 796 0028 03       		.uleb128 0x3
 797 0029 0E       		.uleb128 0xe
 798 002a 3A       		.uleb128 0x3a
ARM GAS  C:\Users\JEFFSN~1\AppData\Local\Temp\ccVFFxZM.s 			page 15


 799 002b 0B       		.uleb128 0xb
 800 002c 3B       		.uleb128 0x3b
 801 002d 05       		.uleb128 0x5
 802 002e 49       		.uleb128 0x49
 803 002f 13       		.uleb128 0x13
 804 0030 00       		.byte	0
 805 0031 00       		.byte	0
 806 0032 05       		.uleb128 0x5
 807 0033 13       		.uleb128 0x13
 808 0034 01       		.byte	0x1
 809 0035 0B       		.uleb128 0xb
 810 0036 0B       		.uleb128 0xb
 811 0037 3A       		.uleb128 0x3a
 812 0038 0B       		.uleb128 0xb
 813 0039 3B       		.uleb128 0x3b
 814 003a 0B       		.uleb128 0xb
 815 003b 01       		.uleb128 0x1
 816 003c 13       		.uleb128 0x13
 817 003d 00       		.byte	0
 818 003e 00       		.byte	0
 819 003f 06       		.uleb128 0x6
 820 0040 0D       		.uleb128 0xd
 821 0041 00       		.byte	0
 822 0042 03       		.uleb128 0x3
 823 0043 0E       		.uleb128 0xe
 824 0044 3A       		.uleb128 0x3a
 825 0045 0B       		.uleb128 0xb
 826 0046 3B       		.uleb128 0x3b
 827 0047 0B       		.uleb128 0xb
 828 0048 49       		.uleb128 0x49
 829 0049 13       		.uleb128 0x13
 830 004a 38       		.uleb128 0x38
 831 004b 0B       		.uleb128 0xb
 832 004c 00       		.byte	0
 833 004d 00       		.byte	0
 834 004e 07       		.uleb128 0x7
 835 004f 16       		.uleb128 0x16
 836 0050 00       		.byte	0
 837 0051 03       		.uleb128 0x3
 838 0052 0E       		.uleb128 0xe
 839 0053 3A       		.uleb128 0x3a
 840 0054 0B       		.uleb128 0xb
 841 0055 3B       		.uleb128 0x3b
 842 0056 0B       		.uleb128 0xb
 843 0057 49       		.uleb128 0x49
 844 0058 13       		.uleb128 0x13
 845 0059 00       		.byte	0
 846 005a 00       		.byte	0
 847 005b 08       		.uleb128 0x8
 848 005c 0D       		.uleb128 0xd
 849 005d 00       		.byte	0
 850 005e 03       		.uleb128 0x3
 851 005f 08       		.uleb128 0x8
 852 0060 3A       		.uleb128 0x3a
 853 0061 0B       		.uleb128 0xb
 854 0062 3B       		.uleb128 0x3b
 855 0063 0B       		.uleb128 0xb
ARM GAS  C:\Users\JEFFSN~1\AppData\Local\Temp\ccVFFxZM.s 			page 16


 856 0064 49       		.uleb128 0x49
 857 0065 13       		.uleb128 0x13
 858 0066 38       		.uleb128 0x38
 859 0067 0B       		.uleb128 0xb
 860 0068 00       		.byte	0
 861 0069 00       		.byte	0
 862 006a 09       		.uleb128 0x9
 863 006b 0F       		.uleb128 0xf
 864 006c 00       		.byte	0
 865 006d 0B       		.uleb128 0xb
 866 006e 0B       		.uleb128 0xb
 867 006f 49       		.uleb128 0x49
 868 0070 13       		.uleb128 0x13
 869 0071 00       		.byte	0
 870 0072 00       		.byte	0
 871 0073 0A       		.uleb128 0xa
 872 0074 26       		.uleb128 0x26
 873 0075 00       		.byte	0
 874 0076 00       		.byte	0
 875 0077 00       		.byte	0
 876 0078 0B       		.uleb128 0xb
 877 0079 01       		.uleb128 0x1
 878 007a 01       		.byte	0x1
 879 007b 49       		.uleb128 0x49
 880 007c 13       		.uleb128 0x13
 881 007d 01       		.uleb128 0x1
 882 007e 13       		.uleb128 0x13
 883 007f 00       		.byte	0
 884 0080 00       		.byte	0
 885 0081 0C       		.uleb128 0xc
 886 0082 21       		.uleb128 0x21
 887 0083 00       		.byte	0
 888 0084 49       		.uleb128 0x49
 889 0085 13       		.uleb128 0x13
 890 0086 2F       		.uleb128 0x2f
 891 0087 0B       		.uleb128 0xb
 892 0088 00       		.byte	0
 893 0089 00       		.byte	0
 894 008a 0D       		.uleb128 0xd
 895 008b 26       		.uleb128 0x26
 896 008c 00       		.byte	0
 897 008d 49       		.uleb128 0x49
 898 008e 13       		.uleb128 0x13
 899 008f 00       		.byte	0
 900 0090 00       		.byte	0
 901 0091 0E       		.uleb128 0xe
 902 0092 34       		.uleb128 0x34
 903 0093 00       		.byte	0
 904 0094 03       		.uleb128 0x3
 905 0095 0E       		.uleb128 0xe
 906 0096 3A       		.uleb128 0x3a
 907 0097 0B       		.uleb128 0xb
 908 0098 3B       		.uleb128 0x3b
 909 0099 0B       		.uleb128 0xb
 910 009a 49       		.uleb128 0x49
 911 009b 13       		.uleb128 0x13
 912 009c 3F       		.uleb128 0x3f
ARM GAS  C:\Users\JEFFSN~1\AppData\Local\Temp\ccVFFxZM.s 			page 17


 913 009d 19       		.uleb128 0x19
 914 009e 02       		.uleb128 0x2
 915 009f 18       		.uleb128 0x18
 916 00a0 00       		.byte	0
 917 00a1 00       		.byte	0
 918 00a2 0F       		.uleb128 0xf
 919 00a3 34       		.uleb128 0x34
 920 00a4 00       		.byte	0
 921 00a5 03       		.uleb128 0x3
 922 00a6 0E       		.uleb128 0xe
 923 00a7 3A       		.uleb128 0x3a
 924 00a8 0B       		.uleb128 0xb
 925 00a9 3B       		.uleb128 0x3b
 926 00aa 05       		.uleb128 0x5
 927 00ab 49       		.uleb128 0x49
 928 00ac 13       		.uleb128 0x13
 929 00ad 3F       		.uleb128 0x3f
 930 00ae 19       		.uleb128 0x19
 931 00af 02       		.uleb128 0x2
 932 00b0 18       		.uleb128 0x18
 933 00b1 00       		.byte	0
 934 00b2 00       		.byte	0
 935 00b3 00       		.byte	0
 936              		.section	.debug_aranges,"",%progbits
 937 0000 14000000 		.4byte	0x14
 938 0004 0200     		.2byte	0x2
 939 0006 00000000 		.4byte	.Ldebug_info0
 940 000a 04       		.byte	0x4
 941 000b 00       		.byte	0
 942 000c 0000     		.2byte	0
 943 000e 0000     		.2byte	0
 944 0010 00000000 		.4byte	0
 945 0014 00000000 		.4byte	0
 946              		.section	.debug_line,"",%progbits
 947              	.Ldebug_line0:
 948 0000 55000000 		.section	.debug_str,"MS",%progbits,1
 948      02004F00 
 948      00000201 
 948      FB0E0D00 
 948      01010101 
 949              	.LASF35:
 950 0000 474E5520 		.ascii	"GNU C11 5.4.1 20160609 (release) [ARM/embedded-5-br"
 950      43313120 
 950      352E342E 
 950      31203230 
 950      31363036 
 951 0033 616E6368 		.ascii	"anch revision 237715] -mcpu=cortex-m3 -mthumb -g -O"
 951      20726576 
 951      6973696F 
 951      6E203233 
 951      37373135 
 952 0066 30202D66 		.ascii	"0 -ffunction-sections -ffat-lto-objects\000"
 952      66756E63 
 952      74696F6E 
 952      2D736563 
 952      74696F6E 
 953              	.LASF34:
ARM GAS  C:\Users\JEFFSN~1\AppData\Local\Temp\ccVFFxZM.s 			page 18


 954 008e 5553425F 		.ascii	"USB_idSerialNumberStringDescriptor\000"
 954      69645365 
 954      7269616C 
 954      4E756D62 
 954      65725374 
 955              	.LASF3:
 956 00b1 73686F72 		.ascii	"short unsigned int\000"
 956      7420756E 
 956      7369676E 
 956      65642069 
 956      6E7400
 957              	.LASF30:
 958 00c4 5553425F 		.ascii	"USB_DEVICE0_TABLE\000"
 958      44455649 
 958      4345305F 
 958      5441424C 
 958      4500
 959              	.LASF29:
 960 00d6 5553425F 		.ascii	"USB_DEVICE0_CONFIGURATION0_TABLE\000"
 960      44455649 
 960      4345305F 
 960      434F4E46 
 960      49475552 
 961              	.LASF11:
 962 00f7 666C6F61 		.ascii	"float\000"
 962      7400
 963              	.LASF17:
 964 00fd 616C7453 		.ascii	"altSetting\000"
 964      65747469 
 964      6E6700
 965              	.LASF33:
 966 0108 5553425F 		.ascii	"USB_STRING_DESCRIPTORS\000"
 966      53545249 
 966      4E475F44 
 966      45534352 
 966      4950544F 
 967              	.LASF24:
 968 011f 545F5553 		.ascii	"T_USB_LUT\000"
 968      425F4C55 
 968      5400
 969              	.LASF1:
 970 0129 756E7369 		.ascii	"unsigned char\000"
 970      676E6564 
 970      20636861 
 970      7200
 971              	.LASF19:
 972 0137 61747472 		.ascii	"attributes\000"
 972      69627574 
 972      657300
 973              	.LASF5:
 974 0142 6C6F6E67 		.ascii	"long unsigned int\000"
 974      20756E73 
 974      69676E65 
 974      6420696E 
 974      7400
 975              	.LASF18:
 976 0154 61646472 		.ascii	"addr\000"
ARM GAS  C:\Users\JEFFSN~1\AppData\Local\Temp\ccVFFxZM.s 			page 19


 976      00
 977              	.LASF22:
 978 0159 545F5553 		.ascii	"T_USB_EP_SETTINGS_BLOCK\000"
 978      425F4550 
 978      5F534554 
 978      54494E47 
 978      535F424C 
 979              	.LASF25:
 980 0171 5553425F 		.ascii	"USB_DEVICE0_DESCR\000"
 980      44455649 
 980      4345305F 
 980      44455343 
 980      5200
 981              	.LASF26:
 982 0183 5553425F 		.ascii	"USB_DEVICE0_CONFIGURATION0_DESCR\000"
 982      44455649 
 982      4345305F 
 982      434F4E46 
 982      49475552 
 983              	.LASF12:
 984 01a4 646F7562 		.ascii	"double\000"
 984      6C6500
 985              	.LASF20:
 986 01ab 62756666 		.ascii	"bufferSize\000"
 986      65725369 
 986      7A6500
 987              	.LASF27:
 988 01b6 5553425F 		.ascii	"USB_DEVICE0_CONFIGURATION0_EP_SETTINGS_TABLE\000"
 988      44455649 
 988      4345305F 
 988      434F4E46 
 988      49475552 
 989              	.LASF10:
 990 01e3 75696E74 		.ascii	"uint16\000"
 990      313600
 991              	.LASF8:
 992 01ea 756E7369 		.ascii	"unsigned int\000"
 992      676E6564 
 992      20696E74 
 992      00
 993              	.LASF36:
 994 01f7 47656E65 		.ascii	"Generated_Source\\PSoC5\\USB_descr.c\000"
 994      72617465 
 994      645F536F 
 994      75726365 
 994      5C50536F 
 995              	.LASF7:
 996 021a 6C6F6E67 		.ascii	"long long unsigned int\000"
 996      206C6F6E 
 996      6720756E 
 996      7369676E 
 996      65642069 
 997              	.LASF23:
 998 0231 705F6C69 		.ascii	"p_list\000"
 998      737400
 999              	.LASF15:
 1000 0238 73697A65 		.ascii	"sizetype\000"
ARM GAS  C:\Users\JEFFSN~1\AppData\Local\Temp\ccVFFxZM.s 			page 20


 1000      74797065 
 1000      00
 1001              	.LASF6:
 1002 0241 6C6F6E67 		.ascii	"long long int\000"
 1002      206C6F6E 
 1002      6720696E 
 1002      7400
 1003              	.LASF13:
 1004 024f 63686172 		.ascii	"char\000"
 1004      00
 1005              	.LASF37:
 1006 0254 433A5C55 		.ascii	"C:\\Users\\JeffSnyder\\dev\\Electrobass_embedded\\P"
 1006      73657273 
 1006      5C4A6566 
 1006      66536E79 
 1006      6465725C 
 1007 0282 534F4335 		.ascii	"SOC5_electrobass_stringsensors\\CE210514_PSOC3_5_Th"
 1007      5F656C65 
 1007      6374726F 
 1007      62617373 
 1007      5F737472 
 1008 02b4 65726D69 		.ascii	"ermistor.cydsn\000"
 1008      73746F72 
 1008      2E637964 
 1008      736E00
 1009              	.LASF32:
 1010 02c3 5553425F 		.ascii	"USB_SN_STRING_DESCRIPTOR\000"
 1010      534E5F53 
 1010      5452494E 
 1010      475F4445 
 1010      53435249 
 1011              	.LASF31:
 1012 02dc 5553425F 		.ascii	"USB_TABLE\000"
 1012      5441424C 
 1012      4500
 1013              	.LASF2:
 1014 02e6 73686F72 		.ascii	"short int\000"
 1014      7420696E 
 1014      7400
 1015              	.LASF9:
 1016 02f0 75696E74 		.ascii	"uint8\000"
 1016      3800
 1017              	.LASF16:
 1018 02f6 696E7465 		.ascii	"interface\000"
 1018      72666163 
 1018      6500
 1019              	.LASF28:
 1020 0300 5553425F 		.ascii	"USB_DEVICE0_CONFIGURATION0_INTERFACE_CLASS\000"
 1020      44455649 
 1020      4345305F 
 1020      434F4E46 
 1020      49475552 
 1021              	.LASF4:
 1022 032b 6C6F6E67 		.ascii	"long int\000"
 1022      20696E74 
 1022      00
 1023              	.LASF14:
ARM GAS  C:\Users\JEFFSN~1\AppData\Local\Temp\ccVFFxZM.s 			page 21


 1024 0334 6C6F6E67 		.ascii	"long double\000"
 1024      20646F75 
 1024      626C6500 
 1025              	.LASF0:
 1026 0340 7369676E 		.ascii	"signed char\000"
 1026      65642063 
 1026      68617200 
 1027              	.LASF21:
 1028 034c 624D6973 		.ascii	"bMisc\000"
 1028      6300
 1029              		.ident	"GCC: (GNU Tools for ARM Embedded Processors) 5.4.1 20160609 (release) [ARM/embedded-5-bran
