ARM GAS  C:\Users\JEFFSN~1\AppData\Local\Temp\ccDXZAYP.s 			page 1


   1              		.syntax unified
   2              		.cpu cortex-m3
   3              		.fpu softvfp
   4              		.eabi_attribute 20, 1
   5              		.eabi_attribute 21, 1
   6              		.eabi_attribute 23, 3
   7              		.eabi_attribute 24, 1
   8              		.eabi_attribute 25, 1
   9              		.eabi_attribute 26, 1
  10              		.eabi_attribute 30, 1
  11              		.eabi_attribute 34, 1
  12              		.eabi_attribute 18, 4
  13              		.thumb
  14              		.syntax unified
  15              		.file	"USB_hid.c"
  16              		.text
  17              	.Ltext0:
  18              		.section	.gnu.lto_.profile.cdd0bbe4,"",%progbits
  19 0000 789C6361 		.ascii	"x\234ca`\004B \000\000\0009\000\007"
  19      60044220 
  19      00000039 
  19      0007
  20              		.text
  21              		.section	.gnu.lto_.inline.cdd0bbe4,"",%progbits
  22 0000 789C6361 		.ascii	"x\234ca`d\000\001&\006d\000\000\000\236\000\010"
  22      60640001 
  22      26066400 
  22      00009E00 
  22      08
  23              		.text
  24              		.section	.gnu.lto_.jmpfuncs.cdd0bbe4,"",%progbits
  25 0000 789C6361 		.ascii	"x\234ca`d\000\001&\006d\000\000\000\236\000\010"
  25      60640001 
  25      26066400 
  25      00009E00 
  25      08
  26              		.text
  27              		.section	.gnu.lto_.pureconst.cdd0bbe4,"",%progbits
  28 0000 789C6361 		.ascii	"x\234ca`\004B \000\000\0009\000\007"
  28      60044220 
  28      00000039 
  28      0007
  29              		.text
  30              		.section	.gnu.lto_.symbol_nodes.cdd0bbe4,"",%progbits
  31 0000 789C6361 		.ascii	"x\234ca`d`b\000\001\000\000F\000\010"
  31      60646062 
  31      00010000 
  31      460008
  32              		.text
  33              		.section	.gnu.lto_.refs.cdd0bbe4,"",%progbits
  34 0000 789C6361 		.ascii	"x\234ca`\004B \000\000\0009\000\007"
  34      60044220 
  34      00000039 
  34      0007
  35              		.text
  36              		.section	.gnu.lto_.decls.cdd0bbe4,"",%progbits
  37 0000 789C6361 		.ascii	"x\234ca`d\200\001\020K\005\210\377\003\001\210\035\306"
ARM GAS  C:\Users\JEFFSN~1\AppData\Local\Temp\ccDXZAYP.s 			page 2


  37      60648001 
  37      104B0588 
  37      FF030188 
  37      1DC6
  38 0012 40000000 		.ascii	"@\000\000\000\260\216\004~"
  38      B08E047E 
  39              		.text
  40              		.section	.gnu.lto_.symtab.cdd0bbe4,"",%progbits
  41              		.text
  42              		.section	.gnu.lto_.opts,"",%progbits
  43 0000 272D666D 		.ascii	"'-fmath-errno' '-fsigned-zeros' '-ftrapping-math' '"
  43      6174682D 
  43      6572726E 
  43      6F272027 
  43      2D667369 
  44 0033 2D666E6F 		.ascii	"-fno-trapv' '-fno-strict-overflow' '-fno-openmp' '-"
  44      2D747261 
  44      70762720 
  44      272D666E 
  44      6F2D7374 
  45 0066 666E6F2D 		.ascii	"fno-openacc' '-mcpu=cortex-m3' '-mthumb' '-g' '-Og'"
  45      6F70656E 
  45      61636327 
  45      20272D6D 
  45      6370753D 
  46 0099 20272D66 		.ascii	" '-ffunction-sections' '-ffat-lto-objects' '-finlin"
  46      66756E63 
  46      74696F6E 
  46      2D736563 
  46      74696F6E 
  47 00cc 652D6675 		.ascii	"e-functions' '-flto'\000"
  47      6E637469 
  47      6F6E7327 
  47      20272D66 
  47      6C746F27 
  48              		.text
  49              		.cfi_sections	.debug_frame
  50              	.Letext0:
  51              		.section	.debug_info,"",%progbits
  52              	.Ldebug_info0:
  53 0000 83000000 		.4byte	0x83
  54 0004 0400     		.2byte	0x4
  55 0006 00000000 		.4byte	.Ldebug_abbrev0
  56 000a 04       		.byte	0x4
  57 000b 01       		.uleb128 0x1
  58 000c 1C010000 		.4byte	.LASF14
  59 0010 0C       		.byte	0xc
  60 0011 1B000000 		.4byte	.LASF15
  61 0015 67000000 		.4byte	.LASF16
  62 0019 00000000 		.4byte	.Ldebug_line0
  63 001d 02       		.uleb128 0x2
  64 001e 01       		.byte	0x1
  65 001f 06       		.byte	0x6
  66 0020 10010000 		.4byte	.LASF0
  67 0024 02       		.uleb128 0x2
  68 0025 01       		.byte	0x1
  69 0026 08       		.byte	0x8
ARM GAS  C:\Users\JEFFSN~1\AppData\Local\Temp\ccDXZAYP.s 			page 3


  70 0027 59000000 		.4byte	.LASF1
  71 002b 02       		.uleb128 0x2
  72 002c 02       		.byte	0x2
  73 002d 05       		.byte	0x5
  74 002e CF010000 		.4byte	.LASF2
  75 0032 02       		.uleb128 0x2
  76 0033 02       		.byte	0x2
  77 0034 07       		.byte	0x7
  78 0035 FD000000 		.4byte	.LASF3
  79 0039 02       		.uleb128 0x2
  80 003a 04       		.byte	0x4
  81 003b 05       		.byte	0x5
  82 003c DB000000 		.4byte	.LASF4
  83 0040 02       		.uleb128 0x2
  84 0041 04       		.byte	0x4
  85 0042 07       		.byte	0x7
  86 0043 E4000000 		.4byte	.LASF5
  87 0047 02       		.uleb128 0x2
  88 0048 08       		.byte	0x8
  89 0049 05       		.byte	0x5
  90 004a 00000000 		.4byte	.LASF6
  91 004e 02       		.uleb128 0x2
  92 004f 08       		.byte	0x8
  93 0050 07       		.byte	0x7
  94 0051 3C000000 		.4byte	.LASF7
  95 0055 03       		.uleb128 0x3
  96 0056 04       		.byte	0x4
  97 0057 05       		.byte	0x5
  98 0058 696E7400 		.ascii	"int\000"
  99 005c 02       		.uleb128 0x2
 100 005d 04       		.byte	0x4
 101 005e 07       		.byte	0x7
 102 005f 0E000000 		.4byte	.LASF8
 103 0063 02       		.uleb128 0x2
 104 0064 04       		.byte	0x4
 105 0065 04       		.byte	0x4
 106 0066 53000000 		.4byte	.LASF9
 107 006a 02       		.uleb128 0x2
 108 006b 08       		.byte	0x8
 109 006c 04       		.byte	0x4
 110 006d F6000000 		.4byte	.LASF10
 111 0071 02       		.uleb128 0x2
 112 0072 01       		.byte	0x1
 113 0073 08       		.byte	0x8
 114 0074 D6000000 		.4byte	.LASF11
 115 0078 02       		.uleb128 0x2
 116 0079 08       		.byte	0x8
 117 007a 04       		.byte	0x4
 118 007b C3010000 		.4byte	.LASF12
 119 007f 02       		.uleb128 0x2
 120 0080 04       		.byte	0x4
 121 0081 07       		.byte	0x7
 122 0082 D9010000 		.4byte	.LASF13
 123 0086 00       		.byte	0
 124              		.section	.debug_abbrev,"",%progbits
 125              	.Ldebug_abbrev0:
 126 0000 01       		.uleb128 0x1
ARM GAS  C:\Users\JEFFSN~1\AppData\Local\Temp\ccDXZAYP.s 			page 4


 127 0001 11       		.uleb128 0x11
 128 0002 01       		.byte	0x1
 129 0003 25       		.uleb128 0x25
 130 0004 0E       		.uleb128 0xe
 131 0005 13       		.uleb128 0x13
 132 0006 0B       		.uleb128 0xb
 133 0007 03       		.uleb128 0x3
 134 0008 0E       		.uleb128 0xe
 135 0009 1B       		.uleb128 0x1b
 136 000a 0E       		.uleb128 0xe
 137 000b 10       		.uleb128 0x10
 138 000c 17       		.uleb128 0x17
 139 000d 00       		.byte	0
 140 000e 00       		.byte	0
 141 000f 02       		.uleb128 0x2
 142 0010 24       		.uleb128 0x24
 143 0011 00       		.byte	0
 144 0012 0B       		.uleb128 0xb
 145 0013 0B       		.uleb128 0xb
 146 0014 3E       		.uleb128 0x3e
 147 0015 0B       		.uleb128 0xb
 148 0016 03       		.uleb128 0x3
 149 0017 0E       		.uleb128 0xe
 150 0018 00       		.byte	0
 151 0019 00       		.byte	0
 152 001a 03       		.uleb128 0x3
 153 001b 24       		.uleb128 0x24
 154 001c 00       		.byte	0
 155 001d 0B       		.uleb128 0xb
 156 001e 0B       		.uleb128 0xb
 157 001f 3E       		.uleb128 0x3e
 158 0020 0B       		.uleb128 0xb
 159 0021 03       		.uleb128 0x3
 160 0022 08       		.uleb128 0x8
 161 0023 00       		.byte	0
 162 0024 00       		.byte	0
 163 0025 00       		.byte	0
 164              		.section	.debug_aranges,"",%progbits
 165 0000 14000000 		.4byte	0x14
 166 0004 0200     		.2byte	0x2
 167 0006 00000000 		.4byte	.Ldebug_info0
 168 000a 04       		.byte	0x4
 169 000b 00       		.byte	0
 170 000c 0000     		.2byte	0
 171 000e 0000     		.2byte	0
 172 0010 00000000 		.4byte	0
 173 0014 00000000 		.4byte	0
 174              		.section	.debug_line,"",%progbits
 175              	.Ldebug_line0:
 176 0000 19000000 		.section	.debug_str,"MS",%progbits,1
 176      02001300 
 176      00000201 
 176      FB0E0D00 
 176      01010101 
 177              	.LASF6:
 178 0000 6C6F6E67 		.ascii	"long long int\000"
 178      206C6F6E 
ARM GAS  C:\Users\JEFFSN~1\AppData\Local\Temp\ccDXZAYP.s 			page 5


 178      6720696E 
 178      7400
 179              	.LASF8:
 180 000e 756E7369 		.ascii	"unsigned int\000"
 180      676E6564 
 180      20696E74 
 180      00
 181              	.LASF15:
 182 001b 47656E65 		.ascii	"Generated_Source\\PSoC5\\USB_hid.c\000"
 182      72617465 
 182      645F536F 
 182      75726365 
 182      5C50536F 
 183              	.LASF7:
 184 003c 6C6F6E67 		.ascii	"long long unsigned int\000"
 184      206C6F6E 
 184      6720756E 
 184      7369676E 
 184      65642069 
 185              	.LASF9:
 186 0053 666C6F61 		.ascii	"float\000"
 186      7400
 187              	.LASF1:
 188 0059 756E7369 		.ascii	"unsigned char\000"
 188      676E6564 
 188      20636861 
 188      7200
 189              	.LASF16:
 190 0067 433A5C55 		.ascii	"C:\\Users\\JeffSnyder\\dev\\Electrobass_embedded\\P"
 190      73657273 
 190      5C4A6566 
 190      66536E79 
 190      6465725C 
 191 0095 534F4335 		.ascii	"SOC5_electrobass_stringsensors\\CE210514_PSOC3_5_Th"
 191      5F656C65 
 191      6374726F 
 191      62617373 
 191      5F737472 
 192 00c7 65726D69 		.ascii	"ermistor.cydsn\000"
 192      73746F72 
 192      2E637964 
 192      736E00
 193              	.LASF11:
 194 00d6 63686172 		.ascii	"char\000"
 194      00
 195              	.LASF4:
 196 00db 6C6F6E67 		.ascii	"long int\000"
 196      20696E74 
 196      00
 197              	.LASF5:
 198 00e4 6C6F6E67 		.ascii	"long unsigned int\000"
 198      20756E73 
 198      69676E65 
 198      6420696E 
 198      7400
 199              	.LASF10:
 200 00f6 646F7562 		.ascii	"double\000"
ARM GAS  C:\Users\JEFFSN~1\AppData\Local\Temp\ccDXZAYP.s 			page 6


 200      6C6500
 201              	.LASF3:
 202 00fd 73686F72 		.ascii	"short unsigned int\000"
 202      7420756E 
 202      7369676E 
 202      65642069 
 202      6E7400
 203              	.LASF0:
 204 0110 7369676E 		.ascii	"signed char\000"
 204      65642063 
 204      68617200 
 205              	.LASF14:
 206 011c 474E5520 		.ascii	"GNU C11 5.4.1 20160609 (release) [ARM/embedded-5-br"
 206      43313120 
 206      352E342E 
 206      31203230 
 206      31363036 
 207 014f 616E6368 		.ascii	"anch revision 237715] -mcpu=cortex-m3 -mthumb -g -O"
 207      20726576 
 207      6973696F 
 207      6E203233 
 207      37373135 
 208 0182 67202D66 		.ascii	"g -ffunction-sections -ffat-lto-objects -finline-fu"
 208      66756E63 
 208      74696F6E 
 208      2D736563 
 208      74696F6E 
 209 01b5 6E637469 		.ascii	"nctions -flto\000"
 209      6F6E7320 
 209      2D666C74 
 209      6F00
 210              	.LASF12:
 211 01c3 6C6F6E67 		.ascii	"long double\000"
 211      20646F75 
 211      626C6500 
 212              	.LASF2:
 213 01cf 73686F72 		.ascii	"short int\000"
 213      7420696E 
 213      7400
 214              	.LASF13:
 215 01d9 73697A65 		.ascii	"sizetype\000"
 215      74797065 
 215      00
 216              		.comm	__gnu_lto_v1,1,1
 217              		.ident	"GCC: (GNU Tools for ARM Embedded Processors) 5.4.1 20160609 (release) [ARM/embedded-5-bran
