ARM GAS  C:\Users\JEFFSN~1\AppData\Local\Temp\ccrPNkwV.s 			page 1


   1              		.syntax unified
   2              		.cpu cortex-m3
   3              		.fpu softvfp
   4              		.eabi_attribute 20, 1
   5              		.eabi_attribute 21, 1
   6              		.eabi_attribute 23, 3
   7              		.eabi_attribute 24, 1
   8              		.eabi_attribute 25, 1
   9              		.eabi_attribute 26, 1
  10              		.eabi_attribute 30, 1
  11              		.eabi_attribute 34, 1
  12              		.eabi_attribute 18, 4
  13              		.thumb
  14              		.syntax unified
  15              		.file	"USB_Vbus_ps.c"
  16              		.text
  17              	.Ltext0:
  18              		.section	.gnu.lto_.profile.7239de8c,"",%progbits
  19 0000 789C6361 		.ascii	"x\234ca`d`a`\000\222\016\342\000\001\001\000b"
  19      60646061 
  19      6000920E 
  19      E2000101 
  19      0062
  20              		.text
  21              		.section	.gnu.lto_.inline.7239de8c,"",%progbits
  22 0000 789C6361 		.ascii	"x\234ca`d\000\201J\006\004`e``afd`b\272\300\317\300"
  22      60640081 
  22      4A060460 
  22      65606061 
  22      66646062 
  23 0018 B6409E09 		.ascii	"\266@\236\011$\306\310\300%\015\024b\373\240\007\027"
  23      24C6C8C0 
  23      250D1462 
  23      FBA00717 
  24 0028 62E2060A 		.ascii	"b\342\006\012O\360\003Q\014L\370\245\231\031XY\200\322"
  24      4FF00351 
  24      0C4CF8A5 
  24      99195859 
  24      80D2
  25 003a 2C0BE4E1 		.ascii	",\013\344\341\322,\230v0\000\000\363\364\013\240"
  25      D22C9876 
  25      300000F3 
  25      F40BA0
  26              		.text
  27              		.section	.gnu.lto_.jmpfuncs.7239de8c,"",%progbits
  28 0000 789C6361 		.ascii	"x\234ca`d\000\001Q\006\004`\005b\260(\023\210`f``\001"
  28      60640001 
  28      51060460 
  28      0562B028 
  28      13886066 
  29 0017 52000460 		.ascii	"R\000\004`\000*"
  29      002A
  30              		.text
  31              		.section	.gnu.lto_.pureconst.7239de8c,"",%progbits
  32 0000 789C6361 		.ascii	"x\234ca`d\340f```e\220b\224b\222b\226b\221\002\000\003"
  32      6064E066 
  32      60606065 
ARM GAS  C:\Users\JEFFSN~1\AppData\Local\Temp\ccrPNkwV.s 			page 2


  32      90629462 
  32      92629662 
  33 0018 FE00A2   		.ascii	"\376\000\242"
  34              		.text
  35              		.section	.gnu.lto_USB_Vbus_ps_Read.7239de8c,"",%progbits
  36 0000 789C6361 		.ascii	"x\234ca`d\000\201\033@\254\016\304\322@\314\310\314"
  36      60640081 
  36      1B40AC0E 
  36      C4D240CC 
  36      C8CC
  37 0012 C0C834E1 		.ascii	"\300\3104\341\034\003C#\007\023##\210\321\300\301\310"
  37      1C034323 
  37      07132323 
  37      88D1C0C1 
  37      C8
  38 0023 50CFC458 		.ascii	"P\317\304X\317\370\225\351/\023\343\351\357'z\2704\227"
  38      CFF895E9 
  38      2F13E3E9 
  38      EF277AB8 
  38      3497
  39 0035 37343435 		.ascii	"7445<Xz\231y\372\212\003\214\255\314\014\014\377\231"
  39      3C587A99 
  39      79FA8A03 
  39      8CADCC0C 
  39      0CFF99
  40 0048 18188D65 		.ascii	"\030\030\215e\030\015d@F,g\324d\000*}\264\361\337T^"
  40      180D6440 
  40      462C67D4 
  40      64002A7D 
  40      B4F1DF54 
  41 005d B6960620 		.ascii	"\266\226\006 P\000)\000\312\254`d\003Y\271>\350@\303"
  41      50002900 
  41      CAAC6064 
  41      0359B93E 
  41      E840C3
  42 0070 FFFFCD0D 		.ascii	"\377\377\315\015\007\346\262>dbfb\000\231\300\360\001"
  42      07E6B23E 
  42      64626662 
  42      0099C0F0 
  42      01
  43 0081 A80264DF 		.ascii	"\250\002d\337G&&\020\315\374\214\361\320\257\256\177"
  43      47262610 
  43      CDFC8CF1 
  43      D0AFAE7F 
  44 0091 4798419A 		.ascii	"G\230A\232\232\231AvOk=t\236\375\013S+3##\310\374\347"
  44      9A994176 
  44      4F6B3D74 
  44      9EFD0B53 
  44      2B332323 
  45 00a8 D3A77D65 		.ascii	"\323\247}e\206p\337\237hl`\001\012m\356i\337\317<\237"
  45      8670DF9F 
  45      686C6001 
  45      0A6DEE69 
  45      DFCF3C9F 
  46 00bc 716E630B 		.ascii	"qnc\013\320UL\214\253\030e\030W2\002\335\304\270\232"
  46      D0554C8C 
  46      AB186518 
ARM GAS  C:\Users\JEFFSN~1\AppData\Local\Temp\ccrPNkwV.s 			page 3


  46      573202DD 
  46      C4B89A
  47 00cf 713E23C3 		.ascii	"q>#\303+F&\250a\014`\373\030A\366\000\331\252\356\251"
  47      2B4626A8 
  47      610C60FB 
  47      1841F600 
  47      D9AAEEA9 
  48 00e3 79A94589 		.ascii	"y\251E\211%\251)\361\301\371\245E\311\2511\001\301\371"
  48      25A929F1 
  48      C1F9A545 
  48      C9A93101 
  48      C1F9
  49 00f5 CEA631A1 		.ascii	"\316\2461\241\301N\361aI\245\305\361\005\305z\311\014"
  49      C14EF161 
  49      49A5C5F1 
  49      05C57AC9 
  49      0C
  50 0106 00E79459 		.ascii	"\000\347\224YP"
  50      50
  51              		.text
  52              		.section	.gnu.lto_USB_Vbus_ps_InterruptEnable.7239de8c,"",%progbits
  53 0000 789C7D90 		.ascii	"x\234}\220\313K\033Q\024\306\317wof\022+m\263qe\026"
  53      CB4B1B51 
  53      14C6CF77 
  53      6F66122B 
  53      6DB37165 
  54 0015 6E02BA11 		.ascii	"n\002\272\021\241\264\177@\273\350V\014\272\022B\325"
  54      A1B47F40 
  54      BBE8560C 
  54      BA1242D5 
  55 0025 59B8F041 		.ascii	"Y\270\360A\036\353\334d2\244\270\022\305d\025\263\020"
  55      1EEBDC64 
  55      32A4B812 
  55      C56415B3 
  55      10
  56 0036 89AFAA59 		.ascii	"\211\257\252YivCv\202(\272\264\010\342\"\210\210\244"
  56      69764376 
  56      8228BAB4 
  56      08E22288 
  56      88A4
  57 0048 A5D207A4 		.ascii	"\245\322\007\244\323sg\226\005\017\3349w.\337\371\235"
  57      D3736796 
  57      050FDC39 
  57      772EDFF9 
  57      9D
  58 0059 F39D1081 		.ascii	"\363\235\020\201t\\qz\307\271\237\017$A,\237\021\345"
  58      745C717A 
  58      C7B99F0F 
  58      24412C9F 
  58      11E5
  59 006b 2302D017 		.ascii	"#\002\320\027\025\001\345\004rx\022]\201V\251\335\024"
  59      1501E504 
  59      7278125D 
  59      8156A9DD 
  59      14
  60 007c 4375C571 		.ascii	"Cu\305q\263\271.\325\226\013G\022y\302'\021\352\030"
  60      B3B92ED5 
ARM GAS  C:\Users\JEFFSN~1\AppData\Local\Temp\ccrPNkwV.s 			page 4


  60      960B4712 
  60      79C22711 
  60      EA18
  61 008e 2296AD7E 		.ascii	"\"\226\255~\277>6\345 \364\375j\177\271\370\"\276\241"
  61      BF3E36E5 
  61      20F4FD6A 
  61      7FB9F822 
  61      BEA1
  62 00a0 5441B93F 		.ascii	"TA\271?\347*\312\315\0178\022\330\202\344*\274\211a"
  62      E72ACACD 
  62      0F3812D8 
  62      82E42ABC 
  62      8961
  63 00b2 24E6D7B2 		.ascii	"$\346\327\262\364\266\361w\355\245Y\324\364\001l#\036"
  63      F4B6F177 
  63      EDA559D4 
  63      F4016C23 
  63      1E
  64 00c3 70B10393 		.ascii	"p\261\003\223G\204~9\030s\225\347\331\312}2\2722\302"
  64      47847E39 
  64      187395E7 
  64      D9CA7D32 
  64      BA32C2
  65 00d6 C3F25B88 		.ascii	"\303\362[\210\034)\014\375!\352\360\321S\177\023Bgy"
  65      1C290CFD 
  65      21EAF0D1 
  65      537F1342 
  65      6779
  66 00e8 07DBFDDD 		.ascii	"\007\333\375\335\200F\330Rr\213f\363\341k8\327U\237"
  66      8046D852 
  66      728B66F3 
  66      E16B38D7 
  66      559F
  67 00fa 958A3A92 		.ascii	"\225\212:\222G\320\344]\344\270<D\267\020~3\206\262"
  67      47D0E45D 
  67      E4B83C44 
  67      B7107E33 
  67      86B2
  68 010c 9ADA68FD 		.ascii	"\232\332h\375Yz\254\364\004\325!\256.;\255\363\360\017"
  68      597AACF4 
  68      04D521AE 
  68      2E3BADF3 
  68      F00F
  69 011e E148C3B7 		.ascii	"\341H\303\267v\261\273b\277\016~k'y\245\025\307G\245"
  69      76B1BB62 
  69      BF0E7E6B 
  69      2779A515 
  69      C747A5
  70 0131 BA594335 		.ascii	"\272YC5_\344\305\230\370\202\030\366\300\006\261\217"
  70      5FE4C598 
  70      F88218F6 
  70      C006B18F 
  71 0141 1A9868FF 		.ascii	"\032\230h\3772\003\234\021\020/;\247\325^\215\020\210"
  71      32039C11 
  71      102F3BA7 
  71      D55E8D10 
  71      88
ARM GAS  C:\Users\JEFFSN~1\AppData\Local\Temp\ccrPNkwV.s 			page 5


  72 0152 E28095DC 		.ascii	"\342\200\225\334\264\354\317\373\034\354\220a\214\240"
  72      B4ECCFFB 
  72      1CEC9061 
  72      8CA0
  73 0160 3B14DD6E 		.ascii	";\024\335n\237V\323\177\336\302\036\357\200\320`ol\306"
  73      9F56D37F 
  73      DEC21EEF 
  73      80D0606F 
  73      6CC6
  74 0172 9111BA47 		.ascii	"\221\021\272G\301\365\014_\255\243\303\336yG,\212\177"
  74      C1F50C5F 
  74      ADA3C3DE 
  74      79472C8A 
  74      7F
  75 0183 B4E6ADD4 		.ascii	"\264\346\255\324\247\2145\223L,dS\323\326\344hb\341"
  75      A78C3593 
  75      4C2C6453 
  75      D3D6E468 
  75      62E1
  76 0195 C3DBC9F1 		.ascii	"\303\333\311\361\304\373\344\304T6\235\\L\017O\323\253"
  76      C4FBE4C4 
  76      54369D5C 
  76      4C0F4FD3 
  76      AB
  77 01a6 D9F98C95 		.ascii	"\331\371\214\225Je\0273\211\014k\377\001\350\015\257"
  77      4A651733 
  77      890C6BFF 
  77      01E80DAF 
  78 01b6 44       		.ascii	"D"
  79              		.text
  80              		.section	.gnu.lto_USB_Vbus_ps_InterruptDisable.7239de8c,"",%progbits
  81 0000 789C7D90 		.ascii	"x\234}\220\277K[Q\024\307\317\367\336\344&\004\324N"
  81      BF4B5B51 
  81      14C7CFF7 
  81      DEE42604 
  81      D44E
  82 0012 2ECDE012 		.ascii	".\315\340\022h\226\"H\375\003*\324U\032t\022B\033\337"
  82      68962248 
  82      FD032AD4 
  82      551A7412 
  82      421BDF
  83 0025 D0254A7E 		.ascii	"\320%J~\314\271\361\345Uq\012)M\241 \001\035bkkt\252"
  83      CCB9F1E5 
  83      55710A29 
  83      4DA12001 
  83      1D626B6B 
  84 003b D95E3304 		.ascii	"\331^3\004\352\240H)\205F\2518\004\021\241*\272\224"
  84      EAA04829 
  84      8546A938 
  84      0411A12A 
  84      BA94
  85 004d DA78EE7B 		.ascii	"\332x\356{\243\340\201\373\316}\227\357\371\234\363"
  85      A3E081FB 
  85      CE7D97EF 
  85      F99CF3
  86 005c 3D010299 		.ascii	"=\001\002\231\370\315i\224\363C>\220\004Q\336%*\206"
  86      F8CD6994 
ARM GAS  C:\Users\JEFFSN~1\AppData\Local\Temp\ccrPNkwV.s 			page 6


  86      F3433E90 
  86      0451DE25 
  86      2A86
  87 006e 05602E3A 		.ascii	"\005`.:\014*\010\024p-n\004Z\013\335\246\210\3275\307"
  87      0C2A0814 
  87      702D6E04 
  87      5A0BDDA6 
  87      88D735C7 
  88 0082 91733AAC 		.ascii	"\221s:\254\327\\8\222\250'<\022\241\2168\261\354\315"
  88      D75C3892 
  88      A8273C12 
  88      A18E38B1 
  88      ECCD
  89 0094 E5E1B692 		.ascii	"\345\341\266\222\217`\356\2776\312\245HlU\353y\355\376"
  89      8F60EEBF 
  89      36CAA548 
  89      6C55EB79 
  89      EDFE
  90 00a6 68F7BDD3 		.ascii	"h\367\275\323nq\310\221\300\032$\227a$\212\341\250W"
  90      6E71C891 
  90      C01A2497 
  90      61248AE1 
  90      A857
  91 00b8 CCDAE3AD 		.ascii	"\314\332\343\255\377o\373T\311\340\207\360\0011\037"
  91      FF6FFB54 
  91      C9E087F0 
  91      01311F
  92 00c7 8C8F503C 		.ascii	"\214\217P<#\314K\343\271\253{=[\273\337\325\327\003"
  92      23CC4BE3 
  92      B9AB7B3D 
  92      5BBBDFD5 
  92      D703
  93 00d9 15E671F9 		.ascii	"\025\346q\3711@\216\024A\363!:\347c\346\276\020\302"
  93      31408E14 
  93      41F3213A 
  93      E763E6BE 
  93      10C2
  94 00eb 647902DB 		.ascii	"dy\002\333\375\371z\3200l)\271G\263y\326\011\025n\364"
  94      FDF97AD0 
  94      306C29B9 
  94      47B379D6 
  94      09156EF4 
  95 00ff A2D60F1C 		.ascii	"\242\326\017\034\3113\030\364:\012\\\036\240c\010\257"
  95      C93318F4 
  95      3A0A5C1E 
  95      A06308AF 
  96 010f 1B43594D 		.ascii	"\033CYM]\264\376.u\337W\340\227\007\270\274\352\264"
  96      5DB4FE2E 
  96      75DF57E0 
  96      9707B8BC 
  96      EAB4
  97 0121 F64257C2 		.ascii	"\366BW\302\221A\317\335\376z\305\036\360\177k\337\212"
  97      9141CFDD 
  97      FE7AC51E 
  97      F07F6BDF 
  97      8A
  98 0132 DA28B6BF 		.ascii	"\332(\266\277,\324U\015\313\305\022\357F\3413\242\370"
ARM GAS  C:\Users\JEFFSN~1\AppData\Local\Temp\ccrPNkwV.s 			page 7


  98      2CD4550D 
  98      CBC512EF 
  98      46E133A2 
  98      F8
  99 0143 04B6880D 		.ascii	"\004\266\210\015\324\300H\373\237\362qA\237\270\262"
  99      D4C048FB 
  99      9FF27141 
  99      9FB8B2
 100 0152 B3DC8A18 		.ascii	"\263\334\212\030\204\302\037\240\301Rn[\365Z\336G\333"
 100      84C21FA0 
 100      C1526E5B 
 100      F55ADE47 
 100      DB
 101 0163 641A33E8 		.ascii	"d\0323\350\004%\267\323\366\306\246;\366B=^\003a\213"
 101      0425B7D3 
 101      F6C6A63B 
 101      F6423D5E 
 101      03618B
 102 0176 EDB11F47 		.ascii	"\355\261\037G\206\351\024\363\356\3413Om\342\234\355"
 102      86E914F3 
 102      EEE1334F 
 102      6DE29CED 
 103 0186 F39A5814 		.ascii	"\363\232X\024\033\267\322V\346E\316\232I&f\363\231\224"
 103      1BB7D256 
 103      E645CE9A 
 103      492666F3 
 103      9994
 104 0198 353D9198 		.ascii	"5=\221\230\035{2=\231x\232\234z\231\317&\347\262\217"
 104      1D7B323D 
 104      99789A9C 
 104      7A99CF26 
 104      E7B28F
 105 01ab 53D4FF2A 		.ascii	"S\324\377*\235\2632\231\374\\.\221c\355-\204+\261\354"
 105      9DB33299 
 105      FC5C2E91 
 105      63ED2D84 
 105      2BB1EC
 106              		.text
 107              		.section	.gnu.lto_USB_Vbus_ps_WriteMask.7239de8c,"",%progbits
 108 0000 789C2590 		.ascii	"x\234%\220;K\003A\024\205\357\231\211nP\362\013\334"
 108      3B4B0341 
 108      1485EF99 
 108      896E50F2 
 108      0BDC
 109 0012 C2463420 		.ascii	"\302F4 \"\210\376\000-R\011b\320*\0224n%>H\264\316\344"
 109      2288FE00 
 109      2D520962 
 109      D02A1234 
 109      6E253E48 
 110 0029 B1112B6D 		.ascii	"\261\021+m\024\021\304B4\2765\205\205\332\254)\004A"
 110      1411C442 
 110      34BE3585 
 110      85DAAC29 
 110      0441
 111 003b 94341662 		.ascii	"\2244\026b!\242),$\276*\037\353\235\315\300p\357\\\316"
 111      21A2292C 
 111      24BE2A1F 
ARM GAS  C:\Users\JEFFSN~1\AppData\Local\Temp\ccrPNkwV.s 			page 8


 111      EB9DCDC0 
 111      70EF5CCE 
 112 004f F9E6CCF8 		.ascii	"\371\346\314\370\010\244W/\227V\256\015\274!\011b\341"
 112      08A4572F 
 112      9756AE0D 
 112      BC210962 
 112      E1
 113 0060 9A28E517 		.ascii	"\232(\345\027\200n\224\037\224\024H\342K\374\012\024"
 113      806E941F 
 113      941448E2 
 113      4BFC0A14 
 114 0070 67CB2722 		.ascii	"g\313'\"\230W\274\036\236?\332\325\226\003[\022\271"
 114      9857BC1E 
 114      9E3FDAD5 
 114      96035B12 
 114      B9
 115 0081 C22311F2 		.ascii	"\302#\021\362\010\262\312\335<\232\363\313\026\020\367"
 115      08B2CADD 
 115      3C9AF3CB 
 115      1610F7
 116 0090 CBB9A78B 		.ascii	"\313\271\247\213@\363\206Ri\245\026\207\224\264%\260"
 116      40F38652 
 116      69A51687 
 116      94B425B0 
 117 00a0 05C90E74 		.ascii	"\005\311\016t\230h7\211\007\204m4k\361c\341o1P\233\325"
 117      98683789 
 117      07846D34 
 117      6BF163E1 
 117      6F31509B 
 118 00b5 F8C62A14 		.ascii	"\370\306*\024;\250\3251\017\373\035\345\272\031\345"
 118      3BA8D531 
 118      0FFB1DE5 
 118      BA19E5
 119 00c4 148CF353 		.ascii	"\024\214\363S\243\006\320\026Q5R\205\225:\353\233\020"
 119      A306D016 
 119      51355285 
 119      953AEB9B 
 119      10
 120 00d5 BACA3232 		.ascii	"\272\31222?\271\333\325.m\316H\221\221`\366\361\354"
 120      3FB9DBD5 
 120      2E6DCE48 
 120      919160F6 
 120      F1EC
 121 00e7 55A1EE53 		.ascii	"U\241\356S\350\373\201]\230\364\010\341\321\031\301"
 121      E8FB815D 
 121      98F408E1 
 121      D119C1
 122 00f6 222AA3B8 		.ascii	"\"*\243\270Rx-\031z\306\362%\273xch\271\360\236qW\272"
 122      52782D19 
 122      7AC6F225 
 122      BB786368 
 122      B9F09E71 
 123 010c 71EBABC7 		.ascii	"q\353\253\307\371\313\224\362\361\350~\375\375;\260"
 123      F9CB94F2 
 123      F1E87EFD 
 123      FD3BB0
 124 011b 86D55436 		.ascii	"\206\325T6\245T\275-%\366ab\217\311\204\003\254AC_\220"
ARM GAS  C:\Users\JEFFSN~1\AppData\Local\Temp\ccrPNkwV.s 			page 9


 124      A554BD2D 
 124      25F66162 
 124      8FC98403 
 124      AC41435F 
 125 0130 76CE421A 		.ascii	"v\316B\032\351\375O\205a\034\220\3436\205\254\011+>"
 125      E9FD4F85 
 125      611C90E3 
 125      3685AC09 
 125      2B3E
 126 0142 3C6D8D46 		.ascii	"<m\215F\303\2233\361\230\025\351\013O\366tF\006\302"
 126      C39333F1 
 126      9815E90B 
 126      4FF67446 
 126      06C2
 127 0154 DDD1C191 		.ascii	"\335\321\301\221\231Dt*\321\026#\337\370pb\354\037\265"
 127      9944742A 
 127      D11623DF 
 127      F87062EC 
 127      1FB5
 128 0166 958047   		.ascii	"\225\200G"
 129              		.text
 130              		.section	.gnu.lto_USB_Vbus_ps_ReadMask.7239de8c,"",%progbits
 131 0000 789C6361 		.ascii	"x\234ca`d\000\201\233@\254\016\304\322@\314\310\314"
 131      60640081 
 131      9B40AC0E 
 131      C4D240CC 
 131      C8CC
 132 0012 C0C834E1 		.ascii	"\300\3104\341\034\003C#\007\023##\210\321\300\301\310"
 132      1C034323 
 132      07132323 
 132      88D1C0C1 
 132      C8
 133 0023 50CFC458 		.ascii	"P\317\304X\317\370\225\351/\023\343\351\357'z\2704\227"
 133      CFF895E9 
 133      2F13E3E9 
 133      EF277AB8 
 133      3497
 134 0035 37343435 		.ascii	"7445<8\372\337b\372\212\003\214\255\314\014\014\377"
 134      3C38FADF 
 134      62FA8A03 
 134      8CADCC0C 
 134      0CFF
 135 0047 9918188D 		.ascii	"\231\030\030\215e\030\015d@F,g\324d\000*}\264\361\337"
 135      65180D64 
 135      40462C67 
 135      D464002A 
 135      7DB4F1DF 
 136 005b 545EB696 		.ascii	"T^\266\226\006 P\000)\000\312\254`d\003Y\271>\350@\303"
 136      06205000 
 136      2900CAAC 
 136      60640359 
 136      B93EE840 
 137 0070 FFFFCD0D 		.ascii	"\377\377\315\015\007\376\263\037\234\304\305\314\304"
 137      07FEB31F 
 137      9CC4C5CC 
 137      C4
 138 007d 003282E1 		.ascii	"\0002\202\341\003P\011\310\302\217LL \232\371\031\343"
ARM GAS  C:\Users\JEFFSN~1\AppData\Local\Temp\ccrPNkwV.s 			page 10


 138      035009C8 
 138      C28F4C4C 
 138      209AF919 
 138      E3
 139 008e A15F5DC7 		.ascii	"\241_]\307VX\200t53\203,\237\326z\350<\373\027\246V"
 139      56588074 
 139      3533832C 
 139      9FD67AE8 
 139      3CFB17A6 
 140 00a3 66464690 		.ascii	"fFF\220\005\267.\236\377\317\015\341\366\237ll`\001"
 140      05B72E9E 
 140      FFCF0DE1 
 140      F69F6C6C 
 140      6001
 141 00b5 0ADD59FC 		.ascii	"\012\335Y\374\3517\357|\306\271\215-@g11\256b\224a\\"
 141      E937EF7C 
 141      C6B98D2D 
 141      40673131 
 141      AE629461 
 142 00ca C9087414 		.ascii	"\311\010t\024\343j\306\371\214\014\257\030\231\240\206"
 142      E36AC6F9 
 142      8C0CAF18 
 142      99A086
 143 00d9 3180ED63 		.ascii	"1\200\355c\004\331\003d\253\272\247\346\245\026%\226"
 143      04D90364 
 143      ABBAA7E6 
 143      A5162596 
 144 00e9 A4A6C407 		.ascii	"\244\246\304\007\347\227\026%\247\306\004\004\347;\233"
 144      E7971625 
 144      A7C60404 
 144      E73B9B
 145 00f8 C684063B 		.ascii	"\306\204\006;\305\207%\225\026\307\027\024\353%3\000"
 145      C5872595 
 145      16C71714 
 145      EB253300 
 146 0108 006C1C5B 		.ascii	"\000l\034[\233"
 146      9B
 147              		.text
 148              		.section	.gnu.lto_.symbol_nodes.7239de8c,"",%progbits
 149 0000 789C55C8 		.ascii	"x\234U\310\261\021\204@\014CQ\311\336\335:\240Rm\011"
 149      B1118440 
 149      0C4351C9 
 149      DEDD3AA0 
 149      526D09
 150 0013 97D10011 		.ascii	"\227\321\000\021u\020S\0034\302`\340\002\254D\363_\001"
 150      75105303 
 150      34C260E0 
 150      02AC44F3 
 150      5F01
 151 0025 31216610 		.ascii	"1!f\020\360\333p\337\322\307\000\212\031L\226\301\345"
 151      F0DB70DF 
 151      D2C7008A 
 151      194C96C1 
 151      E5
 152 0036 198A4A02 		.ascii	"\031\212J\0026\325\007\200\336\207\350\252\366mg\303"
 152      36D50780 
 152      DE87E8AA 
ARM GAS  C:\Users\JEFFSN~1\AppData\Local\Temp\ccrPNkwV.s 			page 11


 152      F66D67C3 
 153 0046 BC9F7456 		.ascii	"\274\237tV\254G\274\375\333\336\306\005\363Q#\206"
 153      AC47BCFD 
 153      DBDEC605 
 153      F3512386 
 154              		.text
 155              		.section	.gnu.lto_.refs.7239de8c,"",%progbits
 156 0000 789C6361 		.ascii	"x\234ca`\004B \000\000\0009\000\007"
 156      60044220 
 156      00000039 
 156      0007
 157              		.text
 158              		.section	.gnu.lto_.decls.7239de8c,"",%progbits
 159 0000 789C9D53 		.ascii	"x\234\235SkH\024Q\024\2363w\\m\262\214\250\020\032\310"
 159      6B481451 
 159      149E3377 
 159      5C6DB28C 
 159      A8101AC8 
 160 0014 824208A4 		.ascii	"\202B\010\244\210\300_\021mO\250\210D\373\023\310\272"
 160      88C05F11 
 160      6D4FA888 
 160      44FB13C8 
 160      BA
 161 0025 0DB515AB 		.ascii	"\015\265\025\253\354\216\220\377ni\357 \243,6{\230\206"
 161      EC8E90FF 
 161      6E69EF20 
 161      A32C367B 
 161      9886
 162 0037 69595A5B 		.ascii	"iYZ[\231\232\272\233\271k\221fO\010\003\015\353\207"
 162      999ABA9B 
 162      B96B9166 
 162      4F08030D 
 162      EB87
 163 0049 243DA83F 		.ascii	"$=\250?\021f\347\336\231q\306m\215\350\300\331\271\347"
 163      1166E7DE 
 163      9971C66D 
 163      8DE8C0D9 
 163      B9E7
 164 005b DEEF7CDF 		.ascii	"\336\357|\337w\037+\011 \260\310L\020\20498\3240G1\034"
 164      771F2B09 
 164      20B0C84C 
 164      10843938 
 164      D4304731 
 165 0070 38972358 		.ascii	"8\227#X\221\210y\013\363\016f#f\013f+f;fX\3703\030\226"
 165      9188790B 
 165      F30E6623 
 165      660B662B 
 165      663B6658 
 166 0088 60366046 		.ascii	"`6`F0\037\032\363`\254\305\006\343\235dh\262\036\005"
 166      301F1AF3 
 166      60ACC506 
 166      E39D6468 
 166      B21E05
 167 009b 338A79D3 		.ascii	"3\212y\323\326\337\205\331l\340\211\321\0236<\304F\343"
 167      D6DF85D9 
 167      6CE089D1 
 167      13363CC4 
ARM GAS  C:\Users\JEFFSN~1\AppData\Local\Temp\ccrPNkwV.s 			page 12


 167      46E3
 168 00ad 7FF035FE 		.ascii	"\177\3605\376\205\217\355W\262\361\305\356\251%NO\353"
 168      858FED57 
 168      B2F1C5EE 
 168      A9254E4F 
 168      EB
 169 00be 5FCEA035 		.ascii	"_\316\2405\016~D\204s\341\013\035\011}\360\006@\000"
 169      0E7E4484 
 169      73E10B1D 
 169      097DF006 
 169      4000
 170 00d0 1E82713F 		.ascii	"\036\202q?\002\2331\276l\000z!\232|`\202L\011\016\007"
 170      029B31BE 
 170      6C007A21 
 170      9A7C6082 
 170      4C090E07 
 171 00e4 41E4F8B1 		.ascii	"A\344\370\261y\0237\2469j\2065\005ca\"a<)c\265J\254"
 171      791337A6 
 171      396A8635 
 171      05636122 
 171      613C2963 
 172 00fb 45ABC1C6 		.ascii	"E\253\301\306g\2707\364\301.\313\251\211\271\351\266"
 172      67B837F4 
 172      C12ECBA9 
 172      89B9E9B6 
 173 010b EA57DD29 		.ascii	"\352W\335)\0049q\334\377\243fuF\035\305(\245T\\h\235"
 173      043971DC 
 173      FFA36675 
 173      461DC528 
 173      A5545C68 
 174 0120 CCB39286 		.ascii	"\314\263\222\206s\344\273\010\323e\220\260\374\332}"
 174      73E4BB08 
 174      D36590B0 
 174      FCDA7D
 175 012f 76702A96 		.ascii	"vp*\2263dH\303\262~\377\373\332$,\025\031F\201\325\303"
 175      336448C3 
 175      B27EFFFB 
 175      DA242C15 
 175      194681D5 
 176 0144 4D3FA6E8 		.ascii	"M?\246\3505k\016\234\030\3745\231(l,\276\030\2746$A"
 176      356B0E9C 
 176      18FC3599 
 176      286C2CBE 
 176      18BC3624 
 177 0159 BA5CCD44 		.ascii	"\272\\\315D\006\312>,k\242t\0324\200\0147\200@-d0\177"
 177      06CA3E2C 
 177      6BA2741A 
 177      34800C37 
 177      80402D64 
 178 016f 8A8CBF87 		.ascii	"\212\214\277\207(\335G\277TRG\252\000K\024X\244\010"
 178      28DD47BF 
 178      545247AA 
 178      004B1458 
 178      A408
 179 0181 500FE98C 		.ascii	"P\017\351\214\223\241\340:(P\007\012\343\357=\332Y\234"
 179      93A1E03A 
 179      2850070A 
ARM GAS  C:\Users\JEFFSN~1\AppData\Local\Temp\ccrPNkwV.s 			page 13


 179      E3EF3DDA 
 179      599C
 180 0193 927A9ADB 		.ascii	"\222z\232\333.\246i\022\247\273\206\353Wq]\200\233\220"
 180      2EA66912 
 180      A7BB86EB 
 180      57715D80 
 180      9B90
 181 01a5 8ABF7992 		.ascii	"\212\277y\222\276\223}\375\317?9\346U\320\212\006:\020"
 181      BE937DFD 
 181      CF3F39E6 
 181      55D08A06 
 181      3A10
 182 01b7 882C3853 		.ascii	"\210,8SL\273\260/\215\241\240\306\262\200C\366\271\002"
 182      4CBBB02F 
 182      8DA1A0C6 
 182      B28043F6 
 182      B902
 183 01c9 7D7878B7 		.ascii	"}xx\267`\036vV\275\014>\236Jv\362-\215<*?+\332%sf\331"
 183      601E7656 
 183      BD0C3E9E 
 183      4A76F22D 
 183      8D3C2A3F 
 184 01e3 146F8F53 		.ascii	"\024o\217S\274z\360y\247\254+\206\276\275I\246\245{"
 184      BC7AF079 
 184      A7AC2B86 
 184      BEBD49A6 
 184      A57B
 185 01f5 295DCE30 		.ascii	")]\3160\020\264\364\202v\275;\\\357\373\273\362\212"
 185      10B4F482 
 185      76BD3B5C 
 185      EFFBBBF2 
 185      8A
 186 0206 647200B8 		.ascii	"dr\000\270\340\243aZ\232d\220\364F\354$w-\222\273v\222"
 186      E0A3615A 
 186      9A6490F4 
 186      46EC2477 
 186      2D92BB76 
 187 021b 464EF2F9 		.ascii	"FN\362\371\370\355zB\252t\222\017g.~tH\370j\371\011"
 187      F8ED7A42 
 187      AA74920F 
 187      672E7E74 
 187      48F86AF9 
 188 0230 A13F9CAB 		.ascii	"\241?\234\253k~;\354\230p'\315|'M0vx\247_\245\030.."
 188      6B7E3BEC 
 188      987027CD 
 188      7C274D30 
 188      7678A75F 
 189 0248 444D1708 		.ascii	"DM\027\010\202{\226\213{v\027-\334\305\241K\325\247"
 189      827B968B 
 189      7B76172D 
 189      DCC5A14B 
 189      D5A7
 190 025a 8034E92E 		.ascii	"\2004\351.\2025O+M\222\221(\011\320P\011\212\213\374"
 190      82354F2B 
 190      4D929128 
 190      09D05009 
 190      8A8BFC
ARM GAS  C:\Users\JEFFSN~1\AppData\Local\Temp\ccrPNkwV.s 			page 14


 191 026d 06EE5B34 		.ascii	"\006\356[4\367\3554\255\234\246}\350\361\025Bzt\232"
 191      F7ED34AD 
 191      9CA67DE8 
 191      F115427A 
 191      749A
 192 027f C1AAF263 		.ascii	"\301\252\362c\223\221f\200\322\212\300q\244y q'm\026"
 192      93916680 
 192      D28AC071 
 192      A4792071 
 192      276D16
 193 0292 451BE8AF 		.ascii	"E\033\350\257\034\332y{]\313\371\237I\244D\177\3525"
 193      1CDA797B 
 193      5DCBF99F 
 193      49A4447F 
 193      EA35
 194 02a4 974F563A 		.ascii	"\227OV:\364\366\320\317\250\336\316\034\204\254\366"
 194      F4F6D0CF 
 194      A8DECE1C 
 194      84ACF6
 195 02b3 90D91ED6 		.ascii	"\220\331\036\326\357\243\344\333k\207\214\317\262\370"
 195      EFA3E4DB 
 195      6B878CCF 
 195      B2F8
 196 02c1 DF9E65F7 		.ascii	"\337\236e\367\320\245\321DR\316\345\304`Y\240,\021\344"
 196      D0A5D144 
 196      52CEE5C4 
 196      6059A02C 
 196      11E4
 197 02d3 F438ED9D 		.ascii	"\3648\355\235q\332\215\277\307\365\354\023\207\331\321"
 197      71DA8DBF 
 197      C7F5EC13 
 197      87D9D1
 198 02e2 3CC4EBEA 		.ascii	"<\304\353\352\260\214=\000Y\277\217\332O\035!H>\302"
 198      B08C3D00 
 198      59BF8FDA 
 198      4F1D2148 
 198      3EC2
 199 02f4 FE297879 		.ascii	"\376)xy\323\327r\240u{\021H\346\376\361\313\336\341"
 199      D3D772A0 
 199      757B1148 
 199      E6FEF1CB 
 199      DEE1
 200 0306 93480FB1 		.ascii	"\223H\017\261\203\331v-p\324\000G9\370K\270\253#\305"
 200      83D9762D 
 200      70D40047 
 200      39F84BB8 
 200      AB23C5
 201 0319 0E6E1E07 		.ascii	"\016n\036\007\3562\300\354;-;kEnN^\241?\267\300\237"
 201      EE32C0EC 
 201      3B2D3B6B 
 201      456E4E5E 
 201      A13FB7C0 
 202 032e BB59756D 		.ascii	"\273YumKZ\2631;\315\271x\261\220P\350\361j\231s\327"
 202      4B5AB331 
 202      3BCDB978 
 202      B19050E8 
 202      F16A9973 
ARM GAS  C:\Users\JEFFSN~1\AppData\Local\Temp\ccrPNkwV.s 			page 15


 203 0343 A85ED5E7 		.ascii	"\250^\325\347\322\324m\271Y\371\205>\267\272uSV\276"
 203      D2D46DB9 
 203      59F9853E 
 203      B7BA7553 
 203      56BE
 204 0355 73E95677 		.ascii	"s\351Vw\221VT\240\3723v\010\363'@\330\2103\334\302l"
 204      915654A0 
 204      FA337608 
 204      F32740D8 
 204      8833DCC2 
 205 036a BBCE3AAF 		.ascii	"\273\316:\257\246\372|\205\005\332*\257+o\267\252\304"
 205      A6FA7C85 
 205      05DA2AAF 
 205      2B6FB7AA 
 205      C4
 206 037b 5D5BE9F1 		.ascii	"][\351\361\263\305\231\366\305->\217\246np\371w\315"
 206      B3C599F6 
 206      C52D3E8F 
 206      A66E70F9 
 206      77CD
 207 038d 88B5CD26 		.ascii	"\210\265\315&g:\213V\355\361hN\004y\334\256\335Y\252"
 207      673A8B56 
 207      EDF1684E 
 207      0479DCAE 
 207      DD59AA
 208 03a0 5BF3E47B 		.ascii	"[\363\344{\347L\340\317Y\264\336\223\207\376ga\027\323"
 208      E74CE0CF 
 208      59B4DE93 
 208      87FE6761 
 208      17D3
 209 03b2 8C69937C 		.ascii	"\214i\223|\352\366\314\337\256h\356x"
 209      EAF6CCDF 
 209      AE68EE78 
 210              		.text
 211              		.section	.gnu.lto_.symtab.7239de8c,"",%progbits
 212 0000 5553425F 		.ascii	"USB_Vbus_ps_Read\000"
 212      56627573 
 212      5F70735F 
 212      52656164 
 212      00
 213 0011 00       		.ascii	"\000"
 214 0012 00       		.ascii	"\000"
 215 0013 00       		.ascii	"\000"
 216 0014 00000000 		.ascii	"\000\000\000\000\000\000\000\000"
 216      00000000 
 217 001c B2000000 		.ascii	"\262\000\000\000"
 218 0020 5553425F 		.ascii	"USB_Vbus_ps_InterruptEnable\000"
 218      56627573 
 218      5F70735F 
 218      496E7465 
 218      72727570 
 219 003c 00       		.ascii	"\000"
 220 003d 00       		.ascii	"\000"
 221 003e 00       		.ascii	"\000"
 222 003f 00000000 		.ascii	"\000\000\000\000\000\000\000\000"
 222      00000000 
 223 0047 B5000000 		.ascii	"\265\000\000\000"
ARM GAS  C:\Users\JEFFSN~1\AppData\Local\Temp\ccrPNkwV.s 			page 16


 224 004b 5553425F 		.ascii	"USB_Vbus_ps_InterruptDisable\000"
 224      56627573 
 224      5F70735F 
 224      496E7465 
 224      72727570 
 225 0068 00       		.ascii	"\000"
 226 0069 00       		.ascii	"\000"
 227 006a 00       		.ascii	"\000"
 228 006b 00000000 		.ascii	"\000\000\000\000\000\000\000\000"
 228      00000000 
 229 0073 B7000000 		.ascii	"\267\000\000\000"
 230 0077 5553425F 		.ascii	"USB_Vbus_ps_WriteMask\000"
 230      56627573 
 230      5F70735F 
 230      57726974 
 230      654D6173 
 231 008d 00       		.ascii	"\000"
 232 008e 00       		.ascii	"\000"
 233 008f 00       		.ascii	"\000"
 234 0090 00000000 		.ascii	"\000\000\000\000\000\000\000\000"
 234      00000000 
 235 0098 BB000000 		.ascii	"\273\000\000\000"
 236 009c 5553425F 		.ascii	"USB_Vbus_ps_ReadMask\000"
 236      56627573 
 236      5F70735F 
 236      52656164 
 236      4D61736B 
 237 00b1 00       		.ascii	"\000"
 238 00b2 00       		.ascii	"\000"
 239 00b3 00       		.ascii	"\000"
 240 00b4 00000000 		.ascii	"\000\000\000\000\000\000\000\000"
 240      00000000 
 241 00bc BD000000 		.ascii	"\275\000\000\000"
 242 00c0 43794578 		.ascii	"CyExitCriticalSection\000"
 242      69744372 
 242      69746963 
 242      616C5365 
 242      6374696F 
 243 00d6 00       		.ascii	"\000"
 244 00d7 02       		.ascii	"\002"
 245 00d8 00       		.ascii	"\000"
 246 00d9 00000000 		.ascii	"\000\000\000\000\000\000\000\000"
 246      00000000 
 247 00e1 BF000000 		.ascii	"\277\000\000\000"
 248 00e5 4379456E 		.ascii	"CyEnterCriticalSection\000"
 248      74657243 
 248      72697469 
 248      63616C53 
 248      65637469 
 249 00fc 00       		.ascii	"\000"
 250 00fd 02       		.ascii	"\002"
 251 00fe 00       		.ascii	"\000"
 252 00ff 00000000 		.ascii	"\000\000\000\000\000\000\000\000"
 252      00000000 
 253 0107 C1000000 		.ascii	"\301\000\000\000"
 254              		.text
 255              		.section	.gnu.lto_.opts,"",%progbits
ARM GAS  C:\Users\JEFFSN~1\AppData\Local\Temp\ccrPNkwV.s 			page 17


 256 0000 272D666D 		.ascii	"'-fmath-errno' '-fsigned-zeros' '-ftrapping-math' '"
 256      6174682D 
 256      6572726E 
 256      6F272027 
 256      2D667369 
 257 0033 2D666E6F 		.ascii	"-fno-trapv' '-fno-strict-overflow' '-fno-openmp' '-"
 257      2D747261 
 257      70762720 
 257      272D666E 
 257      6F2D7374 
 258 0066 666E6F2D 		.ascii	"fno-openacc' '-mcpu=cortex-m3' '-mthumb' '-g' '-Og'"
 258      6F70656E 
 258      61636327 
 258      20272D6D 
 258      6370753D 
 259 0099 20272D66 		.ascii	" '-ffunction-sections' '-ffat-lto-objects' '-finlin"
 259      66756E63 
 259      74696F6E 
 259      2D736563 
 259      74696F6E 
 260 00cc 652D6675 		.ascii	"e-functions' '-flto'\000"
 260      6E637469 
 260      6F6E7327 
 260      20272D66 
 260      6C746F27 
 261              		.text
 262              		.cfi_sections	.debug_frame
 263              		.section	.text.USB_Vbus_ps_Read,"ax",%progbits
 264              		.align	2
 265              		.global	USB_Vbus_ps_Read
 266              		.thumb
 267              		.thumb_func
 268              		.type	USB_Vbus_ps_Read, %function
 269              	USB_Vbus_ps_Read:
 270              	.LFB0:
 271              		.file 1 "Generated_Source\\PSoC5\\USB_Vbus_ps.c"
   1:Generated_Source\PSoC5/USB_Vbus_ps.c **** /*******************************************************************************
   2:Generated_Source\PSoC5/USB_Vbus_ps.c **** * File Name: USB_Vbus_ps.c  
   3:Generated_Source\PSoC5/USB_Vbus_ps.c **** * Version 1.90
   4:Generated_Source\PSoC5/USB_Vbus_ps.c **** *
   5:Generated_Source\PSoC5/USB_Vbus_ps.c **** * Description:
   6:Generated_Source\PSoC5/USB_Vbus_ps.c **** *  This file contains API to enable firmware to read the value of a Status 
   7:Generated_Source\PSoC5/USB_Vbus_ps.c **** *  Register.
   8:Generated_Source\PSoC5/USB_Vbus_ps.c **** *
   9:Generated_Source\PSoC5/USB_Vbus_ps.c **** * Note:
  10:Generated_Source\PSoC5/USB_Vbus_ps.c **** *
  11:Generated_Source\PSoC5/USB_Vbus_ps.c **** ********************************************************************************
  12:Generated_Source\PSoC5/USB_Vbus_ps.c **** * Copyright 2008-2015, Cypress Semiconductor Corporation.  All rights reserved.
  13:Generated_Source\PSoC5/USB_Vbus_ps.c **** * You may use this file only in accordance with the license, terms, conditions, 
  14:Generated_Source\PSoC5/USB_Vbus_ps.c **** * disclaimers, and limitations in the end user license agreement accompanying 
  15:Generated_Source\PSoC5/USB_Vbus_ps.c **** * the software package with which this file was provided.
  16:Generated_Source\PSoC5/USB_Vbus_ps.c **** *******************************************************************************/
  17:Generated_Source\PSoC5/USB_Vbus_ps.c **** 
  18:Generated_Source\PSoC5/USB_Vbus_ps.c **** #include "USB_Vbus_ps.h"
  19:Generated_Source\PSoC5/USB_Vbus_ps.c **** 
  20:Generated_Source\PSoC5/USB_Vbus_ps.c **** #if !defined(USB_Vbus_ps_sts_sts_reg__REMOVED) /* Check for removal by optimization */
  21:Generated_Source\PSoC5/USB_Vbus_ps.c **** 
ARM GAS  C:\Users\JEFFSN~1\AppData\Local\Temp\ccrPNkwV.s 			page 18


  22:Generated_Source\PSoC5/USB_Vbus_ps.c **** 
  23:Generated_Source\PSoC5/USB_Vbus_ps.c **** /*******************************************************************************
  24:Generated_Source\PSoC5/USB_Vbus_ps.c **** * Function Name: USB_Vbus_ps_Read
  25:Generated_Source\PSoC5/USB_Vbus_ps.c **** ********************************************************************************
  26:Generated_Source\PSoC5/USB_Vbus_ps.c **** *
  27:Generated_Source\PSoC5/USB_Vbus_ps.c **** * Summary:
  28:Generated_Source\PSoC5/USB_Vbus_ps.c **** *  Reads the current value assigned to the Status Register.
  29:Generated_Source\PSoC5/USB_Vbus_ps.c **** *
  30:Generated_Source\PSoC5/USB_Vbus_ps.c **** * Parameters:
  31:Generated_Source\PSoC5/USB_Vbus_ps.c **** *  None.
  32:Generated_Source\PSoC5/USB_Vbus_ps.c **** *
  33:Generated_Source\PSoC5/USB_Vbus_ps.c **** * Return:
  34:Generated_Source\PSoC5/USB_Vbus_ps.c **** *  The current value in the Status Register.
  35:Generated_Source\PSoC5/USB_Vbus_ps.c **** *
  36:Generated_Source\PSoC5/USB_Vbus_ps.c **** *******************************************************************************/
  37:Generated_Source\PSoC5/USB_Vbus_ps.c **** uint8 USB_Vbus_ps_Read(void) 
  38:Generated_Source\PSoC5/USB_Vbus_ps.c **** { 
 272              		.loc 1 38 0
 273              		.cfi_startproc
 274              		@ args = 0, pretend = 0, frame = 0
 275              		@ frame_needed = 0, uses_anonymous_args = 0
 276              		@ link register save eliminated.
  39:Generated_Source\PSoC5/USB_Vbus_ps.c ****     return USB_Vbus_ps_Status;
 277              		.loc 1 39 0
 278 0000 014B     		ldr	r3, .L2
 279 0002 1878     		ldrb	r0, [r3]	@ zero_extendqisi2
  40:Generated_Source\PSoC5/USB_Vbus_ps.c **** }
 280              		.loc 1 40 0
 281 0004 7047     		bx	lr
 282              	.L3:
 283 0006 00BF     		.align	2
 284              	.L2:
 285 0008 6F640040 		.word	1073767535
 286              		.cfi_endproc
 287              	.LFE0:
 288              		.size	USB_Vbus_ps_Read, .-USB_Vbus_ps_Read
 289              		.section	.text.USB_Vbus_ps_InterruptEnable,"ax",%progbits
 290              		.align	2
 291              		.global	USB_Vbus_ps_InterruptEnable
 292              		.thumb
 293              		.thumb_func
 294              		.type	USB_Vbus_ps_InterruptEnable, %function
 295              	USB_Vbus_ps_InterruptEnable:
 296              	.LFB1:
  41:Generated_Source\PSoC5/USB_Vbus_ps.c **** 
  42:Generated_Source\PSoC5/USB_Vbus_ps.c **** 
  43:Generated_Source\PSoC5/USB_Vbus_ps.c **** /*******************************************************************************
  44:Generated_Source\PSoC5/USB_Vbus_ps.c **** * Function Name: USB_Vbus_ps_InterruptEnable
  45:Generated_Source\PSoC5/USB_Vbus_ps.c **** ********************************************************************************
  46:Generated_Source\PSoC5/USB_Vbus_ps.c **** *
  47:Generated_Source\PSoC5/USB_Vbus_ps.c **** * Summary:
  48:Generated_Source\PSoC5/USB_Vbus_ps.c **** *  Enables the Status Register interrupt.
  49:Generated_Source\PSoC5/USB_Vbus_ps.c **** *
  50:Generated_Source\PSoC5/USB_Vbus_ps.c **** * Parameters:
  51:Generated_Source\PSoC5/USB_Vbus_ps.c **** *  None.
  52:Generated_Source\PSoC5/USB_Vbus_ps.c **** *
  53:Generated_Source\PSoC5/USB_Vbus_ps.c **** * Return:
ARM GAS  C:\Users\JEFFSN~1\AppData\Local\Temp\ccrPNkwV.s 			page 19


  54:Generated_Source\PSoC5/USB_Vbus_ps.c **** *  None.
  55:Generated_Source\PSoC5/USB_Vbus_ps.c **** *
  56:Generated_Source\PSoC5/USB_Vbus_ps.c **** *******************************************************************************/
  57:Generated_Source\PSoC5/USB_Vbus_ps.c **** void USB_Vbus_ps_InterruptEnable(void) 
  58:Generated_Source\PSoC5/USB_Vbus_ps.c **** {
 297              		.loc 1 58 0
 298              		.cfi_startproc
 299              		@ args = 0, pretend = 0, frame = 0
 300              		@ frame_needed = 0, uses_anonymous_args = 0
 301 0000 08B5     		push	{r3, lr}
 302              		.cfi_def_cfa_offset 8
 303              		.cfi_offset 3, -8
 304              		.cfi_offset 14, -4
  59:Generated_Source\PSoC5/USB_Vbus_ps.c ****     uint8 interruptState;
  60:Generated_Source\PSoC5/USB_Vbus_ps.c ****     interruptState = CyEnterCriticalSection();
 305              		.loc 1 60 0
 306 0002 FFF7FEFF 		bl	CyEnterCriticalSection
 307              	.LVL0:
  61:Generated_Source\PSoC5/USB_Vbus_ps.c ****     USB_Vbus_ps_Status_Aux_Ctrl |= USB_Vbus_ps_STATUS_INTR_ENBL;
 308              		.loc 1 61 0
 309 0006 044A     		ldr	r2, .L6
 310 0008 1378     		ldrb	r3, [r2]	@ zero_extendqisi2
 311 000a 43F01003 		orr	r3, r3, #16
 312 000e 1370     		strb	r3, [r2]
  62:Generated_Source\PSoC5/USB_Vbus_ps.c ****     CyExitCriticalSection(interruptState);
 313              		.loc 1 62 0
 314 0010 FFF7FEFF 		bl	CyExitCriticalSection
 315              	.LVL1:
 316 0014 08BD     		pop	{r3, pc}
 317              	.L7:
 318 0016 00BF     		.align	2
 319              	.L6:
 320 0018 9F640040 		.word	1073767583
 321              		.cfi_endproc
 322              	.LFE1:
 323              		.size	USB_Vbus_ps_InterruptEnable, .-USB_Vbus_ps_InterruptEnable
 324              		.section	.text.USB_Vbus_ps_InterruptDisable,"ax",%progbits
 325              		.align	2
 326              		.global	USB_Vbus_ps_InterruptDisable
 327              		.thumb
 328              		.thumb_func
 329              		.type	USB_Vbus_ps_InterruptDisable, %function
 330              	USB_Vbus_ps_InterruptDisable:
 331              	.LFB2:
  63:Generated_Source\PSoC5/USB_Vbus_ps.c **** }
  64:Generated_Source\PSoC5/USB_Vbus_ps.c **** 
  65:Generated_Source\PSoC5/USB_Vbus_ps.c **** 
  66:Generated_Source\PSoC5/USB_Vbus_ps.c **** /*******************************************************************************
  67:Generated_Source\PSoC5/USB_Vbus_ps.c **** * Function Name: USB_Vbus_ps_InterruptDisable
  68:Generated_Source\PSoC5/USB_Vbus_ps.c **** ********************************************************************************
  69:Generated_Source\PSoC5/USB_Vbus_ps.c **** *
  70:Generated_Source\PSoC5/USB_Vbus_ps.c **** * Summary:
  71:Generated_Source\PSoC5/USB_Vbus_ps.c **** *  Disables the Status Register interrupt.
  72:Generated_Source\PSoC5/USB_Vbus_ps.c **** *
  73:Generated_Source\PSoC5/USB_Vbus_ps.c **** * Parameters:
  74:Generated_Source\PSoC5/USB_Vbus_ps.c **** *  None.
  75:Generated_Source\PSoC5/USB_Vbus_ps.c **** *
ARM GAS  C:\Users\JEFFSN~1\AppData\Local\Temp\ccrPNkwV.s 			page 20


  76:Generated_Source\PSoC5/USB_Vbus_ps.c **** * Return:
  77:Generated_Source\PSoC5/USB_Vbus_ps.c **** *  None.
  78:Generated_Source\PSoC5/USB_Vbus_ps.c **** *
  79:Generated_Source\PSoC5/USB_Vbus_ps.c **** *******************************************************************************/
  80:Generated_Source\PSoC5/USB_Vbus_ps.c **** void USB_Vbus_ps_InterruptDisable(void) 
  81:Generated_Source\PSoC5/USB_Vbus_ps.c **** {
 332              		.loc 1 81 0
 333              		.cfi_startproc
 334              		@ args = 0, pretend = 0, frame = 0
 335              		@ frame_needed = 0, uses_anonymous_args = 0
 336 0000 08B5     		push	{r3, lr}
 337              		.cfi_def_cfa_offset 8
 338              		.cfi_offset 3, -8
 339              		.cfi_offset 14, -4
  82:Generated_Source\PSoC5/USB_Vbus_ps.c ****     uint8 interruptState;
  83:Generated_Source\PSoC5/USB_Vbus_ps.c ****     interruptState = CyEnterCriticalSection();
 340              		.loc 1 83 0
 341 0002 FFF7FEFF 		bl	CyEnterCriticalSection
 342              	.LVL2:
  84:Generated_Source\PSoC5/USB_Vbus_ps.c ****     USB_Vbus_ps_Status_Aux_Ctrl &= (uint8)(~USB_Vbus_ps_STATUS_INTR_ENBL);
 343              		.loc 1 84 0
 344 0006 044A     		ldr	r2, .L10
 345 0008 1378     		ldrb	r3, [r2]	@ zero_extendqisi2
 346 000a 03F0EF03 		and	r3, r3, #239
 347 000e 1370     		strb	r3, [r2]
  85:Generated_Source\PSoC5/USB_Vbus_ps.c ****     CyExitCriticalSection(interruptState);
 348              		.loc 1 85 0
 349 0010 FFF7FEFF 		bl	CyExitCriticalSection
 350              	.LVL3:
 351 0014 08BD     		pop	{r3, pc}
 352              	.L11:
 353 0016 00BF     		.align	2
 354              	.L10:
 355 0018 9F640040 		.word	1073767583
 356              		.cfi_endproc
 357              	.LFE2:
 358              		.size	USB_Vbus_ps_InterruptDisable, .-USB_Vbus_ps_InterruptDisable
 359              		.section	.text.USB_Vbus_ps_WriteMask,"ax",%progbits
 360              		.align	2
 361              		.global	USB_Vbus_ps_WriteMask
 362              		.thumb
 363              		.thumb_func
 364              		.type	USB_Vbus_ps_WriteMask, %function
 365              	USB_Vbus_ps_WriteMask:
 366              	.LFB3:
  86:Generated_Source\PSoC5/USB_Vbus_ps.c **** }
  87:Generated_Source\PSoC5/USB_Vbus_ps.c **** 
  88:Generated_Source\PSoC5/USB_Vbus_ps.c **** 
  89:Generated_Source\PSoC5/USB_Vbus_ps.c **** /*******************************************************************************
  90:Generated_Source\PSoC5/USB_Vbus_ps.c **** * Function Name: USB_Vbus_ps_WriteMask
  91:Generated_Source\PSoC5/USB_Vbus_ps.c **** ********************************************************************************
  92:Generated_Source\PSoC5/USB_Vbus_ps.c **** *
  93:Generated_Source\PSoC5/USB_Vbus_ps.c **** * Summary:
  94:Generated_Source\PSoC5/USB_Vbus_ps.c **** *  Writes the current mask value assigned to the Status Register.
  95:Generated_Source\PSoC5/USB_Vbus_ps.c **** *
  96:Generated_Source\PSoC5/USB_Vbus_ps.c **** * Parameters:
  97:Generated_Source\PSoC5/USB_Vbus_ps.c **** *  mask:  Value to write into the mask register.
ARM GAS  C:\Users\JEFFSN~1\AppData\Local\Temp\ccrPNkwV.s 			page 21


  98:Generated_Source\PSoC5/USB_Vbus_ps.c **** *
  99:Generated_Source\PSoC5/USB_Vbus_ps.c **** * Return:
 100:Generated_Source\PSoC5/USB_Vbus_ps.c **** *  None.
 101:Generated_Source\PSoC5/USB_Vbus_ps.c **** *
 102:Generated_Source\PSoC5/USB_Vbus_ps.c **** *******************************************************************************/
 103:Generated_Source\PSoC5/USB_Vbus_ps.c **** void USB_Vbus_ps_WriteMask(uint8 mask) 
 104:Generated_Source\PSoC5/USB_Vbus_ps.c **** {
 367              		.loc 1 104 0
 368              		.cfi_startproc
 369              		@ args = 0, pretend = 0, frame = 0
 370              		@ frame_needed = 0, uses_anonymous_args = 0
 371              		@ link register save eliminated.
 372              	.LVL4:
 105:Generated_Source\PSoC5/USB_Vbus_ps.c ****     #if(USB_Vbus_ps_INPUTS < 8u)
 106:Generated_Source\PSoC5/USB_Vbus_ps.c ****     	mask &= ((uint8)(1u << USB_Vbus_ps_INPUTS) - 1u);
 373              		.loc 1 106 0
 374 0000 00F00100 		and	r0, r0, #1
 375              	.LVL5:
 107:Generated_Source\PSoC5/USB_Vbus_ps.c **** 	#endif /* End USB_Vbus_ps_INPUTS < 8u */
 108:Generated_Source\PSoC5/USB_Vbus_ps.c ****     USB_Vbus_ps_Status_Mask = mask;
 376              		.loc 1 108 0
 377 0004 014B     		ldr	r3, .L13
 378 0006 1870     		strb	r0, [r3]
 379 0008 7047     		bx	lr
 380              	.L14:
 381 000a 00BF     		.align	2
 382              	.L13:
 383 000c 8F640040 		.word	1073767567
 384              		.cfi_endproc
 385              	.LFE3:
 386              		.size	USB_Vbus_ps_WriteMask, .-USB_Vbus_ps_WriteMask
 387              		.section	.text.USB_Vbus_ps_ReadMask,"ax",%progbits
 388              		.align	2
 389              		.global	USB_Vbus_ps_ReadMask
 390              		.thumb
 391              		.thumb_func
 392              		.type	USB_Vbus_ps_ReadMask, %function
 393              	USB_Vbus_ps_ReadMask:
 394              	.LFB4:
 109:Generated_Source\PSoC5/USB_Vbus_ps.c **** }
 110:Generated_Source\PSoC5/USB_Vbus_ps.c **** 
 111:Generated_Source\PSoC5/USB_Vbus_ps.c **** 
 112:Generated_Source\PSoC5/USB_Vbus_ps.c **** /*******************************************************************************
 113:Generated_Source\PSoC5/USB_Vbus_ps.c **** * Function Name: USB_Vbus_ps_ReadMask
 114:Generated_Source\PSoC5/USB_Vbus_ps.c **** ********************************************************************************
 115:Generated_Source\PSoC5/USB_Vbus_ps.c **** *
 116:Generated_Source\PSoC5/USB_Vbus_ps.c **** * Summary:
 117:Generated_Source\PSoC5/USB_Vbus_ps.c **** *  Reads the current interrupt mask assigned to the Status Register.
 118:Generated_Source\PSoC5/USB_Vbus_ps.c **** *
 119:Generated_Source\PSoC5/USB_Vbus_ps.c **** * Parameters:
 120:Generated_Source\PSoC5/USB_Vbus_ps.c **** *  None.
 121:Generated_Source\PSoC5/USB_Vbus_ps.c **** *
 122:Generated_Source\PSoC5/USB_Vbus_ps.c **** * Return:
 123:Generated_Source\PSoC5/USB_Vbus_ps.c **** *  The value of the interrupt mask of the Status Register.
 124:Generated_Source\PSoC5/USB_Vbus_ps.c **** *
 125:Generated_Source\PSoC5/USB_Vbus_ps.c **** *******************************************************************************/
 126:Generated_Source\PSoC5/USB_Vbus_ps.c **** uint8 USB_Vbus_ps_ReadMask(void) 
ARM GAS  C:\Users\JEFFSN~1\AppData\Local\Temp\ccrPNkwV.s 			page 22


 127:Generated_Source\PSoC5/USB_Vbus_ps.c **** {
 395              		.loc 1 127 0
 396              		.cfi_startproc
 397              		@ args = 0, pretend = 0, frame = 0
 398              		@ frame_needed = 0, uses_anonymous_args = 0
 399              		@ link register save eliminated.
 128:Generated_Source\PSoC5/USB_Vbus_ps.c ****     return USB_Vbus_ps_Status_Mask;
 400              		.loc 1 128 0
 401 0000 014B     		ldr	r3, .L16
 402 0002 1878     		ldrb	r0, [r3]	@ zero_extendqisi2
 129:Generated_Source\PSoC5/USB_Vbus_ps.c **** }
 403              		.loc 1 129 0
 404 0004 7047     		bx	lr
 405              	.L17:
 406 0006 00BF     		.align	2
 407              	.L16:
 408 0008 8F640040 		.word	1073767567
 409              		.cfi_endproc
 410              	.LFE4:
 411              		.size	USB_Vbus_ps_ReadMask, .-USB_Vbus_ps_ReadMask
 412              		.text
 413              	.Letext0:
 414              		.file 2 "Generated_Source\\PSoC5\\cytypes.h"
 415              		.file 3 "Generated_Source\\PSoC5\\CyLib.h"
 416              		.section	.debug_info,"",%progbits
 417              	.Ldebug_info0:
 418 0000 7B010000 		.4byte	0x17b
 419 0004 0400     		.2byte	0x4
 420 0006 00000000 		.4byte	.Ldebug_abbrev0
 421 000a 04       		.byte	0x4
 422 000b 01       		.uleb128 0x1
 423 000c A6010000 		.4byte	.LASF24
 424 0010 0C       		.byte	0xc
 425 0011 98000000 		.4byte	.LASF25
 426 0015 D0000000 		.4byte	.LASF26
 427 0019 00000000 		.4byte	.Ldebug_ranges0+0
 428 001d 00000000 		.4byte	0
 429 0021 00000000 		.4byte	.Ldebug_line0
 430 0025 02       		.uleb128 0x2
 431 0026 01       		.byte	0x1
 432 0027 06       		.byte	0x6
 433 0028 9A010000 		.4byte	.LASF0
 434 002c 02       		.uleb128 0x2
 435 002d 01       		.byte	0x1
 436 002e 08       		.byte	0x8
 437 002f C2000000 		.4byte	.LASF1
 438 0033 02       		.uleb128 0x2
 439 0034 02       		.byte	0x2
 440 0035 05       		.byte	0x5
 441 0036 6F020000 		.4byte	.LASF2
 442 003a 02       		.uleb128 0x2
 443 003b 02       		.byte	0x2
 444 003c 07       		.byte	0x7
 445 003d 87010000 		.4byte	.LASF3
 446 0041 02       		.uleb128 0x2
 447 0042 04       		.byte	0x4
 448 0043 05       		.byte	0x5
ARM GAS  C:\Users\JEFFSN~1\AppData\Local\Temp\ccrPNkwV.s 			page 23


 449 0044 5A010000 		.4byte	.LASF4
 450 0048 02       		.uleb128 0x2
 451 0049 04       		.byte	0x4
 452 004a 07       		.byte	0x7
 453 004b 69000000 		.4byte	.LASF5
 454 004f 02       		.uleb128 0x2
 455 0050 08       		.byte	0x8
 456 0051 05       		.byte	0x5
 457 0052 00000000 		.4byte	.LASF6
 458 0056 02       		.uleb128 0x2
 459 0057 08       		.byte	0x8
 460 0058 07       		.byte	0x7
 461 0059 7B000000 		.4byte	.LASF7
 462 005d 03       		.uleb128 0x3
 463 005e 04       		.byte	0x4
 464 005f 05       		.byte	0x5
 465 0060 696E7400 		.ascii	"int\000"
 466 0064 02       		.uleb128 0x2
 467 0065 04       		.byte	0x4
 468 0066 07       		.byte	0x7
 469 0067 0E000000 		.4byte	.LASF8
 470 006b 04       		.uleb128 0x4
 471 006c 63000000 		.4byte	.LASF12
 472 0070 02       		.byte	0x2
 473 0071 E901     		.2byte	0x1e9
 474 0073 2C000000 		.4byte	0x2c
 475 0077 02       		.uleb128 0x2
 476 0078 04       		.byte	0x4
 477 0079 04       		.byte	0x4
 478 007a 92000000 		.4byte	.LASF9
 479 007e 02       		.uleb128 0x2
 480 007f 08       		.byte	0x8
 481 0080 04       		.byte	0x4
 482 0081 63010000 		.4byte	.LASF10
 483 0085 02       		.uleb128 0x2
 484 0086 01       		.byte	0x1
 485 0087 08       		.byte	0x8
 486 0088 3F010000 		.4byte	.LASF11
 487 008c 04       		.uleb128 0x4
 488 008d 79020000 		.4byte	.LASF13
 489 0091 02       		.byte	0x2
 490 0092 9302     		.2byte	0x293
 491 0094 98000000 		.4byte	0x98
 492 0098 05       		.uleb128 0x5
 493 0099 6B000000 		.4byte	0x6b
 494 009d 02       		.uleb128 0x2
 495 009e 08       		.byte	0x8
 496 009f 04       		.byte	0x4
 497 00a0 63020000 		.4byte	.LASF14
 498 00a4 02       		.uleb128 0x2
 499 00a5 04       		.byte	0x4
 500 00a6 07       		.byte	0x7
 501 00a7 8F020000 		.4byte	.LASF15
 502 00ab 06       		.uleb128 0x6
 503 00ac 7E020000 		.4byte	.LASF20
 504 00b0 01       		.byte	0x1
 505 00b1 25       		.byte	0x25
ARM GAS  C:\Users\JEFFSN~1\AppData\Local\Temp\ccrPNkwV.s 			page 24


 506 00b2 6B000000 		.4byte	0x6b
 507 00b6 00000000 		.4byte	.LFB0
 508 00ba 0C000000 		.4byte	.LFE0-.LFB0
 509 00be 01       		.uleb128 0x1
 510 00bf 9C       		.byte	0x9c
 511 00c0 07       		.uleb128 0x7
 512 00c1 30000000 		.4byte	.LASF16
 513 00c5 01       		.byte	0x1
 514 00c6 39       		.byte	0x39
 515 00c7 00000000 		.4byte	.LFB1
 516 00cb 1C000000 		.4byte	.LFE1-.LFB1
 517 00cf 01       		.uleb128 0x1
 518 00d0 9C       		.byte	0x9c
 519 00d1 F7000000 		.4byte	0xf7
 520 00d5 08       		.uleb128 0x8
 521 00d6 98020000 		.4byte	.LASF18
 522 00da 01       		.byte	0x1
 523 00db 3B       		.byte	0x3b
 524 00dc 6B000000 		.4byte	0x6b
 525 00e0 00000000 		.4byte	.LLST0
 526 00e4 09       		.uleb128 0x9
 527 00e5 06000000 		.4byte	.LVL0
 528 00e9 68010000 		.4byte	0x168
 529 00ed 09       		.uleb128 0x9
 530 00ee 14000000 		.4byte	.LVL1
 531 00f2 73010000 		.4byte	0x173
 532 00f6 00       		.byte	0
 533 00f7 07       		.uleb128 0x7
 534 00f8 6A010000 		.4byte	.LASF17
 535 00fc 01       		.byte	0x1
 536 00fd 50       		.byte	0x50
 537 00fe 00000000 		.4byte	.LFB2
 538 0102 1C000000 		.4byte	.LFE2-.LFB2
 539 0106 01       		.uleb128 0x1
 540 0107 9C       		.byte	0x9c
 541 0108 2E010000 		.4byte	0x12e
 542 010c 08       		.uleb128 0x8
 543 010d 98020000 		.4byte	.LASF18
 544 0111 01       		.byte	0x1
 545 0112 52       		.byte	0x52
 546 0113 6B000000 		.4byte	0x6b
 547 0117 13000000 		.4byte	.LLST1
 548 011b 09       		.uleb128 0x9
 549 011c 06000000 		.4byte	.LVL2
 550 0120 68010000 		.4byte	0x168
 551 0124 09       		.uleb128 0x9
 552 0125 14000000 		.4byte	.LVL3
 553 0129 73010000 		.4byte	0x173
 554 012d 00       		.byte	0
 555 012e 07       		.uleb128 0x7
 556 012f 44010000 		.4byte	.LASF19
 557 0133 01       		.byte	0x1
 558 0134 67       		.byte	0x67
 559 0135 00000000 		.4byte	.LFB3
 560 0139 10000000 		.4byte	.LFE3-.LFB3
 561 013d 01       		.uleb128 0x1
 562 013e 9C       		.byte	0x9c
ARM GAS  C:\Users\JEFFSN~1\AppData\Local\Temp\ccrPNkwV.s 			page 25


 563 013f 53010000 		.4byte	0x153
 564 0143 0A       		.uleb128 0xa
 565 0144 BD000000 		.4byte	.LASF27
 566 0148 01       		.byte	0x1
 567 0149 67       		.byte	0x67
 568 014a 6B000000 		.4byte	0x6b
 569 014e 26000000 		.4byte	.LLST2
 570 0152 00       		.byte	0
 571 0153 06       		.uleb128 0x6
 572 0154 1B000000 		.4byte	.LASF21
 573 0158 01       		.byte	0x1
 574 0159 7E       		.byte	0x7e
 575 015a 6B000000 		.4byte	0x6b
 576 015e 00000000 		.4byte	.LFB4
 577 0162 0C000000 		.4byte	.LFE4-.LFB4
 578 0166 01       		.uleb128 0x1
 579 0167 9C       		.byte	0x9c
 580 0168 0B       		.uleb128 0xb
 581 0169 4C000000 		.4byte	.LASF22
 582 016d 4C000000 		.4byte	.LASF22
 583 0171 03       		.byte	0x3
 584 0172 7D       		.byte	0x7d
 585 0173 0B       		.uleb128 0xb
 586 0174 4D020000 		.4byte	.LASF23
 587 0178 4D020000 		.4byte	.LASF23
 588 017c 03       		.byte	0x3
 589 017d 7E       		.byte	0x7e
 590 017e 00       		.byte	0
 591              		.section	.debug_abbrev,"",%progbits
 592              	.Ldebug_abbrev0:
 593 0000 01       		.uleb128 0x1
 594 0001 11       		.uleb128 0x11
 595 0002 01       		.byte	0x1
 596 0003 25       		.uleb128 0x25
 597 0004 0E       		.uleb128 0xe
 598 0005 13       		.uleb128 0x13
 599 0006 0B       		.uleb128 0xb
 600 0007 03       		.uleb128 0x3
 601 0008 0E       		.uleb128 0xe
 602 0009 1B       		.uleb128 0x1b
 603 000a 0E       		.uleb128 0xe
 604 000b 55       		.uleb128 0x55
 605 000c 17       		.uleb128 0x17
 606 000d 11       		.uleb128 0x11
 607 000e 01       		.uleb128 0x1
 608 000f 10       		.uleb128 0x10
 609 0010 17       		.uleb128 0x17
 610 0011 00       		.byte	0
 611 0012 00       		.byte	0
 612 0013 02       		.uleb128 0x2
 613 0014 24       		.uleb128 0x24
 614 0015 00       		.byte	0
 615 0016 0B       		.uleb128 0xb
 616 0017 0B       		.uleb128 0xb
 617 0018 3E       		.uleb128 0x3e
 618 0019 0B       		.uleb128 0xb
 619 001a 03       		.uleb128 0x3
ARM GAS  C:\Users\JEFFSN~1\AppData\Local\Temp\ccrPNkwV.s 			page 26


 620 001b 0E       		.uleb128 0xe
 621 001c 00       		.byte	0
 622 001d 00       		.byte	0
 623 001e 03       		.uleb128 0x3
 624 001f 24       		.uleb128 0x24
 625 0020 00       		.byte	0
 626 0021 0B       		.uleb128 0xb
 627 0022 0B       		.uleb128 0xb
 628 0023 3E       		.uleb128 0x3e
 629 0024 0B       		.uleb128 0xb
 630 0025 03       		.uleb128 0x3
 631 0026 08       		.uleb128 0x8
 632 0027 00       		.byte	0
 633 0028 00       		.byte	0
 634 0029 04       		.uleb128 0x4
 635 002a 16       		.uleb128 0x16
 636 002b 00       		.byte	0
 637 002c 03       		.uleb128 0x3
 638 002d 0E       		.uleb128 0xe
 639 002e 3A       		.uleb128 0x3a
 640 002f 0B       		.uleb128 0xb
 641 0030 3B       		.uleb128 0x3b
 642 0031 05       		.uleb128 0x5
 643 0032 49       		.uleb128 0x49
 644 0033 13       		.uleb128 0x13
 645 0034 00       		.byte	0
 646 0035 00       		.byte	0
 647 0036 05       		.uleb128 0x5
 648 0037 35       		.uleb128 0x35
 649 0038 00       		.byte	0
 650 0039 49       		.uleb128 0x49
 651 003a 13       		.uleb128 0x13
 652 003b 00       		.byte	0
 653 003c 00       		.byte	0
 654 003d 06       		.uleb128 0x6
 655 003e 2E       		.uleb128 0x2e
 656 003f 00       		.byte	0
 657 0040 3F       		.uleb128 0x3f
 658 0041 19       		.uleb128 0x19
 659 0042 03       		.uleb128 0x3
 660 0043 0E       		.uleb128 0xe
 661 0044 3A       		.uleb128 0x3a
 662 0045 0B       		.uleb128 0xb
 663 0046 3B       		.uleb128 0x3b
 664 0047 0B       		.uleb128 0xb
 665 0048 27       		.uleb128 0x27
 666 0049 19       		.uleb128 0x19
 667 004a 49       		.uleb128 0x49
 668 004b 13       		.uleb128 0x13
 669 004c 11       		.uleb128 0x11
 670 004d 01       		.uleb128 0x1
 671 004e 12       		.uleb128 0x12
 672 004f 06       		.uleb128 0x6
 673 0050 40       		.uleb128 0x40
 674 0051 18       		.uleb128 0x18
 675 0052 9742     		.uleb128 0x2117
 676 0054 19       		.uleb128 0x19
ARM GAS  C:\Users\JEFFSN~1\AppData\Local\Temp\ccrPNkwV.s 			page 27


 677 0055 00       		.byte	0
 678 0056 00       		.byte	0
 679 0057 07       		.uleb128 0x7
 680 0058 2E       		.uleb128 0x2e
 681 0059 01       		.byte	0x1
 682 005a 3F       		.uleb128 0x3f
 683 005b 19       		.uleb128 0x19
 684 005c 03       		.uleb128 0x3
 685 005d 0E       		.uleb128 0xe
 686 005e 3A       		.uleb128 0x3a
 687 005f 0B       		.uleb128 0xb
 688 0060 3B       		.uleb128 0x3b
 689 0061 0B       		.uleb128 0xb
 690 0062 27       		.uleb128 0x27
 691 0063 19       		.uleb128 0x19
 692 0064 11       		.uleb128 0x11
 693 0065 01       		.uleb128 0x1
 694 0066 12       		.uleb128 0x12
 695 0067 06       		.uleb128 0x6
 696 0068 40       		.uleb128 0x40
 697 0069 18       		.uleb128 0x18
 698 006a 9742     		.uleb128 0x2117
 699 006c 19       		.uleb128 0x19
 700 006d 01       		.uleb128 0x1
 701 006e 13       		.uleb128 0x13
 702 006f 00       		.byte	0
 703 0070 00       		.byte	0
 704 0071 08       		.uleb128 0x8
 705 0072 34       		.uleb128 0x34
 706 0073 00       		.byte	0
 707 0074 03       		.uleb128 0x3
 708 0075 0E       		.uleb128 0xe
 709 0076 3A       		.uleb128 0x3a
 710 0077 0B       		.uleb128 0xb
 711 0078 3B       		.uleb128 0x3b
 712 0079 0B       		.uleb128 0xb
 713 007a 49       		.uleb128 0x49
 714 007b 13       		.uleb128 0x13
 715 007c 02       		.uleb128 0x2
 716 007d 17       		.uleb128 0x17
 717 007e 00       		.byte	0
 718 007f 00       		.byte	0
 719 0080 09       		.uleb128 0x9
 720 0081 898201   		.uleb128 0x4109
 721 0084 00       		.byte	0
 722 0085 11       		.uleb128 0x11
 723 0086 01       		.uleb128 0x1
 724 0087 31       		.uleb128 0x31
 725 0088 13       		.uleb128 0x13
 726 0089 00       		.byte	0
 727 008a 00       		.byte	0
 728 008b 0A       		.uleb128 0xa
 729 008c 05       		.uleb128 0x5
 730 008d 00       		.byte	0
 731 008e 03       		.uleb128 0x3
 732 008f 0E       		.uleb128 0xe
 733 0090 3A       		.uleb128 0x3a
ARM GAS  C:\Users\JEFFSN~1\AppData\Local\Temp\ccrPNkwV.s 			page 28


 734 0091 0B       		.uleb128 0xb
 735 0092 3B       		.uleb128 0x3b
 736 0093 0B       		.uleb128 0xb
 737 0094 49       		.uleb128 0x49
 738 0095 13       		.uleb128 0x13
 739 0096 02       		.uleb128 0x2
 740 0097 17       		.uleb128 0x17
 741 0098 00       		.byte	0
 742 0099 00       		.byte	0
 743 009a 0B       		.uleb128 0xb
 744 009b 2E       		.uleb128 0x2e
 745 009c 00       		.byte	0
 746 009d 3F       		.uleb128 0x3f
 747 009e 19       		.uleb128 0x19
 748 009f 3C       		.uleb128 0x3c
 749 00a0 19       		.uleb128 0x19
 750 00a1 6E       		.uleb128 0x6e
 751 00a2 0E       		.uleb128 0xe
 752 00a3 03       		.uleb128 0x3
 753 00a4 0E       		.uleb128 0xe
 754 00a5 3A       		.uleb128 0x3a
 755 00a6 0B       		.uleb128 0xb
 756 00a7 3B       		.uleb128 0x3b
 757 00a8 0B       		.uleb128 0xb
 758 00a9 00       		.byte	0
 759 00aa 00       		.byte	0
 760 00ab 00       		.byte	0
 761              		.section	.debug_loc,"",%progbits
 762              	.Ldebug_loc0:
 763              	.LLST0:
 764 0000 06000000 		.4byte	.LVL0
 765 0004 13000000 		.4byte	.LVL1-1
 766 0008 0100     		.2byte	0x1
 767 000a 50       		.byte	0x50
 768 000b 00000000 		.4byte	0
 769 000f 00000000 		.4byte	0
 770              	.LLST1:
 771 0013 06000000 		.4byte	.LVL2
 772 0017 13000000 		.4byte	.LVL3-1
 773 001b 0100     		.2byte	0x1
 774 001d 50       		.byte	0x50
 775 001e 00000000 		.4byte	0
 776 0022 00000000 		.4byte	0
 777              	.LLST2:
 778 0026 00000000 		.4byte	.LVL4
 779 002a 04000000 		.4byte	.LVL5
 780 002e 0100     		.2byte	0x1
 781 0030 50       		.byte	0x50
 782 0031 04000000 		.4byte	.LVL5
 783 0035 10000000 		.4byte	.LFE3
 784 0039 0100     		.2byte	0x1
 785 003b 50       		.byte	0x50
 786 003c 00000000 		.4byte	0
 787 0040 00000000 		.4byte	0
 788              		.section	.debug_aranges,"",%progbits
 789 0000 3C000000 		.4byte	0x3c
 790 0004 0200     		.2byte	0x2
ARM GAS  C:\Users\JEFFSN~1\AppData\Local\Temp\ccrPNkwV.s 			page 29


 791 0006 00000000 		.4byte	.Ldebug_info0
 792 000a 04       		.byte	0x4
 793 000b 00       		.byte	0
 794 000c 0000     		.2byte	0
 795 000e 0000     		.2byte	0
 796 0010 00000000 		.4byte	.LFB0
 797 0014 0C000000 		.4byte	.LFE0-.LFB0
 798 0018 00000000 		.4byte	.LFB1
 799 001c 1C000000 		.4byte	.LFE1-.LFB1
 800 0020 00000000 		.4byte	.LFB2
 801 0024 1C000000 		.4byte	.LFE2-.LFB2
 802 0028 00000000 		.4byte	.LFB3
 803 002c 10000000 		.4byte	.LFE3-.LFB3
 804 0030 00000000 		.4byte	.LFB4
 805 0034 0C000000 		.4byte	.LFE4-.LFB4
 806 0038 00000000 		.4byte	0
 807 003c 00000000 		.4byte	0
 808              		.section	.debug_ranges,"",%progbits
 809              	.Ldebug_ranges0:
 810 0000 00000000 		.4byte	.LFB0
 811 0004 0C000000 		.4byte	.LFE0
 812 0008 00000000 		.4byte	.LFB1
 813 000c 1C000000 		.4byte	.LFE1
 814 0010 00000000 		.4byte	.LFB2
 815 0014 1C000000 		.4byte	.LFE2
 816 0018 00000000 		.4byte	.LFB3
 817 001c 10000000 		.4byte	.LFE3
 818 0020 00000000 		.4byte	.LFB4
 819 0024 0C000000 		.4byte	.LFE4
 820 0028 00000000 		.4byte	0
 821 002c 00000000 		.4byte	0
 822              		.section	.debug_line,"",%progbits
 823              	.Ldebug_line0:
 824 0000 B3000000 		.section	.debug_str,"MS",%progbits,1
 824      02005300 
 824      00000201 
 824      FB0E0D00 
 824      01010101 
 825              	.LASF6:
 826 0000 6C6F6E67 		.ascii	"long long int\000"
 826      206C6F6E 
 826      6720696E 
 826      7400
 827              	.LASF8:
 828 000e 756E7369 		.ascii	"unsigned int\000"
 828      676E6564 
 828      20696E74 
 828      00
 829              	.LASF21:
 830 001b 5553425F 		.ascii	"USB_Vbus_ps_ReadMask\000"
 830      56627573 
 830      5F70735F 
 830      52656164 
 830      4D61736B 
 831              	.LASF16:
 832 0030 5553425F 		.ascii	"USB_Vbus_ps_InterruptEnable\000"
 832      56627573 
ARM GAS  C:\Users\JEFFSN~1\AppData\Local\Temp\ccrPNkwV.s 			page 30


 832      5F70735F 
 832      496E7465 
 832      72727570 
 833              	.LASF22:
 834 004c 4379456E 		.ascii	"CyEnterCriticalSection\000"
 834      74657243 
 834      72697469 
 834      63616C53 
 834      65637469 
 835              	.LASF12:
 836 0063 75696E74 		.ascii	"uint8\000"
 836      3800
 837              	.LASF5:
 838 0069 6C6F6E67 		.ascii	"long unsigned int\000"
 838      20756E73 
 838      69676E65 
 838      6420696E 
 838      7400
 839              	.LASF7:
 840 007b 6C6F6E67 		.ascii	"long long unsigned int\000"
 840      206C6F6E 
 840      6720756E 
 840      7369676E 
 840      65642069 
 841              	.LASF9:
 842 0092 666C6F61 		.ascii	"float\000"
 842      7400
 843              	.LASF25:
 844 0098 47656E65 		.ascii	"Generated_Source\\PSoC5\\USB_Vbus_ps.c\000"
 844      72617465 
 844      645F536F 
 844      75726365 
 844      5C50536F 
 845              	.LASF27:
 846 00bd 6D61736B 		.ascii	"mask\000"
 846      00
 847              	.LASF1:
 848 00c2 756E7369 		.ascii	"unsigned char\000"
 848      676E6564 
 848      20636861 
 848      7200
 849              	.LASF26:
 850 00d0 433A5C55 		.ascii	"C:\\Users\\JeffSnyder\\dev\\Electrobass_embedded\\P"
 850      73657273 
 850      5C4A6566 
 850      66536E79 
 850      6465725C 
 851 00fe 534F4335 		.ascii	"SOC5_electrobass_stringsensors\\CE210514_PSOC3_5_Th"
 851      5F656C65 
 851      6374726F 
 851      62617373 
 851      5F737472 
 852 0130 65726D69 		.ascii	"ermistor.cydsn\000"
 852      73746F72 
 852      2E637964 
 852      736E00
 853              	.LASF11:
ARM GAS  C:\Users\JEFFSN~1\AppData\Local\Temp\ccrPNkwV.s 			page 31


 854 013f 63686172 		.ascii	"char\000"
 854      00
 855              	.LASF19:
 856 0144 5553425F 		.ascii	"USB_Vbus_ps_WriteMask\000"
 856      56627573 
 856      5F70735F 
 856      57726974 
 856      654D6173 
 857              	.LASF4:
 858 015a 6C6F6E67 		.ascii	"long int\000"
 858      20696E74 
 858      00
 859              	.LASF10:
 860 0163 646F7562 		.ascii	"double\000"
 860      6C6500
 861              	.LASF17:
 862 016a 5553425F 		.ascii	"USB_Vbus_ps_InterruptDisable\000"
 862      56627573 
 862      5F70735F 
 862      496E7465 
 862      72727570 
 863              	.LASF3:
 864 0187 73686F72 		.ascii	"short unsigned int\000"
 864      7420756E 
 864      7369676E 
 864      65642069 
 864      6E7400
 865              	.LASF0:
 866 019a 7369676E 		.ascii	"signed char\000"
 866      65642063 
 866      68617200 
 867              	.LASF24:
 868 01a6 474E5520 		.ascii	"GNU C11 5.4.1 20160609 (release) [ARM/embedded-5-br"
 868      43313120 
 868      352E342E 
 868      31203230 
 868      31363036 
 869 01d9 616E6368 		.ascii	"anch revision 237715] -mcpu=cortex-m3 -mthumb -g -O"
 869      20726576 
 869      6973696F 
 869      6E203233 
 869      37373135 
 870 020c 67202D66 		.ascii	"g -ffunction-sections -ffat-lto-objects -finline-fu"
 870      66756E63 
 870      74696F6E 
 870      2D736563 
 870      74696F6E 
 871 023f 6E637469 		.ascii	"nctions -flto\000"
 871      6F6E7320 
 871      2D666C74 
 871      6F00
 872              	.LASF23:
 873 024d 43794578 		.ascii	"CyExitCriticalSection\000"
 873      69744372 
 873      69746963 
 873      616C5365 
 873      6374696F 
ARM GAS  C:\Users\JEFFSN~1\AppData\Local\Temp\ccrPNkwV.s 			page 32


 874              	.LASF14:
 875 0263 6C6F6E67 		.ascii	"long double\000"
 875      20646F75 
 875      626C6500 
 876              	.LASF2:
 877 026f 73686F72 		.ascii	"short int\000"
 877      7420696E 
 877      7400
 878              	.LASF13:
 879 0279 72656738 		.ascii	"reg8\000"
 879      00
 880              	.LASF20:
 881 027e 5553425F 		.ascii	"USB_Vbus_ps_Read\000"
 881      56627573 
 881      5F70735F 
 881      52656164 
 881      00
 882              	.LASF15:
 883 028f 73697A65 		.ascii	"sizetype\000"
 883      74797065 
 883      00
 884              	.LASF18:
 885 0298 696E7465 		.ascii	"interruptState\000"
 885      72727570 
 885      74537461 
 885      746500
 886              		.comm	__gnu_lto_v1,1,1
 887              		.ident	"GCC: (GNU Tools for ARM Embedded Processors) 5.4.1 20160609 (release) [ARM/embedded-5-bran
