ARM GAS  C:\Users\JEFFSN~1\AppData\Local\Temp\ccZkjYRS.s 			page 1


   1              		.syntax unified
   2              		.cpu cortex-m3
   3              		.fpu softvfp
   4              		.eabi_attribute 20, 1
   5              		.eabi_attribute 21, 1
   6              		.eabi_attribute 23, 3
   7              		.eabi_attribute 24, 1
   8              		.eabi_attribute 25, 1
   9              		.eabi_attribute 26, 1
  10              		.eabi_attribute 30, 2
  11              		.eabi_attribute 34, 1
  12              		.eabi_attribute 18, 4
  13              		.thumb
  14              		.syntax unified
  15              		.file	"USB_cls.c"
  16              		.text
  17              	.Ltext0:
  18              		.section	.gnu.lto_.profile.807d4496,"",%progbits
  19 0000 789C6361 		.ascii	"x\234ca`d`a`\000\2222\022\000\000\272\000?"
  19      60646061 
  19      60009232 
  19      120000BA 
  19      003F
  20              		.text
  21              		.section	.gnu.lto_.icf.807d4496,"",%progbits
  22 0000 789C6361 		.ascii	"x\234ca`d\000\001\016\006\004`d8\275\362\354Ln\006\000"
  22      60640001 
  22      0E060460 
  22      6438BDF2 
  22      EC4C6E06 
  23 0015 0E7202F4 		.ascii	"\016r\002\364"
  24              		.text
  25              		.section	.gnu.lto_.jmpfuncs.807d4496,"",%progbits
  26 0000 789C6361 		.ascii	"x\234ca`d\000\0016\006\004\200\210\000\000\001\014\000"
  26      60640001 
  26      36060480 
  26      88000001 
  26      0C00
  27 0012 0D       		.ascii	"\015"
  28              		.text
  29              		.section	.gnu.lto_.inline.807d4496,"",%progbits
  30 0000 789C6361 		.ascii	"x\234ca`d\000\001i\006\004\000\212H\361320i\365-bd`"
  30      60640001 
  30      69060400 
  30      8A48F133 
  30      323069F5 
  31 0018 9B23CF04 		.ascii	"\233#\317\004\022d\342\006\221\000+P\002y"
  31      1264E206 
  31      91002B50 
  31      0279
  32              		.text
  33              		.section	.gnu.lto_.pureconst.807d4496,"",%progbits
  34 0000 789C6361 		.ascii	"x\234ca`d`f`\000\222R\000\000r\000$"
  34      60646066 
  34      60009252 
  34      00007200 
  34      24
ARM GAS  C:\Users\JEFFSN~1\AppData\Local\Temp\ccZkjYRS.s 			page 2


  35              		.text
  36              		.section	.gnu.lto_USB_DispatchClassRqst.807d4496,"",%progbits
  37 0000 789C9554 		.ascii	"x\234\225T]L\\E\024\2363s\377\366\2376>\230\006IM\312"
  37      5D4C5C45 
  37      149E3373 
  37      FFF69F36 
  37      3E980649 
  38 0016 435F5C09 		.ascii	"C_\\\011\361\261\211\301D}j\214\304\267\232\006\341"
  38      F1B189C1 
  38      447D6A8C 
  38      C4B79A06 
  38      E1
  39 0027 9A98501A 		.ascii	"\232\230P\032)<\371\300,w\267-\015\0116\021\032#J\323"
  39      293CF9C0 
  39      2C77B72D 
  39      0D093611 
  39      1A234AD3 
  40 003b 6AC0CA0A 		.ascii	"j\300\312\012k\201\272\024q\245T* Tj\033\033\377Z\322"
  40      6B81BA14 
  40      71A5542A 
  40      20546A1B 
  40      1BFF5AD2 
  41 004f 9A861253 		.ascii	"\232\206\022SH\015)Z\326sfv\353E\253\2117\331\331\231"
  41      480D295A 
  41      D6736676 
  41      EB45AB89 
  41      37D9D999 
  42 0063 397FDFF9 		.ascii	"9\177\337\371\3169c0`\364uZ\214U\341\177=\376 \300\200"
  42      CE396330 
  42      60F4755A 
  42      8C55E17F 
  42      3DFE20C0 
  43 0078 BF39C758 		.ascii	"\2779\307X\302\341\302Lmc\322\021j5\364\036L-4\212\033"
  43      C2E1C24C 
  43      6D63D211 
  43      6A35F41E 
  43      4C2D348A 
  44 008d 935BDFC6 		.ascii	"\223[\337\306\231\014:ceL\206-\356\\\301\223c\217\226"
  44      990C3A63 
  44      654C862D 
  44      EE5CC193 
  44      638F96
  45 00a0 D10A8E56 		.ascii	"\321\012\216Vr\000h#\035`-\\\030\246e;\320\002\277\361"
  45      72006823 
  45      1D602D5C 
  45      18A6653B 
  45      D002BFF1 
  46 00b4 FB1C66D6 		.ascii	"\373\034f\326.\264\007w\366J\331*\257}pE\034\353\313"
  46      2EB40777 
  46      F64AD92A 
  46      AF7D7045 
  46      1CEBCB
  47 00c7 414A3096 		.ascii	"AJ0\226\347\014*K\341\311R\302\324\013;\031\252\246"
  47      E70C2A4B 
  47      E1C952C2 
  47      D40B3B19 
  47      AAA6
ARM GAS  C:\Users\JEFFSN~1\AppData\Local\Temp\ccZkjYRS.s 			page 3


  48 00d9 67DAEF19 		.ascii	"g\332\357\031b\007\320\376\367\016YU~\222\254r\331}"
  48      6207D0FE 
  48      F70E5955 
  48      7E92AC72 
  48      D97D
  49 00eb C7642EB1 		.ascii	"\307d.\261\035\255\240\017\204\337\220\221\346\305\344"
  49      1DADA00F 
  49      84DF9091 
  49      E6C5E4
  50 00fa D28990A8 		.ascii	"\322\211\220\250TV\207\322\031\317)\230\215\274,\275"
  50      545687D2 
  50      19CF2998 
  50      8DBC2CBD 
  51 010a A7C9E8D4 		.ascii	"\247\311\350\324C\214\0263\033\235\021+)\361\333\016"
  51      438C1633 
  51      1B9D112B 
  51      29F1DB0E 
  52 011a 1F41397C 		.ascii	"\037A9|\010\345\204\011\301\364\203\205\264\361\342"
  52      08E58409 
  52      C1F48385 
  52      B4F1E2
  53 0129 EDC08B39 		.ascii	"\355\300\2139\231\317{27l\016?\262\025\030\335\2437"
  53      99CF7B32 
  53      376C0E3F 
  53      B21518DD 
  53      A337
  54 013b 94182C85 		.ascii	"\224\030,\205t\321b\323\342(Q\200\266A\\xH\235\303\270"
  54      74D162D3 
  54      E2285180 
  54      B6415C78 
  54      489DC3B8 
  55 014f 15115C8C 		.ascii	"\025\021\\\214(\355b$\336\242\314\031\273\203\361\210"
  55      28ED6224 
  55      DEA2CC19 
  55      BB83F188 
  56 015f B615CEE9 		.ascii	"\266\025\316\351_,B+&\253\000\240\034Qv\245&\346\355"
  56      5F2C422B 
  56      26AB00A0 
  56      1C5176A5 
  56      26E6ED
  57 0172 BB9C9260 		.ascii	"\273\234\222`\220\206R\366\013L\214\257\014<F*\236\260"
  57      908652F6 
  57      0B4C8CAF 
  57      0C3C462A 
  57      9EB0
  58 0184 51636039 		.ascii	"Qc`9{/B\032\\\345\377\300\300T\307\265\266\323\267M"
  58      7B2F421A 
  58      5CE5FFC0 
  58      C054C7B5 
  58      B6D3B74D 
  59 0198 7D4406A5 		.ascii	"}D\006\245\201W}G\3227\254\036x7\221\3042X0\010\245"
  59      81577D47 
  59      D237AC1E 
  59      783791C4 
  59      32583008 
  60 01ad 30808E49 		.ascii	"0\200\216I{x\341\307\261X<-IbC\006z`\203\027\350\362"
  60      7B78E1C7 
ARM GAS  C:\Users\JEFFSN~1\AppData\Local\Temp\ccZkjYRS.s 			page 4


  60      B1583C2D 
  60      49624306 
  60      7A608317 
  61 01c3 7EED5C80 		.ascii	"~\355\\\200\212\001%r\340\023\210\303\307\240\270\204"
  61      8A012572 
  61      E01388C3 
  61      C7A0B884 
  62 01d3 D35081A8 		.ascii	"\323P\201\250\274?\236e\23604\246\211\325\301\3360E"
  62      BC3F9E65 
  62      9E3034A6 
  62      89D5C1DE 
  62      3045
  63 01e5 05103084 		.ascii	"\005\0200\204z7!)C\0323A\350\272\372\376-\363(t$\220"
  63      7A372129 
  63      431A3341 
  63      E8BAFAFE 
  63      2DF32874 
  64 01fb FE5CDE4D 		.ascii	"\376\\\336M\211\000v\216P\336\206\341(\240\306\320\344"
  64      8900768E 
  64      50DE86E1 
  64      28A0C6D0 
  64      E4
  65 020c D441477B 		.ascii	"\324AG{\240\343zv\245?X4X@\010\001\030A\267RP{\303\031"
  65      A0E37A76 
  65      A53F5834 
  65      58400801 
  65      1841B752 
  66 0224 6D733EBF 		.ascii	"ms>\277\226\213i\033j\273\023?\317\344\235\242\315\035"
  66      968B691B 
  66      6ABB133F 
  66      CFE49DA2 
  66      CD1D
  67 0236 65F3A9B2 		.ascii	"e\363\251\262Q5\316\242\015#\342\005Km\0237 QB\360\310"
  67      5135CEA2 
  67      0D23E205 
  67      4B6D1337 
  67      205142F0 
  68 024b A1627864 		.ascii	"\241bxd\227F\353\240\243o\222\203\335B3\274\231\277"
  68      9746EBA0 
  68      A36F9283 
  68      DD4233BC 
  68      99BF
  69 025d 84943DC0 		.ascii	"\204\224=\300\376\233\304\263~\022/v\257_\265\037\220"
  69      FE9BC4B3 
  69      7E122F76 
  69      AF5FB51F 
  69      90
  70 026e 3886248E 		.ascii	"8\206$\216\026H\374\014I\304\342\3137T\355\261k0\264"
  70      1648FC0C 
  70      49C4E2CB 
  70      3754EDB1 
  70      6B30B4
  71 0281 82676C86 		.ascii	"\202gl\206\307\025\274\314\370n\015/\360\177\3529\376"
  71      C715BCCC 
  71      F86E0D2F 
  71      F07FEA39 
  71      FE
ARM GAS  C:\Users\JEFFSN~1\AppData\Local\Temp\ccZkjYRS.s 			page 5


  72 0292 EF503EF7 		.ascii	"\357P>\367A\311\371\352i\352\020\247N^{/\240\231\315"
  72      41C9F9EA 
  72      69EA10A7 
  72      4E5E7B2F 
  72      A099CD
  73 02a5 33F842B5 		.ascii	"3\370B\265a\353\352\241\273\226F\021DE\3025z\275L_\204"
  73      61EBEAA1 
  73      BB964611 
  73      4445C235 
  73      7ABD4C5F 
  74 02ba FC8D1854 		.ascii	"\374\215\030T\215\230\315.\177o\267\334\227\207\245"
  74      8D98CD2E 
  74      7F6FB7DC 
  74      9787A5
  75 02c9 2CC1BB36 		.ascii	",\301\2736!\024\214\345\344\342\\\210\300\313\004\335"
  75      21148CE5 
  75      E4E25C88 
  75      C0CB04DD 
  76 02d9 87E01CBE 		.ascii	"\207\340\034\276\032\023\005\370\235\337\365wG\011#"
  76      1A1305F8 
  76      9DDFF577 
  76      470923
  77 02e8 12FD0EE2 		.ascii	"\022\375\016\342\014\303$\246\200\361\0129\014_>\276"
  77      0CC324A6 
  77      80F10A39 
  77      0C5F3EBE 
  78 02f8 A2D2A342 		.ascii	"\242\322\243BX\224\307y\250\330\340\252'\276\204\370"
  78      5894C779 
  78      A8D8E0AA 
  78      27BE84F8 
  79 0308 DF090D29 		.ascii	"\337\011\015)BM\326\201\203F\214\252\226C\235\022\246"
  79      424DD681 
  79      83468CAA 
  79      96439D12 
  79      A6
  80 0319 E5C0AE43 		.ascii	"\345\300\256Cr\336;\333\376\250\316\002T\277\340\267"
  80      72DE3BDB 
  80      FEA8CE02 
  80      54BFE0B7 
  81 0329 0A18D411 		.ascii	"\012\030\324\021?\244c\350\304\230\214\321 \362\267"
  81      3FA463E8 
  81      C4988CD1 
  81      20F2B7
  82 0338 2AD099C5 		.ascii	"*\320\231\305.\305\005r\321\225\231\317\004\264U\330"
  82      2EC50572 
  82      D19599CF 
  82      04B455D8 
  83 0348 9F7BE421 		.ascii	"\237{\344!\271G\332\204\241\340/\315^\236\014\252\334"
  83      B947DA84 
  83      A1E02FCD 
  83      5E9E0CAA 
  83      DC
  84 0359 D5BD800B 		.ascii	"\325\275\200\013\230\373\024\205\204\2570O\305\261\255"
  84      98FB1485 
  84      84AF304F 
  84      C5B1AD
  85 0368 9D463CD5 		.ascii	"\235F<\325\230^w\201\361(\306\301[RY\017\352\253\230"
ARM GAS  C:\Users\JEFFSN~1\AppData\Local\Temp\ccZkjYRS.s 			page 6


  85      985E7781 
  85      F128C6C1 
  85      5B52590F 
  85      EAAB98
  86 037b 3FAED0C3 		.ascii	"?\256\320\303?5}8\214\001\220:4\210\302\264\362=C\276"
  86      3F357D38 
  86      8C01903A 
  86      3488C2B4 
  86      F23D43BE 
  87 038f 6F82272B 		.ascii	"o\202'+}\206\376\201\2744\025-L\244IL\316\352\351\332"
  87      7D86FE81 
  87      BC34152D 
  87      4CA4494C 
  87      CEEAE9DA 
  88 03a3 34823F59 		.ascii	"4\202?Y\177\215\240EJ_\027\307\311f\323[}\375j\261["
  88      7F8DA045 
  88      4A5F17C7 
  88      C966D35B 
  88      7DFD6AB1 
  89 03b8 E0E5560E 		.ascii	"\340\345V\016\356\320\261\266\374\203\215X\236\352\005"
  89      EED0B1B6 
  89      FC838D58 
  89      9EEA05
  90 03c7 73D08283 		.ascii	"s\320\202\203T\202\345\340\305\327\017\265\225G\307"
  90      5482E5E0 
  90      C5D70FB5 
  90      9547C7
  91 03d6 5F30B350 		.ascii	"_0\263P0%\347l\011\337\313\267\217D\265s\256J\305\251"
  91      3025E76C 
  91      09DFCBB7 
  91      8F44B573 
  91      AE4AC5A9 
  92 03ea 3AE6EC6D 		.ascii	":\346\354m\212f\267\2379\256\316\326\320.|k\201<\241"
  92      8A66B79F 
  92      39AECED6 
  92      D02E7C6B 
  92      813CA1
  93 03fd D6E3CFB9 		.ascii	"\326\343\317\271\015ncM\223[\267\267z\177sc\255\273"
  93      0D6E634D 
  93      935BB7B7 
  93      7A7F7363 
  93      ADBB
  94 040f E785EAFD 		.ascii	"\347\205\352\375\317<\265\347\245\352\252\275\265\365"
  94      CF3CB5E7 
  94      A5EAAABD 
  94      B5F5
  95 041d 079EA865 		.ascii	"\007\236\250e\321F\367\365f\367@\323\3635\015u\365n"
  95      D146F7F5 
  95      66F740D3 
  95      F3350D75 
  95      F56E
  96 042f 5DECB586 		.ascii	"]\354\265\206&\267\361\325\232Zww\363\276W\334\306?"
  96      26B7F1D5 
  96      9A5A7777 
  96      F3BE57DC 
  96      C63F
  97 0441 01573730 		.ascii	"\001W70\016"
ARM GAS  C:\Users\JEFFSN~1\AppData\Local\Temp\ccZkjYRS.s 			page 7


  97      0E
  98              		.text
  99              		.section	.gnu.lto_.symbol_nodes.807d4496,"",%progbits
 100 0000 789C6361 		.ascii	"x\234ca`d\260d\000\002&\206z\006\206\011\347\030@\324"
 100      6064B064 
 100      00022686 
 100      7A068609 
 100      E71840D4 
 101 0014 AE064506 		.ascii	"\256\006E\006\006VF\006\005\2408+\023#\210bd\256g\004"
 101      06564606 
 101      05A0382B 
 101      13238862 
 101      64AE6704 
 102 0028 4B333034 		.ascii	"K3044\000\005\230\201\260\345\334;f\006\000\011\274"
 102      34000598 
 102      81B0E5DC 
 102      3B660600 
 102      09BC
 103 003a 0991     		.ascii	"\011\221"
 104              		.text
 105              		.section	.gnu.lto_.refs.807d4496,"",%progbits
 106 0000 789C6361 		.ascii	"x\234ca`d\340d```b``\344a`\022b\000\000\001W\0002"
 106      6064E064 
 106      60606062 
 106      6060E461 
 106      60126200 
 107              		.text
 108              		.section	.gnu.lto_.decls.807d4496,"",%progbits
 109 0000 789C9D56 		.ascii	"x\234\235ViLTW\024~g\3360\302\003\006;\330\2264\323"
 109      694C5457 
 109      147E67DE 
 109      30C20306 
 109      3BD89634 
 110 0015 C62A127E 		.ascii	"\306*\022~4\250\261m\374\325X\321\232\246\266\232\242"
 110      34A8B16D 
 110      FCD558D1 
 110      9AA6B69A 
 110      A2
 111 0026 F68F2D8E 		.ascii	"\366\217-\2160(\251\021\034\30666\375\361\020\260\026"
 111      3028A911 
 111      1CC63636 
 111      FDF110B0 
 111      16
 112 0037 578CD6B8 		.ascii	"W\214\326\270\262\250\010(\233`A\260vX\034\025\025\021"
 112      B2A80828 
 112      9B6041B0 
 112      76581C15 
 112      1511
 113 0049 14C50586 		.ascii	"\024\305\005\206\305\205E:\350(\012*=w\031\337\014\001"
 113      C585453A 
 113      E8280A2A 
 113      3D7719DF 
 113      0C01
 114 005b BBDC7086 		.ascii	"\273\334p\206{\336\375\356w\326{\337S\013 \220Q\346"
 114      7BDEFDEE 
 114      77D67BDF 
 114      530B2090 
ARM GAS  C:\Users\JEFFSN~1\AppData\Local\Temp\ccZkjYRS.s 			page 8


 114      51E6
 115 006d 2D08469C 		.ascii	"-\010F\234V\343|\010\207\012\377/\022\224A\364c(\305"
 115      56E37C08 
 115      870AFF2F 
 115      129441F4 
 115      6328C5
 116 0080 7C6E43E9 		.ascii	"|nC\351\020\334\007Y\177\003\245\000E\2172\017\245\035"
 116      10DC0759 
 116      7F03A500 
 116      458F320F 
 116      A51D
 117 0092 4587D287 		.ascii	"E\207\322\207bGy\204\362\220s;PZP\232Q\036\243\264\241"
 117      62477984 
 117      F290733B 
 117      505A509A 
 117      511EA3B4 
 118 00a7 3C4129E4 		.ascii	"<A)\3446\272P\032\206\331\036\203\322\217\362\024\345"
 118      36BA501A 
 118      86D91E83 
 118      D28FF214 
 118      E5
 119 00b8 998B1F03 		.ascii	"\231\213\037\003(\203\303\374y\241\202\241\324\342-"
 119      2883C3FC 
 119      79A182A1 
 119      D4E22D
 120 00c7 9E37A109 		.ascii	"\2367\241\011D\201\007*\000\260_\240\"0\241*NT\002\233"
 120      4481072A 
 120      00B05FA0 
 120      2230A12A 
 120      4E54029B 
 121 00db 381FBD1A 		.ascii	"8\037\275\032\002\207\250\234S\205\214\376\361\3750"
 121      0287A89C 
 121      53858CFE 
 121      F1FD30
 122 00ea E41C9444 		.ascii	"\344\034\224Da\007\276\211\351|\263\3007\201J1\000L"
 122      6107BE89 
 122      E97CB3C0 
 122      37814A31 
 122      004C
 123 00fc 75EE70E1 		.ascii	"u\356p\341\033\346\221\323g\247\031\232&\032teGa\211"
 123      1BE691D3 
 123      67A7199A 
 123      261A7465 
 123      476189
 124 010f 46540199 		.ascii	"FT\001\231\267<\313\372,\344\250\214c\253,\253\246+"
 124      B73CCBFA 
 124      2CE4A88C 
 124      63AB2CAB 
 124      A62B
 125 0121 99B99C58 		.ascii	"\231\271\234X\260Wt\250@'\201\032\325\276\213\273\333"
 125      B05774A8 
 125      4027811A 
 125      D5BE8BBB 
 125      DB
 126 0132 B5A88E93 		.ascii	"\265\250\216\223`<\252\371I\035\331\236\250\352%\030"
 126      603CAAF9 
 126      491DD99E 
ARM GAS  C:\Users\JEFFSN~1\AppData\Local\Temp\ccZkjYRS.s 			page 9


 126      A8EA2518 
 127 0142 02A2F79C 		.ascii	"\002\242\367\234x\346\313t\262yWJ\373Ko\361}2W5\264"
 127      78E6CB74 
 127      B279574A 
 127      FB4B6FF1 
 127      7D325735 
 128 0157 1FE95443 		.ascii	"\037\351TC\260\224I\214\330R\013?9!\313c\241\000$\310"
 128      B094498C 
 128      D8520B3F 
 128      3921CB63 
 128      A10024C8 
 129 016b 0311B221 		.ascii	"\003\021\262!\204x\250\227\360w\275,\257\225\355\031"
 129      8478A897 
 129      F077BD2C 
 129      AF95ED19 
 130 017b B2264080 		.ascii	"\262&@\200iz\230\242\027 \037\202\011'AA.\350\341(\350"
 130      697A98A2 
 130      17201F82 
 130      09274141 
 130      2EE8E128 
 131 0190 097FDD86 		.ascii	"\011\177\335\206\323\011~\001\277Q\267\023\344\361j"
 131      D3097E01 
 131      BF51B713 
 131      E4F16A
 132 019f 4A7704D7 		.ascii	"Jw\004\327sp]\200B\010\300\337\245j\026\211\343\314"
 132      73705D80 
 132      4208C0DF 
 132      A56A1689 
 132      E3CC
 133 01b1 8EB57E13 		.ascii	"\216\265~\023\322\344\264\002\331Vd\375`g\202|\026\367"
 133      D2E4B402 
 133      D95664FD 
 133      6067827C 
 133      16F7
 134 01c3 8D2728C8 		.ascii	"\215'(\310R\\\310\"= \300a\270\211\371:\006\023p\347"
 134      525CC822 
 134      3D20C061 
 134      B889F93A 
 134      061370E7 
 135 01d7 DD54EB90 		.ascii	"\335T\353\220\207\370=\015\2518\247\265\204\260\330"
 135      87F83D0D 
 135      A938A7B5 
 135      84B0D8
 136 01e6 30887D35 		.ascii	"0\210}5\337\026\035Xg\331\012\324\024\024)$E\224\004"
 136      DF161D58 
 136      67D90AD4 
 136      14142924 
 136      459404
 137 01f9 27C594E0 		.ascii	"'\305\224\340\324\341\226\203\242\230\005\224!%q\335"
 137      D4E19683 
 137      A2980594 
 137      212571DD 
 138 0209 3896D01E 		.ascii	"8\226\320\036\242\3667&TH,\2436\015\352\273\313\035"
 138      A2F63726 
 138      54482CA3 
 138      360DEABB 
 138      CB1D
ARM GAS  C:\Users\JEFFSN~1\AppData\Local\Temp\ccZkjYRS.s 			page 10


 139 021b 351E6CDD 		.ascii	"5\036l\335\023\325s\017\233j}\245\365<D\335Y-YPB<\001"
 139      13D5730F 
 139      9B6A7DA5 
 139      F53C44DD 
 139      592D5950 
 140 0232 983198AC 		.ascii	"\2301\230\254\207R\226\221z\373\205}\336\214m,\252\247"
 140      87529691 
 140      7AFB857D 
 140      DE8C6D2C 
 140      AAA7
 141 0244 87FA2D7E 		.ascii	"\207\372-~\214L\205\252}w\352m\215\230\317\374840h'"
 141      8C4C85AA 
 141      7D77EA6D 
 141      8D98CFFC 
 141      38343068 
 142 0259 950DC2DA 		.ascii	"\225\015\302\332\015\211.\305\013b\305\313J\267\026"
 142      0D892EC5 
 142      0B62C5CB 
 142      4AB716
 143 0268 49621905 		.ascii	"Ib\031\005\253\366n\257\310\325\200\024Lk#'\310R\226"
 143      ABF66EAF 
 143      C8D58014 
 143      4C6B2327 
 143      C85296
 144 027b 56803274 		.ascii	"V\2002t\243\034\355B\005\226'\210\227\347\024>\374\003"
 144      A31CED42 
 144      05962788 
 144      97E7143E 
 144      FC03
 145 028d 1FF23A1F 		.ascii	"\037\362:\037gu\266`a\376T\362\023$\261\232\224\227"
 145      6775B660 
 145      61FE54F2 
 145      1324B19A 
 145      9497
 146 029f 9CB47A30 		.ascii	"\234\264z0w\247\240\232g\255j\360\023+\230\177{\036"
 146      77A7A09A 
 146      67AD6AF0 
 146      132B987F 
 146      7B1E
 147 02b1 DDEEF462 		.ascii	"\335\356\364bk\301\250\356\330\230\372\235x\201-m/\312"
 147      6BC1A8EE 
 147      D898FA9D 
 147      78812D6D 
 147      2FCA
 148 02c3 4DF2121B 		.ascii	"M\362\022\033\230\322\233x\307\306C\016@\365R\316\325"
 148      98D29B78 
 148      C7C6430E 
 148      40F552CE 
 148      D5
 149 02d4 4CB5789D 		.ascii	"L\265x\235\255\355\264\237\352\367\022[\231\322\263"
 149      ADEDB49F 
 149      EAF7125B 
 149      99D2B3
 150 02e3 E9CA8056 		.ascii	"\351\312\200V\354fJ\363\236\352\233*\361\011S\006\357"
 150      EC664AF3 
 150      9EEA9B2A 
 150      F1095306 
ARM GAS  C:\Users\JEFFSN~1\AppData\Local\Temp\ccZkjYRS.s 			page 11


 150      EF
 151 02f4 6F6F0296 		.ascii	"oo\002\226&\037T\327\2267\245\370\361\222\320\303\261"
 151      261F54D7 
 151      9637A5F8 
 151      F192D0C3 
 151      B1
 152 0305 795F95AF 		.ascii	"y_\225\257\370\202b\275;[\2568\000\002\003\375\003\311"
 152      F88262BD 
 152      3B5BAE38 
 152      000203FD 
 152      03C9
 153 0317 080E0CCC 		.ascii	"\010\016\014\314 )\261\245n\373\2462a\235\\\267\204"
 153      2029B1A5 
 153      6EFBA632 
 153      619D5CB7 
 153      84
 154 0328 867A1243 		.ascii	"\206z\022C\275\014\376J\206Ji\265\246\222\353\216\342"
 154      BD0CFE4A 
 154      864A69B5 
 154      A692EB8E 
 154      E2
 155 0339 2DD76BBC 		.ascii	"-\327k\274\345\202%\264aOs0\357\365\311\004YM\360B\012"
 155      E58225B4 
 155      614F7330 
 155      EFF5C904 
 155      594DF042 
 156 034e 3F903298 		.ascii	"?\2202\230\004\270\210\\\027(\015\001c\"\341\032\246"
 156      04B8885C 
 156      17280D01 
 156      6322E11A 
 156      A6
 157 035f FD0A0442 		.ascii	"\375\012\004B#J\023\312u\224z\224:\224\253(\227P\032"
 157      234A13CA 
 157      75947A94 
 157      3A94AB28 
 157      97501A
 158 0372 20907622 		.ascii	" \220v\"\263\332\250X\265\216`\365\010(\0166+\320Zw"
 158      B3DAA858 
 158      B58E60F5 
 158      08280E36 
 158      2BD05A77 
 159 0386 288BA5CC 		.ascii	"(\213\245\314\005{J\301\236\037\201\326%\354\033\311"
 159      057B4AC1 
 159      9E1F81D6 
 159      25EC1BC9 
 160 0396 3ECE1C55 		.ascii	">\316\034U\015\317\021\305V\272\320\326)\2645#\320N"
 160      0DCF11C5 
 160      56BAD0D6 
 160      29B43523 
 160      D04E
 161 03a8 2348DA66 		.ascii	"#H\332f\226\362\032\037Y\366$\010\201\267\230\022\363"
 161      96F21A1F 
 161      59F62408 
 161      81B79812 
 161      F3
 162 03b9 D564ED4E 		.ascii	"\325d\355N\331\022/R\236\263#\360\234q1Y\257\230<7\002"
 162      D9122F52 
ARM GAS  C:\Users\JEFFSN~1\AppData\Local\Temp\ccZkjYRS.s 			page 12


 162      9EB323F0 
 162      9C713159 
 162      AF983C37 
 163 03ce 94058D2D 		.ascii	"\224\005\215-\261\271\363\336\001\037\361\020\275<U"
 163      B1B9F3DE 
 163      011FF110 
 163      BD3C55
 164 03dd FBAD3525 		.ascii	"\373\2555%x\265\3713_\372j\200\370r\013\267\336P:\236"
 164      78B5F933 
 164      5FFA6A80 
 164      F8720BB7 
 164      DE503A9E 
 165 03f1 B8364A41 		.ascii	"\2706JA\361\246\011\376_5E?:\222\2137z\350\266r\332"
 165      F1A609FE 
 165      5F35453F 
 165      3A928B37 
 165      7AE8B672 
 166 0406 19266AB6 		.ascii	"\031&j\266\004\211\177\247E\272\015:\347%A\320\3173"
 166      04897FA7 
 166      45BA0D3A 
 166      E72541D0 
 166      CF33
 167 0418 6DDBB4FE 		.ascii	"m\333\264\376\350D\374k\235\020\376\213\007\216\242"
 167      E844FC6B 
 167      9D10FE8B 
 167      078EA2
 168 0427 B21BDEAE 		.ascii	"\262\033\336\256\0364\277\316\203\274\227U]\332I\007"
 168      1E34BFCE 
 168      83BC9755 
 168      5DDA4907 
 169 0437 E48E7872 		.ascii	"\344\216xr}\376\\\221\215U\226\001Z@\007\307Y\262\\"
 169      7DFE5C91 
 169      8D559601 
 169      5A4007C7 
 169      59B25C
 170 044a F61EA7AF 		.ascii	"\366\036\247\257c\033L\302\215\031\327\032\317\215\021"
 170      631B4CC2 
 170      8D19D71A 
 170      CF8D11
 171 0459 4BD9DBCA 		.ascii	"K\331\333\312\236=\344\360\223\370{b\353?\277'\2726"
 171      9E3DE4F0 
 171      93F87B62 
 171      EB3FBF27 
 171      BA36
 172 046b A5B5F8FA 		.ascii	"\245\265\370\372$\023<\277D\333\334^\024\355\340\303"
 172      24133CBF 
 172      44DBDC5E 
 172      14EDE0C3 
 173 047b A3C9DBF2 		.ascii	"\243\311\333\362\360\245\006\375K\303^h\371\345\275"
 173      F0A506FD 
 173      4BC35E68 
 173      F9E5BD
 174 048a 5D7265A2 		.ascii	"]re\242\232,C+\367N\331\324J\275\353\240\336\225\364"
 174      9A2C432B 
 174      F74ED9D4 
 174      4ABDEBA0 
 174      DE95F4
ARM GAS  C:\Users\JEFFSN~1\AppData\Local\Temp\ccZkjYRS.s 			page 13


 175 049d 1E29F165 		.ascii	"\036)\361e7\206\205\320\224\015T\017j\305\363\314[G"
 175      378685D0 
 175      940D540F 
 175      6AC5F3CC 
 175      5B47
 176 04af 72523F7F 		.ascii	"rR?\177\205\216!w^[\335Z\237\321o\364\373\316\033\375"
 176      858E2177 
 176      5E5BDD5A 
 176      9FD16FF4 
 176      FBCE1BFD 
 177 04c3 1EF3BD37 		.ascii	"\036\363\27573=\036x~-\362\014\240\275y\007\364\374"
 177      333D1E78 
 177      7E2DF20C 
 177      A0BD7907 
 177      F4FC
 178 04d5 1876D2FC 		.ascii	"\030v\322\374\336\347\371\025\263\212K\255\036\020\350"
 178      DEE7F915 
 178      B38A4BAD 
 178      1E10E8
 179 04e4 1F9CC1AE 		.ascii	"\037\234\301\256\337\3729E\007d\322\321\210\203\273"
 179      DFFA3945 
 179      0764D2D1 
 179      8883BB
 180 04f3 18433756 		.ascii	"\030C7V\307\271\333\345t\246p~\031V\011.\354\335\274"
 180      C7B9DBE5 
 180      74A6707E 
 180      1956092E 
 180      ECDDBC
 181 0506 2B7B30AF 		.ascii	"+{0\257]\274\346\254\313\367\324\322\023\327\355~\342"
 181      5DBCE6AC 
 181      CBF7D4D2 
 181      13D7ED7E 
 181      E2
 182 0517 D0DFB69B 		.ascii	"\320\337\266\233\267\336\026\353\331\301(;\221\276\321"
 182      B7DE16EB 
 182      D9C1283B 
 182      91BED1
 183 0526 0BFC8347 		.ascii	"\013\374\203Gd\207\277\220tt\003\205\265\364\030\365"
 183      6487BF90 
 183      74740385 
 183      B5F418F5 
 184 0536 22E08172 		.ascii	"\"\340\201r\214\272\3511B3Iw[\255\336\274\225_C,\274"
 184      8CBAE931 
 184      42334977 
 184      5BADDEBC 
 184      955F432C 
 185 054b 6225EFF1 		.ascii	"b%\357\361\232\336\027*\2676\260#JI}\037k\003\362\237"
 185      9ADE172A 
 185      B736B023 
 185      4A497D1F 
 185      6B03F29F 
 186 055f 942DF151 		.ascii	"\224-\361Q\243\206\324)\341\337}\214T\236\317\357\361"
 186      A386D429 
 186      E1DF7D8C 
 186      549ECFEF 
 186      F1
 187 0570 742DD4C3 		.ascii	"t-\324\303Q\013\005\217@\207;\262\253\353^\212n\376"
ARM GAS  C:\Users\JEFFSN~1\AppData\Local\Temp\ccZkjYRS.s 			page 14


 187      510B058F 
 187      40873BB2 
 187      ABEB5E8A 
 187      6EFE
 188 0582 9073A0F8 		.ascii	"\220s\240\370\343\340\3768\250?})\017\022\274\335\320"
 188      E3E0FE38 
 188      A83F7D29 
 188      0F12BCDD 
 188      D0
 189 0593 A42F15F4 		.ascii	"\244/\025\364c\216~L\321y\325\277\346\270\307J>Q\024"
 189      638E7E4C 
 189      D179D5BF 
 189      E6B8C74A 
 189      3E5114
 190 05a6 F4138E7E 		.ascii	"\364\023\216~B\321\327rz\326k'\246\263C\234\214_\267"
 190      42D1D772 
 190      7AD66B27 
 190      A6B3439C 
 190      8C5FB7
 191 05b9 8BDEA21F 		.ascii	"\213\336\242\037?\354#\246\037&\222\302&\305\037\224"
 191      3FEC23A6 
 191      1F2692C2 
 191      26C51F94 
 192 05c9 1806BF9F 		.ascii	"\030\006\277\237>\334%\327\215u\207=\2450\373\376\202"
 192      3EDC25D7 
 192      8D75873D 
 192      A530FBFE 
 192      82
 193 05da 0D6A06B3 		.ascii	"\015j\006\263\330\343\323`\030\350\031\005\035z\376"
 193      D8E3D360 
 193      18E81905 
 193      1D7AFE
 194 05e9 B4501AD5 		.ascii	"\264P\032\325\336\000\305d\346\326\3459\211Z\254Z9\313"
 194      DE00C564 
 194      E6D6E539 
 194      895AAC5A 
 194      39CB
 195 05fb D31D3508 		.ascii	"\323\0355\010\023\2057\027\206\315\014\237\025\035\027"
 195      13853717 
 195      86CD0C9F 
 195      151D17
 196 060a 6B30472C 		.ascii	"k0G,\017]a\210\213\373zU\234\331s\316W\013\307\207N"
 196      0F5D6188 
 196      8BFB7A55 
 196      9CD973CE 
 196      570BC787 
 197 061f 9D2A78AC 		.ascii	"\235*x\254\216^i\236\376\376\034\343J\243\311`6F\206"
 197      8E5E699E 
 197      FEFE1CE3 
 197      4AA3C960 
 197      364686
 198 0632 87C5AC36 		.ascii	"\207\305\2546E\030\027\317\017\213\011\375hq\304\032"
 198      451817CF 
 198      0F8B09FD 
 198      6871C41A 
 199 0642 F39A5863 		.ascii	"\363\232Xc\\\310ra4\004a\217X\021\027\022!\274\343j"
 199      5CC87261 
ARM GAS  C:\Users\JEFFSN~1\AppData\Local\Temp\ccZkjYRS.s 			page 15


 199      3404618F 
 199      58111712 
 199      21BCE36A 
 200 0656 E8D385B3 		.ascii	"\350\323\205\263>\237\367\312\332\3536\307\376`Fz\015"
 200      3E9FF7CA 
 200      DAEB36C7 
 200      FE60467A 
 200      0D
 201 0667 99CE9E2F 		.ascii	"\231\316\236/-]\035\025e4\205E\377d\324\020\307\246"
 201      2D5D1D15 
 201      65348545 
 201      FF64D410 
 201      C7A6
 202 0679 7E4C9FCC 		.ascii	"~L\237\314\213\212\2123\2325\306\330/c\"\215jCd\244"
 202      8B8A8A33 
 202      9A35C6D8 
 202      2F63228D 
 202      6A4364A4 
 203 068d C9D318BB 		.ascii	"\311\323\030\273 f\331\262\025F\257\345?\316\216\015"
 203      2066D9B2 
 203      1546AFE5 
 203      3FCE8E0D 
 204 069d 3323B764 		.ascii	"3#\267d\210\215\346S\215\301l6E/\365B\006\243)\312\020"
 204      888DE653 
 204      8DC16C36 
 204      452FF542 
 204      06A329CA 
 205 06b2 617C7774 		.ascii	"a|wt\007\320\270nA83\037\036\272`n\370\314\271\363B"
 205      07D0B86E 
 205      4138331F 
 205      1EBA606E 
 205      F8CCB9F3 
 206 06c7 BFD09107 		.ascii	"\277\320\221\007\257\266\323@\320\374,\203\331\340O"
 206      AFB6D340 
 206      D0FC2C83 
 206      D9E04F
 207 06d6 568CB153 		.ascii	"V\214\261S\302#Q\011\2173\233VG\230\377\0069Q\356\361"
 207      C2235109 
 207      8F339B56 
 207      4798FF06 
 207      3951EEF1 
 208              		.text
 209              		.section	.gnu.lto_.symtab.807d4496,"",%progbits
 210 0000 5553425F 		.ascii	"USB_DispatchClassRqst\000"
 210      44697370 
 210      61746368 
 210      436C6173 
 210      73527173 
 211 0016 00       		.ascii	"\000"
 212 0017 00       		.ascii	"\000"
 213 0018 00       		.ascii	"\000"
 214 0019 00000000 		.ascii	"\000\000\000\000\000\000\000\000"
 214      00000000 
 215 0021 B2000000 		.ascii	"\262\000\000\000"
 216 0025 5553425F 		.ascii	"USB_EP\000"
 216      455000
 217 002c 00       		.ascii	"\000"
ARM GAS  C:\Users\JEFFSN~1\AppData\Local\Temp\ccZkjYRS.s 			page 16


 218 002d 02       		.ascii	"\002"
 219 002e 00       		.ascii	"\000"
 220 002f 00000000 		.ascii	"\000\000\000\000\000\000\000\000"
 220      00000000 
 221 0037 E0000000 		.ascii	"\340\000\000\000"
 222 003b 5553425F 		.ascii	"USB_interfaceClass\000"
 222      696E7465 
 222      72666163 
 222      65436C61 
 222      737300
 223 004e 00       		.ascii	"\000"
 224 004f 02       		.ascii	"\002"
 225 0050 00       		.ascii	"\000"
 226 0051 00000000 		.ascii	"\000\000\000\000\000\000\000\000"
 226      00000000 
 227 0059 E4000000 		.ascii	"\344\000\000\000"
 228 005d 5553425F 		.ascii	"USB_DispatchAUDIOClassRqst\000"
 228      44697370 
 228      61746368 
 228      41554449 
 228      4F436C61 
 229 0078 00       		.ascii	"\000"
 230 0079 02       		.ascii	"\002"
 231 007a 00       		.ascii	"\000"
 232 007b 00000000 		.ascii	"\000\000\000\000\000\000\000\000"
 232      00000000 
 233 0083 B4000000 		.ascii	"\264\000\000\000"
 234              		.text
 235              		.section	.gnu.lto_.opts,"",%progbits
 236 0000 272D666D 		.ascii	"'-fmath-errno' '-fsigned-zeros' '-ftrapping-math' '"
 236      6174682D 
 236      6572726E 
 236      6F272027 
 236      2D667369 
 237 0033 2D666E6F 		.ascii	"-fno-trapv' '-fno-openmp' '-fno-openacc' '-mcpu=cor"
 237      2D747261 
 237      70762720 
 237      272D666E 
 237      6F2D6F70 
 238 0066 7465782D 		.ascii	"tex-m3' '-mthumb' '-g' '-O3' '-ffunction-sections' "
 238      6D332720 
 238      272D6D74 
 238      68756D62 
 238      2720272D 
 239 0099 272D6666 		.ascii	"'-ffat-lto-objects' '-finline-functions' '-flto'\000"
 239      61742D6C 
 239      746F2D6F 
 239      626A6563 
 239      74732720 
 240              		.text
 241              		.cfi_sections	.debug_frame
 242              		.section	.text.USB_DispatchClassRqst,"ax",%progbits
 243              		.align	2
 244              		.global	USB_DispatchClassRqst
 245              		.thumb
 246              		.thumb_func
 247              		.type	USB_DispatchClassRqst, %function
ARM GAS  C:\Users\JEFFSN~1\AppData\Local\Temp\ccZkjYRS.s 			page 17


 248              	USB_DispatchClassRqst:
 249              	.LFB0:
 250              		.file 1 "Generated_Source\\PSoC5\\USB_cls.c"
   1:Generated_Source\PSoC5/USB_cls.c **** /***************************************************************************//**
   2:Generated_Source\PSoC5/USB_cls.c **** * \file USB_cls.c
   3:Generated_Source\PSoC5/USB_cls.c **** * \version 3.20
   4:Generated_Source\PSoC5/USB_cls.c **** *
   5:Generated_Source\PSoC5/USB_cls.c **** * \brief
   6:Generated_Source\PSoC5/USB_cls.c **** *  This file contains the USB Class request handler.
   7:Generated_Source\PSoC5/USB_cls.c **** *
   8:Generated_Source\PSoC5/USB_cls.c **** ********************************************************************************
   9:Generated_Source\PSoC5/USB_cls.c **** * \copyright
  10:Generated_Source\PSoC5/USB_cls.c **** * Copyright 2008-2016, Cypress Semiconductor Corporation.  All rights reserved.
  11:Generated_Source\PSoC5/USB_cls.c **** * You may use this file only in accordance with the license, terms, conditions,
  12:Generated_Source\PSoC5/USB_cls.c **** * disclaimers, and limitations in the end user license agreement accompanying
  13:Generated_Source\PSoC5/USB_cls.c **** * the software package with which this file was provided.
  14:Generated_Source\PSoC5/USB_cls.c **** *******************************************************************************/
  15:Generated_Source\PSoC5/USB_cls.c **** 
  16:Generated_Source\PSoC5/USB_cls.c **** #include "USB_pvt.h"
  17:Generated_Source\PSoC5/USB_cls.c **** 
  18:Generated_Source\PSoC5/USB_cls.c **** 
  19:Generated_Source\PSoC5/USB_cls.c **** #if(USB_EXTERN_CLS == USB_FALSE)
  20:Generated_Source\PSoC5/USB_cls.c **** 
  21:Generated_Source\PSoC5/USB_cls.c **** /***************************************
  22:Generated_Source\PSoC5/USB_cls.c **** * User Implemented Class Driver Declarations.
  23:Generated_Source\PSoC5/USB_cls.c **** ***************************************/
  24:Generated_Source\PSoC5/USB_cls.c **** /* `#START USER_DEFINED_CLASS_DECLARATIONS` Place your declaration here */
  25:Generated_Source\PSoC5/USB_cls.c **** 
  26:Generated_Source\PSoC5/USB_cls.c **** /* `#END` */
  27:Generated_Source\PSoC5/USB_cls.c **** 
  28:Generated_Source\PSoC5/USB_cls.c **** 
  29:Generated_Source\PSoC5/USB_cls.c **** /*******************************************************************************
  30:Generated_Source\PSoC5/USB_cls.c **** * Function Name: USB_DispatchClassRqst
  31:Generated_Source\PSoC5/USB_cls.c **** ****************************************************************************//**
  32:Generated_Source\PSoC5/USB_cls.c **** *  This routine dispatches class specific requests depend on interface class.
  33:Generated_Source\PSoC5/USB_cls.c **** *
  34:Generated_Source\PSoC5/USB_cls.c **** * \return
  35:Generated_Source\PSoC5/USB_cls.c **** *  requestHandled.
  36:Generated_Source\PSoC5/USB_cls.c **** *
  37:Generated_Source\PSoC5/USB_cls.c **** * \reentrant
  38:Generated_Source\PSoC5/USB_cls.c **** *  No.
  39:Generated_Source\PSoC5/USB_cls.c **** *
  40:Generated_Source\PSoC5/USB_cls.c **** *******************************************************************************/
  41:Generated_Source\PSoC5/USB_cls.c **** uint8 USB_DispatchClassRqst(void) 
  42:Generated_Source\PSoC5/USB_cls.c **** {
 251              		.loc 1 42 0
 252              		.cfi_startproc
 253              		@ args = 0, pretend = 0, frame = 0
 254              		@ frame_needed = 0, uses_anonymous_args = 0
 255              		@ link register save eliminated.
 256              	.LVL0:
  43:Generated_Source\PSoC5/USB_cls.c ****     uint8 interfaceNumber;
  44:Generated_Source\PSoC5/USB_cls.c ****     uint8 requestHandled = USB_FALSE;
  45:Generated_Source\PSoC5/USB_cls.c **** 
  46:Generated_Source\PSoC5/USB_cls.c ****     /* Get interface to which request is intended. */
  47:Generated_Source\PSoC5/USB_cls.c ****     switch (USB_bmRequestTypeReg & USB_RQST_RCPT_MASK)
 257              		.loc 1 47 0
ARM GAS  C:\Users\JEFFSN~1\AppData\Local\Temp\ccZkjYRS.s 			page 18


 258 0000 114A     		ldr	r2, .L16
 259 0002 1378     		ldrb	r3, [r2]	@ zero_extendqisi2
 260 0004 03F00303 		and	r3, r3, #3
 261 0008 012B     		cmp	r3, #1
 262 000a 17D0     		beq	.L3
 263 000c 022B     		cmp	r3, #2
 264 000e 07D0     		beq	.L4
 265 0010 0023     		movs	r3, #0
 266              	.L2:
  48:Generated_Source\PSoC5/USB_cls.c ****     {
  49:Generated_Source\PSoC5/USB_cls.c ****         case USB_RQST_RCPT_IFC:
  50:Generated_Source\PSoC5/USB_cls.c ****             /* Class-specific request directed to interface: wIndexLoReg 
  51:Generated_Source\PSoC5/USB_cls.c ****             * contains interface number.
  52:Generated_Source\PSoC5/USB_cls.c ****             */
  53:Generated_Source\PSoC5/USB_cls.c ****             interfaceNumber = (uint8) USB_wIndexLoReg;
  54:Generated_Source\PSoC5/USB_cls.c ****             break;
  55:Generated_Source\PSoC5/USB_cls.c ****         
  56:Generated_Source\PSoC5/USB_cls.c ****         case USB_RQST_RCPT_EP:
  57:Generated_Source\PSoC5/USB_cls.c ****             /* Class-specific request directed to endpoint: wIndexLoReg contains 
  58:Generated_Source\PSoC5/USB_cls.c ****             * endpoint number. Find interface related to endpoint. 
  59:Generated_Source\PSoC5/USB_cls.c ****             */
  60:Generated_Source\PSoC5/USB_cls.c ****             interfaceNumber = USB_EP[USB_wIndexLoReg & USB_DIR_UNUSED].interface;
  61:Generated_Source\PSoC5/USB_cls.c ****             break;
  62:Generated_Source\PSoC5/USB_cls.c ****             
  63:Generated_Source\PSoC5/USB_cls.c ****         default:
  64:Generated_Source\PSoC5/USB_cls.c ****             /* Default interface is zero. */
  65:Generated_Source\PSoC5/USB_cls.c ****             interfaceNumber = 0u;
  66:Generated_Source\PSoC5/USB_cls.c ****             break;
  67:Generated_Source\PSoC5/USB_cls.c ****     }
  68:Generated_Source\PSoC5/USB_cls.c ****     
  69:Generated_Source\PSoC5/USB_cls.c ****     /* Check that interface is within acceptable range */
  70:Generated_Source\PSoC5/USB_cls.c ****     if (interfaceNumber <= USB_MAX_INTERFACES_NUMBER)
  71:Generated_Source\PSoC5/USB_cls.c ****     {
  72:Generated_Source\PSoC5/USB_cls.c ****     #if (defined(USB_ENABLE_HID_CLASS)   || \
  73:Generated_Source\PSoC5/USB_cls.c ****          defined(USB_ENABLE_AUDIO_CLASS) || \
  74:Generated_Source\PSoC5/USB_cls.c ****          defined(USB_ENABLE_CDC_CLASS)   || \
  75:Generated_Source\PSoC5/USB_cls.c ****          USB_ENABLE_MSC_CLASS)
  76:Generated_Source\PSoC5/USB_cls.c **** 
  77:Generated_Source\PSoC5/USB_cls.c ****         /* Handle class request depends on interface type. */
  78:Generated_Source\PSoC5/USB_cls.c ****         switch (USB_interfaceClass[interfaceNumber])
 267              		.loc 1 78 0
 268 0012 0E4A     		ldr	r2, .L16+4
 269 0014 1268     		ldr	r2, [r2]
 270 0016 D35C     		ldrb	r3, [r2, r3]	@ zero_extendqisi2
 271 0018 012B     		cmp	r3, #1
 272 001a 12D0     		beq	.L15
 273              	.LVL1:
  79:Generated_Source\PSoC5/USB_cls.c ****         {
  80:Generated_Source\PSoC5/USB_cls.c ****         #if defined(USB_ENABLE_HID_CLASS)
  81:Generated_Source\PSoC5/USB_cls.c ****             case USB_CLASS_HID:
  82:Generated_Source\PSoC5/USB_cls.c ****                 requestHandled = USB_DispatchHIDClassRqst();
  83:Generated_Source\PSoC5/USB_cls.c ****                 break;
  84:Generated_Source\PSoC5/USB_cls.c ****         #endif /* (USB_ENABLE_HID_CLASS) */
  85:Generated_Source\PSoC5/USB_cls.c ****                 
  86:Generated_Source\PSoC5/USB_cls.c ****         #if defined(USB_ENABLE_AUDIO_CLASS)
  87:Generated_Source\PSoC5/USB_cls.c ****             case USB_CLASS_AUDIO:
  88:Generated_Source\PSoC5/USB_cls.c ****                 requestHandled = USB_DispatchAUDIOClassRqst();
ARM GAS  C:\Users\JEFFSN~1\AppData\Local\Temp\ccZkjYRS.s 			page 19


  89:Generated_Source\PSoC5/USB_cls.c ****                 break;
  90:Generated_Source\PSoC5/USB_cls.c ****         #endif /* (USB_CLASS_AUDIO) */
  91:Generated_Source\PSoC5/USB_cls.c ****                 
  92:Generated_Source\PSoC5/USB_cls.c ****         #if defined(USB_ENABLE_CDC_CLASS)
  93:Generated_Source\PSoC5/USB_cls.c ****             case USB_CLASS_CDC:
  94:Generated_Source\PSoC5/USB_cls.c ****                 requestHandled = USB_DispatchCDCClassRqst();
  95:Generated_Source\PSoC5/USB_cls.c ****                 break;
  96:Generated_Source\PSoC5/USB_cls.c ****         #endif /* (USB_ENABLE_CDC_CLASS) */
  97:Generated_Source\PSoC5/USB_cls.c ****             
  98:Generated_Source\PSoC5/USB_cls.c ****         #if (USB_ENABLE_MSC_CLASS)
  99:Generated_Source\PSoC5/USB_cls.c ****             case USB_CLASS_MSD:
 100:Generated_Source\PSoC5/USB_cls.c ****             #if (USB_HANDLE_MSC_REQUESTS)
 101:Generated_Source\PSoC5/USB_cls.c ****                 /* MSC requests are handled by the component. */
 102:Generated_Source\PSoC5/USB_cls.c ****                 requestHandled = USB_DispatchMSCClassRqst();
 103:Generated_Source\PSoC5/USB_cls.c ****             #elif defined(USB_DISPATCH_MSC_CLASS_RQST_CALLBACK)
 104:Generated_Source\PSoC5/USB_cls.c ****                 /* MSC requests are handled by user defined callbcak. */
 105:Generated_Source\PSoC5/USB_cls.c ****                 requestHandled = USB_DispatchMSCClassRqst_Callback();
 106:Generated_Source\PSoC5/USB_cls.c ****             #else
 107:Generated_Source\PSoC5/USB_cls.c ****                 /* MSC requests are not handled. */
 108:Generated_Source\PSoC5/USB_cls.c ****                 requestHandled = USB_FALSE;
 109:Generated_Source\PSoC5/USB_cls.c ****             #endif /* (USB_HANDLE_MSC_REQUESTS) */
 110:Generated_Source\PSoC5/USB_cls.c ****                 break;
 111:Generated_Source\PSoC5/USB_cls.c ****         #endif /* (USB_ENABLE_MSC_CLASS) */
 112:Generated_Source\PSoC5/USB_cls.c ****             
 113:Generated_Source\PSoC5/USB_cls.c ****             default:
 114:Generated_Source\PSoC5/USB_cls.c ****                 /* Request is not handled: unknown class request type. */
 115:Generated_Source\PSoC5/USB_cls.c ****                 requestHandled = USB_FALSE;
 116:Generated_Source\PSoC5/USB_cls.c ****                 break;
 117:Generated_Source\PSoC5/USB_cls.c ****         }
 118:Generated_Source\PSoC5/USB_cls.c ****     #endif /* Class support is enabled */
 119:Generated_Source\PSoC5/USB_cls.c ****     }
 120:Generated_Source\PSoC5/USB_cls.c ****     
 121:Generated_Source\PSoC5/USB_cls.c ****     /* `#START USER_DEFINED_CLASS_CODE` Place your Class request here */
 122:Generated_Source\PSoC5/USB_cls.c **** 
 123:Generated_Source\PSoC5/USB_cls.c ****     /* `#END` */
 124:Generated_Source\PSoC5/USB_cls.c **** 
 125:Generated_Source\PSoC5/USB_cls.c **** #ifdef USB_DISPATCH_CLASS_RQST_CALLBACK
 126:Generated_Source\PSoC5/USB_cls.c ****     if (USB_FALSE == requestHandled)
 127:Generated_Source\PSoC5/USB_cls.c ****     {
 128:Generated_Source\PSoC5/USB_cls.c ****         requestHandled = USB_DispatchClassRqst_Callback(interfaceNumber);
 129:Generated_Source\PSoC5/USB_cls.c ****     }
 130:Generated_Source\PSoC5/USB_cls.c **** #endif /* (USB_DISPATCH_CLASS_RQST_CALLBACK) */
 131:Generated_Source\PSoC5/USB_cls.c **** 
 132:Generated_Source\PSoC5/USB_cls.c ****     return (requestHandled);
 133:Generated_Source\PSoC5/USB_cls.c **** }
 274              		.loc 1 133 0
 275 001c 0020     		movs	r0, #0
 276 001e 7047     		bx	lr
 277              	.LVL2:
 278              	.L4:
  60:Generated_Source\PSoC5/USB_cls.c ****             break;
 279              		.loc 1 60 0
 280 0020 1379     		ldrb	r3, [r2, #4]	@ zero_extendqisi2
 281 0022 0B4A     		ldr	r2, .L16+8
 282 0024 03F07F03 		and	r3, r3, #127
 283 0028 03EB4303 		add	r3, r3, r3, lsl #1
 284 002c 02EB8303 		add	r3, r2, r3, lsl #2
ARM GAS  C:\Users\JEFFSN~1\AppData\Local\Temp\ccZkjYRS.s 			page 20


 285 0030 9B7A     		ldrb	r3, [r3, #10]	@ zero_extendqisi2
 286 0032 DBB2     		uxtb	r3, r3
 287              	.LVL3:
 288              	.L5:
  70:Generated_Source\PSoC5/USB_cls.c ****     {
 289              		.loc 1 70 0
 290 0034 022B     		cmp	r3, #2
 291 0036 ECD9     		bls	.L2
 292              	.LVL4:
 293              		.loc 1 133 0
 294 0038 0020     		movs	r0, #0
 295 003a 7047     		bx	lr
 296              	.LVL5:
 297              	.L3:
  53:Generated_Source\PSoC5/USB_cls.c ****             break;
 298              		.loc 1 53 0
 299 003c 1379     		ldrb	r3, [r2, #4]	@ zero_extendqisi2
 300 003e DBB2     		uxtb	r3, r3
 301              	.LVL6:
  54:Generated_Source\PSoC5/USB_cls.c ****         
 302              		.loc 1 54 0
 303 0040 F8E7     		b	.L5
 304              	.LVL7:
 305              	.L15:
  88:Generated_Source\PSoC5/USB_cls.c ****                 break;
 306              		.loc 1 88 0
 307 0042 FFF7FEBF 		b	USB_DispatchAUDIOClassRqst
 308              	.LVL8:
 309              	.L17:
 310 0046 00BF     		.align	2
 311              	.L16:
 312 0048 00600040 		.word	1073766400
 313 004c 00000000 		.word	USB_interfaceClass
 314 0050 00000000 		.word	USB_EP
 315              		.cfi_endproc
 316              	.LFE0:
 317              		.size	USB_DispatchClassRqst, .-USB_DispatchClassRqst
 318              		.text
 319              	.Letext0:
 320              		.file 2 "Generated_Source\\PSoC5\\cytypes.h"
 321              		.file 3 "Generated_Source\\PSoC5\\USB.h"
 322              		.file 4 "Generated_Source\\PSoC5\\USB_pvt.h"
 323              		.section	.debug_info,"",%progbits
 324              	.Ldebug_info0:
 325 0000 DA010000 		.4byte	0x1da
 326 0004 0400     		.2byte	0x4
 327 0006 00000000 		.4byte	.Ldebug_abbrev0
 328 000a 04       		.byte	0x4
 329 000b 01       		.uleb128 0x1
 330 000c 92000000 		.4byte	.LASF32
 331 0010 0C       		.byte	0xc
 332 0011 CC010000 		.4byte	.LASF33
 333 0015 10020000 		.4byte	.LASF34
 334 0019 00000000 		.4byte	.Ldebug_ranges0+0
 335 001d 00000000 		.4byte	0
 336 0021 00000000 		.4byte	.Ldebug_line0
 337 0025 02       		.uleb128 0x2
ARM GAS  C:\Users\JEFFSN~1\AppData\Local\Temp\ccZkjYRS.s 			page 21


 338 0026 01       		.byte	0x1
 339 0027 06       		.byte	0x6
 340 0028 CC020000 		.4byte	.LASF0
 341 002c 02       		.uleb128 0x2
 342 002d 01       		.byte	0x1
 343 002e 08       		.byte	0x8
 344 002f 84000000 		.4byte	.LASF1
 345 0033 02       		.uleb128 0x2
 346 0034 02       		.byte	0x2
 347 0035 05       		.byte	0x5
 348 0036 8A020000 		.4byte	.LASF2
 349 003a 02       		.uleb128 0x2
 350 003b 02       		.byte	0x2
 351 003c 07       		.byte	0x7
 352 003d 16000000 		.4byte	.LASF3
 353 0041 02       		.uleb128 0x2
 354 0042 04       		.byte	0x4
 355 0043 05       		.byte	0x5
 356 0044 A4020000 		.4byte	.LASF4
 357 0048 02       		.uleb128 0x2
 358 0049 04       		.byte	0x4
 359 004a 07       		.byte	0x7
 360 004b 39010000 		.4byte	.LASF5
 361 004f 02       		.uleb128 0x2
 362 0050 08       		.byte	0x8
 363 0051 05       		.byte	0x5
 364 0052 FD010000 		.4byte	.LASF6
 365 0056 02       		.uleb128 0x2
 366 0057 08       		.byte	0x8
 367 0058 07       		.byte	0x7
 368 0059 98010000 		.4byte	.LASF7
 369 005d 03       		.uleb128 0x3
 370 005e 04       		.byte	0x4
 371 005f 05       		.byte	0x5
 372 0060 696E7400 		.ascii	"int\000"
 373 0064 02       		.uleb128 0x2
 374 0065 04       		.byte	0x4
 375 0066 07       		.byte	0x7
 376 0067 8B010000 		.4byte	.LASF8
 377 006b 04       		.uleb128 0x4
 378 006c 94020000 		.4byte	.LASF9
 379 0070 02       		.byte	0x2
 380 0071 E401     		.2byte	0x1e4
 381 0073 2C000000 		.4byte	0x2c
 382 0077 04       		.uleb128 0x4
 383 0078 79010000 		.4byte	.LASF10
 384 007c 02       		.byte	0x2
 385 007d E501     		.2byte	0x1e5
 386 007f 3A000000 		.4byte	0x3a
 387 0083 02       		.uleb128 0x2
 388 0084 04       		.byte	0x4
 389 0085 04       		.byte	0x4
 390 0086 75000000 		.4byte	.LASF11
 391 008a 02       		.uleb128 0x2
 392 008b 08       		.byte	0x8
 393 008c 04       		.byte	0x4
 394 008d 60010000 		.4byte	.LASF12
ARM GAS  C:\Users\JEFFSN~1\AppData\Local\Temp\ccZkjYRS.s 			page 22


 395 0091 02       		.uleb128 0x2
 396 0092 01       		.byte	0x1
 397 0093 08       		.byte	0x8
 398 0094 0B020000 		.4byte	.LASF13
 399 0098 02       		.uleb128 0x2
 400 0099 08       		.byte	0x8
 401 009a 04       		.byte	0x4
 402 009b C0020000 		.4byte	.LASF14
 403 009f 02       		.uleb128 0x2
 404 00a0 04       		.byte	0x4
 405 00a1 07       		.byte	0x7
 406 00a2 ED010000 		.4byte	.LASF15
 407 00a6 05       		.uleb128 0x5
 408 00a7 0C       		.byte	0xc
 409 00a8 03       		.byte	0x3
 410 00a9 8D       		.byte	0x8d
 411 00aa 1B010000 		.4byte	0x11b
 412 00ae 06       		.uleb128 0x6
 413 00af 67010000 		.4byte	.LASF16
 414 00b3 03       		.byte	0x3
 415 00b4 8F       		.byte	0x8f
 416 00b5 6B000000 		.4byte	0x6b
 417 00b9 00       		.byte	0
 418 00ba 06       		.uleb128 0x6
 419 00bb 80010000 		.4byte	.LASF17
 420 00bf 03       		.byte	0x3
 421 00c0 90       		.byte	0x90
 422 00c1 6B000000 		.4byte	0x6b
 423 00c5 01       		.byte	0x1
 424 00c6 06       		.uleb128 0x6
 425 00c7 AF010000 		.4byte	.LASF18
 426 00cb 03       		.byte	0x3
 427 00cc 91       		.byte	0x91
 428 00cd 6B000000 		.4byte	0x6b
 429 00d1 02       		.byte	0x2
 430 00d2 06       		.uleb128 0x6
 431 00d3 7B000000 		.4byte	.LASF19
 432 00d7 03       		.byte	0x3
 433 00d8 92       		.byte	0x92
 434 00d9 6B000000 		.4byte	0x6b
 435 00dd 03       		.byte	0x3
 436 00de 06       		.uleb128 0x6
 437 00df 4B010000 		.4byte	.LASF20
 438 00e3 03       		.byte	0x3
 439 00e4 93       		.byte	0x93
 440 00e5 6B000000 		.4byte	0x6b
 441 00e9 04       		.byte	0x4
 442 00ea 06       		.uleb128 0x6
 443 00eb F6010000 		.4byte	.LASF21
 444 00ef 03       		.byte	0x3
 445 00f0 94       		.byte	0x94
 446 00f1 6B000000 		.4byte	0x6b
 447 00f5 05       		.byte	0x5
 448 00f6 06       		.uleb128 0x6
 449 00f7 6E010000 		.4byte	.LASF22
 450 00fb 03       		.byte	0x3
 451 00fc 95       		.byte	0x95
ARM GAS  C:\Users\JEFFSN~1\AppData\Local\Temp\ccZkjYRS.s 			page 23


 452 00fd 77000000 		.4byte	0x77
 453 0101 06       		.byte	0x6
 454 0102 06       		.uleb128 0x6
 455 0103 7F020000 		.4byte	.LASF23
 456 0107 03       		.byte	0x3
 457 0108 96       		.byte	0x96
 458 0109 77000000 		.4byte	0x77
 459 010d 08       		.byte	0x8
 460 010e 06       		.uleb128 0x6
 461 010f 9A020000 		.4byte	.LASF24
 462 0113 03       		.byte	0x3
 463 0114 97       		.byte	0x97
 464 0115 6B000000 		.4byte	0x6b
 465 0119 0A       		.byte	0xa
 466 011a 00       		.byte	0
 467 011b 07       		.uleb128 0x7
 468 011c AD020000 		.4byte	.LASF25
 469 0120 03       		.byte	0x3
 470 0121 98       		.byte	0x98
 471 0122 A6000000 		.4byte	0xa6
 472 0126 05       		.uleb128 0x5
 473 0127 08       		.byte	0x8
 474 0128 03       		.byte	0x3
 475 0129 C5       		.byte	0xc5
 476 012a 3B010000 		.4byte	0x13b
 477 012e 06       		.uleb128 0x6
 478 012f 5F000000 		.4byte	.LASF26
 479 0133 03       		.byte	0x3
 480 0134 C7       		.byte	0xc7
 481 0135 3B010000 		.4byte	0x13b
 482 0139 00       		.byte	0
 483 013a 00       		.byte	0
 484 013b 08       		.uleb128 0x8
 485 013c 6B000000 		.4byte	0x6b
 486 0140 4B010000 		.4byte	0x14b
 487 0144 09       		.uleb128 0x9
 488 0145 9F000000 		.4byte	0x9f
 489 0149 07       		.byte	0x7
 490 014a 00       		.byte	0
 491 014b 07       		.uleb128 0x7
 492 014c 4B000000 		.4byte	.LASF27
 493 0150 03       		.byte	0x3
 494 0151 C8       		.byte	0xc8
 495 0152 26010000 		.4byte	0x126
 496 0156 0A       		.uleb128 0xa
 497 0157 00000000 		.4byte	.LASF35
 498 015b 01       		.byte	0x1
 499 015c 29       		.byte	0x29
 500 015d 6B000000 		.4byte	0x6b
 501 0161 00000000 		.4byte	.LFB0
 502 0165 54000000 		.4byte	.LFE0-.LFB0
 503 0169 01       		.uleb128 0x1
 504 016a 9C       		.byte	0x9c
 505 016b 97010000 		.4byte	0x197
 506 016f 0B       		.uleb128 0xb
 507 0170 50010000 		.4byte	.LASF28
 508 0174 01       		.byte	0x1
ARM GAS  C:\Users\JEFFSN~1\AppData\Local\Temp\ccZkjYRS.s 			page 24


 509 0175 2B       		.byte	0x2b
 510 0176 6B000000 		.4byte	0x6b
 511 017a 00000000 		.4byte	.LLST0
 512 017e 0B       		.uleb128 0xb
 513 017f 66000000 		.4byte	.LASF29
 514 0183 01       		.byte	0x1
 515 0184 2C       		.byte	0x2c
 516 0185 6B000000 		.4byte	0x6b
 517 0189 1E000000 		.4byte	.LLST1
 518 018d 0C       		.uleb128 0xc
 519 018e 46000000 		.4byte	.LVL8
 520 0192 D2010000 		.4byte	0x1d2
 521 0196 00       		.byte	0
 522 0197 0D       		.uleb128 0xd
 523 0198 B9010000 		.4byte	.LASF30
 524 019c 04       		.byte	0x4
 525 019d 77       		.byte	0x77
 526 019e A2010000 		.4byte	0x1a2
 527 01a2 0E       		.uleb128 0xe
 528 01a3 04       		.byte	0x4
 529 01a4 A8010000 		.4byte	0x1a8
 530 01a8 0F       		.uleb128 0xf
 531 01a9 6B000000 		.4byte	0x6b
 532 01ad 08       		.uleb128 0x8
 533 01ae BD010000 		.4byte	0x1bd
 534 01b2 BD010000 		.4byte	0x1bd
 535 01b6 09       		.uleb128 0x9
 536 01b7 9F000000 		.4byte	0x9f
 537 01bb 08       		.byte	0x8
 538 01bc 00       		.byte	0
 539 01bd 10       		.uleb128 0x10
 540 01be 1B010000 		.4byte	0x11b
 541 01c2 0D       		.uleb128 0xd
 542 01c3 29000000 		.4byte	.LASF31
 543 01c7 04       		.byte	0x4
 544 01c8 79       		.byte	0x79
 545 01c9 CD010000 		.4byte	0x1cd
 546 01cd 10       		.uleb128 0x10
 547 01ce AD010000 		.4byte	0x1ad
 548 01d2 11       		.uleb128 0x11
 549 01d3 30000000 		.4byte	.LASF36
 550 01d7 30000000 		.4byte	.LASF36
 551 01db 04       		.byte	0x4
 552 01dc DB       		.byte	0xdb
 553 01dd 00       		.byte	0
 554              		.section	.debug_abbrev,"",%progbits
 555              	.Ldebug_abbrev0:
 556 0000 01       		.uleb128 0x1
 557 0001 11       		.uleb128 0x11
 558 0002 01       		.byte	0x1
 559 0003 25       		.uleb128 0x25
 560 0004 0E       		.uleb128 0xe
 561 0005 13       		.uleb128 0x13
 562 0006 0B       		.uleb128 0xb
 563 0007 03       		.uleb128 0x3
 564 0008 0E       		.uleb128 0xe
 565 0009 1B       		.uleb128 0x1b
ARM GAS  C:\Users\JEFFSN~1\AppData\Local\Temp\ccZkjYRS.s 			page 25


 566 000a 0E       		.uleb128 0xe
 567 000b 55       		.uleb128 0x55
 568 000c 17       		.uleb128 0x17
 569 000d 11       		.uleb128 0x11
 570 000e 01       		.uleb128 0x1
 571 000f 10       		.uleb128 0x10
 572 0010 17       		.uleb128 0x17
 573 0011 00       		.byte	0
 574 0012 00       		.byte	0
 575 0013 02       		.uleb128 0x2
 576 0014 24       		.uleb128 0x24
 577 0015 00       		.byte	0
 578 0016 0B       		.uleb128 0xb
 579 0017 0B       		.uleb128 0xb
 580 0018 3E       		.uleb128 0x3e
 581 0019 0B       		.uleb128 0xb
 582 001a 03       		.uleb128 0x3
 583 001b 0E       		.uleb128 0xe
 584 001c 00       		.byte	0
 585 001d 00       		.byte	0
 586 001e 03       		.uleb128 0x3
 587 001f 24       		.uleb128 0x24
 588 0020 00       		.byte	0
 589 0021 0B       		.uleb128 0xb
 590 0022 0B       		.uleb128 0xb
 591 0023 3E       		.uleb128 0x3e
 592 0024 0B       		.uleb128 0xb
 593 0025 03       		.uleb128 0x3
 594 0026 08       		.uleb128 0x8
 595 0027 00       		.byte	0
 596 0028 00       		.byte	0
 597 0029 04       		.uleb128 0x4
 598 002a 16       		.uleb128 0x16
 599 002b 00       		.byte	0
 600 002c 03       		.uleb128 0x3
 601 002d 0E       		.uleb128 0xe
 602 002e 3A       		.uleb128 0x3a
 603 002f 0B       		.uleb128 0xb
 604 0030 3B       		.uleb128 0x3b
 605 0031 05       		.uleb128 0x5
 606 0032 49       		.uleb128 0x49
 607 0033 13       		.uleb128 0x13
 608 0034 00       		.byte	0
 609 0035 00       		.byte	0
 610 0036 05       		.uleb128 0x5
 611 0037 13       		.uleb128 0x13
 612 0038 01       		.byte	0x1
 613 0039 0B       		.uleb128 0xb
 614 003a 0B       		.uleb128 0xb
 615 003b 3A       		.uleb128 0x3a
 616 003c 0B       		.uleb128 0xb
 617 003d 3B       		.uleb128 0x3b
 618 003e 0B       		.uleb128 0xb
 619 003f 01       		.uleb128 0x1
 620 0040 13       		.uleb128 0x13
 621 0041 00       		.byte	0
 622 0042 00       		.byte	0
ARM GAS  C:\Users\JEFFSN~1\AppData\Local\Temp\ccZkjYRS.s 			page 26


 623 0043 06       		.uleb128 0x6
 624 0044 0D       		.uleb128 0xd
 625 0045 00       		.byte	0
 626 0046 03       		.uleb128 0x3
 627 0047 0E       		.uleb128 0xe
 628 0048 3A       		.uleb128 0x3a
 629 0049 0B       		.uleb128 0xb
 630 004a 3B       		.uleb128 0x3b
 631 004b 0B       		.uleb128 0xb
 632 004c 49       		.uleb128 0x49
 633 004d 13       		.uleb128 0x13
 634 004e 38       		.uleb128 0x38
 635 004f 0B       		.uleb128 0xb
 636 0050 00       		.byte	0
 637 0051 00       		.byte	0
 638 0052 07       		.uleb128 0x7
 639 0053 16       		.uleb128 0x16
 640 0054 00       		.byte	0
 641 0055 03       		.uleb128 0x3
 642 0056 0E       		.uleb128 0xe
 643 0057 3A       		.uleb128 0x3a
 644 0058 0B       		.uleb128 0xb
 645 0059 3B       		.uleb128 0x3b
 646 005a 0B       		.uleb128 0xb
 647 005b 49       		.uleb128 0x49
 648 005c 13       		.uleb128 0x13
 649 005d 00       		.byte	0
 650 005e 00       		.byte	0
 651 005f 08       		.uleb128 0x8
 652 0060 01       		.uleb128 0x1
 653 0061 01       		.byte	0x1
 654 0062 49       		.uleb128 0x49
 655 0063 13       		.uleb128 0x13
 656 0064 01       		.uleb128 0x1
 657 0065 13       		.uleb128 0x13
 658 0066 00       		.byte	0
 659 0067 00       		.byte	0
 660 0068 09       		.uleb128 0x9
 661 0069 21       		.uleb128 0x21
 662 006a 00       		.byte	0
 663 006b 49       		.uleb128 0x49
 664 006c 13       		.uleb128 0x13
 665 006d 2F       		.uleb128 0x2f
 666 006e 0B       		.uleb128 0xb
 667 006f 00       		.byte	0
 668 0070 00       		.byte	0
 669 0071 0A       		.uleb128 0xa
 670 0072 2E       		.uleb128 0x2e
 671 0073 01       		.byte	0x1
 672 0074 3F       		.uleb128 0x3f
 673 0075 19       		.uleb128 0x19
 674 0076 03       		.uleb128 0x3
 675 0077 0E       		.uleb128 0xe
 676 0078 3A       		.uleb128 0x3a
 677 0079 0B       		.uleb128 0xb
 678 007a 3B       		.uleb128 0x3b
 679 007b 0B       		.uleb128 0xb
ARM GAS  C:\Users\JEFFSN~1\AppData\Local\Temp\ccZkjYRS.s 			page 27


 680 007c 27       		.uleb128 0x27
 681 007d 19       		.uleb128 0x19
 682 007e 49       		.uleb128 0x49
 683 007f 13       		.uleb128 0x13
 684 0080 11       		.uleb128 0x11
 685 0081 01       		.uleb128 0x1
 686 0082 12       		.uleb128 0x12
 687 0083 06       		.uleb128 0x6
 688 0084 40       		.uleb128 0x40
 689 0085 18       		.uleb128 0x18
 690 0086 9742     		.uleb128 0x2117
 691 0088 19       		.uleb128 0x19
 692 0089 01       		.uleb128 0x1
 693 008a 13       		.uleb128 0x13
 694 008b 00       		.byte	0
 695 008c 00       		.byte	0
 696 008d 0B       		.uleb128 0xb
 697 008e 34       		.uleb128 0x34
 698 008f 00       		.byte	0
 699 0090 03       		.uleb128 0x3
 700 0091 0E       		.uleb128 0xe
 701 0092 3A       		.uleb128 0x3a
 702 0093 0B       		.uleb128 0xb
 703 0094 3B       		.uleb128 0x3b
 704 0095 0B       		.uleb128 0xb
 705 0096 49       		.uleb128 0x49
 706 0097 13       		.uleb128 0x13
 707 0098 02       		.uleb128 0x2
 708 0099 17       		.uleb128 0x17
 709 009a 00       		.byte	0
 710 009b 00       		.byte	0
 711 009c 0C       		.uleb128 0xc
 712 009d 898201   		.uleb128 0x4109
 713 00a0 00       		.byte	0
 714 00a1 11       		.uleb128 0x11
 715 00a2 01       		.uleb128 0x1
 716 00a3 9542     		.uleb128 0x2115
 717 00a5 19       		.uleb128 0x19
 718 00a6 31       		.uleb128 0x31
 719 00a7 13       		.uleb128 0x13
 720 00a8 00       		.byte	0
 721 00a9 00       		.byte	0
 722 00aa 0D       		.uleb128 0xd
 723 00ab 34       		.uleb128 0x34
 724 00ac 00       		.byte	0
 725 00ad 03       		.uleb128 0x3
 726 00ae 0E       		.uleb128 0xe
 727 00af 3A       		.uleb128 0x3a
 728 00b0 0B       		.uleb128 0xb
 729 00b1 3B       		.uleb128 0x3b
 730 00b2 0B       		.uleb128 0xb
 731 00b3 49       		.uleb128 0x49
 732 00b4 13       		.uleb128 0x13
 733 00b5 3F       		.uleb128 0x3f
 734 00b6 19       		.uleb128 0x19
 735 00b7 3C       		.uleb128 0x3c
 736 00b8 19       		.uleb128 0x19
ARM GAS  C:\Users\JEFFSN~1\AppData\Local\Temp\ccZkjYRS.s 			page 28


 737 00b9 00       		.byte	0
 738 00ba 00       		.byte	0
 739 00bb 0E       		.uleb128 0xe
 740 00bc 0F       		.uleb128 0xf
 741 00bd 00       		.byte	0
 742 00be 0B       		.uleb128 0xb
 743 00bf 0B       		.uleb128 0xb
 744 00c0 49       		.uleb128 0x49
 745 00c1 13       		.uleb128 0x13
 746 00c2 00       		.byte	0
 747 00c3 00       		.byte	0
 748 00c4 0F       		.uleb128 0xf
 749 00c5 26       		.uleb128 0x26
 750 00c6 00       		.byte	0
 751 00c7 49       		.uleb128 0x49
 752 00c8 13       		.uleb128 0x13
 753 00c9 00       		.byte	0
 754 00ca 00       		.byte	0
 755 00cb 10       		.uleb128 0x10
 756 00cc 35       		.uleb128 0x35
 757 00cd 00       		.byte	0
 758 00ce 49       		.uleb128 0x49
 759 00cf 13       		.uleb128 0x13
 760 00d0 00       		.byte	0
 761 00d1 00       		.byte	0
 762 00d2 11       		.uleb128 0x11
 763 00d3 2E       		.uleb128 0x2e
 764 00d4 00       		.byte	0
 765 00d5 3F       		.uleb128 0x3f
 766 00d6 19       		.uleb128 0x19
 767 00d7 3C       		.uleb128 0x3c
 768 00d8 19       		.uleb128 0x19
 769 00d9 6E       		.uleb128 0x6e
 770 00da 0E       		.uleb128 0xe
 771 00db 03       		.uleb128 0x3
 772 00dc 0E       		.uleb128 0xe
 773 00dd 3A       		.uleb128 0x3a
 774 00de 0B       		.uleb128 0xb
 775 00df 3B       		.uleb128 0x3b
 776 00e0 0B       		.uleb128 0xb
 777 00e1 00       		.byte	0
 778 00e2 00       		.byte	0
 779 00e3 00       		.byte	0
 780              		.section	.debug_loc,"",%progbits
 781              	.Ldebug_loc0:
 782              	.LLST0:
 783 0000 34000000 		.4byte	.LVL3
 784 0004 3C000000 		.4byte	.LVL5
 785 0008 0100     		.2byte	0x1
 786 000a 53       		.byte	0x53
 787 000b 40000000 		.4byte	.LVL6
 788 000f 42000000 		.4byte	.LVL7
 789 0013 0100     		.2byte	0x1
 790 0015 53       		.byte	0x53
 791 0016 00000000 		.4byte	0
 792 001a 00000000 		.4byte	0
 793              	.LLST1:
ARM GAS  C:\Users\JEFFSN~1\AppData\Local\Temp\ccZkjYRS.s 			page 29


 794 001e 00000000 		.4byte	.LVL0
 795 0022 1C000000 		.4byte	.LVL1
 796 0026 0200     		.2byte	0x2
 797 0028 30       		.byte	0x30
 798 0029 9F       		.byte	0x9f
 799 002a 20000000 		.4byte	.LVL2
 800 002e 38000000 		.4byte	.LVL4
 801 0032 0200     		.2byte	0x2
 802 0034 30       		.byte	0x30
 803 0035 9F       		.byte	0x9f
 804 0036 3C000000 		.4byte	.LVL5
 805 003a 54000000 		.4byte	.LFE0
 806 003e 0200     		.2byte	0x2
 807 0040 30       		.byte	0x30
 808 0041 9F       		.byte	0x9f
 809 0042 00000000 		.4byte	0
 810 0046 00000000 		.4byte	0
 811              		.section	.debug_aranges,"",%progbits
 812 0000 1C000000 		.4byte	0x1c
 813 0004 0200     		.2byte	0x2
 814 0006 00000000 		.4byte	.Ldebug_info0
 815 000a 04       		.byte	0x4
 816 000b 00       		.byte	0
 817 000c 0000     		.2byte	0
 818 000e 0000     		.2byte	0
 819 0010 00000000 		.4byte	.LFB0
 820 0014 54000000 		.4byte	.LFE0-.LFB0
 821 0018 00000000 		.4byte	0
 822 001c 00000000 		.4byte	0
 823              		.section	.debug_ranges,"",%progbits
 824              	.Ldebug_ranges0:
 825 0000 00000000 		.4byte	.LFB0
 826 0004 54000000 		.4byte	.LFE0
 827 0008 00000000 		.4byte	0
 828 000c 00000000 		.4byte	0
 829              		.section	.debug_line,"",%progbits
 830              	.Ldebug_line0:
 831 0000 88000000 		.section	.debug_str,"MS",%progbits,1
 831      02005A00 
 831      00000201 
 831      FB0E0D00 
 831      01010101 
 832              	.LASF35:
 833 0000 5553425F 		.ascii	"USB_DispatchClassRqst\000"
 833      44697370 
 833      61746368 
 833      436C6173 
 833      73527173 
 834              	.LASF3:
 835 0016 73686F72 		.ascii	"short unsigned int\000"
 835      7420756E 
 835      7369676E 
 835      65642069 
 835      6E7400
 836              	.LASF31:
 837 0029 5553425F 		.ascii	"USB_EP\000"
 837      455000
ARM GAS  C:\Users\JEFFSN~1\AppData\Local\Temp\ccZkjYRS.s 			page 30


 838              	.LASF36:
 839 0030 5553425F 		.ascii	"USB_DispatchAUDIOClassRqst\000"
 839      44697370 
 839      61746368 
 839      41554449 
 839      4F436C61 
 840              	.LASF27:
 841 004b 5553425F 		.ascii	"USB_ep0_data_struct\000"
 841      6570305F 
 841      64617461 
 841      5F737472 
 841      75637400 
 842              	.LASF26:
 843 005f 65704461 		.ascii	"epData\000"
 843      746100
 844              	.LASF29:
 845 0066 72657175 		.ascii	"requestHandled\000"
 845      65737448 
 845      616E646C 
 845      656400
 846              	.LASF11:
 847 0075 666C6F61 		.ascii	"float\000"
 847      7400
 848              	.LASF19:
 849 007b 6570546F 		.ascii	"epToggle\000"
 849      67676C65 
 849      00
 850              	.LASF1:
 851 0084 756E7369 		.ascii	"unsigned char\000"
 851      676E6564 
 851      20636861 
 851      7200
 852              	.LASF32:
 853 0092 474E5520 		.ascii	"GNU C11 5.4.1 20160609 (release) [ARM/embedded-5-br"
 853      43313120 
 853      352E342E 
 853      31203230 
 853      31363036 
 854 00c5 616E6368 		.ascii	"anch revision 237715] -mcpu=cortex-m3 -mthumb -g -O"
 854      20726576 
 854      6973696F 
 854      6E203233 
 854      37373135 
 855 00f8 33202D66 		.ascii	"3 -ffunction-sections -ffat-lto-objects -finline-fu"
 855      66756E63 
 855      74696F6E 
 855      2D736563 
 855      74696F6E 
 856 012b 6E637469 		.ascii	"nctions -flto\000"
 856      6F6E7320 
 856      2D666C74 
 856      6F00
 857              	.LASF5:
 858 0139 6C6F6E67 		.ascii	"long unsigned int\000"
 858      20756E73 
 858      69676E65 
 858      6420696E 
ARM GAS  C:\Users\JEFFSN~1\AppData\Local\Temp\ccZkjYRS.s 			page 31


 858      7400
 859              	.LASF20:
 860 014b 61646472 		.ascii	"addr\000"
 860      00
 861              	.LASF28:
 862 0150 696E7465 		.ascii	"interfaceNumber\000"
 862      72666163 
 862      654E756D 
 862      62657200 
 863              	.LASF12:
 864 0160 646F7562 		.ascii	"double\000"
 864      6C6500
 865              	.LASF16:
 866 0167 61747472 		.ascii	"attrib\000"
 866      696200
 867              	.LASF22:
 868 016e 62756666 		.ascii	"buffOffset\000"
 868      4F666673 
 868      657400
 869              	.LASF10:
 870 0179 75696E74 		.ascii	"uint16\000"
 870      313600
 871              	.LASF17:
 872 0180 61706945 		.ascii	"apiEpState\000"
 872      70537461 
 872      746500
 873              	.LASF8:
 874 018b 756E7369 		.ascii	"unsigned int\000"
 874      676E6564 
 874      20696E74 
 874      00
 875              	.LASF7:
 876 0198 6C6F6E67 		.ascii	"long long unsigned int\000"
 876      206C6F6E 
 876      6720756E 
 876      7369676E 
 876      65642069 
 877              	.LASF18:
 878 01af 68774570 		.ascii	"hwEpState\000"
 878      53746174 
 878      6500
 879              	.LASF30:
 880 01b9 5553425F 		.ascii	"USB_interfaceClass\000"
 880      696E7465 
 880      72666163 
 880      65436C61 
 880      737300
 881              	.LASF33:
 882 01cc 47656E65 		.ascii	"Generated_Source\\PSoC5\\USB_cls.c\000"
 882      72617465 
 882      645F536F 
 882      75726365 
 882      5C50536F 
 883              	.LASF15:
 884 01ed 73697A65 		.ascii	"sizetype\000"
 884      74797065 
 884      00
ARM GAS  C:\Users\JEFFSN~1\AppData\Local\Temp\ccZkjYRS.s 			page 32


 885              	.LASF21:
 886 01f6 65704D6F 		.ascii	"epMode\000"
 886      646500
 887              	.LASF6:
 888 01fd 6C6F6E67 		.ascii	"long long int\000"
 888      206C6F6E 
 888      6720696E 
 888      7400
 889              	.LASF13:
 890 020b 63686172 		.ascii	"char\000"
 890      00
 891              	.LASF34:
 892 0210 433A5C55 		.ascii	"C:\\Users\\JeffSnyder\\dev\\Electrobass_embedded\\P"
 892      73657273 
 892      5C4A6566 
 892      66536E79 
 892      6465725C 
 893 023e 534F4335 		.ascii	"SOC5_electrobass_stringsensors\\CE210514_PSOC3_5_Th"
 893      5F656C65 
 893      6374726F 
 893      62617373 
 893      5F737472 
 894 0270 65726D69 		.ascii	"ermistor.cydsn\000"
 894      73746F72 
 894      2E637964 
 894      736E00
 895              	.LASF23:
 896 027f 62756666 		.ascii	"bufferSize\000"
 896      65725369 
 896      7A6500
 897              	.LASF2:
 898 028a 73686F72 		.ascii	"short int\000"
 898      7420696E 
 898      7400
 899              	.LASF9:
 900 0294 75696E74 		.ascii	"uint8\000"
 900      3800
 901              	.LASF24:
 902 029a 696E7465 		.ascii	"interface\000"
 902      72666163 
 902      6500
 903              	.LASF4:
 904 02a4 6C6F6E67 		.ascii	"long int\000"
 904      20696E74 
 904      00
 905              	.LASF25:
 906 02ad 545F5553 		.ascii	"T_USB_EP_CTL_BLOCK\000"
 906      425F4550 
 906      5F43544C 
 906      5F424C4F 
 906      434B00
 907              	.LASF14:
 908 02c0 6C6F6E67 		.ascii	"long double\000"
 908      20646F75 
 908      626C6500 
 909              	.LASF0:
 910 02cc 7369676E 		.ascii	"signed char\000"
ARM GAS  C:\Users\JEFFSN~1\AppData\Local\Temp\ccZkjYRS.s 			page 33


 910      65642063 
 910      68617200 
 911              		.comm	__gnu_lto_v1,1,1
 912              		.ident	"GCC: (GNU Tools for ARM Embedded Processors) 5.4.1 20160609 (release) [ARM/embedded-5-bran
