ARM GAS  C:\Users\JEFFSN~1\AppData\Local\Temp\cc4BruFH.s 			page 1


   1              		.syntax unified
   2              		.cpu cortex-m3
   3              		.fpu softvfp
   4              		.eabi_attribute 20, 1
   5              		.eabi_attribute 21, 1
   6              		.eabi_attribute 23, 3
   7              		.eabi_attribute 24, 1
   8              		.eabi_attribute 25, 1
   9              		.eabi_attribute 26, 1
  10              		.eabi_attribute 30, 1
  11              		.eabi_attribute 34, 1
  12              		.eabi_attribute 18, 4
  13              		.thumb
  14              		.syntax unified
  15              		.file	"V_T_1_1.c"
  16              		.text
  17              	.Ltext0:
  18              		.section	.gnu.lto_.profile.63317c44,"",%progbits
  19 0000 789C6361 		.ascii	"x\234ca`d`a`\000\222\222\242\000\000\261\0009"
  19      60646061 
  19      60009292 
  19      A20000B1 
  19      0039
  20              		.text
  21              		.section	.gnu.lto_.inline.63317c44,"",%progbits
  22 0000 789C6361 		.ascii	"x\234ca`d\000\001?\006\004`a`\340\344`d`\342y\020\313"
  22      60640001 
  22      3F060460 
  22      6160E0E4 
  22      606460E2 
  23 0017 C0B6409E 		.ascii	"\300\266@\236\011$\306\310\300\301\016\024\342\232\340"
  23      0924C6C8 
  23      C0C10E14 
  23      E29AE0
  24 0026 07176262 		.ascii	"\007\027bb`c\005\012\261}\320\203\0131c\0121\000\000"
  24      6063050A 
  24      B17DD083 
  24      0B31630A 
  24      310000
  25 0039 537C0835 		.ascii	"S|\0105"
  26              		.text
  27              		.section	.gnu.lto_.jmpfuncs.63317c44,"",%progbits
  28 0000 789C6361 		.ascii	"x\234ca`d\000\001>\006\004`\001b\240(\023\003\0033\220"
  28      60640001 
  28      3E060460 
  28      0162A028 
  28      13030333 
  29 0015 05000292 		.ascii	"\005\000\002\222\000\036"
  29      001E
  30              		.text
  31              		.section	.gnu.lto_.pureconst.63317c44,"",%progbits
  32 0000 789C6361 		.ascii	"x\234ca`d\340d```a\220b\224b\222b\226\002\000\002\261"
  32      6064E064 
  32      60606061 
  32      90629462 
  32      92629602 
  33 0017 0081     		.ascii	"\000\201"
ARM GAS  C:\Users\JEFFSN~1\AppData\Local\Temp\cc4BruFH.s 			page 2


  34              		.text
  35              		.section	.gnu.lto_V_T_1_1_Write.63317c44,"",%progbits
  36 0000 789C5551 		.ascii	"x\234UQ\277k\024a\020\235\367}\273{\211\227\370\017"
  36      BF6B1461 
  36      109DF77D 
  36      BB7B8997 
  36      F80F
  37 0012 78C50986 		.ascii	"x\305\011\206\220\024bP\377\001-l\305\210\325\301q\234"
  37      90146250 
  37      FF012D6C 
  37      C588D5C1 
  37      719C
  38 0024 5B04D440 		.ascii	"[\004\324@r\261\315l.w\0076\2461\2514\022\015\211\277"
  38      72B1CD6C 
  38      2E770736 
  38      A631A934 
  38      120D89BF 
  39 0038 12A39521 		.ascii	"\022\243\225!\302\262\330\330\030\220T\"*W\254\250\315"
  39      C2B2D8D8 
  39      18905422 
  39      2A57ACA8 
  39      CD
  40 0049 092E261A 		.ascii	"\011.&\032=gv\0333\360\375\330\331\367\336\274\231\317"
  40      3D67761B 
  40      33F0FDD8 
  40      D9F7DEBC 
  40      99CF
  41 005b 2190C6B0 		.ascii	"!\220\306\260!:%\347\021Y\260\0043\367\206(\3501\200"
  41      213A25E7 
  41      1159B004 
  41      33F78628 
  41      E83180
  42 006e 5EB80734 		.ascii	"^\270\0074m0\215\304\3741\210Z\361\0133\264\302\022"
  42      6D308DC4 
  42      FC31885A 
  42      F10B33B4 
  42      C212
  43 0080 9F96EF58 		.ascii	"\237\226\357X^\015\321\260D]\223*\021V0$\250\317[\255"
  43      5E0DD1B0 
  43      445D932A 
  43      11563024 
  43      A8CF5BAD 
  44 0094 1DD86320 		.ascii	"\035\330c \2717\243\244\223\037\\f\236aNJl\033\026X"
  44      B937A3A4 
  44      931F5C66 
  44      9E614E4A 
  44      6C1B1658 
  45 00a8 8515064E 		.ascii	"\205\025\006N\026p\242@\222 <\300\240\202w\337\355\254"
  45      1670A240 
  45      92203CC0 
  45      A08277DF 
  45      EDAC
  46 00ba 1DB6C329 		.ascii	"\035\266\303)q\216\343\245\276\201{J\014\177^]\3400"
  46      718EE3A5 
  46      BE817B4A 
  46      0C7F5E5D 
  46      E030
ARM GAS  C:\Users\JEFFSN~1\AppData\Local\Temp\cc4BruFH.s 			page 3


  47 00cc 282AF7E1 		.ascii	"(*\367\341\377\\\015\201\2667\376\336\352\367f\325U"
  47      FF5C0D81 
  47      B637FEDE 
  47      EAF766D5 
  47      55
  48 00dd 118F3090 		.ascii	"\021\2170\220\371\301cx\322!4\263~!\344n\267\316a\342"
  48      F9C16378 
  48      D22134B3 
  48      7E21E46E 
  48      B7CE61E2 
  49 00f1 26B6D748 		.ascii	"&\266\327HQ#\235\312\017\007Z\333\325\204\247[N7\242"
  49      51239DCA 
  49      0F075ADB 
  49      D584A75B 
  49      4E37A2
  50 0104 8E2CEDFE 		.ascii	"\216,\355\376\2731z\332\030\321\257\033\037\026r\252"
  50      BB317ADA 
  50      18D1AF1B 
  50      1F1672AA 
  51 0114 59B73A89 		.ascii	"Y\267:\211\371F\264\235\373a\032\326\246n\371\356\315"
  51      F946B49D 
  51      FB611AD6 
  51      A66EF9EE 
  51      CD
  52 0125 3D37FBE4 		.ascii	"=7\373\344\245\200\035I\355mon\365/\342v0+3r\260\206"
  52      A5801D49 
  52      ED6D6F6E 
  52      F52FE276 
  52      302B3372 
  53 013b 029E403C 		.ascii	"\002\236@<c\035\213\240\030\365\375\346{d\2026\323\374"
  53      631D8BA0 
  53      18F5FDE6 
  53      7B648236 
  53      D3FC
  54 014d F6B61DE6 		.ascii	"\366\266\035\346U\004\370\010<\025p\033&mC\234\012J"
  54      5504F808 
  54      3C15701B 
  54      266D439C 
  54      0A4A
  55 015f 499D66DC 		.ascii	"I\235f\334\352\315Xn\335j\235\327\3677\367\373\224\345"
  55      EACD586E 
  55      DD6A9DD7 
  55      F737F7FB 
  55      94E5
  56 0171 C2C58690 		.ascii	"\302\305\206\220R\351W&\003)N@\255/\374\322Q\220\203"
  56      52E95726 
  56      03294E40 
  56      AD2FFCD2 
  56      519083
  57 0184 229E65A0 		.ascii	"\"\236e\240]/\203\344R\003\236\244\242\371\324\320\001"
  57      5D2F83E4 
  57      52039EA4 
  57      A2F9D4D0 
  57      01
  58 0195 F30173FE 		.ascii	"\363\001s\376\240\377\347\342_X\364\0253\341oW\011\351"
  58      A0FFE7E2 
  58      5F58F415 
ARM GAS  C:\Users\JEFFSN~1\AppData\Local\Temp\cc4BruFH.s 			page 4


  58      33E16F57 
  58      09E9
  59 01a7 43740C74 		.ascii	"Ct\014tV2\271\243\347\374k\376D\245\346_.\217\216OM"
  59      5632B9A3 
  59      E7FC6BFE 
  59      44A5E65F 
  59      2E8F8E4F 
  60 01bc 54FDD2F9 		.ascii	"T\375\322\371\321\361\263\247K\227\312\027\313#\345"
  60      D1F1B3A7 
  60      4B97CA17 
  60      CB23E5
  61 01cb 91E35572 		.ascii	"\221\343Ur\257W\256L\371\207&k\225\332X\365\314Xm\362"
  61      AF57AE4C 
  61      F987266B 
  61      95DA58F5 
  61      CC586DF2 
  62 01df 1F0A54C2 		.ascii	"\037\012T\302\363"
  62      F3
  63              		.text
  64              		.section	.gnu.lto_V_T_1_1_SetDriveMode.63317c44,"",%progbits
  65 0000 789C7D51 		.ascii	"x\234}QMK\033Q\024\275\347\275\311\314\204\320\374\001"
  65      4D4B1B51 
  65      14BDE7BD 
  65      C9CC84D0 
  65      FC01
  66 0012 B3A820A8 		.ascii	"\263\250 \250\033Q\212\277\240P\267\245\226\256\224"
  66      1B518ABF 
  66      A050B7A5 
  66      96AE94
  67 0021 50749636 		.ascii	"Pt\2266Tt\355K\342 \350F\010uS\304n$~kq\345n\234R\227"
  67      5474ED4B 
  67      E220E846 
  67      087553C4 
  67      6E247E6B 
  68 003b E94210EA 		.ascii	"\351B\020\352B\304E\020AIlK\2435\246\367\316t\221U\037"
  68      42C44510 
  68      41496C4B 
  68      A335A6F7 
  68      CE749155 
  69 0050 F3EEC7E1 		.ascii	"\363\356\307\341\234\303\275o,\002\311\271\344\324\303"
  69      9CC3BD6F 
  69      2C02C9B9 
  69      E4D4C3
  70 005f B9832F34 		.ascii	"\271\203/4A-V\210\362\256\002\2440.hFa\006\277TS!\234"
  70      412D5688 
  70      F2AE02A4 
  70      302E6846 
  70      6106BF54 
  71 0076 AB1EA8DE 		.ascii	"\253\036\250\336\262\341s\376\365\246\337\254\005\360"
  71      B2E173FE 
  71      F5A6DFAC 
  71      05F0
  72 0084 35514B45 		.ascii	"5QKEN\2042z\231\365c\177\265\224\322] \256\353\225\332"
  72      4E84327A 
  72      99F5637F 
  72      B594D25D 
  72      20AEEB95 
ARM GAS  C:\Users\JEFFSN~1\AppData\Local\Temp\cc4BruFH.s 			page 5


  73 0099 59BA7BD5 		.ascii	"Y\272{\325\230\2021\245Q\243}\015\254A\263\002\3172"
  73      988231A5 
  73      51A37D0D 
  73      AC41B302 
  73      CF32
  74 00ab E8CF1003 		.ascii	"\350\317\020\003\204ut\013\371\342\363\343\207'\366"
  74      8475740B 
  74      F9E2F3E3 
  74      8727F6
  75 00ba ACD83F8D 		.ascii	"\254\330?\215M\261\001[\306\334}\025\230V\253h\202\337"
  75      4DB1015B 
  75      C6DC7D15 
  75      9856AB68 
  75      82DF
  76 00cc F6E1BD9D 		.ascii	"\366\341\275\235R,S\232\203\266$$ \016\266\224\216\004"
  76      522C539A 
  76      83B62424 
  76      200EB694 
  76      8E04
  77 00de 57425238 		.ascii	"WBR8D5\276\262H])\311\272\212\360~\276\372\321\022\347"
  77      4435BEB2 
  77      485D29C9 
  77      BA8AF07E 
  77      BEFAD112 
  78 00f3 A296A596 		.ascii	"\242\226\245\226\374\360\233\363S\371\332\212&n\226"
  78      FCF09BF3 
  78      53F9DA8A 
  78      266E96
  79 0102 1BDF5371 		.ascii	"\033\337Sq\353\177\312\033\213\241\312\227\343;w\005"
  79      EB7FCA1B 
  79      8BA1CA97 
  79      E33B7705 
  80 0112 CBF9595E 		.ascii	"\313\371Y^7\201-d\260\211\014O\267\215\025P\025\205"
  80      37812D64 
  80      B0890C4F 
  80      B78D1550 
  80      1585
  81 0124 5B27B6D3 		.ascii	"['\266\323\354\310}\361\301\216{\213!\326\237\036-4"
  81      ECC87DF1 
  81      C18E7B8B 
  81      21D69F1E 
  81      2D34
  82 0136 9362A9F1 		.ascii	"\223b\251\361\036;\254l\223\360\227h\2278\014\261\344"
  82      1E3BAC6C 
  82      93F09768 
  82      97380CB1 
  82      E4
  83 0147 FA64734B 		.ascii	"\372dsK\307\2224v#I\261\361\217\342F\306N\273K\222Q"
  83      C7923476 
  83      2349B1F1 
  83      8FE246C6 
  83      4EBB4B92 
  84 015c EEC32548 		.ascii	"\356\303%H\377\277\221\367xd\346\323\025\012\301\237"
  84      FFBF91F7 
  84      7864E6D3 
  84      150AC19F 
  85 016c 17C28E7E 		.ascii	"\027\302\216~]MA\236\207\037\253s\310{\347M\276\235"
ARM GAS  C:\Users\JEFFSN~1\AppData\Local\Temp\cc4BruFH.s 			page 6


  85      5D4D419E 
  85      871FAB73 
  85      C87BE74D 
  85      BE9D
  86 017e F2C6B3C3 		.ascii	"\362\306\263\303\271\351\3111o\344\345p\356\371\340"
  86      B9E9C931 
  86      6FE4E570 
  86      EEF9E0
  87 018d C89BECEB 		.ascii	"\310\233\354\353\354@v\240o\214\254\211\334\270\367"
  87      EC4076A0 
  87      6F8CAC89 
  87      DCB8F7
  88 019c 17E5D4A6 		.ascii	"\027\345\324\246\330"
  88      D8
  89              		.text
  90              		.section	.gnu.lto_V_T_1_1_Read.63317c44,"",%progbits
  91 0000 789C354F 		.ascii	"x\2345OA+DQ\024>\337\275\357\315\233\204?`\026#\253"
  91      412B4451 
  91      143EDFBD 
  91      EFCD9B84 
  91      3F601623 
  92 0015 D9C82425 		.ascii	"\331\310$%[\305VF\263\232zi\274\255\251\211\365\274"
  92      5BC55646 
  92      B39A7A69 
  92      BCADA989 
  92      F5BC
  93 0027 376F1E25 		.ascii	"7o\036%\013\033\224B\211f\030\302J\331\030\323,HX)+"
  93      0B1B9442 
  93      896618C2 
  93      4AD918D3 
  93      2C485829 
  94 003c 09CDC2CA 		.ascii	"\011\315\302\312LD\023\306\271\036\247\3569\367~\367"
  94      4C4413C6 
  94      B91EA7EE 
  94      39F77EF7 
  95 004c FBCE778E 		.ascii	"\373\316w\216F \025q.]\\;\370@\022\304\302\025\221\023"
  95      46201571 
  95      2E5D5C3B 
  95      F84012C4 
  95      C2159113 
  96 0060 1480BAD8 		.ascii	"\024\200\272\330APF \2037\361%p\361~6\337\022\311\333"
  96      41504620 
  96      8337F125 
  96      70F17E36 
  96      DF12C9DB 
  97 0074 76D6BEDF 		.ascii	"v\326\276\337j\364/\027J\360$QS\020zC\350\011\251\026"
  97      6AF42F17 
  97      4AF02451 
  97      53107A43 
  97      E809A916 
  98 0088 794488A9 		.ascii	"yD\210\251\017\207\337\213m\201\234\315\021V\004\376"
  98      0F87DF8B 
  98      6D819CCD 
  98      115604FE 
  99 0098 2920A02C 		.ascii	") \240,\367GKv\263\351\332\245\033\343\364\3260@\236"
  99      F7474B76 
  99      B3E9DAA5 
ARM GAS  C:\Users\JEFFSN~1\AppData\Local\Temp\cc4BruFH.s 			page 7


  99      1BE3F4D6 
  99      30409E
 100 00ab 645F4E1A 		.ascii	"d_N\032'\241\253\024 \325\226^X\246\206\250\011\241"
 100      27A1AB14 
 100      20D5965E 
 100      58A686A8 
 100      09A1
 101 00bd AAACA2DC 		.ascii	"\252\254\242\334\230\273[\033P\235\\)\331e\311+_\033"
 101      98BB5B1B 
 101      509D5C29 
 101      D965C92B 
 101      5F1B
 102 00cf AFC29312 		.ascii	"\257\302\223\022\312\264X\361r\272\377t6\034[c\350\350"
 102      CAB458F1 
 102      72BAFF74 
 102      361C5B63 
 102      E8E8
 103 00e1 E3E004EB 		.ascii	"\343\340\004\353Xur<\252\206\035\204\260\015\036\024"
 103      5875723C 
 103      AA861D84 
 103      B00D1E14 
 104 00f1 4546A90A 		.ascii	"EF\251\012\367s\210\\\011\277]\355r\345\261]\351\201"
 104      F773885C 
 104      09BF5DED 
 104      72E5B15D 
 104      E981
 105 0103 30769956 		.ascii	"0v\231VE\266>[\221\276\241\306<\245\250\317Tt\037\321"
 105      45B63E5B 
 105      91BEA1C6 
 105      3CA5A8CF 
 105      54741FD1 
 106 0117 1964D9F9 		.ascii	"\031d\331\371\346\361g\253\222\011\350\330\373\227="
 106      E6F167AB 
 106      9209E8D8 
 106      FB973D
 107 0126 C127291E 		.ascii	"\301')\036=C\374\275\350w1\250\205x\275\316ak\322J\217"
 107      3D43FCBD 
 107      E87731A8 
 107      8578BDCE 
 107      616BD24A 
 108 013b 4F591366 		.ascii	"OY\023f,5\235NZ\211\221Xj\260/\0217\307\314\250\031"
 108      2C359D4E 
 108      5A899158 
 108      6AB02F11 
 108      37C7CCA8 
 109 0150 ED4ED20F 		.ascii	"\355N\322\017b\026{\032"
 109      62167B1A 
 110              		.text
 111              		.section	.gnu.lto_V_T_1_1_ReadDataReg.63317c44,"",%progbits
 112 0000 789C354F 		.ascii	"x\2345O\315KBA\020\237\337\356{*\222\375\003y0:y\211"
 112      CD4B4241 
 112      109FDFEE 
 112      7B2A92FD 
 112      0379303A 
 113 0016 243AD435 		.ascii	"$:\3245\250kdx\022$\354]\023\244\316\256>-\210\240."
 113      A86B6478 
 113      1224EC5D 
ARM GAS  C:\Users\JEFFSN~1\AppData\Local\Temp\cc4BruFH.s 			page 8


 113      13A4CEAE 
 113      3E2D88A0 
 114 002b 15046144 		.ascii	"\025\004aD\241\366At\225\002\023\017E\224\375\011Q\341"
 114      A1F64174 
 114      9502130F 
 114      4594FD09 
 114      51E1
 115 003d A1534A11 		.ascii	"\241SJ\021\206e\263\275\032\330\231\335\331\337\307"
 115      8665B3BD 
 115      1AD899DD 
 115      D9DFC7
 116 004c 8C41201D 		.ascii	"\214A \035\021.\003\\\373\370@\022\304\372\035Q\332"
 116      112E035C 
 116      FBF84012 
 116      C4FA1D51 
 116      DA
 117 005d 23007D51 		.ascii	"#\000}Q\036PJ \205w\361%p\363q\265\352\015\026\224\312"
 117      1E504A20 
 117      8577F125 
 117      70F371B5 
 117      EA0D1694 
 118 0072 A88783C2 		.ascii	"\250\207\203\302\350V\261\202\234$\352\012\302\260\037"
 118      E856B182 
 118      9C24EA0A 
 118      C2B01F
 119 0081 437E2D51 		.ascii	"C~-Q@\220\030\372x\366\275\341se\025G@\003\370\247\010"
 119      409018FA 
 119      78F6BDE1 
 119      73651547 
 119      4003F8A7 
 120 0096 97B63C9D 		.ascii	"\227\266<\235\256\250n\327V\225\013\357\345\275\327"
 120      AEA86ED7 
 120      56950BEF 
 120      E5BDD7
 121 00a5 0DCA49F6 		.ascii	"\015\312I\366\345dp\022\246N.\322\262\364\3124=DS\010"
 121      E5647012 
 121      A64E2ED2 
 121      B2F4CA34 
 121      3D445308 
 122 00b9 5D6503D5 		.ascii	"]e\003\325\317\225\357\322\230V\262\245d\227\315\\\265"
 122      CF95EFD2 
 122      9856B2A5 
 122      6497CD5C 
 122      B5
 123 00ca EE7E1339 		.ascii	"\356~\0239)\241M\325\356Z\333t\236j/\255\014n\265\353"
 123      29A14DD5 
 123      EE5ADB74 
 123      9E6A2FAD 
 123      0C6EB5EB 
 124 00de E5735F1E 		.ascii	"\345s_\036;\351,\217j\340\020~\224\300\203\342\010y"
 124      3BE92C8F 
 124      6AE0107E 
 124      94C083E2 
 124      0879
 125 00f0 50037667 		.ascii	"P\003vg\202l\011G\256y\273\375\324\253\371@\000\307"
 125      826C0947 
 125      AE79BBFD 
ARM GAS  C:\Users\JEFFSN~1\AppData\Local\Temp\cc4BruFH.s 			page 9


 125      D4ABF940 
 125      00C7
 126 0102 0C6B20D3 		.ascii	"\014k \323Z\256I\307\320`\234f\264\226j\246\3231\271"
 126      5AAE49C7 
 126      D0609C66 
 126      B4966AA6 
 126      D331B9
 127 0115 C9B4EBFD 		.ascii	"\311\264\353\375r\247G\323\004L\234\374\323\236\341"
 127      72A747D3 
 127      044C9CFC 
 127      D39EE1
 128 0124 80348E5E 		.ascii	"\2004\216^ \376^\364\273\030\364B\274^\377\2445o%g\027"
 128      20FE5EF4 
 128      BB18F442 
 128      BC5EFFA4 
 128      356F2567 
 129 0139 ACB95838 		.ascii	"\254\271X8\261\230\214[\321\251pb|$\032\211\315\304"
 129      B1988C5B 
 129      D1A97062 
 129      7C241A89 
 129      CDC4
 130 014b 42B1D060 		.ascii	"B\261\320`\234~\000@K{4"
 130      9C7E0040 
 130      4B7B34
 131              		.text
 132              		.section	.gnu.lto_.symbol_nodes.63317c44,"",%progbits
 133 0000 789C6361 		.ascii	"x\234ca`dpc\000\002&\206z\006\206\011\347\030@\324\252"
 133      60647063 
 133      00022686 
 133      7A068609 
 133      E71840D4 
 134 0015 0645A000 		.ascii	"\006E\240\000c=#\252\000S=\023\252\000s=3\212\000\003"
 134      633D23AA 
 134      00533D13 
 134      AA00733D 
 134      338A0003 
 135 0029 001ED60E 		.ascii	"\000\036\326\016\374"
 135      FC
 136              		.text
 137              		.section	.gnu.lto_.refs.63317c44,"",%progbits
 138 0000 789C6361 		.ascii	"x\234ca`\004B \000\000\0009\000\007"
 138      60044220 
 138      00000039 
 138      0007
 139              		.text
 140              		.section	.gnu.lto_.decls.63317c44,"",%progbits
 141 0000 789C8D52 		.ascii	"x\234\215R]H\024Q\024\276gfv\225i\3250\011\203y\330"
 141      5D481451 
 141      14BE6766 
 141      769569D5 
 141      30098379 
 142 0015 7CDAA725 		.ascii	"|\332\247%\211\300\207\376@\311^\312\320\264\027A\326"
 142      89C087FE 
 142      40C95ECA 
 142      D0B41741 
 142      D6
 143 0026 75305F34 		.ascii	"u0_4\2665\362\355\352*h\365\240\204\306\212\225\025"
ARM GAS  C:\Users\JEFFSN~1\AppData\Local\Temp\cc4BruFH.s 			page 10


 143      B635F2ED 
 143      EA2A68F5 
 143      A084C68A 
 143      9515
 144 0038 949B9B5A 		.ascii	"\224\233\233Z\272\246\233\346\232eQ\010\232\020\224"
 144      BAA69BE6 
 144      9A655108 
 144      9A1094
 145 0047 4582F660 		.ascii	"E\202\366`\211hI a\333\271wg\234\2516\350\014\367\347"
 145      89684920 
 145      61DBB977 
 145      679CA936 
 145      E80CF7E7 
 146 005b DCFB7DDF 		.ascii	"\334\373}\337\371\231+\021 \314\016H\204\\\305UA7\212"
 146      F9992B11 
 146      20CC0E48 
 146      845CC555 
 146      41378A
 147 006e 66C17D11 		.ascii	"f\301}\0211\014\257I?\216\020\216!\034a\362\267\261"
 147      310CAF49 
 147      3F8E108E 
 147      211C61F2 
 147      B7B1
 148 0080 7BABC6EB 		.ascii	"{\253\306\353aZ8\306p\214\342\310\3230\240\341\376\264"
 148      615A38C6 
 148      708CE2C8 
 148      D330A0E1 
 148      FEB4
 149 0092 501C6EC4 		.ascii	"P\034n\304\304\327\271\2418\\\226\217\305\304\313\213"
 149      C4D7B9A1 
 149      385C968F 
 149      C5C4CB8B 
 150 00a2 C31B8AC3 		.ascii	"\303\033\212\303\013\377\007/^\235\233\002t\214_\233"
 150      0BFF072F 
 150      5E9D9B02 
 150      748C5F9B 
 151 00b2 B0CCC15B 		.ascii	"\260\314\301[\000\002\334\210\326G\302N\264\225m \346"
 151      0002DC88 
 151      D647C24E 
 151      B4956D20 
 151      E6
 152 00c3 08BA1EE8 		.ascii	"\010\272\036\350 =\004\207\003\0218~\353\\\307m\305"
 152      203D0487 
 152      0311387E 
 152      EB5CC76D 
 152      C5
 153 00d4 8CEA661C 		.ascii	"\214\352f\034\301\226\351H\370]\224\251\032.\372\202"
 153      C196E948 
 153      F85D94A9 
 153      1A2EFA82 
 154 00e4 4130E969 		.ascii	"A0\351i\331k\361\301\034\226K\213z\321\265t\252%EDM"
 154      D96BF1C1 
 154      1C964B8B 
 154      7AD1B574 
 154      AA254544 
 155 00f9 DC7FDCE8 		.ascii	"\334\177\334\350:\342\014R\264fJ\005\207\321\231\336"
 155      3AE20C52 
ARM GAS  C:\Users\JEFFSN~1\AppData\Local\Temp\cc4BruFH.s 			page 11


 155      B4664A05 
 155      87D199DE 
 156 0109 86C540E2 		.ascii	"\206\305@\342\272\000\212\014Q`\376\362\360FR\314g\327"
 156      BA008A0C 
 156      5160FEF2 
 156      F04652CC 
 156      67D7
 157 011b FE96859F 		.ascii	"\376\226\205\237\333\304]l/\314.t/I\340\220o3\231\371"
 157      DBC45D6C 
 157      2FCC2E74 
 157      2F49E090 
 157      6F3399F9 
 158 012f E8E2C161 		.ascii	"\350\342\301aJ\267C\017\310\020\004\021\002\340d\031"
 158      4AB7430F 
 158      C8100411 
 158      02E06419 
 159 013f 2832CE8D 		.ascii	"(2\316\215\224\326\321\325\233\324\232N`\257\002{\024"
 159      94D6D1D5 
 159      9BD49A4E 
 159      60AF027B 
 159      14
 160 0150 02F7C0C1 		.ascii	"\002\367\300\3014\031\012\272A\201\273\2400\375OW\256"
 160      34190ABA 
 160      4181BBA0 
 160      30FD4F57 
 160      AE
 161 0161 7FB14AD8 		.ascii	"\177\261J\330n\256S*\261\263\231\372\276\016\021SH\225"
 161      6EAE532A 
 161      B1B399FA 
 161      BE0E1153 
 161      4895
 162 0173 4142776D 		.ascii	"ABwm\252}!\031\3354\031\354\350\006\303\357\227\255"
 162      AA7D2119 
 162      DD3419EC 
 162      E806C3EF 
 162      97AD
 163 0185 E96DBC14 		.ascii	"\351m\274\024\037\265KP\264\023\356\243`\037\012\022"
 163      1FB54B50 
 163      B413EEA3 
 163      601F0A12 
 164 0195 7800E938 		.ascii	"x\000\3518\367\202\024\253.\034\252]\0212:ig\037\235"
 164      F78214AB 
 164      2E1CAA5D 
 164      11323A69 
 164      671F9D
 165 01a8 BF3CB9BF 		.ascii	"\277<\271\277\315G_ \317\316`\320e$\215[\266\334\201"
 165      CD475F20 
 165      CFCE60D0 
 165      65248D5B 
 165      B6DC81
 166 01bb 396C683F 		.ascii	"9lh?d s=\260\271,\213n\336\204\206\037\357\276\3121"
 166      6420733D 
 166      B0B92C8B 
 166      6EDE8486 
 166      1FEFBECA 
 167 01d0 95C8FAA4 		.ascii	"\225\310\372\244\2156\327Rz\230k\014\030\032\003f\215"
 167      8D36D752 
ARM GAS  C:\Users\JEFFSN~1\AppData\Local\Temp\cc4BruFH.s 			page 12


 167      7A986B0C 
 167      181A0366 
 167      8D
 168 01e1 10D718FD 		.ascii	"\020\327\030\3750\375\335*\236\347\032\323\027\237\371"
 168      30FDDD2A 
 168      9EE71AD3 
 168      179FF9
 169 01f0 52CC69B3 		.ascii	"R\314i\263z\215\274\037\362\274K\265\264\273\242\033"
 169      7A8DBC1F 
 169      F2BC4BB5 
 169      B4BBA21B 
 170 0200 6B7AC0D9 		.ascii	"kz\300\331\347\242\237F\352\221'0\024\014\032!\007\315"
 170      E7A29F46 
 170      EA912730 
 170      140C1A21 
 170      07CD
 171 0212 218778C8 		.ascii	"!\207x\310\371W\237o%\213\015\300c6]z=\"i2\341\227z"
 171      F9579F6F 
 171      258B0DC0 
 171      63365D7A 
 171      3D226932 
 172 0229 DE4C64D8 		.ascii	"\336Ld\330\020\0316\213\204c\265\327\177{c\225\361'"
 172      1019368B 
 172      8463B5D7 
 172      7F7B6395 
 172      F127
 173 023b FAFEEF27 		.ascii	"\372\376\357'N-\335\210&\210~\036T\350o\365\267&\200"
 173      4E2DDD88 
 173      26887E1E 
 173      54E86FF5 
 173      B72680
 174 024e EC88437F 		.ascii	"\354\210C\177\034\207\256=\246`aK\023\253p\024\2732"
 174      1C87AE3D 
 174      A660614B 
 174      13AB7014 
 174      BB32
 175 0260 6224F708 		.ascii	"b$\367\010\344XG\002+\023\021\260]`\357\012\333\227"
 175      E4584702 
 175      2B1311B0 
 175      5D60EF0A 
 175      DB97
 176 0272 7A94038D 		.ascii	"z\224\003\215\366\215\201\215\277\177\\7\005\361\351"
 176      F68D818D 
 176      BF7F5C37 
 176      05F1E9
 177 0281 6CEF980C 		.ascii	"l\357\230\014\262\002x\017\215,\300j\235)\017\002\021"
 177      B202780F 
 177      8D2CC06A 
 177      9D290F02 
 177      11
 178 0292 260BE378 		.ascii	"&\013\343x\375\004\351\355\224af\200\037sg\365\020\337"
 178      FD04E9ED 
 178      94616680 
 178      1F7367F5 
 178      10DF
 179 02a4 F329A9A8 		.ascii	"\363)\251\250\344dI&~\247<\025^51\367x\241=;3\223X\252"
 179      E4644926 
ARM GAS  C:\Users\JEFFSN~1\AppData\Local\Temp\cc4BruFH.s 			page 13


 179      7EA73C15 
 179      5E3531F7 
 179      78A13D3B 
 180 02bc 2B2ABD59 		.ascii	"+*\275Y\273s\325J\325\343\362\252e%\005U\325\036\267"
 180      BB73D54A 
 180      D5E3F2AA 
 180      65250555 
 180      D51EB7
 181 02cf 5A7CA2A0 		.ascii	"Z|\242\240*{_\261\273\306[sF=\353<M\376\205\320T\235"
 181      2A7B5FB1 
 181      BBC65B73 
 181      463DEB3C 
 181      4DFE85D0 
 182 02e5 6E92A607 		.ascii	"n\222\246\007(P\2759\236\212s\352\261\2522\325\246\037"
 182      2850BD39 
 182      9E8A73EA 
 182      B1AA32D5 
 182      A61F
 183 02f7 E6ABAEB2 		.ascii	"\346\253\256\262\035f'\307\345u\345\253\345\222G-\317"
 183      1D6627C7 
 183      E575E5AB 
 183      E592472D 
 183      CF
 184 0308 FA052BE1 		.ascii	"\372\005+\341cX"
 184      6358
 185              		.text
 186              		.section	.gnu.lto_.symtab.63317c44,"",%progbits
 187 0000 565F545F 		.ascii	"V_T_1_1_Write\000"
 187      315F315F 
 187      57726974 
 187      6500
 188 000e 00       		.ascii	"\000"
 189 000f 00       		.ascii	"\000"
 190 0010 00       		.ascii	"\000"
 191 0011 00000000 		.ascii	"\000\000\000\000\000\000\000\000"
 191      00000000 
 192 0019 B3000000 		.ascii	"\263\000\000\000"
 193 001d 565F545F 		.ascii	"V_T_1_1_SetDriveMode\000"
 193      315F315F 
 193      53657444 
 193      72697665 
 193      4D6F6465 
 194 0032 00       		.ascii	"\000"
 195 0033 00       		.ascii	"\000"
 196 0034 00       		.ascii	"\000"
 197 0035 00000000 		.ascii	"\000\000\000\000\000\000\000\000"
 197      00000000 
 198 003d B5000000 		.ascii	"\265\000\000\000"
 199 0041 565F545F 		.ascii	"V_T_1_1_Read\000"
 199      315F315F 
 199      52656164 
 199      00
 200 004e 00       		.ascii	"\000"
 201 004f 00       		.ascii	"\000"
 202 0050 00       		.ascii	"\000"
 203 0051 00000000 		.ascii	"\000\000\000\000\000\000\000\000"
 203      00000000 
ARM GAS  C:\Users\JEFFSN~1\AppData\Local\Temp\cc4BruFH.s 			page 14


 204 0059 B8000000 		.ascii	"\270\000\000\000"
 205 005d 565F545F 		.ascii	"V_T_1_1_ReadDataReg\000"
 205      315F315F 
 205      52656164 
 205      44617461 
 205      52656700 
 206 0071 00       		.ascii	"\000"
 207 0072 00       		.ascii	"\000"
 208 0073 00       		.ascii	"\000"
 209 0074 00000000 		.ascii	"\000\000\000\000\000\000\000\000"
 209      00000000 
 210 007c BA000000 		.ascii	"\272\000\000\000"
 211              		.text
 212              		.section	.gnu.lto_.opts,"",%progbits
 213 0000 272D666D 		.ascii	"'-fmath-errno' '-fsigned-zeros' '-ftrapping-math' '"
 213      6174682D 
 213      6572726E 
 213      6F272027 
 213      2D667369 
 214 0033 2D666E6F 		.ascii	"-fno-trapv' '-fno-strict-overflow' '-fno-openmp' '-"
 214      2D747261 
 214      70762720 
 214      272D666E 
 214      6F2D7374 
 215 0066 666E6F2D 		.ascii	"fno-openacc' '-mcpu=cortex-m3' '-mthumb' '-g' '-Og'"
 215      6F70656E 
 215      61636327 
 215      20272D6D 
 215      6370753D 
 216 0099 20272D66 		.ascii	" '-ffunction-sections' '-ffat-lto-objects' '-finlin"
 216      66756E63 
 216      74696F6E 
 216      2D736563 
 216      74696F6E 
 217 00cc 652D6675 		.ascii	"e-functions' '-flto'\000"
 217      6E637469 
 217      6F6E7327 
 217      20272D66 
 217      6C746F27 
 218              		.text
 219              		.cfi_sections	.debug_frame
 220              		.section	.text.V_T_1_1_Write,"ax",%progbits
 221              		.align	2
 222              		.global	V_T_1_1_Write
 223              		.thumb
 224              		.thumb_func
 225              		.type	V_T_1_1_Write, %function
 226              	V_T_1_1_Write:
 227              	.LFB0:
 228              		.file 1 "Generated_Source\\PSoC5\\V_T_1_1.c"
   1:Generated_Source\PSoC5/V_T_1_1.c **** /*******************************************************************************
   2:Generated_Source\PSoC5/V_T_1_1.c **** * File Name: V_T_1_1.c  
   3:Generated_Source\PSoC5/V_T_1_1.c **** * Version 2.20
   4:Generated_Source\PSoC5/V_T_1_1.c **** *
   5:Generated_Source\PSoC5/V_T_1_1.c **** * Description:
   6:Generated_Source\PSoC5/V_T_1_1.c **** *  This file contains API to enable firmware control of a Pins component.
   7:Generated_Source\PSoC5/V_T_1_1.c **** *
ARM GAS  C:\Users\JEFFSN~1\AppData\Local\Temp\cc4BruFH.s 			page 15


   8:Generated_Source\PSoC5/V_T_1_1.c **** * Note:
   9:Generated_Source\PSoC5/V_T_1_1.c **** *
  10:Generated_Source\PSoC5/V_T_1_1.c **** ********************************************************************************
  11:Generated_Source\PSoC5/V_T_1_1.c **** * Copyright 2008-2015, Cypress Semiconductor Corporation.  All rights reserved.
  12:Generated_Source\PSoC5/V_T_1_1.c **** * You may use this file only in accordance with the license, terms, conditions, 
  13:Generated_Source\PSoC5/V_T_1_1.c **** * disclaimers, and limitations in the end user license agreement accompanying 
  14:Generated_Source\PSoC5/V_T_1_1.c **** * the software package with which this file was provided.
  15:Generated_Source\PSoC5/V_T_1_1.c **** *******************************************************************************/
  16:Generated_Source\PSoC5/V_T_1_1.c **** 
  17:Generated_Source\PSoC5/V_T_1_1.c **** #include "cytypes.h"
  18:Generated_Source\PSoC5/V_T_1_1.c **** #include "V_T_1_1.h"
  19:Generated_Source\PSoC5/V_T_1_1.c **** 
  20:Generated_Source\PSoC5/V_T_1_1.c **** /* APIs are not generated for P15[7:6] on PSoC 5 */
  21:Generated_Source\PSoC5/V_T_1_1.c **** #if !(CY_PSOC5A &&\
  22:Generated_Source\PSoC5/V_T_1_1.c **** 	 V_T_1_1__PORT == 15 && ((V_T_1_1__MASK & 0xC0) != 0))
  23:Generated_Source\PSoC5/V_T_1_1.c **** 
  24:Generated_Source\PSoC5/V_T_1_1.c **** 
  25:Generated_Source\PSoC5/V_T_1_1.c **** /*******************************************************************************
  26:Generated_Source\PSoC5/V_T_1_1.c **** * Function Name: V_T_1_1_Write
  27:Generated_Source\PSoC5/V_T_1_1.c **** ****************************************************************************//**
  28:Generated_Source\PSoC5/V_T_1_1.c **** *
  29:Generated_Source\PSoC5/V_T_1_1.c **** * \brief Writes the value to the physical port (data output register), masking
  30:Generated_Source\PSoC5/V_T_1_1.c **** *  and shifting the bits appropriately. 
  31:Generated_Source\PSoC5/V_T_1_1.c **** *
  32:Generated_Source\PSoC5/V_T_1_1.c **** * The data output register controls the signal applied to the physical pin in 
  33:Generated_Source\PSoC5/V_T_1_1.c **** * conjunction with the drive mode parameter. This function avoids changing 
  34:Generated_Source\PSoC5/V_T_1_1.c **** * other bits in the port by using the appropriate method (read-modify-write or
  35:Generated_Source\PSoC5/V_T_1_1.c **** * bit banding).
  36:Generated_Source\PSoC5/V_T_1_1.c **** *
  37:Generated_Source\PSoC5/V_T_1_1.c **** * <b>Note</b> This function should not be used on a hardware digital output pin 
  38:Generated_Source\PSoC5/V_T_1_1.c **** * as it is driven by the hardware signal attached to it.
  39:Generated_Source\PSoC5/V_T_1_1.c **** *
  40:Generated_Source\PSoC5/V_T_1_1.c **** * \param value
  41:Generated_Source\PSoC5/V_T_1_1.c **** *  Value to write to the component instance.
  42:Generated_Source\PSoC5/V_T_1_1.c **** *
  43:Generated_Source\PSoC5/V_T_1_1.c **** * \return 
  44:Generated_Source\PSoC5/V_T_1_1.c **** *  None 
  45:Generated_Source\PSoC5/V_T_1_1.c **** *
  46:Generated_Source\PSoC5/V_T_1_1.c **** * \sideeffect
  47:Generated_Source\PSoC5/V_T_1_1.c **** *  If you use read-modify-write operations that are not atomic; the Interrupt 
  48:Generated_Source\PSoC5/V_T_1_1.c **** *  Service Routines (ISR) can cause corruption of this function. An ISR that 
  49:Generated_Source\PSoC5/V_T_1_1.c **** *  interrupts this function and performs writes to the Pins component data 
  50:Generated_Source\PSoC5/V_T_1_1.c **** *  register can cause corrupted port data. To avoid this issue, you should 
  51:Generated_Source\PSoC5/V_T_1_1.c **** *  either use the Per-Pin APIs (primary method) or disable interrupts around 
  52:Generated_Source\PSoC5/V_T_1_1.c **** *  this function.
  53:Generated_Source\PSoC5/V_T_1_1.c **** *
  54:Generated_Source\PSoC5/V_T_1_1.c **** * \funcusage
  55:Generated_Source\PSoC5/V_T_1_1.c **** *  \snippet V_T_1_1_SUT.c usage_V_T_1_1_Write
  56:Generated_Source\PSoC5/V_T_1_1.c **** *******************************************************************************/
  57:Generated_Source\PSoC5/V_T_1_1.c **** void V_T_1_1_Write(uint8 value)
  58:Generated_Source\PSoC5/V_T_1_1.c **** {
 229              		.loc 1 58 0
 230              		.cfi_startproc
 231              		@ args = 0, pretend = 0, frame = 0
 232              		@ frame_needed = 0, uses_anonymous_args = 0
 233              		@ link register save eliminated.
 234              	.LVL0:
ARM GAS  C:\Users\JEFFSN~1\AppData\Local\Temp\cc4BruFH.s 			page 16


  59:Generated_Source\PSoC5/V_T_1_1.c ****     uint8 staticBits = (V_T_1_1_DR & (uint8)(~V_T_1_1_MASK));
 235              		.loc 1 59 0
 236 0000 044A     		ldr	r2, .L2
 237 0002 1378     		ldrb	r3, [r2]	@ zero_extendqisi2
 238 0004 03F0DF03 		and	r3, r3, #223
 239              	.LVL1:
  60:Generated_Source\PSoC5/V_T_1_1.c ****     V_T_1_1_DR = staticBits | ((uint8)(value << V_T_1_1_SHIFT) & V_T_1_1_MASK);
 240              		.loc 1 60 0
 241 0008 4001     		lsls	r0, r0, #5
 242              	.LVL2:
 243 000a 00F02000 		and	r0, r0, #32
 244 000e 1843     		orrs	r0, r0, r3
 245 0010 1070     		strb	r0, [r2]
 246 0012 7047     		bx	lr
 247              	.L3:
 248              		.align	2
 249              	.L2:
 250 0014 00510040 		.word	1073762560
 251              		.cfi_endproc
 252              	.LFE0:
 253              		.size	V_T_1_1_Write, .-V_T_1_1_Write
 254              		.section	.text.V_T_1_1_SetDriveMode,"ax",%progbits
 255              		.align	2
 256              		.global	V_T_1_1_SetDriveMode
 257              		.thumb
 258              		.thumb_func
 259              		.type	V_T_1_1_SetDriveMode, %function
 260              	V_T_1_1_SetDriveMode:
 261              	.LFB1:
  61:Generated_Source\PSoC5/V_T_1_1.c **** }
  62:Generated_Source\PSoC5/V_T_1_1.c **** 
  63:Generated_Source\PSoC5/V_T_1_1.c **** 
  64:Generated_Source\PSoC5/V_T_1_1.c **** /*******************************************************************************
  65:Generated_Source\PSoC5/V_T_1_1.c **** * Function Name: V_T_1_1_SetDriveMode
  66:Generated_Source\PSoC5/V_T_1_1.c **** ****************************************************************************//**
  67:Generated_Source\PSoC5/V_T_1_1.c **** *
  68:Generated_Source\PSoC5/V_T_1_1.c **** * \brief Sets the drive mode for each of the Pins component's pins.
  69:Generated_Source\PSoC5/V_T_1_1.c **** * 
  70:Generated_Source\PSoC5/V_T_1_1.c **** * <b>Note</b> This affects all pins in the Pins component instance. Use the
  71:Generated_Source\PSoC5/V_T_1_1.c **** * Per-Pin APIs if you wish to control individual pin's drive modes.
  72:Generated_Source\PSoC5/V_T_1_1.c **** *
  73:Generated_Source\PSoC5/V_T_1_1.c **** * \param mode
  74:Generated_Source\PSoC5/V_T_1_1.c **** *  Mode for the selected signals. Valid options are documented in 
  75:Generated_Source\PSoC5/V_T_1_1.c **** *  \ref driveMode.
  76:Generated_Source\PSoC5/V_T_1_1.c **** *
  77:Generated_Source\PSoC5/V_T_1_1.c **** * \return
  78:Generated_Source\PSoC5/V_T_1_1.c **** *  None
  79:Generated_Source\PSoC5/V_T_1_1.c **** *
  80:Generated_Source\PSoC5/V_T_1_1.c **** * \sideeffect
  81:Generated_Source\PSoC5/V_T_1_1.c **** *  If you use read-modify-write operations that are not atomic, the ISR can
  82:Generated_Source\PSoC5/V_T_1_1.c **** *  cause corruption of this function. An ISR that interrupts this function 
  83:Generated_Source\PSoC5/V_T_1_1.c **** *  and performs writes to the Pins component Drive Mode registers can cause 
  84:Generated_Source\PSoC5/V_T_1_1.c **** *  corrupted port data. To avoid this issue, you should either use the Per-Pin
  85:Generated_Source\PSoC5/V_T_1_1.c **** *  APIs (primary method) or disable interrupts around this function.
  86:Generated_Source\PSoC5/V_T_1_1.c **** *
  87:Generated_Source\PSoC5/V_T_1_1.c **** * \funcusage
  88:Generated_Source\PSoC5/V_T_1_1.c **** *  \snippet V_T_1_1_SUT.c usage_V_T_1_1_SetDriveMode
ARM GAS  C:\Users\JEFFSN~1\AppData\Local\Temp\cc4BruFH.s 			page 17


  89:Generated_Source\PSoC5/V_T_1_1.c **** *******************************************************************************/
  90:Generated_Source\PSoC5/V_T_1_1.c **** void V_T_1_1_SetDriveMode(uint8 mode)
  91:Generated_Source\PSoC5/V_T_1_1.c **** {
 262              		.loc 1 91 0
 263              		.cfi_startproc
 264              		@ args = 0, pretend = 0, frame = 0
 265              		@ frame_needed = 0, uses_anonymous_args = 0
 266              		@ link register save eliminated.
 267              	.LVL3:
  92:Generated_Source\PSoC5/V_T_1_1.c **** 	CyPins_SetPinDriveMode(V_T_1_1_0, mode);
 268              		.loc 1 92 0
 269 0000 044A     		ldr	r2, .L5
 270 0002 1378     		ldrb	r3, [r2]	@ zero_extendqisi2
 271 0004 03F0F103 		and	r3, r3, #241
 272 0008 00F00E00 		and	r0, r0, #14
 273              	.LVL4:
 274 000c 1843     		orrs	r0, r0, r3
 275 000e 1070     		strb	r0, [r2]
 276 0010 7047     		bx	lr
 277              	.L6:
 278 0012 00BF     		.align	2
 279              	.L5:
 280 0014 05500040 		.word	1073762309
 281              		.cfi_endproc
 282              	.LFE1:
 283              		.size	V_T_1_1_SetDriveMode, .-V_T_1_1_SetDriveMode
 284              		.section	.text.V_T_1_1_Read,"ax",%progbits
 285              		.align	2
 286              		.global	V_T_1_1_Read
 287              		.thumb
 288              		.thumb_func
 289              		.type	V_T_1_1_Read, %function
 290              	V_T_1_1_Read:
 291              	.LFB2:
  93:Generated_Source\PSoC5/V_T_1_1.c **** }
  94:Generated_Source\PSoC5/V_T_1_1.c **** 
  95:Generated_Source\PSoC5/V_T_1_1.c **** 
  96:Generated_Source\PSoC5/V_T_1_1.c **** /*******************************************************************************
  97:Generated_Source\PSoC5/V_T_1_1.c **** * Function Name: V_T_1_1_Read
  98:Generated_Source\PSoC5/V_T_1_1.c **** ****************************************************************************//**
  99:Generated_Source\PSoC5/V_T_1_1.c **** *
 100:Generated_Source\PSoC5/V_T_1_1.c **** * \brief Reads the associated physical port (pin status register) and masks 
 101:Generated_Source\PSoC5/V_T_1_1.c **** *  the required bits according to the width and bit position of the component
 102:Generated_Source\PSoC5/V_T_1_1.c **** *  instance. 
 103:Generated_Source\PSoC5/V_T_1_1.c **** *
 104:Generated_Source\PSoC5/V_T_1_1.c **** * The pin's status register returns the current logic level present on the 
 105:Generated_Source\PSoC5/V_T_1_1.c **** * physical pin.
 106:Generated_Source\PSoC5/V_T_1_1.c **** *
 107:Generated_Source\PSoC5/V_T_1_1.c **** * \return 
 108:Generated_Source\PSoC5/V_T_1_1.c **** *  The current value for the pins in the component as a right justified number.
 109:Generated_Source\PSoC5/V_T_1_1.c **** *
 110:Generated_Source\PSoC5/V_T_1_1.c **** * \funcusage
 111:Generated_Source\PSoC5/V_T_1_1.c **** *  \snippet V_T_1_1_SUT.c usage_V_T_1_1_Read  
 112:Generated_Source\PSoC5/V_T_1_1.c **** *******************************************************************************/
 113:Generated_Source\PSoC5/V_T_1_1.c **** uint8 V_T_1_1_Read(void)
 114:Generated_Source\PSoC5/V_T_1_1.c **** {
 292              		.loc 1 114 0
ARM GAS  C:\Users\JEFFSN~1\AppData\Local\Temp\cc4BruFH.s 			page 18


 293              		.cfi_startproc
 294              		@ args = 0, pretend = 0, frame = 0
 295              		@ frame_needed = 0, uses_anonymous_args = 0
 296              		@ link register save eliminated.
 115:Generated_Source\PSoC5/V_T_1_1.c ****     return (V_T_1_1_PS & V_T_1_1_MASK) >> V_T_1_1_SHIFT;
 297              		.loc 1 115 0
 298 0000 024B     		ldr	r3, .L8
 299 0002 1878     		ldrb	r0, [r3]	@ zero_extendqisi2
 116:Generated_Source\PSoC5/V_T_1_1.c **** }
 300              		.loc 1 116 0
 301 0004 C0F34010 		ubfx	r0, r0, #5, #1
 302 0008 7047     		bx	lr
 303              	.L9:
 304 000a 00BF     		.align	2
 305              	.L8:
 306 000c 01510040 		.word	1073762561
 307              		.cfi_endproc
 308              	.LFE2:
 309              		.size	V_T_1_1_Read, .-V_T_1_1_Read
 310              		.section	.text.V_T_1_1_ReadDataReg,"ax",%progbits
 311              		.align	2
 312              		.global	V_T_1_1_ReadDataReg
 313              		.thumb
 314              		.thumb_func
 315              		.type	V_T_1_1_ReadDataReg, %function
 316              	V_T_1_1_ReadDataReg:
 317              	.LFB3:
 117:Generated_Source\PSoC5/V_T_1_1.c **** 
 118:Generated_Source\PSoC5/V_T_1_1.c **** 
 119:Generated_Source\PSoC5/V_T_1_1.c **** /*******************************************************************************
 120:Generated_Source\PSoC5/V_T_1_1.c **** * Function Name: V_T_1_1_ReadDataReg
 121:Generated_Source\PSoC5/V_T_1_1.c **** ****************************************************************************//**
 122:Generated_Source\PSoC5/V_T_1_1.c **** *
 123:Generated_Source\PSoC5/V_T_1_1.c **** * \brief Reads the associated physical port's data output register and masks 
 124:Generated_Source\PSoC5/V_T_1_1.c **** *  the correct bits according to the width and bit position of the component 
 125:Generated_Source\PSoC5/V_T_1_1.c **** *  instance. 
 126:Generated_Source\PSoC5/V_T_1_1.c **** *
 127:Generated_Source\PSoC5/V_T_1_1.c **** * The data output register controls the signal applied to the physical pin in 
 128:Generated_Source\PSoC5/V_T_1_1.c **** * conjunction with the drive mode parameter. This is not the same as the 
 129:Generated_Source\PSoC5/V_T_1_1.c **** * preferred V_T_1_1_Read() API because the 
 130:Generated_Source\PSoC5/V_T_1_1.c **** * V_T_1_1_ReadDataReg() reads the data register instead of the status 
 131:Generated_Source\PSoC5/V_T_1_1.c **** * register. For output pins this is a useful function to determine the value 
 132:Generated_Source\PSoC5/V_T_1_1.c **** * just written to the pin.
 133:Generated_Source\PSoC5/V_T_1_1.c **** *
 134:Generated_Source\PSoC5/V_T_1_1.c **** * \return 
 135:Generated_Source\PSoC5/V_T_1_1.c **** *  The current value of the data register masked and shifted into a right 
 136:Generated_Source\PSoC5/V_T_1_1.c **** *  justified number for the component instance.
 137:Generated_Source\PSoC5/V_T_1_1.c **** *
 138:Generated_Source\PSoC5/V_T_1_1.c **** * \funcusage
 139:Generated_Source\PSoC5/V_T_1_1.c **** *  \snippet V_T_1_1_SUT.c usage_V_T_1_1_ReadDataReg 
 140:Generated_Source\PSoC5/V_T_1_1.c **** *******************************************************************************/
 141:Generated_Source\PSoC5/V_T_1_1.c **** uint8 V_T_1_1_ReadDataReg(void)
 142:Generated_Source\PSoC5/V_T_1_1.c **** {
 318              		.loc 1 142 0
 319              		.cfi_startproc
 320              		@ args = 0, pretend = 0, frame = 0
 321              		@ frame_needed = 0, uses_anonymous_args = 0
ARM GAS  C:\Users\JEFFSN~1\AppData\Local\Temp\cc4BruFH.s 			page 19


 322              		@ link register save eliminated.
 143:Generated_Source\PSoC5/V_T_1_1.c ****     return (V_T_1_1_DR & V_T_1_1_MASK) >> V_T_1_1_SHIFT;
 323              		.loc 1 143 0
 324 0000 024B     		ldr	r3, .L11
 325 0002 1878     		ldrb	r0, [r3]	@ zero_extendqisi2
 144:Generated_Source\PSoC5/V_T_1_1.c **** }
 326              		.loc 1 144 0
 327 0004 C0F34010 		ubfx	r0, r0, #5, #1
 328 0008 7047     		bx	lr
 329              	.L12:
 330 000a 00BF     		.align	2
 331              	.L11:
 332 000c 00510040 		.word	1073762560
 333              		.cfi_endproc
 334              	.LFE3:
 335              		.size	V_T_1_1_ReadDataReg, .-V_T_1_1_ReadDataReg
 336              		.text
 337              	.Letext0:
 338              		.file 2 "Generated_Source\\PSoC5\\cytypes.h"
 339              		.section	.debug_info,"",%progbits
 340              	.Ldebug_info0:
 341 0000 1B010000 		.4byte	0x11b
 342 0004 0400     		.2byte	0x4
 343 0006 00000000 		.4byte	.Ldebug_abbrev0
 344 000a 04       		.byte	0x4
 345 000b 01       		.uleb128 0x1
 346 000c A7000000 		.4byte	.LASF20
 347 0010 0C       		.byte	0xc
 348 0011 4E010000 		.4byte	.LASF21
 349 0015 9E010000 		.4byte	.LASF22
 350 0019 00000000 		.4byte	.Ldebug_ranges0+0
 351 001d 00000000 		.4byte	0
 352 0021 00000000 		.4byte	.Ldebug_line0
 353 0025 02       		.uleb128 0x2
 354 0026 01       		.byte	0x1
 355 0027 06       		.byte	0x6
 356 0028 26020000 		.4byte	.LASF0
 357 002c 02       		.uleb128 0x2
 358 002d 01       		.byte	0x1
 359 002e 08       		.byte	0x8
 360 002f 4E000000 		.4byte	.LASF1
 361 0033 02       		.uleb128 0x2
 362 0034 02       		.byte	0x2
 363 0035 05       		.byte	0x5
 364 0036 0D020000 		.4byte	.LASF2
 365 003a 02       		.uleb128 0x2
 366 003b 02       		.byte	0x2
 367 003c 07       		.byte	0x7
 368 003d 73000000 		.4byte	.LASF3
 369 0041 02       		.uleb128 0x2
 370 0042 04       		.byte	0x4
 371 0043 05       		.byte	0x5
 372 0044 1D020000 		.4byte	.LASF4
 373 0048 02       		.uleb128 0x2
 374 0049 04       		.byte	0x4
 375 004a 07       		.byte	0x7
 376 004b 61000000 		.4byte	.LASF5
ARM GAS  C:\Users\JEFFSN~1\AppData\Local\Temp\cc4BruFH.s 			page 20


 377 004f 02       		.uleb128 0x2
 378 0050 08       		.byte	0x8
 379 0051 05       		.byte	0x5
 380 0052 8B010000 		.4byte	.LASF6
 381 0056 02       		.uleb128 0x2
 382 0057 08       		.byte	0x8
 383 0058 07       		.byte	0x7
 384 0059 6F010000 		.4byte	.LASF7
 385 005d 03       		.uleb128 0x3
 386 005e 04       		.byte	0x4
 387 005f 05       		.byte	0x5
 388 0060 696E7400 		.ascii	"int\000"
 389 0064 02       		.uleb128 0x2
 390 0065 04       		.byte	0x4
 391 0066 07       		.byte	0x7
 392 0067 9A000000 		.4byte	.LASF8
 393 006b 04       		.uleb128 0x4
 394 006c 17020000 		.4byte	.LASF12
 395 0070 02       		.byte	0x2
 396 0071 E901     		.2byte	0x1e9
 397 0073 2C000000 		.4byte	0x2c
 398 0077 02       		.uleb128 0x2
 399 0078 04       		.byte	0x4
 400 0079 04       		.byte	0x4
 401 007a 48000000 		.4byte	.LASF9
 402 007e 02       		.uleb128 0x2
 403 007f 08       		.byte	0x8
 404 0080 04       		.byte	0x4
 405 0081 93000000 		.4byte	.LASF10
 406 0085 02       		.uleb128 0x2
 407 0086 01       		.byte	0x1
 408 0087 08       		.byte	0x8
 409 0088 99010000 		.4byte	.LASF11
 410 008c 04       		.uleb128 0x4
 411 008d 5C000000 		.4byte	.LASF13
 412 0091 02       		.byte	0x2
 413 0092 9302     		.2byte	0x293
 414 0094 98000000 		.4byte	0x98
 415 0098 05       		.uleb128 0x5
 416 0099 6B000000 		.4byte	0x6b
 417 009d 06       		.uleb128 0x6
 418 009e 3A000000 		.4byte	.LASF14
 419 00a2 01       		.byte	0x1
 420 00a3 39       		.byte	0x39
 421 00a4 00000000 		.4byte	.LFB0
 422 00a8 18000000 		.4byte	.LFE0-.LFB0
 423 00ac 01       		.uleb128 0x1
 424 00ad 9C       		.byte	0x9c
 425 00ae CF000000 		.4byte	0xcf
 426 00b2 07       		.uleb128 0x7
 427 00b3 00000000 		.4byte	.LASF16
 428 00b7 01       		.byte	0x1
 429 00b8 39       		.byte	0x39
 430 00b9 6B000000 		.4byte	0x6b
 431 00bd 00000000 		.4byte	.LLST0
 432 00c1 08       		.uleb128 0x8
 433 00c2 06000000 		.4byte	.LASF23
ARM GAS  C:\Users\JEFFSN~1\AppData\Local\Temp\cc4BruFH.s 			page 21


 434 00c6 01       		.byte	0x1
 435 00c7 3B       		.byte	0x3b
 436 00c8 6B000000 		.4byte	0x6b
 437 00cc 01       		.uleb128 0x1
 438 00cd 53       		.byte	0x53
 439 00ce 00       		.byte	0
 440 00cf 06       		.uleb128 0x6
 441 00d0 25000000 		.4byte	.LASF15
 442 00d4 01       		.byte	0x1
 443 00d5 5A       		.byte	0x5a
 444 00d6 00000000 		.4byte	.LFB1
 445 00da 18000000 		.4byte	.LFE1-.LFB1
 446 00de 01       		.uleb128 0x1
 447 00df 9C       		.byte	0x9c
 448 00e0 F4000000 		.4byte	0xf4
 449 00e4 07       		.uleb128 0x7
 450 00e5 86010000 		.4byte	.LASF17
 451 00e9 01       		.byte	0x1
 452 00ea 5A       		.byte	0x5a
 453 00eb 6B000000 		.4byte	0x6b
 454 00ef 21000000 		.4byte	.LLST1
 455 00f3 00       		.byte	0
 456 00f4 09       		.uleb128 0x9
 457 00f5 86000000 		.4byte	.LASF18
 458 00f9 01       		.byte	0x1
 459 00fa 71       		.byte	0x71
 460 00fb 6B000000 		.4byte	0x6b
 461 00ff 00000000 		.4byte	.LFB2
 462 0103 10000000 		.4byte	.LFE2-.LFB2
 463 0107 01       		.uleb128 0x1
 464 0108 9C       		.byte	0x9c
 465 0109 09       		.uleb128 0x9
 466 010a 11000000 		.4byte	.LASF19
 467 010e 01       		.byte	0x1
 468 010f 8D       		.byte	0x8d
 469 0110 6B000000 		.4byte	0x6b
 470 0114 00000000 		.4byte	.LFB3
 471 0118 10000000 		.4byte	.LFE3-.LFB3
 472 011c 01       		.uleb128 0x1
 473 011d 9C       		.byte	0x9c
 474 011e 00       		.byte	0
 475              		.section	.debug_abbrev,"",%progbits
 476              	.Ldebug_abbrev0:
 477 0000 01       		.uleb128 0x1
 478 0001 11       		.uleb128 0x11
 479 0002 01       		.byte	0x1
 480 0003 25       		.uleb128 0x25
 481 0004 0E       		.uleb128 0xe
 482 0005 13       		.uleb128 0x13
 483 0006 0B       		.uleb128 0xb
 484 0007 03       		.uleb128 0x3
 485 0008 0E       		.uleb128 0xe
 486 0009 1B       		.uleb128 0x1b
 487 000a 0E       		.uleb128 0xe
 488 000b 55       		.uleb128 0x55
 489 000c 17       		.uleb128 0x17
 490 000d 11       		.uleb128 0x11
ARM GAS  C:\Users\JEFFSN~1\AppData\Local\Temp\cc4BruFH.s 			page 22


 491 000e 01       		.uleb128 0x1
 492 000f 10       		.uleb128 0x10
 493 0010 17       		.uleb128 0x17
 494 0011 00       		.byte	0
 495 0012 00       		.byte	0
 496 0013 02       		.uleb128 0x2
 497 0014 24       		.uleb128 0x24
 498 0015 00       		.byte	0
 499 0016 0B       		.uleb128 0xb
 500 0017 0B       		.uleb128 0xb
 501 0018 3E       		.uleb128 0x3e
 502 0019 0B       		.uleb128 0xb
 503 001a 03       		.uleb128 0x3
 504 001b 0E       		.uleb128 0xe
 505 001c 00       		.byte	0
 506 001d 00       		.byte	0
 507 001e 03       		.uleb128 0x3
 508 001f 24       		.uleb128 0x24
 509 0020 00       		.byte	0
 510 0021 0B       		.uleb128 0xb
 511 0022 0B       		.uleb128 0xb
 512 0023 3E       		.uleb128 0x3e
 513 0024 0B       		.uleb128 0xb
 514 0025 03       		.uleb128 0x3
 515 0026 08       		.uleb128 0x8
 516 0027 00       		.byte	0
 517 0028 00       		.byte	0
 518 0029 04       		.uleb128 0x4
 519 002a 16       		.uleb128 0x16
 520 002b 00       		.byte	0
 521 002c 03       		.uleb128 0x3
 522 002d 0E       		.uleb128 0xe
 523 002e 3A       		.uleb128 0x3a
 524 002f 0B       		.uleb128 0xb
 525 0030 3B       		.uleb128 0x3b
 526 0031 05       		.uleb128 0x5
 527 0032 49       		.uleb128 0x49
 528 0033 13       		.uleb128 0x13
 529 0034 00       		.byte	0
 530 0035 00       		.byte	0
 531 0036 05       		.uleb128 0x5
 532 0037 35       		.uleb128 0x35
 533 0038 00       		.byte	0
 534 0039 49       		.uleb128 0x49
 535 003a 13       		.uleb128 0x13
 536 003b 00       		.byte	0
 537 003c 00       		.byte	0
 538 003d 06       		.uleb128 0x6
 539 003e 2E       		.uleb128 0x2e
 540 003f 01       		.byte	0x1
 541 0040 3F       		.uleb128 0x3f
 542 0041 19       		.uleb128 0x19
 543 0042 03       		.uleb128 0x3
 544 0043 0E       		.uleb128 0xe
 545 0044 3A       		.uleb128 0x3a
 546 0045 0B       		.uleb128 0xb
 547 0046 3B       		.uleb128 0x3b
ARM GAS  C:\Users\JEFFSN~1\AppData\Local\Temp\cc4BruFH.s 			page 23


 548 0047 0B       		.uleb128 0xb
 549 0048 27       		.uleb128 0x27
 550 0049 19       		.uleb128 0x19
 551 004a 11       		.uleb128 0x11
 552 004b 01       		.uleb128 0x1
 553 004c 12       		.uleb128 0x12
 554 004d 06       		.uleb128 0x6
 555 004e 40       		.uleb128 0x40
 556 004f 18       		.uleb128 0x18
 557 0050 9742     		.uleb128 0x2117
 558 0052 19       		.uleb128 0x19
 559 0053 01       		.uleb128 0x1
 560 0054 13       		.uleb128 0x13
 561 0055 00       		.byte	0
 562 0056 00       		.byte	0
 563 0057 07       		.uleb128 0x7
 564 0058 05       		.uleb128 0x5
 565 0059 00       		.byte	0
 566 005a 03       		.uleb128 0x3
 567 005b 0E       		.uleb128 0xe
 568 005c 3A       		.uleb128 0x3a
 569 005d 0B       		.uleb128 0xb
 570 005e 3B       		.uleb128 0x3b
 571 005f 0B       		.uleb128 0xb
 572 0060 49       		.uleb128 0x49
 573 0061 13       		.uleb128 0x13
 574 0062 02       		.uleb128 0x2
 575 0063 17       		.uleb128 0x17
 576 0064 00       		.byte	0
 577 0065 00       		.byte	0
 578 0066 08       		.uleb128 0x8
 579 0067 34       		.uleb128 0x34
 580 0068 00       		.byte	0
 581 0069 03       		.uleb128 0x3
 582 006a 0E       		.uleb128 0xe
 583 006b 3A       		.uleb128 0x3a
 584 006c 0B       		.uleb128 0xb
 585 006d 3B       		.uleb128 0x3b
 586 006e 0B       		.uleb128 0xb
 587 006f 49       		.uleb128 0x49
 588 0070 13       		.uleb128 0x13
 589 0071 02       		.uleb128 0x2
 590 0072 18       		.uleb128 0x18
 591 0073 00       		.byte	0
 592 0074 00       		.byte	0
 593 0075 09       		.uleb128 0x9
 594 0076 2E       		.uleb128 0x2e
 595 0077 00       		.byte	0
 596 0078 3F       		.uleb128 0x3f
 597 0079 19       		.uleb128 0x19
 598 007a 03       		.uleb128 0x3
 599 007b 0E       		.uleb128 0xe
 600 007c 3A       		.uleb128 0x3a
 601 007d 0B       		.uleb128 0xb
 602 007e 3B       		.uleb128 0x3b
 603 007f 0B       		.uleb128 0xb
 604 0080 27       		.uleb128 0x27
ARM GAS  C:\Users\JEFFSN~1\AppData\Local\Temp\cc4BruFH.s 			page 24


 605 0081 19       		.uleb128 0x19
 606 0082 49       		.uleb128 0x49
 607 0083 13       		.uleb128 0x13
 608 0084 11       		.uleb128 0x11
 609 0085 01       		.uleb128 0x1
 610 0086 12       		.uleb128 0x12
 611 0087 06       		.uleb128 0x6
 612 0088 40       		.uleb128 0x40
 613 0089 18       		.uleb128 0x18
 614 008a 9742     		.uleb128 0x2117
 615 008c 19       		.uleb128 0x19
 616 008d 00       		.byte	0
 617 008e 00       		.byte	0
 618 008f 00       		.byte	0
 619              		.section	.debug_loc,"",%progbits
 620              	.Ldebug_loc0:
 621              	.LLST0:
 622 0000 00000000 		.4byte	.LVL0
 623 0004 0A000000 		.4byte	.LVL2
 624 0008 0100     		.2byte	0x1
 625 000a 50       		.byte	0x50
 626 000b 0A000000 		.4byte	.LVL2
 627 000f 18000000 		.4byte	.LFE0
 628 0013 0400     		.2byte	0x4
 629 0015 F3       		.byte	0xf3
 630 0016 01       		.uleb128 0x1
 631 0017 50       		.byte	0x50
 632 0018 9F       		.byte	0x9f
 633 0019 00000000 		.4byte	0
 634 001d 00000000 		.4byte	0
 635              	.LLST1:
 636 0021 00000000 		.4byte	.LVL3
 637 0025 0C000000 		.4byte	.LVL4
 638 0029 0100     		.2byte	0x1
 639 002b 50       		.byte	0x50
 640 002c 0C000000 		.4byte	.LVL4
 641 0030 18000000 		.4byte	.LFE1
 642 0034 0400     		.2byte	0x4
 643 0036 F3       		.byte	0xf3
 644 0037 01       		.uleb128 0x1
 645 0038 50       		.byte	0x50
 646 0039 9F       		.byte	0x9f
 647 003a 00000000 		.4byte	0
 648 003e 00000000 		.4byte	0
 649              		.section	.debug_aranges,"",%progbits
 650 0000 34000000 		.4byte	0x34
 651 0004 0200     		.2byte	0x2
 652 0006 00000000 		.4byte	.Ldebug_info0
 653 000a 04       		.byte	0x4
 654 000b 00       		.byte	0
 655 000c 0000     		.2byte	0
 656 000e 0000     		.2byte	0
 657 0010 00000000 		.4byte	.LFB0
 658 0014 18000000 		.4byte	.LFE0-.LFB0
 659 0018 00000000 		.4byte	.LFB1
 660 001c 18000000 		.4byte	.LFE1-.LFB1
 661 0020 00000000 		.4byte	.LFB2
ARM GAS  C:\Users\JEFFSN~1\AppData\Local\Temp\cc4BruFH.s 			page 25


 662 0024 10000000 		.4byte	.LFE2-.LFB2
 663 0028 00000000 		.4byte	.LFB3
 664 002c 10000000 		.4byte	.LFE3-.LFB3
 665 0030 00000000 		.4byte	0
 666 0034 00000000 		.4byte	0
 667              		.section	.debug_ranges,"",%progbits
 668              	.Ldebug_ranges0:
 669 0000 00000000 		.4byte	.LFB0
 670 0004 18000000 		.4byte	.LFE0
 671 0008 00000000 		.4byte	.LFB1
 672 000c 18000000 		.4byte	.LFE1
 673 0010 00000000 		.4byte	.LFB2
 674 0014 10000000 		.4byte	.LFE2
 675 0018 00000000 		.4byte	.LFB3
 676 001c 10000000 		.4byte	.LFE3
 677 0020 00000000 		.4byte	0
 678 0024 00000000 		.4byte	0
 679              		.section	.debug_line,"",%progbits
 680              	.Ldebug_line0:
 681 0000 90000000 		.section	.debug_str,"MS",%progbits,1
 681      02004400 
 681      00000201 
 681      FB0E0D00 
 681      01010101 
 682              	.LASF16:
 683 0000 76616C75 		.ascii	"value\000"
 683      6500
 684              	.LASF23:
 685 0006 73746174 		.ascii	"staticBits\000"
 685      69634269 
 685      747300
 686              	.LASF19:
 687 0011 565F545F 		.ascii	"V_T_1_1_ReadDataReg\000"
 687      315F315F 
 687      52656164 
 687      44617461 
 687      52656700 
 688              	.LASF15:
 689 0025 565F545F 		.ascii	"V_T_1_1_SetDriveMode\000"
 689      315F315F 
 689      53657444 
 689      72697665 
 689      4D6F6465 
 690              	.LASF14:
 691 003a 565F545F 		.ascii	"V_T_1_1_Write\000"
 691      315F315F 
 691      57726974 
 691      6500
 692              	.LASF9:
 693 0048 666C6F61 		.ascii	"float\000"
 693      7400
 694              	.LASF1:
 695 004e 756E7369 		.ascii	"unsigned char\000"
 695      676E6564 
 695      20636861 
 695      7200
 696              	.LASF13:
ARM GAS  C:\Users\JEFFSN~1\AppData\Local\Temp\cc4BruFH.s 			page 26


 697 005c 72656738 		.ascii	"reg8\000"
 697      00
 698              	.LASF5:
 699 0061 6C6F6E67 		.ascii	"long unsigned int\000"
 699      20756E73 
 699      69676E65 
 699      6420696E 
 699      7400
 700              	.LASF3:
 701 0073 73686F72 		.ascii	"short unsigned int\000"
 701      7420756E 
 701      7369676E 
 701      65642069 
 701      6E7400
 702              	.LASF18:
 703 0086 565F545F 		.ascii	"V_T_1_1_Read\000"
 703      315F315F 
 703      52656164 
 703      00
 704              	.LASF10:
 705 0093 646F7562 		.ascii	"double\000"
 705      6C6500
 706              	.LASF8:
 707 009a 756E7369 		.ascii	"unsigned int\000"
 707      676E6564 
 707      20696E74 
 707      00
 708              	.LASF20:
 709 00a7 474E5520 		.ascii	"GNU C11 5.4.1 20160609 (release) [ARM/embedded-5-br"
 709      43313120 
 709      352E342E 
 709      31203230 
 709      31363036 
 710 00da 616E6368 		.ascii	"anch revision 237715] -mcpu=cortex-m3 -mthumb -g -O"
 710      20726576 
 710      6973696F 
 710      6E203233 
 710      37373135 
 711 010d 67202D66 		.ascii	"g -ffunction-sections -ffat-lto-objects -finline-fu"
 711      66756E63 
 711      74696F6E 
 711      2D736563 
 711      74696F6E 
 712 0140 6E637469 		.ascii	"nctions -flto\000"
 712      6F6E7320 
 712      2D666C74 
 712      6F00
 713              	.LASF21:
 714 014e 47656E65 		.ascii	"Generated_Source\\PSoC5\\V_T_1_1.c\000"
 714      72617465 
 714      645F536F 
 714      75726365 
 714      5C50536F 
 715              	.LASF7:
 716 016f 6C6F6E67 		.ascii	"long long unsigned int\000"
 716      206C6F6E 
 716      6720756E 
ARM GAS  C:\Users\JEFFSN~1\AppData\Local\Temp\cc4BruFH.s 			page 27


 716      7369676E 
 716      65642069 
 717              	.LASF17:
 718 0186 6D6F6465 		.ascii	"mode\000"
 718      00
 719              	.LASF6:
 720 018b 6C6F6E67 		.ascii	"long long int\000"
 720      206C6F6E 
 720      6720696E 
 720      7400
 721              	.LASF11:
 722 0199 63686172 		.ascii	"char\000"
 722      00
 723              	.LASF22:
 724 019e 433A5C55 		.ascii	"C:\\Users\\JeffSnyder\\dev\\Electrobass_embedded\\P"
 724      73657273 
 724      5C4A6566 
 724      66536E79 
 724      6465725C 
 725 01cc 534F4335 		.ascii	"SOC5_electrobass_stringsensors\\CE210514_PSOC3_5_Th"
 725      5F656C65 
 725      6374726F 
 725      62617373 
 725      5F737472 
 726 01fe 65726D69 		.ascii	"ermistor.cydsn\000"
 726      73746F72 
 726      2E637964 
 726      736E00
 727              	.LASF2:
 728 020d 73686F72 		.ascii	"short int\000"
 728      7420696E 
 728      7400
 729              	.LASF12:
 730 0217 75696E74 		.ascii	"uint8\000"
 730      3800
 731              	.LASF4:
 732 021d 6C6F6E67 		.ascii	"long int\000"
 732      20696E74 
 732      00
 733              	.LASF0:
 734 0226 7369676E 		.ascii	"signed char\000"
 734      65642063 
 734      68617200 
 735              		.comm	__gnu_lto_v1,1,1
 736              		.ident	"GCC: (GNU Tools for ARM Embedded Processors) 5.4.1 20160609 (release) [ARM/embedded-5-bran
