--------------- Build Started: 03/18/2023 14:21:41 Project: CE210514_PSOC3_5_Thermistor, Configuration: ARM GCC 5.4-2016-q2-update Debug ---------------
cydsfit.exe -.appdatapath "C:\Users\JeffSnyder\AppData\Local\Cypress Semiconductor\PSoC Creator\4.4" -.fdsnotice -.fdswarpdepfile=warp_dependencies.txt -.fdselabdepfile=elab_dependencies.txt -.fdsbldfile=generated_files.txt -.fdsreffile=referenced_files.txt -p C:\Users\JeffSnyder\dev\Electrobass_embedded\PSOC5_electrobass_stringsensors\CE210514_PSOC3_5_Thermistor.cydsn\CE210514_PSOC3_5_Thermistor.cyprj -d CY8C5888LTI-LP097 -s C:\Users\JeffSnyder\dev\Electrobass_embedded\PSOC5_electrobass_stringsensors\CE210514_PSOC3_5_Thermistor.cydsn\Generated_Source\PSoC5 -- -yv2 -q10 -ygs -o2 -v3 -.fftcfgtype=LE
Elaborating Design...
ADD: sdb.M0065: information: Analog terminal "vdac_ref" on ADC_SAR_SEQ_v2_10 is unconnected.
 * C:\Program Files (x86)\Cypress\PSoC Creator\4.4\PSoC Creator\psoc\content\CyComponentLibrary\CyComponentLibrary.cylib\ADC_SAR_SEQ_v2_10\PSoC5\ADC_SAR_SEQ_v2_10.cysch (Signal: vdac_ref)
 * C:\Program Files (x86)\Cypress\PSoC Creator\4.4\PSoC Creator\psoc\content\CyComponentLibrary\CyComponentLibrary.cylib\ADC_SAR_SEQ_v2_10\PSoC5\ADC_SAR_SEQ_v2_10.cysch (Shape_798)
 * C:\Program Files (x86)\Cypress\PSoC Creator\4.4\PSoC Creator\psoc\content\CyComponentLibrary\CyComponentLibrary.cylib\ADC_SAR_SEQ_v2_10\PSoC5\ADC_SAR_SEQ_v2_10.cysch (Shape_885)
HDL Generation...
Synthesis...
Tech Mapping...
Info: plm.M0038: The pin named CV_pedal_sense(0) at location P3[2] prevents usage of special purposes: DSM:ExtVref. (App=cydsfit)
Info: plm.M0038: The pin named MOSI_2(0) at location P12[4] prevents usage of special purposes: I2C:SCL. (App=cydsfit)
Analog Placement...
Info: apr.M0002: Analog signal "Net_995" is connected to one terminal only. (App=cydsfit)
Info: apr.M0002: Analog signal "Net_996" is connected to one terminal only. (App=cydsfit)
Info: apr.M0002: Analog signal "Net_998" is connected to one terminal only. (App=cydsfit)
Info: apr.M0002: Analog signal "Net_1000" is connected to one terminal only. (App=cydsfit)
Info: apr.M0002: Analog signal "Net_1001" is connected to one terminal only. (App=cydsfit)
Info: apr.M0002: Analog signal "Net_1003" is connected to one terminal only. (App=cydsfit)
Info: apr.M0002: Analog signal "Net_1005" is connected to one terminal only. (App=cydsfit)
Info: apr.M0002: Analog signal "Net_1006" is connected to one terminal only. (App=cydsfit)
Info: apr.M0002: Analog signal "Net_1008" is connected to one terminal only. (App=cydsfit)
Info: apr.M0002: Analog signal "Net_1010" is connected to one terminal only. (App=cydsfit)
Info: apr.M0002: Analog signal "Net_1011" is connected to one terminal only. (App=cydsfit)
Info: apr.M0002: Analog signal "Net_1013" is connected to one terminal only. (App=cydsfit)
Info: apr.M0002: Analog signal "Net_1015" is connected to one terminal only. (App=cydsfit)
Info: apr.M0002: Analog signal "Net_1016" is connected to one terminal only. (App=cydsfit)
Info: apr.M0002: Analog signal "Net_1018" is connected to one terminal only. (App=cydsfit)
Info: apr.M0002: Analog signal "Net_1020" is connected to one terminal only. (App=cydsfit)
Info: apr.M0002: Analog signal "Net_1021" is connected to one terminal only. (App=cydsfit)
Info: apr.M0002: Analog signal "Net_1023" is connected to one terminal only. (App=cydsfit)
Info: apr.M0002: Analog signal "Net_1025" is connected to one terminal only. (App=cydsfit)
Info: apr.M0002: Analog signal "Net_1026" is connected to one terminal only. (App=cydsfit)
Info: apr.M0002: Analog signal "Net_1028" is connected to one terminal only. (App=cydsfit)
Info: apr.M0002: Analog signal "Net_1030" is connected to one terminal only. (App=cydsfit)
Info: apr.M0002: Analog signal "Net_1031" is connected to one terminal only. (App=cydsfit)
Info: apr.M0002: Analog signal "Net_1033" is connected to one terminal only. (App=cydsfit)
Info: apr.M0002: Analog signal "Net_1035" is connected to one terminal only. (App=cydsfit)
Info: apr.M0002: Analog signal "Net_1036" is connected to one terminal only. (App=cydsfit)
Info: apr.M0002: Analog signal "Net_1038" is connected to one terminal only. (App=cydsfit)
Info: apr.M0002: Analog signal "Net_1040" is connected to one terminal only. (App=cydsfit)
Info: apr.M0002: Analog signal "Net_1041" is connected to one terminal only. (App=cydsfit)
Info: apr.M0002: Analog signal "Net_1043" is connected to one terminal only. (App=cydsfit)
Info: apr.M0002: Analog signal "Net_1045" is connected to one terminal only. (App=cydsfit)
Info: apr.M0002: Analog signal "Net_1046" is connected to one terminal only. (App=cydsfit)
Info: apr.M0002: Analog signal "Net_1048" is connected to one terminal only. (App=cydsfit)
Info: apr.M0002: Analog signal "Net_1050" is connected to one terminal only. (App=cydsfit)
Info: apr.M0002: Analog signal "Net_1051" is connected to one terminal only. (App=cydsfit)
Info: apr.M0002: Analog signal "Net_1053" is connected to one terminal only. (App=cydsfit)
Info: apr.M0002: Analog signal "Net_1055" is connected to one terminal only. (App=cydsfit)
Info: apr.M0002: Analog signal "Net_1056" is connected to one terminal only. (App=cydsfit)
Info: apr.M0002: Analog signal "Net_1058" is connected to one terminal only. (App=cydsfit)
Info: apr.M0002: Analog signal "Net_1060" is connected to one terminal only. (App=cydsfit)
Info: apr.M0002: Analog signal "Net_1061" is connected to one terminal only. (App=cydsfit)
Info: apr.M0002: Analog signal "Net_1063" is connected to one terminal only. (App=cydsfit)
Info: apr.M0002: Analog signal "Net_1065" is connected to one terminal only. (App=cydsfit)
Info: apr.M0002: Analog signal "Net_1066" is connected to one terminal only. (App=cydsfit)
Info: apr.M0002: Analog signal "Net_1067" is connected to one terminal only. (App=cydsfit)
Info: apr.M0002: Analog signal "Net_1068" is connected to one terminal only. (App=cydsfit)
Info: apr.M0002: Analog signal "Net_1069" is connected to one terminal only. (App=cydsfit)
Info: apr.M0002: Analog signal "Net_1070" is connected to one terminal only. (App=cydsfit)
Info: apr.M0002: Analog signal "Net_1071" is connected to one terminal only. (App=cydsfit)
Info: apr.M0002: Analog signal "Net_1072" is connected to one terminal only. (App=cydsfit)
Info: apr.M0002: Analog signal "Net_1073" is connected to one terminal only. (App=cydsfit)
Info: apr.M0002: Analog signal "Net_1074" is connected to one terminal only. (App=cydsfit)
Info: apr.M0002: Analog signal "Net_1075" is connected to one terminal only. (App=cydsfit)
Info: apr.M0002: Analog signal "Net_1076" is connected to one terminal only. (App=cydsfit)
Info: apr.M0002: Analog signal "Net_1077" is connected to one terminal only. (App=cydsfit)
Info: apr.M0002: Analog signal "Net_1078" is connected to one terminal only. (App=cydsfit)
Info: apr.M0002: Analog signal "Net_1079" is connected to one terminal only. (App=cydsfit)
Info: apr.M0002: Analog signal "Net_1080" is connected to one terminal only. (App=cydsfit)
Info: apr.M0002: Analog signal "Net_1081" is connected to one terminal only. (App=cydsfit)
Log: apr.M0058: The analog placement iterative improvement is 25% done. (App=cydsfit)
Log: apr.M0058: The analog placement iterative improvement is 57% done. (App=cydsfit)
Log: apr.M0058: The analog placement iterative improvement is 100% done. (App=cydsfit)
Analog Routing...
Analog Code Generation...
Digital Placement...
Digital Routing...
Bitstream Generation...
Bitstream Verification...
Static timing analysis...
API Generation...
Dependency Generation...
Cleanup...
arm-none-eabi-gcc.exe -mcpu=cortex-m3 -mthumb -I. -IGenerated_Source\PSoC5 -Wa,-alh=.\ARM_GCC_541\Debug/main.lst -g -Wall -ffunction-sections -ffat-lto-objects -finline-functions -flto -Og -c main.c -o .\ARM_GCC_541\Debug\main.o
arm-none-eabi-gcc.exe -mcpu=cortex-m3 -mthumb -I. -IGenerated_Source\PSoC5 -Wa,-alh=.\ARM_GCC_541\Debug/midi.lst -g -Wall -ffunction-sections -ffat-lto-objects -finline-functions -flto -Og -c midi.c -o .\ARM_GCC_541\Debug\midi.o
midi.c: In function 'tStack_free':
midi.c:45:14: warning: unused variable 'ns' [-Wunused-variable]
     _tStack* ns = *stack;
              ^
midi.c: In function 'tSimplePoly_free':
midi.c:314:19: warning: unused variable 'poly' [-Wunused-variable]
     _tSimplePoly* poly = *polyh;
                   ^
arm-none-eabi-gcc.exe -mcpu=cortex-m3 -mthumb -I. -IGenerated_Source\PSoC5 -Wa,-alh=.\ARM_GCC_541\Debug/oled.lst -g -Wall -ffunction-sections -ffat-lto-objects -finline-functions -flto -Og -c oled.c -o .\ARM_GCC_541\Debug\oled.o
arm-none-eabi-gcc.exe -mcpu=cortex-m3 -mthumb -I. -IGenerated_Source\PSoC5 -Wa,-alh=.\ARM_GCC_541\Debug/ssd1306.lst -g -Wall -ffunction-sections -ffat-lto-objects -finline-functions -flto -Og -c ssd1306.c -o .\ARM_GCC_541\Debug\ssd1306.o
ssd1306.c: In function 'ssd1306_command':
ssd1306.c:167:10: warning: unused variable 'i2c_message' [-Wunused-variable]
  uint8_t i2c_message[2] = {0,0};
          ^
ssd1306.c: In function 'ssd1306_display_full_buffer':
ssd1306.c:238:6: warning: unused variable 'p' [-Wunused-variable]
  int p = 0;
      ^
ssd1306.c: In function 'ssd1306_display_first_line':
ssd1306.c:320:6: warning: unused variable 'p' [-Wunused-variable]
  int p = 0;
      ^
ssd1306.c: In function 'ssd1306_write_2X':
ssd1306.c:412:10: warning: unused variable 'localBuffer' [-Wunused-variable]
  uint8_t localBuffer[(numBytes*2)+1];
          ^
arm-none-eabi-gcc.exe -mcpu=cortex-m3 -mthumb -I. -IGenerated_Source\PSoC5 -Wa,-alh=.\ARM_GCC_541\Debug/gfx.lst -g -Wall -ffunction-sections -ffat-lto-objects -finline-functions -flto -Og -c gfx.c -o .\ARM_GCC_541\Debug\gfx.o
gfx.c: In function 'GFXdrawBitmap':
gfx.c:505:13: warning: implicit declaration of function 'startWrite' [-Wimplicit-function-declaration]
             startWrite();
             ^
gfx.c:513:13: warning: implicit declaration of function 'endWrite' [-Wimplicit-function-declaration]
             endWrite();
             ^
gfx.c: In function 'GFXdrawChar':
gfx.c:66:33: warning: cast to pointer from integer of different size [-Wint-to-pointer-cast]
 #define pgm_read_pointer(addr) ((void *)pgm_read_dword(addr))
                                 ^
gfx.c:565:51: note: in expansion of macro 'pgm_read_pointer'
                 GFXglyph *glyph  = &(((GFXglyph *)pgm_read_pointer(&myGFX->gfxFont->glyph))[c]);
                                                   ^
gfx.c:66:33: warning: cast to pointer from integer of different size [-Wint-to-pointer-cast]
 #define pgm_read_pointer(addr) ((void *)pgm_read_dword(addr))
                                 ^
gfx.c:566:47: note: in expansion of macro 'pgm_read_pointer'
                 uint8_t  *bitmap = (uint8_t *)pgm_read_pointer(&myGFX->gfxFont->bitmap);
                                               ^
gfx.c: In function 'GFXwrite':
gfx.c:66:33: warning: cast to pointer from integer of different size [-Wint-to-pointer-cast]
 #define pgm_read_pointer(addr) ((void *)pgm_read_dword(addr))
                                 ^
gfx.c:676:58: note: in expansion of macro 'pgm_read_pointer'
                         GFXglyph *glyph = &(((GFXglyph *)pgm_read_pointer(
                                                          ^
gfx.c: In function 'GFXsetFont':
gfx.c:66:33: warning: cast to pointer from integer of different size [-Wint-to-pointer-cast]
 #define pgm_read_pointer(addr) ((void *)pgm_read_dword(addr))
                                 ^
gfx.c:782:44: note: in expansion of macro 'pgm_read_pointer'
                     glyph = &(((GFXglyph *)pgm_read_pointer(&f->glyph))[i-first]);
                                            ^
gfx.c: In function 'GFXcharBounds':
gfx.c:66:33: warning: cast to pointer from integer of different size [-Wint-to-pointer-cast]
 #define pgm_read_pointer(addr) ((void *)pgm_read_dword(addr))
                                 ^
gfx.c:830:58: note: in expansion of macro 'pgm_read_pointer'
                         GFXglyph *glyph = &(((GFXglyph *)pgm_read_pointer(
                                                          ^
arm-none-eabi-gcc.exe -mcpu=cortex-m3 -mthumb -I. -IGenerated_Source\PSoC5 -Wa,-alh=.\ARM_GCC_541\Debug/ADC_1.lst -g -Wall -ffunction-sections -ffat-lto-objects -finline-functions -flto -Og -c Generated_Source\PSoC5\ADC_1.c -o .\ARM_GCC_541\Debug\ADC_1.o
arm-none-eabi-gcc.exe -mcpu=cortex-m3 -mthumb -I. -IGenerated_Source\PSoC5 -Wa,-alh=.\ARM_GCC_541\Debug/ADC_1_PM.lst -g -Wall -ffunction-sections -ffat-lto-objects -finline-functions -flto -Og -c Generated_Source\PSoC5\ADC_1_PM.c -o .\ARM_GCC_541\Debug\ADC_1_PM.o
arm-none-eabi-gcc.exe -mcpu=cortex-m3 -mthumb -I. -IGenerated_Source\PSoC5 -Wa,-alh=.\ARM_GCC_541\Debug/ADC_1_INT.lst -g -Wall -ffunction-sections -ffat-lto-objects -finline-functions -flto -Og -c Generated_Source\PSoC5\ADC_1_INT.c -o .\ARM_GCC_541\Debug\ADC_1_INT.o
arm-none-eabi-ar.exe -rs .\ARM_GCC_541\Debug\CE210514_PSOC3_5_Thermistor.a .\ARM_GCC_541\Debug\CapSense.o .\ARM_GCC_541\Debug\CapSense_CSHL.o .\ARM_GCC_541\Debug\CapSense_INT.o .\ARM_GCC_541\Debug\CapSense_Pins.o .\ARM_GCC_541\Debug\CapSense_PM.o .\ARM_GCC_541\Debug\CapSense_SMS_Wrapper.o .\ARM_GCC_541\Debug\CapSense_TunerHelper.o .\ARM_GCC_541\Debug\CapSense_CompCH0.o .\ARM_GCC_541\Debug\CapSense_CompCH0_PM.o .\ARM_GCC_541\Debug\CapSense_IdacCH0.o .\ARM_GCC_541\Debug\CapSense_IdacCH0_PM.o .\ARM_GCC_541\Debug\CapSense_AMuxCH0.o .\ARM_GCC_541\Debug\CapSense_IntClock.o .\ARM_GCC_541\Debug\cy_em_eeprom.o .\ARM_GCC_541\Debug\CyDmac.o .\ARM_GCC_541\Debug\CyFlash.o .\ARM_GCC_541\Debug\CyLib.o .\ARM_GCC_541\Debug\cyPm.o .\ARM_GCC_541\Debug\CySpc.o .\ARM_GCC_541\Debug\cyutils.o .\ARM_GCC_541\Debug\AMux_1.o .\ARM_GCC_541\Debug\ADC_1.o .\ARM_GCC_541\Debug\ADC_1_PM.o .\ARM_GCC_541\Debug\ADC_1_INT.o .\ARM_GCC_541\Debug\ADC_1_Ext_CP_Clk.o .\ARM_GCC_541\Debug\ADC_1_Bypass_P03.o .\ARM_GCC_541\Debug\ADC_1_IRQ.o .\ARM_GCC_541\Debug\ADC_1_theACLK.o .\ARM_GCC_541\Debug\MISO_1.o .\ARM_GCC_541\Debug\MOSI_1.o .\ARM_GCC_541\Debug\SCLK_1.o .\ARM_GCC_541\Debug\MOSI_2.o .\ARM_GCC_541\Debug\MISO_2.o .\ARM_GCC_541\Debug\SPIM_1.o .\ARM_GCC_541\Debug\SPIM_1_PM.o .\ARM_GCC_541\Debug\SPIM_1_INT.o .\ARM_GCC_541\Debug\SCLK_2.o .\ARM_GCC_541\Debug\SPIM_2.o .\ARM_GCC_541\Debug\SPIM_2_PM.o .\ARM_GCC_541\Debug\SPIM_2_INT.o .\ARM_GCC_541\Debug\SPIM_1_IntClock.o .\ARM_GCC_541\Debug\SPIM_2_IntClock.o .\ARM_GCC_541\Debug\SS_1.o .\ARM_GCC_541\Debug\SS_2.o .\ARM_GCC_541\Debug\I2C_1.o .\ARM_GCC_541\Debug\I2C_1_BOOT.o .\ARM_GCC_541\Debug\I2C_1_INT.o .\ARM_GCC_541\Debug\I2C_1_PM.o .\ARM_GCC_541\Debug\I2C_1_SLAVE.o .\ARM_GCC_541\Debug\I2C_1_MASTER.o .\ARM_GCC_541\Debug\SCL_1.o .\ARM_GCC_541\Debug\SDA_1.o .\ARM_GCC_541\Debug\up.o .\ARM_GCC_541\Debug\down.o .\ARM_GCC_541\Debug\enter.o .\ARM_GCC_541\Debug\ADC_SAR_Seq_1.o .\ARM_GCC_541\Debug\ADC_SAR_Seq_1_PM.o .\ARM_GCC_541\Debug\ADC_SAR_Seq_1_INT.o .\ARM_GCC_541\Debug\ADC_SAR_Seq_1_SAR.o .\ARM_GCC_541\Debug\ADC_SAR_Seq_1_SAR_INT.o .\ARM_GCC_541\Debug\ADC_SAR_Seq_1_SAR_PM.o .\ARM_GCC_541\Debug\ADC_SAR_Seq_1_IntClock.o .\ARM_GCC_541\Debug\ADC_SAR_Seq_1_TempBuf_dma.o .\ARM_GCC_541\Debug\ADC_SAR_Seq_1_FinalBuf_dma.o .\ARM_GCC_541\Debug\ADC_SAR_Seq_1_IRQ.o .\ARM_GCC_541\Debug\ExtMUXS0.o .\ARM_GCC_541\Debug\ExtMUX_EN.o .\ARM_GCC_541\Debug\ExtMUXS1.o .\ARM_GCC_541\Debug\DMA_1_RX_dma.o .\ARM_GCC_541\Debug\DMA_1_TX_dma.o .\ARM_GCC_541\Debug\USB.o .\ARM_GCC_541\Debug\USB_audio.o .\ARM_GCC_541\Debug\USB_boot.o .\ARM_GCC_541\Debug\USB_cdc.o .\ARM_GCC_541\Debug\USB_cls.o .\ARM_GCC_541\Debug\USB_descr.o .\ARM_GCC_541\Debug\USB_drv.o .\ARM_GCC_541\Debug\USB_episr.o .\ARM_GCC_541\Debug\USB_hid.o .\ARM_GCC_541\Debug\USB_pm.o .\ARM_GCC_541\Debug\USB_std.o .\ARM_GCC_541\Debug\USB_vnd.o .\ARM_GCC_541\Debug\USB_midi.o .\ARM_GCC_541\Debug\USB_msc.o .\ARM_GCC_541\Debug\EEPROM.o .\ARM_GCC_541\Debug\vBusPin.o .\ARM_GCC_541\Debug\my_Vbus_ISR.o .\ARM_GCC_541\Debug\Em_EEPROM.o .\ARM_GCC_541\Debug\USB_Vbus_ps.o .\ARM_GCC_541\Debug\USB_Dm.o .\ARM_GCC_541\Debug\USB_Dp.o .\ARM_GCC_541\Debug\IDAC8_1.o .\ARM_GCC_541\Debug\IDAC8_1_PM.o .\ARM_GCC_541\Debug\CapSense_CompCH1.o .\ARM_GCC_541\Debug\CapSense_CompCH1_PM.o .\ARM_GCC_541\Debug\CapSense_IdacCH1.o .\ARM_GCC_541\Debug\CapSense_IdacCH1_PM.o .\ARM_GCC_541\Debug\CapSense_AMuxCH1.o .\ARM_GCC_541\Debug\V_T_1_1.o .\ARM_GCC_541\Debug\V_T_1_2.o .\ARM_GCC_541\Debug\IDAC_OUT.o .\ARM_GCC_541\Debug\blue_LED.o .\ARM_GCC_541\Debug\V_H.o .\ARM_GCC_541\Debug\fretted_latching.o .\ARM_GCC_541\Debug\CV_pedal_sense.o .\ARM_GCC_541\Debug\cv_pedal.o .\ARM_GCC_541\Debug\DMA_2_RX_dma.o .\ARM_GCC_541\Debug\DMA_2_TX_dma.o .\ARM_GCC_541\Debug\USB_EP17_DMA_Done_SR.o .\ARM_GCC_541\Debug\USB_ep2_dma.o .\ARM_GCC_541\Debug\USB_ep1_dma.o .\ARM_GCC_541\Debug\USB_EP_DMA_Done_isr.o .\ARM_GCC_541\Debug\USB_EP8_DMA_Done_SR.o .\ARM_GCC_541\Debug\SPI_ready.o .\ARM_GCC_541\Debug\knob_1_01.o .\ARM_GCC_541\Debug\joy_y_23.o .\ARM_GCC_541\Debug\joy_x_25.o .\ARM_GCC_541\Debug\knob_2_36.o .\ARM_GCC_541\Debug\fretted_mom.o .\ARM_GCC_541\Debug\LED_1.o .\ARM_GCC_541\Debug\CyBootAsmGnu.o
arm-none-eabi-ar.exe: creating .\ARM_GCC_541\Debug\CE210514_PSOC3_5_Thermistor.a
arm-none-eabi-gcc.exe -Wl,--start-group -o C:\Users\JeffSnyder\dev\Electrobass_embedded\PSOC5_electrobass_stringsensors\CE210514_PSOC3_5_Thermistor.cydsn\ARM_GCC_541\Debug\CE210514_PSOC3_5_Thermistor.elf .\ARM_GCC_541\Debug\main.o .\ARM_GCC_541\Debug\midi.o .\ARM_GCC_541\Debug\oled.o .\ARM_GCC_541\Debug\ssd1306.o .\ARM_GCC_541\Debug\gfx.o .\ARM_GCC_541\Debug\gfx_font.o .\ARM_GCC_541\Debug\cyfitter_cfg.o .\ARM_GCC_541\Debug\cymetadata.o .\ARM_GCC_541\Debug\Cm3Start.o .\ARM_GCC_541\Debug\CE210514_PSOC3_5_Thermistor.a "C:\Program Files (x86)\Cypress\PSoC Creator\4.4\PSoC Creator\psoc\content\CyComponentLibrary\CyComponentLibrary.cylib\CapSense_CSD_v3_50\Library\CapSenseLibrary_GCC.a" "C:\Program Files (x86)\Cypress\PSoC Creator\4.4\PSoC Creator\psoc\content\cycomponentlibrary\CyComponentLibrary.cylib\CortexM3\ARM_GCC_541\Debug\CyComponentLibrary.a" -mcpu=cortex-m3 -mthumb -l m -L Generated_Source\PSoC5 -Wl,-Map,.\ARM_GCC_541\Debug/CE210514_PSOC3_5_Thermistor.map -T Generated_Source\PSoC5\cm3gcc.ld -specs=nano.specs -Wl,--gc-sections -u_printf_float -g -ffunction-sections -finline-functions -Og -flto -ffat-lto-objects -Wl,--end-group
cyelftool.exe -C C:\Users\JeffSnyder\dev\Electrobass_embedded\PSOC5_electrobass_stringsensors\CE210514_PSOC3_5_Thermistor.cydsn\ARM_GCC_541\Debug\CE210514_PSOC3_5_Thermistor.elf --flash_row_size 256 --flash_size 262144 --flash_offset 0x00000000
No ELF section .cychecksum found, creating one
Application checksum calculated and stored in ELF section .cychecksum
Checksum calculated and stored in ELF section .cymeta
cyelftool.exe -S C:\Users\JeffSnyder\dev\Electrobass_embedded\PSOC5_electrobass_stringsensors\CE210514_PSOC3_5_Thermistor.cydsn\ARM_GCC_541\Debug\CE210514_PSOC3_5_Thermistor.elf
Flash used: 61276 of 262144 bytes (23.4%).
SRAM used: 19696 of 65536 bytes (30.1%). Stack: 8192 bytes. Heap: 2048 bytes.
--------------- Build Succeeded: 03/18/2023 14:22:36 ---------------
